pygame 2.1.0 (SDL 2.0.16, Python 3.8.0)
Hello from the pygame community. https://www.pygame.org/contribute.html
Traceback (most recent call last):
  File "./agent.py", line 486, in <module>
    args = parse_args(args)
  File "./agent.py", line 240, in parse_args
    parser.add_argument('--normal', default=True, action='store_flase')
  File "/home/slc/miniconda3/envs/RL2/lib/python3.8/argparse.py", line 1367, in add_argument
    raise ValueError('unknown action "%s"' % (action_class,))
ValueError: unknown action "store_flase"
pygame 2.1.0 (SDL 2.0.16, Python 3.8.0)
Hello from the pygame community. https://www.pygame.org/contribute.html
Successfully set seed to 2
Dueling_DQN(
  (features): Sequential(
    (0): Conv2d(4, 32, kernel_size=(8, 8), stride=(4, 4))
    (1): ReLU()
    (2): Conv2d(32, 64, kernel_size=(4, 4), stride=(2, 2))
    (3): ReLU()
    (4): Conv2d(64, 64, kernel_size=(3, 3), stride=(1, 1))
    (5): ReLU()
  )
  (advantage): Sequential(
    (0): Linear(in_features=68160, out_features=512, bias=True)
    (1): ReLU()
    (2): Linear(in_features=512, out_features=5, bias=True)
  )
  (value): Sequential(
    (0): Linear(in_features=68160, out_features=512, bias=True)
    (1): ReLU()
    (2): Linear(in_features=512, out_features=1, bias=True)
  )
)
Ep: 0 | Ep_r: 5.77 | t_so_far: {7} | epsilon: 0.101 max: 5.766666666666667
Ep: 1 | Ep_r: 10.19 | t_so_far: {42} | epsilon: 0.106 max: 10.186666666666667
Ep: 2 | Ep_r: 16.35 | t_so_far: {92} | epsilon: 0.113 max: 16.349333333333334
Ep: 3 | Ep_r: 16.46 | t_so_far: {113} | epsilon: 0.116 max: 16.45946666666667
Ep: 4 | Ep_r: 14.93 | t_so_far: {124} | epsilon: 0.118 max: 16.45946666666667
Ep: 5 | Ep_r: 12.77 | t_so_far: {129} | epsilon: 0.118 max: 16.45946666666667
Ep: 6 | Ep_r: 16.39 | t_so_far: {165} | epsilon: 0.123 max: 16.45946666666667
Ep: 7 | Ep_r: 14.04 | t_so_far: {171} | epsilon: 0.124 max: 16.45946666666667
Ep: 8 | Ep_r: 14.38 | t_so_far: {190} | epsilon: 0.127 max: 16.45946666666667
Ep: 9 | Ep_r: 13.14 | t_so_far: {201} | epsilon: 0.128 max: 16.45946666666667
Ep: 10 | Ep_r: 18.68 | t_so_far: {251} | epsilon: 0.135 max: 18.676054210560007
Ep: 11 | Ep_r: 16.43 | t_so_far: {261} | epsilon: 0.137 max: 18.676054210560007
Ep: 12 | Ep_r: 16.2 | t_so_far: {279} | epsilon: 0.139 max: 18.676054210560007
Ep: 13 | Ep_r: 13.65 | t_so_far: {284} | epsilon: 0.14 max: 18.676054210560007
Ep: 14 | Ep_r: 12.7 | t_so_far: {294} | epsilon: 0.141 max: 18.676054210560007
Ep: 15 | Ep_r: 10.86 | t_so_far: {299} | epsilon: 0.142 max: 18.676054210560007
Ep: 16 | Ep_r: 13.73 | t_so_far: {329} | epsilon: 0.146 max: 18.676054210560007
Ep: 17 | Ep_r: 12.26 | t_so_far: {337} | epsilon: 0.147 max: 18.676054210560007
Ep: 18 | Ep_r: 13.25 | t_so_far: {356} | epsilon: 0.15 max: 18.676054210560007
Ep: 19 | Ep_r: 13.47 | t_so_far: {372} | epsilon: 0.152 max: 18.676054210560007
Ep: 20 | Ep_r: 11.7 | t_so_far: {378} | epsilon: 0.153 max: 18.676054210560007
Ep: 21 | Ep_r: 11.47 | t_so_far: {391} | epsilon: 0.154 max: 18.676054210560007
Ep: 22 | Ep_r: 12.39 | t_so_far: {409} | epsilon: 0.157 max: 18.676054210560007
Ep: 23 | Ep_r: 14.93 | t_so_far: {439} | epsilon: 0.161 max: 18.676054210560007
Ep: 24 | Ep_r: 13.22 | t_so_far: {447} | epsilon: 0.162 max: 18.676054210560007
Ep: 25 | Ep_r: 12.13 | t_so_far: {457} | epsilon: 0.163 max: 18.676054210560007
Ep: 26 | Ep_r: 9.95 | t_so_far: {459} | epsilon: 0.164 max: 18.676054210560007
Ep: 27 | Ep_r: 15.67 | t_so_far: {509} | epsilon: 0.17 max: 18.676054210560007
Ep: 28 | Ep_r: 13.58 | t_so_far: {516} | epsilon: 0.171 max: 18.676054210560007
Ep: 29 | Ep_r: 11.51 | t_so_far: {520} | epsilon: 0.172 max: 18.676054210560007
Ep: 30 | Ep_r: 16.64 | t_so_far: {561} | epsilon: 0.177 max: 18.676054210560007
Ep: 31 | Ep_r: 13.74 | t_so_far: {564} | epsilon: 0.177 max: 18.676054210560007
Ep: 32 | Ep_r: 12.58 | t_so_far: {574} | epsilon: 0.179 max: 18.676054210560007
Ep: 33 | Ep_r: 14.95 | t_so_far: {605} | epsilon: 0.183 max: 18.676054210560007
Ep: 34 | Ep_r: 17.58 | t_so_far: {640} | epsilon: 0.187 max: 18.676054210560007
Ep: 35 | Ep_r: 15.24 | t_so_far: {647} | epsilon: 0.188 max: 18.676054210560007
Ep: 36 | Ep_r: 13.79 | t_so_far: {657} | epsilon: 0.19 max: 18.676054210560007
Ep: 37 | Ep_r: 18.29 | t_so_far: {701} | epsilon: 0.195 max: 18.676054210560007
Ep: 38 | Ep_r: 15.66 | t_so_far: {708} | epsilon: 0.196 max: 18.676054210560007
Ep: 39 | Ep_r: 13.18 | t_so_far: {712} | epsilon: 0.197 max: 18.676054210560007
Ep: 40 | Ep_r: 14.71 | t_so_far: {737} | epsilon: 0.2 max: 18.676054210560007
Ep: 41 | Ep_r: 12.0 | t_so_far: {739} | epsilon: 0.2 max: 18.676054210560007
Ep: 42 | Ep_r: 13.2 | t_so_far: {760} | epsilon: 0.203 max: 18.676054210560007
Ep: 43 | Ep_r: 12.46 | t_so_far: {771} | epsilon: 0.204 max: 18.676054210560007
Ep: 44 | Ep_r: 15.95 | t_so_far: {807} | epsilon: 0.209 max: 18.676054210560007
Ep: 45 | Ep_r: 17.84 | t_so_far: {837} | epsilon: 0.213 max: 18.676054210560007
Ep: 46 | Ep_r: 21.97 | t_so_far: {887} | epsilon: 0.219 max: 21.974564453767414
Ep: 47 | Ep_r: 23.33 | t_so_far: {922} | epsilon: 0.223 max: 23.326318229680602
Ep: 48 | Ep_r: 21.82 | t_so_far: {942} | epsilon: 0.226 max: 23.326318229680602
Ep: 49 | Ep_r: 23.88 | t_so_far: {977} | epsilon: 0.23 max: 23.876843666995587
Ep: 50 | Ep_r: 22.4 | t_so_far: {995} | epsilon: 0.232 max: 23.876843666995587
Ep: 51 | Ep_r: 18.36 | t_so_far: {998} | epsilon: 0.233 max: 23.876843666995587
Ep: 52 | Ep_r: 19.71 | t_so_far: {1028} | epsilon: 0.236 max: 23.876843666995587
Ep: 53 | Ep_r: 19.41 | t_so_far: {1051} | epsilon: 0.239 max: 23.876843666995587
Ep: 54 | Ep_r: 18.25 | t_so_far: {1068} | epsilon: 0.241 max: 23.876843666995587
Ep: 55 | Ep_r: 17.94 | t_so_far: {1087} | epsilon: 0.243 max: 23.876843666995587
Ep: 56 | Ep_r: 20.6 | t_so_far: {1124} | epsilon: 0.248 max: 23.876843666995587
Ep: 57 | Ep_r: 24.34 | t_so_far: {1174} | epsilon: 0.254 max: 24.341010755994173
Ep: 58 | Ep_r: 21.53 | t_so_far: {1186} | epsilon: 0.255 max: 24.341010755994173
Ep: 59 | Ep_r: 19.18 | t_so_far: {1197} | epsilon: 0.257 max: 24.341010755994173
Ep: 60 | Ep_r: 18.8 | t_so_far: {1218} | epsilon: 0.259 max: 24.341010755994173
Ep: 61 | Ep_r: 18.13 | t_so_far: {1237} | epsilon: 0.261 max: 24.341010755994173
Ep: 62 | Ep_r: 15.42 | t_so_far: {1243} | epsilon: 0.262 max: 24.341010755994173
Ep: 63 | Ep_r: 12.73 | t_so_far: {1246} | epsilon: 0.262 max: 24.341010755994173
Ep: 64 | Ep_r: 12.21 | t_so_far: {1259} | epsilon: 0.264 max: 24.341010755994173
Ep: 65 | Ep_r: 10.73 | t_so_far: {1265} | epsilon: 0.265 max: 24.341010755994173
Ep: 66 | Ep_r: 11.98 | t_so_far: {1285} | epsilon: 0.267 max: 24.341010755994173
Ep: 67 | Ep_r: 12.66 | t_so_far: {1303} | epsilon: 0.269 max: 24.341010755994173
Ep: 68 | Ep_r: 14.87 | t_so_far: {1328} | epsilon: 0.272 max: 24.341010755994173
Ep: 69 | Ep_r: 15.78 | t_so_far: {1350} | epsilon: 0.275 max: 24.341010755994173
Ep: 70 | Ep_r: 20.92 | t_so_far: {1400} | epsilon: 0.28 max: 24.341010755994173
Ep: 71 | Ep_r: 19.27 | t_so_far: {1416} | epsilon: 0.282 max: 24.341010755994173
Ep: 72 | Ep_r: 17.83 | t_so_far: {1430} | epsilon: 0.284 max: 24.341010755994173
Ep: 73 | Ep_r: 16.05 | t_so_far: {1441} | epsilon: 0.285 max: 24.341010755994173
Ep: 74 | Ep_r: 20.56 | t_so_far: {1491} | epsilon: 0.291 max: 24.341010755994173
Ep: 75 | Ep_r: 18.75 | t_so_far: {1504} | epsilon: 0.292 max: 24.341010755994173
Ep: 76 | Ep_r: 17.12 | t_so_far: {1516} | epsilon: 0.294 max: 24.341010755994173
Ep: 77 | Ep_r: 19.22 | t_so_far: {1548} | epsilon: 0.297 max: 24.341010755994173
Ep: 78 | Ep_r: 16.33 | t_so_far: {1554} | epsilon: 0.298 max: 24.341010755994173
Ep: 79 | Ep_r: 15.17 | t_so_far: {1566} | epsilon: 0.299 max: 24.341010755994173
Ep: 80 | Ep_r: 17.11 | t_so_far: {1596} | epsilon: 0.302 max: 24.341010755994173
Ep: 81 | Ep_r: 21.71 | t_so_far: {1646} | epsilon: 0.308 max: 24.341010755994173
Ep: 82 | Ep_r: 22.8 | t_so_far: {1679} | epsilon: 0.312 max: 24.341010755994173
Ep: 83 | Ep_r: 22.16 | t_so_far: {1701} | epsilon: 0.314 max: 24.341010755994173
Ep: 84 | Ep_r: 23.28 | t_so_far: {1732} | epsilon: 0.317 max: 24.341010755994173
Ep: 85 | Ep_r: 20.31 | t_so_far: {1743} | epsilon: 0.319 max: 24.341010755994173
Ep: 86 | Ep_r: 19.98 | t_so_far: {1766} | epsilon: 0.321 max: 24.341010755994173
Ep: 87 | Ep_r: 24.27 | t_so_far: {1816} | epsilon: 0.327 max: 24.341010755994173
Ep: 88 | Ep_r: 22.73 | t_so_far: {1835} | epsilon: 0.329 max: 24.341010755994173
Ep: 89 | Ep_r: 20.9 | t_so_far: {1851} | epsilon: 0.33 max: 24.341010755994173
Ep: 90 | Ep_r: 24.42 | t_so_far: {1901} | epsilon: 0.336 max: 24.420892874697174
Ep: 91 | Ep_r: 27.62 | t_so_far: {1951} | epsilon: 0.341 max: 27.61671429975774
Ep: 92 | Ep_r: 29.72 | t_so_far: {1996} | epsilon: 0.346 max: 29.72003810647286
Ep: 93 | Ep_r: 31.36 | t_so_far: {2046} | epsilon: 0.351 max: 31.36269715184495
Ep: 94 | Ep_r: 33.11 | t_so_far: {2096} | epsilon: 0.356 max: 33.11015772147597
Ep: 95 | Ep_r: 29.66 | t_so_far: {2116} | epsilon: 0.358 max: 33.11015772147597
Ep: 96 | Ep_r: 29.18 | t_so_far: {2150} | epsilon: 0.362 max: 33.11015772147597
Ep: 97 | Ep_r: 28.58 | t_so_far: {2178} | epsilon: 0.364 max: 33.11015772147597
Ep: 98 | Ep_r: 25.47 | t_so_far: {2192} | epsilon: 0.366 max: 33.11015772147597
Ep: 99 | Ep_r: 21.16 | t_so_far: {2197} | epsilon: 0.366 max: 33.11015772147597
Ep: 100 | Ep_r: 19.87 | t_so_far: {2213} | epsilon: 0.368 max: 33.11015772147597
Ep: 101 | Ep_r: 16.67 | t_so_far: {2218} | epsilon: 0.368 max: 33.11015772147597
Ep: 102 | Ep_r: 21.2 | t_so_far: {2268} | epsilon: 0.373 max: 33.11015772147597
Ep: 103 | Ep_r: 21.58 | t_so_far: {2294} | epsilon: 0.376 max: 33.11015772147597
Ep: 104 | Ep_r: 19.09 | t_so_far: {2305} | epsilon: 0.377 max: 33.11015772147597
Ep: 105 | Ep_r: 15.86 | t_so_far: {2309} | epsilon: 0.378 max: 33.11015772147597
Ep: 106 | Ep_r: 14.18 | t_so_far: {2318} | epsilon: 0.378 max: 33.11015772147597
Ep: 107 | Ep_r: 20.6 | t_so_far: {2368} | epsilon: 0.383 max: 33.11015772147597
Ep: 108 | Ep_r: 23.17 | t_so_far: {2409} | epsilon: 0.387 max: 33.11015772147597
Ep: 109 | Ep_r: 21.48 | t_so_far: {2426} | epsilon: 0.389 max: 33.11015772147597
Ep: 110 | Ep_r: 24.96 | t_so_far: {2476} | epsilon: 0.394 max: 33.11015772147597
Ep: 111 | Ep_r: 26.99 | t_so_far: {2518} | epsilon: 0.398 max: 33.11015772147597
Ep: 112 | Ep_r: 22.22 | t_so_far: {2522} | epsilon: 0.398 max: 33.11015772147597
Ep: 113 | Ep_r: 18.5 | t_so_far: {2527} | epsilon: 0.399 max: 33.11015772147597
Ep: 114 | Ep_r: 21.67 | t_so_far: {2567} | epsilon: 0.403 max: 33.11015772147597
Ep: 115 | Ep_r: 22.31 | t_so_far: {2599} | epsilon: 0.406 max: 33.11015772147597
Ep: 116 | Ep_r: 25.28 | t_so_far: {2643} | epsilon: 0.41 max: 33.11015772147597
Ep: 117 | Ep_r: 27.32 | t_so_far: {2685} | epsilon: 0.414 max: 33.11015772147597
Ep: 118 | Ep_r: 30.11 | t_so_far: {2735} | epsilon: 0.419 max: 33.11015772147597
Ep: 119 | Ep_r: 27.77 | t_so_far: {2755} | epsilon: 0.42 max: 33.11015772147597
Ep: 120 | Ep_r: 27.21 | t_so_far: {2783} | epsilon: 0.423 max: 33.11015772147597
Ep: 121 | Ep_r: 24.59 | t_so_far: {2799} | epsilon: 0.424 max: 33.11015772147597
Ep: 122 | Ep_r: 27.25 | t_so_far: {2845} | epsilon: 0.429 max: 33.11015772147597
Ep: 123 | Ep_r: 30.27 | t_so_far: {2895} | epsilon: 0.433 max: 33.11015772147597
Ep: 124 | Ep_r: 26.11 | t_so_far: {2907} | epsilon: 0.434 max: 33.11015772147597
Ep: 125 | Ep_r: 26.24 | t_so_far: {2941} | epsilon: 0.437 max: 33.11015772147597
Ep: 126 | Ep_r: 26.03 | t_so_far: {2970} | epsilon: 0.44 max: 33.11015772147597
Ep: 127 | Ep_r: 21.41 | t_so_far: {2974} | epsilon: 0.44 max: 33.11015772147597
Ep: 128 | Ep_r: 18.99 | t_so_far: {2986} | epsilon: 0.441 max: 33.11015772147597
Ep: 129 | Ep_r: 18.39 | t_so_far: {3004} | epsilon: 0.443 max: 33.11015772147597
Ep: 130 | Ep_r: 23.52 | t_so_far: {3054} | epsilon: 0.447 max: 33.11015772147597
Ep: 131 | Ep_r: 19.72 | t_so_far: {3060} | epsilon: 0.448 max: 33.11015772147597
Ep: 132 | Ep_r: 18.28 | t_so_far: {3075} | epsilon: 0.449 max: 33.11015772147597
Ep: 133 | Ep_r: 19.1 | t_so_far: {3100} | epsilon: 0.451 max: 33.11015772147597
Ep: 134 | Ep_r: 23.65 | t_so_far: {3150} | epsilon: 0.456 max: 33.11015772147597
Ep: 135 | Ep_r: 20.62 | t_so_far: {3160} | epsilon: 0.457 max: 33.11015772147597
Ep: 136 | Ep_r: 24.36 | t_so_far: {3208} | epsilon: 0.461 max: 33.11015772147597
Ep: 137 | Ep_r: 22.67 | t_so_far: {3225} | epsilon: 0.462 max: 33.11015772147597
Ep: 138 | Ep_r: 19.26 | t_so_far: {3232} | epsilon: 0.463 max: 33.11015772147597
Ep: 139 | Ep_r: 19.01 | t_so_far: {3252} | epsilon: 0.465 max: 33.11015772147597
Ep: 140 | Ep_r: 17.84 | t_so_far: {3267} | epsilon: 0.466 max: 33.11015772147597
Ep: 141 | Ep_r: 14.52 | t_so_far: {3269} | epsilon: 0.466 max: 33.11015772147597
Ep: 142 | Ep_r: 20.03 | t_so_far: {3319} | epsilon: 0.47 max: 33.11015772147597
Ep: 143 | Ep_r: 19.32 | t_so_far: {3337} | epsilon: 0.472 max: 33.11015772147597
Ep: 144 | Ep_r: 16.9 | t_so_far: {3345} | epsilon: 0.473 max: 33.11015772147597
Ep: 145 | Ep_r: 17.21 | t_so_far: {3368} | epsilon: 0.474 max: 33.11015772147597
Ep: 146 | Ep_r: 22.68 | t_so_far: {3418} | epsilon: 0.479 max: 33.11015772147597
Ep: 147 | Ep_r: 21.51 | t_so_far: {3437} | epsilon: 0.48 max: 33.11015772147597
Ep: 148 | Ep_r: 20.65 | t_so_far: {3456} | epsilon: 0.482 max: 33.11015772147597
Ep: 149 | Ep_r: 17.34 | t_so_far: {3461} | epsilon: 0.482 max: 33.11015772147597
Ep: 150 | Ep_r: 22.47 | t_so_far: {3510} | epsilon: 0.486 max: 33.11015772147597
Ep: 151 | Ep_r: 23.65 | t_so_far: {3541} | epsilon: 0.489 max: 33.11015772147597
Ep: 152 | Ep_r: 19.52 | t_so_far: {3545} | epsilon: 0.489 max: 33.11015772147597
Ep: 153 | Ep_r: 24.59 | t_so_far: {3595} | epsilon: 0.493 max: 33.11015772147597
Ep: 154 | Ep_r: 27.25 | t_so_far: {3638} | epsilon: 0.497 max: 33.11015772147597
Ep: 155 | Ep_r: 27.5 | t_so_far: {3670} | epsilon: 0.499 max: 33.11015772147597
Ep: 156 | Ep_r: 26.58 | t_so_far: {3698} | epsilon: 0.501 max: 33.11015772147597
Ep: 157 | Ep_r: 22.07 | t_so_far: {3703} | epsilon: 0.502 max: 33.11015772147597
Ep: 158 | Ep_r: 22.02 | t_so_far: {3726} | epsilon: 0.504 max: 33.11015772147597
Ep: 159 | Ep_r: 19.45 | t_so_far: {3736} | epsilon: 0.504 max: 33.11015772147597
Ep: 160 | Ep_r: 22.68 | t_so_far: {3774} | epsilon: 0.507 max: 33.11015772147597
Ep: 161 | Ep_r: 27.13 | t_so_far: {3822} | epsilon: 0.511 max: 33.11015772147597
Ep: 162 | Ep_r: 29.47 | t_so_far: {3867} | epsilon: 0.515 max: 33.11015772147597
Ep: 163 | Ep_r: 31.03 | t_so_far: {3907} | epsilon: 0.518 max: 33.11015772147597
Ep: 164 | Ep_r: 28.77 | t_so_far: {3929} | epsilon: 0.519 max: 33.11015772147597
Ep: 165 | Ep_r: 27.87 | t_so_far: {3957} | epsilon: 0.522 max: 33.11015772147597
Ep: 166 | Ep_r: 24.13 | t_so_far: {3967} | epsilon: 0.522 max: 33.11015772147597
Ep: 167 | Ep_r: 21.09 | t_so_far: {3977} | epsilon: 0.523 max: 33.11015772147597
Ep: 168 | Ep_r: 19.03 | t_so_far: {3989} | epsilon: 0.524 max: 33.11015772147597
Ep: 169 | Ep_r: 16.95 | t_so_far: {4000} | epsilon: 0.525 max: 33.11015772147597
Ep: 170 | Ep_r: 17.99 | t_so_far: {4025} | epsilon: 0.527 max: 33.11015772147597
Ep: 171 | Ep_r: 14.86 | t_so_far: {4028} | epsilon: 0.527 max: 33.11015772147597
Ep: 172 | Ep_r: 15.87 | t_so_far: {4053} | epsilon: 0.529 max: 33.11015772147597
Ep: 173 | Ep_r: 16.07 | t_so_far: {4072} | epsilon: 0.53 max: 33.11015772147597
Ep: 174 | Ep_r: 15.72 | t_so_far: {4091} | epsilon: 0.532 max: 33.11015772147597
Ep: 175 | Ep_r: 13.2 | t_so_far: {4095} | epsilon: 0.532 max: 33.11015772147597
Ep: 176 | Ep_r: 10.81 | t_so_far: {4097} | epsilon: 0.532 max: 33.11015772147597
Ep: 177 | Ep_r: 14.8 | t_so_far: {4130} | epsilon: 0.535 max: 33.11015772147597
Ep: 178 | Ep_r: 19.79 | t_so_far: {4179} | epsilon: 0.538 max: 33.11015772147597
Ep: 179 | Ep_r: 21.42 | t_so_far: {4211} | epsilon: 0.541 max: 33.11015772147597
Ep: 180 | Ep_r: 22.03 | t_so_far: {4240} | epsilon: 0.543 max: 33.11015772147597
Ep: 181 | Ep_r: 24.78 | t_so_far: {4279} | epsilon: 0.546 max: 33.11015772147597
Ep: 182 | Ep_r: 20.71 | t_so_far: {4285} | epsilon: 0.546 max: 33.11015772147597
Ep: 183 | Ep_r: 17.99 | t_so_far: {4293} | epsilon: 0.547 max: 33.11015772147597
Ep: 184 | Ep_r: 19.42 | t_so_far: {4324} | epsilon: 0.549 max: 33.11015772147597
Ep: 185 | Ep_r: 18.79 | t_so_far: {4343} | epsilon: 0.55 max: 33.11015772147597
Ep: 186 | Ep_r: 17.74 | t_so_far: {4358} | epsilon: 0.551 max: 33.11015772147597
Ep: 187 | Ep_r: 22.46 | t_so_far: {4403} | epsilon: 0.554 max: 33.11015772147597
Ep: 188 | Ep_r: 26.94 | t_so_far: {4453} | epsilon: 0.558 max: 33.11015772147597
Ep: 189 | Ep_r: 25.83 | t_so_far: {4477} | epsilon: 0.56 max: 33.11015772147597
Ep: 190 | Ep_r: 25.68 | t_so_far: {4504} | epsilon: 0.562 max: 33.11015772147597
Ep: 191 | Ep_r: 22.63 | t_so_far: {4517} | epsilon: 0.563 max: 33.11015772147597
Ep: 192 | Ep_r: 21.87 | t_so_far: {4538} | epsilon: 0.564 max: 33.11015772147597
Ep: 193 | Ep_r: 22.58 | t_so_far: {4567} | epsilon: 0.566 max: 33.11015772147597
Ep: 194 | Ep_r: 18.52 | t_so_far: {4570} | epsilon: 0.566 max: 33.11015772147597
Ep: 195 | Ep_r: 22.84 | t_so_far: {4615} | epsilon: 0.569 max: 33.11015772147597
Ep: 196 | Ep_r: 18.72 | t_so_far: {4618} | epsilon: 0.57 max: 33.11015772147597
Ep: 197 | Ep_r: 17.18 | t_so_far: {4630} | epsilon: 0.57 max: 33.11015772147597
Ep: 198 | Ep_r: 15.24 | t_so_far: {4639} | epsilon: 0.571 max: 33.11015772147597
Ep: 199 | Ep_r: 17.83 | t_so_far: {4669} | epsilon: 0.573 max: 33.11015772147597
Ep: 200 | Ep_r: 16.43 | t_so_far: {4681} | epsilon: 0.574 max: 33.11015772147597
Ep: 201 | Ep_r: 20.74 | t_so_far: {4723} | epsilon: 0.577 max: 33.11015772147597
Ep: 202 | Ep_r: 16.85 | t_so_far: {4725} | epsilon: 0.577 max: 33.11015772147597
Ep: 203 | Ep_r: 18.09 | t_so_far: {4750} | epsilon: 0.579 max: 33.11015772147597
Ep: 204 | Ep_r: 19.78 | t_so_far: {4778} | epsilon: 0.58 max: 33.11015772147597
Ep: 205 | Ep_r: 17.28 | t_so_far: {4786} | epsilon: 0.581 max: 33.11015772147597
Ep: 206 | Ep_r: 15.21 | t_so_far: {4794} | epsilon: 0.581 max: 33.11015772147597
Ep: 207 | Ep_r: 18.14 | t_so_far: {4830} | epsilon: 0.584 max: 33.11015772147597
Ep: 208 | Ep_r: 15.72 | t_so_far: {4837} | epsilon: 0.584 max: 33.11015772147597
Ep: 209 | Ep_r: 15.93 | t_so_far: {4856} | epsilon: 0.586 max: 33.11015772147597
Ep: 210 | Ep_r: 21.48 | t_so_far: {4906} | epsilon: 0.589 max: 33.11015772147597
Ep: 211 | Ep_r: 26.04 | t_so_far: {4956} | epsilon: 0.592 max: 33.11015772147597
Ep: 212 | Ep_r: 30.01 | t_so_far: {5006} | epsilon: 0.595 max: 33.11015772147597
Ep: 213 | Ep_r: 31.39 | t_so_far: {5046} | epsilon: 0.598 max: 33.11015772147597
Ep: 214 | Ep_r: 25.38 | t_so_far: {5048} | epsilon: 0.598 max: 33.11015772147597
Ep: 215 | Ep_r: 29.35 | t_so_far: {5097} | epsilon: 0.601 max: 33.11015772147597
Ep: 216 | Ep_r: 24.26 | t_so_far: {5102} | epsilon: 0.602 max: 33.11015772147597
Ep: 217 | Ep_r: 21.96 | t_so_far: {5117} | epsilon: 0.602 max: 33.11015772147597
Ep: 218 | Ep_r: 24.43 | t_so_far: {5156} | epsilon: 0.605 max: 33.11015772147597
Ep: 219 | Ep_r: 26.79 | t_so_far: {5198} | epsilon: 0.608 max: 33.11015772147597
Ep: 220 | Ep_r: 23.52 | t_so_far: {5211} | epsilon: 0.608 max: 33.11015772147597
Ep: 221 | Ep_r: 22.92 | t_so_far: {5236} | epsilon: 0.61 max: 33.11015772147597
Ep: 222 | Ep_r: 20.64 | t_so_far: {5249} | epsilon: 0.611 max: 33.11015772147597
Ep: 223 | Ep_r: 23.55 | t_so_far: {5289} | epsilon: 0.613 max: 33.11015772147597
Ep: 224 | Ep_r: 23.0 | t_so_far: {5312} | epsilon: 0.615 max: 33.11015772147597
Ep: 225 | Ep_r: 23.69 | t_so_far: {5341} | epsilon: 0.616 max: 33.11015772147597
Ep: 226 | Ep_r: 24.22 | t_so_far: {5370} | epsilon: 0.618 max: 33.11015772147597
Ep: 227 | Ep_r: 25.92 | t_so_far: {5405} | epsilon: 0.62 max: 33.11015772147597
Ep: 228 | Ep_r: 22.2 | t_so_far: {5414} | epsilon: 0.621 max: 33.11015772147597
Ep: 229 | Ep_r: 21.1 | t_so_far: {5433} | epsilon: 0.622 max: 33.11015772147597
Ep: 230 | Ep_r: 23.17 | t_so_far: {5468} | epsilon: 0.624 max: 33.11015772147597
Ep: 231 | Ep_r: 18.95 | t_so_far: {5471} | epsilon: 0.624 max: 33.11015772147597
Ep: 232 | Ep_r: 15.59 | t_so_far: {5474} | epsilon: 0.624 max: 33.11015772147597
Ep: 233 | Ep_r: 20.41 | t_so_far: {5520} | epsilon: 0.627 max: 33.11015772147597
Ep: 234 | Ep_r: 20.6 | t_so_far: {5543} | epsilon: 0.629 max: 33.11015772147597
Ep: 235 | Ep_r: 18.72 | t_so_far: {5555} | epsilon: 0.629 max: 33.11015772147597
Ep: 236 | Ep_r: 20.37 | t_so_far: {5586} | epsilon: 0.631 max: 33.11015772147597
Ep: 237 | Ep_r: 25.66 | t_so_far: {5636} | epsilon: 0.634 max: 33.11015772147597
Ep: 238 | Ep_r: 26.33 | t_so_far: {5668} | epsilon: 0.636 max: 33.11015772147597
Ep: 239 | Ep_r: 24.82 | t_so_far: {5688} | epsilon: 0.637 max: 33.11015772147597
Ep: 240 | Ep_r: 25.45 | t_so_far: {5721} | epsilon: 0.639 max: 33.11015772147597
Ep: 241 | Ep_r: 22.55 | t_so_far: {5734} | epsilon: 0.64 max: 33.11015772147597
Ep: 242 | Ep_r: 27.04 | t_so_far: {5784} | epsilon: 0.643 max: 33.11015772147597
Ep: 243 | Ep_r: 23.92 | t_so_far: {5797} | epsilon: 0.643 max: 33.11015772147597
Ep: 244 | Ep_r: 20.81 | t_so_far: {5807} | epsilon: 0.644 max: 33.11015772147597
Ep: 245 | Ep_r: 22.24 | t_so_far: {5837} | epsilon: 0.646 max: 33.11015772147597
Ep: 246 | Ep_r: 21.83 | t_so_far: {5859} | epsilon: 0.647 max: 33.11015772147597
Ep: 247 | Ep_r: 19.77 | t_so_far: {5873} | epsilon: 0.648 max: 33.11015772147597
Ep: 248 | Ep_r: 25.05 | t_so_far: {5923} | epsilon: 0.65 max: 33.11015772147597
Ep: 249 | Ep_r: 20.95 | t_so_far: {5929} | epsilon: 0.651 max: 33.11015772147597
Ep: 250 | Ep_r: 21.08 | t_so_far: {5955} | epsilon: 0.652 max: 33.11015772147597
Ep: 251 | Ep_r: 18.47 | t_so_far: {5964} | epsilon: 0.653 max: 33.11015772147597
Ep: 252 | Ep_r: 14.99 | t_so_far: {5966} | epsilon: 0.653 max: 33.11015772147597
Ep: 253 | Ep_r: 21.31 | t_so_far: {6016} | epsilon: 0.656 max: 33.11015772147597
Ep: 254 | Ep_r: 18.44 | t_so_far: {6024} | epsilon: 0.656 max: 33.11015772147597
Ep: 255 | Ep_r: 17.13 | t_so_far: {6037} | epsilon: 0.657 max: 33.11015772147597
Ep: 256 | Ep_r: 19.67 | t_so_far: {6071} | epsilon: 0.659 max: 33.11015772147597
Ep: 257 | Ep_r: 17.3 | t_so_far: {6080} | epsilon: 0.659 max: 33.11015772147597
Ep: 258 | Ep_r: 16.11 | t_so_far: {6093} | epsilon: 0.66 max: 33.11015772147597
Ep: 259 | Ep_r: 22.3 | t_so_far: {6143} | epsilon: 0.663 max: 33.11015772147597
Ep: 260 | Ep_r: 24.43 | t_so_far: {6178} | epsilon: 0.664 max: 33.11015772147597
Ep: 261 | Ep_r: 26.34 | t_so_far: {6214} | epsilon: 0.666 max: 33.11015772147597
Ep: 262 | Ep_r: 30.44 | t_so_far: {6264} | epsilon: 0.669 max: 33.11015772147597
Ep: 263 | Ep_r: 28.45 | t_so_far: {6287} | epsilon: 0.67 max: 33.11015772147597
Ep: 264 | Ep_r: 25.45 | t_so_far: {6302} | epsilon: 0.671 max: 33.11015772147597
Ep: 265 | Ep_r: 28.34 | t_so_far: {6350} | epsilon: 0.673 max: 33.11015772147597
Ep: 266 | Ep_r: 25.83 | t_so_far: {6367} | epsilon: 0.674 max: 33.11015772147597
Ep: 267 | Ep_r: 28.15 | t_so_far: {6410} | epsilon: 0.677 max: 33.11015772147597
Ep: 268 | Ep_r: 23.29 | t_so_far: {6415} | epsilon: 0.677 max: 33.11015772147597
Ep: 269 | Ep_r: 28.09 | t_so_far: {6465} | epsilon: 0.679 max: 33.11015772147597
Ep: 270 | Ep_r: 25.41 | t_so_far: {6482} | epsilon: 0.68 max: 33.11015772147597
Ep: 271 | Ep_r: 23.43 | t_so_far: {6499} | epsilon: 0.681 max: 33.11015772147597
Ep: 272 | Ep_r: 27.58 | t_so_far: {6549} | epsilon: 0.684 max: 33.11015772147597
Ep: 273 | Ep_r: 23.52 | t_so_far: {6557} | epsilon: 0.684 max: 33.11015772147597
Ep: 274 | Ep_r: 28.51 | t_so_far: {6607} | epsilon: 0.687 max: 33.11015772147597
Ep: 275 | Ep_r: 25.26 | t_so_far: {6621} | epsilon: 0.687 max: 33.11015772147597
Ep: 276 | Ep_r: 28.05 | t_so_far: {6663} | epsilon: 0.689 max: 33.11015772147597
Ep: 277 | Ep_r: 28.49 | t_so_far: {6695} | epsilon: 0.691 max: 33.11015772147597
Ep: 278 | Ep_r: 29.32 | t_so_far: {6732} | epsilon: 0.693 max: 33.11015772147597
Ep: 279 | Ep_r: 29.57 | t_so_far: {6766} | epsilon: 0.694 max: 33.11015772147597
Ep: 280 | Ep_r: 32.26 | t_so_far: {6816} | epsilon: 0.697 max: 33.11015772147597
Ep: 281 | Ep_r: 26.44 | t_so_far: {6820} | epsilon: 0.697 max: 33.11015772147597
Ep: 282 | Ep_r: 21.77 | t_so_far: {6824} | epsilon: 0.697 max: 33.11015772147597
Ep: 283 | Ep_r: 18.62 | t_so_far: {6832} | epsilon: 0.698 max: 33.11015772147597
Ep: 284 | Ep_r: 15.88 | t_so_far: {6838} | epsilon: 0.698 max: 33.11015772147597
Ep: 285 | Ep_r: 15.96 | t_so_far: {6856} | epsilon: 0.699 max: 33.11015772147597
Ep: 286 | Ep_r: 15.88 | t_so_far: {6873} | epsilon: 0.7 max: 33.11015772147597
Ep: 287 | Ep_r: 13.57 | t_so_far: {6879} | epsilon: 0.7 max: 33.11015772147597
Ep: 288 | Ep_r: 13.86 | t_so_far: {6896} | epsilon: 0.701 max: 33.11015772147597
Ep: 289 | Ep_r: 18.26 | t_so_far: {6939} | epsilon: 0.703 max: 33.11015772147597
Ep: 290 | Ep_r: 15.42 | t_so_far: {6944} | epsilon: 0.703 max: 33.11015772147597
Ep: 291 | Ep_r: 19.61 | t_so_far: {6985} | epsilon: 0.705 max: 33.11015772147597
Ep: 292 | Ep_r: 16.12 | t_so_far: {6988} | epsilon: 0.705 max: 33.11015772147597
Ep: 293 | Ep_r: 16.35 | t_so_far: {7008} | epsilon: 0.706 max: 33.11015772147597
Ep: 294 | Ep_r: 21.35 | t_so_far: {7058} | epsilon: 0.708 max: 33.11015772147597
Ep: 295 | Ep_r: 24.91 | t_so_far: {7101} | epsilon: 0.71 max: 33.11015772147597
Ep: 296 | Ep_r: 26.92 | t_so_far: {7142} | epsilon: 0.712 max: 33.11015772147597
Ep: 297 | Ep_r: 28.62 | t_so_far: {7181} | epsilon: 0.714 max: 33.11015772147597
Ep: 298 | Ep_r: 29.55 | t_so_far: {7219} | epsilon: 0.716 max: 33.11015772147597
Ep: 299 | Ep_r: 30.09 | t_so_far: {7254} | epsilon: 0.717 max: 33.11015772147597
Ep: 300 | Ep_r: 27.36 | t_so_far: {7272} | epsilon: 0.718 max: 33.11015772147597
Ep: 301 | Ep_r: 22.47 | t_so_far: {7276} | epsilon: 0.718 max: 33.11015772147597
Ep: 302 | Ep_r: 19.81 | t_so_far: {7286} | epsilon: 0.719 max: 33.11015772147597
Ep: 303 | Ep_r: 22.35 | t_so_far: {7325} | epsilon: 0.72 max: 33.11015772147597
Ep: 304 | Ep_r: 21.7 | t_so_far: {7347} | epsilon: 0.721 max: 33.11015772147597
Ep: 305 | Ep_r: 26.46 | t_so_far: {7397} | epsilon: 0.724 max: 33.11015772147597
Ep: 306 | Ep_r: 21.78 | t_so_far: {7401} | epsilon: 0.724 max: 33.11015772147597
Ep: 307 | Ep_r: 19.6 | t_so_far: {7415} | epsilon: 0.724 max: 33.11015772147597
Ep: 308 | Ep_r: 21.79 | t_so_far: {7452} | epsilon: 0.726 max: 33.11015772147597
Ep: 309 | Ep_r: 20.1 | t_so_far: {7467} | epsilon: 0.727 max: 33.11015772147597
Ep: 310 | Ep_r: 24.22 | t_so_far: {7517} | epsilon: 0.729 max: 33.11015772147597
Ep: 311 | Ep_r: 28.04 | t_so_far: {7567} | epsilon: 0.731 max: 33.11015772147597
Ep: 312 | Ep_r: 25.92 | t_so_far: {7586} | epsilon: 0.732 max: 33.11015772147597
Ep: 313 | Ep_r: 29.8 | t_so_far: {7636} | epsilon: 0.734 max: 33.11015772147597
Ep: 314 | Ep_r: 31.9 | t_so_far: {7686} | epsilon: 0.736 max: 33.11015772147597
Ep: 315 | Ep_r: 34.27 | t_so_far: {7736} | epsilon: 0.738 max: 34.26722035165206
Ep: 316 | Ep_r: 31.47 | t_so_far: {7759} | epsilon: 0.739 max: 34.26722035165206
Ep: 317 | Ep_r: 27.73 | t_so_far: {7774} | epsilon: 0.74 max: 34.26722035165206
Ep: 318 | Ep_r: 30.19 | t_so_far: {7818} | epsilon: 0.742 max: 34.26722035165206
Ep: 319 | Ep_r: 27.2 | t_so_far: {7835} | epsilon: 0.742 max: 34.26722035165206
Ep: 320 | Ep_r: 27.78 | t_so_far: {7870} | epsilon: 0.744 max: 34.26722035165206
Ep: 321 | Ep_r: 28.24 | t_so_far: {7905} | epsilon: 0.745 max: 34.26722035165206
Ep: 322 | Ep_r: 31.95 | t_so_far: {7954} | epsilon: 0.747 max: 34.26722035165206
Ep: 323 | Ep_r: 26.2 | t_so_far: {7958} | epsilon: 0.747 max: 34.26722035165206
Ep: 324 | Ep_r: 23.67 | t_so_far: {7974} | epsilon: 0.748 max: 34.26722035165206
Ep: 325 | Ep_r: 27.65 | t_so_far: {8024} | epsilon: 0.75 max: 34.26722035165206
Ep: 326 | Ep_r: 31.15 | t_so_far: {8074} | epsilon: 0.752 max: 34.26722035165206
Ep: 327 | Ep_r: 26.9 | t_so_far: {8085} | epsilon: 0.752 max: 34.26722035165206
Ep: 328 | Ep_r: 27.45 | t_so_far: {8118} | epsilon: 0.754 max: 34.26722035165206
Ep: 329 | Ep_r: 22.58 | t_so_far: {8122} | epsilon: 0.754 max: 34.26722035165206
Ep: 330 | Ep_r: 26.81 | t_so_far: {8172} | epsilon: 0.756 max: 34.26722035165206
Ep: 331 | Ep_r: 30.35 | t_so_far: {8222} | epsilon: 0.758 max: 34.26722035165206
Ep: 332 | Ep_r: 32.98 | t_so_far: {8272} | epsilon: 0.76 max: 34.26722035165206
Ep: 333 | Ep_r: 28.99 | t_so_far: {8288} | epsilon: 0.76 max: 34.26722035165206
Ep: 334 | Ep_r: 24.42 | t_so_far: {8295} | epsilon: 0.761 max: 34.26722035165206
Ep: 335 | Ep_r: 28.38 | t_so_far: {8345} | epsilon: 0.762 max: 34.26722035165206
Ep: 336 | Ep_r: 23.63 | t_so_far: {8351} | epsilon: 0.763 max: 34.26722035165206
Ep: 337 | Ep_r: 25.47 | t_so_far: {8386} | epsilon: 0.764 max: 34.26722035165206
Ep: 338 | Ep_r: 22.71 | t_so_far: {8400} | epsilon: 0.765 max: 34.26722035165206
Ep: 339 | Ep_r: 22.95 | t_so_far: {8427} | epsilon: 0.766 max: 34.26722035165206
Ep: 340 | Ep_r: 27.02 | t_so_far: {8477} | epsilon: 0.767 max: 34.26722035165206
Ep: 341 | Ep_r: 30.08 | t_so_far: {8527} | epsilon: 0.769 max: 34.26722035165206
Ep: 342 | Ep_r: 27.45 | t_so_far: {8546} | epsilon: 0.77 max: 34.26722035165206
Ep: 343 | Ep_r: 30.43 | t_so_far: {8596} | epsilon: 0.772 max: 34.26722035165206
Ep: 344 | Ep_r: 29.14 | t_so_far: {8622} | epsilon: 0.773 max: 34.26722035165206
Ep: 345 | Ep_r: 32.1 | t_so_far: {8672} | epsilon: 0.774 max: 34.26722035165206
Ep: 346 | Ep_r: 33.43 | t_so_far: {8715} | epsilon: 0.776 max: 34.26722035165206
Ep: 347 | Ep_r: 35.2 | t_so_far: {8765} | epsilon: 0.778 max: 35.19686693979236
Ep: 348 | Ep_r: 36.68 | t_so_far: {8815} | epsilon: 0.78 max: 36.67749355183389
Ep: 349 | Ep_r: 32.86 | t_so_far: {8834} | epsilon: 0.78 max: 36.67749355183389
Ep: 350 | Ep_r: 32.45 | t_so_far: {8869} | epsilon: 0.781 max: 36.67749355183389
Ep: 351 | Ep_r: 34.69 | t_so_far: {8919} | epsilon: 0.783 max: 36.67749355183389
Ep: 352 | Ep_r: 33.06 | t_so_far: {8949} | epsilon: 0.784 max: 36.67749355183389
Ep: 353 | Ep_r: 34.95 | t_so_far: {8999} | epsilon: 0.786 max: 36.67749355183389
Ep: 354 | Ep_r: 30.09 | t_so_far: {9012} | epsilon: 0.786 max: 36.67749355183389
Ep: 355 | Ep_r: 25.3 | t_so_far: {9019} | epsilon: 0.787 max: 36.67749355183389
Ep: 356 | Ep_r: 25.26 | t_so_far: {9046} | epsilon: 0.788 max: 36.67749355183389
Ep: 357 | Ep_r: 23.33 | t_so_far: {9063} | epsilon: 0.788 max: 36.67749355183389
Ep: 358 | Ep_r: 23.29 | t_so_far: {9090} | epsilon: 0.789 max: 36.67749355183389
Ep: 359 | Ep_r: 26.42 | t_so_far: {9132} | epsilon: 0.79 max: 36.67749355183389
Ep: 360 | Ep_r: 22.24 | t_so_far: {9139} | epsilon: 0.791 max: 36.67749355183389
Ep: 361 | Ep_r: 26.82 | t_so_far: {9189} | epsilon: 0.792 max: 36.67749355183389
Ep: 362 | Ep_r: 24.89 | t_so_far: {9210} | epsilon: 0.793 max: 36.67749355183389
Ep: 363 | Ep_r: 28.78 | t_so_far: {9260} | epsilon: 0.795 max: 36.67749355183389
Ep: 364 | Ep_r: 26.39 | t_so_far: {9279} | epsilon: 0.795 max: 36.67749355183389
Ep: 365 | Ep_r: 25.25 | t_so_far: {9302} | epsilon: 0.796 max: 36.67749355183389
Ep: 366 | Ep_r: 21.82 | t_so_far: {9312} | epsilon: 0.796 max: 36.67749355183389
Ep: 367 | Ep_r: 18.21 | t_so_far: {9317} | epsilon: 0.797 max: 36.67749355183389
Ep: 368 | Ep_r: 15.31 | t_so_far: {9322} | epsilon: 0.797 max: 36.67749355183389
Ep: 369 | Ep_r: 12.49 | t_so_far: {9324} | epsilon: 0.797 max: 36.67749355183389
Ep: 370 | Ep_r: 12.81 | t_so_far: {9340} | epsilon: 0.797 max: 36.67749355183389
Ep: 371 | Ep_r: 12.01 | t_so_far: {9352} | epsilon: 0.798 max: 36.67749355183389
Ep: 372 | Ep_r: 18.61 | t_so_far: {9402} | epsilon: 0.799 max: 36.67749355183389
Ep: 373 | Ep_r: 20.28 | t_so_far: {9432} | epsilon: 0.8 max: 36.67749355183389
Ep: 374 | Ep_r: 18.08 | t_so_far: {9443} | epsilon: 0.801 max: 36.67749355183389
Ep: 375 | Ep_r: 22.14 | t_so_far: {9487} | epsilon: 0.802 max: 36.67749355183389
Ep: 376 | Ep_r: 21.6 | t_so_far: {9508} | epsilon: 0.803 max: 36.67749355183389
Ep: 377 | Ep_r: 17.74 | t_so_far: {9511} | epsilon: 0.803 max: 36.67749355183389
Ep: 378 | Ep_r: 16.93 | t_so_far: {9528} | epsilon: 0.803 max: 36.67749355183389
Ep: 379 | Ep_r: 19.8 | t_so_far: {9564} | epsilon: 0.804 max: 36.67749355183389
Ep: 380 | Ep_r: 24.65 | t_so_far: {9614} | epsilon: 0.806 max: 36.67749355183389
Ep: 381 | Ep_r: 24.12 | t_so_far: {9638} | epsilon: 0.807 max: 36.67749355183389
Ep: 382 | Ep_r: 27.13 | t_so_far: {9681} | epsilon: 0.808 max: 36.67749355183389
Ep: 383 | Ep_r: 30.57 | t_so_far: {9731} | epsilon: 0.809 max: 36.67749355183389
Ep: 384 | Ep_r: 28.84 | t_so_far: {9757} | epsilon: 0.81 max: 36.67749355183389
Ep: 385 | Ep_r: 24.7 | t_so_far: {9767} | epsilon: 0.811 max: 36.67749355183389
Ep: 386 | Ep_r: 23.85 | t_so_far: {9791} | epsilon: 0.811 max: 36.67749355183389
Ep: 387 | Ep_r: 21.62 | t_so_far: {9806} | epsilon: 0.812 max: 36.67749355183389
Ep: 388 | Ep_r: 21.64 | t_so_far: {9830} | epsilon: 0.812 max: 36.67749355183389
Ep: 389 | Ep_r: 24.58 | t_so_far: {9873} | epsilon: 0.814 max: 36.67749355183389
Ep: 390 | Ep_r: 23.44 | t_so_far: {9894} | epsilon: 0.814 max: 36.67749355183389
Ep: 391 | Ep_r: 21.59 | t_so_far: {9911} | epsilon: 0.815 max: 36.67749355183389
Ep: 392 | Ep_r: 25.08 | t_so_far: {9958} | epsilon: 0.816 max: 36.67749355183389
Ep: 393 | Ep_r: 29.47 | t_so_far: {10008} | epsilon: 0.818 max: 36.67749355183389
Ep: 394 | Ep_r: 24.16 | t_so_far: {10012} | epsilon: 0.818 max: 36.67749355183389
Ep: 395 | Ep_r: 28.3 | t_so_far: {10062} | epsilon: 0.819 max: 36.67749355183389
Ep: 396 | Ep_r: 24.1 | t_so_far: {10070} | epsilon: 0.819 max: 36.67749355183389
Ep: 397 | Ep_r: 22.91 | t_so_far: {10091} | epsilon: 0.82 max: 36.67749355183389
Ep: 398 | Ep_r: 20.1 | t_so_far: {10101} | epsilon: 0.82 max: 36.67749355183389
Ep: 399 | Ep_r: 18.67 | t_so_far: {10115} | epsilon: 0.821 max: 36.67749355183389
Ep: 400 | Ep_r: 17.64 | t_so_far: {10130} | epsilon: 0.821 max: 36.67749355183389
Ep: 401 | Ep_r: 21.07 | t_so_far: {10168} | epsilon: 0.822 max: 36.67749355183389
Ep: 402 | Ep_r: 25.4 | t_so_far: {10218} | epsilon: 0.824 max: 36.67749355183389
Ep: 403 | Ep_r: 29.89 | t_so_far: {10268} | epsilon: 0.825 max: 36.67749355183389
Ep: 404 | Ep_r: 32.51 | t_so_far: {10318} | epsilon: 0.826 max: 36.67749355183389
Ep: 405 | Ep_r: 33.69 | t_so_far: {10368} | epsilon: 0.828 max: 36.67749355183389
Ep: 406 | Ep_r: 35.21 | t_so_far: {10418} | epsilon: 0.829 max: 36.67749355183389
Ep: 407 | Ep_r: 36.42 | t_so_far: {10468} | epsilon: 0.831 max: 36.67749355183389
Ep: 408 | Ep_r: 33.38 | t_so_far: {10493} | epsilon: 0.831 max: 36.67749355183389
Ep: 409 | Ep_r: 34.45 | t_so_far: {10538} | epsilon: 0.832 max: 36.67749355183389
Ep: 410 | Ep_r: 36.1 | t_so_far: {10588} | epsilon: 0.834 max: 36.67749355183389
Ep: 411 | Ep_r: 37.06 | t_so_far: {10637} | epsilon: 0.835 max: 37.0568907836002
Ep: 412 | Ep_r: 30.95 | t_so_far: {10645} | epsilon: 0.835 max: 37.0568907836002
Ep: 413 | Ep_r: 28.63 | t_so_far: {10668} | epsilon: 0.836 max: 37.0568907836002
Ep: 414 | Ep_r: 25.22 | t_so_far: {10683} | epsilon: 0.836 max: 37.0568907836002
Ep: 415 | Ep_r: 25.11 | t_so_far: {10713} | epsilon: 0.837 max: 37.0568907836002
Ep: 416 | Ep_r: 26.95 | t_so_far: {10752} | epsilon: 0.838 max: 37.0568907836002
Ep: 417 | Ep_r: 27.73 | t_so_far: {10785} | epsilon: 0.839 max: 37.0568907836002
Ep: 418 | Ep_r: 30.88 | t_so_far: {10835} | epsilon: 0.84 max: 37.0568907836002
Ep: 419 | Ep_r: 25.54 | t_so_far: {10840} | epsilon: 0.84 max: 37.0568907836002
Ep: 420 | Ep_r: 29.13 | t_so_far: {10890} | epsilon: 0.842 max: 37.0568907836002
Ep: 421 | Ep_r: 23.89 | t_so_far: {10894} | epsilon: 0.842 max: 37.0568907836002
Ep: 422 | Ep_r: 26.45 | t_so_far: {10939} | epsilon: 0.843 max: 37.0568907836002
Ep: 423 | Ep_r: 25.77 | t_so_far: {10967} | epsilon: 0.843 max: 37.0568907836002
Ep: 424 | Ep_r: 22.33 | t_so_far: {10977} | epsilon: 0.844 max: 37.0568907836002
Ep: 425 | Ep_r: 26.79 | t_so_far: {11027} | epsilon: 0.845 max: 37.0568907836002
Ep: 426 | Ep_r: 30.23 | t_so_far: {11077} | epsilon: 0.846 max: 37.0568907836002
Ep: 427 | Ep_r: 29.55 | t_so_far: {11106} | epsilon: 0.847 max: 37.0568907836002
Ep: 428 | Ep_r: 27.03 | t_so_far: {11125} | epsilon: 0.847 max: 37.0568907836002
Ep: 429 | Ep_r: 30.57 | t_so_far: {11175} | epsilon: 0.849 max: 37.0568907836002
Ep: 430 | Ep_r: 25.58 | t_so_far: {11182} | epsilon: 0.849 max: 37.0568907836002
Ep: 431 | Ep_r: 29.07 | t_so_far: {11232} | epsilon: 0.85 max: 37.0568907836002
Ep: 432 | Ep_r: 32.18 | t_so_far: {11282} | epsilon: 0.851 max: 37.0568907836002
Ep: 433 | Ep_r: 34.78 | t_so_far: {11332} | epsilon: 0.852 max: 37.0568907836002
Ep: 434 | Ep_r: 31.53 | t_so_far: {11353} | epsilon: 0.853 max: 37.0568907836002
Ep: 435 | Ep_r: 34.06 | t_so_far: {11403} | epsilon: 0.854 max: 37.0568907836002
Ep: 436 | Ep_r: 30.26 | t_so_far: {11420} | epsilon: 0.854 max: 37.0568907836002
Ep: 437 | Ep_r: 32.67 | t_so_far: {11466} | epsilon: 0.855 max: 37.0568907836002
Ep: 438 | Ep_r: 28.09 | t_so_far: {11478} | epsilon: 0.856 max: 37.0568907836002
Ep: 439 | Ep_r: 23.75 | t_so_far: {11486} | epsilon: 0.856 max: 37.0568907836002
Ep: 440 | Ep_r: 28.31 | t_so_far: {11536} | epsilon: 0.857 max: 37.0568907836002
Ep: 441 | Ep_r: 25.84 | t_so_far: {11554} | epsilon: 0.857 max: 37.0568907836002
Ep: 442 | Ep_r: 21.13 | t_so_far: {11557} | epsilon: 0.857 max: 37.0568907836002
Ep: 443 | Ep_r: 19.81 | t_so_far: {11575} | epsilon: 0.858 max: 37.0568907836002
Ep: 444 | Ep_r: 24.77 | t_so_far: {11625} | epsilon: 0.859 max: 37.0568907836002
Ep: 445 | Ep_r: 28.9 | t_so_far: {11675} | epsilon: 0.86 max: 37.0568907836002
Ep: 446 | Ep_r: 31.63 | t_so_far: {11725} | epsilon: 0.861 max: 37.0568907836002
Ep: 447 | Ep_r: 33.59 | t_so_far: {11775} | epsilon: 0.862 max: 37.0568907836002
Ep: 448 | Ep_r: 32.5 | t_so_far: {11807} | epsilon: 0.863 max: 37.0568907836002
Ep: 449 | Ep_r: 34.61 | t_so_far: {11857} | epsilon: 0.864 max: 37.0568907836002
Ep: 450 | Ep_r: 35.63 | t_so_far: {11907} | epsilon: 0.865 max: 37.0568907836002
Ep: 451 | Ep_r: 36.79 | t_so_far: {11957} | epsilon: 0.866 max: 37.0568907836002
Ep: 452 | Ep_r: 37.71 | t_so_far: {12007} | epsilon: 0.867 max: 37.707001205819736
Ep: 453 | Ep_r: 38.47 | t_so_far: {12057} | epsilon: 0.868 max: 38.47226763132246
Ep: 454 | Ep_r: 39.88 | t_so_far: {12107} | epsilon: 0.869 max: 39.88448077172464
Ep: 455 | Ep_r: 40.56 | t_so_far: {12157} | epsilon: 0.87 max: 40.56091795071305
Ep: 456 | Ep_r: 37.16 | t_so_far: {12184} | epsilon: 0.871 max: 40.56091795071305
Ep: 457 | Ep_r: 37.66 | t_so_far: {12234} | epsilon: 0.872 max: 40.56091795071305
Ep: 458 | Ep_r: 32.76 | t_so_far: {12249} | epsilon: 0.872 max: 40.56091795071305
Ep: 459 | Ep_r: 34.34 | t_so_far: {12299} | epsilon: 0.873 max: 40.56091795071305
Ep: 460 | Ep_r: 35.46 | t_so_far: {12348} | epsilon: 0.874 max: 40.56091795071305
Ep: 461 | Ep_r: 35.73 | t_so_far: {12391} | epsilon: 0.875 max: 40.56091795071305
Ep: 462 | Ep_r: 36.98 | t_so_far: {12441} | epsilon: 0.876 max: 40.56091795071305
Ep: 463 | Ep_r: 38.27 | t_so_far: {12491} | epsilon: 0.877 max: 40.56091795071305
Ep: 464 | Ep_r: 38.88 | t_so_far: {12539} | epsilon: 0.878 max: 40.56091795071305
Ep: 465 | Ep_r: 34.84 | t_so_far: {12561} | epsilon: 0.878 max: 40.56091795071305
Ep: 466 | Ep_r: 29.53 | t_so_far: {12571} | epsilon: 0.879 max: 40.56091795071305
Ep: 467 | Ep_r: 32.15 | t_so_far: {12621} | epsilon: 0.88 max: 40.56091795071305
Ep: 468 | Ep_r: 34.84 | t_so_far: {12671} | epsilon: 0.881 max: 40.56091795071305
Ep: 469 | Ep_r: 32.72 | t_so_far: {12697} | epsilon: 0.881 max: 40.56091795071305
Ep: 470 | Ep_r: 28.81 | t_so_far: {12713} | epsilon: 0.881 max: 40.56091795071305
Ep: 471 | Ep_r: 31.34 | t_so_far: {12763} | epsilon: 0.882 max: 40.56091795071305
Ep: 472 | Ep_r: 33.08 | t_so_far: {12813} | epsilon: 0.883 max: 40.56091795071305
Ep: 473 | Ep_r: 32.38 | t_so_far: {12850} | epsilon: 0.884 max: 40.56091795071305
Ep: 474 | Ep_r: 34.38 | t_so_far: {12900} | epsilon: 0.885 max: 40.56091795071305
Ep: 475 | Ep_r: 35.13 | t_so_far: {12950} | epsilon: 0.886 max: 40.56091795071305
Ep: 476 | Ep_r: 36.55 | t_so_far: {13000} | epsilon: 0.887 max: 40.56091795071305
Ep: 477 | Ep_r: 37.97 | t_so_far: {13050} | epsilon: 0.888 max: 40.56091795071305
Ep: 478 | Ep_r: 38.79 | t_so_far: {13100} | epsilon: 0.888 max: 40.56091795071305
Ep: 479 | Ep_r: 39.83 | t_so_far: {13150} | epsilon: 0.889 max: 40.56091795071305
Ep: 480 | Ep_r: 40.09 | t_so_far: {13200} | epsilon: 0.89 max: 40.56091795071305
Ep: 481 | Ep_r: 40.0 | t_so_far: {13250} | epsilon: 0.891 max: 40.56091795071305
Ep: 482 | Ep_r: 40.29 | t_so_far: {13300} | epsilon: 0.892 max: 40.56091795071305
Ep: 483 | Ep_r: 39.44 | t_so_far: {13341} | epsilon: 0.893 max: 40.56091795071305
Ep: 484 | Ep_r: 39.76 | t_so_far: {13391} | epsilon: 0.893 max: 40.56091795071305
Ep: 485 | Ep_r: 40.12 | t_so_far: {13441} | epsilon: 0.894 max: 40.56091795071305
Ep: 486 | Ep_r: 37.9 | t_so_far: {13474} | epsilon: 0.895 max: 40.56091795071305
Ep: 487 | Ep_r: 39.57 | t_so_far: {13524} | epsilon: 0.896 max: 40.56091795071305
Ep: 488 | Ep_r: 40.39 | t_so_far: {13574} | epsilon: 0.897 max: 40.56091795071305
Ep: 489 | Ep_r: 41.19 | t_so_far: {13624} | epsilon: 0.897 max: 41.18921647292879
Ep: 490 | Ep_r: 40.38 | t_so_far: {13674} | epsilon: 0.898 max: 41.18921647292879
Ep: 491 | Ep_r: 40.4 | t_so_far: {13724} | epsilon: 0.899 max: 41.18921647292879
Ep: 492 | Ep_r: 39.15 | t_so_far: {13762} | epsilon: 0.9 max: 41.18921647292879
Ep: 493 | Ep_r: 38.33 | t_so_far: {13802} | epsilon: 0.9 max: 41.18921647292879
Ep: 494 | Ep_r: 36.17 | t_so_far: {13837} | epsilon: 0.901 max: 41.18921647292879
Ep: 495 | Ep_r: 37.84 | t_so_far: {13886} | epsilon: 0.902 max: 41.18921647292879
Ep: 496 | Ep_r: 38.3 | t_so_far: {13933} | epsilon: 0.902 max: 41.18921647292879
Ep: 497 | Ep_r: 39.99 | t_so_far: {13983} | epsilon: 0.903 max: 41.18921647292879
Ep: 498 | Ep_r: 39.68 | t_so_far: {14028} | epsilon: 0.904 max: 41.18921647292879
Ep: 499 | Ep_r: 32.21 | t_so_far: {14031} | epsilon: 0.904 max: 41.18921647292879
Ep: 500 | Ep_r: 26.23 | t_so_far: {14034} | epsilon: 0.904 max: 41.18921647292879
Ep: 501 | Ep_r: 24.96 | t_so_far: {14058} | epsilon: 0.904 max: 41.18921647292879
Ep: 502 | Ep_r: 28.98 | t_so_far: {14108} | epsilon: 0.905 max: 41.18921647292879
Ep: 503 | Ep_r: 31.77 | t_so_far: {14158} | epsilon: 0.906 max: 41.18921647292879
Ep: 504 | Ep_r: 34.48 | t_so_far: {14208} | epsilon: 0.906 max: 41.18921647292879
Ep: 505 | Ep_r: 36.96 | t_so_far: {14258} | epsilon: 0.907 max: 41.18921647292879
Ep: 506 | Ep_r: 34.14 | t_so_far: {14283} | epsilon: 0.908 max: 41.18921647292879
Ep: 507 | Ep_r: 36.56 | t_so_far: {14333} | epsilon: 0.908 max: 41.18921647292879
Ep: 508 | Ep_r: 34.33 | t_so_far: {14362} | epsilon: 0.909 max: 41.18921647292879
Ep: 509 | Ep_r: 36.17 | t_so_far: {14411} | epsilon: 0.909 max: 41.18921647292879
Ep: 510 | Ep_r: 37.71 | t_so_far: {14461} | epsilon: 0.91 max: 41.18921647292879
Ep: 511 | Ep_r: 35.16 | t_so_far: {14491} | epsilon: 0.911 max: 41.18921647292879
Ep: 512 | Ep_r: 29.03 | t_so_far: {14497} | epsilon: 0.911 max: 41.18921647292879
Ep: 513 | Ep_r: 32.56 | t_so_far: {14547} | epsilon: 0.911 max: 41.18921647292879
Ep: 514 | Ep_r: 30.55 | t_so_far: {14571} | epsilon: 0.912 max: 41.18921647292879
Ep: 515 | Ep_r: 27.66 | t_so_far: {14590} | epsilon: 0.912 max: 41.18921647292879
Ep: 516 | Ep_r: 31.18 | t_so_far: {14640} | epsilon: 0.913 max: 41.18921647292879
Ep: 517 | Ep_r: 32.92 | t_so_far: {14685} | epsilon: 0.913 max: 41.18921647292879
Ep: 518 | Ep_r: 31.41 | t_so_far: {14713} | epsilon: 0.914 max: 41.18921647292879
Ep: 519 | Ep_r: 26.93 | t_so_far: {14723} | epsilon: 0.914 max: 41.18921647292879
Ep: 520 | Ep_r: 30.55 | t_so_far: {14773} | epsilon: 0.914 max: 41.18921647292879
Ep: 521 | Ep_r: 27.94 | t_so_far: {14793} | epsilon: 0.915 max: 41.18921647292879
Ep: 522 | Ep_r: 31.45 | t_so_far: {14843} | epsilon: 0.915 max: 41.18921647292879
Ep: 523 | Ep_r: 33.3 | t_so_far: {14886} | epsilon: 0.916 max: 41.18921647292879
Ep: 524 | Ep_r: 35.85 | t_so_far: {14936} | epsilon: 0.917 max: 41.18921647292879
Ep: 525 | Ep_r: 33.75 | t_so_far: {14963} | epsilon: 0.917 max: 41.18921647292879
Ep: 526 | Ep_r: 34.5 | t_so_far: {15005} | epsilon: 0.917 max: 41.18921647292879
Ep: 527 | Ep_r: 33.46 | t_so_far: {15038} | epsilon: 0.918 max: 41.18921647292879
Ep: 528 | Ep_r: 35.78 | t_so_far: {15088} | epsilon: 0.919 max: 41.18921647292879
Ep: 529 | Ep_r: 37.96 | t_so_far: {15138} | epsilon: 0.919 max: 41.18921647292879
Ep: 530 | Ep_r: 31.01 | t_so_far: {15142} | epsilon: 0.919 max: 41.18921647292879
Ep: 531 | Ep_r: 32.73 | t_so_far: {15185} | epsilon: 0.92 max: 41.18921647292879
Ep: 532 | Ep_r: 31.74 | t_so_far: {15216} | epsilon: 0.92 max: 41.18921647292879
Ep: 533 | Ep_r: 31.51 | t_so_far: {15251} | epsilon: 0.921 max: 41.18921647292879
Ep: 534 | Ep_r: 32.23 | t_so_far: {15288} | epsilon: 0.921 max: 41.18921647292879
Ep: 535 | Ep_r: 27.19 | t_so_far: {15296} | epsilon: 0.921 max: 41.18921647292879
Ep: 536 | Ep_r: 31.18 | t_so_far: {15346} | epsilon: 0.922 max: 41.18921647292879
Ep: 537 | Ep_r: 33.48 | t_so_far: {15392} | epsilon: 0.922 max: 41.18921647292879
Ep: 538 | Ep_r: 29.62 | t_so_far: {15409} | epsilon: 0.923 max: 41.18921647292879
Ep: 539 | Ep_r: 31.25 | t_so_far: {15449} | epsilon: 0.923 max: 41.18921647292879
Ep: 540 | Ep_r: 30.8 | t_so_far: {15481} | epsilon: 0.923 max: 41.18921647292879
Ep: 541 | Ep_r: 31.31 | t_so_far: {15520} | epsilon: 0.924 max: 41.18921647292879
Ep: 542 | Ep_r: 34.15 | t_so_far: {15570} | epsilon: 0.925 max: 41.18921647292879
Ep: 543 | Ep_r: 36.71 | t_so_far: {15620} | epsilon: 0.925 max: 41.18921647292879
Ep: 544 | Ep_r: 32.98 | t_so_far: {15640} | epsilon: 0.925 max: 41.18921647292879
Ep: 545 | Ep_r: 32.85 | t_so_far: {15676} | epsilon: 0.926 max: 41.18921647292879
Ep: 546 | Ep_r: 32.06 | t_so_far: {15709} | epsilon: 0.926 max: 41.18921647292879
Ep: 547 | Ep_r: 34.65 | t_so_far: {15759} | epsilon: 0.927 max: 41.18921647292879
Ep: 548 | Ep_r: 36.75 | t_so_far: {15809} | epsilon: 0.927 max: 41.18921647292879
Ep: 549 | Ep_r: 32.48 | t_so_far: {15826} | epsilon: 0.928 max: 41.18921647292879
Ep: 550 | Ep_r: 35.51 | t_so_far: {15876} | epsilon: 0.928 max: 41.18921647292879
Ep: 551 | Ep_r: 37.74 | t_so_far: {15926} | epsilon: 0.929 max: 41.18921647292879
Ep: 552 | Ep_r: 32.47 | t_so_far: {15939} | epsilon: 0.929 max: 41.18921647292879
Ep: 553 | Ep_r: 30.67 | t_so_far: {15965} | epsilon: 0.929 max: 41.18921647292879
Ep: 554 | Ep_r: 33.76 | t_so_far: {16015} | epsilon: 0.93 max: 41.18921647292879
Ep: 555 | Ep_r: 35.62 | t_so_far: {16065} | epsilon: 0.93 max: 41.18921647292879
Ep: 556 | Ep_r: 38.07 | t_so_far: {16115} | epsilon: 0.931 max: 41.18921647292879
Ep: 557 | Ep_r: 37.48 | t_so_far: {16153} | epsilon: 0.931 max: 41.18921647292879
Ep: 558 | Ep_r: 30.95 | t_so_far: {16159} | epsilon: 0.931 max: 41.18921647292879
Ep: 559 | Ep_r: 33.07 | t_so_far: {16203} | epsilon: 0.932 max: 41.18921647292879
Ep: 560 | Ep_r: 35.04 | t_so_far: {16253} | epsilon: 0.932 max: 41.18921647292879
Ep: 561 | Ep_r: 35.85 | t_so_far: {16296} | epsilon: 0.933 max: 41.18921647292879
Ep: 562 | Ep_r: 33.52 | t_so_far: {16324} | epsilon: 0.933 max: 41.18921647292879
Ep: 563 | Ep_r: 35.19 | t_so_far: {16374} | epsilon: 0.934 max: 41.18921647292879
Ep: 564 | Ep_r: 36.97 | t_so_far: {16424} | epsilon: 0.934 max: 41.18921647292879
Ep: 565 | Ep_r: 37.79 | t_so_far: {16474} | epsilon: 0.935 max: 41.18921647292879
Ep: 566 | Ep_r: 39.09 | t_so_far: {16524} | epsilon: 0.935 max: 41.18921647292879
Ep: 567 | Ep_r: 36.79 | t_so_far: {16554} | epsilon: 0.935 max: 41.18921647292879
Ep: 568 | Ep_r: 38.27 | t_so_far: {16604} | epsilon: 0.936 max: 41.18921647292879
Ep: 569 | Ep_r: 32.91 | t_so_far: {16618} | epsilon: 0.936 max: 41.18921647292879
Ep: 570 | Ep_r: 35.44 | t_so_far: {16668} | epsilon: 0.937 max: 41.18921647292879
Ep: 571 | Ep_r: 36.16 | t_so_far: {16711} | epsilon: 0.937 max: 41.18921647292879
Ep: 572 | Ep_r: 38.46 | t_so_far: {16761} | epsilon: 0.937 max: 41.18921647292879
Ep: 573 | Ep_r: 37.51 | t_so_far: {16798} | epsilon: 0.938 max: 41.18921647292879
Ep: 574 | Ep_r: 39.68 | t_so_far: {16848} | epsilon: 0.938 max: 41.18921647292879
Ep: 575 | Ep_r: 40.88 | t_so_far: {16898} | epsilon: 0.939 max: 41.18921647292879
Ep: 576 | Ep_r: 42.26 | t_so_far: {16948} | epsilon: 0.939 max: 42.25758010905442
Ep: 577 | Ep_r: 41.37 | t_so_far: {16989} | epsilon: 0.94 max: 42.25758010905442
Ep: 578 | Ep_r: 41.86 | t_so_far: {17039} | epsilon: 0.94 max: 42.25758010905442
Ep: 579 | Ep_r: 42.55 | t_so_far: {17089} | epsilon: 0.941 max: 42.54654768250255
Ep: 580 | Ep_r: 34.64 | t_so_far: {17093} | epsilon: 0.941 max: 42.54654768250255
Ep: 581 | Ep_r: 36.06 | t_so_far: {17143} | epsilon: 0.941 max: 42.54654768250255
Ep: 582 | Ep_r: 33.04 | t_so_far: {17166} | epsilon: 0.941 max: 42.54654768250255
Ep: 583 | Ep_r: 32.62 | t_so_far: {17201} | epsilon: 0.942 max: 42.54654768250255
Ep: 584 | Ep_r: 34.49 | t_so_far: {17251} | epsilon: 0.942 max: 42.54654768250255
Ep: 585 | Ep_r: 35.11 | t_so_far: {17294} | epsilon: 0.942 max: 42.54654768250255
Ep: 586 | Ep_r: 31.71 | t_so_far: {17314} | epsilon: 0.943 max: 42.54654768250255
Ep: 587 | Ep_r: 31.84 | t_so_far: {17351} | epsilon: 0.943 max: 42.54654768250255
Ep: 588 | Ep_r: 31.31 | t_so_far: {17385} | epsilon: 0.943 max: 42.54654768250255
Ep: 589 | Ep_r: 33.41 | t_so_far: {17435} | epsilon: 0.944 max: 42.54654768250255
Ep: 590 | Ep_r: 31.42 | t_so_far: {17464} | epsilon: 0.944 max: 42.54654768250255
Ep: 591 | Ep_r: 33.76 | t_so_far: {17514} | epsilon: 0.944 max: 42.54654768250255
Ep: 592 | Ep_r: 35.64 | t_so_far: {17564} | epsilon: 0.945 max: 42.54654768250255
Ep: 593 | Ep_r: 37.34 | t_so_far: {17614} | epsilon: 0.945 max: 42.54654768250255
Ep: 594 | Ep_r: 34.06 | t_so_far: {17638} | epsilon: 0.946 max: 42.54654768250255
Ep: 595 | Ep_r: 36.21 | t_so_far: {17688} | epsilon: 0.946 max: 42.54654768250255
Ep: 596 | Ep_r: 37.49 | t_so_far: {17738} | epsilon: 0.946 max: 42.54654768250255
Ep: 597 | Ep_r: 38.95 | t_so_far: {17787} | epsilon: 0.947 max: 42.54654768250255
Ep: 598 | Ep_r: 39.7 | t_so_far: {17837} | epsilon: 0.947 max: 42.54654768250255
Ep: 599 | Ep_r: 40.19 | t_so_far: {17887} | epsilon: 0.948 max: 42.54654768250255
Ep: 600 | Ep_r: 41.26 | t_so_far: {17937} | epsilon: 0.948 max: 42.54654768250255
Ep: 601 | Ep_r: 41.84 | t_so_far: {17987} | epsilon: 0.948 max: 42.54654768250255
Ep: 602 | Ep_r: 41.83 | t_so_far: {18037} | epsilon: 0.949 max: 42.54654768250255
Ep: 603 | Ep_r: 36.55 | t_so_far: {18056} | epsilon: 0.949 max: 42.54654768250255
Ep: 604 | Ep_r: 38.03 | t_so_far: {18106} | epsilon: 0.949 max: 42.54654768250255
Ep: 605 | Ep_r: 37.48 | t_so_far: {18147} | epsilon: 0.95 max: 42.54654768250255
Ep: 606 | Ep_r: 39.05 | t_so_far: {18197} | epsilon: 0.95 max: 42.54654768250255
Ep: 607 | Ep_r: 40.38 | t_so_far: {18247} | epsilon: 0.95 max: 42.54654768250255
Ep: 608 | Ep_r: 41.47 | t_so_far: {18297} | epsilon: 0.951 max: 42.54654768250255
Ep: 609 | Ep_r: 42.23 | t_so_far: {18347} | epsilon: 0.951 max: 42.54654768250255
Ep: 610 | Ep_r: 37.89 | t_so_far: {18370} | epsilon: 0.951 max: 42.54654768250255
Ep: 611 | Ep_r: 39.46 | t_so_far: {18420} | epsilon: 0.952 max: 42.54654768250255
Ep: 612 | Ep_r: 40.96 | t_so_far: {18470} | epsilon: 0.952 max: 42.54654768250255
Ep: 613 | Ep_r: 41.8 | t_so_far: {18520} | epsilon: 0.953 max: 42.54654768250255
Ep: 614 | Ep_r: 42.19 | t_so_far: {18570} | epsilon: 0.953 max: 42.54654768250255
Ep: 615 | Ep_r: 37.18 | t_so_far: {18589} | epsilon: 0.953 max: 42.54654768250255
Ep: 616 | Ep_r: 38.01 | t_so_far: {18637} | epsilon: 0.953 max: 42.54654768250255
Ep: 617 | Ep_r: 39.05 | t_so_far: {18687} | epsilon: 0.954 max: 42.54654768250255
Ep: 618 | Ep_r: 36.65 | t_so_far: {18718} | epsilon: 0.954 max: 42.54654768250255
Ep: 619 | Ep_r: 36.9 | t_so_far: {18762} | epsilon: 0.954 max: 42.54654768250255
Ep: 620 | Ep_r: 38.55 | t_so_far: {18812} | epsilon: 0.955 max: 42.54654768250255
Ep: 621 | Ep_r: 39.5 | t_so_far: {18862} | epsilon: 0.955 max: 42.54654768250255
Ep: 622 | Ep_r: 36.86 | t_so_far: {18892} | epsilon: 0.955 max: 42.54654768250255
Ep: 623 | Ep_r: 38.57 | t_so_far: {18942} | epsilon: 0.956 max: 42.54654768250255
Ep: 624 | Ep_r: 40.28 | t_so_far: {18992} | epsilon: 0.956 max: 42.54654768250255
Ep: 625 | Ep_r: 41.68 | t_so_far: {19042} | epsilon: 0.956 max: 42.54654768250255
Ep: 626 | Ep_r: 35.57 | t_so_far: {19056} | epsilon: 0.956 max: 42.54654768250255
Ep: 627 | Ep_r: 37.67 | t_so_far: {19106} | epsilon: 0.957 max: 42.54654768250255
Ep: 628 | Ep_r: 39.17 | t_so_far: {19156} | epsilon: 0.957 max: 42.54654768250255
Ep: 629 | Ep_r: 38.73 | t_so_far: {19197} | epsilon: 0.957 max: 42.54654768250255
Ep: 630 | Ep_r: 39.57 | t_so_far: {19247} | epsilon: 0.958 max: 42.54654768250255
Ep: 631 | Ep_r: 40.07 | t_so_far: {19297} | epsilon: 0.958 max: 42.54654768250255
Ep: 632 | Ep_r: 40.62 | t_so_far: {19347} | epsilon: 0.958 max: 42.54654768250255
Ep: 633 | Ep_r: 38.21 | t_so_far: {19379} | epsilon: 0.959 max: 42.54654768250255
Ep: 634 | Ep_r: 37.78 | t_so_far: {19419} | epsilon: 0.959 max: 42.54654768250255
Ep: 635 | Ep_r: 38.8 | t_so_far: {19469} | epsilon: 0.959 max: 42.54654768250255
Ep: 636 | Ep_r: 40.15 | t_so_far: {19519} | epsilon: 0.959 max: 42.54654768250255
Ep: 637 | Ep_r: 41.53 | t_so_far: {19569} | epsilon: 0.96 max: 42.54654768250255
Ep: 638 | Ep_r: 42.16 | t_so_far: {19619} | epsilon: 0.96 max: 42.54654768250255
Ep: 639 | Ep_r: 39.92 | t_so_far: {19654} | epsilon: 0.96 max: 42.54654768250255
Ep: 640 | Ep_r: 41.22 | t_so_far: {19704} | epsilon: 0.961 max: 42.54654768250255
Ep: 641 | Ep_r: 41.82 | t_so_far: {19754} | epsilon: 0.961 max: 42.54654768250255
Ep: 642 | Ep_r: 42.41 | t_so_far: {19804} | epsilon: 0.961 max: 42.54654768250255
Ep: 643 | Ep_r: 43.33 | t_so_far: {19854} | epsilon: 0.961 max: 43.33339132983382
Ep: 644 | Ep_r: 38.93 | t_so_far: {19878} | epsilon: 0.962 max: 43.33339132983382
Ep: 645 | Ep_r: 39.26 | t_so_far: {19923} | epsilon: 0.962 max: 43.33339132983382
Ep: 646 | Ep_r: 41.1 | t_so_far: {19973} | epsilon: 0.962 max: 43.33339132983382
Ep: 647 | Ep_r: 35.16 | t_so_far: {19986} | epsilon: 0.962 max: 43.33339132983382
Ep: 648 | Ep_r: 37.56 | t_so_far: {20036} | epsilon: 0.963 max: 43.33339132983382
Ep: 649 | Ep_r: 35.32 | t_so_far: {20064} | epsilon: 0.963 max: 43.33339132983382
Ep: 650 | Ep_r: 37.78 | t_so_far: {20114} | epsilon: 0.963 max: 43.33339132983382
Ep: 651 | Ep_r: 38.77 | t_so_far: {20164} | epsilon: 0.963 max: 43.33339132983382
Ep: 652 | Ep_r: 37.85 | t_so_far: {20200} | epsilon: 0.964 max: 43.33339132983382
Ep: 653 | Ep_r: 36.78 | t_so_far: {20234} | epsilon: 0.964 max: 43.33339132983382
Ep: 654 | Ep_r: 38.13 | t_so_far: {20284} | epsilon: 0.964 max: 43.33339132983382
Ep: 655 | Ep_r: 39.64 | t_so_far: {20334} | epsilon: 0.964 max: 43.33339132983382
Ep: 656 | Ep_r: 37.43 | t_so_far: {20367} | epsilon: 0.964 max: 43.33339132983382
Ep: 657 | Ep_r: 35.99 | t_so_far: {20403} | epsilon: 0.965 max: 43.33339132983382
Ep: 658 | Ep_r: 37.45 | t_so_far: {20453} | epsilon: 0.965 max: 43.33339132983382
Ep: 659 | Ep_r: 38.39 | t_so_far: {20503} | epsilon: 0.965 max: 43.33339132983382
Ep: 660 | Ep_r: 39.92 | t_so_far: {20553} | epsilon: 0.965 max: 43.33339132983382
Ep: 661 | Ep_r: 41.03 | t_so_far: {20603} | epsilon: 0.966 max: 43.33339132983382
Ep: 662 | Ep_r: 42.35 | t_so_far: {20653} | epsilon: 0.966 max: 43.33339132983382
Ep: 663 | Ep_r: 43.08 | t_so_far: {20703} | epsilon: 0.966 max: 43.33339132983382
Ep: 664 | Ep_r: 43.39 | t_so_far: {20753} | epsilon: 0.967 max: 43.38528408818206
Ep: 665 | Ep_r: 44.23 | t_so_far: {20803} | epsilon: 0.967 max: 44.228227270545645
Ep: 666 | Ep_r: 44.34 | t_so_far: {20853} | epsilon: 0.967 max: 44.34258181643652
Ep: 667 | Ep_r: 44.45 | t_so_far: {20903} | epsilon: 0.967 max: 44.44739878648255
Ep: 668 | Ep_r: 44.68 | t_so_far: {20953} | epsilon: 0.968 max: 44.68458569585272
Ep: 669 | Ep_r: 45.03 | t_so_far: {21003} | epsilon: 0.968 max: 45.03433522334885
Ep: 670 | Ep_r: 44.24 | t_so_far: {21048} | epsilon: 0.968 max: 45.03433522334885
Ep: 671 | Ep_r: 44.71 | t_so_far: {21098} | epsilon: 0.968 max: 45.03433522334885
Ep: 672 | Ep_r: 40.49 | t_so_far: {21124} | epsilon: 0.968 max: 45.03433522334885
Ep: 673 | Ep_r: 38.67 | t_so_far: {21158} | epsilon: 0.969 max: 45.03433522334885
Ep: 674 | Ep_r: 40.25 | t_so_far: {21208} | epsilon: 0.969 max: 45.03433522334885
Ep: 675 | Ep_r: 38.75 | t_so_far: {21242} | epsilon: 0.969 max: 45.03433522334885
Ep: 676 | Ep_r: 40.48 | t_so_far: {21292} | epsilon: 0.969 max: 45.03433522334885
Ep: 677 | Ep_r: 41.5 | t_so_far: {21342} | epsilon: 0.969 max: 45.03433522334885
Ep: 678 | Ep_r: 41.77 | t_so_far: {21392} | epsilon: 0.97 max: 45.03433522334885
Ep: 679 | Ep_r: 43.21 | t_so_far: {21442} | epsilon: 0.97 max: 45.03433522334885
Ep: 680 | Ep_r: 43.98 | t_so_far: {21492} | epsilon: 0.97 max: 45.03433522334885
Ep: 681 | Ep_r: 44.82 | t_so_far: {21542} | epsilon: 0.97 max: 45.03433522334885
Ep: 682 | Ep_r: 44.53 | t_so_far: {21591} | epsilon: 0.971 max: 45.03433522334885
Ep: 683 | Ep_r: 37.12 | t_so_far: {21600} | epsilon: 0.971 max: 45.03433522334885
Ep: 684 | Ep_r: 39.09 | t_so_far: {21650} | epsilon: 0.971 max: 45.03433522334885
Ep: 685 | Ep_r: 40.98 | t_so_far: {21700} | epsilon: 0.971 max: 45.03433522334885
Ep: 686 | Ep_r: 42.25 | t_so_far: {21750} | epsilon: 0.971 max: 45.03433522334885
Ep: 687 | Ep_r: 42.31 | t_so_far: {21800} | epsilon: 0.972 max: 45.03433522334885
Ep: 688 | Ep_r: 41.12 | t_so_far: {21838} | epsilon: 0.972 max: 45.03433522334885
Ep: 689 | Ep_r: 38.56 | t_so_far: {21868} | epsilon: 0.972 max: 45.03433522334885
Ep: 690 | Ep_r: 39.82 | t_so_far: {21918} | epsilon: 0.972 max: 45.03433522334885
Ep: 691 | Ep_r: 40.93 | t_so_far: {21968} | epsilon: 0.972 max: 45.03433522334885
Ep: 692 | Ep_r: 37.07 | t_so_far: {21991} | epsilon: 0.972 max: 45.03433522334885
Ep: 693 | Ep_r: 38.29 | t_so_far: {22041} | epsilon: 0.973 max: 45.03433522334885
Ep: 694 | Ep_r: 37.66 | t_so_far: {22078} | epsilon: 0.973 max: 45.03433522334885
Ep: 695 | Ep_r: 33.12 | t_so_far: {22095} | epsilon: 0.973 max: 45.03433522334885
Ep: 696 | Ep_r: 33.19 | t_so_far: {22132} | epsilon: 0.973 max: 45.03433522334885
Ep: 697 | Ep_r: 35.46 | t_so_far: {22182} | epsilon: 0.973 max: 45.03433522334885
Ep: 698 | Ep_r: 32.91 | t_so_far: {22208} | epsilon: 0.973 max: 45.03433522334885
Ep: 699 | Ep_r: 35.47 | t_so_far: {22258} | epsilon: 0.973 max: 45.03433522334885
Ep: 700 | Ep_r: 30.92 | t_so_far: {22272} | epsilon: 0.974 max: 45.03433522334885
Ep: 701 | Ep_r: 33.81 | t_so_far: {22322} | epsilon: 0.974 max: 45.03433522334885
Ep: 702 | Ep_r: 35.79 | t_so_far: {22370} | epsilon: 0.974 max: 45.03433522334885
Ep: 703 | Ep_r: 36.62 | t_so_far: {22412} | epsilon: 0.974 max: 45.03433522334885
Ep: 704 | Ep_r: 37.88 | t_so_far: {22462} | epsilon: 0.974 max: 45.03433522334885
Ep: 705 | Ep_r: 39.14 | t_so_far: {22512} | epsilon: 0.974 max: 45.03433522334885
Ep: 706 | Ep_r: 39.57 | t_so_far: {22562} | epsilon: 0.975 max: 45.03433522334885
Ep: 707 | Ep_r: 40.63 | t_so_far: {22612} | epsilon: 0.975 max: 45.03433522334885
Ep: 708 | Ep_r: 41.52 | t_so_far: {22662} | epsilon: 0.975 max: 45.03433522334885
Ep: 709 | Ep_r: 42.32 | t_so_far: {22712} | epsilon: 0.975 max: 45.03433522334885
Ep: 710 | Ep_r: 42.8 | t_so_far: {22762} | epsilon: 0.975 max: 45.03433522334885
Ep: 711 | Ep_r: 35.92 | t_so_far: {22772} | epsilon: 0.975 max: 45.03433522334885
Ep: 712 | Ep_r: 37.75 | t_so_far: {22822} | epsilon: 0.976 max: 45.03433522334885
Ep: 713 | Ep_r: 39.42 | t_so_far: {22872} | epsilon: 0.976 max: 45.03433522334885
Ep: 714 | Ep_r: 36.97 | t_so_far: {22902} | epsilon: 0.976 max: 45.03433522334885
Ep: 715 | Ep_r: 38.21 | t_so_far: {22952} | epsilon: 0.976 max: 45.03433522334885
Ep: 716 | Ep_r: 39.84 | t_so_far: {23002} | epsilon: 0.976 max: 45.03433522334885
Ep: 717 | Ep_r: 41.31 | t_so_far: {23052} | epsilon: 0.977 max: 45.03433522334885
Ep: 718 | Ep_r: 36.94 | t_so_far: {23073} | epsilon: 0.977 max: 45.03433522334885
Ep: 719 | Ep_r: 39.0 | t_so_far: {23123} | epsilon: 0.977 max: 45.03433522334885
Ep: 720 | Ep_r: 40.38 | t_so_far: {23173} | epsilon: 0.977 max: 45.03433522334885
Ep: 721 | Ep_r: 38.74 | t_so_far: {23208} | epsilon: 0.977 max: 45.03433522334885
Ep: 722 | Ep_r: 39.48 | t_so_far: {23254} | epsilon: 0.977 max: 45.03433522334885
Ep: 723 | Ep_r: 37.75 | t_so_far: {23290} | epsilon: 0.977 max: 45.03433522334885
Ep: 724 | Ep_r: 39.28 | t_so_far: {23340} | epsilon: 0.978 max: 45.03433522334885
Ep: 725 | Ep_r: 40.5 | t_so_far: {23390} | epsilon: 0.978 max: 45.03433522334885
Ep: 726 | Ep_r: 40.13 | t_so_far: {23431} | epsilon: 0.978 max: 45.03433522334885
Ep: 727 | Ep_r: 41.68 | t_so_far: {23481} | epsilon: 0.978 max: 45.03433522334885
Ep: 728 | Ep_r: 42.54 | t_so_far: {23531} | epsilon: 0.978 max: 45.03433522334885
Ep: 729 | Ep_r: 42.5 | t_so_far: {23581} | epsilon: 0.978 max: 45.03433522334885
Ep: 730 | Ep_r: 43.4 | t_so_far: {23631} | epsilon: 0.978 max: 45.03433522334885
Ep: 731 | Ep_r: 35.16 | t_so_far: {23634} | epsilon: 0.979 max: 45.03433522334885
Ep: 732 | Ep_r: 32.7 | t_so_far: {23658} | epsilon: 0.979 max: 45.03433522334885
Ep: 733 | Ep_r: 35.77 | t_so_far: {23708} | epsilon: 0.979 max: 45.03433522334885
Ep: 734 | Ep_r: 38.25 | t_so_far: {23758} | epsilon: 0.979 max: 45.03433522334885
Ep: 735 | Ep_r: 39.81 | t_so_far: {23808} | epsilon: 0.979 max: 45.03433522334885
Ep: 736 | Ep_r: 37.14 | t_so_far: {23839} | epsilon: 0.979 max: 45.03433522334885
Ep: 737 | Ep_r: 38.56 | t_so_far: {23889} | epsilon: 0.979 max: 45.03433522334885
Ep: 738 | Ep_r: 39.82 | t_so_far: {23939} | epsilon: 0.979 max: 45.03433522334885
Ep: 739 | Ep_r: 41.26 | t_so_far: {23989} | epsilon: 0.98 max: 45.03433522334885
Ep: 740 | Ep_r: 41.4 | t_so_far: {24039} | epsilon: 0.98 max: 45.03433522334885
Ep: 741 | Ep_r: 42.29 | t_so_far: {24089} | epsilon: 0.98 max: 45.03433522334885
Ep: 742 | Ep_r: 42.56 | t_so_far: {24139} | epsilon: 0.98 max: 45.03433522334885
Ep: 743 | Ep_r: 39.86 | t_so_far: {24173} | epsilon: 0.98 max: 45.03433522334885
Ep: 744 | Ep_r: 37.67 | t_so_far: {24205} | epsilon: 0.98 max: 45.03433522334885
Ep: 745 | Ep_r: 38.53 | t_so_far: {24255} | epsilon: 0.98 max: 45.03433522334885
Ep: 746 | Ep_r: 39.79 | t_so_far: {24305} | epsilon: 0.981 max: 45.03433522334885
Ep: 747 | Ep_r: 33.76 | t_so_far: {24317} | epsilon: 0.981 max: 45.03433522334885
Ep: 748 | Ep_r: 32.22 | t_so_far: {24347} | epsilon: 0.981 max: 45.03433522334885
Ep: 749 | Ep_r: 30.07 | t_so_far: {24373} | epsilon: 0.981 max: 45.03433522334885
Ep: 750 | Ep_r: 30.75 | t_so_far: {24411} | epsilon: 0.981 max: 45.03433522334885
Ep: 751 | Ep_r: 25.22 | t_so_far: {24415} | epsilon: 0.981 max: 45.03433522334885
Ep: 752 | Ep_r: 28.98 | t_so_far: {24465} | epsilon: 0.981 max: 45.03433522334885
Ep: 753 | Ep_r: 31.74 | t_so_far: {24515} | epsilon: 0.981 max: 45.03433522334885
Ep: 754 | Ep_r: 34.36 | t_so_far: {24565} | epsilon: 0.981 max: 45.03433522334885
Ep: 755 | Ep_r: 35.39 | t_so_far: {24615} | epsilon: 0.981 max: 45.03433522334885
Ep: 756 | Ep_r: 36.82 | t_so_far: {24665} | epsilon: 0.982 max: 45.03433522334885
Ep: 757 | Ep_r: 38.35 | t_so_far: {24715} | epsilon: 0.982 max: 45.03433522334885
Ep: 758 | Ep_r: 39.59 | t_so_far: {24765} | epsilon: 0.982 max: 45.03433522334885
Ep: 759 | Ep_r: 34.18 | t_so_far: {24780} | epsilon: 0.982 max: 45.03433522334885
Ep: 760 | Ep_r: 36.0 | t_so_far: {24830} | epsilon: 0.982 max: 45.03433522334885
Ep: 761 | Ep_r: 37.34 | t_so_far: {24880} | epsilon: 0.982 max: 45.03433522334885
Ep: 762 | Ep_r: 33.06 | t_so_far: {24897} | epsilon: 0.982 max: 45.03433522334885
Ep: 763 | Ep_r: 35.88 | t_so_far: {24947} | epsilon: 0.982 max: 45.03433522334885
Ep: 764 | Ep_r: 37.46 | t_so_far: {24994} | epsilon: 0.983 max: 45.03433522334885
Ep: 765 | Ep_r: 35.05 | t_so_far: {25021} | epsilon: 0.983 max: 45.03433522334885
Ep: 766 | Ep_r: 33.21 | t_so_far: {25051} | epsilon: 0.983 max: 45.03433522334885
Ep: 767 | Ep_r: 36.02 | t_so_far: {25101} | epsilon: 0.983 max: 45.03433522334885
Ep: 768 | Ep_r: 37.45 | t_so_far: {25151} | epsilon: 0.983 max: 45.03433522334885
Ep: 769 | Ep_r: 36.58 | t_so_far: {25188} | epsilon: 0.983 max: 45.03433522334885
Ep: 770 | Ep_r: 36.17 | t_so_far: {25227} | epsilon: 0.983 max: 45.03433522334885
Ep: 771 | Ep_r: 37.17 | t_so_far: {25277} | epsilon: 0.983 max: 45.03433522334885
Ep: 772 | Ep_r: 37.32 | t_so_far: {25319} | epsilon: 0.983 max: 45.03433522334885
Ep: 773 | Ep_r: 39.0 | t_so_far: {25369} | epsilon: 0.983 max: 45.03433522334885
Ep: 774 | Ep_r: 39.8 | t_so_far: {25419} | epsilon: 0.984 max: 45.03433522334885
Ep: 775 | Ep_r: 34.5 | t_so_far: {25435} | epsilon: 0.984 max: 45.03433522334885
Ep: 776 | Ep_r: 36.9 | t_so_far: {25485} | epsilon: 0.984 max: 45.03433522334885
Ep: 777 | Ep_r: 30.82 | t_so_far: {25493} | epsilon: 0.984 max: 45.03433522334885
Ep: 778 | Ep_r: 34.35 | t_so_far: {25543} | epsilon: 0.984 max: 45.03433522334885
Ep: 779 | Ep_r: 33.01 | t_so_far: {25574} | epsilon: 0.984 max: 45.03433522334885
Ep: 780 | Ep_r: 27.51 | t_so_far: {25581} | epsilon: 0.984 max: 45.03433522334885
Ep: 781 | Ep_r: 30.96 | t_so_far: {25631} | epsilon: 0.984 max: 45.03433522334885
Ep: 782 | Ep_r: 34.45 | t_so_far: {25681} | epsilon: 0.984 max: 45.03433522334885
Ep: 783 | Ep_r: 34.27 | t_so_far: {25718} | epsilon: 0.984 max: 45.03433522334885
Ep: 784 | Ep_r: 36.94 | t_so_far: {25768} | epsilon: 0.984 max: 45.03433522334885
Ep: 785 | Ep_r: 38.79 | t_so_far: {25818} | epsilon: 0.985 max: 45.03433522334885
Ep: 786 | Ep_r: 40.96 | t_so_far: {25868} | epsilon: 0.985 max: 45.03433522334885
Ep: 787 | Ep_r: 42.46 | t_so_far: {25918} | epsilon: 0.985 max: 45.03433522334885
Ep: 788 | Ep_r: 43.54 | t_so_far: {25968} | epsilon: 0.985 max: 45.03433522334885
Ep: 789 | Ep_r: 43.94 | t_so_far: {26018} | epsilon: 0.985 max: 45.03433522334885
Ep: 790 | Ep_r: 45.0 | t_so_far: {26068} | epsilon: 0.985 max: 45.03433522334885
Ep: 791 | Ep_r: 45.22 | t_so_far: {26118} | epsilon: 0.985 max: 45.22047250046647
Ep: 792 | Ep_r: 45.57 | t_so_far: {26168} | epsilon: 0.985 max: 45.569711333706515
Ep: 793 | Ep_r: 45.13 | t_so_far: {26218} | epsilon: 0.985 max: 45.569711333706515
Ep: 794 | Ep_r: 45.92 | t_so_far: {26268} | epsilon: 0.986 max: 45.916615253572175
Ep: 795 | Ep_r: 41.95 | t_so_far: {26297} | epsilon: 0.986 max: 45.916615253572175
Ep: 796 | Ep_r: 42.49 | t_so_far: {26347} | epsilon: 0.986 max: 45.916615253572175
Ep: 797 | Ep_r: 43.28 | t_so_far: {26397} | epsilon: 0.986 max: 45.916615253572175
Ep: 798 | Ep_r: 43.38 | t_so_far: {26447} | epsilon: 0.986 max: 45.916615253572175
Ep: 799 | Ep_r: 44.0 | t_so_far: {26496} | epsilon: 0.986 max: 45.916615253572175
Ep: 800 | Ep_r: 44.69 | t_so_far: {26546} | epsilon: 0.986 max: 45.916615253572175
Ep: 801 | Ep_r: 43.29 | t_so_far: {26591} | epsilon: 0.986 max: 45.916615253572175
Ep: 802 | Ep_r: 44.08 | t_so_far: {26641} | epsilon: 0.986 max: 45.916615253572175
Ep: 803 | Ep_r: 39.17 | t_so_far: {26664} | epsilon: 0.986 max: 45.916615253572175
Ep: 804 | Ep_r: 36.95 | t_so_far: {26696} | epsilon: 0.986 max: 45.916615253572175
Ep: 805 | Ep_r: 38.98 | t_so_far: {26746} | epsilon: 0.987 max: 45.916615253572175
Ep: 806 | Ep_r: 40.88 | t_so_far: {26796} | epsilon: 0.987 max: 45.916615253572175
Ep: 807 | Ep_r: 42.02 | t_so_far: {26846} | epsilon: 0.987 max: 45.916615253572175
Ep: 808 | Ep_r: 42.51 | t_so_far: {26896} | epsilon: 0.987 max: 45.916615253572175
Ep: 809 | Ep_r: 43.76 | t_so_far: {26946} | epsilon: 0.987 max: 45.916615253572175
Ep: 810 | Ep_r: 43.44 | t_so_far: {26996} | epsilon: 0.987 max: 45.916615253572175
Ep: 811 | Ep_r: 42.54 | t_so_far: {27046} | epsilon: 0.987 max: 45.916615253572175
Ep: 812 | Ep_r: 43.22 | t_so_far: {27096} | epsilon: 0.987 max: 45.916615253572175
Ep: 813 | Ep_r: 43.27 | t_so_far: {27146} | epsilon: 0.987 max: 45.916615253572175
Ep: 814 | Ep_r: 43.83 | t_so_far: {27196} | epsilon: 0.987 max: 45.916615253572175
Ep: 815 | Ep_r: 44.47 | t_so_far: {27246} | epsilon: 0.988 max: 45.916615253572175
Ep: 816 | Ep_r: 44.46 | t_so_far: {27296} | epsilon: 0.988 max: 45.916615253572175
Ep: 817 | Ep_r: 42.88 | t_so_far: {27346} | epsilon: 0.988 max: 45.916615253572175
Ep: 818 | Ep_r: 43.75 | t_so_far: {27396} | epsilon: 0.988 max: 45.916615253572175
Ep: 819 | Ep_r: 43.01 | t_so_far: {27439} | epsilon: 0.988 max: 45.916615253572175
Ep: 820 | Ep_r: 43.39 | t_so_far: {27489} | epsilon: 0.988 max: 45.916615253572175
Ep: 821 | Ep_r: 44.09 | t_so_far: {27539} | epsilon: 0.988 max: 45.916615253572175
Ep: 822 | Ep_r: 44.75 | t_so_far: {27589} | epsilon: 0.988 max: 45.916615253572175
Ep: 823 | Ep_r: 38.18 | t_so_far: {27602} | epsilon: 0.988 max: 45.916615253572175
Ep: 824 | Ep_r: 37.86 | t_so_far: {27641} | epsilon: 0.988 max: 45.916615253572175
Ep: 825 | Ep_r: 38.55 | t_so_far: {27691} | epsilon: 0.988 max: 45.916615253572175
Ep: 826 | Ep_r: 40.18 | t_so_far: {27741} | epsilon: 0.988 max: 45.916615253572175
Ep: 827 | Ep_r: 41.39 | t_so_far: {27791} | epsilon: 0.988 max: 45.916615253572175
Ep: 828 | Ep_r: 42.77 | t_so_far: {27841} | epsilon: 0.989 max: 45.916615253572175
Ep: 829 | Ep_r: 42.71 | t_so_far: {27891} | epsilon: 0.989 max: 45.916615253572175
Ep: 830 | Ep_r: 43.57 | t_so_far: {27941} | epsilon: 0.989 max: 45.916615253572175
Ep: 831 | Ep_r: 43.26 | t_so_far: {27991} | epsilon: 0.989 max: 45.916615253572175
Ep: 832 | Ep_r: 44.26 | t_so_far: {28041} | epsilon: 0.989 max: 45.916615253572175
Ep: 833 | Ep_r: 44.14 | t_so_far: {28091} | epsilon: 0.989 max: 45.916615253572175
Ep: 834 | Ep_r: 44.03 | t_so_far: {28141} | epsilon: 0.989 max: 45.916615253572175
Ep: 835 | Ep_r: 43.64 | t_so_far: {28191} | epsilon: 0.989 max: 45.916615253572175
Ep: 836 | Ep_r: 43.89 | t_so_far: {28241} | epsilon: 0.989 max: 45.916615253572175
Ep: 837 | Ep_r: 43.96 | t_so_far: {28291} | epsilon: 0.989 max: 45.916615253572175
Ep: 838 | Ep_r: 42.74 | t_so_far: {28341} | epsilon: 0.989 max: 45.916615253572175
Ep: 839 | Ep_r: 42.59 | t_so_far: {28391} | epsilon: 0.989 max: 45.916615253572175
Ep: 840 | Ep_r: 42.82 | t_so_far: {28440} | epsilon: 0.99 max: 45.916615253572175
Ep: 841 | Ep_r: 42.65 | t_so_far: {28490} | epsilon: 0.99 max: 45.916615253572175
Ep: 842 | Ep_r: 42.0 | t_so_far: {28540} | epsilon: 0.99 max: 45.916615253572175
Ep: 843 | Ep_r: 42.68 | t_so_far: {28590} | epsilon: 0.99 max: 45.916615253572175
Ep: 844 | Ep_r: 38.7 | t_so_far: {28619} | epsilon: 0.99 max: 45.916615253572175
Ep: 845 | Ep_r: 37.53 | t_so_far: {28655} | epsilon: 0.99 max: 45.916615253572175
Ep: 846 | Ep_r: 36.91 | t_so_far: {28696} | epsilon: 0.99 max: 45.916615253572175
Ep: 847 | Ep_r: 38.63 | t_so_far: {28746} | epsilon: 0.99 max: 45.916615253572175
Ep: 848 | Ep_r: 40.1 | t_so_far: {28796} | epsilon: 0.99 max: 45.916615253572175
Ep: 849 | Ep_r: 40.46 | t_so_far: {28846} | epsilon: 0.99 max: 45.916615253572175
Ep: 850 | Ep_r: 41.09 | t_so_far: {28896} | epsilon: 0.99 max: 45.916615253572175
Ep: 851 | Ep_r: 33.76 | t_so_far: {28902} | epsilon: 0.99 max: 45.916615253572175
Ep: 852 | Ep_r: 36.2 | t_so_far: {28952} | epsilon: 0.99 max: 45.916615253572175
Ep: 853 | Ep_r: 37.4 | t_so_far: {29002} | epsilon: 0.99 max: 45.916615253572175
Ep: 854 | Ep_r: 38.68 | t_so_far: {29052} | epsilon: 0.99 max: 45.916615253572175
Ep: 855 | Ep_r: 39.35 | t_so_far: {29102} | epsilon: 0.99 max: 45.916615253572175
Ep: 856 | Ep_r: 38.95 | t_so_far: {29152} | epsilon: 0.991 max: 45.916615253572175
Ep: 857 | Ep_r: 40.25 | t_so_far: {29202} | epsilon: 0.991 max: 45.916615253572175
Ep: 858 | Ep_r: 39.72 | t_so_far: {29252} | epsilon: 0.991 max: 45.916615253572175
Ep: 859 | Ep_r: 40.39 | t_so_far: {29302} | epsilon: 0.991 max: 45.916615253572175
Ep: 860 | Ep_r: 39.85 | t_so_far: {29345} | epsilon: 0.991 max: 45.916615253572175
Ep: 861 | Ep_r: 40.65 | t_so_far: {29395} | epsilon: 0.991 max: 45.916615253572175
Ep: 862 | Ep_r: 41.76 | t_so_far: {29445} | epsilon: 0.991 max: 45.916615253572175
Ep: 863 | Ep_r: 42.74 | t_so_far: {29495} | epsilon: 0.991 max: 45.916615253572175
Ep: 864 | Ep_r: 43.36 | t_so_far: {29545} | epsilon: 0.991 max: 45.916615253572175
Ep: 865 | Ep_r: 44.02 | t_so_far: {29595} | epsilon: 0.991 max: 45.916615253572175
Ep: 866 | Ep_r: 42.53 | t_so_far: {29645} | epsilon: 0.991 max: 45.916615253572175
Ep: 867 | Ep_r: 43.22 | t_so_far: {29695} | epsilon: 0.991 max: 45.916615253572175
Ep: 868 | Ep_r: 43.38 | t_so_far: {29745} | epsilon: 0.991 max: 45.916615253572175
Ep: 869 | Ep_r: 43.26 | t_so_far: {29795} | epsilon: 0.991 max: 45.916615253572175
Ep: 870 | Ep_r: 43.96 | t_so_far: {29845} | epsilon: 0.991 max: 45.916615253572175
Ep: 871 | Ep_r: 44.08 | t_so_far: {29895} | epsilon: 0.991 max: 45.916615253572175
Ep: 872 | Ep_r: 41.37 | t_so_far: {29937} | epsilon: 0.992 max: 45.916615253572175
Ep: 873 | Ep_r: 41.49 | t_so_far: {29987} | epsilon: 0.992 max: 45.916615253572175
Ep: 874 | Ep_r: 41.7 | t_so_far: {30037} | epsilon: 0.992 max: 45.916615253572175
Ep: 875 | Ep_r: 42.24 | t_so_far: {30087} | epsilon: 0.992 max: 45.916615253572175
Ep: 876 | Ep_r: 42.18 | t_so_far: {30137} | epsilon: 0.992 max: 45.916615253572175
Ep: 877 | Ep_r: 37.75 | t_so_far: {30159} | epsilon: 0.992 max: 45.916615253572175
Ep: 878 | Ep_r: 37.02 | t_so_far: {30199} | epsilon: 0.992 max: 45.916615253572175
Ep: 879 | Ep_r: 37.21 | t_so_far: {30246} | epsilon: 0.992 max: 45.916615253572175
Ep: 880 | Ep_r: 38.72 | t_so_far: {30296} | epsilon: 0.992 max: 45.916615253572175
Ep: 881 | Ep_r: 40.13 | t_so_far: {30346} | epsilon: 0.992 max: 45.916615253572175
Ep: 882 | Ep_r: 41.34 | t_so_far: {30396} | epsilon: 0.992 max: 45.916615253572175
Ep: 883 | Ep_r: 41.57 | t_so_far: {30446} | epsilon: 0.992 max: 45.916615253572175
Ep: 884 | Ep_r: 42.19 | t_so_far: {30496} | epsilon: 0.992 max: 45.916615253572175
Ep: 885 | Ep_r: 42.15 | t_so_far: {30546} | epsilon: 0.992 max: 45.916615253572175
Ep: 886 | Ep_r: 42.81 | t_so_far: {30596} | epsilon: 0.992 max: 45.916615253572175
Ep: 887 | Ep_r: 42.75 | t_so_far: {30646} | epsilon: 0.992 max: 45.916615253572175
Ep: 888 | Ep_r: 40.24 | t_so_far: {30679} | epsilon: 0.992 max: 45.916615253572175
Ep: 889 | Ep_r: 41.5 | t_so_far: {30729} | epsilon: 0.992 max: 45.916615253572175
Ep: 890 | Ep_r: 41.6 | t_so_far: {30779} | epsilon: 0.992 max: 45.916615253572175
Ep: 891 | Ep_r: 41.29 | t_so_far: {30823} | epsilon: 0.993 max: 45.916615253572175
Ep: 892 | Ep_r: 37.83 | t_so_far: {30850} | epsilon: 0.993 max: 45.916615253572175
Ep: 893 | Ep_r: 38.68 | t_so_far: {30900} | epsilon: 0.993 max: 45.916615253572175
Ep: 894 | Ep_r: 39.43 | t_so_far: {30950} | epsilon: 0.993 max: 45.916615253572175
Ep: 895 | Ep_r: 39.97 | t_so_far: {31000} | epsilon: 0.993 max: 45.916615253572175
Ep: 896 | Ep_r: 41.35 | t_so_far: {31050} | epsilon: 0.993 max: 45.916615253572175
Ep: 897 | Ep_r: 34.23 | t_so_far: {31057} | epsilon: 0.993 max: 45.916615253572175
Ep: 898 | Ep_r: 35.68 | t_so_far: {31107} | epsilon: 0.993 max: 45.916615253572175
Ep: 899 | Ep_r: 37.95 | t_so_far: {31157} | epsilon: 0.993 max: 45.916615253572175
Ep: 900 | Ep_r: 39.84 | t_so_far: {31207} | epsilon: 0.993 max: 45.916615253572175
Ep: 901 | Ep_r: 40.68 | t_so_far: {31257} | epsilon: 0.993 max: 45.916615253572175
Ep: 902 | Ep_r: 40.67 | t_so_far: {31307} | epsilon: 0.993 max: 45.916615253572175
Ep: 903 | Ep_r: 41.78 | t_so_far: {31357} | epsilon: 0.993 max: 45.916615253572175
Ep: 904 | Ep_r: 42.46 | t_so_far: {31407} | epsilon: 0.993 max: 45.916615253572175
Ep: 905 | Ep_r: 42.8 | t_so_far: {31457} | epsilon: 0.993 max: 45.916615253572175
Ep: 906 | Ep_r: 42.89 | t_so_far: {31507} | epsilon: 0.993 max: 45.916615253572175
Ep: 907 | Ep_r: 37.18 | t_so_far: {31525} | epsilon: 0.993 max: 45.916615253572175
Ep: 908 | Ep_r: 39.2 | t_so_far: {31575} | epsilon: 0.993 max: 45.916615253572175
Ep: 909 | Ep_r: 39.78 | t_so_far: {31625} | epsilon: 0.993 max: 45.916615253572175
Ep: 910 | Ep_r: 39.88 | t_so_far: {31673} | epsilon: 0.993 max: 45.916615253572175
Ep: 911 | Ep_r: 41.27 | t_so_far: {31723} | epsilon: 0.993 max: 45.916615253572175
Ep: 912 | Ep_r: 41.82 | t_so_far: {31773} | epsilon: 0.993 max: 45.916615253572175
Ep: 913 | Ep_r: 41.88 | t_so_far: {31823} | epsilon: 0.993 max: 45.916615253572175
Ep: 914 | Ep_r: 42.33 | t_so_far: {31873} | epsilon: 0.994 max: 45.916615253572175
Ep: 915 | Ep_r: 42.68 | t_so_far: {31923} | epsilon: 0.994 max: 45.916615253572175
Ep: 916 | Ep_r: 41.77 | t_so_far: {31973} | epsilon: 0.994 max: 45.916615253572175
Ep: 917 | Ep_r: 43.0 | t_so_far: {32023} | epsilon: 0.994 max: 45.916615253572175
Ep: 918 | Ep_r: 41.35 | t_so_far: {32063} | epsilon: 0.994 max: 45.916615253572175
Ep: 919 | Ep_r: 37.13 | t_so_far: {32087} | epsilon: 0.994 max: 45.916615253572175
Ep: 920 | Ep_r: 39.0 | t_so_far: {32137} | epsilon: 0.994 max: 45.916615253572175
Ep: 921 | Ep_r: 40.92 | t_so_far: {32187} | epsilon: 0.994 max: 45.916615253572175
Ep: 922 | Ep_r: 41.57 | t_so_far: {32237} | epsilon: 0.994 max: 45.916615253572175
Ep: 923 | Ep_r: 37.35 | t_so_far: {32260} | epsilon: 0.994 max: 45.916615253572175
Ep: 924 | Ep_r: 39.7 | t_so_far: {32310} | epsilon: 0.994 max: 45.916615253572175
Ep: 925 | Ep_r: 40.16 | t_so_far: {32356} | epsilon: 0.994 max: 45.916615253572175
Ep: 926 | Ep_r: 40.96 | t_so_far: {32406} | epsilon: 0.994 max: 45.916615253572175
Ep: 927 | Ep_r: 37.15 | t_so_far: {32431} | epsilon: 0.994 max: 45.916615253572175
Ep: 928 | Ep_r: 39.22 | t_so_far: {32481} | epsilon: 0.994 max: 45.916615253572175
Ep: 929 | Ep_r: 37.91 | t_so_far: {32515} | epsilon: 0.994 max: 45.916615253572175
Ep: 930 | Ep_r: 39.97 | t_so_far: {32565} | epsilon: 0.994 max: 45.916615253572175
Ep: 931 | Ep_r: 40.6 | t_so_far: {32615} | epsilon: 0.994 max: 45.916615253572175
Ep: 932 | Ep_r: 36.44 | t_so_far: {32637} | epsilon: 0.994 max: 45.916615253572175
Ep: 933 | Ep_r: 38.64 | t_so_far: {32687} | epsilon: 0.994 max: 45.916615253572175
Ep: 934 | Ep_r: 40.17 | t_so_far: {32737} | epsilon: 0.994 max: 45.916615253572175
Ep: 935 | Ep_r: 41.11 | t_so_far: {32787} | epsilon: 0.994 max: 45.916615253572175
Ep: 936 | Ep_r: 42.56 | t_so_far: {32837} | epsilon: 0.994 max: 45.916615253572175
Ep: 937 | Ep_r: 43.43 | t_so_far: {32887} | epsilon: 0.994 max: 45.916615253572175
Ep: 938 | Ep_r: 44.56 | t_so_far: {32937} | epsilon: 0.994 max: 45.916615253572175
Ep: 939 | Ep_r: 44.55 | t_so_far: {32984} | epsilon: 0.994 max: 45.916615253572175
Ep: 940 | Ep_r: 45.23 | t_so_far: {33034} | epsilon: 0.994 max: 45.916615253572175
Ep: 941 | Ep_r: 45.65 | t_so_far: {33084} | epsilon: 0.994 max: 45.916615253572175
Ep: 942 | Ep_r: 45.53 | t_so_far: {33134} | epsilon: 0.995 max: 45.916615253572175
Ep: 943 | Ep_r: 45.88 | t_so_far: {33184} | epsilon: 0.995 max: 45.916615253572175
Ep: 944 | Ep_r: 43.43 | t_so_far: {33219} | epsilon: 0.995 max: 45.916615253572175
Ep: 945 | Ep_r: 38.92 | t_so_far: {33242} | epsilon: 0.995 max: 45.916615253572175
Ep: 946 | Ep_r: 40.75 | t_so_far: {33292} | epsilon: 0.995 max: 45.916615253572175
Ep: 947 | Ep_r: 41.73 | t_so_far: {33342} | epsilon: 0.995 max: 45.916615253572175
Ep: 948 | Ep_r: 42.81 | t_so_far: {33392} | epsilon: 0.995 max: 45.916615253572175
Ep: 949 | Ep_r: 43.74 | t_so_far: {33442} | epsilon: 0.995 max: 45.916615253572175
Ep: 950 | Ep_r: 40.04 | t_so_far: {33469} | epsilon: 0.995 max: 45.916615253572175
Ep: 951 | Ep_r: 39.99 | t_so_far: {33511} | epsilon: 0.995 max: 45.916615253572175
Ep: 952 | Ep_r: 41.56 | t_so_far: {33561} | epsilon: 0.995 max: 45.916615253572175
Ep: 953 | Ep_r: 42.11 | t_so_far: {33611} | epsilon: 0.995 max: 45.916615253572175
Ep: 954 | Ep_r: 43.15 | t_so_far: {33661} | epsilon: 0.995 max: 45.916615253572175
Ep: 955 | Ep_r: 38.27 | t_so_far: {33682} | epsilon: 0.995 max: 45.916615253572175
Ep: 956 | Ep_r: 39.65 | t_so_far: {33732} | epsilon: 0.995 max: 45.916615253572175
Ep: 957 | Ep_r: 40.53 | t_so_far: {33778} | epsilon: 0.995 max: 45.916615253572175
Ep: 958 | Ep_r: 38.77 | t_so_far: {33812} | epsilon: 0.995 max: 45.916615253572175
Ep: 959 | Ep_r: 40.37 | t_so_far: {33862} | epsilon: 0.995 max: 45.916615253572175
Ep: 960 | Ep_r: 34.67 | t_so_far: {33877} | epsilon: 0.995 max: 45.916615253572175
Ep: 961 | Ep_r: 35.37 | t_so_far: {33918} | epsilon: 0.995 max: 45.916615253572175
Ep: 962 | Ep_r: 37.48 | t_so_far: {33968} | epsilon: 0.995 max: 45.916615253572175
Ep: 963 | Ep_r: 36.89 | t_so_far: {34005} | epsilon: 0.995 max: 45.916615253572175
Ep: 964 | Ep_r: 38.52 | t_so_far: {34055} | epsilon: 0.995 max: 45.916615253572175
Ep: 965 | Ep_r: 36.0 | t_so_far: {34085} | epsilon: 0.995 max: 45.916615253572175
Ep: 966 | Ep_r: 37.52 | t_so_far: {34135} | epsilon: 0.995 max: 45.916615253572175
Ep: 967 | Ep_r: 38.56 | t_so_far: {34185} | epsilon: 0.995 max: 45.916615253572175
Ep: 968 | Ep_r: 39.38 | t_so_far: {34235} | epsilon: 0.995 max: 45.916615253572175
Ep: 969 | Ep_r: 39.36 | t_so_far: {34285} | epsilon: 0.995 max: 45.916615253572175
Ep: 970 | Ep_r: 40.37 | t_so_far: {34335} | epsilon: 0.995 max: 45.916615253572175
Ep: 971 | Ep_r: 40.22 | t_so_far: {34385} | epsilon: 0.995 max: 45.916615253572175
Ep: 972 | Ep_r: 41.23 | t_so_far: {34435} | epsilon: 0.995 max: 45.916615253572175
Ep: 973 | Ep_r: 41.43 | t_so_far: {34485} | epsilon: 0.995 max: 45.916615253572175
Ep: 974 | Ep_r: 41.15 | t_so_far: {34535} | epsilon: 0.995 max: 45.916615253572175
Ep: 975 | Ep_r: 41.34 | t_so_far: {34585} | epsilon: 0.995 max: 45.916615253572175
Ep: 976 | Ep_r: 36.28 | t_so_far: {34602} | epsilon: 0.995 max: 45.916615253572175
Ep: 977 | Ep_r: 36.34 | t_so_far: {34652} | epsilon: 0.995 max: 45.916615253572175
Ep: 978 | Ep_r: 37.28 | t_so_far: {34702} | epsilon: 0.996 max: 45.916615253572175
Ep: 979 | Ep_r: 38.12 | t_so_far: {34752} | epsilon: 0.996 max: 45.916615253572175
Ep: 980 | Ep_r: 39.37 | t_so_far: {34802} | epsilon: 0.996 max: 45.916615253572175
Ep: 981 | Ep_r: 40.25 | t_so_far: {34852} | epsilon: 0.996 max: 45.916615253572175
Ep: 982 | Ep_r: 39.82 | t_so_far: {34902} | epsilon: 0.996 max: 45.916615253572175
Ep: 983 | Ep_r: 40.79 | t_so_far: {34952} | epsilon: 0.996 max: 45.916615253572175
Ep: 984 | Ep_r: 41.06 | t_so_far: {35002} | epsilon: 0.996 max: 45.916615253572175
Ep: 985 | Ep_r: 41.65 | t_so_far: {35052} | epsilon: 0.996 max: 45.916615253572175
Ep: 986 | Ep_r: 42.55 | t_so_far: {35102} | epsilon: 0.996 max: 45.916615253572175
Ep: 987 | Ep_r: 42.69 | t_so_far: {35152} | epsilon: 0.996 max: 45.916615253572175
Ep: 988 | Ep_r: 42.92 | t_so_far: {35202} | epsilon: 0.996 max: 45.916615253572175
Ep: 989 | Ep_r: 43.66 | t_so_far: {35252} | epsilon: 0.996 max: 45.916615253572175
Ep: 990 | Ep_r: 43.37 | t_so_far: {35302} | epsilon: 0.996 max: 45.916615253572175
Ep: 991 | Ep_r: 43.59 | t_so_far: {35352} | epsilon: 0.996 max: 45.916615253572175
Ep: 992 | Ep_r: 44.19 | t_so_far: {35402} | epsilon: 0.996 max: 45.916615253572175
Ep: 993 | Ep_r: 44.63 | t_so_far: {35452} | epsilon: 0.996 max: 45.916615253572175
Ep: 994 | Ep_r: 44.8 | t_so_far: {35502} | epsilon: 0.996 max: 45.916615253572175
Ep: 995 | Ep_r: 45.06 | t_so_far: {35552} | epsilon: 0.996 max: 45.916615253572175
Ep: 996 | Ep_r: 44.5 | t_so_far: {35602} | epsilon: 0.996 max: 45.916615253572175
Ep: 997 | Ep_r: 41.97 | t_so_far: {35640} | epsilon: 0.996 max: 45.916615253572175
Ep: 998 | Ep_r: 43.02 | t_so_far: {35690} | epsilon: 0.996 max: 45.916615253572175
Ep: 999 | Ep_r: 43.07 | t_so_far: {35740} | epsilon: 0.996 max: 45.916615253572175
Ep: 1000 | Ep_r: 42.92 | t_so_far: {35790} | epsilon: 0.996 max: 45.916615253572175
pygame 2.1.0 (SDL 2.0.16, Python 3.8.0)
Hello from the pygame community. https://www.pygame.org/contribute.html
Successfully set seed to 2
Dueling_DQN(
  (features): Sequential(
    (0): Conv2d(4, 32, kernel_size=(8, 8), stride=(4, 4))
    (1): ReLU()
    (2): Conv2d(32, 64, kernel_size=(4, 4), stride=(2, 2))
    (3): ReLU()
    (4): Conv2d(64, 64, kernel_size=(3, 3), stride=(1, 1))
    (5): ReLU()
  )
  (advantage): Sequential(
    (0): Linear(in_features=68160, out_features=512, bias=True)
    (1): ReLU()
    (2): Linear(in_features=512, out_features=5, bias=True)
  )
  (value): Sequential(
    (0): Linear(in_features=68160, out_features=512, bias=True)
    (1): ReLU()
    (2): Linear(in_features=512, out_features=1, bias=True)
  )
)
====================================
Model has been loaded...
====================================
step: 49, ep_reward: 43.76666666666667
step: 43, ep_reward: 41.80000000000001
step: 31, ep_reward: 26.666666666666675
step: 49, ep_reward: 43.86666666666667
step: 49, ep_reward: 40.09999999999998
step: 24, ep_reward: 22.433333333333337
step: 49, ep_reward: 46.06666666666665
step: 45, ep_reward: 39.43333333333332
step: 49, ep_reward: 43.866666666666674
step: 49, ep_reward: 44.83333333333328
pygame 2.1.0 (SDL 2.0.16, Python 3.8.0)
Hello from the pygame community. https://www.pygame.org/contribute.html
Successfully set seed to 2
Dueling_DQN(
  (features): Sequential(
    (0): Conv2d(4, 32, kernel_size=(8, 8), stride=(4, 4))
    (1): ReLU()
    (2): Conv2d(32, 64, kernel_size=(4, 4), stride=(2, 2))
    (3): ReLU()
    (4): Conv2d(64, 64, kernel_size=(3, 3), stride=(1, 1))
    (5): ReLU()
  )
  (advantage): Sequential(
    (0): Linear(in_features=68160, out_features=512, bias=True)
    (1): ReLU()
    (2): Linear(in_features=512, out_features=5, bias=True)
  )
  (value): Sequential(
    (0): Linear(in_features=68160, out_features=512, bias=True)
    (1): ReLU()
    (2): Linear(in_features=512, out_features=1, bias=True)
  )
)
====================================
Model has been loaded...
====================================
step: 49, ep_reward: 44.93333333333335
step: 49, ep_reward: 45.30000000000001
step: 44, ep_reward: 40.8
step: 49, ep_reward: 44.80000000000002
step: 49, ep_reward: 43.93333333333336
step: 49, ep_reward: 47.033333333333346
step: 49, ep_reward: 47.10000000000002
step: 49, ep_reward: 42.633333333333354
step: 49, ep_reward: 43.73333333333333
step: 49, ep_reward: 44.066666666666684
pygame 2.1.0 (SDL 2.0.16, Python 3.8.0)
Hello from the pygame community. https://www.pygame.org/contribute.html
Successfully set seed to 2
Dueling_DQN(
  (features): Sequential(
    (0): Conv2d(4, 32, kernel_size=(8, 8), stride=(4, 4))
    (1): ReLU()
    (2): Conv2d(32, 64, kernel_size=(4, 4), stride=(2, 2))
    (3): ReLU()
    (4): Conv2d(64, 64, kernel_size=(3, 3), stride=(1, 1))
    (5): ReLU()
  )
  (advantage): Sequential(
    (0): Linear(in_features=68160, out_features=512, bias=True)
    (1): ReLU()
    (2): Linear(in_features=512, out_features=5, bias=True)
  )
  (value): Sequential(
    (0): Linear(in_features=68160, out_features=512, bias=True)
    (1): ReLU()
    (2): Linear(in_features=512, out_features=1, bias=True)
  )
)
====================================
Model has been loaded...
====================================
step: 49, ep_reward: 43.76666666666669
step: 49, ep_reward: 43.33333333333336
step: 49, ep_reward: 48.266666666666666
step: 49, ep_reward: 45.16666666666667
step: 49, ep_reward: 45.66666666666667
step: 49, ep_reward: 43.06666666666669
step: 49, ep_reward: 46.03333333333334
step: 49, ep_reward: 41.43333333333336
step: 49, ep_reward: 46.699999999999996
step: 49, ep_reward: 45.366666666666674
