nohup: ignoring input
pygame 2.1.2 (SDL 2.0.16, Python 3.7.13)
Hello from the pygame community. https://www.pygame.org/contribute.html
Successfully set seed to 1
Ep: 0 | Ep_r: 37.67 | t_so_far: {50} | epsilon: 0.106 max: 37.66666666666666
Ep: 1 | Ep_r: 38.46 | t_so_far: {100} | epsilon: 0.112 max: 38.459999999999994
Ep: 2 | Ep_r: 36.46 | t_so_far: {135} | epsilon: 0.116 max: 38.459999999999994
Ep: 3 | Ep_r: 32.09 | t_so_far: {153} | epsilon: 0.118 max: 38.459999999999994
Ep: 4 | Ep_r: 34.61 | t_so_far: {203} | epsilon: 0.124 max: 38.459999999999994
Ep: 5 | Ep_r: 29.49 | t_so_far: {213} | epsilon: 0.125 max: 38.459999999999994
Ep: 6 | Ep_r: 24.25 | t_so_far: {217} | epsilon: 0.126 max: 38.459999999999994
Ep: 7 | Ep_r: 24.53 | t_so_far: {247} | epsilon: 0.129 max: 38.459999999999994
Ep: 8 | Ep_r: 26.53 | t_so_far: {290} | epsilon: 0.134 max: 38.459999999999994
Ep: 9 | Ep_r: 23.19 | t_so_far: {301} | epsilon: 0.135 max: 38.459999999999994
Ep: 10 | Ep_r: 19.2 | t_so_far: {305} | epsilon: 0.136 max: 38.459999999999994
Ep: 11 | Ep_r: 21.96 | t_so_far: {345} | epsilon: 0.14 max: 38.459999999999994
Ep: 12 | Ep_r: 21.24 | t_so_far: {366} | epsilon: 0.143 max: 38.459999999999994
Ep: 13 | Ep_r: 22.21 | t_so_far: {397} | epsilon: 0.146 max: 38.459999999999994
Ep: 14 | Ep_r: 18.72 | t_so_far: {403} | epsilon: 0.147 max: 38.459999999999994
Ep: 15 | Ep_r: 18.37 | t_so_far: {424} | epsilon: 0.149 max: 38.459999999999994
Ep: 16 | Ep_r: 22.98 | t_so_far: {474} | epsilon: 0.155 max: 38.459999999999994
Ep: 17 | Ep_r: 21.21 | t_so_far: {489} | epsilon: 0.157 max: 38.459999999999994
Ep: 18 | Ep_r: 18.69 | t_so_far: {499} | epsilon: 0.158 max: 38.459999999999994
Ep: 19 | Ep_r: 17.48 | t_so_far: {513} | epsilon: 0.159 max: 38.459999999999994
Ep: 20 | Ep_r: 16.83 | t_so_far: {531} | epsilon: 0.161 max: 38.459999999999994
Ep: 21 | Ep_r: 16.15 | t_so_far: {547} | epsilon: 0.163 max: 38.459999999999994
Ep: 22 | Ep_r: 18.31 | t_so_far: {579} | epsilon: 0.167 max: 38.459999999999994
Ep: 23 | Ep_r: 22.04 | t_so_far: {623} | epsilon: 0.172 max: 38.459999999999994
Ep: 24 | Ep_r: 18.38 | t_so_far: {628} | epsilon: 0.172 max: 38.459999999999994
Ep: 25 | Ep_r: 17.39 | t_so_far: {644} | epsilon: 0.174 max: 38.459999999999994
Ep: 26 | Ep_r: 21.93 | t_so_far: {694} | epsilon: 0.179 max: 38.459999999999994
Ep: 27 | Ep_r: 18.01 | t_so_far: {697} | epsilon: 0.18 max: 38.459999999999994
Ep: 28 | Ep_r: 16.86 | t_so_far: {711} | epsilon: 0.181 max: 38.459999999999994
Ep: 29 | Ep_r: 14.26 | t_so_far: {716} | epsilon: 0.182 max: 38.459999999999994
Ep: 30 | Ep_r: 12.01 | t_so_far: {720} | epsilon: 0.182 max: 38.459999999999994
Ep: 31 | Ep_r: 12.82 | t_so_far: {738} | epsilon: 0.184 max: 38.459999999999994
Ep: 32 | Ep_r: 10.69 | t_so_far: {741} | epsilon: 0.184 max: 38.459999999999994
Ep: 33 | Ep_r: 12.79 | t_so_far: {766} | epsilon: 0.187 max: 38.459999999999994
Ep: 34 | Ep_r: 17.92 | t_so_far: {816} | epsilon: 0.193 max: 38.459999999999994
Ep: 35 | Ep_r: 20.61 | t_so_far: {853} | epsilon: 0.197 max: 38.459999999999994
Ep: 36 | Ep_r: 17.4 | t_so_far: {859} | epsilon: 0.197 max: 38.459999999999994
Ep: 37 | Ep_r: 16.56 | t_so_far: {875} | epsilon: 0.199 max: 38.459999999999994
Ep: 38 | Ep_r: 21.3 | t_so_far: {925} | epsilon: 0.204 max: 38.459999999999994
Ep: 39 | Ep_r: 20.46 | t_so_far: {944} | epsilon: 0.206 max: 38.459999999999994
Ep: 40 | Ep_r: 17.16 | t_so_far: {949} | epsilon: 0.207 max: 38.459999999999994
Ep: 41 | Ep_r: 17.58 | t_so_far: {970} | epsilon: 0.209 max: 38.459999999999994
Ep: 42 | Ep_r: 20.14 | t_so_far: {1006} | epsilon: 0.213 max: 38.459999999999994
Ep: 43 | Ep_r: 19.76 | t_so_far: {1028} | epsilon: 0.215 max: 38.459999999999994
Ep: 44 | Ep_r: 21.12 | t_so_far: {1061} | epsilon: 0.218 max: 38.459999999999994
Ep: 45 | Ep_r: 21.29 | t_so_far: {1088} | epsilon: 0.221 max: 38.459999999999994
Ep: 46 | Ep_r: 22.25 | t_so_far: {1120} | epsilon: 0.225 max: 38.459999999999994
Ep: 47 | Ep_r: 19.44 | t_so_far: {1129} | epsilon: 0.226 max: 38.459999999999994
Ep: 48 | Ep_r: 17.92 | t_so_far: {1142} | epsilon: 0.227 max: 38.459999999999994
Ep: 49 | Ep_r: 20.48 | t_so_far: {1178} | epsilon: 0.231 max: 38.459999999999994
Ep: 50 | Ep_r: 21.11 | t_so_far: {1207} | epsilon: 0.234 max: 38.459999999999994
Ep: 51 | Ep_r: 17.91 | t_so_far: {1214} | epsilon: 0.234 max: 38.459999999999994
Ep: 52 | Ep_r: 16.07 | t_so_far: {1224} | epsilon: 0.235 max: 38.459999999999994
Ep: 53 | Ep_r: 13.31 | t_so_far: {1227} | epsilon: 0.236 max: 38.459999999999994
Ep: 54 | Ep_r: 12.99 | t_so_far: {1241} | epsilon: 0.237 max: 38.459999999999994
Ep: 55 | Ep_r: 18.81 | t_so_far: {1291} | epsilon: 0.242 max: 38.459999999999994
Ep: 56 | Ep_r: 21.94 | t_so_far: {1332} | epsilon: 0.246 max: 38.459999999999994
Ep: 57 | Ep_r: 20.27 | t_so_far: {1350} | epsilon: 0.248 max: 38.459999999999994
Ep: 58 | Ep_r: 16.67 | t_so_far: {1353} | epsilon: 0.248 max: 38.459999999999994
Ep: 59 | Ep_r: 17.2 | t_so_far: {1376} | epsilon: 0.251 max: 38.459999999999994
Ep: 60 | Ep_r: 16.71 | t_so_far: {1394} | epsilon: 0.252 max: 38.459999999999994
Ep: 61 | Ep_r: 13.8 | t_so_far: {1397} | epsilon: 0.253 max: 38.459999999999994
Ep: 62 | Ep_r: 15.71 | t_so_far: {1425} | epsilon: 0.255 max: 38.459999999999994
Ep: 63 | Ep_r: 14.32 | t_so_far: {1436} | epsilon: 0.257 max: 38.459999999999994
Ep: 64 | Ep_r: 14.34 | t_so_far: {1452} | epsilon: 0.258 max: 38.459999999999994
Ep: 65 | Ep_r: 13.24 | t_so_far: {1462} | epsilon: 0.259 max: 38.459999999999994
Ep: 66 | Ep_r: 11.74 | t_so_far: {1469} | epsilon: 0.26 max: 38.459999999999994
Ep: 67 | Ep_r: 11.88 | t_so_far: {1483} | epsilon: 0.261 max: 38.459999999999994
Ep: 68 | Ep_r: 10.08 | t_so_far: {1487} | epsilon: 0.262 max: 38.459999999999994
Ep: 69 | Ep_r: 14.07 | t_so_far: {1522} | epsilon: 0.265 max: 38.459999999999994
Ep: 70 | Ep_r: 12.85 | t_so_far: {1532} | epsilon: 0.266 max: 38.459999999999994
Ep: 71 | Ep_r: 10.75 | t_so_far: {1535} | epsilon: 0.266 max: 38.459999999999994
Ep: 72 | Ep_r: 17.2 | t_so_far: {1585} | epsilon: 0.271 max: 38.459999999999994
Ep: 73 | Ep_r: 16.5 | t_so_far: {1600} | epsilon: 0.273 max: 38.459999999999994
Ep: 74 | Ep_r: 21.4 | t_so_far: {1650} | epsilon: 0.277 max: 38.459999999999994
Ep: 75 | Ep_r: 23.25 | t_so_far: {1683} | epsilon: 0.281 max: 38.459999999999994
Ep: 76 | Ep_r: 20.24 | t_so_far: {1692} | epsilon: 0.281 max: 38.459999999999994
Ep: 77 | Ep_r: 17.34 | t_so_far: {1699} | epsilon: 0.282 max: 38.459999999999994
Ep: 78 | Ep_r: 16.21 | t_so_far: {1713} | epsilon: 0.283 max: 38.459999999999994
Ep: 79 | Ep_r: 15.16 | t_so_far: {1726} | epsilon: 0.285 max: 38.459999999999994
Ep: 80 | Ep_r: 12.56 | t_so_far: {1729} | epsilon: 0.285 max: 38.459999999999994
Ep: 81 | Ep_r: 12.6 | t_so_far: {1744} | epsilon: 0.286 max: 38.459999999999994
Ep: 82 | Ep_r: 11.28 | t_so_far: {1751} | epsilon: 0.287 max: 38.459999999999994
Ep: 83 | Ep_r: 11.94 | t_so_far: {1768} | epsilon: 0.289 max: 38.459999999999994
Ep: 84 | Ep_r: 11.96 | t_so_far: {1781} | epsilon: 0.29 max: 38.459999999999994
Ep: 85 | Ep_r: 10.2 | t_so_far: {1785} | epsilon: 0.29 max: 38.459999999999994
Ep: 86 | Ep_r: 8.95 | t_so_far: {1790} | epsilon: 0.291 max: 38.459999999999994
Ep: 87 | Ep_r: 8.78 | t_so_far: {1800} | epsilon: 0.292 max: 38.459999999999994
Ep: 88 | Ep_r: 10.52 | t_so_far: {1820} | epsilon: 0.294 max: 38.459999999999994
Ep: 89 | Ep_r: 8.87 | t_so_far: {1823} | epsilon: 0.294 max: 38.459999999999994
Ep: 90 | Ep_r: 12.4 | t_so_far: {1853} | epsilon: 0.297 max: 38.459999999999994
Ep: 91 | Ep_r: 15.33 | t_so_far: {1885} | epsilon: 0.3 max: 38.459999999999994
Ep: 92 | Ep_r: 20.35 | t_so_far: {1935} | epsilon: 0.304 max: 38.459999999999994
Ep: 93 | Ep_r: 16.88 | t_so_far: {1939} | epsilon: 0.305 max: 38.459999999999994
Ep: 94 | Ep_r: 18.45 | t_so_far: {1969} | epsilon: 0.307 max: 38.459999999999994
Ep: 95 | Ep_r: 20.13 | t_so_far: {1999} | epsilon: 0.31 max: 38.459999999999994
Ep: 96 | Ep_r: 24.24 | t_so_far: {2049} | epsilon: 0.315 max: 38.459999999999994
Ep: 97 | Ep_r: 21.49 | t_so_far: {2062} | epsilon: 0.316 max: 38.459999999999994
Ep: 98 | Ep_r: 25.42 | t_so_far: {2112} | epsilon: 0.321 max: 38.459999999999994
Ep: 99 | Ep_r: 28.88 | t_so_far: {2162} | epsilon: 0.325 max: 38.459999999999994
Ep: 100 | Ep_r: 31.66 | t_so_far: {2212} | epsilon: 0.33 max: 38.459999999999994
Ep: 101 | Ep_r: 33.58 | t_so_far: {2262} | epsilon: 0.334 max: 38.459999999999994
Ep: 102 | Ep_r: 34.64 | t_so_far: {2312} | epsilon: 0.338 max: 38.459999999999994
Ep: 103 | Ep_r: 34.07 | t_so_far: {2352} | epsilon: 0.342 max: 38.459999999999994
Ep: 104 | Ep_r: 28.22 | t_so_far: {2358} | epsilon: 0.342 max: 38.459999999999994
Ep: 105 | Ep_r: 23.2 | t_so_far: {2362} | epsilon: 0.343 max: 38.459999999999994
Ep: 106 | Ep_r: 19.36 | t_so_far: {2367} | epsilon: 0.343 max: 38.459999999999994
Ep: 107 | Ep_r: 17.6 | t_so_far: {2380} | epsilon: 0.344 max: 38.459999999999994
Ep: 108 | Ep_r: 22.19 | t_so_far: {2430} | epsilon: 0.349 max: 38.459999999999994
Ep: 109 | Ep_r: 21.07 | t_so_far: {2449} | epsilon: 0.35 max: 38.459999999999994
Ep: 110 | Ep_r: 24.93 | t_so_far: {2499} | epsilon: 0.355 max: 38.459999999999994
Ep: 111 | Ep_r: 21.31 | t_so_far: {2508} | epsilon: 0.355 max: 38.459999999999994
Ep: 112 | Ep_r: 17.71 | t_so_far: {2512} | epsilon: 0.356 max: 38.459999999999994
Ep: 113 | Ep_r: 15.9 | t_so_far: {2522} | epsilon: 0.357 max: 38.459999999999994
Ep: 114 | Ep_r: 20.76 | t_so_far: {2572} | epsilon: 0.361 max: 38.459999999999994
Ep: 115 | Ep_r: 17.56 | t_so_far: {2578} | epsilon: 0.361 max: 38.459999999999994
Ep: 116 | Ep_r: 22.14 | t_so_far: {2628} | epsilon: 0.366 max: 38.459999999999994
Ep: 117 | Ep_r: 19.95 | t_so_far: {2643} | epsilon: 0.367 max: 38.459999999999994
Ep: 118 | Ep_r: 18.58 | t_so_far: {2659} | epsilon: 0.368 max: 38.459999999999994
Ep: 119 | Ep_r: 20.76 | t_so_far: {2694} | epsilon: 0.371 max: 38.459999999999994
Ep: 120 | Ep_r: 17.88 | t_so_far: {2702} | epsilon: 0.372 max: 38.459999999999994
Ep: 121 | Ep_r: 15.28 | t_so_far: {2708} | epsilon: 0.372 max: 38.459999999999994
Ep: 122 | Ep_r: 18.27 | t_so_far: {2746} | epsilon: 0.376 max: 38.459999999999994
Ep: 123 | Ep_r: 20.66 | t_so_far: {2781} | epsilon: 0.378 max: 38.459999999999994
Ep: 124 | Ep_r: 21.3 | t_so_far: {2810} | epsilon: 0.381 max: 38.459999999999994
Ep: 125 | Ep_r: 17.69 | t_so_far: {2814} | epsilon: 0.381 max: 38.459999999999994
Ep: 126 | Ep_r: 17.7 | t_so_far: {2834} | epsilon: 0.383 max: 38.459999999999994
Ep: 127 | Ep_r: 21.26 | t_so_far: {2878} | epsilon: 0.386 max: 38.459999999999994
Ep: 128 | Ep_r: 19.12 | t_so_far: {2890} | epsilon: 0.387 max: 38.459999999999994
Ep: 129 | Ep_r: 16.21 | t_so_far: {2896} | epsilon: 0.388 max: 38.459999999999994
Ep: 130 | Ep_r: 15.87 | t_so_far: {2914} | epsilon: 0.389 max: 38.459999999999994
Ep: 131 | Ep_r: 19.32 | t_so_far: {2950} | epsilon: 0.392 max: 38.459999999999994
Ep: 132 | Ep_r: 18.33 | t_so_far: {2967} | epsilon: 0.394 max: 38.459999999999994
Ep: 133 | Ep_r: 22.35 | t_so_far: {3017} | epsilon: 0.398 max: 38.459999999999994
Ep: 134 | Ep_r: 18.28 | t_so_far: {3020} | epsilon: 0.398 max: 38.459999999999994
Ep: 135 | Ep_r: 16.44 | t_so_far: {3031} | epsilon: 0.399 max: 38.459999999999994
Ep: 136 | Ep_r: 13.96 | t_so_far: {3036} | epsilon: 0.399 max: 38.459999999999994
Ep: 137 | Ep_r: 17.17 | t_so_far: {3075} | epsilon: 0.402 max: 38.459999999999994
Ep: 138 | Ep_r: 20.04 | t_so_far: {3114} | epsilon: 0.405 max: 38.459999999999994
Ep: 139 | Ep_r: 24.0 | t_so_far: {3164} | epsilon: 0.409 max: 38.459999999999994
Ep: 140 | Ep_r: 21.55 | t_so_far: {3178} | epsilon: 0.41 max: 38.459999999999994
Ep: 141 | Ep_r: 25.43 | t_so_far: {3228} | epsilon: 0.414 max: 38.459999999999994
Ep: 142 | Ep_r: 23.92 | t_so_far: {3249} | epsilon: 0.416 max: 38.459999999999994
Ep: 143 | Ep_r: 20.51 | t_so_far: {3257} | epsilon: 0.417 max: 38.459999999999994
Ep: 144 | Ep_r: 17.3 | t_so_far: {3263} | epsilon: 0.417 max: 38.459999999999994
Ep: 145 | Ep_r: 22.04 | t_so_far: {3313} | epsilon: 0.421 max: 38.459999999999994
Ep: 146 | Ep_r: 20.33 | t_so_far: {3329} | epsilon: 0.422 max: 38.459999999999994
Ep: 147 | Ep_r: 17.06 | t_so_far: {3334} | epsilon: 0.423 max: 38.459999999999994
Ep: 148 | Ep_r: 14.11 | t_so_far: {3337} | epsilon: 0.423 max: 38.459999999999994
Ep: 149 | Ep_r: 15.32 | t_so_far: {3360} | epsilon: 0.425 max: 38.459999999999994
Ep: 150 | Ep_r: 19.26 | t_so_far: {3400} | epsilon: 0.428 max: 38.459999999999994
Ep: 151 | Ep_r: 16.71 | t_so_far: {3409} | epsilon: 0.428 max: 38.459999999999994
Ep: 152 | Ep_r: 16.85 | t_so_far: {3430} | epsilon: 0.43 max: 38.459999999999994
Ep: 153 | Ep_r: 14.98 | t_so_far: {3439} | epsilon: 0.431 max: 38.459999999999994
Ep: 154 | Ep_r: 13.5 | t_so_far: {3448} | epsilon: 0.431 max: 38.459999999999994
Ep: 155 | Ep_r: 12.24 | t_so_far: {3457} | epsilon: 0.432 max: 38.459999999999994
Ep: 156 | Ep_r: 11.72 | t_so_far: {3468} | epsilon: 0.433 max: 38.459999999999994
Ep: 157 | Ep_r: 10.41 | t_so_far: {3474} | epsilon: 0.433 max: 38.459999999999994
Ep: 158 | Ep_r: 12.17 | t_so_far: {3498} | epsilon: 0.435 max: 38.459999999999994
Ep: 159 | Ep_r: 14.73 | t_so_far: {3526} | epsilon: 0.437 max: 38.459999999999994
Ep: 160 | Ep_r: 15.7 | t_so_far: {3550} | epsilon: 0.439 max: 38.459999999999994
Ep: 161 | Ep_r: 17.88 | t_so_far: {3581} | epsilon: 0.441 max: 38.459999999999994
Ep: 162 | Ep_r: 17.54 | t_so_far: {3601} | epsilon: 0.443 max: 38.459999999999994
Ep: 163 | Ep_r: 18.9 | t_so_far: {3631} | epsilon: 0.445 max: 38.459999999999994
Ep: 164 | Ep_r: 23.07 | t_so_far: {3681} | epsilon: 0.449 max: 38.459999999999994
Ep: 165 | Ep_r: 20.85 | t_so_far: {3695} | epsilon: 0.45 max: 38.459999999999994
Ep: 166 | Ep_r: 17.52 | t_so_far: {3700} | epsilon: 0.45 max: 38.459999999999994
Ep: 167 | Ep_r: 17.71 | t_so_far: {3720} | epsilon: 0.451 max: 38.459999999999994
Ep: 168 | Ep_r: 21.82 | t_so_far: {3770} | epsilon: 0.455 max: 38.459999999999994
Ep: 169 | Ep_r: 20.77 | t_so_far: {3791} | epsilon: 0.457 max: 38.459999999999994
Ep: 170 | Ep_r: 24.72 | t_so_far: {3841} | epsilon: 0.46 max: 38.459999999999994
Ep: 171 | Ep_r: 20.03 | t_so_far: {3843} | epsilon: 0.46 max: 38.459999999999994
Ep: 172 | Ep_r: 22.53 | t_so_far: {3881} | epsilon: 0.463 max: 38.459999999999994
Ep: 173 | Ep_r: 21.35 | t_so_far: {3902} | epsilon: 0.465 max: 38.459999999999994
Ep: 174 | Ep_r: 18.98 | t_so_far: {3913} | epsilon: 0.465 max: 38.459999999999994
Ep: 175 | Ep_r: 20.98 | t_so_far: {3947} | epsilon: 0.468 max: 38.459999999999994
Ep: 176 | Ep_r: 19.97 | t_so_far: {3965} | epsilon: 0.469 max: 38.459999999999994
Ep: 177 | Ep_r: 16.43 | t_so_far: {3968} | epsilon: 0.469 max: 38.459999999999994
Ep: 178 | Ep_r: 18.49 | t_so_far: {4001} | epsilon: 0.472 max: 38.459999999999994
Ep: 179 | Ep_r: 22.18 | t_so_far: {4047} | epsilon: 0.475 max: 38.459999999999994
Ep: 180 | Ep_r: 23.09 | t_so_far: {4080} | epsilon: 0.477 max: 38.459999999999994
Ep: 181 | Ep_r: 20.28 | t_so_far: {4091} | epsilon: 0.478 max: 38.459999999999994
Ep: 182 | Ep_r: 23.88 | t_so_far: {4141} | epsilon: 0.481 max: 38.459999999999994
Ep: 183 | Ep_r: 21.23 | t_so_far: {4153} | epsilon: 0.482 max: 38.459999999999994
Ep: 184 | Ep_r: 25.07 | t_so_far: {4203} | epsilon: 0.486 max: 38.459999999999994
Ep: 185 | Ep_r: 28.62 | t_so_far: {4253} | epsilon: 0.489 max: 38.459999999999994
Ep: 186 | Ep_r: 23.94 | t_so_far: {4260} | epsilon: 0.49 max: 38.459999999999994
Ep: 187 | Ep_r: 25.67 | t_so_far: {4296} | epsilon: 0.492 max: 38.459999999999994
Ep: 188 | Ep_r: 27.74 | t_so_far: {4336} | epsilon: 0.495 max: 38.459999999999994
Ep: 189 | Ep_r: 23.63 | t_so_far: {4345} | epsilon: 0.495 max: 38.459999999999994
Ep: 190 | Ep_r: 21.43 | t_so_far: {4361} | epsilon: 0.496 max: 38.459999999999994
Ep: 191 | Ep_r: 18.07 | t_so_far: {4367} | epsilon: 0.497 max: 38.459999999999994
Ep: 192 | Ep_r: 18.63 | t_so_far: {4391} | epsilon: 0.498 max: 38.459999999999994
Ep: 193 | Ep_r: 22.84 | t_so_far: {4441} | epsilon: 0.502 max: 38.459999999999994
Ep: 194 | Ep_r: 26.13 | t_so_far: {4491} | epsilon: 0.505 max: 38.459999999999994
Ep: 195 | Ep_r: 24.67 | t_so_far: {4512} | epsilon: 0.506 max: 38.459999999999994
Ep: 196 | Ep_r: 24.11 | t_so_far: {4540} | epsilon: 0.508 max: 38.459999999999994
Ep: 197 | Ep_r: 27.07 | t_so_far: {4590} | epsilon: 0.511 max: 38.459999999999994
Ep: 198 | Ep_r: 28.93 | t_so_far: {4640} | epsilon: 0.515 max: 38.459999999999994
Ep: 199 | Ep_r: 26.97 | t_so_far: {4663} | epsilon: 0.516 max: 38.459999999999994
Ep: 200 | Ep_r: 24.8 | t_so_far: {4683} | epsilon: 0.517 max: 38.459999999999994
Ep: 201 | Ep_r: 20.1 | t_so_far: {4685} | epsilon: 0.518 max: 38.459999999999994
Ep: 202 | Ep_r: 22.24 | t_so_far: {4727} | epsilon: 0.52 max: 38.459999999999994
Ep: 203 | Ep_r: 25.95 | t_so_far: {4777} | epsilon: 0.523 max: 38.459999999999994
Ep: 204 | Ep_r: 21.22 | t_so_far: {4780} | epsilon: 0.524 max: 38.459999999999994
Ep: 205 | Ep_r: 18.43 | t_so_far: {4789} | epsilon: 0.524 max: 38.459999999999994
Ep: 206 | Ep_r: 22.89 | t_so_far: {4839} | epsilon: 0.527 max: 38.459999999999994
Ep: 207 | Ep_r: 21.2 | t_so_far: {4856} | epsilon: 0.528 max: 38.459999999999994
Ep: 208 | Ep_r: 25.28 | t_so_far: {4906} | epsilon: 0.532 max: 38.459999999999994
Ep: 209 | Ep_r: 21.01 | t_so_far: {4911} | epsilon: 0.532 max: 38.459999999999994
Ep: 210 | Ep_r: 17.94 | t_so_far: {4918} | epsilon: 0.532 max: 38.459999999999994
Ep: 211 | Ep_r: 22.63 | t_so_far: {4968} | epsilon: 0.535 max: 38.459999999999994
Ep: 212 | Ep_r: 23.29 | t_so_far: {4999} | epsilon: 0.537 max: 38.459999999999994
Ep: 213 | Ep_r: 20.19 | t_so_far: {5008} | epsilon: 0.538 max: 38.459999999999994
Ep: 214 | Ep_r: 20.22 | t_so_far: {5032} | epsilon: 0.539 max: 38.459999999999994
Ep: 215 | Ep_r: 24.07 | t_so_far: {5082} | epsilon: 0.542 max: 38.459999999999994
Ep: 216 | Ep_r: 27.58 | t_so_far: {5132} | epsilon: 0.545 max: 38.459999999999994
Ep: 217 | Ep_r: 29.62 | t_so_far: {5182} | epsilon: 0.548 max: 38.459999999999994
Ep: 218 | Ep_r: 31.51 | t_so_far: {5232} | epsilon: 0.551 max: 38.459999999999994
Ep: 219 | Ep_r: 26.38 | t_so_far: {5239} | epsilon: 0.552 max: 38.459999999999994
Ep: 220 | Ep_r: 23.78 | t_so_far: {5255} | epsilon: 0.553 max: 38.459999999999994
Ep: 221 | Ep_r: 27.01 | t_so_far: {5305} | epsilon: 0.556 max: 38.459999999999994
Ep: 222 | Ep_r: 27.34 | t_so_far: {5341} | epsilon: 0.558 max: 38.459999999999994
Ep: 223 | Ep_r: 24.43 | t_so_far: {5358} | epsilon: 0.559 max: 38.459999999999994
Ep: 224 | Ep_r: 27.18 | t_so_far: {5408} | epsilon: 0.562 max: 38.459999999999994
Ep: 225 | Ep_r: 29.54 | t_so_far: {5458} | epsilon: 0.565 max: 38.459999999999994
Ep: 226 | Ep_r: 28.47 | t_so_far: {5486} | epsilon: 0.566 max: 38.459999999999994
Ep: 227 | Ep_r: 30.86 | t_so_far: {5536} | epsilon: 0.569 max: 38.459999999999994
Ep: 228 | Ep_r: 25.27 | t_so_far: {5540} | epsilon: 0.569 max: 38.459999999999994
Ep: 229 | Ep_r: 20.46 | t_so_far: {5542} | epsilon: 0.57 max: 38.459999999999994
Ep: 230 | Ep_r: 24.01 | t_so_far: {5592} | epsilon: 0.572 max: 38.459999999999994
Ep: 231 | Ep_r: 27.27 | t_so_far: {5642} | epsilon: 0.575 max: 38.459999999999994
Ep: 232 | Ep_r: 23.17 | t_so_far: {5651} | epsilon: 0.576 max: 38.459999999999994
Ep: 233 | Ep_r: 26.29 | t_so_far: {5701} | epsilon: 0.579 max: 38.459999999999994
Ep: 234 | Ep_r: 23.17 | t_so_far: {5713} | epsilon: 0.579 max: 38.459999999999994
Ep: 235 | Ep_r: 26.17 | t_so_far: {5763} | epsilon: 0.582 max: 38.459999999999994
Ep: 236 | Ep_r: 28.97 | t_so_far: {5813} | epsilon: 0.585 max: 38.459999999999994
Ep: 237 | Ep_r: 30.49 | t_so_far: {5863} | epsilon: 0.588 max: 38.459999999999994
Ep: 238 | Ep_r: 32.02 | t_so_far: {5913} | epsilon: 0.59 max: 38.459999999999994
Ep: 239 | Ep_r: 26.5 | t_so_far: {5919} | epsilon: 0.591 max: 38.459999999999994
Ep: 240 | Ep_r: 28.62 | t_so_far: {5965} | epsilon: 0.593 max: 38.459999999999994
Ep: 241 | Ep_r: 27.8 | t_so_far: {5996} | epsilon: 0.595 max: 38.459999999999994
Ep: 242 | Ep_r: 30.48 | t_so_far: {6046} | epsilon: 0.597 max: 38.459999999999994
Ep: 243 | Ep_r: 27.28 | t_so_far: {6063} | epsilon: 0.598 max: 38.459999999999994
Ep: 244 | Ep_r: 28.85 | t_so_far: {6107} | epsilon: 0.601 max: 38.459999999999994
Ep: 245 | Ep_r: 30.65 | t_so_far: {6157} | epsilon: 0.603 max: 38.459999999999994
Ep: 246 | Ep_r: 33.0 | t_so_far: {6207} | epsilon: 0.606 max: 38.459999999999994
Ep: 247 | Ep_r: 26.98 | t_so_far: {6211} | epsilon: 0.606 max: 38.459999999999994
Ep: 248 | Ep_r: 29.55 | t_so_far: {6261} | epsilon: 0.609 max: 38.459999999999994
Ep: 249 | Ep_r: 31.42 | t_so_far: {6311} | epsilon: 0.611 max: 38.459999999999994
Ep: 250 | Ep_r: 32.75 | t_so_far: {6361} | epsilon: 0.614 max: 38.459999999999994
Ep: 251 | Ep_r: 29.26 | t_so_far: {6379} | epsilon: 0.615 max: 38.459999999999994
Ep: 252 | Ep_r: 31.38 | t_so_far: {6429} | epsilon: 0.617 max: 38.459999999999994
Ep: 253 | Ep_r: 26.15 | t_so_far: {6436} | epsilon: 0.618 max: 38.459999999999994
Ep: 254 | Ep_r: 21.34 | t_so_far: {6439} | epsilon: 0.618 max: 38.459999999999994
Ep: 255 | Ep_r: 17.71 | t_so_far: {6443} | epsilon: 0.618 max: 38.459999999999994
Ep: 256 | Ep_r: 21.79 | t_so_far: {6493} | epsilon: 0.621 max: 38.459999999999994
Ep: 257 | Ep_r: 25.37 | t_so_far: {6543} | epsilon: 0.623 max: 38.459999999999994
Ep: 258 | Ep_r: 25.57 | t_so_far: {6574} | epsilon: 0.625 max: 38.459999999999994
Ep: 259 | Ep_r: 28.67 | t_so_far: {6624} | epsilon: 0.627 max: 38.459999999999994
Ep: 260 | Ep_r: 26.53 | t_so_far: {6645} | epsilon: 0.628 max: 38.459999999999994
Ep: 261 | Ep_r: 28.59 | t_so_far: {6695} | epsilon: 0.631 max: 38.459999999999994
Ep: 262 | Ep_r: 31.32 | t_so_far: {6745} | epsilon: 0.633 max: 38.459999999999994
Ep: 263 | Ep_r: 33.18 | t_so_far: {6795} | epsilon: 0.636 max: 38.459999999999994
Ep: 264 | Ep_r: 27.65 | t_so_far: {6802} | epsilon: 0.636 max: 38.459999999999994
Ep: 265 | Ep_r: 23.4 | t_so_far: {6810} | epsilon: 0.636 max: 38.459999999999994
Ep: 266 | Ep_r: 26.47 | t_so_far: {6860} | epsilon: 0.639 max: 38.459999999999994
Ep: 267 | Ep_r: 22.53 | t_so_far: {6868} | epsilon: 0.639 max: 38.459999999999994
Ep: 268 | Ep_r: 25.57 | t_so_far: {6915} | epsilon: 0.641 max: 38.459999999999994
Ep: 269 | Ep_r: 28.48 | t_so_far: {6965} | epsilon: 0.644 max: 38.459999999999994
Ep: 270 | Ep_r: 30.43 | t_so_far: {7013} | epsilon: 0.646 max: 38.459999999999994
Ep: 271 | Ep_r: 29.69 | t_so_far: {7045} | epsilon: 0.648 max: 38.459999999999994
Ep: 272 | Ep_r: 29.17 | t_so_far: {7079} | epsilon: 0.649 max: 38.459999999999994
Ep: 273 | Ep_r: 25.37 | t_so_far: {7091} | epsilon: 0.65 max: 38.459999999999994
Ep: 274 | Ep_r: 22.78 | t_so_far: {7106} | epsilon: 0.65 max: 38.459999999999994
Ep: 275 | Ep_r: 22.46 | t_so_far: {7131} | epsilon: 0.652 max: 38.459999999999994
Ep: 276 | Ep_r: 20.79 | t_so_far: {7149} | epsilon: 0.652 max: 38.459999999999994
Ep: 277 | Ep_r: 21.78 | t_so_far: {7180} | epsilon: 0.654 max: 38.459999999999994
Ep: 278 | Ep_r: 25.23 | t_so_far: {7230} | epsilon: 0.656 max: 38.459999999999994
Ep: 279 | Ep_r: 21.69 | t_so_far: {7240} | epsilon: 0.657 max: 38.459999999999994
Ep: 280 | Ep_r: 25.61 | t_so_far: {7290} | epsilon: 0.659 max: 38.459999999999994
Ep: 281 | Ep_r: 28.95 | t_so_far: {7340} | epsilon: 0.661 max: 38.459999999999994
Ep: 282 | Ep_r: 31.58 | t_so_far: {7390} | epsilon: 0.663 max: 38.459999999999994
Ep: 283 | Ep_r: 25.85 | t_so_far: {7394} | epsilon: 0.664 max: 38.459999999999994
Ep: 284 | Ep_r: 28.95 | t_so_far: {7444} | epsilon: 0.666 max: 38.459999999999994
Ep: 285 | Ep_r: 24.91 | t_so_far: {7455} | epsilon: 0.666 max: 38.459999999999994
Ep: 286 | Ep_r: 28.06 | t_so_far: {7505} | epsilon: 0.668 max: 38.459999999999994
Ep: 287 | Ep_r: 30.61 | t_so_far: {7555} | epsilon: 0.671 max: 38.459999999999994
Ep: 288 | Ep_r: 32.55 | t_so_far: {7600} | epsilon: 0.673 max: 38.459999999999994
Ep: 289 | Ep_r: 31.21 | t_so_far: {7631} | epsilon: 0.674 max: 38.459999999999994
Ep: 290 | Ep_r: 27.2 | t_so_far: {7645} | epsilon: 0.675 max: 38.459999999999994
Ep: 291 | Ep_r: 22.7 | t_so_far: {7651} | epsilon: 0.675 max: 38.459999999999994
Ep: 292 | Ep_r: 22.35 | t_so_far: {7676} | epsilon: 0.676 max: 38.459999999999994
Ep: 293 | Ep_r: 25.32 | t_so_far: {7726} | epsilon: 0.678 max: 38.459999999999994
Ep: 294 | Ep_r: 26.8 | t_so_far: {7766} | epsilon: 0.68 max: 38.459999999999994
Ep: 295 | Ep_r: 29.48 | t_so_far: {7816} | epsilon: 0.682 max: 38.459999999999994
Ep: 296 | Ep_r: 24.71 | t_so_far: {7823} | epsilon: 0.682 max: 38.459999999999994
Ep: 297 | Ep_r: 23.19 | t_so_far: {7843} | epsilon: 0.683 max: 38.459999999999994
Ep: 298 | Ep_r: 26.78 | t_so_far: {7893} | epsilon: 0.685 max: 38.459999999999994
Ep: 299 | Ep_r: 27.74 | t_so_far: {7932} | epsilon: 0.687 max: 38.459999999999994
Ep: 300 | Ep_r: 25.64 | t_so_far: {7952} | epsilon: 0.688 max: 38.459999999999994
Ep: 301 | Ep_r: 28.91 | t_so_far: {8002} | epsilon: 0.69 max: 38.459999999999994
Ep: 302 | Ep_r: 25.65 | t_so_far: {8016} | epsilon: 0.69 max: 38.459999999999994
Ep: 303 | Ep_r: 28.89 | t_so_far: {8066} | epsilon: 0.692 max: 38.459999999999994
Ep: 304 | Ep_r: 23.74 | t_so_far: {8070} | epsilon: 0.692 max: 38.459999999999994
Ep: 305 | Ep_r: 26.83 | t_so_far: {8120} | epsilon: 0.694 max: 38.459999999999994
Ep: 306 | Ep_r: 29.1 | t_so_far: {8170} | epsilon: 0.696 max: 38.459999999999994
Ep: 307 | Ep_r: 31.16 | t_so_far: {8220} | epsilon: 0.699 max: 38.459999999999994
Ep: 308 | Ep_r: 27.6 | t_so_far: {8237} | epsilon: 0.699 max: 38.459999999999994
Ep: 309 | Ep_r: 30.89 | t_so_far: {8287} | epsilon: 0.701 max: 38.459999999999994
Ep: 310 | Ep_r: 32.69 | t_so_far: {8337} | epsilon: 0.703 max: 38.459999999999994
Ep: 311 | Ep_r: 27.27 | t_so_far: {8344} | epsilon: 0.703 max: 38.459999999999994
Ep: 312 | Ep_r: 29.71 | t_so_far: {8394} | epsilon: 0.705 max: 38.459999999999994
Ep: 313 | Ep_r: 25.91 | t_so_far: {8407} | epsilon: 0.706 max: 38.459999999999994
Ep: 314 | Ep_r: 29.01 | t_so_far: {8457} | epsilon: 0.708 max: 38.459999999999994
Ep: 315 | Ep_r: 28.49 | t_so_far: {8489} | epsilon: 0.709 max: 38.459999999999994
Ep: 316 | Ep_r: 30.68 | t_so_far: {8539} | epsilon: 0.711 max: 38.459999999999994
Ep: 317 | Ep_r: 32.71 | t_so_far: {8589} | epsilon: 0.713 max: 38.459999999999994
Ep: 318 | Ep_r: 27.73 | t_so_far: {8598} | epsilon: 0.713 max: 38.459999999999994
Ep: 319 | Ep_r: 30.39 | t_so_far: {8648} | epsilon: 0.715 max: 38.459999999999994
Ep: 320 | Ep_r: 29.79 | t_so_far: {8682} | epsilon: 0.716 max: 38.459999999999994
Ep: 321 | Ep_r: 31.82 | t_so_far: {8732} | epsilon: 0.718 max: 38.459999999999994
Ep: 322 | Ep_r: 26.45 | t_so_far: {8739} | epsilon: 0.719 max: 38.459999999999994
Ep: 323 | Ep_r: 26.03 | t_so_far: {8768} | epsilon: 0.72 max: 38.459999999999994
Ep: 324 | Ep_r: 28.97 | t_so_far: {8818} | epsilon: 0.722 max: 38.459999999999994
Ep: 325 | Ep_r: 30.94 | t_so_far: {8868} | epsilon: 0.723 max: 38.459999999999994
Ep: 326 | Ep_r: 32.89 | t_so_far: {8918} | epsilon: 0.725 max: 38.459999999999994
Ep: 327 | Ep_r: 27.14 | t_so_far: {8923} | epsilon: 0.725 max: 38.459999999999994
Ep: 328 | Ep_r: 24.21 | t_so_far: {8939} | epsilon: 0.726 max: 38.459999999999994
Ep: 329 | Ep_r: 26.71 | t_so_far: {8985} | epsilon: 0.728 max: 38.459999999999994
Ep: 330 | Ep_r: 28.93 | t_so_far: {9035} | epsilon: 0.729 max: 38.459999999999994
Ep: 331 | Ep_r: 24.85 | t_so_far: {9045} | epsilon: 0.73 max: 38.459999999999994
Ep: 332 | Ep_r: 27.74 | t_so_far: {9095} | epsilon: 0.732 max: 38.459999999999994
Ep: 333 | Ep_r: 30.27 | t_so_far: {9145} | epsilon: 0.733 max: 38.459999999999994
Ep: 334 | Ep_r: 26.24 | t_so_far: {9156} | epsilon: 0.734 max: 38.459999999999994
Ep: 335 | Ep_r: 29.12 | t_so_far: {9206} | epsilon: 0.736 max: 38.459999999999994
Ep: 336 | Ep_r: 31.31 | t_so_far: {9256} | epsilon: 0.737 max: 38.459999999999994
Ep: 337 | Ep_r: 25.29 | t_so_far: {9258} | epsilon: 0.737 max: 38.459999999999994
Ep: 338 | Ep_r: 22.15 | t_so_far: {9270} | epsilon: 0.738 max: 38.459999999999994
Ep: 339 | Ep_r: 18.57 | t_so_far: {9276} | epsilon: 0.738 max: 38.459999999999994
Ep: 340 | Ep_r: 17.12 | t_so_far: {9289} | epsilon: 0.738 max: 38.459999999999994
Ep: 341 | Ep_r: 21.41 | t_so_far: {9339} | epsilon: 0.74 max: 38.459999999999994
Ep: 342 | Ep_r: 24.69 | t_so_far: {9389} | epsilon: 0.742 max: 38.459999999999994
Ep: 343 | Ep_r: 20.31 | t_so_far: {9393} | epsilon: 0.742 max: 38.459999999999994
Ep: 344 | Ep_r: 23.12 | t_so_far: {9436} | epsilon: 0.743 max: 38.459999999999994
Ep: 345 | Ep_r: 26.26 | t_so_far: {9486} | epsilon: 0.745 max: 38.459999999999994
Ep: 346 | Ep_r: 28.74 | t_so_far: {9536} | epsilon: 0.747 max: 38.459999999999994
Ep: 347 | Ep_r: 26.96 | t_so_far: {9558} | epsilon: 0.748 max: 38.459999999999994
Ep: 348 | Ep_r: 27.45 | t_so_far: {9595} | epsilon: 0.749 max: 38.459999999999994
Ep: 349 | Ep_r: 26.5 | t_so_far: {9623} | epsilon: 0.75 max: 38.459999999999994
Ep: 350 | Ep_r: 24.01 | t_so_far: {9640} | epsilon: 0.75 max: 38.459999999999994
Ep: 351 | Ep_r: 27.16 | t_so_far: {9690} | epsilon: 0.752 max: 38.459999999999994
Ep: 352 | Ep_r: 29.87 | t_so_far: {9740} | epsilon: 0.754 max: 38.459999999999994
Ep: 353 | Ep_r: 25.05 | t_so_far: {9748} | epsilon: 0.754 max: 38.459999999999994
Ep: 354 | Ep_r: 28.19 | t_so_far: {9798} | epsilon: 0.756 max: 38.459999999999994
Ep: 355 | Ep_r: 30.03 | t_so_far: {9848} | epsilon: 0.757 max: 38.459999999999994
Ep: 356 | Ep_r: 32.13 | t_so_far: {9898} | epsilon: 0.759 max: 38.459999999999994
Ep: 357 | Ep_r: 26.89 | t_so_far: {9905} | epsilon: 0.759 max: 38.459999999999994
Ep: 358 | Ep_r: 29.54 | t_so_far: {9955} | epsilon: 0.761 max: 38.459999999999994
Ep: 359 | Ep_r: 31.83 | t_so_far: {10005} | epsilon: 0.762 max: 38.459999999999994
Ep: 360 | Ep_r: 33.14 | t_so_far: {10055} | epsilon: 0.764 max: 38.459999999999994
Ep: 361 | Ep_r: 32.43 | t_so_far: {10091} | epsilon: 0.765 max: 38.459999999999994
Ep: 362 | Ep_r: 33.7 | t_so_far: {10141} | epsilon: 0.766 max: 38.459999999999994
Ep: 363 | Ep_r: 29.45 | t_so_far: {10155} | epsilon: 0.767 max: 38.459999999999994
Ep: 364 | Ep_r: 31.36 | t_so_far: {10205} | epsilon: 0.768 max: 38.459999999999994
Ep: 365 | Ep_r: 25.71 | t_so_far: {10209} | epsilon: 0.769 max: 38.459999999999994
Ep: 366 | Ep_r: 28.64 | t_so_far: {10259} | epsilon: 0.77 max: 38.459999999999994
Ep: 367 | Ep_r: 28.89 | t_so_far: {10294} | epsilon: 0.771 max: 38.459999999999994
Ep: 368 | Ep_r: 30.96 | t_so_far: {10344} | epsilon: 0.773 max: 38.459999999999994
Ep: 369 | Ep_r: 28.25 | t_so_far: {10367} | epsilon: 0.773 max: 38.459999999999994
Ep: 370 | Ep_r: 30.67 | t_so_far: {10417} | epsilon: 0.775 max: 38.459999999999994
Ep: 371 | Ep_r: 26.27 | t_so_far: {10427} | epsilon: 0.775 max: 38.459999999999994
Ep: 372 | Ep_r: 27.2 | t_so_far: {10466} | epsilon: 0.776 max: 38.459999999999994
Ep: 373 | Ep_r: 30.21 | t_so_far: {10516} | epsilon: 0.778 max: 38.459999999999994
Ep: 374 | Ep_r: 29.57 | t_so_far: {10550} | epsilon: 0.779 max: 38.459999999999994
Ep: 375 | Ep_r: 24.57 | t_so_far: {10556} | epsilon: 0.779 max: 38.459999999999994
Ep: 376 | Ep_r: 27.23 | t_so_far: {10606} | epsilon: 0.78 max: 38.459999999999994
Ep: 377 | Ep_r: 28.63 | t_so_far: {10650} | epsilon: 0.782 max: 38.459999999999994
Ep: 378 | Ep_r: 30.52 | t_so_far: {10697} | epsilon: 0.783 max: 38.459999999999994
Ep: 379 | Ep_r: 31.04 | t_so_far: {10744} | epsilon: 0.784 max: 38.459999999999994
Ep: 380 | Ep_r: 33.13 | t_so_far: {10790} | epsilon: 0.786 max: 38.459999999999994
Ep: 381 | Ep_r: 32.75 | t_so_far: {10829} | epsilon: 0.787 max: 38.459999999999994
Ep: 382 | Ep_r: 31.18 | t_so_far: {10860} | epsilon: 0.788 max: 38.459999999999994
Ep: 383 | Ep_r: 26.13 | t_so_far: {10867} | epsilon: 0.788 max: 38.459999999999994
Ep: 384 | Ep_r: 28.69 | t_so_far: {10917} | epsilon: 0.789 max: 38.459999999999994
Ep: 385 | Ep_r: 24.86 | t_so_far: {10929} | epsilon: 0.79 max: 38.459999999999994
Ep: 386 | Ep_r: 21.42 | t_so_far: {10938} | epsilon: 0.79 max: 38.459999999999994
Ep: 387 | Ep_r: 24.06 | t_so_far: {10981} | epsilon: 0.791 max: 38.459999999999994
Ep: 388 | Ep_r: 23.58 | t_so_far: {11010} | epsilon: 0.792 max: 38.459999999999994
Ep: 389 | Ep_r: 26.85 | t_so_far: {11060} | epsilon: 0.793 max: 38.459999999999994
Ep: 390 | Ep_r: 22.29 | t_so_far: {11065} | epsilon: 0.793 max: 38.459999999999994
Ep: 391 | Ep_r: 18.24 | t_so_far: {11068} | epsilon: 0.793 max: 38.459999999999994
Ep: 392 | Ep_r: 15.21 | t_so_far: {11072} | epsilon: 0.794 max: 38.459999999999994
Ep: 393 | Ep_r: 19.67 | t_so_far: {11122} | epsilon: 0.795 max: 38.459999999999994
Ep: 394 | Ep_r: 23.18 | t_so_far: {11172} | epsilon: 0.796 max: 38.459999999999994
Ep: 395 | Ep_r: 22.77 | t_so_far: {11199} | epsilon: 0.797 max: 38.459999999999994
Ep: 396 | Ep_r: 25.72 | t_so_far: {11249} | epsilon: 0.798 max: 38.459999999999994
Ep: 397 | Ep_r: 28.76 | t_so_far: {11299} | epsilon: 0.8 max: 38.459999999999994
Ep: 398 | Ep_r: 30.77 | t_so_far: {11349} | epsilon: 0.801 max: 38.459999999999994
Ep: 399 | Ep_r: 32.55 | t_so_far: {11399} | epsilon: 0.802 max: 38.459999999999994
Ep: 400 | Ep_r: 34.54 | t_so_far: {11449} | epsilon: 0.804 max: 38.459999999999994
Ep: 401 | Ep_r: 35.66 | t_so_far: {11499} | epsilon: 0.805 max: 38.459999999999994
Ep: 402 | Ep_r: 32.2 | t_so_far: {11522} | epsilon: 0.806 max: 38.459999999999994
Ep: 403 | Ep_r: 31.34 | t_so_far: {11556} | epsilon: 0.806 max: 38.459999999999994
Ep: 404 | Ep_r: 32.75 | t_so_far: {11606} | epsilon: 0.808 max: 38.459999999999994
Ep: 405 | Ep_r: 33.66 | t_so_far: {11656} | epsilon: 0.809 max: 38.459999999999994
Ep: 406 | Ep_r: 34.59 | t_so_far: {11706} | epsilon: 0.81 max: 38.459999999999994
Ep: 407 | Ep_r: 30.03 | t_so_far: {11720} | epsilon: 0.811 max: 38.459999999999994
Ep: 408 | Ep_r: 31.8 | t_so_far: {11770} | epsilon: 0.812 max: 38.459999999999994
Ep: 409 | Ep_r: 31.3 | t_so_far: {11809} | epsilon: 0.813 max: 38.459999999999994
Ep: 410 | Ep_r: 32.86 | t_so_far: {11859} | epsilon: 0.814 max: 38.459999999999994
Ep: 411 | Ep_r: 33.72 | t_so_far: {11909} | epsilon: 0.815 max: 38.459999999999994
Ep: 412 | Ep_r: 33.01 | t_so_far: {11948} | epsilon: 0.816 max: 38.459999999999994
Ep: 413 | Ep_r: 34.23 | t_so_far: {11998} | epsilon: 0.817 max: 38.459999999999994
Ep: 414 | Ep_r: 29.03 | t_so_far: {12009} | epsilon: 0.818 max: 38.459999999999994
Ep: 415 | Ep_r: 27.57 | t_so_far: {12034} | epsilon: 0.818 max: 38.459999999999994
Ep: 416 | Ep_r: 29.54 | t_so_far: {12084} | epsilon: 0.819 max: 38.459999999999994
Ep: 417 | Ep_r: 31.37 | t_so_far: {12134} | epsilon: 0.821 max: 38.459999999999994
Ep: 418 | Ep_r: 33.02 | t_so_far: {12184} | epsilon: 0.822 max: 38.459999999999994
Ep: 419 | Ep_r: 34.45 | t_so_far: {12234} | epsilon: 0.823 max: 38.459999999999994
Ep: 420 | Ep_r: 28.61 | t_so_far: {12241} | epsilon: 0.823 max: 38.459999999999994
Ep: 421 | Ep_r: 30.99 | t_so_far: {12291} | epsilon: 0.824 max: 38.459999999999994
Ep: 422 | Ep_r: 32.2 | t_so_far: {12341} | epsilon: 0.826 max: 38.459999999999994
Ep: 423 | Ep_r: 33.52 | t_so_far: {12391} | epsilon: 0.827 max: 38.459999999999994
Ep: 424 | Ep_r: 30.78 | t_so_far: {12415} | epsilon: 0.827 max: 38.459999999999994
Ep: 425 | Ep_r: 32.24 | t_so_far: {12465} | epsilon: 0.828 max: 38.459999999999994
Ep: 426 | Ep_r: 33.32 | t_so_far: {12515} | epsilon: 0.83 max: 38.459999999999994
Ep: 427 | Ep_r: 34.25 | t_so_far: {12565} | epsilon: 0.831 max: 38.459999999999994
Ep: 428 | Ep_r: 30.57 | t_so_far: {12586} | epsilon: 0.831 max: 38.459999999999994
Ep: 429 | Ep_r: 31.37 | t_so_far: {12629} | epsilon: 0.832 max: 38.459999999999994
Ep: 430 | Ep_r: 28.92 | t_so_far: {12652} | epsilon: 0.833 max: 38.459999999999994
Ep: 431 | Ep_r: 30.74 | t_so_far: {12702} | epsilon: 0.834 max: 38.459999999999994
Ep: 432 | Ep_r: 25.7 | t_so_far: {12709} | epsilon: 0.834 max: 38.459999999999994
Ep: 433 | Ep_r: 23.16 | t_so_far: {12725} | epsilon: 0.834 max: 38.459999999999994
Ep: 434 | Ep_r: 24.5 | t_so_far: {12764} | epsilon: 0.835 max: 38.459999999999994
Ep: 435 | Ep_r: 20.36 | t_so_far: {12769} | epsilon: 0.835 max: 38.459999999999994
Ep: 436 | Ep_r: 19.41 | t_so_far: {12789} | epsilon: 0.836 max: 38.459999999999994
Ep: 437 | Ep_r: 23.99 | t_so_far: {12839} | epsilon: 0.837 max: 38.459999999999994
Ep: 438 | Ep_r: 27.12 | t_so_far: {12889} | epsilon: 0.838 max: 38.459999999999994
Ep: 439 | Ep_r: 23.67 | t_so_far: {12902} | epsilon: 0.838 max: 38.459999999999994
Ep: 440 | Ep_r: 26.74 | t_so_far: {12952} | epsilon: 0.839 max: 38.459999999999994
Ep: 441 | Ep_r: 28.81 | t_so_far: {12997} | epsilon: 0.84 max: 38.459999999999994
Ep: 442 | Ep_r: 30.96 | t_so_far: {13047} | epsilon: 0.841 max: 38.459999999999994
Ep: 443 | Ep_r: 29.58 | t_so_far: {13077} | epsilon: 0.842 max: 38.459999999999994
Ep: 444 | Ep_r: 25.97 | t_so_far: {13090} | epsilon: 0.842 max: 38.459999999999994
Ep: 445 | Ep_r: 22.72 | t_so_far: {13101} | epsilon: 0.842 max: 38.459999999999994
Ep: 446 | Ep_r: 26.2 | t_so_far: {13151} | epsilon: 0.843 max: 38.459999999999994
Ep: 447 | Ep_r: 22.08 | t_so_far: {13158} | epsilon: 0.843 max: 38.459999999999994
Ep: 448 | Ep_r: 25.53 | t_so_far: {13208} | epsilon: 0.844 max: 38.459999999999994
Ep: 449 | Ep_r: 28.49 | t_so_far: {13258} | epsilon: 0.846 max: 38.459999999999994
Ep: 450 | Ep_r: 25.61 | t_so_far: {13275} | epsilon: 0.846 max: 38.459999999999994
Ep: 451 | Ep_r: 28.81 | t_so_far: {13325} | epsilon: 0.847 max: 38.459999999999994
Ep: 452 | Ep_r: 25.17 | t_so_far: {13339} | epsilon: 0.847 max: 38.459999999999994
Ep: 453 | Ep_r: 21.58 | t_so_far: {13347} | epsilon: 0.847 max: 38.459999999999994
Ep: 454 | Ep_r: 24.25 | t_so_far: {13391} | epsilon: 0.848 max: 38.459999999999994
Ep: 455 | Ep_r: 27.46 | t_so_far: {13441} | epsilon: 0.849 max: 38.459999999999994
Ep: 456 | Ep_r: 25.76 | t_so_far: {13469} | epsilon: 0.85 max: 38.459999999999994
Ep: 457 | Ep_r: 28.29 | t_so_far: {13519} | epsilon: 0.851 max: 38.459999999999994
Ep: 458 | Ep_r: 30.7 | t_so_far: {13569} | epsilon: 0.852 max: 38.459999999999994
Ep: 459 | Ep_r: 26.09 | t_so_far: {13578} | epsilon: 0.852 max: 38.459999999999994
Ep: 460 | Ep_r: 24.04 | t_so_far: {13596} | epsilon: 0.852 max: 38.459999999999994
Ep: 461 | Ep_r: 26.79 | t_so_far: {13646} | epsilon: 0.853 max: 38.459999999999994
Ep: 462 | Ep_r: 22.33 | t_so_far: {13652} | epsilon: 0.853 max: 38.459999999999994
Ep: 463 | Ep_r: 24.21 | t_so_far: {13691} | epsilon: 0.854 max: 38.459999999999994
Ep: 464 | Ep_r: 27.83 | t_so_far: {13741} | epsilon: 0.855 max: 38.459999999999994
Ep: 465 | Ep_r: 25.77 | t_so_far: {13762} | epsilon: 0.855 max: 38.459999999999994
Ep: 466 | Ep_r: 21.95 | t_so_far: {13770} | epsilon: 0.856 max: 38.459999999999994
Ep: 467 | Ep_r: 20.44 | t_so_far: {13788} | epsilon: 0.856 max: 38.459999999999994
Ep: 468 | Ep_r: 16.77 | t_so_far: {13791} | epsilon: 0.856 max: 38.459999999999994
Ep: 469 | Ep_r: 22.12 | t_so_far: {13841} | epsilon: 0.857 max: 38.459999999999994
Ep: 470 | Ep_r: 21.49 | t_so_far: {13863} | epsilon: 0.857 max: 38.459999999999994
Ep: 471 | Ep_r: 25.06 | t_so_far: {13913} | epsilon: 0.858 max: 38.459999999999994
Ep: 472 | Ep_r: 25.91 | t_so_far: {13948} | epsilon: 0.859 max: 38.459999999999994
Ep: 473 | Ep_r: 23.37 | t_so_far: {13965} | epsilon: 0.859 max: 38.459999999999994
Ep: 474 | Ep_r: 22.08 | t_so_far: {13985} | epsilon: 0.86 max: 38.459999999999994
Ep: 475 | Ep_r: 23.27 | t_so_far: {14018} | epsilon: 0.86 max: 38.459999999999994
Ep: 476 | Ep_r: 22.95 | t_so_far: {14044} | epsilon: 0.861 max: 38.459999999999994
Ep: 477 | Ep_r: 24.21 | t_so_far: {14078} | epsilon: 0.861 max: 38.459999999999994
Ep: 478 | Ep_r: 19.8 | t_so_far: {14081} | epsilon: 0.861 max: 38.459999999999994
Ep: 479 | Ep_r: 23.04 | t_so_far: {14128} | epsilon: 0.862 max: 38.459999999999994
Ep: 480 | Ep_r: 26.89 | t_so_far: {14178} | epsilon: 0.863 max: 38.459999999999994
Ep: 481 | Ep_r: 23.63 | t_so_far: {14190} | epsilon: 0.863 max: 38.459999999999994
Ep: 482 | Ep_r: 26.63 | t_so_far: {14234} | epsilon: 0.864 max: 38.459999999999994
Ep: 483 | Ep_r: 23.58 | t_so_far: {14248} | epsilon: 0.864 max: 38.459999999999994
Ep: 484 | Ep_r: 27.28 | t_so_far: {14298} | epsilon: 0.865 max: 38.459999999999994
Ep: 485 | Ep_r: 22.47 | t_so_far: {14302} | epsilon: 0.865 max: 38.459999999999994
Ep: 486 | Ep_r: 24.04 | t_so_far: {14339} | epsilon: 0.866 max: 38.459999999999994
Ep: 487 | Ep_r: 27.62 | t_so_far: {14389} | epsilon: 0.867 max: 38.459999999999994
Ep: 488 | Ep_r: 29.9 | t_so_far: {14439} | epsilon: 0.868 max: 38.459999999999994
Ep: 489 | Ep_r: 31.89 | t_so_far: {14489} | epsilon: 0.869 max: 38.459999999999994
Ep: 490 | Ep_r: 30.43 | t_so_far: {14520} | epsilon: 0.869 max: 38.459999999999994
Ep: 491 | Ep_r: 27.35 | t_so_far: {14537} | epsilon: 0.87 max: 38.459999999999994
Ep: 492 | Ep_r: 27.62 | t_so_far: {14570} | epsilon: 0.87 max: 38.459999999999994
Ep: 493 | Ep_r: 26.97 | t_so_far: {14600} | epsilon: 0.871 max: 38.459999999999994
Ep: 494 | Ep_r: 22.16 | t_so_far: {14604} | epsilon: 0.871 max: 38.459999999999994
Ep: 495 | Ep_r: 22.01 | t_so_far: {14629} | epsilon: 0.871 max: 38.459999999999994
Ep: 496 | Ep_r: 18.56 | t_so_far: {14635} | epsilon: 0.871 max: 38.459999999999994
Ep: 497 | Ep_r: 18.7 | t_so_far: {14657} | epsilon: 0.872 max: 38.459999999999994
Ep: 498 | Ep_r: 15.95 | t_so_far: {14664} | epsilon: 0.872 max: 38.459999999999994
Ep: 499 | Ep_r: 20.7 | t_so_far: {14714} | epsilon: 0.873 max: 38.459999999999994
Ep: 500 | Ep_r: 17.36 | t_so_far: {14719} | epsilon: 0.873 max: 38.459999999999994
Ep: 501 | Ep_r: 21.46 | t_so_far: {14769} | epsilon: 0.874 max: 38.459999999999994
Ep: 502 | Ep_r: 19.15 | t_so_far: {14781} | epsilon: 0.874 max: 38.459999999999994
Ep: 503 | Ep_r: 16.22 | t_so_far: {14787} | epsilon: 0.874 max: 38.459999999999994
Ep: 504 | Ep_r: 15.37 | t_so_far: {14802} | epsilon: 0.874 max: 38.459999999999994
Ep: 505 | Ep_r: 15.27 | t_so_far: {14822} | epsilon: 0.874 max: 38.459999999999994
Ep: 506 | Ep_r: 14.0 | t_so_far: {14833} | epsilon: 0.875 max: 38.459999999999994
Ep: 507 | Ep_r: 17.1 | t_so_far: {14869} | epsilon: 0.875 max: 38.459999999999994
Ep: 508 | Ep_r: 21.93 | t_so_far: {14919} | epsilon: 0.876 max: 38.459999999999994
Ep: 509 | Ep_r: 18.75 | t_so_far: {14927} | epsilon: 0.876 max: 38.459999999999994
Ep: 510 | Ep_r: 17.23 | t_so_far: {14941} | epsilon: 0.876 max: 38.459999999999994
Ep: 511 | Ep_r: 20.14 | t_so_far: {14979} | epsilon: 0.877 max: 38.459999999999994
Ep: 512 | Ep_r: 19.71 | t_so_far: {14999} | epsilon: 0.877 max: 38.459999999999994
Ep: 513 | Ep_r: 23.92 | t_so_far: {15049} | epsilon: 0.878 max: 38.459999999999994
Ep: 514 | Ep_r: 21.43 | t_so_far: {15062} | epsilon: 0.878 max: 38.459999999999994
Ep: 515 | Ep_r: 20.81 | t_so_far: {15084} | epsilon: 0.879 max: 38.459999999999994
Ep: 516 | Ep_r: 24.68 | t_so_far: {15134} | epsilon: 0.879 max: 38.459999999999994
Ep: 517 | Ep_r: 22.41 | t_so_far: {15150} | epsilon: 0.88 max: 38.459999999999994
Ep: 518 | Ep_r: 25.95 | t_so_far: {15197} | epsilon: 0.88 max: 38.459999999999994
Ep: 519 | Ep_r: 21.59 | t_so_far: {15202} | epsilon: 0.881 max: 38.459999999999994
Ep: 520 | Ep_r: 25.78 | t_so_far: {15252} | epsilon: 0.881 max: 38.459999999999994
Ep: 521 | Ep_r: 28.49 | t_so_far: {15302} | epsilon: 0.882 max: 38.459999999999994
Ep: 522 | Ep_r: 27.81 | t_so_far: {15335} | epsilon: 0.883 max: 38.459999999999994
Ep: 523 | Ep_r: 30.12 | t_so_far: {15385} | epsilon: 0.883 max: 38.459999999999994
Ep: 524 | Ep_r: 25.0 | t_so_far: {15391} | epsilon: 0.883 max: 38.459999999999994
Ep: 525 | Ep_r: 28.21 | t_so_far: {15441} | epsilon: 0.884 max: 38.459999999999994
Ep: 526 | Ep_r: 31.2 | t_so_far: {15491} | epsilon: 0.885 max: 38.459999999999994
Ep: 527 | Ep_r: 25.77 | t_so_far: {15496} | epsilon: 0.885 max: 38.459999999999994
Ep: 528 | Ep_r: 23.85 | t_so_far: {15515} | epsilon: 0.885 max: 38.459999999999994
Ep: 529 | Ep_r: 20.69 | t_so_far: {15524} | epsilon: 0.886 max: 38.459999999999994
Ep: 530 | Ep_r: 23.87 | t_so_far: {15574} | epsilon: 0.886 max: 38.459999999999994
Ep: 531 | Ep_r: 24.11 | t_so_far: {15604} | epsilon: 0.887 max: 38.459999999999994
Ep: 532 | Ep_r: 27.23 | t_so_far: {15654} | epsilon: 0.887 max: 38.459999999999994
Ep: 533 | Ep_r: 27.56 | t_so_far: {15687} | epsilon: 0.888 max: 38.459999999999994
Ep: 534 | Ep_r: 29.21 | t_so_far: {15732} | epsilon: 0.889 max: 38.459999999999994
Ep: 535 | Ep_r: 31.58 | t_so_far: {15781} | epsilon: 0.889 max: 38.459999999999994
Ep: 536 | Ep_r: 33.2 | t_so_far: {15831} | epsilon: 0.89 max: 38.459999999999994
Ep: 537 | Ep_r: 27.02 | t_so_far: {15834} | epsilon: 0.89 max: 38.459999999999994
Ep: 538 | Ep_r: 30.17 | t_so_far: {15884} | epsilon: 0.891 max: 38.459999999999994
Ep: 539 | Ep_r: 27.73 | t_so_far: {15904} | epsilon: 0.891 max: 38.459999999999994
Ep: 540 | Ep_r: 29.58 | t_so_far: {15949} | epsilon: 0.892 max: 38.459999999999994
Ep: 541 | Ep_r: 25.07 | t_so_far: {15958} | epsilon: 0.892 max: 38.459999999999994
Ep: 542 | Ep_r: 26.46 | t_so_far: {16001} | epsilon: 0.893 max: 38.459999999999994
Ep: 543 | Ep_r: 21.6 | t_so_far: {16004} | epsilon: 0.893 max: 38.459999999999994
Ep: 544 | Ep_r: 22.04 | t_so_far: {16033} | epsilon: 0.893 max: 38.459999999999994
Ep: 545 | Ep_r: 25.6 | t_so_far: {16083} | epsilon: 0.894 max: 38.459999999999994
Ep: 546 | Ep_r: 21.92 | t_so_far: {16092} | epsilon: 0.894 max: 38.459999999999994
Ep: 547 | Ep_r: 25.53 | t_so_far: {16142} | epsilon: 0.895 max: 38.459999999999994
Ep: 548 | Ep_r: 22.74 | t_so_far: {16156} | epsilon: 0.895 max: 38.459999999999994
Ep: 549 | Ep_r: 21.03 | t_so_far: {16173} | epsilon: 0.895 max: 38.459999999999994
Ep: 550 | Ep_r: 24.32 | t_so_far: {16223} | epsilon: 0.896 max: 38.459999999999994
Ep: 551 | Ep_r: 20.24 | t_so_far: {16228} | epsilon: 0.896 max: 38.459999999999994
Ep: 552 | Ep_r: 21.13 | t_so_far: {16258} | epsilon: 0.896 max: 38.459999999999994
Ep: 553 | Ep_r: 24.93 | t_so_far: {16308} | epsilon: 0.897 max: 38.459999999999994
Ep: 554 | Ep_r: 28.51 | t_so_far: {16358} | epsilon: 0.897 max: 38.459999999999994
Ep: 555 | Ep_r: 24.4 | t_so_far: {16368} | epsilon: 0.898 max: 38.459999999999994
Ep: 556 | Ep_r: 21.89 | t_so_far: {16382} | epsilon: 0.898 max: 38.459999999999994
Ep: 557 | Ep_r: 25.53 | t_so_far: {16432} | epsilon: 0.898 max: 38.459999999999994
Ep: 558 | Ep_r: 29.03 | t_so_far: {16482} | epsilon: 0.899 max: 38.459999999999994
Ep: 559 | Ep_r: 24.04 | t_so_far: {16487} | epsilon: 0.899 max: 38.459999999999994
Ep: 560 | Ep_r: 25.32 | t_so_far: {16528} | epsilon: 0.9 max: 38.459999999999994
Ep: 561 | Ep_r: 22.62 | t_so_far: {16541} | epsilon: 0.9 max: 38.459999999999994
Ep: 562 | Ep_r: 26.31 | t_so_far: {16591} | epsilon: 0.901 max: 38.459999999999994
Ep: 563 | Ep_r: 25.47 | t_so_far: {16619} | epsilon: 0.901 max: 38.459999999999994
Ep: 564 | Ep_r: 28.55 | t_so_far: {16669} | epsilon: 0.902 max: 38.459999999999994
Ep: 565 | Ep_r: 28.02 | t_so_far: {16702} | epsilon: 0.902 max: 38.459999999999994
Ep: 566 | Ep_r: 30.71 | t_so_far: {16752} | epsilon: 0.903 max: 38.459999999999994
Ep: 567 | Ep_r: 32.3 | t_so_far: {16802} | epsilon: 0.903 max: 38.459999999999994
Ep: 568 | Ep_r: 33.72 | t_so_far: {16852} | epsilon: 0.904 max: 38.459999999999994
Ep: 569 | Ep_r: 34.95 | t_so_far: {16902} | epsilon: 0.905 max: 38.459999999999994
Ep: 570 | Ep_r: 28.36 | t_so_far: {16905} | epsilon: 0.905 max: 38.459999999999994
Ep: 571 | Ep_r: 30.73 | t_so_far: {16955} | epsilon: 0.905 max: 38.459999999999994
Ep: 572 | Ep_r: 26.62 | t_so_far: {16967} | epsilon: 0.905 max: 38.459999999999994
Ep: 573 | Ep_r: 23.98 | t_so_far: {16984} | epsilon: 0.906 max: 38.459999999999994
Ep: 574 | Ep_r: 26.81 | t_so_far: {17034} | epsilon: 0.906 max: 38.459999999999994
Ep: 575 | Ep_r: 29.58 | t_so_far: {17084} | epsilon: 0.907 max: 38.459999999999994
Ep: 576 | Ep_r: 30.09 | t_so_far: {17121} | epsilon: 0.907 max: 38.459999999999994
Ep: 577 | Ep_r: 32.07 | t_so_far: {17171} | epsilon: 0.908 max: 38.459999999999994
Ep: 578 | Ep_r: 33.65 | t_so_far: {17221} | epsilon: 0.909 max: 38.459999999999994
Ep: 579 | Ep_r: 27.57 | t_so_far: {17225} | epsilon: 0.909 max: 38.459999999999994
Ep: 580 | Ep_r: 29.41 | t_so_far: {17269} | epsilon: 0.909 max: 38.459999999999994
Ep: 581 | Ep_r: 31.07 | t_so_far: {17315} | epsilon: 0.91 max: 38.459999999999994
Ep: 582 | Ep_r: 32.85 | t_so_far: {17365} | epsilon: 0.91 max: 38.459999999999994
Ep: 583 | Ep_r: 34.8 | t_so_far: {17415} | epsilon: 0.911 max: 38.459999999999994
Ep: 584 | Ep_r: 30.22 | t_so_far: {17430} | epsilon: 0.911 max: 38.459999999999994
Ep: 585 | Ep_r: 32.21 | t_so_far: {17480} | epsilon: 0.912 max: 38.459999999999994
Ep: 586 | Ep_r: 30.59 | t_so_far: {17508} | epsilon: 0.912 max: 38.459999999999994
Ep: 587 | Ep_r: 32.09 | t_so_far: {17555} | epsilon: 0.912 max: 38.459999999999994
Ep: 588 | Ep_r: 26.31 | t_so_far: {17559} | epsilon: 0.912 max: 38.459999999999994
Ep: 589 | Ep_r: 28.9 | t_so_far: {17609} | epsilon: 0.913 max: 38.459999999999994
Ep: 590 | Ep_r: 31.17 | t_so_far: {17659} | epsilon: 0.914 max: 38.459999999999994
Ep: 591 | Ep_r: 32.7 | t_so_far: {17709} | epsilon: 0.914 max: 38.459999999999994
Ep: 592 | Ep_r: 34.07 | t_so_far: {17759} | epsilon: 0.915 max: 38.459999999999994
Ep: 593 | Ep_r: 35.63 | t_so_far: {17809} | epsilon: 0.915 max: 38.459999999999994
Ep: 594 | Ep_r: 36.36 | t_so_far: {17859} | epsilon: 0.916 max: 38.459999999999994
Ep: 595 | Ep_r: 36.68 | t_so_far: {17909} | epsilon: 0.916 max: 38.459999999999994
Ep: 596 | Ep_r: 37.61 | t_so_far: {17959} | epsilon: 0.917 max: 38.459999999999994
Ep: 597 | Ep_r: 38.08 | t_so_far: {18009} | epsilon: 0.918 max: 38.459999999999994
Ep: 598 | Ep_r: 33.18 | t_so_far: {18025} | epsilon: 0.918 max: 38.459999999999994
Ep: 599 | Ep_r: 34.0 | t_so_far: {18075} | epsilon: 0.918 max: 38.459999999999994
Ep: 600 | Ep_r: 27.45 | t_so_far: {18077} | epsilon: 0.918 max: 38.459999999999994
Ep: 601 | Ep_r: 28.66 | t_so_far: {18118} | epsilon: 0.919 max: 38.459999999999994
Ep: 602 | Ep_r: 23.71 | t_so_far: {18123} | epsilon: 0.919 max: 38.459999999999994
Ep: 603 | Ep_r: 19.39 | t_so_far: {18126} | epsilon: 0.919 max: 38.459999999999994
Ep: 604 | Ep_r: 16.77 | t_so_far: {18134} | epsilon: 0.919 max: 38.459999999999994
Ep: 605 | Ep_r: 21.32 | t_so_far: {18184} | epsilon: 0.919 max: 38.459999999999994
Ep: 606 | Ep_r: 25.09 | t_so_far: {18233} | epsilon: 0.92 max: 38.459999999999994
Ep: 607 | Ep_r: 21.57 | t_so_far: {18242} | epsilon: 0.92 max: 38.459999999999994
Ep: 608 | Ep_r: 25.23 | t_so_far: {18292} | epsilon: 0.921 max: 38.459999999999994
Ep: 609 | Ep_r: 28.13 | t_so_far: {18342} | epsilon: 0.921 max: 38.459999999999994
Ep: 610 | Ep_r: 27.79 | t_so_far: {18374} | epsilon: 0.921 max: 38.459999999999994
Ep: 611 | Ep_r: 28.02 | t_so_far: {18410} | epsilon: 0.922 max: 38.459999999999994
Ep: 612 | Ep_r: 26.71 | t_so_far: {18438} | epsilon: 0.922 max: 38.459999999999994
Ep: 613 | Ep_r: 28.93 | t_so_far: {18488} | epsilon: 0.923 max: 38.459999999999994
Ep: 614 | Ep_r: 30.41 | t_so_far: {18532} | epsilon: 0.923 max: 38.459999999999994
Ep: 615 | Ep_r: 29.19 | t_so_far: {18563} | epsilon: 0.923 max: 38.459999999999994
Ep: 616 | Ep_r: 28.71 | t_so_far: {18595} | epsilon: 0.924 max: 38.459999999999994
Ep: 617 | Ep_r: 31.32 | t_so_far: {18645} | epsilon: 0.924 max: 38.459999999999994
Ep: 618 | Ep_r: 27.39 | t_so_far: {18659} | epsilon: 0.924 max: 38.459999999999994
Ep: 619 | Ep_r: 22.58 | t_so_far: {18663} | epsilon: 0.924 max: 38.459999999999994
Ep: 620 | Ep_r: 21.61 | t_so_far: {18686} | epsilon: 0.925 max: 38.459999999999994
Ep: 621 | Ep_r: 17.74 | t_so_far: {18689} | epsilon: 0.925 max: 38.459999999999994
Ep: 622 | Ep_r: 15.74 | t_so_far: {18699} | epsilon: 0.925 max: 38.459999999999994
Ep: 623 | Ep_r: 15.5 | t_so_far: {18717} | epsilon: 0.925 max: 38.459999999999994
Ep: 624 | Ep_r: 15.61 | t_so_far: {18737} | epsilon: 0.925 max: 38.459999999999994
Ep: 625 | Ep_r: 17.68 | t_so_far: {18769} | epsilon: 0.925 max: 38.459999999999994
Ep: 626 | Ep_r: 20.59 | t_so_far: {18806} | epsilon: 0.926 max: 38.459999999999994
Ep: 627 | Ep_r: 24.96 | t_so_far: {18856} | epsilon: 0.926 max: 38.459999999999994
Ep: 628 | Ep_r: 28.55 | t_so_far: {18906} | epsilon: 0.927 max: 38.459999999999994
Ep: 629 | Ep_r: 27.91 | t_so_far: {18936} | epsilon: 0.927 max: 38.459999999999994
Ep: 630 | Ep_r: 24.92 | t_so_far: {18951} | epsilon: 0.927 max: 38.459999999999994
Ep: 631 | Ep_r: 25.38 | t_so_far: {18983} | epsilon: 0.927 max: 38.459999999999994
Ep: 632 | Ep_r: 22.54 | t_so_far: {18997} | epsilon: 0.928 max: 38.459999999999994
Ep: 633 | Ep_r: 21.44 | t_so_far: {19018} | epsilon: 0.928 max: 38.459999999999994
Ep: 634 | Ep_r: 18.74 | t_so_far: {19028} | epsilon: 0.928 max: 38.459999999999994
Ep: 635 | Ep_r: 23.62 | t_so_far: {19078} | epsilon: 0.928 max: 38.459999999999994
Ep: 636 | Ep_r: 26.66 | t_so_far: {19128} | epsilon: 0.929 max: 38.459999999999994
Ep: 637 | Ep_r: 29.0 | t_so_far: {19174} | epsilon: 0.929 max: 38.459999999999994
Ep: 638 | Ep_r: 31.34 | t_so_far: {19224} | epsilon: 0.93 max: 38.459999999999994
Ep: 639 | Ep_r: 33.16 | t_so_far: {19274} | epsilon: 0.93 max: 38.459999999999994
Ep: 640 | Ep_r: 30.53 | t_so_far: {19299} | epsilon: 0.93 max: 38.459999999999994
Ep: 641 | Ep_r: 31.94 | t_so_far: {19349} | epsilon: 0.931 max: 38.459999999999994
Ep: 642 | Ep_r: 33.05 | t_so_far: {19395} | epsilon: 0.931 max: 38.459999999999994
Ep: 643 | Ep_r: 28.8 | t_so_far: {19410} | epsilon: 0.931 max: 38.459999999999994
Ep: 644 | Ep_r: 31.11 | t_so_far: {19460} | epsilon: 0.932 max: 38.459999999999994
Ep: 645 | Ep_r: 33.71 | t_so_far: {19510} | epsilon: 0.932 max: 38.459999999999994
Ep: 646 | Ep_r: 29.88 | t_so_far: {19528} | epsilon: 0.932 max: 38.459999999999994
Ep: 647 | Ep_r: 27.16 | t_so_far: {19547} | epsilon: 0.933 max: 38.459999999999994
Ep: 648 | Ep_r: 29.74 | t_so_far: {19595} | epsilon: 0.933 max: 38.459999999999994
Ep: 649 | Ep_r: 27.98 | t_so_far: {19619} | epsilon: 0.933 max: 38.459999999999994
Ep: 650 | Ep_r: 31.19 | t_so_far: {19669} | epsilon: 0.934 max: 38.459999999999994
Ep: 651 | Ep_r: 30.49 | t_so_far: {19702} | epsilon: 0.934 max: 38.459999999999994
Ep: 652 | Ep_r: 25.01 | t_so_far: {19706} | epsilon: 0.934 max: 38.459999999999994
Ep: 653 | Ep_r: 20.81 | t_so_far: {19711} | epsilon: 0.934 max: 38.459999999999994
Ep: 654 | Ep_r: 25.42 | t_so_far: {19761} | epsilon: 0.935 max: 38.459999999999994
Ep: 655 | Ep_r: 26.16 | t_so_far: {19794} | epsilon: 0.935 max: 38.459999999999994
Ep: 656 | Ep_r: 28.84 | t_so_far: {19844} | epsilon: 0.935 max: 38.459999999999994
Ep: 657 | Ep_r: 24.21 | t_so_far: {19851} | epsilon: 0.935 max: 38.459999999999994
Ep: 658 | Ep_r: 27.03 | t_so_far: {19901} | epsilon: 0.936 max: 38.459999999999994
Ep: 659 | Ep_r: 29.39 | t_so_far: {19951} | epsilon: 0.936 max: 38.459999999999994
Ep: 660 | Ep_r: 31.4 | t_so_far: {20001} | epsilon: 0.937 max: 38.459999999999994
Ep: 661 | Ep_r: 31.3 | t_so_far: {20039} | epsilon: 0.937 max: 38.459999999999994
Ep: 662 | Ep_r: 33.03 | t_so_far: {20089} | epsilon: 0.937 max: 38.459999999999994
Ep: 663 | Ep_r: 34.68 | t_so_far: {20139} | epsilon: 0.938 max: 38.459999999999994
Ep: 664 | Ep_r: 35.01 | t_so_far: {20182} | epsilon: 0.938 max: 38.459999999999994
Ep: 665 | Ep_r: 36.08 | t_so_far: {20232} | epsilon: 0.938 max: 38.459999999999994
Ep: 666 | Ep_r: 36.33 | t_so_far: {20277} | epsilon: 0.939 max: 38.459999999999994
Ep: 667 | Ep_r: 37.28 | t_so_far: {20327} | epsilon: 0.939 max: 38.459999999999994
Ep: 668 | Ep_r: 37.87 | t_so_far: {20377} | epsilon: 0.94 max: 38.459999999999994
Ep: 669 | Ep_r: 30.96 | t_so_far: {20381} | epsilon: 0.94 max: 38.459999999999994
Ep: 670 | Ep_r: 32.91 | t_so_far: {20431} | epsilon: 0.94 max: 38.459999999999994
Ep: 671 | Ep_r: 31.66 | t_so_far: {20464} | epsilon: 0.94 max: 38.459999999999994
Ep: 672 | Ep_r: 33.87 | t_so_far: {20514} | epsilon: 0.941 max: 38.459999999999994
Ep: 673 | Ep_r: 29.45 | t_so_far: {20528} | epsilon: 0.941 max: 38.459999999999994
Ep: 674 | Ep_r: 27.34 | t_so_far: {20550} | epsilon: 0.941 max: 38.459999999999994
Ep: 675 | Ep_r: 29.97 | t_so_far: {20600} | epsilon: 0.941 max: 38.459999999999994
Ep: 676 | Ep_r: 30.79 | t_so_far: {20641} | epsilon: 0.942 max: 38.459999999999994
Ep: 677 | Ep_r: 26.55 | t_so_far: {20653} | epsilon: 0.942 max: 38.459999999999994
Ep: 678 | Ep_r: 28.63 | t_so_far: {20703} | epsilon: 0.942 max: 38.459999999999994
Ep: 679 | Ep_r: 31.15 | t_so_far: {20753} | epsilon: 0.942 max: 38.459999999999994
Ep: 680 | Ep_r: 33.38 | t_so_far: {20803} | epsilon: 0.943 max: 38.459999999999994
Ep: 681 | Ep_r: 34.11 | t_so_far: {20848} | epsilon: 0.943 max: 38.459999999999994
Ep: 682 | Ep_r: 35.29 | t_so_far: {20898} | epsilon: 0.944 max: 38.459999999999994
Ep: 683 | Ep_r: 30.77 | t_so_far: {20912} | epsilon: 0.944 max: 38.459999999999994
Ep: 684 | Ep_r: 33.09 | t_so_far: {20962} | epsilon: 0.944 max: 38.459999999999994
Ep: 685 | Ep_r: 34.63 | t_so_far: {21012} | epsilon: 0.944 max: 38.459999999999994
Ep: 686 | Ep_r: 28.12 | t_so_far: {21015} | epsilon: 0.944 max: 38.459999999999994
Ep: 687 | Ep_r: 30.19 | t_so_far: {21062} | epsilon: 0.945 max: 38.459999999999994
Ep: 688 | Ep_r: 32.23 | t_so_far: {21112} | epsilon: 0.945 max: 38.459999999999994
Ep: 689 | Ep_r: 33.16 | t_so_far: {21156} | epsilon: 0.945 max: 38.459999999999994
Ep: 690 | Ep_r: 34.39 | t_so_far: {21206} | epsilon: 0.946 max: 38.459999999999994
Ep: 691 | Ep_r: 35.72 | t_so_far: {21256} | epsilon: 0.946 max: 38.459999999999994
Ep: 692 | Ep_r: 29.04 | t_so_far: {21259} | epsilon: 0.946 max: 38.459999999999994
Ep: 693 | Ep_r: 31.24 | t_so_far: {21309} | epsilon: 0.947 max: 38.459999999999994
Ep: 694 | Ep_r: 33.02 | t_so_far: {21359} | epsilon: 0.947 max: 38.459999999999994
Ep: 695 | Ep_r: 34.74 | t_so_far: {21409} | epsilon: 0.947 max: 38.459999999999994
Ep: 696 | Ep_r: 35.9 | t_so_far: {21459} | epsilon: 0.948 max: 38.459999999999994
Ep: 697 | Ep_r: 37.22 | t_so_far: {21509} | epsilon: 0.948 max: 38.459999999999994
Ep: 698 | Ep_r: 37.8 | t_so_far: {21559} | epsilon: 0.948 max: 38.459999999999994
Ep: 699 | Ep_r: 33.11 | t_so_far: {21576} | epsilon: 0.948 max: 38.459999999999994
Ep: 700 | Ep_r: 34.66 | t_so_far: {21626} | epsilon: 0.949 max: 38.459999999999994
Ep: 701 | Ep_r: 32.7 | t_so_far: {21657} | epsilon: 0.949 max: 38.459999999999994
Ep: 702 | Ep_r: 34.44 | t_so_far: {21707} | epsilon: 0.949 max: 38.459999999999994
Ep: 703 | Ep_r: 35.35 | t_so_far: {21757} | epsilon: 0.95 max: 38.459999999999994
Ep: 704 | Ep_r: 35.95 | t_so_far: {21807} | epsilon: 0.95 max: 38.459999999999994
Ep: 705 | Ep_r: 35.59 | t_so_far: {21849} | epsilon: 0.95 max: 38.459999999999994
Ep: 706 | Ep_r: 31.32 | t_so_far: {21865} | epsilon: 0.95 max: 38.459999999999994
Ep: 707 | Ep_r: 28.35 | t_so_far: {21884} | epsilon: 0.95 max: 38.459999999999994
Ep: 708 | Ep_r: 29.52 | t_so_far: {21929} | epsilon: 0.951 max: 38.459999999999994
Ep: 709 | Ep_r: 31.61 | t_so_far: {21979} | epsilon: 0.951 max: 38.459999999999994
Ep: 710 | Ep_r: 32.84 | t_so_far: {22029} | epsilon: 0.951 max: 38.459999999999994
Ep: 711 | Ep_r: 34.51 | t_so_far: {22079} | epsilon: 0.952 max: 38.459999999999994
Ep: 712 | Ep_r: 35.45 | t_so_far: {22129} | epsilon: 0.952 max: 38.459999999999994
Ep: 713 | Ep_r: 36.41 | t_so_far: {22179} | epsilon: 0.952 max: 38.459999999999994
Ep: 714 | Ep_r: 36.97 | t_so_far: {22229} | epsilon: 0.953 max: 38.459999999999994
Ep: 715 | Ep_r: 31.15 | t_so_far: {22239} | epsilon: 0.953 max: 38.459999999999994
Ep: 716 | Ep_r: 32.97 | t_so_far: {22289} | epsilon: 0.953 max: 38.459999999999994
Ep: 717 | Ep_r: 34.44 | t_so_far: {22339} | epsilon: 0.953 max: 38.459999999999994
Ep: 718 | Ep_r: 35.65 | t_so_far: {22389} | epsilon: 0.954 max: 38.459999999999994
Ep: 719 | Ep_r: 36.52 | t_so_far: {22439} | epsilon: 0.954 max: 38.459999999999994
Ep: 720 | Ep_r: 36.36 | t_so_far: {22489} | epsilon: 0.954 max: 38.459999999999994
Ep: 721 | Ep_r: 36.37 | t_so_far: {22539} | epsilon: 0.954 max: 38.459999999999994
Ep: 722 | Ep_r: 36.63 | t_so_far: {22589} | epsilon: 0.955 max: 38.459999999999994
Ep: 723 | Ep_r: 30.86 | t_so_far: {22599} | epsilon: 0.955 max: 38.459999999999994
Ep: 724 | Ep_r: 25.31 | t_so_far: {22603} | epsilon: 0.955 max: 38.459999999999994
Ep: 725 | Ep_r: 26.7 | t_so_far: {22641} | epsilon: 0.955 max: 38.459999999999994
Ep: 726 | Ep_r: 29.29 | t_so_far: {22691} | epsilon: 0.955 max: 38.459999999999994
Ep: 727 | Ep_r: 31.22 | t_so_far: {22741} | epsilon: 0.956 max: 38.459999999999994
Ep: 728 | Ep_r: 32.73 | t_so_far: {22791} | epsilon: 0.956 max: 38.459999999999994
Ep: 729 | Ep_r: 34.07 | t_so_far: {22841} | epsilon: 0.956 max: 38.459999999999994
Ep: 730 | Ep_r: 35.01 | t_so_far: {22891} | epsilon: 0.957 max: 38.459999999999994
Ep: 731 | Ep_r: 35.23 | t_so_far: {22940} | epsilon: 0.957 max: 38.459999999999994
Ep: 732 | Ep_r: 36.04 | t_so_far: {22990} | epsilon: 0.957 max: 38.459999999999994
Ep: 733 | Ep_r: 31.16 | t_so_far: {23005} | epsilon: 0.957 max: 38.459999999999994
Ep: 734 | Ep_r: 32.72 | t_so_far: {23055} | epsilon: 0.957 max: 38.459999999999994
Ep: 735 | Ep_r: 27.28 | t_so_far: {23062} | epsilon: 0.957 max: 38.459999999999994
Ep: 736 | Ep_r: 29.82 | t_so_far: {23112} | epsilon: 0.958 max: 38.459999999999994
Ep: 737 | Ep_r: 31.82 | t_so_far: {23162} | epsilon: 0.958 max: 38.459999999999994
Ep: 738 | Ep_r: 25.89 | t_so_far: {23165} | epsilon: 0.958 max: 38.459999999999994
Ep: 739 | Ep_r: 24.65 | t_so_far: {23189} | epsilon: 0.958 max: 38.459999999999994
Ep: 740 | Ep_r: 27.69 | t_so_far: {23239} | epsilon: 0.958 max: 38.459999999999994
Ep: 741 | Ep_r: 25.18 | t_so_far: {23257} | epsilon: 0.959 max: 38.459999999999994
Ep: 742 | Ep_r: 27.7 | t_so_far: {23305} | epsilon: 0.959 max: 38.459999999999994
Ep: 743 | Ep_r: 28.86 | t_so_far: {23348} | epsilon: 0.959 max: 38.459999999999994
Ep: 744 | Ep_r: 23.67 | t_so_far: {23352} | epsilon: 0.959 max: 38.459999999999994
Ep: 745 | Ep_r: 26.32 | t_so_far: {23402} | epsilon: 0.959 max: 38.459999999999994
Ep: 746 | Ep_r: 28.55 | t_so_far: {23452} | epsilon: 0.96 max: 38.459999999999994
Ep: 747 | Ep_r: 27.25 | t_so_far: {23478} | epsilon: 0.96 max: 38.459999999999994
Ep: 748 | Ep_r: 29.65 | t_so_far: {23528} | epsilon: 0.96 max: 38.459999999999994
Ep: 749 | Ep_r: 31.64 | t_so_far: {23578} | epsilon: 0.96 max: 38.459999999999994
Ep: 750 | Ep_r: 33.27 | t_so_far: {23628} | epsilon: 0.96 max: 38.459999999999994
Ep: 751 | Ep_r: 32.6 | t_so_far: {23667} | epsilon: 0.961 max: 38.459999999999994
Ep: 752 | Ep_r: 33.91 | t_so_far: {23717} | epsilon: 0.961 max: 38.459999999999994
Ep: 753 | Ep_r: 29.87 | t_so_far: {23733} | epsilon: 0.961 max: 38.459999999999994
Ep: 754 | Ep_r: 31.63 | t_so_far: {23783} | epsilon: 0.961 max: 38.459999999999994
Ep: 755 | Ep_r: 31.54 | t_so_far: {23824} | epsilon: 0.961 max: 38.459999999999994
Ep: 756 | Ep_r: 31.73 | t_so_far: {23866} | epsilon: 0.962 max: 38.459999999999994
Ep: 757 | Ep_r: 33.46 | t_so_far: {23916} | epsilon: 0.962 max: 38.459999999999994
Ep: 758 | Ep_r: 32.1 | t_so_far: {23948} | epsilon: 0.962 max: 38.459999999999994
Ep: 759 | Ep_r: 28.12 | t_so_far: {23963} | epsilon: 0.962 max: 38.459999999999994
Ep: 760 | Ep_r: 30.29 | t_so_far: {24013} | epsilon: 0.962 max: 38.459999999999994
Ep: 761 | Ep_r: 32.0 | t_so_far: {24063} | epsilon: 0.963 max: 38.459999999999994
Ep: 762 | Ep_r: 33.2 | t_so_far: {24113} | epsilon: 0.963 max: 38.459999999999994
Ep: 763 | Ep_r: 34.78 | t_so_far: {24163} | epsilon: 0.963 max: 38.459999999999994
Ep: 764 | Ep_r: 35.27 | t_so_far: {24208} | epsilon: 0.963 max: 38.459999999999994
Ep: 765 | Ep_r: 35.45 | t_so_far: {24258} | epsilon: 0.964 max: 38.459999999999994
Ep: 766 | Ep_r: 35.75 | t_so_far: {24308} | epsilon: 0.964 max: 38.459999999999994
Ep: 767 | Ep_r: 36.01 | t_so_far: {24358} | epsilon: 0.964 max: 38.459999999999994
Ep: 768 | Ep_r: 32.79 | t_so_far: {24382} | epsilon: 0.964 max: 38.459999999999994
Ep: 769 | Ep_r: 29.85 | t_so_far: {24405} | epsilon: 0.964 max: 38.459999999999994
Ep: 770 | Ep_r: 25.0 | t_so_far: {24412} | epsilon: 0.964 max: 38.459999999999994
Ep: 771 | Ep_r: 24.13 | t_so_far: {24437} | epsilon: 0.964 max: 38.459999999999994
Ep: 772 | Ep_r: 19.68 | t_so_far: {24440} | epsilon: 0.964 max: 38.459999999999994
Ep: 773 | Ep_r: 23.47 | t_so_far: {24490} | epsilon: 0.965 max: 38.459999999999994
Ep: 774 | Ep_r: 26.65 | t_so_far: {24540} | epsilon: 0.965 max: 38.459999999999994
Ep: 775 | Ep_r: 23.74 | t_so_far: {24555} | epsilon: 0.965 max: 38.459999999999994
Ep: 776 | Ep_r: 27.1 | t_so_far: {24605} | epsilon: 0.965 max: 38.459999999999994
Ep: 777 | Ep_r: 29.3 | t_so_far: {24655} | epsilon: 0.965 max: 38.459999999999994
Ep: 778 | Ep_r: 27.96 | t_so_far: {24683} | epsilon: 0.966 max: 38.459999999999994
Ep: 779 | Ep_r: 30.04 | t_so_far: {24733} | epsilon: 0.966 max: 38.459999999999994
Ep: 780 | Ep_r: 29.16 | t_so_far: {24764} | epsilon: 0.966 max: 38.459999999999994
Ep: 781 | Ep_r: 25.04 | t_so_far: {24774} | epsilon: 0.966 max: 38.459999999999994
Ep: 782 | Ep_r: 27.69 | t_so_far: {24824} | epsilon: 0.966 max: 38.459999999999994
Ep: 783 | Ep_r: 29.79 | t_so_far: {24874} | epsilon: 0.966 max: 38.459999999999994
Ep: 784 | Ep_r: 31.48 | t_so_far: {24924} | epsilon: 0.967 max: 38.459999999999994
Ep: 785 | Ep_r: 32.76 | t_so_far: {24974} | epsilon: 0.967 max: 38.459999999999994
Ep: 786 | Ep_r: 28.92 | t_so_far: {24991} | epsilon: 0.967 max: 38.459999999999994
Ep: 787 | Ep_r: 30.66 | t_so_far: {25041} | epsilon: 0.967 max: 38.459999999999994
Ep: 788 | Ep_r: 31.7 | t_so_far: {25091} | epsilon: 0.967 max: 38.459999999999994
Ep: 789 | Ep_r: 32.49 | t_so_far: {25141} | epsilon: 0.968 max: 38.459999999999994
Ep: 790 | Ep_r: 33.13 | t_so_far: {25191} | epsilon: 0.968 max: 38.459999999999994
Ep: 791 | Ep_r: 35.15 | t_so_far: {25241} | epsilon: 0.968 max: 38.459999999999994
Ep: 792 | Ep_r: 35.57 | t_so_far: {25291} | epsilon: 0.968 max: 38.459999999999994
Ep: 793 | Ep_r: 30.43 | t_so_far: {25303} | epsilon: 0.968 max: 38.459999999999994
Ep: 794 | Ep_r: 28.78 | t_so_far: {25330} | epsilon: 0.968 max: 38.459999999999994
Ep: 795 | Ep_r: 23.47 | t_so_far: {25333} | epsilon: 0.968 max: 38.459999999999994
Ep: 796 | Ep_r: 23.86 | t_so_far: {25362} | epsilon: 0.968 max: 38.459999999999994
Ep: 797 | Ep_r: 22.45 | t_so_far: {25381} | epsilon: 0.969 max: 38.459999999999994
Ep: 798 | Ep_r: 25.78 | t_so_far: {25431} | epsilon: 0.969 max: 38.459999999999994
Ep: 799 | Ep_r: 29.13 | t_so_far: {25481} | epsilon: 0.969 max: 38.459999999999994
Ep: 800 | Ep_r: 31.26 | t_so_far: {25531} | epsilon: 0.969 max: 38.459999999999994
Ep: 801 | Ep_r: 33.62 | t_so_far: {25581} | epsilon: 0.969 max: 38.459999999999994
Ep: 802 | Ep_r: 28.6 | t_so_far: {25591} | epsilon: 0.969 max: 38.459999999999994
Ep: 803 | Ep_r: 26.54 | t_so_far: {25613} | epsilon: 0.969 max: 38.459999999999994
Ep: 804 | Ep_r: 28.75 | t_so_far: {25663} | epsilon: 0.97 max: 38.459999999999994
Ep: 805 | Ep_r: 30.65 | t_so_far: {25713} | epsilon: 0.97 max: 38.459999999999994
Ep: 806 | Ep_r: 31.45 | t_so_far: {25763} | epsilon: 0.97 max: 38.459999999999994
Ep: 807 | Ep_r: 32.33 | t_so_far: {25813} | epsilon: 0.97 max: 38.459999999999994
Ep: 808 | Ep_r: 33.92 | t_so_far: {25863} | epsilon: 0.97 max: 38.459999999999994
Ep: 809 | Ep_r: 32.65 | t_so_far: {25897} | epsilon: 0.971 max: 38.459999999999994
Ep: 810 | Ep_r: 33.86 | t_so_far: {25947} | epsilon: 0.971 max: 38.459999999999994
Ep: 811 | Ep_r: 34.4 | t_so_far: {25997} | epsilon: 0.971 max: 38.459999999999994
Ep: 812 | Ep_r: 35.1 | t_so_far: {26047} | epsilon: 0.971 max: 38.459999999999994
Ep: 813 | Ep_r: 36.35 | t_so_far: {26097} | epsilon: 0.971 max: 38.459999999999994
Ep: 814 | Ep_r: 35.87 | t_so_far: {26139} | epsilon: 0.971 max: 38.459999999999994
Ep: 815 | Ep_r: 36.04 | t_so_far: {26189} | epsilon: 0.972 max: 38.459999999999994
Ep: 816 | Ep_r: 36.31 | t_so_far: {26239} | epsilon: 0.972 max: 38.459999999999994
Ep: 817 | Ep_r: 36.63 | t_so_far: {26289} | epsilon: 0.972 max: 38.459999999999994
Ep: 818 | Ep_r: 36.96 | t_so_far: {26339} | epsilon: 0.972 max: 38.459999999999994
Ep: 819 | Ep_r: 37.18 | t_so_far: {26389} | epsilon: 0.972 max: 38.459999999999994
Ep: 820 | Ep_r: 33.52 | t_so_far: {26416} | epsilon: 0.972 max: 38.459999999999994
Ep: 821 | Ep_r: 27.59 | t_so_far: {26421} | epsilon: 0.972 max: 38.459999999999994
Ep: 822 | Ep_r: 29.47 | t_so_far: {26471} | epsilon: 0.973 max: 38.459999999999994
Ep: 823 | Ep_r: 31.09 | t_so_far: {26521} | epsilon: 0.973 max: 38.459999999999994
Ep: 824 | Ep_r: 28.54 | t_so_far: {26542} | epsilon: 0.973 max: 38.459999999999994
Ep: 825 | Ep_r: 30.2 | t_so_far: {26592} | epsilon: 0.973 max: 38.459999999999994
Ep: 826 | Ep_r: 31.94 | t_so_far: {26642} | epsilon: 0.973 max: 38.459999999999994
Ep: 827 | Ep_r: 30.85 | t_so_far: {26674} | epsilon: 0.973 max: 38.459999999999994
Ep: 828 | Ep_r: 25.11 | t_so_far: {26677} | epsilon: 0.973 max: 38.459999999999994
Ep: 829 | Ep_r: 27.26 | t_so_far: {26727} | epsilon: 0.974 max: 38.459999999999994
Ep: 830 | Ep_r: 28.98 | t_so_far: {26777} | epsilon: 0.974 max: 38.459999999999994
Ep: 831 | Ep_r: 31.31 | t_so_far: {26827} | epsilon: 0.974 max: 38.459999999999994
Ep: 832 | Ep_r: 29.98 | t_so_far: {26860} | epsilon: 0.974 max: 38.459999999999994
Ep: 833 | Ep_r: 27.65 | t_so_far: {26884} | epsilon: 0.974 max: 38.459999999999994
Ep: 834 | Ep_r: 29.96 | t_so_far: {26934} | epsilon: 0.974 max: 38.459999999999994
Ep: 835 | Ep_r: 31.16 | t_so_far: {26984} | epsilon: 0.974 max: 38.459999999999994
Ep: 836 | Ep_r: 32.02 | t_so_far: {27026} | epsilon: 0.975 max: 38.459999999999994
Ep: 837 | Ep_r: 32.66 | t_so_far: {27076} | epsilon: 0.975 max: 38.459999999999994
Ep: 838 | Ep_r: 34.16 | t_so_far: {27126} | epsilon: 0.975 max: 38.459999999999994
Ep: 839 | Ep_r: 35.0 | t_so_far: {27176} | epsilon: 0.975 max: 38.459999999999994
Ep: 840 | Ep_r: 32.96 | t_so_far: {27207} | epsilon: 0.975 max: 38.459999999999994
Ep: 841 | Ep_r: 34.05 | t_so_far: {27257} | epsilon: 0.975 max: 38.459999999999994
Ep: 842 | Ep_r: 34.0 | t_so_far: {27297} | epsilon: 0.975 max: 38.459999999999994
Ep: 843 | Ep_r: 34.14 | t_so_far: {27347} | epsilon: 0.976 max: 38.459999999999994
Ep: 844 | Ep_r: 35.31 | t_so_far: {27397} | epsilon: 0.976 max: 38.459999999999994
Ep: 845 | Ep_r: 35.78 | t_so_far: {27447} | epsilon: 0.976 max: 38.459999999999994
Ep: 846 | Ep_r: 36.93 | t_so_far: {27497} | epsilon: 0.976 max: 38.459999999999994
Ep: 847 | Ep_r: 35.05 | t_so_far: {27532} | epsilon: 0.976 max: 38.459999999999994
Ep: 848 | Ep_r: 29.48 | t_so_far: {27541} | epsilon: 0.976 max: 38.459999999999994
Ep: 849 | Ep_r: 31.66 | t_so_far: {27591} | epsilon: 0.976 max: 38.459999999999994
Ep: 850 | Ep_r: 33.01 | t_so_far: {27641} | epsilon: 0.976 max: 38.459999999999994
Ep: 851 | Ep_r: 35.05 | t_so_far: {27691} | epsilon: 0.977 max: 38.459999999999994
Ep: 852 | Ep_r: 31.96 | t_so_far: {27713} | epsilon: 0.977 max: 38.459999999999994
Ep: 853 | Ep_r: 33.53 | t_so_far: {27763} | epsilon: 0.977 max: 38.459999999999994
Ep: 854 | Ep_r: 34.29 | t_so_far: {27813} | epsilon: 0.977 max: 38.459999999999994
Ep: 855 | Ep_r: 34.98 | t_so_far: {27861} | epsilon: 0.977 max: 38.459999999999994
Ep: 856 | Ep_r: 36.09 | t_so_far: {27911} | epsilon: 0.977 max: 38.459999999999994
Ep: 857 | Ep_r: 36.54 | t_so_far: {27961} | epsilon: 0.977 max: 38.459999999999994
Ep: 858 | Ep_r: 33.22 | t_so_far: {27988} | epsilon: 0.977 max: 38.459999999999994
Ep: 859 | Ep_r: 34.7 | t_so_far: {28038} | epsilon: 0.978 max: 38.459999999999994
Ep: 860 | Ep_r: 30.13 | t_so_far: {28053} | epsilon: 0.978 max: 38.459999999999994
Ep: 861 | Ep_r: 31.94 | t_so_far: {28100} | epsilon: 0.978 max: 38.459999999999994
Ep: 862 | Ep_r: 33.79 | t_so_far: {28150} | epsilon: 0.978 max: 38.459999999999994
Ep: 863 | Ep_r: 27.73 | t_so_far: {28155} | epsilon: 0.978 max: 38.459999999999994
Ep: 864 | Ep_r: 30.43 | t_so_far: {28205} | epsilon: 0.978 max: 38.459999999999994
Ep: 865 | Ep_r: 32.93 | t_so_far: {28255} | epsilon: 0.978 max: 38.459999999999994
Ep: 866 | Ep_r: 34.45 | t_so_far: {28305} | epsilon: 0.978 max: 38.459999999999994
Ep: 867 | Ep_r: 27.94 | t_so_far: {28308} | epsilon: 0.978 max: 38.459999999999994
Ep: 868 | Ep_r: 30.46 | t_so_far: {28358} | epsilon: 0.979 max: 38.459999999999994
Ep: 869 | Ep_r: 32.79 | t_so_far: {28408} | epsilon: 0.979 max: 38.459999999999994
Ep: 870 | Ep_r: 34.66 | t_so_far: {28458} | epsilon: 0.979 max: 38.459999999999994
Ep: 871 | Ep_r: 35.53 | t_so_far: {28508} | epsilon: 0.979 max: 38.459999999999994
Ep: 872 | Ep_r: 29.41 | t_so_far: {28514} | epsilon: 0.979 max: 38.459999999999994
Ep: 873 | Ep_r: 31.58 | t_so_far: {28564} | epsilon: 0.979 max: 38.459999999999994
Ep: 874 | Ep_r: 33.12 | t_so_far: {28614} | epsilon: 0.979 max: 38.459999999999994
Ep: 875 | Ep_r: 32.01 | t_so_far: {28648} | epsilon: 0.979 max: 38.459999999999994
Ep: 876 | Ep_r: 33.67 | t_so_far: {28698} | epsilon: 0.979 max: 38.459999999999994
Ep: 877 | Ep_r: 34.95 | t_so_far: {28748} | epsilon: 0.98 max: 38.459999999999994
Ep: 878 | Ep_r: 36.15 | t_so_far: {28798} | epsilon: 0.98 max: 38.459999999999994
Ep: 879 | Ep_r: 34.67 | t_so_far: {28833} | epsilon: 0.98 max: 38.459999999999994
Ep: 880 | Ep_r: 28.15 | t_so_far: {28836} | epsilon: 0.98 max: 38.459999999999994
Ep: 881 | Ep_r: 30.65 | t_so_far: {28886} | epsilon: 0.98 max: 38.459999999999994
Ep: 882 | Ep_r: 33.05 | t_so_far: {28936} | epsilon: 0.98 max: 38.459999999999994
Ep: 883 | Ep_r: 29.93 | t_so_far: {28956} | epsilon: 0.98 max: 38.459999999999994
Ep: 884 | Ep_r: 28.53 | t_so_far: {28982} | epsilon: 0.98 max: 38.459999999999994
Ep: 885 | Ep_r: 31.09 | t_so_far: {29032} | epsilon: 0.98 max: 38.459999999999994
Ep: 886 | Ep_r: 29.69 | t_so_far: {29062} | epsilon: 0.98 max: 38.459999999999994
Ep: 887 | Ep_r: 31.55 | t_so_far: {29112} | epsilon: 0.98 max: 38.459999999999994
Ep: 888 | Ep_r: 33.08 | t_so_far: {29162} | epsilon: 0.981 max: 38.459999999999994
Ep: 889 | Ep_r: 33.3 | t_so_far: {29204} | epsilon: 0.981 max: 38.459999999999994
Ep: 890 | Ep_r: 34.57 | t_so_far: {29254} | epsilon: 0.981 max: 38.459999999999994
Ep: 891 | Ep_r: 32.47 | t_so_far: {29283} | epsilon: 0.981 max: 38.459999999999994
Ep: 892 | Ep_r: 31.6 | t_so_far: {29316} | epsilon: 0.981 max: 38.459999999999994
Ep: 893 | Ep_r: 33.57 | t_so_far: {29366} | epsilon: 0.981 max: 38.459999999999994
Ep: 894 | Ep_r: 32.05 | t_so_far: {29396} | epsilon: 0.981 max: 38.459999999999994
Ep: 895 | Ep_r: 27.24 | t_so_far: {29406} | epsilon: 0.981 max: 38.459999999999994
Ep: 896 | Ep_r: 22.51 | t_so_far: {29411} | epsilon: 0.981 max: 38.459999999999994
Ep: 897 | Ep_r: 26.07 | t_so_far: {29461} | epsilon: 0.981 max: 38.459999999999994
Ep: 898 | Ep_r: 28.93 | t_so_far: {29511} | epsilon: 0.981 max: 38.459999999999994
Ep: 899 | Ep_r: 24.87 | t_so_far: {29522} | epsilon: 0.981 max: 38.459999999999994
Ep: 900 | Ep_r: 27.97 | t_so_far: {29572} | epsilon: 0.982 max: 38.459999999999994
Ep: 901 | Ep_r: 23.16 | t_so_far: {29577} | epsilon: 0.982 max: 38.459999999999994
Ep: 902 | Ep_r: 26.47 | t_so_far: {29627} | epsilon: 0.982 max: 38.459999999999994
Ep: 903 | Ep_r: 29.15 | t_so_far: {29677} | epsilon: 0.982 max: 38.459999999999994
Ep: 904 | Ep_r: 30.0 | t_so_far: {29720} | epsilon: 0.982 max: 38.459999999999994
Ep: 905 | Ep_r: 27.95 | t_so_far: {29745} | epsilon: 0.982 max: 38.459999999999994
Ep: 906 | Ep_r: 30.32 | t_so_far: {29795} | epsilon: 0.982 max: 38.459999999999994
Ep: 907 | Ep_r: 27.41 | t_so_far: {29816} | epsilon: 0.982 max: 38.459999999999994
Ep: 908 | Ep_r: 29.93 | t_so_far: {29866} | epsilon: 0.982 max: 38.459999999999994
Ep: 909 | Ep_r: 32.08 | t_so_far: {29916} | epsilon: 0.982 max: 38.459999999999994
Ep: 910 | Ep_r: 33.52 | t_so_far: {29966} | epsilon: 0.982 max: 38.459999999999994
Ep: 911 | Ep_r: 34.75 | t_so_far: {30016} | epsilon: 0.983 max: 38.459999999999994
Ep: 912 | Ep_r: 35.23 | t_so_far: {30066} | epsilon: 0.983 max: 38.459999999999994
Ep: 913 | Ep_r: 36.66 | t_so_far: {30116} | epsilon: 0.983 max: 38.459999999999994
Ep: 914 | Ep_r: 37.11 | t_so_far: {30166} | epsilon: 0.983 max: 38.459999999999994
Ep: 915 | Ep_r: 36.47 | t_so_far: {30208} | epsilon: 0.983 max: 38.459999999999994
Ep: 916 | Ep_r: 37.28 | t_so_far: {30258} | epsilon: 0.983 max: 38.459999999999994
Ep: 917 | Ep_r: 37.78 | t_so_far: {30308} | epsilon: 0.983 max: 38.459999999999994
Ep: 918 | Ep_r: 30.99 | t_so_far: {30313} | epsilon: 0.983 max: 38.459999999999994
Ep: 919 | Ep_r: 33.02 | t_so_far: {30363} | epsilon: 0.983 max: 38.459999999999994
Ep: 920 | Ep_r: 34.2 | t_so_far: {30413} | epsilon: 0.983 max: 38.459999999999994
Ep: 921 | Ep_r: 28.99 | t_so_far: {30422} | epsilon: 0.983 max: 38.459999999999994
Ep: 922 | Ep_r: 31.34 | t_so_far: {30472} | epsilon: 0.984 max: 38.459999999999994
Ep: 923 | Ep_r: 33.3 | t_so_far: {30522} | epsilon: 0.984 max: 38.459999999999994
Ep: 924 | Ep_r: 33.69 | t_so_far: {30565} | epsilon: 0.984 max: 38.459999999999994
Ep: 925 | Ep_r: 27.97 | t_so_far: {30571} | epsilon: 0.984 max: 38.459999999999994
Ep: 926 | Ep_r: 30.05 | t_so_far: {30621} | epsilon: 0.984 max: 38.459999999999994
Ep: 927 | Ep_r: 31.93 | t_so_far: {30671} | epsilon: 0.984 max: 38.459999999999994
Ep: 928 | Ep_r: 33.55 | t_so_far: {30721} | epsilon: 0.984 max: 38.459999999999994
Ep: 929 | Ep_r: 34.63 | t_so_far: {30771} | epsilon: 0.984 max: 38.459999999999994
Ep: 930 | Ep_r: 35.22 | t_so_far: {30821} | epsilon: 0.984 max: 38.459999999999994
Ep: 931 | Ep_r: 36.14 | t_so_far: {30871} | epsilon: 0.984 max: 38.459999999999994
Ep: 932 | Ep_r: 29.52 | t_so_far: {30875} | epsilon: 0.984 max: 38.459999999999994
Ep: 933 | Ep_r: 24.39 | t_so_far: {30880} | epsilon: 0.984 max: 38.459999999999994
Ep: 934 | Ep_r: 27.29 | t_so_far: {30930} | epsilon: 0.984 max: 38.459999999999994
Ep: 935 | Ep_r: 29.25 | t_so_far: {30980} | epsilon: 0.985 max: 38.459999999999994
Ep: 936 | Ep_r: 31.46 | t_so_far: {31030} | epsilon: 0.985 max: 38.459999999999994
Ep: 937 | Ep_r: 32.63 | t_so_far: {31080} | epsilon: 0.985 max: 38.459999999999994
Ep: 938 | Ep_r: 33.9 | t_so_far: {31130} | epsilon: 0.985 max: 38.459999999999994
Ep: 939 | Ep_r: 35.38 | t_so_far: {31180} | epsilon: 0.985 max: 38.459999999999994
Ep: 940 | Ep_r: 36.25 | t_so_far: {31230} | epsilon: 0.985 max: 38.459999999999994
Ep: 941 | Ep_r: 36.96 | t_so_far: {31280} | epsilon: 0.985 max: 38.459999999999994
Ep: 942 | Ep_r: 37.22 | t_so_far: {31330} | epsilon: 0.985 max: 38.459999999999994
Ep: 943 | Ep_r: 31.3 | t_so_far: {31339} | epsilon: 0.985 max: 38.459999999999994
Ep: 944 | Ep_r: 32.7 | t_so_far: {31389} | epsilon: 0.985 max: 38.459999999999994
Ep: 945 | Ep_r: 33.68 | t_so_far: {31439} | epsilon: 0.985 max: 38.459999999999994
Ep: 946 | Ep_r: 34.6 | t_so_far: {31489} | epsilon: 0.985 max: 38.459999999999994
Ep: 947 | Ep_r: 29.44 | t_so_far: {31499} | epsilon: 0.986 max: 38.459999999999994
Ep: 948 | Ep_r: 31.39 | t_so_far: {31549} | epsilon: 0.986 max: 38.459999999999994
Ep: 949 | Ep_r: 31.35 | t_so_far: {31589} | epsilon: 0.986 max: 38.459999999999994
Ep: 950 | Ep_r: 33.43 | t_so_far: {31639} | epsilon: 0.986 max: 38.459999999999994
Ep: 951 | Ep_r: 26.98 | t_so_far: {31641} | epsilon: 0.986 max: 38.459999999999994
Ep: 952 | Ep_r: 29.24 | t_so_far: {31691} | epsilon: 0.986 max: 38.459999999999994
Ep: 953 | Ep_r: 31.18 | t_so_far: {31741} | epsilon: 0.986 max: 38.459999999999994
Ep: 954 | Ep_r: 32.79 | t_so_far: {31791} | epsilon: 0.986 max: 38.459999999999994
Ep: 955 | Ep_r: 33.82 | t_so_far: {31841} | epsilon: 0.986 max: 38.459999999999994
Ep: 956 | Ep_r: 34.8 | t_so_far: {31891} | epsilon: 0.986 max: 38.459999999999994
Ep: 957 | Ep_r: 35.25 | t_so_far: {31941} | epsilon: 0.986 max: 38.459999999999994
Ep: 958 | Ep_r: 35.73 | t_so_far: {31991} | epsilon: 0.986 max: 38.459999999999994
Ep: 959 | Ep_r: 33.98 | t_so_far: {32026} | epsilon: 0.986 max: 38.459999999999994
Ep: 960 | Ep_r: 34.96 | t_so_far: {32076} | epsilon: 0.987 max: 38.459999999999994
Ep: 961 | Ep_r: 35.89 | t_so_far: {32126} | epsilon: 0.987 max: 38.459999999999994
Ep: 962 | Ep_r: 36.69 | t_so_far: {32176} | epsilon: 0.987 max: 38.459999999999994
Ep: 963 | Ep_r: 37.05 | t_so_far: {32225} | epsilon: 0.987 max: 38.459999999999994
Ep: 964 | Ep_r: 37.59 | t_so_far: {32275} | epsilon: 0.987 max: 38.459999999999994
Ep: 965 | Ep_r: 37.58 | t_so_far: {32325} | epsilon: 0.987 max: 38.459999999999994
Ep: 966 | Ep_r: 37.98 | t_so_far: {32375} | epsilon: 0.987 max: 38.459999999999994
Ep: 967 | Ep_r: 31.53 | t_so_far: {32382} | epsilon: 0.987 max: 38.459999999999994
Ep: 968 | Ep_r: 33.55 | t_so_far: {32432} | epsilon: 0.987 max: 38.459999999999994
Ep: 969 | Ep_r: 34.8 | t_so_far: {32482} | epsilon: 0.987 max: 38.459999999999994
Ep: 970 | Ep_r: 35.43 | t_so_far: {32531} | epsilon: 0.987 max: 38.459999999999994
Ep: 971 | Ep_r: 36.09 | t_so_far: {32581} | epsilon: 0.987 max: 38.459999999999994
Ep: 972 | Ep_r: 36.81 | t_so_far: {32631} | epsilon: 0.987 max: 38.459999999999994
Ep: 973 | Ep_r: 37.34 | t_so_far: {32681} | epsilon: 0.987 max: 38.459999999999994
Ep: 974 | Ep_r: 37.79 | t_so_far: {32731} | epsilon: 0.988 max: 38.459999999999994
Ep: 975 | Ep_r: 38.39 | t_so_far: {32781} | epsilon: 0.988 max: 38.459999999999994
Ep: 976 | Ep_r: 39.12 | t_so_far: {32831} | epsilon: 0.988 max: 39.11716175809313
Ep: 977 | Ep_r: 38.09 | t_so_far: {32873} | epsilon: 0.988 max: 39.11716175809313
Ep: 978 | Ep_r: 38.25 | t_so_far: {32923} | epsilon: 0.988 max: 39.11716175809313
Ep: 979 | Ep_r: 38.47 | t_so_far: {32973} | epsilon: 0.988 max: 39.11716175809313
Ep: 980 | Ep_r: 34.37 | t_so_far: {32996} | epsilon: 0.988 max: 39.11716175809313
Ep: 981 | Ep_r: 35.12 | t_so_far: {33046} | epsilon: 0.988 max: 39.11716175809313
Ep: 982 | Ep_r: 36.1 | t_so_far: {33096} | epsilon: 0.988 max: 39.11716175809313
Ep: 983 | Ep_r: 29.63 | t_so_far: {33101} | epsilon: 0.988 max: 39.11716175809313
Ep: 984 | Ep_r: 31.22 | t_so_far: {33151} | epsilon: 0.988 max: 39.11716175809313
Ep: 985 | Ep_r: 26.84 | t_so_far: {33163} | epsilon: 0.988 max: 39.11716175809313
Ep: 986 | Ep_r: 29.06 | t_so_far: {33213} | epsilon: 0.988 max: 39.11716175809313
Ep: 987 | Ep_r: 30.94 | t_so_far: {33263} | epsilon: 0.988 max: 39.11716175809313
Ep: 988 | Ep_r: 32.41 | t_so_far: {33313} | epsilon: 0.988 max: 39.11716175809313
Ep: 989 | Ep_r: 34.17 | t_so_far: {33363} | epsilon: 0.988 max: 39.11716175809313
Ep: 990 | Ep_r: 35.27 | t_so_far: {33413} | epsilon: 0.989 max: 39.11716175809313
Ep: 991 | Ep_r: 36.46 | t_so_far: {33463} | epsilon: 0.989 max: 39.11716175809313
Ep: 992 | Ep_r: 32.11 | t_so_far: {33482} | epsilon: 0.989 max: 39.11716175809313
Ep: 993 | Ep_r: 33.55 | t_so_far: {33532} | epsilon: 0.989 max: 39.11716175809313
Ep: 994 | Ep_r: 34.67 | t_so_far: {33582} | epsilon: 0.989 max: 39.11716175809313
Ep: 995 | Ep_r: 35.65 | t_so_far: {33632} | epsilon: 0.989 max: 39.11716175809313
Ep: 996 | Ep_r: 36.76 | t_so_far: {33682} | epsilon: 0.989 max: 39.11716175809313
Ep: 997 | Ep_r: 37.72 | t_so_far: {33732} | epsilon: 0.989 max: 39.11716175809313
Ep: 998 | Ep_r: 37.53 | t_so_far: {33782} | epsilon: 0.989 max: 39.11716175809313
Ep: 999 | Ep_r: 34.22 | t_so_far: {33810} | epsilon: 0.989 max: 39.11716175809313
Ep: 1000 | Ep_r: 36.52 | t_so_far: {33860} | epsilon: 0.989 max: 39.11716175809313
