nohup: ignoring input
pygame 2.1.2 (SDL 2.0.16, Python 3.7.13)
Hello from the pygame community. https://www.pygame.org/contribute.html
Successfully set seed to 1
Ep: 0 | Ep_r: 32.57 | t_so_far: {41} | epsilon: 0.105 max: 32.56666666666666
Ep: 1 | Ep_r: 33.81 | t_so_far: {91} | epsilon: 0.111 max: 33.81333333333333
Ep: 2 | Ep_r: 34.56 | t_so_far: {134} | epsilon: 0.116 max: 34.55733333333333
Ep: 3 | Ep_r: 28.53 | t_so_far: {140} | epsilon: 0.117 max: 34.55733333333333
Ep: 4 | Ep_r: 24.4 | t_so_far: {150} | epsilon: 0.118 max: 34.55733333333333
Ep: 5 | Ep_r: 22.01 | t_so_far: {166} | epsilon: 0.12 max: 34.55733333333333
Ep: 6 | Ep_r: 20.19 | t_so_far: {180} | epsilon: 0.121 max: 34.55733333333333
Ep: 7 | Ep_r: 21.36 | t_so_far: {211} | epsilon: 0.125 max: 34.55733333333333
Ep: 8 | Ep_r: 18.31 | t_so_far: {218} | epsilon: 0.126 max: 34.55733333333333
Ep: 9 | Ep_r: 16.72 | t_so_far: {231} | epsilon: 0.127 max: 34.55733333333333
Ep: 10 | Ep_r: 16.39 | t_so_far: {248} | epsilon: 0.129 max: 34.55733333333333
Ep: 11 | Ep_r: 21.52 | t_so_far: {298} | epsilon: 0.135 max: 34.55733333333333
Ep: 12 | Ep_r: 18.06 | t_so_far: {303} | epsilon: 0.135 max: 34.55733333333333
Ep: 13 | Ep_r: 22.12 | t_so_far: {350} | epsilon: 0.141 max: 34.55733333333333
Ep: 14 | Ep_r: 18.76 | t_so_far: {357} | epsilon: 0.142 max: 34.55733333333333
Ep: 15 | Ep_r: 17.48 | t_so_far: {372} | epsilon: 0.143 max: 34.55733333333333
Ep: 16 | Ep_r: 14.8 | t_so_far: {377} | epsilon: 0.144 max: 34.55733333333333
Ep: 17 | Ep_r: 12.62 | t_so_far: {382} | epsilon: 0.145 max: 34.55733333333333
Ep: 18 | Ep_r: 14.63 | t_so_far: {410} | epsilon: 0.148 max: 34.55733333333333
Ep: 19 | Ep_r: 14.01 | t_so_far: {423} | epsilon: 0.149 max: 34.55733333333333
Ep: 20 | Ep_r: 17.09 | t_so_far: {459} | epsilon: 0.153 max: 34.55733333333333
Ep: 21 | Ep_r: 20.51 | t_so_far: {500} | epsilon: 0.158 max: 34.55733333333333
Ep: 22 | Ep_r: 17.61 | t_so_far: {507} | epsilon: 0.159 max: 34.55733333333333
Ep: 23 | Ep_r: 15.05 | t_so_far: {513} | epsilon: 0.159 max: 34.55733333333333
Ep: 24 | Ep_r: 14.36 | t_so_far: {528} | epsilon: 0.161 max: 34.55733333333333
Ep: 25 | Ep_r: 13.53 | t_so_far: {540} | epsilon: 0.162 max: 34.55733333333333
Ep: 26 | Ep_r: 12.16 | t_so_far: {548} | epsilon: 0.163 max: 34.55733333333333
Ep: 27 | Ep_r: 15.44 | t_so_far: {580} | epsilon: 0.167 max: 34.55733333333333
Ep: 28 | Ep_r: 19.21 | t_so_far: {622} | epsilon: 0.171 max: 34.55733333333333
Ep: 29 | Ep_r: 16.28 | t_so_far: {628} | epsilon: 0.172 max: 34.55733333333333
Ep: 30 | Ep_r: 13.29 | t_so_far: {630} | epsilon: 0.172 max: 34.55733333333333
Ep: 31 | Ep_r: 18.24 | t_so_far: {680} | epsilon: 0.178 max: 34.55733333333333
Ep: 32 | Ep_r: 15.21 | t_so_far: {684} | epsilon: 0.178 max: 34.55733333333333
Ep: 33 | Ep_r: 15.66 | t_so_far: {705} | epsilon: 0.181 max: 34.55733333333333
Ep: 34 | Ep_r: 14.53 | t_so_far: {718} | epsilon: 0.182 max: 34.55733333333333
Ep: 35 | Ep_r: 15.81 | t_so_far: {741} | epsilon: 0.184 max: 34.55733333333333
Ep: 36 | Ep_r: 18.58 | t_so_far: {777} | epsilon: 0.188 max: 34.55733333333333
Ep: 37 | Ep_r: 22.6 | t_so_far: {827} | epsilon: 0.194 max: 34.55733333333333
Ep: 38 | Ep_r: 26.55 | t_so_far: {875} | epsilon: 0.199 max: 34.55733333333333
Ep: 39 | Ep_r: 29.05 | t_so_far: {925} | epsilon: 0.204 max: 34.55733333333333
Ep: 40 | Ep_r: 29.65 | t_so_far: {963} | epsilon: 0.208 max: 34.55733333333333
Ep: 41 | Ep_r: 25.56 | t_so_far: {974} | epsilon: 0.209 max: 34.55733333333333
Ep: 42 | Ep_r: 21.83 | t_so_far: {982} | epsilon: 0.21 max: 34.55733333333333
Ep: 43 | Ep_r: 22.66 | t_so_far: {1013} | epsilon: 0.213 max: 34.55733333333333
Ep: 44 | Ep_r: 25.94 | t_so_far: {1063} | epsilon: 0.219 max: 34.55733333333333
Ep: 45 | Ep_r: 21.13 | t_so_far: {1066} | epsilon: 0.219 max: 34.55733333333333
Ep: 46 | Ep_r: 19.16 | t_so_far: {1080} | epsilon: 0.22 max: 34.55733333333333
Ep: 47 | Ep_r: 16.13 | t_so_far: {1085} | epsilon: 0.221 max: 34.55733333333333
Ep: 48 | Ep_r: 18.44 | t_so_far: {1118} | epsilon: 0.224 max: 34.55733333333333
Ep: 49 | Ep_r: 19.2 | t_so_far: {1142} | epsilon: 0.227 max: 34.55733333333333
Ep: 50 | Ep_r: 18.78 | t_so_far: {1163} | epsilon: 0.229 max: 34.55733333333333
Ep: 51 | Ep_r: 19.68 | t_so_far: {1189} | epsilon: 0.232 max: 34.55733333333333
Ep: 52 | Ep_r: 19.49 | t_so_far: {1211} | epsilon: 0.234 max: 34.55733333333333
Ep: 53 | Ep_r: 16.98 | t_so_far: {1219} | epsilon: 0.235 max: 34.55733333333333
Ep: 54 | Ep_r: 16.31 | t_so_far: {1234} | epsilon: 0.236 max: 34.55733333333333
Ep: 55 | Ep_r: 17.56 | t_so_far: {1258} | epsilon: 0.239 max: 34.55733333333333
Ep: 56 | Ep_r: 15.47 | t_so_far: {1268} | epsilon: 0.24 max: 34.55733333333333
Ep: 57 | Ep_r: 16.45 | t_so_far: {1293} | epsilon: 0.242 max: 34.55733333333333
Ep: 58 | Ep_r: 17.73 | t_so_far: {1319} | epsilon: 0.245 max: 34.55733333333333
Ep: 59 | Ep_r: 18.44 | t_so_far: {1344} | epsilon: 0.247 max: 34.55733333333333
Ep: 60 | Ep_r: 19.86 | t_so_far: {1373} | epsilon: 0.25 max: 34.55733333333333
Ep: 61 | Ep_r: 20.46 | t_so_far: {1399} | epsilon: 0.253 max: 34.55733333333333
Ep: 62 | Ep_r: 25.06 | t_so_far: {1449} | epsilon: 0.258 max: 34.55733333333333
Ep: 63 | Ep_r: 20.9 | t_so_far: {1454} | epsilon: 0.258 max: 34.55733333333333
Ep: 64 | Ep_r: 16.96 | t_so_far: {1456} | epsilon: 0.259 max: 34.55733333333333
Ep: 65 | Ep_r: 15.35 | t_so_far: {1466} | epsilon: 0.26 max: 34.55733333333333
Ep: 66 | Ep_r: 12.72 | t_so_far: {1469} | epsilon: 0.26 max: 34.55733333333333
Ep: 67 | Ep_r: 13.66 | t_so_far: {1488} | epsilon: 0.262 max: 34.55733333333333
Ep: 68 | Ep_r: 12.29 | t_so_far: {1496} | epsilon: 0.262 max: 34.55733333333333
Ep: 69 | Ep_r: 12.05 | t_so_far: {1510} | epsilon: 0.264 max: 34.55733333333333
Ep: 70 | Ep_r: 13.67 | t_so_far: {1536} | epsilon: 0.266 max: 34.55733333333333
Ep: 71 | Ep_r: 14.83 | t_so_far: {1559} | epsilon: 0.269 max: 34.55733333333333
Ep: 72 | Ep_r: 16.8 | t_so_far: {1589} | epsilon: 0.272 max: 34.55733333333333
Ep: 73 | Ep_r: 16.74 | t_so_far: {1608} | epsilon: 0.273 max: 34.55733333333333
Ep: 74 | Ep_r: 21.38 | t_so_far: {1658} | epsilon: 0.278 max: 34.55733333333333
Ep: 75 | Ep_r: 23.42 | t_so_far: {1697} | epsilon: 0.282 max: 34.55733333333333
Ep: 76 | Ep_r: 27.65 | t_so_far: {1747} | epsilon: 0.287 max: 34.55733333333333
Ep: 77 | Ep_r: 23.1 | t_so_far: {1753} | epsilon: 0.287 max: 34.55733333333333
Ep: 78 | Ep_r: 19.24 | t_so_far: {1758} | epsilon: 0.288 max: 34.55733333333333
Ep: 79 | Ep_r: 16.17 | t_so_far: {1763} | epsilon: 0.288 max: 34.55733333333333
Ep: 80 | Ep_r: 13.6 | t_so_far: {1767} | epsilon: 0.289 max: 34.55733333333333
Ep: 81 | Ep_r: 13.64 | t_so_far: {1782} | epsilon: 0.29 max: 34.55733333333333
Ep: 82 | Ep_r: 12.53 | t_so_far: {1791} | epsilon: 0.291 max: 34.55733333333333
Ep: 83 | Ep_r: 17.1 | t_so_far: {1835} | epsilon: 0.295 max: 34.55733333333333
Ep: 84 | Ep_r: 16.4 | t_so_far: {1850} | epsilon: 0.296 max: 34.55733333333333
Ep: 85 | Ep_r: 19.56 | t_so_far: {1887} | epsilon: 0.3 max: 34.55733333333333
Ep: 86 | Ep_r: 23.67 | t_so_far: {1937} | epsilon: 0.305 max: 34.55733333333333
Ep: 87 | Ep_r: 22.99 | t_so_far: {1961} | epsilon: 0.307 max: 34.55733333333333
Ep: 88 | Ep_r: 26.51 | t_so_far: {2011} | epsilon: 0.311 max: 34.55733333333333
Ep: 89 | Ep_r: 29.04 | t_so_far: {2061} | epsilon: 0.316 max: 34.55733333333333
Ep: 90 | Ep_r: 31.14 | t_so_far: {2111} | epsilon: 0.32 max: 34.55733333333333
Ep: 91 | Ep_r: 25.69 | t_so_far: {2116} | epsilon: 0.321 max: 34.55733333333333
Ep: 92 | Ep_r: 28.78 | t_so_far: {2166} | epsilon: 0.325 max: 34.55733333333333
Ep: 93 | Ep_r: 31.45 | t_so_far: {2216} | epsilon: 0.33 max: 34.55733333333333
Ep: 94 | Ep_r: 30.72 | t_so_far: {2247} | epsilon: 0.333 max: 34.55733333333333
Ep: 95 | Ep_r: 25.36 | t_so_far: {2252} | epsilon: 0.333 max: 34.55733333333333
Ep: 96 | Ep_r: 28.39 | t_so_far: {2302} | epsilon: 0.338 max: 34.55733333333333
Ep: 97 | Ep_r: 24.09 | t_so_far: {2310} | epsilon: 0.338 max: 34.55733333333333
Ep: 98 | Ep_r: 24.89 | t_so_far: {2343} | epsilon: 0.341 max: 34.55733333333333
Ep: 99 | Ep_r: 23.08 | t_so_far: {2360} | epsilon: 0.343 max: 34.55733333333333
Ep: 100 | Ep_r: 18.9 | t_so_far: {2363} | epsilon: 0.343 max: 34.55733333333333
Ep: 101 | Ep_r: 15.36 | t_so_far: {2365} | epsilon: 0.343 max: 34.55733333333333
Ep: 102 | Ep_r: 12.72 | t_so_far: {2368} | epsilon: 0.343 max: 34.55733333333333
Ep: 103 | Ep_r: 13.18 | t_so_far: {2387} | epsilon: 0.345 max: 34.55733333333333
Ep: 104 | Ep_r: 13.21 | t_so_far: {2402} | epsilon: 0.346 max: 34.55733333333333
Ep: 105 | Ep_r: 11.0 | t_so_far: {2405} | epsilon: 0.347 max: 34.55733333333333
Ep: 106 | Ep_r: 9.26 | t_so_far: {2408} | epsilon: 0.347 max: 34.55733333333333
Ep: 107 | Ep_r: 13.43 | t_so_far: {2445} | epsilon: 0.35 max: 34.55733333333333
Ep: 108 | Ep_r: 11.17 | t_so_far: {2448} | epsilon: 0.35 max: 34.55733333333333
Ep: 109 | Ep_r: 17.44 | t_so_far: {2498} | epsilon: 0.355 max: 34.55733333333333
Ep: 110 | Ep_r: 18.67 | t_so_far: {2527} | epsilon: 0.357 max: 34.55733333333333
Ep: 111 | Ep_r: 23.02 | t_so_far: {2576} | epsilon: 0.361 max: 34.55733333333333
Ep: 112 | Ep_r: 20.36 | t_so_far: {2588} | epsilon: 0.362 max: 34.55733333333333
Ep: 113 | Ep_r: 24.36 | t_so_far: {2633} | epsilon: 0.366 max: 34.55733333333333
Ep: 114 | Ep_r: 23.1 | t_so_far: {2656} | epsilon: 0.368 max: 34.55733333333333
Ep: 115 | Ep_r: 21.88 | t_so_far: {2677} | epsilon: 0.37 max: 34.55733333333333
Ep: 116 | Ep_r: 26.55 | t_so_far: {2727} | epsilon: 0.374 max: 34.55733333333333
Ep: 117 | Ep_r: 22.62 | t_so_far: {2735} | epsilon: 0.375 max: 34.55733333333333
Ep: 118 | Ep_r: 19.99 | t_so_far: {2746} | epsilon: 0.376 max: 34.55733333333333
Ep: 119 | Ep_r: 21.3 | t_so_far: {2776} | epsilon: 0.378 max: 34.55733333333333
Ep: 120 | Ep_r: 23.46 | t_so_far: {2813} | epsilon: 0.381 max: 34.55733333333333
Ep: 121 | Ep_r: 23.2 | t_so_far: {2838} | epsilon: 0.383 max: 34.55733333333333
Ep: 122 | Ep_r: 24.28 | t_so_far: {2871} | epsilon: 0.386 max: 34.55733333333333
Ep: 123 | Ep_r: 21.54 | t_so_far: {2885} | epsilon: 0.387 max: 34.55733333333333
Ep: 124 | Ep_r: 19.42 | t_so_far: {2897} | epsilon: 0.388 max: 34.55733333333333
Ep: 125 | Ep_r: 21.66 | t_so_far: {2934} | epsilon: 0.391 max: 34.55733333333333
Ep: 126 | Ep_r: 20.56 | t_so_far: {2952} | epsilon: 0.392 max: 34.55733333333333
Ep: 127 | Ep_r: 18.05 | t_so_far: {2961} | epsilon: 0.393 max: 34.55733333333333
Ep: 128 | Ep_r: 22.01 | t_so_far: {3011} | epsilon: 0.397 max: 34.55733333333333
Ep: 129 | Ep_r: 19.21 | t_so_far: {3020} | epsilon: 0.398 max: 34.55733333333333
Ep: 130 | Ep_r: 21.62 | t_so_far: {3057} | epsilon: 0.401 max: 34.55733333333333
Ep: 131 | Ep_r: 18.02 | t_so_far: {3062} | epsilon: 0.401 max: 34.55733333333333
Ep: 132 | Ep_r: 21.29 | t_so_far: {3101} | epsilon: 0.404 max: 34.55733333333333
Ep: 133 | Ep_r: 21.14 | t_so_far: {3125} | epsilon: 0.406 max: 34.55733333333333
Ep: 134 | Ep_r: 17.68 | t_so_far: {3130} | epsilon: 0.407 max: 34.55733333333333
Ep: 135 | Ep_r: 17.66 | t_so_far: {3151} | epsilon: 0.408 max: 34.55733333333333
Ep: 136 | Ep_r: 14.6 | t_so_far: {3154} | epsilon: 0.409 max: 34.55733333333333
Ep: 137 | Ep_r: 12.34 | t_so_far: {3158} | epsilon: 0.409 max: 34.55733333333333
Ep: 138 | Ep_r: 14.6 | t_so_far: {3186} | epsilon: 0.411 max: 34.55733333333333
Ep: 139 | Ep_r: 17.98 | t_so_far: {3222} | epsilon: 0.414 max: 34.55733333333333
Ep: 140 | Ep_r: 23.39 | t_so_far: {3272} | epsilon: 0.418 max: 34.55733333333333
Ep: 141 | Ep_r: 27.26 | t_so_far: {3322} | epsilon: 0.422 max: 34.55733333333333
Ep: 142 | Ep_r: 26.03 | t_so_far: {3344} | epsilon: 0.423 max: 34.55733333333333
Ep: 143 | Ep_r: 23.92 | t_so_far: {3364} | epsilon: 0.425 max: 34.55733333333333
Ep: 144 | Ep_r: 25.55 | t_so_far: {3399} | epsilon: 0.428 max: 34.55733333333333
Ep: 145 | Ep_r: 29.13 | t_so_far: {3449} | epsilon: 0.431 max: 34.55733333333333
Ep: 146 | Ep_r: 27.87 | t_so_far: {3474} | epsilon: 0.433 max: 34.55733333333333
Ep: 147 | Ep_r: 23.23 | t_so_far: {3480} | epsilon: 0.434 max: 34.55733333333333
Ep: 148 | Ep_r: 21.56 | t_so_far: {3497} | epsilon: 0.435 max: 34.55733333333333
Ep: 149 | Ep_r: 23.69 | t_so_far: {3536} | epsilon: 0.438 max: 34.55733333333333
Ep: 150 | Ep_r: 21.74 | t_so_far: {3552} | epsilon: 0.439 max: 34.55733333333333
Ep: 151 | Ep_r: 20.46 | t_so_far: {3571} | epsilon: 0.44 max: 34.55733333333333
Ep: 152 | Ep_r: 17.37 | t_so_far: {3577} | epsilon: 0.441 max: 34.55733333333333
Ep: 153 | Ep_r: 15.12 | t_so_far: {3585} | epsilon: 0.442 max: 34.55733333333333
Ep: 154 | Ep_r: 13.12 | t_so_far: {3591} | epsilon: 0.442 max: 34.55733333333333
Ep: 155 | Ep_r: 12.18 | t_so_far: {3601} | epsilon: 0.443 max: 34.55733333333333
Ep: 156 | Ep_r: 12.26 | t_so_far: {3615} | epsilon: 0.444 max: 34.55733333333333
Ep: 157 | Ep_r: 10.26 | t_so_far: {3618} | epsilon: 0.444 max: 34.55733333333333
Ep: 158 | Ep_r: 10.04 | t_so_far: {3628} | epsilon: 0.445 max: 34.55733333333333
Ep: 159 | Ep_r: 16.0 | t_so_far: {3678} | epsilon: 0.448 max: 34.55733333333333
Ep: 160 | Ep_r: 13.65 | t_so_far: {3684} | epsilon: 0.449 max: 34.55733333333333
Ep: 161 | Ep_r: 17.85 | t_so_far: {3722} | epsilon: 0.452 max: 34.55733333333333
Ep: 162 | Ep_r: 16.65 | t_so_far: {3735} | epsilon: 0.453 max: 34.55733333333333
Ep: 163 | Ep_r: 15.15 | t_so_far: {3745} | epsilon: 0.453 max: 34.55733333333333
Ep: 164 | Ep_r: 13.73 | t_so_far: {3755} | epsilon: 0.454 max: 34.55733333333333
Ep: 165 | Ep_r: 13.42 | t_so_far: {3771} | epsilon: 0.455 max: 34.55733333333333
Ep: 166 | Ep_r: 19.62 | t_so_far: {3821} | epsilon: 0.459 max: 34.55733333333333
Ep: 167 | Ep_r: 17.17 | t_so_far: {3830} | epsilon: 0.459 max: 34.55733333333333
Ep: 168 | Ep_r: 14.98 | t_so_far: {3838} | epsilon: 0.46 max: 34.55733333333333
Ep: 169 | Ep_r: 13.74 | t_so_far: {3849} | epsilon: 0.461 max: 34.55733333333333
Ep: 170 | Ep_r: 15.02 | t_so_far: {3871} | epsilon: 0.462 max: 34.55733333333333
Ep: 171 | Ep_r: 19.13 | t_so_far: {3912} | epsilon: 0.465 max: 34.55733333333333
Ep: 172 | Ep_r: 23.8 | t_so_far: {3962} | epsilon: 0.469 max: 34.55733333333333
Ep: 173 | Ep_r: 27.04 | t_so_far: {4005} | epsilon: 0.472 max: 34.55733333333333
Ep: 174 | Ep_r: 23.94 | t_so_far: {4018} | epsilon: 0.473 max: 34.55733333333333
Ep: 175 | Ep_r: 25.35 | t_so_far: {4054} | epsilon: 0.475 max: 34.55733333333333
Ep: 176 | Ep_r: 21.09 | t_so_far: {4059} | epsilon: 0.476 max: 34.55733333333333
Ep: 177 | Ep_r: 20.09 | t_so_far: {4078} | epsilon: 0.477 max: 34.55733333333333
Ep: 178 | Ep_r: 18.76 | t_so_far: {4094} | epsilon: 0.478 max: 34.55733333333333
Ep: 179 | Ep_r: 23.88 | t_so_far: {4144} | epsilon: 0.482 max: 34.55733333333333
Ep: 180 | Ep_r: 22.09 | t_so_far: {4160} | epsilon: 0.483 max: 34.55733333333333
Ep: 181 | Ep_r: 20.93 | t_so_far: {4181} | epsilon: 0.484 max: 34.55733333333333
Ep: 182 | Ep_r: 23.5 | t_so_far: {4220} | epsilon: 0.487 max: 34.55733333333333
Ep: 183 | Ep_r: 19.66 | t_so_far: {4226} | epsilon: 0.487 max: 34.55733333333333
Ep: 184 | Ep_r: 19.8 | t_so_far: {4250} | epsilon: 0.489 max: 34.55733333333333
Ep: 185 | Ep_r: 18.82 | t_so_far: {4266} | epsilon: 0.49 max: 34.55733333333333
Ep: 186 | Ep_r: 15.69 | t_so_far: {4270} | epsilon: 0.49 max: 34.55733333333333
Ep: 187 | Ep_r: 20.66 | t_so_far: {4314} | epsilon: 0.493 max: 34.55733333333333
Ep: 188 | Ep_r: 20.59 | t_so_far: {4338} | epsilon: 0.495 max: 34.55733333333333
Ep: 189 | Ep_r: 20.73 | t_so_far: {4361} | epsilon: 0.496 max: 34.55733333333333
Ep: 190 | Ep_r: 17.69 | t_so_far: {4368} | epsilon: 0.497 max: 34.55733333333333
Ep: 191 | Ep_r: 22.71 | t_so_far: {4418} | epsilon: 0.5 max: 34.55733333333333
Ep: 192 | Ep_r: 18.77 | t_so_far: {4422} | epsilon: 0.5 max: 34.55733333333333
Ep: 193 | Ep_r: 18.29 | t_so_far: {4440} | epsilon: 0.502 max: 34.55733333333333
Ep: 194 | Ep_r: 19.2 | t_so_far: {4467} | epsilon: 0.503 max: 34.55733333333333
Ep: 195 | Ep_r: 19.86 | t_so_far: {4493} | epsilon: 0.505 max: 34.55733333333333
Ep: 196 | Ep_r: 18.85 | t_so_far: {4509} | epsilon: 0.506 max: 34.55733333333333
Ep: 197 | Ep_r: 19.13 | t_so_far: {4532} | epsilon: 0.508 max: 34.55733333333333
Ep: 198 | Ep_r: 19.25 | t_so_far: {4554} | epsilon: 0.509 max: 34.55733333333333
Ep: 199 | Ep_r: 23.2 | t_so_far: {4604} | epsilon: 0.512 max: 34.55733333333333
Ep: 200 | Ep_r: 21.73 | t_so_far: {4623} | epsilon: 0.514 max: 34.55733333333333
Ep: 201 | Ep_r: 18.18 | t_so_far: {4628} | epsilon: 0.514 max: 34.55733333333333
Ep: 202 | Ep_r: 20.58 | t_so_far: {4662} | epsilon: 0.516 max: 34.55733333333333
Ep: 203 | Ep_r: 17.3 | t_so_far: {4667} | epsilon: 0.516 max: 34.55733333333333
Ep: 204 | Ep_r: 15.73 | t_so_far: {4678} | epsilon: 0.517 max: 34.55733333333333
Ep: 205 | Ep_r: 14.85 | t_so_far: {4691} | epsilon: 0.518 max: 34.55733333333333
Ep: 206 | Ep_r: 20.9 | t_so_far: {4741} | epsilon: 0.521 max: 34.55733333333333
Ep: 207 | Ep_r: 18.12 | t_so_far: {4749} | epsilon: 0.522 max: 34.55733333333333
Ep: 208 | Ep_r: 15.67 | t_so_far: {4756} | epsilon: 0.522 max: 34.55733333333333
Ep: 209 | Ep_r: 21.57 | t_so_far: {4806} | epsilon: 0.525 max: 34.55733333333333
Ep: 210 | Ep_r: 18.02 | t_so_far: {4811} | epsilon: 0.526 max: 34.55733333333333
Ep: 211 | Ep_r: 23.33 | t_so_far: {4861} | epsilon: 0.529 max: 34.55733333333333
Ep: 212 | Ep_r: 21.11 | t_so_far: {4875} | epsilon: 0.53 max: 34.55733333333333
Ep: 213 | Ep_r: 23.71 | t_so_far: {4915} | epsilon: 0.532 max: 34.55733333333333
Ep: 214 | Ep_r: 19.42 | t_so_far: {4918} | epsilon: 0.532 max: 34.55733333333333
Ep: 215 | Ep_r: 21.51 | t_so_far: {4951} | epsilon: 0.534 max: 34.55733333333333
Ep: 216 | Ep_r: 18.56 | t_so_far: {4960} | epsilon: 0.535 max: 34.55733333333333
Ep: 217 | Ep_r: 17.6 | t_so_far: {4975} | epsilon: 0.536 max: 34.55733333333333
Ep: 218 | Ep_r: 14.69 | t_so_far: {4979} | epsilon: 0.536 max: 34.55733333333333
Ep: 219 | Ep_r: 17.01 | t_so_far: {5008} | epsilon: 0.538 max: 34.55733333333333
Ep: 220 | Ep_r: 18.47 | t_so_far: {5034} | epsilon: 0.539 max: 34.55733333333333
Ep: 221 | Ep_r: 18.22 | t_so_far: {5054} | epsilon: 0.541 max: 34.55733333333333
Ep: 222 | Ep_r: 16.25 | t_so_far: {5063} | epsilon: 0.541 max: 34.55733333333333
Ep: 223 | Ep_r: 17.42 | t_so_far: {5088} | epsilon: 0.543 max: 34.55733333333333
Ep: 224 | Ep_r: 16.64 | t_so_far: {5104} | epsilon: 0.544 max: 34.55733333333333
Ep: 225 | Ep_r: 15.78 | t_so_far: {5118} | epsilon: 0.545 max: 34.55733333333333
Ep: 226 | Ep_r: 19.48 | t_so_far: {5157} | epsilon: 0.547 max: 34.55733333333333
Ep: 227 | Ep_r: 16.93 | t_so_far: {5165} | epsilon: 0.547 max: 34.55733333333333
Ep: 228 | Ep_r: 17.87 | t_so_far: {5193} | epsilon: 0.549 max: 34.55733333333333
Ep: 229 | Ep_r: 15.89 | t_so_far: {5203} | epsilon: 0.55 max: 34.55733333333333
Ep: 230 | Ep_r: 15.91 | t_so_far: {5220} | epsilon: 0.551 max: 34.55733333333333
Ep: 231 | Ep_r: 15.92 | t_so_far: {5238} | epsilon: 0.552 max: 34.55733333333333
Ep: 232 | Ep_r: 16.71 | t_so_far: {5260} | epsilon: 0.553 max: 34.55733333333333
Ep: 233 | Ep_r: 16.24 | t_so_far: {5278} | epsilon: 0.554 max: 34.55733333333333
Ep: 234 | Ep_r: 22.04 | t_so_far: {5328} | epsilon: 0.557 max: 34.55733333333333
Ep: 235 | Ep_r: 26.2 | t_so_far: {5376} | epsilon: 0.56 max: 34.55733333333333
Ep: 236 | Ep_r: 23.56 | t_so_far: {5390} | epsilon: 0.561 max: 34.55733333333333
Ep: 237 | Ep_r: 27.27 | t_so_far: {5440} | epsilon: 0.564 max: 34.55733333333333
Ep: 238 | Ep_r: 25.31 | t_so_far: {5460} | epsilon: 0.565 max: 34.55733333333333
Ep: 239 | Ep_r: 20.69 | t_so_far: {5463} | epsilon: 0.565 max: 34.55733333333333
Ep: 240 | Ep_r: 25.92 | t_so_far: {5513} | epsilon: 0.568 max: 34.55733333333333
Ep: 241 | Ep_r: 21.2 | t_so_far: {5516} | epsilon: 0.568 max: 34.55733333333333
Ep: 242 | Ep_r: 20.27 | t_so_far: {5534} | epsilon: 0.569 max: 34.55733333333333
Ep: 243 | Ep_r: 16.85 | t_so_far: {5538} | epsilon: 0.569 max: 34.55733333333333
Ep: 244 | Ep_r: 18.87 | t_so_far: {5571} | epsilon: 0.571 max: 34.55733333333333
Ep: 245 | Ep_r: 19.24 | t_so_far: {5597} | epsilon: 0.573 max: 34.55733333333333
Ep: 246 | Ep_r: 15.99 | t_so_far: {5601} | epsilon: 0.573 max: 34.55733333333333
Ep: 247 | Ep_r: 16.16 | t_so_far: {5620} | epsilon: 0.574 max: 34.55733333333333
Ep: 248 | Ep_r: 16.06 | t_so_far: {5638} | epsilon: 0.575 max: 34.55733333333333
Ep: 249 | Ep_r: 21.51 | t_so_far: {5688} | epsilon: 0.578 max: 34.55733333333333
Ep: 250 | Ep_r: 25.13 | t_so_far: {5735} | epsilon: 0.58 max: 34.55733333333333
Ep: 251 | Ep_r: 23.48 | t_so_far: {5754} | epsilon: 0.582 max: 34.55733333333333
Ep: 252 | Ep_r: 22.13 | t_so_far: {5773} | epsilon: 0.583 max: 34.55733333333333
Ep: 253 | Ep_r: 25.09 | t_so_far: {5814} | epsilon: 0.585 max: 34.55733333333333
Ep: 254 | Ep_r: 26.43 | t_so_far: {5849} | epsilon: 0.587 max: 34.55733333333333
Ep: 255 | Ep_r: 22.1 | t_so_far: {5855} | epsilon: 0.587 max: 34.55733333333333
Ep: 256 | Ep_r: 26.41 | t_so_far: {5905} | epsilon: 0.59 max: 34.55733333333333
Ep: 257 | Ep_r: 23.44 | t_so_far: {5920} | epsilon: 0.591 max: 34.55733333333333
Ep: 258 | Ep_r: 21.79 | t_so_far: {5936} | epsilon: 0.592 max: 34.55733333333333
Ep: 259 | Ep_r: 22.52 | t_so_far: {5967} | epsilon: 0.593 max: 34.55733333333333
Ep: 260 | Ep_r: 25.95 | t_so_far: {6010} | epsilon: 0.596 max: 34.55733333333333
Ep: 261 | Ep_r: 22.96 | t_so_far: {6022} | epsilon: 0.596 max: 34.55733333333333
Ep: 262 | Ep_r: 19.19 | t_so_far: {6027} | epsilon: 0.596 max: 34.55733333333333
Ep: 263 | Ep_r: 16.77 | t_so_far: {6035} | epsilon: 0.597 max: 34.55733333333333
Ep: 264 | Ep_r: 14.94 | t_so_far: {6044} | epsilon: 0.597 max: 34.55733333333333
Ep: 265 | Ep_r: 15.49 | t_so_far: {6063} | epsilon: 0.598 max: 34.55733333333333
Ep: 266 | Ep_r: 14.56 | t_so_far: {6077} | epsilon: 0.599 max: 34.55733333333333
Ep: 267 | Ep_r: 13.84 | t_so_far: {6091} | epsilon: 0.6 max: 34.55733333333333
Ep: 268 | Ep_r: 16.15 | t_so_far: {6120} | epsilon: 0.601 max: 34.55733333333333
Ep: 269 | Ep_r: 21.76 | t_so_far: {6170} | epsilon: 0.604 max: 34.55733333333333
Ep: 270 | Ep_r: 18.03 | t_so_far: {6174} | epsilon: 0.604 max: 34.55733333333333
Ep: 271 | Ep_r: 19.98 | t_so_far: {6206} | epsilon: 0.606 max: 34.55733333333333
Ep: 272 | Ep_r: 23.7 | t_so_far: {6249} | epsilon: 0.608 max: 34.55733333333333
Ep: 273 | Ep_r: 27.77 | t_so_far: {6299} | epsilon: 0.611 max: 34.55733333333333
Ep: 274 | Ep_r: 24.52 | t_so_far: {6312} | epsilon: 0.611 max: 34.55733333333333
Ep: 275 | Ep_r: 27.81 | t_so_far: {6361} | epsilon: 0.614 max: 34.55733333333333
Ep: 276 | Ep_r: 23.99 | t_so_far: {6372} | epsilon: 0.615 max: 34.55733333333333
Ep: 277 | Ep_r: 23.21 | t_so_far: {6395} | epsilon: 0.616 max: 34.55733333333333
Ep: 278 | Ep_r: 26.04 | t_so_far: {6436} | epsilon: 0.618 max: 34.55733333333333
Ep: 279 | Ep_r: 29.76 | t_so_far: {6486} | epsilon: 0.62 max: 34.55733333333333
Ep: 280 | Ep_r: 25.49 | t_so_far: {6497} | epsilon: 0.621 max: 34.55733333333333
Ep: 281 | Ep_r: 25.9 | t_so_far: {6531} | epsilon: 0.623 max: 34.55733333333333
Ep: 282 | Ep_r: 29.65 | t_so_far: {6580} | epsilon: 0.625 max: 34.55733333333333
Ep: 283 | Ep_r: 24.49 | t_so_far: {6585} | epsilon: 0.625 max: 34.55733333333333
Ep: 284 | Ep_r: 27.69 | t_so_far: {6629} | epsilon: 0.627 max: 34.55733333333333
Ep: 285 | Ep_r: 24.54 | t_so_far: {6643} | epsilon: 0.628 max: 34.55733333333333
Ep: 286 | Ep_r: 23.24 | t_so_far: {6662} | epsilon: 0.629 max: 34.55733333333333
Ep: 287 | Ep_r: 23.7 | t_so_far: {6693} | epsilon: 0.631 max: 34.55733333333333
Ep: 288 | Ep_r: 20.84 | t_so_far: {6704} | epsilon: 0.631 max: 34.55733333333333
Ep: 289 | Ep_r: 17.09 | t_so_far: {6707} | epsilon: 0.631 max: 34.55733333333333
Ep: 290 | Ep_r: 17.27 | t_so_far: {6727} | epsilon: 0.632 max: 34.55733333333333
Ep: 291 | Ep_r: 16.88 | t_so_far: {6744} | epsilon: 0.633 max: 34.55733333333333
Ep: 292 | Ep_r: 16.46 | t_so_far: {6761} | epsilon: 0.634 max: 34.55733333333333
Ep: 293 | Ep_r: 22.41 | t_so_far: {6811} | epsilon: 0.636 max: 34.55733333333333
Ep: 294 | Ep_r: 23.67 | t_so_far: {6845} | epsilon: 0.638 max: 34.55733333333333
Ep: 295 | Ep_r: 27.95 | t_so_far: {6895} | epsilon: 0.64 max: 34.55733333333333
Ep: 296 | Ep_r: 31.48 | t_so_far: {6945} | epsilon: 0.643 max: 34.55733333333333
Ep: 297 | Ep_r: 26.77 | t_so_far: {6955} | epsilon: 0.643 max: 34.55733333333333
Ep: 298 | Ep_r: 26.52 | t_so_far: {6984} | epsilon: 0.645 max: 34.55733333333333
Ep: 299 | Ep_r: 22.02 | t_so_far: {6989} | epsilon: 0.645 max: 34.55733333333333
Ep: 300 | Ep_r: 26.16 | t_so_far: {7037} | epsilon: 0.647 max: 34.55733333333333
Ep: 301 | Ep_r: 25.38 | t_so_far: {7061} | epsilon: 0.648 max: 34.55733333333333
Ep: 302 | Ep_r: 25.0 | t_so_far: {7089} | epsilon: 0.65 max: 34.55733333333333
Ep: 303 | Ep_r: 28.1 | t_so_far: {7134} | epsilon: 0.652 max: 34.55733333333333
Ep: 304 | Ep_r: 25.78 | t_so_far: {7153} | epsilon: 0.653 max: 34.55733333333333
Ep: 305 | Ep_r: 21.49 | t_so_far: {7158} | epsilon: 0.653 max: 34.55733333333333
Ep: 306 | Ep_r: 24.54 | t_so_far: {7198} | epsilon: 0.655 max: 34.55733333333333
Ep: 307 | Ep_r: 26.0 | t_so_far: {7236} | epsilon: 0.656 max: 34.55733333333333
Ep: 308 | Ep_r: 29.8 | t_so_far: {7286} | epsilon: 0.659 max: 34.55733333333333
Ep: 309 | Ep_r: 32.66 | t_so_far: {7336} | epsilon: 0.661 max: 34.55733333333333
Ep: 310 | Ep_r: 35.08 | t_so_far: {7386} | epsilon: 0.663 max: 35.08176809909274
Ep: 311 | Ep_r: 36.86 | t_so_far: {7436} | epsilon: 0.665 max: 36.85874781260753
Ep: 312 | Ep_r: 31.9 | t_so_far: {7451} | epsilon: 0.666 max: 36.85874781260753
Ep: 313 | Ep_r: 32.61 | t_so_far: {7491} | epsilon: 0.668 max: 36.85874781260753
Ep: 314 | Ep_r: 27.85 | t_so_far: {7501} | epsilon: 0.668 max: 36.85874781260753
Ep: 315 | Ep_r: 31.74 | t_so_far: {7551} | epsilon: 0.67 max: 36.85874781260753
Ep: 316 | Ep_r: 34.6 | t_so_far: {7601} | epsilon: 0.673 max: 36.85874781260753
Ep: 317 | Ep_r: 36.37 | t_so_far: {7651} | epsilon: 0.675 max: 36.85874781260753
Ep: 318 | Ep_r: 34.16 | t_so_far: {7680} | epsilon: 0.676 max: 36.85874781260753
Ep: 319 | Ep_r: 32.26 | t_so_far: {7708} | epsilon: 0.677 max: 36.85874781260753
Ep: 320 | Ep_r: 26.8 | t_so_far: {7714} | epsilon: 0.678 max: 36.85874781260753
Ep: 321 | Ep_r: 27.56 | t_so_far: {7747} | epsilon: 0.679 max: 36.85874781260753
Ep: 322 | Ep_r: 28.62 | t_so_far: {7786} | epsilon: 0.681 max: 36.85874781260753
Ep: 323 | Ep_r: 28.05 | t_so_far: {7815} | epsilon: 0.682 max: 36.85874781260753
Ep: 324 | Ep_r: 28.39 | t_so_far: {7850} | epsilon: 0.683 max: 36.85874781260753
Ep: 325 | Ep_r: 24.53 | t_so_far: {7860} | epsilon: 0.684 max: 36.85874781260753
Ep: 326 | Ep_r: 22.87 | t_so_far: {7878} | epsilon: 0.684 max: 36.85874781260753
Ep: 327 | Ep_r: 21.28 | t_so_far: {7894} | epsilon: 0.685 max: 36.85874781260753
Ep: 328 | Ep_r: 26.06 | t_so_far: {7944} | epsilon: 0.687 max: 36.85874781260753
Ep: 329 | Ep_r: 29.88 | t_so_far: {7994} | epsilon: 0.689 max: 36.85874781260753
Ep: 330 | Ep_r: 28.72 | t_so_far: {8020} | epsilon: 0.69 max: 36.85874781260753
Ep: 331 | Ep_r: 25.62 | t_so_far: {8036} | epsilon: 0.691 max: 36.85874781260753
Ep: 332 | Ep_r: 29.78 | t_so_far: {8086} | epsilon: 0.693 max: 36.85874781260753
Ep: 333 | Ep_r: 32.64 | t_so_far: {8136} | epsilon: 0.695 max: 36.85874781260753
Ep: 334 | Ep_r: 34.95 | t_so_far: {8186} | epsilon: 0.697 max: 36.85874781260753
Ep: 335 | Ep_r: 36.35 | t_so_far: {8236} | epsilon: 0.699 max: 36.85874781260753
Ep: 336 | Ep_r: 33.44 | t_so_far: {8262} | epsilon: 0.7 max: 36.85874781260753
Ep: 337 | Ep_r: 31.99 | t_so_far: {8290} | epsilon: 0.701 max: 36.85874781260753
Ep: 338 | Ep_r: 31.88 | t_so_far: {8325} | epsilon: 0.703 max: 36.85874781260753
Ep: 339 | Ep_r: 28.49 | t_so_far: {8342} | epsilon: 0.703 max: 36.85874781260753
Ep: 340 | Ep_r: 26.61 | t_so_far: {8365} | epsilon: 0.704 max: 36.85874781260753
Ep: 341 | Ep_r: 23.59 | t_so_far: {8378} | epsilon: 0.705 max: 36.85874781260753
Ep: 342 | Ep_r: 21.46 | t_so_far: {8392} | epsilon: 0.705 max: 36.85874781260753
Ep: 343 | Ep_r: 26.38 | t_so_far: {8442} | epsilon: 0.707 max: 36.85874781260753
Ep: 344 | Ep_r: 29.86 | t_so_far: {8492} | epsilon: 0.709 max: 36.85874781260753
Ep: 345 | Ep_r: 32.2 | t_so_far: {8541} | epsilon: 0.711 max: 36.85874781260753
Ep: 346 | Ep_r: 28.65 | t_so_far: {8557} | epsilon: 0.712 max: 36.85874781260753
Ep: 347 | Ep_r: 28.72 | t_so_far: {8589} | epsilon: 0.713 max: 36.85874781260753
Ep: 348 | Ep_r: 25.18 | t_so_far: {8601} | epsilon: 0.713 max: 36.85874781260753
Ep: 349 | Ep_r: 23.11 | t_so_far: {8618} | epsilon: 0.714 max: 36.85874781260753
Ep: 350 | Ep_r: 19.46 | t_so_far: {8624} | epsilon: 0.714 max: 36.85874781260753
Ep: 351 | Ep_r: 19.7 | t_so_far: {8648} | epsilon: 0.715 max: 36.85874781260753
Ep: 352 | Ep_r: 19.31 | t_so_far: {8668} | epsilon: 0.716 max: 36.85874781260753
Ep: 353 | Ep_r: 17.88 | t_so_far: {8682} | epsilon: 0.716 max: 36.85874781260753
Ep: 354 | Ep_r: 23.59 | t_so_far: {8732} | epsilon: 0.718 max: 36.85874781260753
Ep: 355 | Ep_r: 25.8 | t_so_far: {8770} | epsilon: 0.72 max: 36.85874781260753
Ep: 356 | Ep_r: 25.68 | t_so_far: {8801} | epsilon: 0.721 max: 36.85874781260753
Ep: 357 | Ep_r: 24.65 | t_so_far: {8824} | epsilon: 0.722 max: 36.85874781260753
Ep: 358 | Ep_r: 22.83 | t_so_far: {8841} | epsilon: 0.722 max: 36.85874781260753
Ep: 359 | Ep_r: 19.59 | t_so_far: {8849} | epsilon: 0.723 max: 36.85874781260753
Ep: 360 | Ep_r: 23.26 | t_so_far: {8893} | epsilon: 0.724 max: 36.85874781260753
Ep: 361 | Ep_r: 28.08 | t_so_far: {8943} | epsilon: 0.726 max: 36.85874781260753
Ep: 362 | Ep_r: 27.38 | t_so_far: {8972} | epsilon: 0.727 max: 36.85874781260753
Ep: 363 | Ep_r: 24.46 | t_so_far: {8986} | epsilon: 0.728 max: 36.85874781260753
Ep: 364 | Ep_r: 25.19 | t_so_far: {9016} | epsilon: 0.729 max: 36.85874781260753
Ep: 365 | Ep_r: 25.27 | t_so_far: {9046} | epsilon: 0.73 max: 36.85874781260753
Ep: 366 | Ep_r: 25.68 | t_so_far: {9076} | epsilon: 0.731 max: 36.85874781260753
Ep: 367 | Ep_r: 26.25 | t_so_far: {9108} | epsilon: 0.732 max: 36.85874781260753
Ep: 368 | Ep_r: 22.13 | t_so_far: {9115} | epsilon: 0.732 max: 36.85874781260753
Ep: 369 | Ep_r: 26.8 | t_so_far: {9165} | epsilon: 0.734 max: 36.85874781260753
Ep: 370 | Ep_r: 30.0 | t_so_far: {9215} | epsilon: 0.736 max: 36.85874781260753
Ep: 371 | Ep_r: 25.63 | t_so_far: {9224} | epsilon: 0.736 max: 36.85874781260753
Ep: 372 | Ep_r: 25.88 | t_so_far: {9255} | epsilon: 0.737 max: 36.85874781260753
Ep: 373 | Ep_r: 29.38 | t_so_far: {9305} | epsilon: 0.739 max: 36.85874781260753
Ep: 374 | Ep_r: 32.38 | t_so_far: {9355} | epsilon: 0.741 max: 36.85874781260753
Ep: 375 | Ep_r: 28.4 | t_so_far: {9369} | epsilon: 0.741 max: 36.85874781260753
Ep: 376 | Ep_r: 26.45 | t_so_far: {9390} | epsilon: 0.742 max: 36.85874781260753
Ep: 377 | Ep_r: 30.0 | t_so_far: {9440} | epsilon: 0.744 max: 36.85874781260753
Ep: 378 | Ep_r: 26.66 | t_so_far: {9456} | epsilon: 0.744 max: 36.85874781260753
Ep: 379 | Ep_r: 30.36 | t_so_far: {9506} | epsilon: 0.746 max: 36.85874781260753
Ep: 380 | Ep_r: 26.11 | t_so_far: {9516} | epsilon: 0.746 max: 36.85874781260753
Ep: 381 | Ep_r: 27.98 | t_so_far: {9556} | epsilon: 0.748 max: 36.85874781260753
Ep: 382 | Ep_r: 27.81 | t_so_far: {9587} | epsilon: 0.749 max: 36.85874781260753
Ep: 383 | Ep_r: 22.7 | t_so_far: {9590} | epsilon: 0.749 max: 36.85874781260753
Ep: 384 | Ep_r: 19.74 | t_so_far: {9599} | epsilon: 0.749 max: 36.85874781260753
Ep: 385 | Ep_r: 23.6 | t_so_far: {9643} | epsilon: 0.75 max: 36.85874781260753
Ep: 386 | Ep_r: 27.22 | t_so_far: {9691} | epsilon: 0.752 max: 36.85874781260753
Ep: 387 | Ep_r: 30.43 | t_so_far: {9739} | epsilon: 0.754 max: 36.85874781260753
Ep: 388 | Ep_r: 25.47 | t_so_far: {9746} | epsilon: 0.754 max: 36.85874781260753
Ep: 389 | Ep_r: 29.43 | t_so_far: {9796} | epsilon: 0.755 max: 36.85874781260753
Ep: 390 | Ep_r: 26.86 | t_so_far: {9814} | epsilon: 0.756 max: 36.85874781260753
Ep: 391 | Ep_r: 30.09 | t_so_far: {9864} | epsilon: 0.758 max: 36.85874781260753
Ep: 392 | Ep_r: 32.81 | t_so_far: {9914} | epsilon: 0.759 max: 36.85874781260753
Ep: 393 | Ep_r: 29.07 | t_so_far: {9930} | epsilon: 0.76 max: 36.85874781260753
Ep: 394 | Ep_r: 30.38 | t_so_far: {9972} | epsilon: 0.761 max: 36.85874781260753
Ep: 395 | Ep_r: 24.76 | t_so_far: {9975} | epsilon: 0.761 max: 36.85874781260753
Ep: 396 | Ep_r: 24.5 | t_so_far: {10000} | epsilon: 0.762 max: 36.85874781260753
Ep: 397 | Ep_r: 22.7 | t_so_far: {10017} | epsilon: 0.763 max: 36.85874781260753
Ep: 398 | Ep_r: 23.16 | t_so_far: {10047} | epsilon: 0.763 max: 36.85874781260753
Ep: 399 | Ep_r: 23.97 | t_so_far: {10077} | epsilon: 0.764 max: 36.85874781260753
Ep: 400 | Ep_r: 21.36 | t_so_far: {10089} | epsilon: 0.765 max: 36.85874781260753
Ep: 401 | Ep_r: 18.72 | t_so_far: {10100} | epsilon: 0.765 max: 36.85874781260753
Ep: 402 | Ep_r: 23.5 | t_so_far: {10147} | epsilon: 0.767 max: 36.85874781260753
Ep: 403 | Ep_r: 28.12 | t_so_far: {10197} | epsilon: 0.768 max: 36.85874781260753
Ep: 404 | Ep_r: 31.31 | t_so_far: {10247} | epsilon: 0.77 max: 36.85874781260753
Ep: 405 | Ep_r: 27.87 | t_so_far: {10263} | epsilon: 0.77 max: 36.85874781260753
Ep: 406 | Ep_r: 31.22 | t_so_far: {10313} | epsilon: 0.772 max: 36.85874781260753
Ep: 407 | Ep_r: 25.44 | t_so_far: {10316} | epsilon: 0.772 max: 36.85874781260753
Ep: 408 | Ep_r: 20.59 | t_so_far: {10318} | epsilon: 0.772 max: 36.85874781260753
Ep: 409 | Ep_r: 19.92 | t_so_far: {10338} | epsilon: 0.772 max: 36.85874781260753
Ep: 410 | Ep_r: 24.3 | t_so_far: {10385} | epsilon: 0.774 max: 36.85874781260753
Ep: 411 | Ep_r: 20.1 | t_so_far: {10389} | epsilon: 0.774 max: 36.85874781260753
Ep: 412 | Ep_r: 19.71 | t_so_far: {10408} | epsilon: 0.775 max: 36.85874781260753
Ep: 413 | Ep_r: 25.12 | t_so_far: {10458} | epsilon: 0.776 max: 36.85874781260753
Ep: 414 | Ep_r: 28.95 | t_so_far: {10508} | epsilon: 0.778 max: 36.85874781260753
Ep: 415 | Ep_r: 26.53 | t_so_far: {10528} | epsilon: 0.778 max: 36.85874781260753
Ep: 416 | Ep_r: 23.18 | t_so_far: {10539} | epsilon: 0.778 max: 36.85874781260753
Ep: 417 | Ep_r: 22.04 | t_so_far: {10559} | epsilon: 0.779 max: 36.85874781260753
Ep: 418 | Ep_r: 26.5 | t_so_far: {10609} | epsilon: 0.78 max: 36.85874781260753
Ep: 419 | Ep_r: 28.03 | t_so_far: {10648} | epsilon: 0.782 max: 36.85874781260753
Ep: 420 | Ep_r: 31.65 | t_so_far: {10698} | epsilon: 0.783 max: 36.85874781260753
Ep: 421 | Ep_r: 28.66 | t_so_far: {10718} | epsilon: 0.784 max: 36.85874781260753
Ep: 422 | Ep_r: 31.41 | t_so_far: {10768} | epsilon: 0.785 max: 36.85874781260753
Ep: 423 | Ep_r: 27.51 | t_so_far: {10781} | epsilon: 0.785 max: 36.85874781260753
Ep: 424 | Ep_r: 29.66 | t_so_far: {10828} | epsilon: 0.787 max: 36.85874781260753
Ep: 425 | Ep_r: 32.38 | t_so_far: {10876} | epsilon: 0.788 max: 36.85874781260753
Ep: 426 | Ep_r: 34.02 | t_so_far: {10921} | epsilon: 0.789 max: 36.85874781260753
Ep: 427 | Ep_r: 35.47 | t_so_far: {10971} | epsilon: 0.791 max: 36.85874781260753
Ep: 428 | Ep_r: 32.42 | t_so_far: {10995} | epsilon: 0.791 max: 36.85874781260753
Ep: 429 | Ep_r: 34.64 | t_so_far: {11045} | epsilon: 0.793 max: 36.85874781260753
Ep: 430 | Ep_r: 32.34 | t_so_far: {11072} | epsilon: 0.794 max: 36.85874781260753
Ep: 431 | Ep_r: 26.73 | t_so_far: {11078} | epsilon: 0.794 max: 36.85874781260753
Ep: 432 | Ep_r: 29.46 | t_so_far: {11128} | epsilon: 0.795 max: 36.85874781260753
Ep: 433 | Ep_r: 28.05 | t_so_far: {11154} | epsilon: 0.796 max: 36.85874781260753
Ep: 434 | Ep_r: 30.81 | t_so_far: {11204} | epsilon: 0.797 max: 36.85874781260753
Ep: 435 | Ep_r: 33.55 | t_so_far: {11254} | epsilon: 0.798 max: 36.85874781260753
Ep: 436 | Ep_r: 28.68 | t_so_far: {11266} | epsilon: 0.799 max: 36.85874781260753
Ep: 437 | Ep_r: 32.29 | t_so_far: {11316} | epsilon: 0.8 max: 36.85874781260753
Ep: 438 | Ep_r: 31.0 | t_so_far: {11346} | epsilon: 0.801 max: 36.85874781260753
Ep: 439 | Ep_r: 33.69 | t_so_far: {11396} | epsilon: 0.802 max: 36.85874781260753
Ep: 440 | Ep_r: 35.54 | t_so_far: {11446} | epsilon: 0.804 max: 36.85874781260753
Ep: 441 | Ep_r: 36.69 | t_so_far: {11496} | epsilon: 0.805 max: 36.85874781260753
Ep: 442 | Ep_r: 30.6 | t_so_far: {11504} | epsilon: 0.805 max: 36.85874781260753
Ep: 443 | Ep_r: 33.2 | t_so_far: {11554} | epsilon: 0.806 max: 36.85874781260753
Ep: 444 | Ep_r: 28.8 | t_so_far: {11566} | epsilon: 0.807 max: 36.85874781260753
Ep: 445 | Ep_r: 31.97 | t_so_far: {11616} | epsilon: 0.808 max: 36.85874781260753
Ep: 446 | Ep_r: 34.1 | t_so_far: {11666} | epsilon: 0.809 max: 36.85874781260753
Ep: 447 | Ep_r: 30.23 | t_so_far: {11684} | epsilon: 0.81 max: 36.85874781260753
Ep: 448 | Ep_r: 32.8 | t_so_far: {11734} | epsilon: 0.811 max: 36.85874781260753
Ep: 449 | Ep_r: 30.33 | t_so_far: {11758} | epsilon: 0.812 max: 36.85874781260753
Ep: 450 | Ep_r: 28.07 | t_so_far: {11780} | epsilon: 0.812 max: 36.85874781260753
Ep: 451 | Ep_r: 30.98 | t_so_far: {11830} | epsilon: 0.813 max: 36.85874781260753
Ep: 452 | Ep_r: 33.77 | t_so_far: {11880} | epsilon: 0.815 max: 36.85874781260753
Ep: 453 | Ep_r: 35.38 | t_so_far: {11930} | epsilon: 0.816 max: 36.85874781260753
Ep: 454 | Ep_r: 29.24 | t_so_far: {11936} | epsilon: 0.816 max: 36.85874781260753
Ep: 455 | Ep_r: 27.24 | t_so_far: {11960} | epsilon: 0.817 max: 36.85874781260753
Ep: 456 | Ep_r: 30.39 | t_so_far: {12010} | epsilon: 0.818 max: 36.85874781260753
Ep: 457 | Ep_r: 33.18 | t_so_far: {12060} | epsilon: 0.819 max: 36.85874781260753
Ep: 458 | Ep_r: 30.21 | t_so_far: {12082} | epsilon: 0.819 max: 36.85874781260753
Ep: 459 | Ep_r: 32.32 | t_so_far: {12132} | epsilon: 0.821 max: 36.85874781260753
Ep: 460 | Ep_r: 34.21 | t_so_far: {12182} | epsilon: 0.822 max: 36.85874781260753
Ep: 461 | Ep_r: 29.24 | t_so_far: {12193} | epsilon: 0.822 max: 36.85874781260753
Ep: 462 | Ep_r: 31.47 | t_so_far: {12243} | epsilon: 0.823 max: 36.85874781260753
Ep: 463 | Ep_r: 33.55 | t_so_far: {12293} | epsilon: 0.824 max: 36.85874781260753
Ep: 464 | Ep_r: 28.22 | t_so_far: {12302} | epsilon: 0.825 max: 36.85874781260753
Ep: 465 | Ep_r: 30.48 | t_so_far: {12348} | epsilon: 0.826 max: 36.85874781260753
Ep: 466 | Ep_r: 27.55 | t_so_far: {12366} | epsilon: 0.826 max: 36.85874781260753
Ep: 467 | Ep_r: 30.4 | t_so_far: {12416} | epsilon: 0.827 max: 36.85874781260753
Ep: 468 | Ep_r: 27.6 | t_so_far: {12436} | epsilon: 0.828 max: 36.85874781260753
Ep: 469 | Ep_r: 23.96 | t_so_far: {12447} | epsilon: 0.828 max: 36.85874781260753
Ep: 470 | Ep_r: 20.98 | t_so_far: {12458} | epsilon: 0.828 max: 36.85874781260753
Ep: 471 | Ep_r: 24.47 | t_so_far: {12508} | epsilon: 0.829 max: 36.85874781260753
Ep: 472 | Ep_r: 25.84 | t_so_far: {12546} | epsilon: 0.83 max: 36.85874781260753
Ep: 473 | Ep_r: 28.45 | t_so_far: {12596} | epsilon: 0.831 max: 36.85874781260753
Ep: 474 | Ep_r: 31.43 | t_so_far: {12646} | epsilon: 0.832 max: 36.85874781260753
Ep: 475 | Ep_r: 32.66 | t_so_far: {12696} | epsilon: 0.834 max: 36.85874781260753
Ep: 476 | Ep_r: 34.59 | t_so_far: {12746} | epsilon: 0.835 max: 36.85874781260753
Ep: 477 | Ep_r: 35.95 | t_so_far: {12796} | epsilon: 0.836 max: 36.85874781260753
Ep: 478 | Ep_r: 36.42 | t_so_far: {12846} | epsilon: 0.837 max: 36.85874781260753
Ep: 479 | Ep_r: 37.73 | t_so_far: {12896} | epsilon: 0.838 max: 37.73292313714885
Ep: 480 | Ep_r: 38.05 | t_so_far: {12946} | epsilon: 0.839 max: 38.053005176385746
Ep: 481 | Ep_r: 39.25 | t_so_far: {12996} | epsilon: 0.84 max: 39.24907080777527
Ep: 482 | Ep_r: 39.95 | t_so_far: {13046} | epsilon: 0.841 max: 39.94592331288688
Ep: 483 | Ep_r: 40.01 | t_so_far: {13096} | epsilon: 0.842 max: 40.01007198364283
Ep: 484 | Ep_r: 34.99 | t_so_far: {13114} | epsilon: 0.843 max: 40.01007198364283
Ep: 485 | Ep_r: 29.46 | t_so_far: {13123} | epsilon: 0.843 max: 40.01007198364283
Ep: 486 | Ep_r: 32.12 | t_so_far: {13173} | epsilon: 0.844 max: 40.01007198364283
Ep: 487 | Ep_r: 33.49 | t_so_far: {13223} | epsilon: 0.845 max: 40.01007198364283
Ep: 488 | Ep_r: 33.94 | t_so_far: {13263} | epsilon: 0.846 max: 40.01007198364283
Ep: 489 | Ep_r: 35.4 | t_so_far: {13313} | epsilon: 0.847 max: 40.01007198364283
Ep: 490 | Ep_r: 36.96 | t_so_far: {13363} | epsilon: 0.848 max: 40.01007198364283
Ep: 491 | Ep_r: 38.1 | t_so_far: {13413} | epsilon: 0.849 max: 40.01007198364283
Ep: 492 | Ep_r: 36.76 | t_so_far: {13454} | epsilon: 0.849 max: 40.01007198364283
Ep: 493 | Ep_r: 37.75 | t_so_far: {13502} | epsilon: 0.85 max: 40.01007198364283
Ep: 494 | Ep_r: 34.86 | t_so_far: {13529} | epsilon: 0.851 max: 40.01007198364283
Ep: 495 | Ep_r: 36.15 | t_so_far: {13579} | epsilon: 0.852 max: 40.01007198364283
Ep: 496 | Ep_r: 37.2 | t_so_far: {13629} | epsilon: 0.853 max: 40.01007198364283
Ep: 497 | Ep_r: 34.09 | t_so_far: {13655} | epsilon: 0.853 max: 40.01007198364283
Ep: 498 | Ep_r: 35.33 | t_so_far: {13705} | epsilon: 0.854 max: 40.01007198364283
Ep: 499 | Ep_r: 37.57 | t_so_far: {13755} | epsilon: 0.855 max: 40.01007198364283
Ep: 500 | Ep_r: 33.56 | t_so_far: {13775} | epsilon: 0.856 max: 40.01007198364283
Ep: 501 | Ep_r: 35.25 | t_so_far: {13825} | epsilon: 0.857 max: 40.01007198364283
Ep: 502 | Ep_r: 36.7 | t_so_far: {13875} | epsilon: 0.858 max: 40.01007198364283
Ep: 503 | Ep_r: 32.56 | t_so_far: {13892} | epsilon: 0.858 max: 40.01007198364283
Ep: 504 | Ep_r: 29.9 | t_so_far: {13913} | epsilon: 0.858 max: 40.01007198364283
Ep: 505 | Ep_r: 32.9 | t_so_far: {13963} | epsilon: 0.859 max: 40.01007198364283
Ep: 506 | Ep_r: 29.37 | t_so_far: {13980} | epsilon: 0.86 max: 40.01007198364283
Ep: 507 | Ep_r: 28.8 | t_so_far: {14010} | epsilon: 0.86 max: 40.01007198364283
Ep: 508 | Ep_r: 32.3 | t_so_far: {14060} | epsilon: 0.861 max: 40.01007198364283
Ep: 509 | Ep_r: 34.77 | t_so_far: {14110} | epsilon: 0.862 max: 40.01007198364283
Ep: 510 | Ep_r: 31.59 | t_so_far: {14132} | epsilon: 0.862 max: 40.01007198364283
Ep: 511 | Ep_r: 33.85 | t_so_far: {14182} | epsilon: 0.863 max: 40.01007198364283
Ep: 512 | Ep_r: 35.84 | t_so_far: {14232} | epsilon: 0.864 max: 40.01007198364283
Ep: 513 | Ep_r: 30.96 | t_so_far: {14246} | epsilon: 0.864 max: 40.01007198364283
Ep: 514 | Ep_r: 28.82 | t_so_far: {14268} | epsilon: 0.865 max: 40.01007198364283
Ep: 515 | Ep_r: 32.56 | t_so_far: {14318} | epsilon: 0.866 max: 40.01007198364283
Ep: 516 | Ep_r: 32.51 | t_so_far: {14355} | epsilon: 0.866 max: 40.01007198364283
Ep: 517 | Ep_r: 34.52 | t_so_far: {14405} | epsilon: 0.867 max: 40.01007198364283
Ep: 518 | Ep_r: 36.15 | t_so_far: {14455} | epsilon: 0.868 max: 40.01007198364283
Ep: 519 | Ep_r: 36.61 | t_so_far: {14500} | epsilon: 0.869 max: 40.01007198364283
Ep: 520 | Ep_r: 38.13 | t_so_far: {14550} | epsilon: 0.87 max: 40.01007198364283
Ep: 521 | Ep_r: 39.77 | t_so_far: {14600} | epsilon: 0.871 max: 40.01007198364283
Ep: 522 | Ep_r: 41.03 | t_so_far: {14650} | epsilon: 0.872 max: 41.02740894701263
Ep: 523 | Ep_r: 41.92 | t_so_far: {14700} | epsilon: 0.872 max: 41.9219271576101
Ep: 524 | Ep_r: 42.29 | t_so_far: {14750} | epsilon: 0.873 max: 42.29087505942142
Ep: 525 | Ep_r: 42.38 | t_so_far: {14800} | epsilon: 0.874 max: 42.3793667142038
Ep: 526 | Ep_r: 35.68 | t_so_far: {14811} | epsilon: 0.874 max: 42.3793667142038
Ep: 527 | Ep_r: 37.18 | t_so_far: {14861} | epsilon: 0.875 max: 42.3793667142038
Ep: 528 | Ep_r: 38.38 | t_so_far: {14911} | epsilon: 0.876 max: 42.3793667142038
Ep: 529 | Ep_r: 33.66 | t_so_far: {14927} | epsilon: 0.876 max: 42.3793667142038
Ep: 530 | Ep_r: 32.21 | t_so_far: {14957} | epsilon: 0.877 max: 42.3793667142038
Ep: 531 | Ep_r: 30.3 | t_so_far: {14983} | epsilon: 0.877 max: 42.3793667142038
Ep: 532 | Ep_r: 32.75 | t_so_far: {15033} | epsilon: 0.878 max: 42.3793667142038
Ep: 533 | Ep_r: 34.78 | t_so_far: {15083} | epsilon: 0.879 max: 42.3793667142038
Ep: 534 | Ep_r: 36.95 | t_so_far: {15133} | epsilon: 0.879 max: 42.3793667142038
Ep: 535 | Ep_r: 38.3 | t_so_far: {15183} | epsilon: 0.88 max: 42.3793667142038
Ep: 536 | Ep_r: 39.68 | t_so_far: {15233} | epsilon: 0.881 max: 42.3793667142038
Ep: 537 | Ep_r: 40.69 | t_so_far: {15283} | epsilon: 0.882 max: 42.3793667142038
Ep: 538 | Ep_r: 41.76 | t_so_far: {15333} | epsilon: 0.883 max: 42.3793667142038
Ep: 539 | Ep_r: 34.12 | t_so_far: {15338} | epsilon: 0.883 max: 42.3793667142038
Ep: 540 | Ep_r: 29.75 | t_so_far: {15352} | epsilon: 0.883 max: 42.3793667142038
Ep: 541 | Ep_r: 30.68 | t_so_far: {15389} | epsilon: 0.883 max: 42.3793667142038
Ep: 542 | Ep_r: 33.3 | t_so_far: {15439} | epsilon: 0.884 max: 42.3793667142038
Ep: 543 | Ep_r: 35.11 | t_so_far: {15486} | epsilon: 0.885 max: 42.3793667142038
Ep: 544 | Ep_r: 36.47 | t_so_far: {15536} | epsilon: 0.886 max: 42.3793667142038
Ep: 545 | Ep_r: 33.65 | t_so_far: {15560} | epsilon: 0.886 max: 42.3793667142038
Ep: 546 | Ep_r: 35.91 | t_so_far: {15610} | epsilon: 0.887 max: 42.3793667142038
Ep: 547 | Ep_r: 36.69 | t_so_far: {15655} | epsilon: 0.887 max: 42.3793667142038
Ep: 548 | Ep_r: 38.59 | t_so_far: {15705} | epsilon: 0.888 max: 42.3793667142038
Ep: 549 | Ep_r: 39.76 | t_so_far: {15755} | epsilon: 0.889 max: 42.3793667142038
Ep: 550 | Ep_r: 40.37 | t_so_far: {15805} | epsilon: 0.89 max: 42.3793667142038
Ep: 551 | Ep_r: 41.18 | t_so_far: {15855} | epsilon: 0.89 max: 42.3793667142038
Ep: 552 | Ep_r: 42.47 | t_so_far: {15905} | epsilon: 0.891 max: 42.4734072980761
Ep: 553 | Ep_r: 39.88 | t_so_far: {15937} | epsilon: 0.892 max: 42.4734072980761
Ep: 554 | Ep_r: 41.24 | t_so_far: {15987} | epsilon: 0.892 max: 42.4734072980761
Ep: 555 | Ep_r: 34.0 | t_so_far: {15993} | epsilon: 0.892 max: 42.4734072980761
Ep: 556 | Ep_r: 34.49 | t_so_far: {16033} | epsilon: 0.893 max: 42.4734072980761
Ep: 557 | Ep_r: 36.65 | t_so_far: {16083} | epsilon: 0.894 max: 42.4734072980761
Ep: 558 | Ep_r: 37.64 | t_so_far: {16133} | epsilon: 0.894 max: 42.4734072980761
Ep: 559 | Ep_r: 32.58 | t_so_far: {16147} | epsilon: 0.895 max: 42.4734072980761
Ep: 560 | Ep_r: 27.68 | t_so_far: {16156} | epsilon: 0.895 max: 42.4734072980761
Ep: 561 | Ep_r: 25.38 | t_so_far: {16174} | epsilon: 0.895 max: 42.4734072980761
Ep: 562 | Ep_r: 28.35 | t_so_far: {16220} | epsilon: 0.896 max: 42.4734072980761
Ep: 563 | Ep_r: 29.05 | t_so_far: {16257} | epsilon: 0.896 max: 42.4734072980761
Ep: 564 | Ep_r: 29.04 | t_so_far: {16291} | epsilon: 0.897 max: 42.4734072980761
Ep: 565 | Ep_r: 32.12 | t_so_far: {16341} | epsilon: 0.897 max: 42.4734072980761
Ep: 566 | Ep_r: 30.9 | t_so_far: {16370} | epsilon: 0.898 max: 42.4734072980761
Ep: 567 | Ep_r: 31.64 | t_so_far: {16409} | epsilon: 0.898 max: 42.4734072980761
Ep: 568 | Ep_r: 34.14 | t_so_far: {16459} | epsilon: 0.899 max: 42.4734072980761
Ep: 569 | Ep_r: 33.97 | t_so_far: {16497} | epsilon: 0.899 max: 42.4734072980761
Ep: 570 | Ep_r: 36.25 | t_so_far: {16547} | epsilon: 0.9 max: 42.4734072980761
Ep: 571 | Ep_r: 36.79 | t_so_far: {16592} | epsilon: 0.901 max: 42.4734072980761
Ep: 572 | Ep_r: 38.24 | t_so_far: {16642} | epsilon: 0.901 max: 42.4734072980761
Ep: 573 | Ep_r: 38.69 | t_so_far: {16689} | epsilon: 0.902 max: 42.4734072980761
Ep: 574 | Ep_r: 39.34 | t_so_far: {16739} | epsilon: 0.902 max: 42.4734072980761
Ep: 575 | Ep_r: 39.84 | t_so_far: {16789} | epsilon: 0.903 max: 42.4734072980761
Ep: 576 | Ep_r: 40.73 | t_so_far: {16839} | epsilon: 0.904 max: 42.4734072980761
Ep: 577 | Ep_r: 35.68 | t_so_far: {16858} | epsilon: 0.904 max: 42.4734072980761
Ep: 578 | Ep_r: 35.82 | t_so_far: {16900} | epsilon: 0.905 max: 42.4734072980761
Ep: 579 | Ep_r: 34.21 | t_so_far: {16931} | epsilon: 0.905 max: 42.4734072980761
Ep: 580 | Ep_r: 36.74 | t_so_far: {16981} | epsilon: 0.906 max: 42.4734072980761
Ep: 581 | Ep_r: 38.29 | t_so_far: {17031} | epsilon: 0.906 max: 42.4734072980761
Ep: 582 | Ep_r: 39.93 | t_so_far: {17081} | epsilon: 0.907 max: 42.4734072980761
Ep: 583 | Ep_r: 40.48 | t_so_far: {17131} | epsilon: 0.907 max: 42.4734072980761
Ep: 584 | Ep_r: 39.05 | t_so_far: {17169} | epsilon: 0.908 max: 42.4734072980761
Ep: 585 | Ep_r: 34.62 | t_so_far: {17188} | epsilon: 0.908 max: 42.4734072980761
Ep: 586 | Ep_r: 36.97 | t_so_far: {17238} | epsilon: 0.909 max: 42.4734072980761
Ep: 587 | Ep_r: 38.88 | t_so_far: {17288} | epsilon: 0.909 max: 42.4734072980761
Ep: 588 | Ep_r: 40.43 | t_so_far: {17338} | epsilon: 0.91 max: 42.4734072980761
Ep: 589 | Ep_r: 41.44 | t_so_far: {17388} | epsilon: 0.91 max: 42.4734072980761
Ep: 590 | Ep_r: 39.45 | t_so_far: {17424} | epsilon: 0.911 max: 42.4734072980761
Ep: 591 | Ep_r: 33.46 | t_so_far: {17435} | epsilon: 0.911 max: 42.4734072980761
Ep: 592 | Ep_r: 32.02 | t_so_far: {17464} | epsilon: 0.911 max: 42.4734072980761
Ep: 593 | Ep_r: 28.67 | t_so_far: {17481} | epsilon: 0.912 max: 42.4734072980761
Ep: 594 | Ep_r: 30.71 | t_so_far: {17528} | epsilon: 0.912 max: 42.4734072980761
Ep: 595 | Ep_r: 33.49 | t_so_far: {17578} | epsilon: 0.913 max: 42.4734072980761
Ep: 596 | Ep_r: 30.76 | t_so_far: {17600} | epsilon: 0.913 max: 42.4734072980761
Ep: 597 | Ep_r: 34.09 | t_so_far: {17650} | epsilon: 0.914 max: 42.4734072980761
Ep: 598 | Ep_r: 28.3 | t_so_far: {17657} | epsilon: 0.914 max: 42.4734072980761
Ep: 599 | Ep_r: 26.93 | t_so_far: {17681} | epsilon: 0.914 max: 42.4734072980761
Ep: 600 | Ep_r: 30.36 | t_so_far: {17731} | epsilon: 0.914 max: 42.4734072980761
Ep: 601 | Ep_r: 32.99 | t_so_far: {17781} | epsilon: 0.915 max: 42.4734072980761
Ep: 602 | Ep_r: 36.04 | t_so_far: {17831} | epsilon: 0.916 max: 42.4734072980761
Ep: 603 | Ep_r: 33.61 | t_so_far: {17859} | epsilon: 0.916 max: 42.4734072980761
Ep: 604 | Ep_r: 30.43 | t_so_far: {17878} | epsilon: 0.916 max: 42.4734072980761
Ep: 605 | Ep_r: 30.97 | t_so_far: {17917} | epsilon: 0.917 max: 42.4734072980761
Ep: 606 | Ep_r: 33.4 | t_so_far: {17967} | epsilon: 0.917 max: 42.4734072980761
Ep: 607 | Ep_r: 35.35 | t_so_far: {18017} | epsilon: 0.918 max: 42.4734072980761
Ep: 608 | Ep_r: 30.37 | t_so_far: {18029} | epsilon: 0.918 max: 42.4734072980761
Ep: 609 | Ep_r: 33.45 | t_so_far: {18079} | epsilon: 0.918 max: 42.4734072980761
Ep: 610 | Ep_r: 35.43 | t_so_far: {18129} | epsilon: 0.919 max: 42.4734072980761
Ep: 611 | Ep_r: 37.46 | t_so_far: {18179} | epsilon: 0.919 max: 42.4734072980761
Ep: 612 | Ep_r: 33.41 | t_so_far: {18199} | epsilon: 0.92 max: 42.4734072980761
Ep: 613 | Ep_r: 35.12 | t_so_far: {18249} | epsilon: 0.92 max: 42.4734072980761
Ep: 614 | Ep_r: 34.96 | t_so_far: {18289} | epsilon: 0.921 max: 42.4734072980761
Ep: 615 | Ep_r: 37.32 | t_so_far: {18339} | epsilon: 0.921 max: 42.4734072980761
Ep: 616 | Ep_r: 39.08 | t_so_far: {18389} | epsilon: 0.922 max: 42.4734072980761
Ep: 617 | Ep_r: 31.7 | t_so_far: {18392} | epsilon: 0.922 max: 42.4734072980761
Ep: 618 | Ep_r: 33.72 | t_so_far: {18437} | epsilon: 0.922 max: 42.4734072980761
Ep: 619 | Ep_r: 36.14 | t_so_far: {18487} | epsilon: 0.923 max: 42.4734072980761
Ep: 620 | Ep_r: 37.8 | t_so_far: {18537} | epsilon: 0.923 max: 42.4734072980761
Ep: 621 | Ep_r: 36.48 | t_so_far: {18573} | epsilon: 0.923 max: 42.4734072980761
Ep: 622 | Ep_r: 38.47 | t_so_far: {18623} | epsilon: 0.924 max: 42.4734072980761
Ep: 623 | Ep_r: 39.64 | t_so_far: {18673} | epsilon: 0.924 max: 42.4734072980761
Ep: 624 | Ep_r: 40.61 | t_so_far: {18723} | epsilon: 0.925 max: 42.4734072980761
Ep: 625 | Ep_r: 38.02 | t_so_far: {18754} | epsilon: 0.925 max: 42.4734072980761
Ep: 626 | Ep_r: 39.29 | t_so_far: {18804} | epsilon: 0.926 max: 42.4734072980761
Ep: 627 | Ep_r: 40.5 | t_so_far: {18854} | epsilon: 0.926 max: 42.4734072980761
Ep: 628 | Ep_r: 33.02 | t_so_far: {18858} | epsilon: 0.926 max: 42.4734072980761
Ep: 629 | Ep_r: 35.68 | t_so_far: {18908} | epsilon: 0.927 max: 42.4734072980761
Ep: 630 | Ep_r: 37.75 | t_so_far: {18958} | epsilon: 0.927 max: 42.4734072980761
Ep: 631 | Ep_r: 38.78 | t_so_far: {19008} | epsilon: 0.928 max: 42.4734072980761
Ep: 632 | Ep_r: 40.2 | t_so_far: {19058} | epsilon: 0.928 max: 42.4734072980761
Ep: 633 | Ep_r: 40.88 | t_so_far: {19108} | epsilon: 0.929 max: 42.4734072980761
Ep: 634 | Ep_r: 38.99 | t_so_far: {19146} | epsilon: 0.929 max: 42.4734072980761
Ep: 635 | Ep_r: 37.78 | t_so_far: {19183} | epsilon: 0.929 max: 42.4734072980761
Ep: 636 | Ep_r: 34.03 | t_so_far: {19204} | epsilon: 0.93 max: 42.4734072980761
Ep: 637 | Ep_r: 31.08 | t_so_far: {19227} | epsilon: 0.93 max: 42.4734072980761
Ep: 638 | Ep_r: 27.85 | t_so_far: {19244} | epsilon: 0.93 max: 42.4734072980761
Ep: 639 | Ep_r: 24.41 | t_so_far: {19256} | epsilon: 0.93 max: 42.4734072980761
Ep: 640 | Ep_r: 22.36 | t_so_far: {19274} | epsilon: 0.93 max: 42.4734072980761
Ep: 641 | Ep_r: 26.92 | t_so_far: {19324} | epsilon: 0.931 max: 42.4734072980761
Ep: 642 | Ep_r: 30.06 | t_so_far: {19374} | epsilon: 0.931 max: 42.4734072980761
Ep: 643 | Ep_r: 24.5 | t_so_far: {19377} | epsilon: 0.931 max: 42.4734072980761
Ep: 644 | Ep_r: 29.02 | t_so_far: {19427} | epsilon: 0.932 max: 42.4734072980761
Ep: 645 | Ep_r: 31.84 | t_so_far: {19477} | epsilon: 0.932 max: 42.4734072980761
Ep: 646 | Ep_r: 34.04 | t_so_far: {19527} | epsilon: 0.932 max: 42.4734072980761
Ep: 647 | Ep_r: 32.27 | t_so_far: {19554} | epsilon: 0.933 max: 42.4734072980761
Ep: 648 | Ep_r: 31.67 | t_so_far: {19587} | epsilon: 0.933 max: 42.4734072980761
Ep: 649 | Ep_r: 34.23 | t_so_far: {19637} | epsilon: 0.933 max: 42.4734072980761
Ep: 650 | Ep_r: 30.97 | t_so_far: {19657} | epsilon: 0.934 max: 42.4734072980761
Ep: 651 | Ep_r: 33.21 | t_so_far: {19707} | epsilon: 0.934 max: 42.4734072980761
Ep: 652 | Ep_r: 35.42 | t_so_far: {19757} | epsilon: 0.934 max: 42.4734072980761
Ep: 653 | Ep_r: 28.99 | t_so_far: {19761} | epsilon: 0.935 max: 42.4734072980761
Ep: 654 | Ep_r: 32.24 | t_so_far: {19811} | epsilon: 0.935 max: 42.4734072980761
Ep: 655 | Ep_r: 34.13 | t_so_far: {19861} | epsilon: 0.935 max: 42.4734072980761
Ep: 656 | Ep_r: 35.6 | t_so_far: {19911} | epsilon: 0.936 max: 42.4734072980761
Ep: 657 | Ep_r: 36.9 | t_so_far: {19961} | epsilon: 0.936 max: 42.4734072980761
Ep: 658 | Ep_r: 37.97 | t_so_far: {20011} | epsilon: 0.937 max: 42.4734072980761
Ep: 659 | Ep_r: 39.08 | t_so_far: {20061} | epsilon: 0.937 max: 42.4734072980761
Ep: 660 | Ep_r: 38.78 | t_so_far: {20104} | epsilon: 0.937 max: 42.4734072980761
Ep: 661 | Ep_r: 39.97 | t_so_far: {20154} | epsilon: 0.938 max: 42.4734072980761
Ep: 662 | Ep_r: 38.21 | t_so_far: {20189} | epsilon: 0.938 max: 42.4734072980761
Ep: 663 | Ep_r: 38.4 | t_so_far: {20235} | epsilon: 0.938 max: 42.4734072980761
Ep: 664 | Ep_r: 37.76 | t_so_far: {20277} | epsilon: 0.939 max: 42.4734072980761
Ep: 665 | Ep_r: 34.31 | t_so_far: {20301} | epsilon: 0.939 max: 42.4734072980761
Ep: 666 | Ep_r: 34.86 | t_so_far: {20345} | epsilon: 0.939 max: 42.4734072980761
Ep: 667 | Ep_r: 35.89 | t_so_far: {20395} | epsilon: 0.94 max: 42.4734072980761
Ep: 668 | Ep_r: 30.92 | t_so_far: {20409} | epsilon: 0.94 max: 42.4734072980761
Ep: 669 | Ep_r: 33.45 | t_so_far: {20459} | epsilon: 0.94 max: 42.4734072980761
Ep: 670 | Ep_r: 34.87 | t_so_far: {20509} | epsilon: 0.941 max: 42.4734072980761
Ep: 671 | Ep_r: 36.6 | t_so_far: {20559} | epsilon: 0.941 max: 42.4734072980761
Ep: 672 | Ep_r: 37.4 | t_so_far: {20606} | epsilon: 0.941 max: 42.4734072980761
Ep: 673 | Ep_r: 38.61 | t_so_far: {20656} | epsilon: 0.942 max: 42.4734072980761
Ep: 674 | Ep_r: 38.86 | t_so_far: {20706} | epsilon: 0.942 max: 42.4734072980761
Ep: 675 | Ep_r: 39.32 | t_so_far: {20756} | epsilon: 0.943 max: 42.4734072980761
Ep: 676 | Ep_r: 34.86 | t_so_far: {20775} | epsilon: 0.943 max: 42.4734072980761
Ep: 677 | Ep_r: 35.27 | t_so_far: {20825} | epsilon: 0.943 max: 42.4734072980761
Ep: 678 | Ep_r: 37.1 | t_so_far: {20875} | epsilon: 0.943 max: 42.4734072980761
Ep: 679 | Ep_r: 38.32 | t_so_far: {20925} | epsilon: 0.944 max: 42.4734072980761
Ep: 680 | Ep_r: 39.45 | t_so_far: {20975} | epsilon: 0.944 max: 42.4734072980761
Ep: 681 | Ep_r: 39.31 | t_so_far: {21020} | epsilon: 0.944 max: 42.4734072980761
Ep: 682 | Ep_r: 39.87 | t_so_far: {21070} | epsilon: 0.945 max: 42.4734072980761
Ep: 683 | Ep_r: 36.87 | t_so_far: {21098} | epsilon: 0.945 max: 42.4734072980761
Ep: 684 | Ep_r: 37.31 | t_so_far: {21148} | epsilon: 0.945 max: 42.4734072980761
Ep: 685 | Ep_r: 38.78 | t_so_far: {21198} | epsilon: 0.946 max: 42.4734072980761
Ep: 686 | Ep_r: 39.41 | t_so_far: {21248} | epsilon: 0.946 max: 42.4734072980761
Ep: 687 | Ep_r: 39.28 | t_so_far: {21298} | epsilon: 0.946 max: 42.4734072980761
Ep: 688 | Ep_r: 39.53 | t_so_far: {21348} | epsilon: 0.947 max: 42.4734072980761
Ep: 689 | Ep_r: 39.95 | t_so_far: {21398} | epsilon: 0.947 max: 42.4734072980761
Ep: 690 | Ep_r: 36.26 | t_so_far: {21424} | epsilon: 0.947 max: 42.4734072980761
Ep: 691 | Ep_r: 37.39 | t_so_far: {21474} | epsilon: 0.948 max: 42.4734072980761
Ep: 692 | Ep_r: 38.68 | t_so_far: {21524} | epsilon: 0.948 max: 42.4734072980761
Ep: 693 | Ep_r: 38.92 | t_so_far: {21574} | epsilon: 0.948 max: 42.4734072980761
Ep: 694 | Ep_r: 38.97 | t_so_far: {21624} | epsilon: 0.949 max: 42.4734072980761
Ep: 695 | Ep_r: 39.4 | t_so_far: {21674} | epsilon: 0.949 max: 42.4734072980761
Ep: 696 | Ep_r: 39.3 | t_so_far: {21724} | epsilon: 0.949 max: 42.4734072980761
Ep: 697 | Ep_r: 39.57 | t_so_far: {21774} | epsilon: 0.95 max: 42.4734072980761
Ep: 698 | Ep_r: 39.4 | t_so_far: {21824} | epsilon: 0.95 max: 42.4734072980761
Ep: 699 | Ep_r: 38.82 | t_so_far: {21874} | epsilon: 0.95 max: 42.4734072980761
Ep: 700 | Ep_r: 38.77 | t_so_far: {21924} | epsilon: 0.951 max: 42.4734072980761
Ep: 701 | Ep_r: 38.81 | t_so_far: {21974} | epsilon: 0.951 max: 42.4734072980761
Ep: 702 | Ep_r: 38.36 | t_so_far: {22024} | epsilon: 0.951 max: 42.4734072980761
Ep: 703 | Ep_r: 31.89 | t_so_far: {22032} | epsilon: 0.951 max: 42.4734072980761
Ep: 704 | Ep_r: 33.68 | t_so_far: {22082} | epsilon: 0.952 max: 42.4734072980761
Ep: 705 | Ep_r: 34.4 | t_so_far: {22132} | epsilon: 0.952 max: 42.4734072980761
Ep: 706 | Ep_r: 33.81 | t_so_far: {22171} | epsilon: 0.952 max: 42.4734072980761
Ep: 707 | Ep_r: 35.23 | t_so_far: {22221} | epsilon: 0.953 max: 42.4734072980761
Ep: 708 | Ep_r: 36.59 | t_so_far: {22271} | epsilon: 0.953 max: 42.4734072980761
Ep: 709 | Ep_r: 36.69 | t_so_far: {22321} | epsilon: 0.953 max: 42.4734072980761
Ep: 710 | Ep_r: 37.35 | t_so_far: {22368} | epsilon: 0.953 max: 42.4734072980761
Ep: 711 | Ep_r: 38.06 | t_so_far: {22418} | epsilon: 0.954 max: 42.4734072980761
Ep: 712 | Ep_r: 35.33 | t_so_far: {22449} | epsilon: 0.954 max: 42.4734072980761
Ep: 713 | Ep_r: 33.14 | t_so_far: {22478} | epsilon: 0.954 max: 42.4734072980761
Ep: 714 | Ep_r: 31.7 | t_so_far: {22507} | epsilon: 0.954 max: 42.4734072980761
Ep: 715 | Ep_r: 33.85 | t_so_far: {22557} | epsilon: 0.955 max: 42.4734072980761
Ep: 716 | Ep_r: 30.22 | t_so_far: {22574} | epsilon: 0.955 max: 42.4734072980761
Ep: 717 | Ep_r: 32.81 | t_so_far: {22624} | epsilon: 0.955 max: 42.4734072980761
Ep: 718 | Ep_r: 28.63 | t_so_far: {22638} | epsilon: 0.955 max: 42.4734072980761
Ep: 719 | Ep_r: 32.1 | t_so_far: {22688} | epsilon: 0.955 max: 42.4734072980761
Ep: 720 | Ep_r: 26.71 | t_so_far: {22694} | epsilon: 0.955 max: 42.4734072980761
Ep: 721 | Ep_r: 30.17 | t_so_far: {22744} | epsilon: 0.956 max: 42.4734072980761
Ep: 722 | Ep_r: 30.55 | t_so_far: {22783} | epsilon: 0.956 max: 42.4734072980761
Ep: 723 | Ep_r: 33.42 | t_so_far: {22833} | epsilon: 0.956 max: 42.4734072980761
Ep: 724 | Ep_r: 29.97 | t_so_far: {22851} | epsilon: 0.956 max: 42.4734072980761
Ep: 725 | Ep_r: 32.71 | t_so_far: {22901} | epsilon: 0.957 max: 42.4734072980761
Ep: 726 | Ep_r: 35.06 | t_so_far: {22951} | epsilon: 0.957 max: 42.4734072980761
Ep: 727 | Ep_r: 33.25 | t_so_far: {22982} | epsilon: 0.957 max: 42.4734072980761
Ep: 728 | Ep_r: 35.44 | t_so_far: {23032} | epsilon: 0.957 max: 42.4734072980761
Ep: 729 | Ep_r: 36.82 | t_so_far: {23082} | epsilon: 0.958 max: 42.4734072980761
Ep: 730 | Ep_r: 37.88 | t_so_far: {23132} | epsilon: 0.958 max: 42.4734072980761
Ep: 731 | Ep_r: 38.33 | t_so_far: {23182} | epsilon: 0.958 max: 42.4734072980761
Ep: 732 | Ep_r: 39.43 | t_so_far: {23232} | epsilon: 0.958 max: 42.4734072980761
Ep: 733 | Ep_r: 40.6 | t_so_far: {23282} | epsilon: 0.959 max: 42.4734072980761
Ep: 734 | Ep_r: 40.4 | t_so_far: {23329} | epsilon: 0.959 max: 42.4734072980761
Ep: 735 | Ep_r: 40.72 | t_so_far: {23379} | epsilon: 0.959 max: 42.4734072980761
Ep: 736 | Ep_r: 41.44 | t_so_far: {23429} | epsilon: 0.959 max: 42.4734072980761
Ep: 737 | Ep_r: 41.36 | t_so_far: {23474} | epsilon: 0.96 max: 42.4734072980761
Ep: 738 | Ep_r: 42.19 | t_so_far: {23524} | epsilon: 0.96 max: 42.4734072980761
Ep: 739 | Ep_r: 39.87 | t_so_far: {23561} | epsilon: 0.96 max: 42.4734072980761
Ep: 740 | Ep_r: 40.27 | t_so_far: {23607} | epsilon: 0.96 max: 42.4734072980761
Ep: 741 | Ep_r: 41.01 | t_so_far: {23657} | epsilon: 0.961 max: 42.4734072980761
Ep: 742 | Ep_r: 41.64 | t_so_far: {23707} | epsilon: 0.961 max: 42.4734072980761
Ep: 743 | Ep_r: 42.36 | t_so_far: {23757} | epsilon: 0.961 max: 42.4734072980761
Ep: 744 | Ep_r: 42.48 | t_so_far: {23807} | epsilon: 0.961 max: 42.48444896109163
Ep: 745 | Ep_r: 43.03 | t_so_far: {23857} | epsilon: 0.962 max: 43.03422583553998
Ep: 746 | Ep_r: 40.53 | t_so_far: {23892} | epsilon: 0.962 max: 43.03422583553998
Ep: 747 | Ep_r: 40.61 | t_so_far: {23942} | epsilon: 0.962 max: 43.03422583553998
Ep: 748 | Ep_r: 41.57 | t_so_far: {23992} | epsilon: 0.962 max: 43.03422583553998
Ep: 749 | Ep_r: 42.01 | t_so_far: {24042} | epsilon: 0.963 max: 43.03422583553998
Ep: 750 | Ep_r: 39.2 | t_so_far: {24075} | epsilon: 0.963 max: 43.03422583553998
Ep: 751 | Ep_r: 40.12 | t_so_far: {24125} | epsilon: 0.963 max: 43.03422583553998
Ep: 752 | Ep_r: 41.34 | t_so_far: {24175} | epsilon: 0.963 max: 43.03422583553998
Ep: 753 | Ep_r: 42.34 | t_so_far: {24225} | epsilon: 0.963 max: 43.03422583553998
Ep: 754 | Ep_r: 43.1 | t_so_far: {24275} | epsilon: 0.964 max: 43.097827377885075
Ep: 755 | Ep_r: 42.57 | t_so_far: {24323} | epsilon: 0.964 max: 43.097827377885075
Ep: 756 | Ep_r: 41.78 | t_so_far: {24366} | epsilon: 0.964 max: 43.097827377885075
Ep: 757 | Ep_r: 42.24 | t_so_far: {24416} | epsilon: 0.964 max: 43.097827377885075
Ep: 758 | Ep_r: 42.67 | t_so_far: {24466} | epsilon: 0.965 max: 43.097827377885075
Ep: 759 | Ep_r: 42.6 | t_so_far: {24515} | epsilon: 0.965 max: 43.097827377885075
Ep: 760 | Ep_r: 43.37 | t_so_far: {24565} | epsilon: 0.965 max: 43.372729660148316
Ep: 761 | Ep_r: 43.38 | t_so_far: {24615} | epsilon: 0.965 max: 43.37818372811866
Ep: 762 | Ep_r: 43.84 | t_so_far: {24665} | epsilon: 0.965 max: 43.84254698249492
Ep: 763 | Ep_r: 44.35 | t_so_far: {24715} | epsilon: 0.966 max: 44.34737091932927
Ep: 764 | Ep_r: 44.24 | t_so_far: {24765} | epsilon: 0.966 max: 44.34737091932927
Ep: 765 | Ep_r: 44.18 | t_so_far: {24815} | epsilon: 0.966 max: 44.34737091932927
Ep: 766 | Ep_r: 43.27 | t_so_far: {24860} | epsilon: 0.966 max: 44.34737091932927
Ep: 767 | Ep_r: 43.74 | t_so_far: {24910} | epsilon: 0.967 max: 44.34737091932927
Ep: 768 | Ep_r: 43.88 | t_so_far: {24960} | epsilon: 0.967 max: 44.34737091932927
Ep: 769 | Ep_r: 40.86 | t_so_far: {24992} | epsilon: 0.967 max: 44.34737091932927
Ep: 770 | Ep_r: 41.52 | t_so_far: {25042} | epsilon: 0.967 max: 44.34737091932927
Ep: 771 | Ep_r: 36.32 | t_so_far: {25060} | epsilon: 0.967 max: 44.34737091932927
Ep: 772 | Ep_r: 37.91 | t_so_far: {25110} | epsilon: 0.967 max: 44.34737091932927
Ep: 773 | Ep_r: 37.4 | t_so_far: {25150} | epsilon: 0.968 max: 44.34737091932927
Ep: 774 | Ep_r: 38.7 | t_so_far: {25200} | epsilon: 0.968 max: 44.34737091932927
Ep: 775 | Ep_r: 36.98 | t_so_far: {25234} | epsilon: 0.968 max: 44.34737091932927
Ep: 776 | Ep_r: 38.67 | t_so_far: {25284} | epsilon: 0.968 max: 44.34737091932927
Ep: 777 | Ep_r: 35.38 | t_so_far: {25308} | epsilon: 0.968 max: 44.34737091932927
Ep: 778 | Ep_r: 32.99 | t_so_far: {25334} | epsilon: 0.968 max: 44.34737091932927
Ep: 779 | Ep_r: 32.49 | t_so_far: {25370} | epsilon: 0.968 max: 44.34737091932927
Ep: 780 | Ep_r: 34.37 | t_so_far: {25420} | epsilon: 0.969 max: 44.34737091932927
Ep: 781 | Ep_r: 30.72 | t_so_far: {25438} | epsilon: 0.969 max: 44.34737091932927
Ep: 782 | Ep_r: 32.6 | t_so_far: {25484} | epsilon: 0.969 max: 44.34737091932927
Ep: 783 | Ep_r: 34.66 | t_so_far: {25534} | epsilon: 0.969 max: 44.34737091932927
Ep: 784 | Ep_r: 36.21 | t_so_far: {25584} | epsilon: 0.969 max: 44.34737091932927
Ep: 785 | Ep_r: 35.67 | t_so_far: {25625} | epsilon: 0.969 max: 44.34737091932927
Ep: 786 | Ep_r: 37.45 | t_so_far: {25675} | epsilon: 0.97 max: 44.34737091932927
Ep: 787 | Ep_r: 35.3 | t_so_far: {25707} | epsilon: 0.97 max: 44.34737091932927
Ep: 788 | Ep_r: 32.88 | t_so_far: {25734} | epsilon: 0.97 max: 44.34737091932927
Ep: 789 | Ep_r: 34.32 | t_so_far: {25781} | epsilon: 0.97 max: 44.34737091932927
Ep: 790 | Ep_r: 32.97 | t_so_far: {25814} | epsilon: 0.97 max: 44.34737091932927
Ep: 791 | Ep_r: 32.25 | t_so_far: {25849} | epsilon: 0.97 max: 44.34737091932927
Ep: 792 | Ep_r: 26.39 | t_so_far: {25853} | epsilon: 0.97 max: 44.34737091932927
Ep: 793 | Ep_r: 30.25 | t_so_far: {25903} | epsilon: 0.971 max: 44.34737091932927
Ep: 794 | Ep_r: 33.48 | t_so_far: {25953} | epsilon: 0.971 max: 44.34737091932927
Ep: 795 | Ep_r: 35.71 | t_so_far: {26003} | epsilon: 0.971 max: 44.34737091932927
Ep: 796 | Ep_r: 37.14 | t_so_far: {26053} | epsilon: 0.971 max: 44.34737091932927
Ep: 797 | Ep_r: 38.3 | t_so_far: {26103} | epsilon: 0.971 max: 44.34737091932927
Ep: 798 | Ep_r: 35.74 | t_so_far: {26131} | epsilon: 0.971 max: 44.34737091932927
Ep: 799 | Ep_r: 37.4 | t_so_far: {26181} | epsilon: 0.972 max: 44.34737091932927
Ep: 800 | Ep_r: 38.04 | t_so_far: {26231} | epsilon: 0.972 max: 44.34737091932927
Ep: 801 | Ep_r: 38.64 | t_so_far: {26281} | epsilon: 0.972 max: 44.34737091932927
Ep: 802 | Ep_r: 39.91 | t_so_far: {26331} | epsilon: 0.972 max: 44.34737091932927
Ep: 803 | Ep_r: 36.5 | t_so_far: {26359} | epsilon: 0.972 max: 44.34737091932927
Ep: 804 | Ep_r: 37.53 | t_so_far: {26409} | epsilon: 0.972 max: 44.34737091932927
Ep: 805 | Ep_r: 38.12 | t_so_far: {26459} | epsilon: 0.973 max: 44.34737091932927
Ep: 806 | Ep_r: 38.21 | t_so_far: {26505} | epsilon: 0.973 max: 44.34737091932927
Ep: 807 | Ep_r: 39.65 | t_so_far: {26555} | epsilon: 0.973 max: 44.34737091932927
Ep: 808 | Ep_r: 40.02 | t_so_far: {26605} | epsilon: 0.973 max: 44.34737091932927
Ep: 809 | Ep_r: 34.63 | t_so_far: {26619} | epsilon: 0.973 max: 44.34737091932927
Ep: 810 | Ep_r: 32.91 | t_so_far: {26650} | epsilon: 0.973 max: 44.34737091932927
Ep: 811 | Ep_r: 35.51 | t_so_far: {26700} | epsilon: 0.973 max: 44.34737091932927
Ep: 812 | Ep_r: 36.65 | t_so_far: {26750} | epsilon: 0.974 max: 44.34737091932927
Ep: 813 | Ep_r: 37.93 | t_so_far: {26800} | epsilon: 0.974 max: 44.34737091932927
Ep: 814 | Ep_r: 33.93 | t_so_far: {26820} | epsilon: 0.974 max: 44.34737091932927
Ep: 815 | Ep_r: 35.21 | t_so_far: {26870} | epsilon: 0.974 max: 44.34737091932927
Ep: 816 | Ep_r: 35.96 | t_so_far: {26920} | epsilon: 0.974 max: 44.34737091932927
Ep: 817 | Ep_r: 37.37 | t_so_far: {26970} | epsilon: 0.974 max: 44.34737091932927
Ep: 818 | Ep_r: 38.75 | t_so_far: {27020} | epsilon: 0.974 max: 44.34737091932927
Ep: 819 | Ep_r: 37.93 | t_so_far: {27062} | epsilon: 0.975 max: 44.34737091932927
Ep: 820 | Ep_r: 31.82 | t_so_far: {27071} | epsilon: 0.975 max: 44.34737091932927
Ep: 821 | Ep_r: 33.91 | t_so_far: {27121} | epsilon: 0.975 max: 44.34737091932927
Ep: 822 | Ep_r: 34.91 | t_so_far: {27171} | epsilon: 0.975 max: 44.34737091932927
Ep: 823 | Ep_r: 35.99 | t_so_far: {27221} | epsilon: 0.975 max: 44.34737091932927
Ep: 824 | Ep_r: 34.87 | t_so_far: {27259} | epsilon: 0.975 max: 44.34737091932927
Ep: 825 | Ep_r: 36.0 | t_so_far: {27309} | epsilon: 0.975 max: 44.34737091932927
Ep: 826 | Ep_r: 33.97 | t_so_far: {27339} | epsilon: 0.976 max: 44.34737091932927
Ep: 827 | Ep_r: 35.86 | t_so_far: {27389} | epsilon: 0.976 max: 44.34737091932927
Ep: 828 | Ep_r: 36.93 | t_so_far: {27439} | epsilon: 0.976 max: 44.34737091932927
Ep: 829 | Ep_r: 38.35 | t_so_far: {27489} | epsilon: 0.976 max: 44.34737091932927
Ep: 830 | Ep_r: 38.74 | t_so_far: {27539} | epsilon: 0.976 max: 44.34737091932927
Ep: 831 | Ep_r: 38.58 | t_so_far: {27589} | epsilon: 0.976 max: 44.34737091932927
Ep: 832 | Ep_r: 35.63 | t_so_far: {27616} | epsilon: 0.976 max: 44.34737091932927
Ep: 833 | Ep_r: 36.45 | t_so_far: {27666} | epsilon: 0.977 max: 44.34737091932927
Ep: 834 | Ep_r: 37.6 | t_so_far: {27716} | epsilon: 0.977 max: 44.34737091932927
Ep: 835 | Ep_r: 36.25 | t_so_far: {27755} | epsilon: 0.977 max: 44.34737091932927
Ep: 836 | Ep_r: 37.54 | t_so_far: {27805} | epsilon: 0.977 max: 44.34737091932927
Ep: 837 | Ep_r: 38.4 | t_so_far: {27855} | epsilon: 0.977 max: 44.34737091932927
Ep: 838 | Ep_r: 39.75 | t_so_far: {27905} | epsilon: 0.977 max: 44.34737091932927
Ep: 839 | Ep_r: 35.74 | t_so_far: {27926} | epsilon: 0.977 max: 44.34737091932927
Ep: 840 | Ep_r: 37.51 | t_so_far: {27976} | epsilon: 0.977 max: 44.34737091932927
Ep: 841 | Ep_r: 37.54 | t_so_far: {28026} | epsilon: 0.978 max: 44.34737091932927
Ep: 842 | Ep_r: 38.34 | t_so_far: {28076} | epsilon: 0.978 max: 44.34737091932927
Ep: 843 | Ep_r: 38.61 | t_so_far: {28123} | epsilon: 0.978 max: 44.34737091932927
Ep: 844 | Ep_r: 39.13 | t_so_far: {28173} | epsilon: 0.978 max: 44.34737091932927
Ep: 845 | Ep_r: 39.25 | t_so_far: {28223} | epsilon: 0.978 max: 44.34737091932927
Ep: 846 | Ep_r: 39.65 | t_so_far: {28273} | epsilon: 0.978 max: 44.34737091932927
Ep: 847 | Ep_r: 40.04 | t_so_far: {28323} | epsilon: 0.978 max: 44.34737091932927
Ep: 848 | Ep_r: 37.61 | t_so_far: {28355} | epsilon: 0.978 max: 44.34737091932927
Ep: 849 | Ep_r: 38.81 | t_so_far: {28405} | epsilon: 0.979 max: 44.34737091932927
Ep: 850 | Ep_r: 39.45 | t_so_far: {28455} | epsilon: 0.979 max: 44.34737091932927
Ep: 851 | Ep_r: 35.82 | t_so_far: {28480} | epsilon: 0.979 max: 44.34737091932927
Ep: 852 | Ep_r: 36.92 | t_so_far: {28530} | epsilon: 0.979 max: 44.34737091932927
Ep: 853 | Ep_r: 37.75 | t_so_far: {28580} | epsilon: 0.979 max: 44.34737091932927
Ep: 854 | Ep_r: 38.88 | t_so_far: {28630} | epsilon: 0.979 max: 44.34737091932927
Ep: 855 | Ep_r: 39.57 | t_so_far: {28680} | epsilon: 0.979 max: 44.34737091932927
Ep: 856 | Ep_r: 40.25 | t_so_far: {28730} | epsilon: 0.979 max: 44.34737091932927
Ep: 857 | Ep_r: 40.32 | t_so_far: {28780} | epsilon: 0.98 max: 44.34737091932927
Ep: 858 | Ep_r: 40.5 | t_so_far: {28830} | epsilon: 0.98 max: 44.34737091932927
Ep: 859 | Ep_r: 40.43 | t_so_far: {28880} | epsilon: 0.98 max: 44.34737091932927
Ep: 860 | Ep_r: 41.18 | t_so_far: {28930} | epsilon: 0.98 max: 44.34737091932927
Ep: 861 | Ep_r: 41.06 | t_so_far: {28980} | epsilon: 0.98 max: 44.34737091932927
Ep: 862 | Ep_r: 40.63 | t_so_far: {29030} | epsilon: 0.98 max: 44.34737091932927
Ep: 863 | Ep_r: 40.32 | t_so_far: {29080} | epsilon: 0.98 max: 44.34737091932927
Ep: 864 | Ep_r: 39.86 | t_so_far: {29130} | epsilon: 0.981 max: 44.34737091932927
Ep: 865 | Ep_r: 36.43 | t_so_far: {29159} | epsilon: 0.981 max: 44.34737091932927
Ep: 866 | Ep_r: 37.38 | t_so_far: {29209} | epsilon: 0.981 max: 44.34737091932927
Ep: 867 | Ep_r: 38.04 | t_so_far: {29259} | epsilon: 0.981 max: 44.34737091932927
Ep: 868 | Ep_r: 38.22 | t_so_far: {29309} | epsilon: 0.981 max: 44.34737091932927
Ep: 869 | Ep_r: 38.43 | t_so_far: {29359} | epsilon: 0.981 max: 44.34737091932927
Ep: 870 | Ep_r: 39.11 | t_so_far: {29409} | epsilon: 0.981 max: 44.34737091932927
Ep: 871 | Ep_r: 39.09 | t_so_far: {29459} | epsilon: 0.981 max: 44.34737091932927
Ep: 872 | Ep_r: 39.41 | t_so_far: {29509} | epsilon: 0.981 max: 44.34737091932927
Ep: 873 | Ep_r: 37.46 | t_so_far: {29544} | epsilon: 0.981 max: 44.34737091932927
Ep: 874 | Ep_r: 38.43 | t_so_far: {29594} | epsilon: 0.982 max: 44.34737091932927
Ep: 875 | Ep_r: 38.49 | t_so_far: {29644} | epsilon: 0.982 max: 44.34737091932927
Ep: 876 | Ep_r: 34.01 | t_so_far: {29664} | epsilon: 0.982 max: 44.34737091932927
Ep: 877 | Ep_r: 30.46 | t_so_far: {29684} | epsilon: 0.982 max: 44.34737091932927
Ep: 878 | Ep_r: 32.89 | t_so_far: {29734} | epsilon: 0.982 max: 44.34737091932927
Ep: 879 | Ep_r: 34.59 | t_so_far: {29784} | epsilon: 0.982 max: 44.34737091932927
Ep: 880 | Ep_r: 35.99 | t_so_far: {29834} | epsilon: 0.982 max: 44.34737091932927
Ep: 881 | Ep_r: 37.56 | t_so_far: {29884} | epsilon: 0.982 max: 44.34737091932927
Ep: 882 | Ep_r: 38.61 | t_so_far: {29934} | epsilon: 0.982 max: 44.34737091932927
Ep: 883 | Ep_r: 38.74 | t_so_far: {29984} | epsilon: 0.982 max: 44.34737091932927
Ep: 884 | Ep_r: 39.53 | t_so_far: {30034} | epsilon: 0.983 max: 44.34737091932927
Ep: 885 | Ep_r: 39.81 | t_so_far: {30084} | epsilon: 0.983 max: 44.34737091932927
Ep: 886 | Ep_r: 40.07 | t_so_far: {30134} | epsilon: 0.983 max: 44.34737091932927
Ep: 887 | Ep_r: 39.77 | t_so_far: {30184} | epsilon: 0.983 max: 44.34737091932927
Ep: 888 | Ep_r: 40.02 | t_so_far: {30234} | epsilon: 0.983 max: 44.34737091932927
Ep: 889 | Ep_r: 38.18 | t_so_far: {30273} | epsilon: 0.983 max: 44.34737091932927
Ep: 890 | Ep_r: 38.91 | t_so_far: {30323} | epsilon: 0.983 max: 44.34737091932927
Ep: 891 | Ep_r: 39.52 | t_so_far: {30373} | epsilon: 0.983 max: 44.34737091932927
Ep: 892 | Ep_r: 39.58 | t_so_far: {30423} | epsilon: 0.983 max: 44.34737091932927
Ep: 893 | Ep_r: 38.76 | t_so_far: {30464} | epsilon: 0.984 max: 44.34737091932927
Ep: 894 | Ep_r: 39.65 | t_so_far: {30514} | epsilon: 0.984 max: 44.34737091932927
Ep: 895 | Ep_r: 40.44 | t_so_far: {30564} | epsilon: 0.984 max: 44.34737091932927
Ep: 896 | Ep_r: 40.51 | t_so_far: {30614} | epsilon: 0.984 max: 44.34737091932927
Ep: 897 | Ep_r: 35.55 | t_so_far: {30632} | epsilon: 0.984 max: 44.34737091932927
Ep: 898 | Ep_r: 36.45 | t_so_far: {30682} | epsilon: 0.984 max: 44.34737091932927
Ep: 899 | Ep_r: 38.58 | t_so_far: {30732} | epsilon: 0.984 max: 44.34737091932927
Ep: 900 | Ep_r: 39.35 | t_so_far: {30782} | epsilon: 0.984 max: 44.34737091932927
Ep: 901 | Ep_r: 40.06 | t_so_far: {30832} | epsilon: 0.984 max: 44.34737091932927
Ep: 902 | Ep_r: 40.17 | t_so_far: {30882} | epsilon: 0.984 max: 44.34737091932927
Ep: 903 | Ep_r: 40.29 | t_so_far: {30932} | epsilon: 0.984 max: 44.34737091932927
Ep: 904 | Ep_r: 40.85 | t_so_far: {30982} | epsilon: 0.985 max: 44.34737091932927
Ep: 905 | Ep_r: 41.14 | t_so_far: {31032} | epsilon: 0.985 max: 44.34737091932927
Ep: 906 | Ep_r: 37.41 | t_so_far: {31059} | epsilon: 0.985 max: 44.34737091932927
Ep: 907 | Ep_r: 38.25 | t_so_far: {31109} | epsilon: 0.985 max: 44.34737091932927
Ep: 908 | Ep_r: 39.12 | t_so_far: {31159} | epsilon: 0.985 max: 44.34737091932927
Ep: 909 | Ep_r: 39.32 | t_so_far: {31209} | epsilon: 0.985 max: 44.34737091932927
Ep: 910 | Ep_r: 39.77 | t_so_far: {31259} | epsilon: 0.985 max: 44.34737091932927
Ep: 911 | Ep_r: 36.34 | t_so_far: {31284} | epsilon: 0.985 max: 44.34737091932927
Ep: 912 | Ep_r: 38.47 | t_so_far: {31334} | epsilon: 0.985 max: 44.34737091932927
Ep: 913 | Ep_r: 39.08 | t_so_far: {31384} | epsilon: 0.985 max: 44.34737091932927
Ep: 914 | Ep_r: 39.34 | t_so_far: {31434} | epsilon: 0.985 max: 44.34737091932927
Ep: 915 | Ep_r: 39.41 | t_so_far: {31483} | epsilon: 0.985 max: 44.34737091932927
Ep: 916 | Ep_r: 39.95 | t_so_far: {31533} | epsilon: 0.986 max: 44.34737091932927
Ep: 917 | Ep_r: 40.34 | t_so_far: {31583} | epsilon: 0.986 max: 44.34737091932927
Ep: 918 | Ep_r: 40.72 | t_so_far: {31633} | epsilon: 0.986 max: 44.34737091932927
Ep: 919 | Ep_r: 40.77 | t_so_far: {31683} | epsilon: 0.986 max: 44.34737091932927
Ep: 920 | Ep_r: 41.15 | t_so_far: {31733} | epsilon: 0.986 max: 44.34737091932927
Ep: 921 | Ep_r: 41.06 | t_so_far: {31783} | epsilon: 0.986 max: 44.34737091932927
Ep: 922 | Ep_r: 35.82 | t_so_far: {31802} | epsilon: 0.986 max: 44.34737091932927
Ep: 923 | Ep_r: 36.43 | t_so_far: {31852} | epsilon: 0.986 max: 44.34737091932927
Ep: 924 | Ep_r: 36.24 | t_so_far: {31893} | epsilon: 0.986 max: 44.34737091932927
Ep: 925 | Ep_r: 36.68 | t_so_far: {31943} | epsilon: 0.986 max: 44.34737091932927
Ep: 926 | Ep_r: 37.33 | t_so_far: {31993} | epsilon: 0.986 max: 44.34737091932927
Ep: 927 | Ep_r: 37.77 | t_so_far: {32043} | epsilon: 0.986 max: 44.34737091932927
Ep: 928 | Ep_r: 38.95 | t_so_far: {32093} | epsilon: 0.987 max: 44.34737091932927
Ep: 929 | Ep_r: 39.63 | t_so_far: {32143} | epsilon: 0.987 max: 44.34737091932927
Ep: 930 | Ep_r: 34.97 | t_so_far: {32162} | epsilon: 0.987 max: 44.34737091932927
Ep: 931 | Ep_r: 35.8 | t_so_far: {32212} | epsilon: 0.987 max: 44.34737091932927
Ep: 932 | Ep_r: 37.21 | t_so_far: {32262} | epsilon: 0.987 max: 44.34737091932927
Ep: 933 | Ep_r: 38.4 | t_so_far: {32312} | epsilon: 0.987 max: 44.34737091932927
Ep: 934 | Ep_r: 39.0 | t_so_far: {32362} | epsilon: 0.987 max: 44.34737091932927
Ep: 935 | Ep_r: 39.7 | t_so_far: {32412} | epsilon: 0.987 max: 44.34737091932927
Ep: 936 | Ep_r: 39.71 | t_so_far: {32462} | epsilon: 0.987 max: 44.34737091932927
Ep: 937 | Ep_r: 40.07 | t_so_far: {32512} | epsilon: 0.987 max: 44.34737091932927
Ep: 938 | Ep_r: 40.39 | t_so_far: {32562} | epsilon: 0.987 max: 44.34737091932927
Ep: 939 | Ep_r: 40.36 | t_so_far: {32612} | epsilon: 0.987 max: 44.34737091932927
Ep: 940 | Ep_r: 40.62 | t_so_far: {32662} | epsilon: 0.987 max: 44.34737091932927
Ep: 941 | Ep_r: 40.79 | t_so_far: {32712} | epsilon: 0.988 max: 44.34737091932927
Ep: 942 | Ep_r: 40.26 | t_so_far: {32762} | epsilon: 0.988 max: 44.34737091932927
Ep: 943 | Ep_r: 39.88 | t_so_far: {32812} | epsilon: 0.988 max: 44.34737091932927
Ep: 944 | Ep_r: 40.01 | t_so_far: {32862} | epsilon: 0.988 max: 44.34737091932927
Ep: 945 | Ep_r: 33.75 | t_so_far: {32873} | epsilon: 0.988 max: 44.34737091932927
Ep: 946 | Ep_r: 34.94 | t_so_far: {32923} | epsilon: 0.988 max: 44.34737091932927
Ep: 947 | Ep_r: 33.36 | t_so_far: {32954} | epsilon: 0.988 max: 44.34737091932927
Ep: 948 | Ep_r: 34.51 | t_so_far: {33004} | epsilon: 0.988 max: 44.34737091932927
Ep: 949 | Ep_r: 36.18 | t_so_far: {33054} | epsilon: 0.988 max: 44.34737091932927
Ep: 950 | Ep_r: 37.54 | t_so_far: {33104} | epsilon: 0.988 max: 44.34737091932927
Ep: 951 | Ep_r: 38.3 | t_so_far: {33154} | epsilon: 0.988 max: 44.34737091932927
Ep: 952 | Ep_r: 38.83 | t_so_far: {33204} | epsilon: 0.988 max: 44.34737091932927
Ep: 953 | Ep_r: 38.95 | t_so_far: {33254} | epsilon: 0.988 max: 44.34737091932927
Ep: 954 | Ep_r: 39.08 | t_so_far: {33304} | epsilon: 0.988 max: 44.34737091932927
Ep: 955 | Ep_r: 39.0 | t_so_far: {33354} | epsilon: 0.988 max: 44.34737091932927
Ep: 956 | Ep_r: 38.77 | t_so_far: {33403} | epsilon: 0.989 max: 44.34737091932927
Ep: 957 | Ep_r: 34.35 | t_so_far: {33423} | epsilon: 0.989 max: 44.34737091932927
Ep: 958 | Ep_r: 34.88 | t_so_far: {33469} | epsilon: 0.989 max: 44.34737091932927
Ep: 959 | Ep_r: 32.48 | t_so_far: {33496} | epsilon: 0.989 max: 44.34737091932927
Ep: 960 | Ep_r: 34.14 | t_so_far: {33546} | epsilon: 0.989 max: 44.34737091932927
Ep: 961 | Ep_r: 35.14 | t_so_far: {33596} | epsilon: 0.989 max: 44.34737091932927
Ep: 962 | Ep_r: 36.33 | t_so_far: {33646} | epsilon: 0.989 max: 44.34737091932927
Ep: 963 | Ep_r: 37.21 | t_so_far: {33696} | epsilon: 0.989 max: 44.34737091932927
Ep: 964 | Ep_r: 38.11 | t_so_far: {33746} | epsilon: 0.989 max: 44.34737091932927
Ep: 965 | Ep_r: 38.24 | t_so_far: {33796} | epsilon: 0.989 max: 44.34737091932927
Ep: 966 | Ep_r: 38.48 | t_so_far: {33846} | epsilon: 0.989 max: 44.34737091932927
Ep: 967 | Ep_r: 38.9 | t_so_far: {33896} | epsilon: 0.989 max: 44.34737091932927
Ep: 968 | Ep_r: 39.94 | t_so_far: {33946} | epsilon: 0.989 max: 44.34737091932927
Ep: 969 | Ep_r: 40.15 | t_so_far: {33995} | epsilon: 0.989 max: 44.34737091932927
Ep: 970 | Ep_r: 36.51 | t_so_far: {34026} | epsilon: 0.989 max: 44.34737091932927
Ep: 971 | Ep_r: 37.81 | t_so_far: {34076} | epsilon: 0.989 max: 44.34737091932927
Ep: 972 | Ep_r: 37.92 | t_so_far: {34126} | epsilon: 0.99 max: 44.34737091932927
Ep: 973 | Ep_r: 38.87 | t_so_far: {34176} | epsilon: 0.99 max: 44.34737091932927
Ep: 974 | Ep_r: 38.83 | t_so_far: {34226} | epsilon: 0.99 max: 44.34737091932927
Ep: 975 | Ep_r: 38.92 | t_so_far: {34276} | epsilon: 0.99 max: 44.34737091932927
Ep: 976 | Ep_r: 39.01 | t_so_far: {34326} | epsilon: 0.99 max: 44.34737091932927
Ep: 977 | Ep_r: 39.05 | t_so_far: {34376} | epsilon: 0.99 max: 44.34737091932927
Ep: 978 | Ep_r: 39.49 | t_so_far: {34426} | epsilon: 0.99 max: 44.34737091932927
Ep: 979 | Ep_r: 39.22 | t_so_far: {34476} | epsilon: 0.99 max: 44.34737091932927
Ep: 980 | Ep_r: 39.35 | t_so_far: {34526} | epsilon: 0.99 max: 44.34737091932927
Ep: 981 | Ep_r: 39.26 | t_so_far: {34576} | epsilon: 0.99 max: 44.34737091932927
Ep: 982 | Ep_r: 39.28 | t_so_far: {34626} | epsilon: 0.99 max: 44.34737091932927
Ep: 983 | Ep_r: 39.39 | t_so_far: {34676} | epsilon: 0.99 max: 44.34737091932927
Ep: 984 | Ep_r: 39.37 | t_so_far: {34726} | epsilon: 0.99 max: 44.34737091932927
Ep: 985 | Ep_r: 37.57 | t_so_far: {34766} | epsilon: 0.99 max: 44.34737091932927
Ep: 986 | Ep_r: 37.54 | t_so_far: {34816} | epsilon: 0.99 max: 44.34737091932927
Ep: 987 | Ep_r: 37.62 | t_so_far: {34866} | epsilon: 0.99 max: 44.34737091932927
Ep: 988 | Ep_r: 37.77 | t_so_far: {34916} | epsilon: 0.99 max: 44.34737091932927
Ep: 989 | Ep_r: 38.18 | t_so_far: {34966} | epsilon: 0.991 max: 44.34737091932927
Ep: 990 | Ep_r: 38.13 | t_so_far: {35016} | epsilon: 0.991 max: 44.34737091932927
Ep: 991 | Ep_r: 38.56 | t_so_far: {35066} | epsilon: 0.991 max: 44.34737091932927
Ep: 992 | Ep_r: 39.32 | t_so_far: {35116} | epsilon: 0.991 max: 44.34737091932927
Ep: 993 | Ep_r: 39.57 | t_so_far: {35166} | epsilon: 0.991 max: 44.34737091932927
Ep: 994 | Ep_r: 39.54 | t_so_far: {35216} | epsilon: 0.991 max: 44.34737091932927
Ep: 995 | Ep_r: 39.86 | t_so_far: {35266} | epsilon: 0.991 max: 44.34737091932927
Ep: 996 | Ep_r: 39.65 | t_so_far: {35316} | epsilon: 0.991 max: 44.34737091932927
Ep: 997 | Ep_r: 39.56 | t_so_far: {35366} | epsilon: 0.991 max: 44.34737091932927
Ep: 998 | Ep_r: 40.2 | t_so_far: {35416} | epsilon: 0.991 max: 44.34737091932927
Ep: 999 | Ep_r: 40.42 | t_so_far: {35466} | epsilon: 0.991 max: 44.34737091932927
Ep: 1000 | Ep_r: 39.88 | t_so_far: {35516} | epsilon: 0.991 max: 44.34737091932927
