pygame 2.1.0 (SDL 2.0.16, Python 3.8.0)
Hello from the pygame community. https://www.pygame.org/contribute.html
Traceback (most recent call last):
  File "./agent.py", line 486, in <module>
    args = parse_args(args)
  File "./agent.py", line 240, in parse_args
    parser.add_argument('--normal', default=True, action='store_flase')
  File "/home/slc/miniconda3/envs/RL2/lib/python3.8/argparse.py", line 1367, in add_argument
    raise ValueError('unknown action "%s"' % (action_class,))
ValueError: unknown action "store_flase"
pygame 2.1.0 (SDL 2.0.16, Python 3.8.0)
Hello from the pygame community. https://www.pygame.org/contribute.html
Successfully set seed to 2
Dueling_DQN_vector(
  (features): Sequential(
    (0): Linear(in_features=105, out_features=512, bias=True)
    (1): ReLU()
  )
  (advantage): Sequential(
    (0): Linear(in_features=512, out_features=512, bias=True)
    (1): ReLU()
    (2): Linear(in_features=512, out_features=5, bias=True)
  )
  (value): Sequential(
    (0): Linear(in_features=512, out_features=512, bias=True)
    (1): ReLU()
    (2): Linear(in_features=512, out_features=1, bias=True)
  )
)
Ep: 0 | Ep_r: 8.57 | t_so_far: {10} | epsilon: 0.101 max: 8.566666666666666
Ep: 1 | Ep_r: 8.44 | t_so_far: {20} | epsilon: 0.103 max: 8.566666666666666
Ep: 2 | Ep_r: 14.49 | t_so_far: {70} | epsilon: 0.11 max: 14.492
Ep: 3 | Ep_r: 16.41 | t_so_far: {96} | epsilon: 0.114 max: 16.413600000000002
Ep: 4 | Ep_r: 16.92 | t_so_far: {119} | epsilon: 0.117 max: 16.91754666666667
Ep: 5 | Ep_r: 18.34 | t_so_far: {148} | epsilon: 0.121 max: 18.340704000000006
Ep: 6 | Ep_r: 17.53 | t_so_far: {166} | epsilon: 0.123 max: 18.340704000000006
Ep: 7 | Ep_r: 15.95 | t_so_far: {178} | epsilon: 0.125 max: 18.340704000000006
Ep: 8 | Ep_r: 20.63 | t_so_far: {228} | epsilon: 0.132 max: 20.62884044800001
Ep: 9 | Ep_r: 18.53 | t_so_far: {240} | epsilon: 0.134 max: 20.62884044800001
Ep: 10 | Ep_r: 17.51 | t_so_far: {257} | epsilon: 0.136 max: 20.62884044800001
Ep: 11 | Ep_r: 15.35 | t_so_far: {265} | epsilon: 0.137 max: 20.62884044800001
Ep: 12 | Ep_r: 13.57 | t_so_far: {273} | epsilon: 0.138 max: 20.62884044800001
Ep: 13 | Ep_r: 11.93 | t_so_far: {280} | epsilon: 0.139 max: 20.62884044800001
Ep: 14 | Ep_r: 10.09 | t_so_far: {284} | epsilon: 0.14 max: 20.62884044800001
Ep: 15 | Ep_r: 8.92 | t_so_far: {289} | epsilon: 0.14 max: 20.62884044800001
Ep: 16 | Ep_r: 14.5 | t_so_far: {335} | epsilon: 0.147 max: 20.62884044800001
Ep: 17 | Ep_r: 15.4 | t_so_far: {356} | epsilon: 0.15 max: 20.62884044800001
Ep: 18 | Ep_r: 12.77 | t_so_far: {359} | epsilon: 0.15 max: 20.62884044800001
Ep: 19 | Ep_r: 18.4 | t_so_far: {408} | epsilon: 0.157 max: 20.62884044800001
Ep: 20 | Ep_r: 15.33 | t_so_far: {412} | epsilon: 0.157 max: 20.62884044800001
Ep: 21 | Ep_r: 13.0 | t_so_far: {417} | epsilon: 0.158 max: 20.62884044800001
Ep: 22 | Ep_r: 11.02 | t_so_far: {421} | epsilon: 0.158 max: 20.62884044800001
Ep: 23 | Ep_r: 9.41 | t_so_far: {425} | epsilon: 0.159 max: 20.62884044800001
Ep: 24 | Ep_r: 10.93 | t_so_far: {446} | epsilon: 0.162 max: 20.62884044800001
Ep: 25 | Ep_r: 16.33 | t_so_far: {496} | epsilon: 0.168 max: 20.62884044800001
Ep: 26 | Ep_r: 16.42 | t_so_far: {516} | epsilon: 0.171 max: 20.62884044800001
Ep: 27 | Ep_r: 14.11 | t_so_far: {522} | epsilon: 0.172 max: 20.62884044800001
Ep: 28 | Ep_r: 11.74 | t_so_far: {525} | epsilon: 0.172 max: 20.62884044800001
Ep: 29 | Ep_r: 9.85 | t_so_far: {528} | epsilon: 0.173 max: 20.62884044800001
Ep: 30 | Ep_r: 15.31 | t_so_far: {570} | epsilon: 0.178 max: 20.62884044800001
Ep: 31 | Ep_r: 19.39 | t_so_far: {615} | epsilon: 0.184 max: 20.62884044800001
Ep: 32 | Ep_r: 20.19 | t_so_far: {645} | epsilon: 0.188 max: 20.62884044800001
Ep: 33 | Ep_r: 20.09 | t_so_far: {669} | epsilon: 0.191 max: 20.62884044800001
Ep: 34 | Ep_r: 21.13 | t_so_far: {701} | epsilon: 0.195 max: 21.130566705109636
Ep: 35 | Ep_r: 18.12 | t_so_far: {709} | epsilon: 0.196 max: 21.130566705109636
Ep: 36 | Ep_r: 18.07 | t_so_far: {730} | epsilon: 0.199 max: 21.130566705109636
Ep: 37 | Ep_r: 15.78 | t_so_far: {738} | epsilon: 0.2 max: 21.130566705109636
Ep: 38 | Ep_r: 21.52 | t_so_far: {788} | epsilon: 0.206 max: 21.517906789079582
Ep: 39 | Ep_r: 19.59 | t_so_far: {802} | epsilon: 0.208 max: 21.517906789079582
Ep: 40 | Ep_r: 18.14 | t_so_far: {816} | epsilon: 0.21 max: 21.517906789079582
Ep: 41 | Ep_r: 22.91 | t_so_far: {866} | epsilon: 0.216 max: 22.914768276008743
Ep: 42 | Ep_r: 26.91 | t_so_far: {916} | epsilon: 0.222 max: 26.905147954140332
Ep: 43 | Ep_r: 22.62 | t_so_far: {923} | epsilon: 0.223 max: 26.905147954140332
Ep: 44 | Ep_r: 24.34 | t_so_far: {959} | epsilon: 0.228 max: 26.905147954140332
Ep: 45 | Ep_r: 20.94 | t_so_far: {968} | epsilon: 0.229 max: 26.905147954140332
Ep: 46 | Ep_r: 17.88 | t_so_far: {975} | epsilon: 0.23 max: 26.905147954140332
Ep: 47 | Ep_r: 17.21 | t_so_far: {991} | epsilon: 0.232 max: 26.905147954140332
Ep: 48 | Ep_r: 15.38 | t_so_far: {1000} | epsilon: 0.233 max: 26.905147954140332
Ep: 49 | Ep_r: 15.96 | t_so_far: {1023} | epsilon: 0.236 max: 26.905147954140332
Ep: 50 | Ep_r: 13.39 | t_so_far: {1027} | epsilon: 0.236 max: 26.905147954140332
Ep: 51 | Ep_r: 13.91 | t_so_far: {1047} | epsilon: 0.239 max: 26.905147954140332
Ep: 52 | Ep_r: 12.71 | t_so_far: {1056} | epsilon: 0.24 max: 26.905147954140332
Ep: 53 | Ep_r: 12.91 | t_so_far: {1073} | epsilon: 0.242 max: 26.905147954140332
Ep: 54 | Ep_r: 10.76 | t_so_far: {1076} | epsilon: 0.242 max: 26.905147954140332
Ep: 55 | Ep_r: 17.32 | t_so_far: {1126} | epsilon: 0.248 max: 26.905147954140332
Ep: 56 | Ep_r: 18.16 | t_so_far: {1153} | epsilon: 0.251 max: 26.905147954140332
Ep: 57 | Ep_r: 15.51 | t_so_far: {1159} | epsilon: 0.252 max: 26.905147954140332
Ep: 58 | Ep_r: 19.7 | t_so_far: {1202} | epsilon: 0.257 max: 26.905147954140332
Ep: 59 | Ep_r: 17.82 | t_so_far: {1215} | epsilon: 0.259 max: 26.905147954140332
Ep: 60 | Ep_r: 17.55 | t_so_far: {1235} | epsilon: 0.261 max: 26.905147954140332
Ep: 61 | Ep_r: 14.7 | t_so_far: {1239} | epsilon: 0.262 max: 26.905147954140332
Ep: 62 | Ep_r: 12.55 | t_so_far: {1244} | epsilon: 0.262 max: 26.905147954140332
Ep: 63 | Ep_r: 13.41 | t_so_far: {1265} | epsilon: 0.265 max: 26.905147954140332
Ep: 64 | Ep_r: 14.66 | t_so_far: {1289} | epsilon: 0.267 max: 26.905147954140332
Ep: 65 | Ep_r: 13.32 | t_so_far: {1299} | epsilon: 0.269 max: 26.905147954140332
Ep: 66 | Ep_r: 15.53 | t_so_far: {1326} | epsilon: 0.272 max: 26.905147954140332
Ep: 67 | Ep_r: 12.86 | t_so_far: {1329} | epsilon: 0.272 max: 26.905147954140332
Ep: 68 | Ep_r: 12.36 | t_so_far: {1341} | epsilon: 0.273 max: 26.905147954140332
Ep: 69 | Ep_r: 14.3 | t_so_far: {1367} | epsilon: 0.276 max: 26.905147954140332
Ep: 70 | Ep_r: 16.64 | t_so_far: {1395} | epsilon: 0.28 max: 26.905147954140332
Ep: 71 | Ep_r: 18.49 | t_so_far: {1424} | epsilon: 0.283 max: 26.905147954140332
Ep: 72 | Ep_r: 15.57 | t_so_far: {1429} | epsilon: 0.284 max: 26.905147954140332
Ep: 73 | Ep_r: 20.9 | t_so_far: {1479} | epsilon: 0.289 max: 26.905147954140332
Ep: 74 | Ep_r: 22.34 | t_so_far: {1512} | epsilon: 0.293 max: 26.905147954140332
Ep: 75 | Ep_r: 21.83 | t_so_far: {1535} | epsilon: 0.296 max: 26.905147954140332
Ep: 76 | Ep_r: 23.46 | t_so_far: {1570} | epsilon: 0.3 max: 26.905147954140332
Ep: 77 | Ep_r: 21.87 | t_so_far: {1589} | epsilon: 0.302 max: 26.905147954140332
Ep: 78 | Ep_r: 19.09 | t_so_far: {1598} | epsilon: 0.303 max: 26.905147954140332
Ep: 79 | Ep_r: 23.09 | t_so_far: {1647} | epsilon: 0.308 max: 26.905147954140332
Ep: 80 | Ep_r: 18.94 | t_so_far: {1650} | epsilon: 0.308 max: 26.905147954140332
Ep: 81 | Ep_r: 23.86 | t_so_far: {1700} | epsilon: 0.314 max: 26.905147954140332
Ep: 82 | Ep_r: 22.8 | t_so_far: {1722} | epsilon: 0.316 max: 26.905147954140332
Ep: 83 | Ep_r: 24.27 | t_so_far: {1756} | epsilon: 0.32 max: 26.905147954140332
Ep: 84 | Ep_r: 20.04 | t_so_far: {1760} | epsilon: 0.321 max: 26.905147954140332
Ep: 85 | Ep_r: 17.19 | t_so_far: {1767} | epsilon: 0.321 max: 26.905147954140332
Ep: 86 | Ep_r: 19.27 | t_so_far: {1802} | epsilon: 0.325 max: 26.905147954140332
Ep: 87 | Ep_r: 17.78 | t_so_far: {1815} | epsilon: 0.326 max: 26.905147954140332
Ep: 88 | Ep_r: 17.99 | t_so_far: {1837} | epsilon: 0.329 max: 26.905147954140332
Ep: 89 | Ep_r: 15.49 | t_so_far: {1844} | epsilon: 0.33 max: 26.905147954140332
Ep: 90 | Ep_r: 13.99 | t_so_far: {1853} | epsilon: 0.331 max: 26.905147954140332
Ep: 91 | Ep_r: 12.99 | t_so_far: {1863} | epsilon: 0.332 max: 26.905147954140332
Ep: 92 | Ep_r: 15.38 | t_so_far: {1894} | epsilon: 0.335 max: 26.905147954140332
Ep: 93 | Ep_r: 20.64 | t_so_far: {1944} | epsilon: 0.34 max: 26.905147954140332
Ep: 94 | Ep_r: 25.2 | t_so_far: {1994} | epsilon: 0.345 max: 26.905147954140332
Ep: 95 | Ep_r: 26.03 | t_so_far: {2030} | epsilon: 0.349 max: 26.905147954140332
Ep: 96 | Ep_r: 22.73 | t_so_far: {2041} | epsilon: 0.35 max: 26.905147954140332
Ep: 97 | Ep_r: 24.7 | t_so_far: {2079} | epsilon: 0.354 max: 26.905147954140332
Ep: 98 | Ep_r: 28.17 | t_so_far: {2129} | epsilon: 0.359 max: 28.165270412360517
Ep: 99 | Ep_r: 31.03 | t_so_far: {2179} | epsilon: 0.365 max: 31.032216329888413
Ep: 100 | Ep_r: 27.31 | t_so_far: {2193} | epsilon: 0.366 max: 31.032216329888413
Ep: 101 | Ep_r: 24.14 | t_so_far: {2206} | epsilon: 0.367 max: 31.032216329888413
Ep: 102 | Ep_r: 22.65 | t_so_far: {2227} | epsilon: 0.369 max: 31.032216329888413
Ep: 103 | Ep_r: 26.36 | t_so_far: {2277} | epsilon: 0.374 max: 31.032216329888413
Ep: 104 | Ep_r: 24.71 | t_so_far: {2298} | epsilon: 0.376 max: 31.032216329888413
Ep: 105 | Ep_r: 25.61 | t_so_far: {2333} | epsilon: 0.38 max: 31.032216329888413
Ep: 106 | Ep_r: 22.34 | t_so_far: {2344} | epsilon: 0.381 max: 31.032216329888413
Ep: 107 | Ep_r: 18.51 | t_so_far: {2348} | epsilon: 0.381 max: 31.032216329888413
Ep: 108 | Ep_r: 16.31 | t_so_far: {2357} | epsilon: 0.382 max: 31.032216329888413
Ep: 109 | Ep_r: 15.59 | t_so_far: {2371} | epsilon: 0.384 max: 31.032216329888413
Ep: 110 | Ep_r: 20.42 | t_so_far: {2421} | epsilon: 0.389 max: 31.032216329888413
Ep: 111 | Ep_r: 17.62 | t_so_far: {2429} | epsilon: 0.389 max: 31.032216329888413
Ep: 112 | Ep_r: 17.94 | t_so_far: {2453} | epsilon: 0.392 max: 31.032216329888413
Ep: 113 | Ep_r: 15.14 | t_so_far: {2458} | epsilon: 0.392 max: 31.032216329888413
Ep: 114 | Ep_r: 12.55 | t_so_far: {2461} | epsilon: 0.393 max: 31.032216329888413
Ep: 115 | Ep_r: 18.55 | t_so_far: {2511} | epsilon: 0.397 max: 31.032216329888413
Ep: 116 | Ep_r: 15.44 | t_so_far: {2515} | epsilon: 0.398 max: 31.032216329888413
Ep: 117 | Ep_r: 13.73 | t_so_far: {2523} | epsilon: 0.398 max: 31.032216329888413
Ep: 118 | Ep_r: 14.63 | t_so_far: {2546} | epsilon: 0.401 max: 31.032216329888413
Ep: 119 | Ep_r: 13.31 | t_so_far: {2556} | epsilon: 0.402 max: 31.032216329888413
Ep: 120 | Ep_r: 12.04 | t_so_far: {2565} | epsilon: 0.403 max: 31.032216329888413
Ep: 121 | Ep_r: 16.12 | t_so_far: {2604} | epsilon: 0.406 max: 31.032216329888413
Ep: 122 | Ep_r: 21.0 | t_so_far: {2654} | epsilon: 0.411 max: 31.032216329888413
Ep: 123 | Ep_r: 24.94 | t_so_far: {2704} | epsilon: 0.416 max: 31.032216329888413
Ep: 124 | Ep_r: 22.2 | t_so_far: {2717} | epsilon: 0.417 max: 31.032216329888413
Ep: 125 | Ep_r: 26.14 | t_so_far: {2767} | epsilon: 0.421 max: 31.032216329888413
Ep: 126 | Ep_r: 28.77 | t_so_far: {2815} | epsilon: 0.426 max: 31.032216329888413
Ep: 127 | Ep_r: 27.11 | t_so_far: {2840} | epsilon: 0.428 max: 31.032216329888413
Ep: 128 | Ep_r: 29.72 | t_so_far: {2888} | epsilon: 0.433 max: 31.032216329888413
Ep: 129 | Ep_r: 29.03 | t_so_far: {2919} | epsilon: 0.435 max: 31.032216329888413
Ep: 130 | Ep_r: 25.42 | t_so_far: {2933} | epsilon: 0.437 max: 31.032216329888413
Ep: 131 | Ep_r: 23.99 | t_so_far: {2954} | epsilon: 0.439 max: 31.032216329888413
Ep: 132 | Ep_r: 20.16 | t_so_far: {2960} | epsilon: 0.439 max: 31.032216329888413
Ep: 133 | Ep_r: 16.75 | t_so_far: {2964} | epsilon: 0.439 max: 31.032216329888413
Ep: 134 | Ep_r: 18.86 | t_so_far: {2999} | epsilon: 0.443 max: 31.032216329888413
Ep: 135 | Ep_r: 17.05 | t_so_far: {3010} | epsilon: 0.444 max: 31.032216329888413
Ep: 136 | Ep_r: 18.96 | t_so_far: {3043} | epsilon: 0.446 max: 31.032216329888413
Ep: 137 | Ep_r: 15.73 | t_so_far: {3047} | epsilon: 0.447 max: 31.032216329888413
Ep: 138 | Ep_r: 17.31 | t_so_far: {3077} | epsilon: 0.449 max: 31.032216329888413
Ep: 139 | Ep_r: 17.82 | t_so_far: {3101} | epsilon: 0.452 max: 31.032216329888413
Ep: 140 | Ep_r: 22.39 | t_so_far: {3151} | epsilon: 0.456 max: 31.032216329888413
Ep: 141 | Ep_r: 23.51 | t_so_far: {3184} | epsilon: 0.459 max: 31.032216329888413
Ep: 142 | Ep_r: 23.92 | t_so_far: {3215} | epsilon: 0.461 max: 31.032216329888413
Ep: 143 | Ep_r: 20.1 | t_so_far: {3221} | epsilon: 0.462 max: 31.032216329888413
Ep: 144 | Ep_r: 20.95 | t_so_far: {3251} | epsilon: 0.465 max: 31.032216329888413
Ep: 145 | Ep_r: 20.65 | t_so_far: {3272} | epsilon: 0.466 max: 31.032216329888413
Ep: 146 | Ep_r: 24.65 | t_so_far: {3322} | epsilon: 0.471 max: 31.032216329888413
Ep: 147 | Ep_r: 23.82 | t_so_far: {3346} | epsilon: 0.473 max: 31.032216329888413
Ep: 148 | Ep_r: 19.7 | t_so_far: {3350} | epsilon: 0.473 max: 31.032216329888413
Ep: 149 | Ep_r: 22.25 | t_so_far: {3389} | epsilon: 0.476 max: 31.032216329888413
Ep: 150 | Ep_r: 23.23 | t_so_far: {3422} | epsilon: 0.479 max: 31.032216329888413
Ep: 151 | Ep_r: 20.64 | t_so_far: {3434} | epsilon: 0.48 max: 31.032216329888413
Ep: 152 | Ep_r: 24.3 | t_so_far: {3477} | epsilon: 0.484 max: 31.032216329888413
Ep: 153 | Ep_r: 21.61 | t_so_far: {3490} | epsilon: 0.485 max: 31.032216329888413
Ep: 154 | Ep_r: 25.65 | t_so_far: {3540} | epsilon: 0.489 max: 31.032216329888413
Ep: 155 | Ep_r: 21.11 | t_so_far: {3544} | epsilon: 0.489 max: 31.032216329888413
Ep: 156 | Ep_r: 24.85 | t_so_far: {3594} | epsilon: 0.493 max: 31.032216329888413
Ep: 157 | Ep_r: 27.75 | t_so_far: {3641} | epsilon: 0.497 max: 31.032216329888413
Ep: 158 | Ep_r: 30.6 | t_so_far: {3691} | epsilon: 0.501 max: 31.032216329888413
Ep: 159 | Ep_r: 29.87 | t_so_far: {3726} | epsilon: 0.504 max: 31.032216329888413
Ep: 160 | Ep_r: 30.99 | t_so_far: {3767} | epsilon: 0.507 max: 31.032216329888413
Ep: 161 | Ep_r: 33.12 | t_so_far: {3817} | epsilon: 0.511 max: 33.11588162674822
Ep: 162 | Ep_r: 31.78 | t_so_far: {3849} | epsilon: 0.513 max: 33.11588162674822
Ep: 163 | Ep_r: 33.52 | t_so_far: {3899} | epsilon: 0.517 max: 33.52349757445219
Ep: 164 | Ep_r: 33.68 | t_so_far: {3942} | epsilon: 0.52 max: 33.67879805956176
Ep: 165 | Ep_r: 31.17 | t_so_far: {3965} | epsilon: 0.522 max: 33.67879805956176
Ep: 166 | Ep_r: 33.58 | t_so_far: {4015} | epsilon: 0.526 max: 33.67879805956176
Ep: 167 | Ep_r: 34.7 | t_so_far: {4065} | epsilon: 0.53 max: 34.700611273162295
Ep: 168 | Ep_r: 35.64 | t_so_far: {4115} | epsilon: 0.534 max: 35.640489018529834
Ep: 169 | Ep_r: 30.73 | t_so_far: {4128} | epsilon: 0.534 max: 35.640489018529834
Ep: 170 | Ep_r: 32.27 | t_so_far: {4178} | epsilon: 0.538 max: 35.640489018529834
Ep: 171 | Ep_r: 26.25 | t_so_far: {4181} | epsilon: 0.538 max: 35.640489018529834
Ep: 172 | Ep_r: 21.73 | t_so_far: {4186} | epsilon: 0.539 max: 35.640489018529834
Ep: 173 | Ep_r: 18.02 | t_so_far: {4190} | epsilon: 0.539 max: 35.640489018529834
Ep: 174 | Ep_r: 18.81 | t_so_far: {4218} | epsilon: 0.541 max: 35.640489018529834
Ep: 175 | Ep_r: 23.12 | t_so_far: {4268} | epsilon: 0.545 max: 35.640489018529834
Ep: 176 | Ep_r: 19.7 | t_so_far: {4276} | epsilon: 0.545 max: 35.640489018529834
Ep: 177 | Ep_r: 18.1 | t_so_far: {4290} | epsilon: 0.546 max: 35.640489018529834
Ep: 178 | Ep_r: 16.52 | t_so_far: {4302} | epsilon: 0.547 max: 35.640489018529834
Ep: 179 | Ep_r: 21.18 | t_so_far: {4352} | epsilon: 0.551 max: 35.640489018529834
Ep: 180 | Ep_r: 19.87 | t_so_far: {4368} | epsilon: 0.552 max: 35.640489018529834
Ep: 181 | Ep_r: 19.09 | t_so_far: {4387} | epsilon: 0.553 max: 35.640489018529834
Ep: 182 | Ep_r: 16.22 | t_so_far: {4393} | epsilon: 0.554 max: 35.640489018529834
Ep: 183 | Ep_r: 15.84 | t_so_far: {4410} | epsilon: 0.555 max: 35.640489018529834
Ep: 184 | Ep_r: 19.58 | t_so_far: {4452} | epsilon: 0.558 max: 35.640489018529834
Ep: 185 | Ep_r: 16.94 | t_so_far: {4460} | epsilon: 0.559 max: 35.640489018529834
Ep: 186 | Ep_r: 14.01 | t_so_far: {4463} | epsilon: 0.559 max: 35.640489018529834
Ep: 187 | Ep_r: 19.29 | t_so_far: {4513} | epsilon: 0.562 max: 35.640489018529834
Ep: 188 | Ep_r: 17.95 | t_so_far: {4529} | epsilon: 0.563 max: 35.640489018529834
Ep: 189 | Ep_r: 20.83 | t_so_far: {4570} | epsilon: 0.566 max: 35.640489018529834
Ep: 190 | Ep_r: 20.66 | t_so_far: {4595} | epsilon: 0.568 max: 35.640489018529834
Ep: 191 | Ep_r: 24.16 | t_so_far: {4645} | epsilon: 0.571 max: 35.640489018529834
Ep: 192 | Ep_r: 19.97 | t_so_far: {4649} | epsilon: 0.572 max: 35.640489018529834
Ep: 193 | Ep_r: 22.66 | t_so_far: {4693} | epsilon: 0.575 max: 35.640489018529834
Ep: 194 | Ep_r: 20.62 | t_so_far: {4707} | epsilon: 0.576 max: 35.640489018529834
Ep: 195 | Ep_r: 25.19 | t_so_far: {4757} | epsilon: 0.579 max: 35.640489018529834
Ep: 196 | Ep_r: 21.07 | t_so_far: {4763} | epsilon: 0.579 max: 35.640489018529834
Ep: 197 | Ep_r: 21.03 | t_so_far: {4786} | epsilon: 0.581 max: 35.640489018529834
Ep: 198 | Ep_r: 19.35 | t_so_far: {4801} | epsilon: 0.582 max: 35.640489018529834
Ep: 199 | Ep_r: 20.47 | t_so_far: {4830} | epsilon: 0.584 max: 35.640489018529834
Ep: 200 | Ep_r: 20.9 | t_so_far: {4856} | epsilon: 0.586 max: 35.640489018529834
Ep: 201 | Ep_r: 19.61 | t_so_far: {4874} | epsilon: 0.587 max: 35.640489018529834
Ep: 202 | Ep_r: 23.48 | t_so_far: {4924} | epsilon: 0.59 max: 35.640489018529834
Ep: 203 | Ep_r: 24.88 | t_so_far: {4962} | epsilon: 0.593 max: 35.640489018529834
Ep: 204 | Ep_r: 21.02 | t_so_far: {4969} | epsilon: 0.593 max: 35.640489018529834
Ep: 205 | Ep_r: 19.87 | t_so_far: {4988} | epsilon: 0.594 max: 35.640489018529834
Ep: 206 | Ep_r: 23.82 | t_so_far: {5038} | epsilon: 0.597 max: 35.640489018529834
Ep: 207 | Ep_r: 26.93 | t_so_far: {5088} | epsilon: 0.601 max: 35.640489018529834
Ep: 208 | Ep_r: 29.5 | t_so_far: {5138} | epsilon: 0.604 max: 35.640489018529834
Ep: 209 | Ep_r: 24.91 | t_so_far: {5146} | epsilon: 0.604 max: 35.640489018529834
Ep: 210 | Ep_r: 27.58 | t_so_far: {5196} | epsilon: 0.607 max: 35.640489018529834
Ep: 211 | Ep_r: 23.32 | t_so_far: {5203} | epsilon: 0.608 max: 35.640489018529834
Ep: 212 | Ep_r: 26.72 | t_so_far: {5253} | epsilon: 0.611 max: 35.640489018529834
Ep: 213 | Ep_r: 24.41 | t_so_far: {5271} | epsilon: 0.612 max: 35.640489018529834
Ep: 214 | Ep_r: 25.4 | t_so_far: {5307} | epsilon: 0.614 max: 35.640489018529834
Ep: 215 | Ep_r: 27.9 | t_so_far: {5357} | epsilon: 0.617 max: 35.640489018529834
Ep: 216 | Ep_r: 26.55 | t_so_far: {5383} | epsilon: 0.619 max: 35.640489018529834
Ep: 217 | Ep_r: 29.58 | t_so_far: {5433} | epsilon: 0.622 max: 35.640489018529834
Ep: 218 | Ep_r: 24.8 | t_so_far: {5440} | epsilon: 0.622 max: 35.640489018529834
Ep: 219 | Ep_r: 25.39 | t_so_far: {5474} | epsilon: 0.624 max: 35.640489018529834
Ep: 220 | Ep_r: 24.88 | t_so_far: {5503} | epsilon: 0.626 max: 35.640489018529834
Ep: 221 | Ep_r: 27.93 | t_so_far: {5553} | epsilon: 0.629 max: 35.640489018529834
Ep: 222 | Ep_r: 30.87 | t_so_far: {5603} | epsilon: 0.632 max: 35.640489018529834
Ep: 223 | Ep_r: 26.29 | t_so_far: {5613} | epsilon: 0.633 max: 35.640489018529834
Ep: 224 | Ep_r: 25.03 | t_so_far: {5637} | epsilon: 0.634 max: 35.640489018529834
Ep: 225 | Ep_r: 22.71 | t_so_far: {5654} | epsilon: 0.635 max: 35.640489018529834
Ep: 226 | Ep_r: 20.08 | t_so_far: {5666} | epsilon: 0.636 max: 35.640489018529834
Ep: 227 | Ep_r: 17.06 | t_so_far: {5672} | epsilon: 0.636 max: 35.640489018529834
Ep: 228 | Ep_r: 21.48 | t_so_far: {5722} | epsilon: 0.639 max: 35.640489018529834
Ep: 229 | Ep_r: 24.12 | t_so_far: {5766} | epsilon: 0.642 max: 35.640489018529834
Ep: 230 | Ep_r: 20.56 | t_so_far: {5774} | epsilon: 0.642 max: 35.640489018529834
Ep: 231 | Ep_r: 23.18 | t_so_far: {5815} | epsilon: 0.644 max: 35.640489018529834
Ep: 232 | Ep_r: 19.46 | t_so_far: {5821} | epsilon: 0.645 max: 35.640489018529834
Ep: 233 | Ep_r: 21.7 | t_so_far: {5860} | epsilon: 0.647 max: 35.640489018529834
Ep: 234 | Ep_r: 25.16 | t_so_far: {5910} | epsilon: 0.65 max: 35.640489018529834
Ep: 235 | Ep_r: 22.84 | t_so_far: {5926} | epsilon: 0.651 max: 35.640489018529834
Ep: 236 | Ep_r: 26.24 | t_so_far: {5976} | epsilon: 0.653 max: 35.640489018529834
Ep: 237 | Ep_r: 27.55 | t_so_far: {6018} | epsilon: 0.656 max: 35.640489018529834
Ep: 238 | Ep_r: 24.67 | t_so_far: {6033} | epsilon: 0.657 max: 35.640489018529834
Ep: 239 | Ep_r: 20.39 | t_so_far: {6037} | epsilon: 0.657 max: 35.640489018529834
Ep: 240 | Ep_r: 24.29 | t_so_far: {6087} | epsilon: 0.659 max: 35.640489018529834
Ep: 241 | Ep_r: 27.38 | t_so_far: {6137} | epsilon: 0.662 max: 35.640489018529834
Ep: 242 | Ep_r: 29.46 | t_so_far: {6187} | epsilon: 0.665 max: 35.640489018529834
Ep: 243 | Ep_r: 31.3 | t_so_far: {6236} | epsilon: 0.667 max: 35.640489018529834
Ep: 244 | Ep_r: 26.44 | t_so_far: {6244} | epsilon: 0.668 max: 35.640489018529834
Ep: 245 | Ep_r: 27.9 | t_so_far: {6287} | epsilon: 0.67 max: 35.640489018529834
Ep: 246 | Ep_r: 30.27 | t_so_far: {6337} | epsilon: 0.673 max: 35.640489018529834
Ep: 247 | Ep_r: 32.14 | t_so_far: {6387} | epsilon: 0.675 max: 35.640489018529834
Ep: 248 | Ep_r: 32.07 | t_so_far: {6428} | epsilon: 0.678 max: 35.640489018529834
Ep: 249 | Ep_r: 31.11 | t_so_far: {6462} | epsilon: 0.679 max: 35.640489018529834
Ep: 250 | Ep_r: 25.51 | t_so_far: {6466} | epsilon: 0.679 max: 35.640489018529834
Ep: 251 | Ep_r: 28.52 | t_so_far: {6516} | epsilon: 0.682 max: 35.640489018529834
Ep: 252 | Ep_r: 30.72 | t_so_far: {6566} | epsilon: 0.685 max: 35.640489018529834
Ep: 253 | Ep_r: 27.77 | t_so_far: {6584} | epsilon: 0.685 max: 35.640489018529834
Ep: 254 | Ep_r: 22.97 | t_so_far: {6589} | epsilon: 0.686 max: 35.640489018529834
Ep: 255 | Ep_r: 26.91 | t_so_far: {6639} | epsilon: 0.688 max: 35.640489018529834
Ep: 256 | Ep_r: 29.71 | t_so_far: {6687} | epsilon: 0.691 max: 35.640489018529834
Ep: 257 | Ep_r: 25.86 | t_so_far: {6699} | epsilon: 0.691 max: 35.640489018529834
Ep: 258 | Ep_r: 28.76 | t_so_far: {6749} | epsilon: 0.694 max: 35.640489018529834
Ep: 259 | Ep_r: 31.33 | t_so_far: {6799} | epsilon: 0.696 max: 35.640489018529834
Ep: 260 | Ep_r: 33.35 | t_so_far: {6849} | epsilon: 0.698 max: 35.640489018529834
Ep: 261 | Ep_r: 28.74 | t_so_far: {6861} | epsilon: 0.699 max: 35.640489018529834
Ep: 262 | Ep_r: 25.86 | t_so_far: {6877} | epsilon: 0.7 max: 35.640489018529834
Ep: 263 | Ep_r: 28.8 | t_so_far: {6927} | epsilon: 0.702 max: 35.640489018529834
Ep: 264 | Ep_r: 30.96 | t_so_far: {6977} | epsilon: 0.705 max: 35.640489018529834
Ep: 265 | Ep_r: 32.87 | t_so_far: {7027} | epsilon: 0.707 max: 35.640489018529834
Ep: 266 | Ep_r: 27.38 | t_so_far: {7034} | epsilon: 0.707 max: 35.640489018529834
Ep: 267 | Ep_r: 30.0 | t_so_far: {7084} | epsilon: 0.71 max: 35.640489018529834
Ep: 268 | Ep_r: 27.07 | t_so_far: {7103} | epsilon: 0.71 max: 35.640489018529834
Ep: 269 | Ep_r: 29.7 | t_so_far: {7153} | epsilon: 0.713 max: 35.640489018529834
Ep: 270 | Ep_r: 31.74 | t_so_far: {7203} | epsilon: 0.715 max: 35.640489018529834
Ep: 271 | Ep_r: 33.03 | t_so_far: {7248} | epsilon: 0.717 max: 35.640489018529834
Ep: 272 | Ep_r: 27.89 | t_so_far: {7258} | epsilon: 0.717 max: 35.640489018529834
Ep: 273 | Ep_r: 30.19 | t_so_far: {7308} | epsilon: 0.72 max: 35.640489018529834
Ep: 274 | Ep_r: 32.15 | t_so_far: {7358} | epsilon: 0.722 max: 35.640489018529834
Ep: 275 | Ep_r: 33.69 | t_so_far: {7408} | epsilon: 0.724 max: 35.640489018529834
Ep: 276 | Ep_r: 31.9 | t_so_far: {7435} | epsilon: 0.725 max: 35.640489018529834
Ep: 277 | Ep_r: 33.43 | t_so_far: {7485} | epsilon: 0.728 max: 35.640489018529834
Ep: 278 | Ep_r: 34.74 | t_so_far: {7535} | epsilon: 0.73 max: 35.640489018529834
Ep: 279 | Ep_r: 35.24 | t_so_far: {7585} | epsilon: 0.732 max: 35.640489018529834
Ep: 280 | Ep_r: 35.95 | t_so_far: {7635} | epsilon: 0.734 max: 35.94807865076503
Ep: 281 | Ep_r: 36.57 | t_so_far: {7684} | epsilon: 0.736 max: 36.57179625394536
Ep: 282 | Ep_r: 36.81 | t_so_far: {7734} | epsilon: 0.738 max: 36.810770336489625
Ep: 283 | Ep_r: 33.84 | t_so_far: {7762} | epsilon: 0.739 max: 36.810770336489625
Ep: 284 | Ep_r: 34.87 | t_so_far: {7812} | epsilon: 0.741 max: 36.810770336489625
Ep: 285 | Ep_r: 36.02 | t_so_far: {7862} | epsilon: 0.743 max: 36.810770336489625
Ep: 286 | Ep_r: 37.36 | t_so_far: {7912} | epsilon: 0.745 max: 37.3561448631595
Ep: 287 | Ep_r: 35.91 | t_so_far: {7948} | epsilon: 0.747 max: 37.3561448631595
Ep: 288 | Ep_r: 31.99 | t_so_far: {7967} | epsilon: 0.748 max: 37.3561448631595
Ep: 289 | Ep_r: 27.45 | t_so_far: {7979} | epsilon: 0.748 max: 37.3561448631595
Ep: 290 | Ep_r: 29.85 | t_so_far: {8029} | epsilon: 0.75 max: 37.3561448631595
Ep: 291 | Ep_r: 32.11 | t_so_far: {8079} | epsilon: 0.752 max: 37.3561448631595
Ep: 292 | Ep_r: 34.36 | t_so_far: {8129} | epsilon: 0.754 max: 37.3561448631595
Ep: 293 | Ep_r: 29.06 | t_so_far: {8139} | epsilon: 0.755 max: 37.3561448631595
Ep: 294 | Ep_r: 26.88 | t_so_far: {8163} | epsilon: 0.755 max: 37.3561448631595
Ep: 295 | Ep_r: 29.43 | t_so_far: {8213} | epsilon: 0.757 max: 37.3561448631595
Ep: 296 | Ep_r: 26.03 | t_so_far: {8228} | epsilon: 0.758 max: 37.3561448631595
Ep: 297 | Ep_r: 28.33 | t_so_far: {8278} | epsilon: 0.76 max: 37.3561448631595
Ep: 298 | Ep_r: 30.94 | t_so_far: {8328} | epsilon: 0.762 max: 37.3561448631595
Ep: 299 | Ep_r: 27.16 | t_so_far: {8342} | epsilon: 0.762 max: 37.3561448631595
Ep: 300 | Ep_r: 24.66 | t_so_far: {8360} | epsilon: 0.763 max: 37.3561448631595
Ep: 301 | Ep_r: 23.05 | t_so_far: {8381} | epsilon: 0.764 max: 37.3561448631595
Ep: 302 | Ep_r: 25.91 | t_so_far: {8431} | epsilon: 0.766 max: 37.3561448631595
Ep: 303 | Ep_r: 28.55 | t_so_far: {8481} | epsilon: 0.768 max: 37.3561448631595
Ep: 304 | Ep_r: 26.15 | t_so_far: {8501} | epsilon: 0.768 max: 37.3561448631595
Ep: 305 | Ep_r: 29.01 | t_so_far: {8551} | epsilon: 0.77 max: 37.3561448631595
Ep: 306 | Ep_r: 30.39 | t_so_far: {8601} | epsilon: 0.772 max: 37.3561448631595
Ep: 307 | Ep_r: 25.98 | t_so_far: {8611} | epsilon: 0.772 max: 37.3561448631595
Ep: 308 | Ep_r: 22.06 | t_so_far: {8619} | epsilon: 0.773 max: 37.3561448631595
Ep: 309 | Ep_r: 25.84 | t_so_far: {8669} | epsilon: 0.774 max: 37.3561448631595
Ep: 310 | Ep_r: 22.0 | t_so_far: {8677} | epsilon: 0.775 max: 37.3561448631595
Ep: 311 | Ep_r: 21.08 | t_so_far: {8699} | epsilon: 0.775 max: 37.3561448631595
Ep: 312 | Ep_r: 17.5 | t_so_far: {8703} | epsilon: 0.776 max: 37.3561448631595
Ep: 313 | Ep_r: 22.03 | t_so_far: {8753} | epsilon: 0.777 max: 37.3561448631595
Ep: 314 | Ep_r: 25.31 | t_so_far: {8803} | epsilon: 0.779 max: 37.3561448631595
Ep: 315 | Ep_r: 24.26 | t_so_far: {8828} | epsilon: 0.78 max: 37.3561448631595
Ep: 316 | Ep_r: 27.66 | t_so_far: {8878} | epsilon: 0.782 max: 37.3561448631595
Ep: 317 | Ep_r: 29.96 | t_so_far: {8928} | epsilon: 0.783 max: 37.3561448631595
Ep: 318 | Ep_r: 24.96 | t_so_far: {8934} | epsilon: 0.784 max: 37.3561448631595
Ep: 319 | Ep_r: 28.26 | t_so_far: {8984} | epsilon: 0.785 max: 37.3561448631595
Ep: 320 | Ep_r: 23.25 | t_so_far: {8988} | epsilon: 0.786 max: 37.3561448631595
Ep: 321 | Ep_r: 23.62 | t_so_far: {9019} | epsilon: 0.787 max: 37.3561448631595
Ep: 322 | Ep_r: 26.45 | t_so_far: {9069} | epsilon: 0.788 max: 37.3561448631595
Ep: 323 | Ep_r: 25.76 | t_so_far: {9098} | epsilon: 0.789 max: 37.3561448631595
Ep: 324 | Ep_r: 28.36 | t_so_far: {9148} | epsilon: 0.791 max: 37.3561448631595
Ep: 325 | Ep_r: 30.08 | t_so_far: {9198} | epsilon: 0.793 max: 37.3561448631595
Ep: 326 | Ep_r: 31.51 | t_so_far: {9248} | epsilon: 0.794 max: 37.3561448631595
Ep: 327 | Ep_r: 33.28 | t_so_far: {9298} | epsilon: 0.796 max: 37.3561448631595
Ep: 328 | Ep_r: 27.38 | t_so_far: {9303} | epsilon: 0.796 max: 37.3561448631595
Ep: 329 | Ep_r: 30.05 | t_so_far: {9353} | epsilon: 0.798 max: 37.3561448631595
Ep: 330 | Ep_r: 32.14 | t_so_far: {9403} | epsilon: 0.799 max: 37.3561448631595
Ep: 331 | Ep_r: 31.48 | t_so_far: {9438} | epsilon: 0.8 max: 37.3561448631595
Ep: 332 | Ep_r: 29.8 | t_so_far: {9466} | epsilon: 0.801 max: 37.3561448631595
Ep: 333 | Ep_r: 31.81 | t_so_far: {9516} | epsilon: 0.803 max: 37.3561448631595
Ep: 334 | Ep_r: 29.85 | t_so_far: {9543} | epsilon: 0.804 max: 37.3561448631595
Ep: 335 | Ep_r: 24.77 | t_so_far: {9549} | epsilon: 0.804 max: 37.3561448631595
Ep: 336 | Ep_r: 20.06 | t_so_far: {9551} | epsilon: 0.804 max: 37.3561448631595
Ep: 337 | Ep_r: 24.08 | t_so_far: {9601} | epsilon: 0.805 max: 37.3561448631595
Ep: 338 | Ep_r: 21.5 | t_so_far: {9613} | epsilon: 0.806 max: 37.3561448631595
Ep: 339 | Ep_r: 25.7 | t_so_far: {9663} | epsilon: 0.807 max: 37.3561448631595
Ep: 340 | Ep_r: 28.24 | t_so_far: {9713} | epsilon: 0.809 max: 37.3561448631595
Ep: 341 | Ep_r: 30.53 | t_so_far: {9763} | epsilon: 0.81 max: 37.3561448631595
Ep: 342 | Ep_r: 26.93 | t_so_far: {9779} | epsilon: 0.811 max: 37.3561448631595
Ep: 343 | Ep_r: 29.39 | t_so_far: {9829} | epsilon: 0.812 max: 37.3561448631595
Ep: 344 | Ep_r: 24.08 | t_so_far: {9833} | epsilon: 0.813 max: 37.3561448631595
Ep: 345 | Ep_r: 26.23 | t_so_far: {9875} | epsilon: 0.814 max: 37.3561448631595
Ep: 346 | Ep_r: 21.24 | t_so_far: {9877} | epsilon: 0.814 max: 37.3561448631595
Ep: 347 | Ep_r: 23.95 | t_so_far: {9918} | epsilon: 0.815 max: 37.3561448631595
Ep: 348 | Ep_r: 26.08 | t_so_far: {9961} | epsilon: 0.816 max: 37.3561448631595
Ep: 349 | Ep_r: 29.33 | t_so_far: {10011} | epsilon: 0.818 max: 37.3561448631595
Ep: 350 | Ep_r: 26.56 | t_so_far: {10031} | epsilon: 0.818 max: 37.3561448631595
Ep: 351 | Ep_r: 25.39 | t_so_far: {10059} | epsilon: 0.819 max: 37.3561448631595
Ep: 352 | Ep_r: 23.65 | t_so_far: {10078} | epsilon: 0.82 max: 37.3561448631595
Ep: 353 | Ep_r: 27.25 | t_so_far: {10128} | epsilon: 0.821 max: 37.3561448631595
Ep: 354 | Ep_r: 23.93 | t_so_far: {10140} | epsilon: 0.821 max: 37.3561448631595
Ep: 355 | Ep_r: 27.0 | t_so_far: {10190} | epsilon: 0.823 max: 37.3561448631595
Ep: 356 | Ep_r: 24.21 | t_so_far: {10206} | epsilon: 0.823 max: 37.3561448631595
Ep: 357 | Ep_r: 27.29 | t_so_far: {10256} | epsilon: 0.825 max: 37.3561448631595
Ep: 358 | Ep_r: 24.43 | t_so_far: {10273} | epsilon: 0.825 max: 37.3561448631595
Ep: 359 | Ep_r: 27.68 | t_so_far: {10323} | epsilon: 0.827 max: 37.3561448631595
Ep: 360 | Ep_r: 29.74 | t_so_far: {10373} | epsilon: 0.828 max: 37.3561448631595
Ep: 361 | Ep_r: 24.72 | t_so_far: {10379} | epsilon: 0.828 max: 37.3561448631595
Ep: 362 | Ep_r: 27.64 | t_so_far: {10429} | epsilon: 0.83 max: 37.3561448631595
Ep: 363 | Ep_r: 29.66 | t_so_far: {10479} | epsilon: 0.831 max: 37.3561448631595
Ep: 364 | Ep_r: 31.45 | t_so_far: {10529} | epsilon: 0.832 max: 37.3561448631595
Ep: 365 | Ep_r: 32.77 | t_so_far: {10576} | epsilon: 0.833 max: 37.3561448631595
Ep: 366 | Ep_r: 26.81 | t_so_far: {10580} | epsilon: 0.834 max: 37.3561448631595
Ep: 367 | Ep_r: 28.41 | t_so_far: {10625} | epsilon: 0.835 max: 37.3561448631595
Ep: 368 | Ep_r: 23.7 | t_so_far: {10631} | epsilon: 0.835 max: 37.3561448631595
Ep: 369 | Ep_r: 26.82 | t_so_far: {10681} | epsilon: 0.836 max: 37.3561448631595
Ep: 370 | Ep_r: 27.95 | t_so_far: {10721} | epsilon: 0.837 max: 37.3561448631595
Ep: 371 | Ep_r: 23.22 | t_so_far: {10727} | epsilon: 0.837 max: 37.3561448631595
Ep: 372 | Ep_r: 20.03 | t_so_far: {10736} | epsilon: 0.838 max: 37.3561448631595
Ep: 373 | Ep_r: 23.32 | t_so_far: {10782} | epsilon: 0.839 max: 37.3561448631595
Ep: 374 | Ep_r: 26.25 | t_so_far: {10832} | epsilon: 0.84 max: 37.3561448631595
Ep: 375 | Ep_r: 23.96 | t_so_far: {10851} | epsilon: 0.841 max: 37.3561448631595
Ep: 376 | Ep_r: 20.8 | t_so_far: {10862} | epsilon: 0.841 max: 37.3561448631595
Ep: 377 | Ep_r: 24.41 | t_so_far: {10912} | epsilon: 0.842 max: 37.3561448631595
Ep: 378 | Ep_r: 27.59 | t_so_far: {10962} | epsilon: 0.843 max: 37.3561448631595
Ep: 379 | Ep_r: 27.11 | t_so_far: {10993} | epsilon: 0.844 max: 37.3561448631595
Ep: 380 | Ep_r: 25.39 | t_so_far: {11015} | epsilon: 0.845 max: 37.3561448631595
Ep: 381 | Ep_r: 28.37 | t_so_far: {11065} | epsilon: 0.846 max: 37.3561448631595
Ep: 382 | Ep_r: 25.04 | t_so_far: {11079} | epsilon: 0.846 max: 37.3561448631595
Ep: 383 | Ep_r: 20.64 | t_so_far: {11083} | epsilon: 0.846 max: 37.3561448631595
Ep: 384 | Ep_r: 17.14 | t_so_far: {11087} | epsilon: 0.846 max: 37.3561448631595
Ep: 385 | Ep_r: 18.48 | t_so_far: {11118} | epsilon: 0.847 max: 37.3561448631595
Ep: 386 | Ep_r: 23.17 | t_so_far: {11168} | epsilon: 0.848 max: 37.3561448631595
Ep: 387 | Ep_r: 26.28 | t_so_far: {11218} | epsilon: 0.85 max: 37.3561448631595
Ep: 388 | Ep_r: 28.41 | t_so_far: {11268} | epsilon: 0.851 max: 37.3561448631595
Ep: 389 | Ep_r: 24.69 | t_so_far: {11279} | epsilon: 0.851 max: 37.3561448631595
Ep: 390 | Ep_r: 27.94 | t_so_far: {11329} | epsilon: 0.852 max: 37.3561448631595
Ep: 391 | Ep_r: 28.29 | t_so_far: {11365} | epsilon: 0.853 max: 37.3561448631595
Ep: 392 | Ep_r: 30.48 | t_so_far: {11415} | epsilon: 0.854 max: 37.3561448631595
Ep: 393 | Ep_r: 32.19 | t_so_far: {11465} | epsilon: 0.855 max: 37.3561448631595
Ep: 394 | Ep_r: 26.2 | t_so_far: {11468} | epsilon: 0.855 max: 37.3561448631595
Ep: 395 | Ep_r: 26.1 | t_so_far: {11499} | epsilon: 0.856 max: 37.3561448631595
Ep: 396 | Ep_r: 23.45 | t_so_far: {11515} | epsilon: 0.857 max: 37.3561448631595
Ep: 397 | Ep_r: 24.87 | t_so_far: {11554} | epsilon: 0.857 max: 37.3561448631595
Ep: 398 | Ep_r: 21.41 | t_so_far: {11564} | epsilon: 0.858 max: 37.3561448631595
Ep: 399 | Ep_r: 24.93 | t_so_far: {11614} | epsilon: 0.859 max: 37.3561448631595
Ep: 400 | Ep_r: 24.9 | t_so_far: {11646} | epsilon: 0.859 max: 37.3561448631595
Ep: 401 | Ep_r: 27.75 | t_so_far: {11696} | epsilon: 0.861 max: 37.3561448631595
Ep: 402 | Ep_r: 30.29 | t_so_far: {11746} | epsilon: 0.862 max: 37.3561448631595
Ep: 403 | Ep_r: 32.78 | t_so_far: {11796} | epsilon: 0.863 max: 37.3561448631595
Ep: 404 | Ep_r: 33.87 | t_so_far: {11846} | epsilon: 0.864 max: 37.3561448631595
Ep: 405 | Ep_r: 34.77 | t_so_far: {11896} | epsilon: 0.865 max: 37.3561448631595
Ep: 406 | Ep_r: 35.5 | t_so_far: {11946} | epsilon: 0.866 max: 37.3561448631595
Ep: 407 | Ep_r: 34.95 | t_so_far: {11988} | epsilon: 0.867 max: 37.3561448631595
Ep: 408 | Ep_r: 35.76 | t_so_far: {12038} | epsilon: 0.868 max: 37.3561448631595
Ep: 409 | Ep_r: 36.41 | t_so_far: {12088} | epsilon: 0.869 max: 37.3561448631595
Ep: 410 | Ep_r: 36.32 | t_so_far: {12134} | epsilon: 0.87 max: 37.3561448631595
Ep: 411 | Ep_r: 29.97 | t_so_far: {12140} | epsilon: 0.87 max: 37.3561448631595
Ep: 412 | Ep_r: 29.65 | t_so_far: {12176} | epsilon: 0.871 max: 37.3561448631595
Ep: 413 | Ep_r: 31.63 | t_so_far: {12226} | epsilon: 0.872 max: 37.3561448631595
Ep: 414 | Ep_r: 26.89 | t_so_far: {12235} | epsilon: 0.872 max: 37.3561448631595
Ep: 415 | Ep_r: 29.58 | t_so_far: {12285} | epsilon: 0.873 max: 37.3561448631595
Ep: 416 | Ep_r: 31.35 | t_so_far: {12335} | epsilon: 0.874 max: 37.3561448631595
Ep: 417 | Ep_r: 32.18 | t_so_far: {12379} | epsilon: 0.875 max: 37.3561448631595
Ep: 418 | Ep_r: 27.13 | t_so_far: {12388} | epsilon: 0.875 max: 37.3561448631595
Ep: 419 | Ep_r: 29.52 | t_so_far: {12438} | epsilon: 0.876 max: 37.3561448631595
Ep: 420 | Ep_r: 31.32 | t_so_far: {12488} | epsilon: 0.877 max: 37.3561448631595
Ep: 421 | Ep_r: 25.31 | t_so_far: {12490} | epsilon: 0.877 max: 37.3561448631595
Ep: 422 | Ep_r: 27.95 | t_so_far: {12540} | epsilon: 0.878 max: 37.3561448631595
Ep: 423 | Ep_r: 30.53 | t_so_far: {12590} | epsilon: 0.879 max: 37.3561448631595
Ep: 424 | Ep_r: 31.94 | t_so_far: {12640} | epsilon: 0.88 max: 37.3561448631595
Ep: 425 | Ep_r: 33.52 | t_so_far: {12690} | epsilon: 0.881 max: 37.3561448631595
Ep: 426 | Ep_r: 29.1 | t_so_far: {12704} | epsilon: 0.881 max: 37.3561448631595
Ep: 427 | Ep_r: 23.53 | t_so_far: {12706} | epsilon: 0.881 max: 37.3561448631595
Ep: 428 | Ep_r: 24.62 | t_so_far: {12742} | epsilon: 0.882 max: 37.3561448631595
Ep: 429 | Ep_r: 27.47 | t_so_far: {12792} | epsilon: 0.883 max: 37.3561448631595
Ep: 430 | Ep_r: 28.28 | t_so_far: {12833} | epsilon: 0.884 max: 37.3561448631595
Ep: 431 | Ep_r: 30.82 | t_so_far: {12883} | epsilon: 0.885 max: 37.3561448631595
Ep: 432 | Ep_r: 32.17 | t_so_far: {12933} | epsilon: 0.885 max: 37.3561448631595
Ep: 433 | Ep_r: 31.46 | t_so_far: {12968} | epsilon: 0.886 max: 37.3561448631595
Ep: 434 | Ep_r: 26.23 | t_so_far: {12975} | epsilon: 0.886 max: 37.3561448631595
Ep: 435 | Ep_r: 28.82 | t_so_far: {13025} | epsilon: 0.887 max: 37.3561448631595
Ep: 436 | Ep_r: 24.7 | t_so_far: {13036} | epsilon: 0.887 max: 37.3561448631595
Ep: 437 | Ep_r: 27.78 | t_so_far: {13086} | epsilon: 0.888 max: 37.3561448631595
Ep: 438 | Ep_r: 30.4 | t_so_far: {13136} | epsilon: 0.889 max: 37.3561448631595
Ep: 439 | Ep_r: 28.51 | t_so_far: {13164} | epsilon: 0.89 max: 37.3561448631595
Ep: 440 | Ep_r: 30.61 | t_so_far: {13214} | epsilon: 0.89 max: 37.3561448631595
Ep: 441 | Ep_r: 27.13 | t_so_far: {13231} | epsilon: 0.891 max: 37.3561448631595
Ep: 442 | Ep_r: 29.77 | t_so_far: {13281} | epsilon: 0.892 max: 37.3561448631595
Ep: 443 | Ep_r: 29.66 | t_so_far: {13317} | epsilon: 0.892 max: 37.3561448631595
Ep: 444 | Ep_r: 31.21 | t_so_far: {13367} | epsilon: 0.893 max: 37.3561448631595
Ep: 445 | Ep_r: 33.17 | t_so_far: {13417} | epsilon: 0.894 max: 37.3561448631595
Ep: 446 | Ep_r: 34.3 | t_so_far: {13467} | epsilon: 0.895 max: 37.3561448631595
Ep: 447 | Ep_r: 35.48 | t_so_far: {13517} | epsilon: 0.896 max: 37.3561448631595
Ep: 448 | Ep_r: 36.59 | t_so_far: {13567} | epsilon: 0.896 max: 37.3561448631595
Ep: 449 | Ep_r: 29.84 | t_so_far: {13571} | epsilon: 0.896 max: 37.3561448631595
Ep: 450 | Ep_r: 25.98 | t_so_far: {13584} | epsilon: 0.897 max: 37.3561448631595
Ep: 451 | Ep_r: 28.52 | t_so_far: {13634} | epsilon: 0.898 max: 37.3561448631595
Ep: 452 | Ep_r: 31.0 | t_so_far: {13684} | epsilon: 0.898 max: 37.3561448631595
Ep: 453 | Ep_r: 32.34 | t_so_far: {13734} | epsilon: 0.899 max: 37.3561448631595
Ep: 454 | Ep_r: 33.19 | t_so_far: {13777} | epsilon: 0.9 max: 37.3561448631595
Ep: 455 | Ep_r: 34.26 | t_so_far: {13827} | epsilon: 0.901 max: 37.3561448631595
Ep: 456 | Ep_r: 33.74 | t_so_far: {13866} | epsilon: 0.901 max: 37.3561448631595
Ep: 457 | Ep_r: 31.29 | t_so_far: {13891} | epsilon: 0.902 max: 37.3561448631595
Ep: 458 | Ep_r: 33.11 | t_so_far: {13941} | epsilon: 0.902 max: 37.3561448631595
Ep: 459 | Ep_r: 27.15 | t_so_far: {13945} | epsilon: 0.902 max: 37.3561448631595
Ep: 460 | Ep_r: 24.82 | t_so_far: {13965} | epsilon: 0.903 max: 37.3561448631595
Ep: 461 | Ep_r: 21.4 | t_so_far: {13975} | epsilon: 0.903 max: 37.3561448631595
Ep: 462 | Ep_r: 19.85 | t_so_far: {13993} | epsilon: 0.903 max: 37.3561448631595
Ep: 463 | Ep_r: 20.44 | t_so_far: {14022} | epsilon: 0.904 max: 37.3561448631595
Ep: 464 | Ep_r: 24.5 | t_so_far: {14072} | epsilon: 0.904 max: 37.3561448631595
Ep: 465 | Ep_r: 26.5 | t_so_far: {14114} | epsilon: 0.905 max: 37.3561448631595
Ep: 466 | Ep_r: 23.26 | t_so_far: {14125} | epsilon: 0.905 max: 37.3561448631595
Ep: 467 | Ep_r: 26.49 | t_so_far: {14175} | epsilon: 0.906 max: 37.3561448631595
Ep: 468 | Ep_r: 29.09 | t_so_far: {14225} | epsilon: 0.907 max: 37.3561448631595
Ep: 469 | Ep_r: 24.06 | t_so_far: {14230} | epsilon: 0.907 max: 37.3561448631595
Ep: 470 | Ep_r: 27.61 | t_so_far: {14280} | epsilon: 0.907 max: 37.3561448631595
Ep: 471 | Ep_r: 23.53 | t_so_far: {14289} | epsilon: 0.908 max: 37.3561448631595
Ep: 472 | Ep_r: 22.32 | t_so_far: {14308} | epsilon: 0.908 max: 37.3561448631595
Ep: 473 | Ep_r: 25.83 | t_so_far: {14358} | epsilon: 0.909 max: 37.3561448631595
Ep: 474 | Ep_r: 28.66 | t_so_far: {14408} | epsilon: 0.909 max: 37.3561448631595
Ep: 475 | Ep_r: 31.09 | t_so_far: {14458} | epsilon: 0.91 max: 37.3561448631595
Ep: 476 | Ep_r: 25.48 | t_so_far: {14462} | epsilon: 0.91 max: 37.3561448631595
Ep: 477 | Ep_r: 20.65 | t_so_far: {14464} | epsilon: 0.91 max: 37.3561448631595
Ep: 478 | Ep_r: 24.27 | t_so_far: {14514} | epsilon: 0.911 max: 37.3561448631595
Ep: 479 | Ep_r: 19.68 | t_so_far: {14516} | epsilon: 0.911 max: 37.3561448631595
Ep: 480 | Ep_r: 23.75 | t_so_far: {14566} | epsilon: 0.912 max: 37.3561448631595
Ep: 481 | Ep_r: 20.56 | t_so_far: {14575} | epsilon: 0.912 max: 37.3561448631595
Ep: 482 | Ep_r: 24.16 | t_so_far: {14625} | epsilon: 0.912 max: 37.3561448631595
Ep: 483 | Ep_r: 27.34 | t_so_far: {14675} | epsilon: 0.913 max: 37.3561448631595
Ep: 484 | Ep_r: 29.89 | t_so_far: {14725} | epsilon: 0.914 max: 37.3561448631595
Ep: 485 | Ep_r: 24.47 | t_so_far: {14729} | epsilon: 0.914 max: 37.3561448631595
Ep: 486 | Ep_r: 22.16 | t_so_far: {14745} | epsilon: 0.914 max: 37.3561448631595
Ep: 487 | Ep_r: 25.43 | t_so_far: {14795} | epsilon: 0.915 max: 37.3561448631595
Ep: 488 | Ep_r: 27.23 | t_so_far: {14841} | epsilon: 0.915 max: 37.3561448631595
Ep: 489 | Ep_r: 30.06 | t_so_far: {14891} | epsilon: 0.916 max: 37.3561448631595
Ep: 490 | Ep_r: 32.23 | t_so_far: {14941} | epsilon: 0.917 max: 37.3561448631595
Ep: 491 | Ep_r: 33.62 | t_so_far: {14991} | epsilon: 0.917 max: 37.3561448631595
Ep: 492 | Ep_r: 27.73 | t_so_far: {14996} | epsilon: 0.917 max: 37.3561448631595
Ep: 493 | Ep_r: 29.95 | t_so_far: {15046} | epsilon: 0.918 max: 37.3561448631595
Ep: 494 | Ep_r: 31.48 | t_so_far: {15096} | epsilon: 0.919 max: 37.3561448631595
Ep: 495 | Ep_r: 25.43 | t_so_far: {15098} | epsilon: 0.919 max: 37.3561448631595
Ep: 496 | Ep_r: 28.24 | t_so_far: {15148} | epsilon: 0.919 max: 37.3561448631595
Ep: 497 | Ep_r: 30.33 | t_so_far: {15198} | epsilon: 0.92 max: 37.3561448631595
Ep: 498 | Ep_r: 30.97 | t_so_far: {15241} | epsilon: 0.921 max: 37.3561448631595
Ep: 499 | Ep_r: 32.87 | t_so_far: {15291} | epsilon: 0.921 max: 37.3561448631595
Ep: 500 | Ep_r: 26.73 | t_so_far: {15294} | epsilon: 0.921 max: 37.3561448631595
Ep: 501 | Ep_r: 29.28 | t_so_far: {15344} | epsilon: 0.922 max: 37.3561448631595
Ep: 502 | Ep_r: 31.47 | t_so_far: {15394} | epsilon: 0.922 max: 37.3561448631595
Ep: 503 | Ep_r: 33.17 | t_so_far: {15444} | epsilon: 0.923 max: 37.3561448631595
Ep: 504 | Ep_r: 34.3 | t_so_far: {15494} | epsilon: 0.924 max: 37.3561448631595
Ep: 505 | Ep_r: 31.4 | t_so_far: {15520} | epsilon: 0.924 max: 37.3561448631595
Ep: 506 | Ep_r: 33.24 | t_so_far: {15570} | epsilon: 0.925 max: 37.3561448631595
Ep: 507 | Ep_r: 34.75 | t_so_far: {15620} | epsilon: 0.925 max: 37.3561448631595
Ep: 508 | Ep_r: 35.71 | t_so_far: {15670} | epsilon: 0.926 max: 37.3561448631595
Ep: 509 | Ep_r: 36.53 | t_so_far: {15720} | epsilon: 0.926 max: 37.3561448631595
Ep: 510 | Ep_r: 34.76 | t_so_far: {15756} | epsilon: 0.927 max: 37.3561448631595
Ep: 511 | Ep_r: 28.46 | t_so_far: {15760} | epsilon: 0.927 max: 37.3561448631595
Ep: 512 | Ep_r: 30.64 | t_so_far: {15810} | epsilon: 0.927 max: 37.3561448631595
Ep: 513 | Ep_r: 33.26 | t_so_far: {15860} | epsilon: 0.928 max: 37.3561448631595
Ep: 514 | Ep_r: 34.07 | t_so_far: {15910} | epsilon: 0.928 max: 37.3561448631595
Ep: 515 | Ep_r: 34.82 | t_so_far: {15960} | epsilon: 0.929 max: 37.3561448631595
Ep: 516 | Ep_r: 36.44 | t_so_far: {16010} | epsilon: 0.93 max: 37.3561448631595
Ep: 517 | Ep_r: 36.65 | t_so_far: {16060} | epsilon: 0.93 max: 37.3561448631595
Ep: 518 | Ep_r: 37.09 | t_so_far: {16110} | epsilon: 0.931 max: 37.3561448631595
Ep: 519 | Ep_r: 37.61 | t_so_far: {16160} | epsilon: 0.931 max: 37.61278343877613
Ep: 520 | Ep_r: 37.98 | t_so_far: {16210} | epsilon: 0.932 max: 37.97689341768756
Ep: 521 | Ep_r: 38.42 | t_so_far: {16260} | epsilon: 0.932 max: 38.42151473415006
Ep: 522 | Ep_r: 38.66 | t_so_far: {16310} | epsilon: 0.933 max: 38.65721178732005
Ep: 523 | Ep_r: 38.57 | t_so_far: {16360} | epsilon: 0.933 max: 38.65721178732005
Ep: 524 | Ep_r: 36.66 | t_so_far: {16395} | epsilon: 0.934 max: 38.65721178732005
Ep: 525 | Ep_r: 37.09 | t_so_far: {16445} | epsilon: 0.934 max: 38.65721178732005
Ep: 526 | Ep_r: 34.59 | t_so_far: {16476} | epsilon: 0.935 max: 38.65721178732005
Ep: 527 | Ep_r: 29.54 | t_so_far: {16488} | epsilon: 0.935 max: 38.65721178732005
Ep: 528 | Ep_r: 31.64 | t_so_far: {16538} | epsilon: 0.935 max: 38.65721178732005
Ep: 529 | Ep_r: 33.42 | t_so_far: {16588} | epsilon: 0.936 max: 38.65721178732005
Ep: 530 | Ep_r: 32.71 | t_so_far: {16626} | epsilon: 0.936 max: 38.65721178732005
Ep: 531 | Ep_r: 34.07 | t_so_far: {16676} | epsilon: 0.937 max: 38.65721178732005
Ep: 532 | Ep_r: 28.14 | t_so_far: {16682} | epsilon: 0.937 max: 38.65721178732005
Ep: 533 | Ep_r: 25.55 | t_so_far: {16701} | epsilon: 0.937 max: 38.65721178732005
Ep: 534 | Ep_r: 28.45 | t_so_far: {16751} | epsilon: 0.937 max: 38.65721178732005
Ep: 535 | Ep_r: 30.4 | t_so_far: {16801} | epsilon: 0.938 max: 38.65721178732005
Ep: 536 | Ep_r: 24.76 | t_so_far: {16804} | epsilon: 0.938 max: 38.65721178732005
Ep: 537 | Ep_r: 27.52 | t_so_far: {16854} | epsilon: 0.938 max: 38.65721178732005
Ep: 538 | Ep_r: 27.9 | t_so_far: {16890} | epsilon: 0.939 max: 38.65721178732005
Ep: 539 | Ep_r: 27.93 | t_so_far: {16925} | epsilon: 0.939 max: 38.65721178732005
Ep: 540 | Ep_r: 30.56 | t_so_far: {16975} | epsilon: 0.94 max: 38.65721178732005
Ep: 541 | Ep_r: 32.61 | t_so_far: {17025} | epsilon: 0.94 max: 38.65721178732005
Ep: 542 | Ep_r: 34.25 | t_so_far: {17075} | epsilon: 0.94 max: 38.65721178732005
Ep: 543 | Ep_r: 32.75 | t_so_far: {17109} | epsilon: 0.941 max: 38.65721178732005
Ep: 544 | Ep_r: 28.8 | t_so_far: {17125} | epsilon: 0.941 max: 38.65721178732005
Ep: 545 | Ep_r: 30.34 | t_so_far: {17175} | epsilon: 0.941 max: 38.65721178732005
Ep: 546 | Ep_r: 29.72 | t_so_far: {17210} | epsilon: 0.942 max: 38.65721178732005
Ep: 547 | Ep_r: 31.89 | t_so_far: {17260} | epsilon: 0.942 max: 38.65721178732005
Ep: 548 | Ep_r: 32.92 | t_so_far: {17310} | epsilon: 0.943 max: 38.65721178732005
Ep: 549 | Ep_r: 34.26 | t_so_far: {17360} | epsilon: 0.943 max: 38.65721178732005
Ep: 550 | Ep_r: 27.84 | t_so_far: {17363} | epsilon: 0.943 max: 38.65721178732005
Ep: 551 | Ep_r: 30.26 | t_so_far: {17413} | epsilon: 0.944 max: 38.65721178732005
Ep: 552 | Ep_r: 24.65 | t_so_far: {17416} | epsilon: 0.944 max: 38.65721178732005
Ep: 553 | Ep_r: 27.11 | t_so_far: {17466} | epsilon: 0.944 max: 38.65721178732005
Ep: 554 | Ep_r: 29.58 | t_so_far: {17516} | epsilon: 0.944 max: 38.65721178732005
Ep: 555 | Ep_r: 31.49 | t_so_far: {17566} | epsilon: 0.945 max: 38.65721178732005
Ep: 556 | Ep_r: 33.33 | t_so_far: {17616} | epsilon: 0.945 max: 38.65721178732005
Ep: 557 | Ep_r: 34.53 | t_so_far: {17666} | epsilon: 0.946 max: 38.65721178732005
Ep: 558 | Ep_r: 35.8 | t_so_far: {17716} | epsilon: 0.946 max: 38.65721178732005
Ep: 559 | Ep_r: 36.45 | t_so_far: {17766} | epsilon: 0.947 max: 38.65721178732005
Ep: 560 | Ep_r: 34.56 | t_so_far: {17799} | epsilon: 0.947 max: 38.65721178732005
Ep: 561 | Ep_r: 35.39 | t_so_far: {17848} | epsilon: 0.947 max: 38.65721178732005
Ep: 562 | Ep_r: 29.11 | t_so_far: {17853} | epsilon: 0.947 max: 38.65721178732005
Ep: 563 | Ep_r: 30.91 | t_so_far: {17903} | epsilon: 0.948 max: 38.65721178732005
Ep: 564 | Ep_r: 32.67 | t_so_far: {17953} | epsilon: 0.948 max: 38.65721178732005
Ep: 565 | Ep_r: 33.79 | t_so_far: {18003} | epsilon: 0.949 max: 38.65721178732005
Ep: 566 | Ep_r: 34.92 | t_so_far: {18053} | epsilon: 0.949 max: 38.65721178732005
Ep: 567 | Ep_r: 35.6 | t_so_far: {18103} | epsilon: 0.949 max: 38.65721178732005
Ep: 568 | Ep_r: 36.24 | t_so_far: {18153} | epsilon: 0.95 max: 38.65721178732005
Ep: 569 | Ep_r: 36.95 | t_so_far: {18203} | epsilon: 0.95 max: 38.65721178732005
Ep: 570 | Ep_r: 37.57 | t_so_far: {18253} | epsilon: 0.951 max: 38.65721178732005
Ep: 571 | Ep_r: 37.72 | t_so_far: {18303} | epsilon: 0.951 max: 38.65721178732005
Ep: 572 | Ep_r: 37.83 | t_so_far: {18353} | epsilon: 0.951 max: 38.65721178732005
Ep: 573 | Ep_r: 38.14 | t_so_far: {18403} | epsilon: 0.952 max: 38.65721178732005
Ep: 574 | Ep_r: 38.63 | t_so_far: {18453} | epsilon: 0.952 max: 38.65721178732005
Ep: 575 | Ep_r: 38.42 | t_so_far: {18503} | epsilon: 0.952 max: 38.65721178732005
Ep: 576 | Ep_r: 38.14 | t_so_far: {18553} | epsilon: 0.953 max: 38.65721178732005
Ep: 577 | Ep_r: 31.48 | t_so_far: {18559} | epsilon: 0.953 max: 38.65721178732005
Ep: 578 | Ep_r: 33.06 | t_so_far: {18609} | epsilon: 0.953 max: 38.65721178732005
Ep: 579 | Ep_r: 34.17 | t_so_far: {18659} | epsilon: 0.954 max: 38.65721178732005
Ep: 580 | Ep_r: 34.92 | t_so_far: {18709} | epsilon: 0.954 max: 38.65721178732005
Ep: 581 | Ep_r: 35.73 | t_so_far: {18759} | epsilon: 0.954 max: 38.65721178732005
Ep: 582 | Ep_r: 36.58 | t_so_far: {18809} | epsilon: 0.955 max: 38.65721178732005
Ep: 583 | Ep_r: 36.88 | t_so_far: {18859} | epsilon: 0.955 max: 38.65721178732005
Ep: 584 | Ep_r: 36.8 | t_so_far: {18909} | epsilon: 0.955 max: 38.65721178732005
Ep: 585 | Ep_r: 37.36 | t_so_far: {18959} | epsilon: 0.956 max: 38.65721178732005
Ep: 586 | Ep_r: 37.74 | t_so_far: {19009} | epsilon: 0.956 max: 38.65721178732005
Ep: 587 | Ep_r: 37.97 | t_so_far: {19059} | epsilon: 0.956 max: 38.65721178732005
Ep: 588 | Ep_r: 37.97 | t_so_far: {19109} | epsilon: 0.957 max: 38.65721178732005
Ep: 589 | Ep_r: 38.39 | t_so_far: {19159} | epsilon: 0.957 max: 38.65721178732005
Ep: 590 | Ep_r: 38.32 | t_so_far: {19209} | epsilon: 0.957 max: 38.65721178732005
Ep: 591 | Ep_r: 38.2 | t_so_far: {19259} | epsilon: 0.958 max: 38.65721178732005
Ep: 592 | Ep_r: 32.83 | t_so_far: {19274} | epsilon: 0.958 max: 38.65721178732005
Ep: 593 | Ep_r: 34.25 | t_so_far: {19324} | epsilon: 0.958 max: 38.65721178732005
Ep: 594 | Ep_r: 27.77 | t_so_far: {19327} | epsilon: 0.958 max: 38.65721178732005
Ep: 595 | Ep_r: 29.97 | t_so_far: {19377} | epsilon: 0.959 max: 38.65721178732005
Ep: 596 | Ep_r: 27.57 | t_so_far: {19401} | epsilon: 0.959 max: 38.65721178732005
Ep: 597 | Ep_r: 29.98 | t_so_far: {19451} | epsilon: 0.959 max: 38.65721178732005
Ep: 598 | Ep_r: 31.87 | t_so_far: {19501} | epsilon: 0.959 max: 38.65721178732005
Ep: 599 | Ep_r: 33.48 | t_so_far: {19551} | epsilon: 0.96 max: 38.65721178732005
Ep: 600 | Ep_r: 29.17 | t_so_far: {19565} | epsilon: 0.96 max: 38.65721178732005
Ep: 601 | Ep_r: 29.76 | t_so_far: {19608} | epsilon: 0.96 max: 38.65721178732005
Ep: 602 | Ep_r: 25.36 | t_so_far: {19618} | epsilon: 0.96 max: 38.65721178732005
Ep: 603 | Ep_r: 28.56 | t_so_far: {19668} | epsilon: 0.96 max: 38.65721178732005
Ep: 604 | Ep_r: 29.52 | t_so_far: {19712} | epsilon: 0.961 max: 38.65721178732005
Ep: 605 | Ep_r: 31.52 | t_so_far: {19762} | epsilon: 0.961 max: 38.65721178732005
Ep: 606 | Ep_r: 32.77 | t_so_far: {19812} | epsilon: 0.961 max: 38.65721178732005
Ep: 607 | Ep_r: 34.03 | t_so_far: {19862} | epsilon: 0.962 max: 38.65721178732005
Ep: 608 | Ep_r: 34.7 | t_so_far: {19912} | epsilon: 0.962 max: 38.65721178732005
Ep: 609 | Ep_r: 29.05 | t_so_far: {19920} | epsilon: 0.962 max: 38.65721178732005
Ep: 610 | Ep_r: 27.02 | t_so_far: {19944} | epsilon: 0.962 max: 38.65721178732005
Ep: 611 | Ep_r: 29.87 | t_so_far: {19994} | epsilon: 0.962 max: 38.65721178732005
Ep: 612 | Ep_r: 31.77 | t_so_far: {20044} | epsilon: 0.963 max: 38.65721178732005
Ep: 613 | Ep_r: 33.21 | t_so_far: {20094} | epsilon: 0.963 max: 38.65721178732005
Ep: 614 | Ep_r: 34.26 | t_so_far: {20144} | epsilon: 0.963 max: 38.65721178732005
Ep: 615 | Ep_r: 35.36 | t_so_far: {20194} | epsilon: 0.963 max: 38.65721178732005
Ep: 616 | Ep_r: 30.03 | t_so_far: {20205} | epsilon: 0.964 max: 38.65721178732005
Ep: 617 | Ep_r: 26.46 | t_so_far: {20220} | epsilon: 0.964 max: 38.65721178732005
Ep: 618 | Ep_r: 29.34 | t_so_far: {20270} | epsilon: 0.964 max: 38.65721178732005
Ep: 619 | Ep_r: 26.19 | t_so_far: {20286} | epsilon: 0.964 max: 38.65721178732005
Ep: 620 | Ep_r: 29.24 | t_so_far: {20336} | epsilon: 0.964 max: 38.65721178732005
Ep: 621 | Ep_r: 31.3 | t_so_far: {20386} | epsilon: 0.965 max: 38.65721178732005
Ep: 622 | Ep_r: 32.59 | t_so_far: {20436} | epsilon: 0.965 max: 38.65721178732005
Ep: 623 | Ep_r: 28.21 | t_so_far: {20449} | epsilon: 0.965 max: 38.65721178732005
Ep: 624 | Ep_r: 25.89 | t_so_far: {20469} | epsilon: 0.965 max: 38.65721178732005
Ep: 625 | Ep_r: 28.65 | t_so_far: {20519} | epsilon: 0.965 max: 38.65721178732005
Ep: 626 | Ep_r: 30.33 | t_so_far: {20569} | epsilon: 0.966 max: 38.65721178732005
Ep: 627 | Ep_r: 31.79 | t_so_far: {20619} | epsilon: 0.966 max: 38.65721178732005
Ep: 628 | Ep_r: 33.17 | t_so_far: {20669} | epsilon: 0.966 max: 38.65721178732005
Ep: 629 | Ep_r: 34.51 | t_so_far: {20719} | epsilon: 0.966 max: 38.65721178732005
Ep: 630 | Ep_r: 35.27 | t_so_far: {20769} | epsilon: 0.967 max: 38.65721178732005
Ep: 631 | Ep_r: 32.23 | t_so_far: {20794} | epsilon: 0.967 max: 38.65721178732005
Ep: 632 | Ep_r: 34.03 | t_so_far: {20844} | epsilon: 0.967 max: 38.65721178732005
Ep: 633 | Ep_r: 35.07 | t_so_far: {20894} | epsilon: 0.967 max: 38.65721178732005
Ep: 634 | Ep_r: 28.5 | t_so_far: {20897} | epsilon: 0.967 max: 38.65721178732005
Ep: 635 | Ep_r: 26.37 | t_so_far: {20921} | epsilon: 0.967 max: 38.65721178732005
Ep: 636 | Ep_r: 23.64 | t_so_far: {20937} | epsilon: 0.967 max: 38.65721178732005
Ep: 637 | Ep_r: 26.42 | t_so_far: {20987} | epsilon: 0.968 max: 38.65721178732005
Ep: 638 | Ep_r: 28.74 | t_so_far: {21037} | epsilon: 0.968 max: 38.65721178732005
Ep: 639 | Ep_r: 31.05 | t_so_far: {21087} | epsilon: 0.968 max: 38.65721178732005
Ep: 640 | Ep_r: 32.5 | t_so_far: {21137} | epsilon: 0.968 max: 38.65721178732005
Ep: 641 | Ep_r: 33.74 | t_so_far: {21187} | epsilon: 0.969 max: 38.65721178732005
Ep: 642 | Ep_r: 34.91 | t_so_far: {21237} | epsilon: 0.969 max: 38.65721178732005
Ep: 643 | Ep_r: 36.35 | t_so_far: {21287} | epsilon: 0.969 max: 38.65721178732005
Ep: 644 | Ep_r: 36.7 | t_so_far: {21337} | epsilon: 0.969 max: 38.65721178732005
Ep: 645 | Ep_r: 37.18 | t_so_far: {21387} | epsilon: 0.97 max: 38.65721178732005
Ep: 646 | Ep_r: 37.51 | t_so_far: {21437} | epsilon: 0.97 max: 38.65721178732005
Ep: 647 | Ep_r: 31.66 | t_so_far: {21447} | epsilon: 0.97 max: 38.65721178732005
Ep: 648 | Ep_r: 29.89 | t_so_far: {21475} | epsilon: 0.97 max: 38.65721178732005
Ep: 649 | Ep_r: 31.77 | t_so_far: {21525} | epsilon: 0.97 max: 38.65721178732005
Ep: 650 | Ep_r: 33.32 | t_so_far: {21575} | epsilon: 0.971 max: 38.65721178732005
Ep: 651 | Ep_r: 34.64 | t_so_far: {21625} | epsilon: 0.971 max: 38.65721178732005
Ep: 652 | Ep_r: 34.51 | t_so_far: {21669} | epsilon: 0.971 max: 38.65721178732005
Ep: 653 | Ep_r: 35.74 | t_so_far: {21719} | epsilon: 0.971 max: 38.65721178732005
Ep: 654 | Ep_r: 34.63 | t_so_far: {21758} | epsilon: 0.971 max: 38.65721178732005
Ep: 655 | Ep_r: 35.81 | t_so_far: {21808} | epsilon: 0.972 max: 38.65721178732005
Ep: 656 | Ep_r: 36.28 | t_so_far: {21858} | epsilon: 0.972 max: 38.65721178732005
Ep: 657 | Ep_r: 36.83 | t_so_far: {21908} | epsilon: 0.972 max: 38.65721178732005
Ep: 658 | Ep_r: 37.47 | t_so_far: {21958} | epsilon: 0.972 max: 38.65721178732005
Ep: 659 | Ep_r: 37.97 | t_so_far: {22008} | epsilon: 0.972 max: 38.65721178732005
Ep: 660 | Ep_r: 38.78 | t_so_far: {22058} | epsilon: 0.973 max: 38.77979200834447
Ep: 661 | Ep_r: 31.58 | t_so_far: {22062} | epsilon: 0.973 max: 38.77979200834447
Ep: 662 | Ep_r: 33.21 | t_so_far: {22112} | epsilon: 0.973 max: 38.77979200834447
Ep: 663 | Ep_r: 34.63 | t_so_far: {22162} | epsilon: 0.973 max: 38.77979200834447
Ep: 664 | Ep_r: 35.57 | t_so_far: {22212} | epsilon: 0.973 max: 38.77979200834447
Ep: 665 | Ep_r: 30.2 | t_so_far: {22223} | epsilon: 0.973 max: 38.77979200834447
Ep: 666 | Ep_r: 32.42 | t_so_far: {22273} | epsilon: 0.974 max: 38.77979200834447
Ep: 667 | Ep_r: 27.45 | t_so_far: {22282} | epsilon: 0.974 max: 38.77979200834447
Ep: 668 | Ep_r: 30.04 | t_so_far: {22332} | epsilon: 0.974 max: 38.77979200834447
Ep: 669 | Ep_r: 32.24 | t_so_far: {22382} | epsilon: 0.974 max: 38.77979200834447
Ep: 670 | Ep_r: 34.48 | t_so_far: {22432} | epsilon: 0.974 max: 38.77979200834447
Ep: 671 | Ep_r: 35.69 | t_so_far: {22482} | epsilon: 0.974 max: 38.77979200834447
Ep: 672 | Ep_r: 36.8 | t_so_far: {22532} | epsilon: 0.975 max: 38.77979200834447
Ep: 673 | Ep_r: 37.81 | t_so_far: {22582} | epsilon: 0.975 max: 38.77979200834447
Ep: 674 | Ep_r: 38.58 | t_so_far: {22632} | epsilon: 0.975 max: 38.77979200834447
Ep: 675 | Ep_r: 35.78 | t_so_far: {22664} | epsilon: 0.975 max: 38.77979200834447
Ep: 676 | Ep_r: 36.94 | t_so_far: {22714} | epsilon: 0.975 max: 38.77979200834447
Ep: 677 | Ep_r: 37.75 | t_so_far: {22764} | epsilon: 0.975 max: 38.77979200834447
Ep: 678 | Ep_r: 38.08 | t_so_far: {22814} | epsilon: 0.976 max: 38.77979200834447
Ep: 679 | Ep_r: 34.17 | t_so_far: {22838} | epsilon: 0.976 max: 38.77979200834447
Ep: 680 | Ep_r: 35.1 | t_so_far: {22888} | epsilon: 0.976 max: 38.77979200834447
Ep: 681 | Ep_r: 36.22 | t_so_far: {22938} | epsilon: 0.976 max: 38.77979200834447
Ep: 682 | Ep_r: 36.73 | t_so_far: {22988} | epsilon: 0.976 max: 38.77979200834447
Ep: 683 | Ep_r: 37.56 | t_so_far: {23038} | epsilon: 0.976 max: 38.77979200834447
Ep: 684 | Ep_r: 37.55 | t_so_far: {23087} | epsilon: 0.977 max: 38.77979200834447
Ep: 685 | Ep_r: 38.17 | t_so_far: {23136} | epsilon: 0.977 max: 38.77979200834447
Ep: 686 | Ep_r: 38.26 | t_so_far: {23186} | epsilon: 0.977 max: 38.77979200834447
Ep: 687 | Ep_r: 38.69 | t_so_far: {23236} | epsilon: 0.977 max: 38.77979200834447
Ep: 688 | Ep_r: 38.87 | t_so_far: {23286} | epsilon: 0.977 max: 38.86548775386689
Ep: 689 | Ep_r: 39.27 | t_so_far: {23336} | epsilon: 0.978 max: 39.272390203093515
Ep: 690 | Ep_r: 39.11 | t_so_far: {23386} | epsilon: 0.978 max: 39.272390203093515
Ep: 691 | Ep_r: 39.76 | t_so_far: {23436} | epsilon: 0.978 max: 39.75566306331318
Ep: 692 | Ep_r: 39.48 | t_so_far: {23486} | epsilon: 0.978 max: 39.75566306331318
Ep: 693 | Ep_r: 39.72 | t_so_far: {23536} | epsilon: 0.978 max: 39.75566306331318
Ep: 694 | Ep_r: 39.69 | t_so_far: {23586} | epsilon: 0.978 max: 39.75566306331318
Ep: 695 | Ep_r: 32.85 | t_so_far: {23593} | epsilon: 0.978 max: 39.75566306331318
Ep: 696 | Ep_r: 34.07 | t_so_far: {23643} | epsilon: 0.979 max: 39.75566306331318
Ep: 697 | Ep_r: 30.27 | t_so_far: {23662} | epsilon: 0.979 max: 39.75566306331318
Ep: 698 | Ep_r: 32.18 | t_so_far: {23712} | epsilon: 0.979 max: 39.75566306331318
Ep: 699 | Ep_r: 33.35 | t_so_far: {23762} | epsilon: 0.979 max: 39.75566306331318
Ep: 700 | Ep_r: 34.49 | t_so_far: {23812} | epsilon: 0.979 max: 39.75566306331318
Ep: 701 | Ep_r: 35.35 | t_so_far: {23862} | epsilon: 0.979 max: 39.75566306331318
Ep: 702 | Ep_r: 36.11 | t_so_far: {23912} | epsilon: 0.979 max: 39.75566306331318
Ep: 703 | Ep_r: 36.39 | t_so_far: {23962} | epsilon: 0.98 max: 39.75566306331318
Ep: 704 | Ep_r: 37.04 | t_so_far: {24012} | epsilon: 0.98 max: 39.75566306331318
Ep: 705 | Ep_r: 30.54 | t_so_far: {24018} | epsilon: 0.98 max: 39.75566306331318
Ep: 706 | Ep_r: 32.37 | t_so_far: {24068} | epsilon: 0.98 max: 39.75566306331318
Ep: 707 | Ep_r: 34.0 | t_so_far: {24118} | epsilon: 0.98 max: 39.75566306331318
Ep: 708 | Ep_r: 35.05 | t_so_far: {24168} | epsilon: 0.98 max: 39.75566306331318
Ep: 709 | Ep_r: 35.86 | t_so_far: {24218} | epsilon: 0.98 max: 39.75566306331318
Ep: 710 | Ep_r: 36.39 | t_so_far: {24268} | epsilon: 0.98 max: 39.75566306331318
Ep: 711 | Ep_r: 36.73 | t_so_far: {24318} | epsilon: 0.981 max: 39.75566306331318
Ep: 712 | Ep_r: 36.23 | t_so_far: {24360} | epsilon: 0.981 max: 39.75566306331318
Ep: 713 | Ep_r: 36.82 | t_so_far: {24410} | epsilon: 0.981 max: 39.75566306331318
Ep: 714 | Ep_r: 37.31 | t_so_far: {24460} | epsilon: 0.981 max: 39.75566306331318
Ep: 715 | Ep_r: 37.82 | t_so_far: {24509} | epsilon: 0.981 max: 39.75566306331318
Ep: 716 | Ep_r: 37.99 | t_so_far: {24559} | epsilon: 0.981 max: 39.75566306331318
Ep: 717 | Ep_r: 37.97 | t_so_far: {24606} | epsilon: 0.981 max: 39.75566306331318
Ep: 718 | Ep_r: 35.88 | t_so_far: {24643} | epsilon: 0.982 max: 39.75566306331318
Ep: 719 | Ep_r: 36.6 | t_so_far: {24693} | epsilon: 0.982 max: 39.75566306331318
Ep: 720 | Ep_r: 36.79 | t_so_far: {24739} | epsilon: 0.982 max: 39.75566306331318
Ep: 721 | Ep_r: 37.43 | t_so_far: {24789} | epsilon: 0.982 max: 39.75566306331318
Ep: 722 | Ep_r: 33.57 | t_so_far: {24812} | epsilon: 0.982 max: 39.75566306331318
Ep: 723 | Ep_r: 34.45 | t_so_far: {24862} | epsilon: 0.982 max: 39.75566306331318
Ep: 724 | Ep_r: 35.73 | t_so_far: {24912} | epsilon: 0.982 max: 39.75566306331318
Ep: 725 | Ep_r: 30.94 | t_so_far: {24928} | epsilon: 0.982 max: 39.75566306331318
Ep: 726 | Ep_r: 32.42 | t_so_far: {24978} | epsilon: 0.982 max: 39.75566306331318
Ep: 727 | Ep_r: 34.06 | t_so_far: {25028} | epsilon: 0.983 max: 39.75566306331318
Ep: 728 | Ep_r: 35.66 | t_so_far: {25078} | epsilon: 0.983 max: 39.75566306331318
Ep: 729 | Ep_r: 36.46 | t_so_far: {25128} | epsilon: 0.983 max: 39.75566306331318
Ep: 730 | Ep_r: 37.28 | t_so_far: {25178} | epsilon: 0.983 max: 39.75566306331318
Ep: 731 | Ep_r: 38.1 | t_so_far: {25228} | epsilon: 0.983 max: 39.75566306331318
Ep: 732 | Ep_r: 38.49 | t_so_far: {25278} | epsilon: 0.983 max: 39.75566306331318
Ep: 733 | Ep_r: 31.4 | t_so_far: {25282} | epsilon: 0.983 max: 39.75566306331318
Ep: 734 | Ep_r: 33.34 | t_so_far: {25332} | epsilon: 0.983 max: 39.75566306331318
Ep: 735 | Ep_r: 34.34 | t_so_far: {25382} | epsilon: 0.984 max: 39.75566306331318
Ep: 736 | Ep_r: 31.36 | t_so_far: {25406} | epsilon: 0.984 max: 39.75566306331318
Ep: 737 | Ep_r: 27.54 | t_so_far: {25421} | epsilon: 0.984 max: 39.75566306331318
Ep: 738 | Ep_r: 24.03 | t_so_far: {25433} | epsilon: 0.984 max: 39.75566306331318
Ep: 739 | Ep_r: 27.29 | t_so_far: {25483} | epsilon: 0.984 max: 39.75566306331318
Ep: 740 | Ep_r: 29.95 | t_so_far: {25533} | epsilon: 0.984 max: 39.75566306331318
Ep: 741 | Ep_r: 32.14 | t_so_far: {25583} | epsilon: 0.984 max: 39.75566306331318
Ep: 742 | Ep_r: 30.79 | t_so_far: {25614} | epsilon: 0.984 max: 39.75566306331318
Ep: 743 | Ep_r: 32.64 | t_so_far: {25664} | epsilon: 0.984 max: 39.75566306331318
Ep: 744 | Ep_r: 33.88 | t_so_far: {25713} | epsilon: 0.984 max: 39.75566306331318
Ep: 745 | Ep_r: 35.32 | t_so_far: {25763} | epsilon: 0.984 max: 39.75566306331318
Ep: 746 | Ep_r: 34.23 | t_so_far: {25801} | epsilon: 0.985 max: 39.75566306331318
Ep: 747 | Ep_r: 35.31 | t_so_far: {25851} | epsilon: 0.985 max: 39.75566306331318
Ep: 748 | Ep_r: 36.23 | t_so_far: {25901} | epsilon: 0.985 max: 39.75566306331318
Ep: 749 | Ep_r: 29.23 | t_so_far: {25903} | epsilon: 0.985 max: 39.75566306331318
Ep: 750 | Ep_r: 31.1 | t_so_far: {25953} | epsilon: 0.985 max: 39.75566306331318
Ep: 751 | Ep_r: 32.64 | t_so_far: {26003} | epsilon: 0.985 max: 39.75566306331318
Ep: 752 | Ep_r: 33.93 | t_so_far: {26050} | epsilon: 0.985 max: 39.75566306331318
Ep: 753 | Ep_r: 35.05 | t_so_far: {26100} | epsilon: 0.985 max: 39.75566306331318
Ep: 754 | Ep_r: 35.94 | t_so_far: {26150} | epsilon: 0.985 max: 39.75566306331318
Ep: 755 | Ep_r: 36.61 | t_so_far: {26200} | epsilon: 0.985 max: 39.75566306331318
Ep: 756 | Ep_r: 37.59 | t_so_far: {26250} | epsilon: 0.986 max: 39.75566306331318
Ep: 757 | Ep_r: 38.0 | t_so_far: {26300} | epsilon: 0.986 max: 39.75566306331318
Ep: 758 | Ep_r: 36.69 | t_so_far: {26342} | epsilon: 0.986 max: 39.75566306331318
Ep: 759 | Ep_r: 36.97 | t_so_far: {26392} | epsilon: 0.986 max: 39.75566306331318
Ep: 760 | Ep_r: 37.05 | t_so_far: {26438} | epsilon: 0.986 max: 39.75566306331318
Ep: 761 | Ep_r: 37.55 | t_so_far: {26488} | epsilon: 0.986 max: 39.75566306331318
Ep: 762 | Ep_r: 37.75 | t_so_far: {26537} | epsilon: 0.986 max: 39.75566306331318
Ep: 763 | Ep_r: 32.4 | t_so_far: {26552} | epsilon: 0.986 max: 39.75566306331318
Ep: 764 | Ep_r: 33.74 | t_so_far: {26602} | epsilon: 0.986 max: 39.75566306331318
Ep: 765 | Ep_r: 28.38 | t_so_far: {26611} | epsilon: 0.986 max: 39.75566306331318
Ep: 766 | Ep_r: 23.47 | t_so_far: {26616} | epsilon: 0.986 max: 39.75566306331318
Ep: 767 | Ep_r: 26.92 | t_so_far: {26666} | epsilon: 0.986 max: 39.75566306331318
Ep: 768 | Ep_r: 29.57 | t_so_far: {26716} | epsilon: 0.986 max: 39.75566306331318
Ep: 769 | Ep_r: 31.69 | t_so_far: {26766} | epsilon: 0.987 max: 39.75566306331318
Ep: 770 | Ep_r: 27.31 | t_so_far: {26778} | epsilon: 0.987 max: 39.75566306331318
Ep: 771 | Ep_r: 29.78 | t_so_far: {26828} | epsilon: 0.987 max: 39.75566306331318
Ep: 772 | Ep_r: 31.91 | t_so_far: {26878} | epsilon: 0.987 max: 39.75566306331318
Ep: 773 | Ep_r: 32.33 | t_so_far: {26920} | epsilon: 0.987 max: 39.75566306331318
Ep: 774 | Ep_r: 31.82 | t_so_far: {26959} | epsilon: 0.987 max: 39.75566306331318
Ep: 775 | Ep_r: 33.58 | t_so_far: {27009} | epsilon: 0.987 max: 39.75566306331318
Ep: 776 | Ep_r: 34.73 | t_so_far: {27059} | epsilon: 0.987 max: 39.75566306331318
Ep: 777 | Ep_r: 35.39 | t_so_far: {27109} | epsilon: 0.987 max: 39.75566306331318
Ep: 778 | Ep_r: 35.85 | t_so_far: {27159} | epsilon: 0.987 max: 39.75566306331318
Ep: 779 | Ep_r: 36.58 | t_so_far: {27209} | epsilon: 0.987 max: 39.75566306331318
Ep: 780 | Ep_r: 37.03 | t_so_far: {27259} | epsilon: 0.988 max: 39.75566306331318
Ep: 781 | Ep_r: 37.69 | t_so_far: {27309} | epsilon: 0.988 max: 39.75566306331318
Ep: 782 | Ep_r: 37.91 | t_so_far: {27359} | epsilon: 0.988 max: 39.75566306331318
Ep: 783 | Ep_r: 37.36 | t_so_far: {27405} | epsilon: 0.988 max: 39.75566306331318
Ep: 784 | Ep_r: 37.81 | t_so_far: {27455} | epsilon: 0.988 max: 39.75566306331318
Ep: 785 | Ep_r: 38.67 | t_so_far: {27505} | epsilon: 0.988 max: 39.75566306331318
Ep: 786 | Ep_r: 36.88 | t_so_far: {27544} | epsilon: 0.988 max: 39.75566306331318
Ep: 787 | Ep_r: 35.17 | t_so_far: {27582} | epsilon: 0.988 max: 39.75566306331318
Ep: 788 | Ep_r: 36.24 | t_so_far: {27632} | epsilon: 0.988 max: 39.75566306331318
Ep: 789 | Ep_r: 29.45 | t_so_far: {27635} | epsilon: 0.988 max: 39.75566306331318
Ep: 790 | Ep_r: 31.37 | t_so_far: {27685} | epsilon: 0.988 max: 39.75566306331318
Ep: 791 | Ep_r: 32.64 | t_so_far: {27735} | epsilon: 0.988 max: 39.75566306331318
Ep: 792 | Ep_r: 33.56 | t_so_far: {27785} | epsilon: 0.988 max: 39.75566306331318
Ep: 793 | Ep_r: 34.4 | t_so_far: {27835} | epsilon: 0.989 max: 39.75566306331318
Ep: 794 | Ep_r: 35.78 | t_so_far: {27885} | epsilon: 0.989 max: 39.75566306331318
Ep: 795 | Ep_r: 36.07 | t_so_far: {27935} | epsilon: 0.989 max: 39.75566306331318
Ep: 796 | Ep_r: 36.81 | t_so_far: {27985} | epsilon: 0.989 max: 39.75566306331318
Ep: 797 | Ep_r: 37.38 | t_so_far: {28035} | epsilon: 0.989 max: 39.75566306331318
Ep: 798 | Ep_r: 32.45 | t_so_far: {28051} | epsilon: 0.989 max: 39.75566306331318
Ep: 799 | Ep_r: 33.73 | t_so_far: {28101} | epsilon: 0.989 max: 39.75566306331318
Ep: 800 | Ep_r: 34.87 | t_so_far: {28151} | epsilon: 0.989 max: 39.75566306331318
Ep: 801 | Ep_r: 28.66 | t_so_far: {28156} | epsilon: 0.989 max: 39.75566306331318
Ep: 802 | Ep_r: 30.55 | t_so_far: {28206} | epsilon: 0.989 max: 39.75566306331318
Ep: 803 | Ep_r: 32.28 | t_so_far: {28256} | epsilon: 0.989 max: 39.75566306331318
Ep: 804 | Ep_r: 26.26 | t_so_far: {28259} | epsilon: 0.989 max: 39.75566306331318
Ep: 805 | Ep_r: 28.86 | t_so_far: {28309} | epsilon: 0.989 max: 39.75566306331318
Ep: 806 | Ep_r: 31.1 | t_so_far: {28359} | epsilon: 0.989 max: 39.75566306331318
Ep: 807 | Ep_r: 32.99 | t_so_far: {28409} | epsilon: 0.989 max: 39.75566306331318
Ep: 808 | Ep_r: 34.6 | t_so_far: {28459} | epsilon: 0.99 max: 39.75566306331318
Ep: 809 | Ep_r: 35.67 | t_so_far: {28509} | epsilon: 0.99 max: 39.75566306331318
Ep: 810 | Ep_r: 33.96 | t_so_far: {28540} | epsilon: 0.99 max: 39.75566306331318
Ep: 811 | Ep_r: 34.78 | t_so_far: {28590} | epsilon: 0.99 max: 39.75566306331318
Ep: 812 | Ep_r: 35.94 | t_so_far: {28640} | epsilon: 0.99 max: 39.75566306331318
Ep: 813 | Ep_r: 36.35 | t_so_far: {28690} | epsilon: 0.99 max: 39.75566306331318
Ep: 814 | Ep_r: 37.33 | t_so_far: {28740} | epsilon: 0.99 max: 39.75566306331318
Ep: 815 | Ep_r: 37.22 | t_so_far: {28790} | epsilon: 0.99 max: 39.75566306331318
Ep: 816 | Ep_r: 37.73 | t_so_far: {28840} | epsilon: 0.99 max: 39.75566306331318
Ep: 817 | Ep_r: 36.0 | t_so_far: {28879} | epsilon: 0.99 max: 39.75566306331318
Ep: 818 | Ep_r: 36.47 | t_so_far: {28929} | epsilon: 0.99 max: 39.75566306331318
Ep: 819 | Ep_r: 37.03 | t_so_far: {28979} | epsilon: 0.99 max: 39.75566306331318
Ep: 820 | Ep_r: 37.7 | t_so_far: {29029} | epsilon: 0.99 max: 39.75566306331318
Ep: 821 | Ep_r: 32.81 | t_so_far: {29046} | epsilon: 0.99 max: 39.75566306331318
Ep: 822 | Ep_r: 33.79 | t_so_far: {29096} | epsilon: 0.99 max: 39.75566306331318
Ep: 823 | Ep_r: 32.48 | t_so_far: {29130} | epsilon: 0.99 max: 39.75566306331318
Ep: 824 | Ep_r: 33.68 | t_so_far: {29180} | epsilon: 0.991 max: 39.75566306331318
Ep: 825 | Ep_r: 34.6 | t_so_far: {29230} | epsilon: 0.991 max: 39.75566306331318
Ep: 826 | Ep_r: 34.17 | t_so_far: {29275} | epsilon: 0.991 max: 39.75566306331318
Ep: 827 | Ep_r: 35.03 | t_so_far: {29325} | epsilon: 0.991 max: 39.75566306331318
Ep: 828 | Ep_r: 36.32 | t_so_far: {29375} | epsilon: 0.991 max: 39.75566306331318
Ep: 829 | Ep_r: 36.75 | t_so_far: {29425} | epsilon: 0.991 max: 39.75566306331318
Ep: 830 | Ep_r: 37.7 | t_so_far: {29475} | epsilon: 0.991 max: 39.75566306331318
Ep: 831 | Ep_r: 38.17 | t_so_far: {29525} | epsilon: 0.991 max: 39.75566306331318
Ep: 832 | Ep_r: 32.28 | t_so_far: {29537} | epsilon: 0.991 max: 39.75566306331318
Ep: 833 | Ep_r: 27.15 | t_so_far: {29546} | epsilon: 0.991 max: 39.75566306331318
Ep: 834 | Ep_r: 29.72 | t_so_far: {29596} | epsilon: 0.991 max: 39.75566306331318
Ep: 835 | Ep_r: 32.09 | t_so_far: {29646} | epsilon: 0.991 max: 39.75566306331318
Ep: 836 | Ep_r: 29.11 | t_so_far: {29667} | epsilon: 0.991 max: 39.75566306331318
Ep: 837 | Ep_r: 31.55 | t_so_far: {29717} | epsilon: 0.991 max: 39.75566306331318
Ep: 838 | Ep_r: 28.56 | t_so_far: {29737} | epsilon: 0.991 max: 39.75566306331318
Ep: 839 | Ep_r: 30.68 | t_so_far: {29787} | epsilon: 0.991 max: 39.75566306331318
Ep: 840 | Ep_r: 32.21 | t_so_far: {29837} | epsilon: 0.991 max: 39.75566306331318
Ep: 841 | Ep_r: 33.46 | t_so_far: {29887} | epsilon: 0.991 max: 39.75566306331318
Ep: 842 | Ep_r: 34.26 | t_so_far: {29937} | epsilon: 0.992 max: 39.75566306331318
Ep: 843 | Ep_r: 30.95 | t_so_far: {29963} | epsilon: 0.992 max: 39.75566306331318
Ep: 844 | Ep_r: 28.64 | t_so_far: {29990} | epsilon: 0.992 max: 39.75566306331318
Ep: 845 | Ep_r: 30.57 | t_so_far: {30040} | epsilon: 0.992 max: 39.75566306331318
Ep: 846 | Ep_r: 32.35 | t_so_far: {30090} | epsilon: 0.992 max: 39.75566306331318
Ep: 847 | Ep_r: 33.53 | t_so_far: {30140} | epsilon: 0.992 max: 39.75566306331318
Ep: 848 | Ep_r: 34.1 | t_so_far: {30190} | epsilon: 0.992 max: 39.75566306331318
Ep: 849 | Ep_r: 35.02 | t_so_far: {30240} | epsilon: 0.992 max: 39.75566306331318
Ep: 850 | Ep_r: 35.99 | t_so_far: {30290} | epsilon: 0.992 max: 39.75566306331318
Ep: 851 | Ep_r: 36.81 | t_so_far: {30340} | epsilon: 0.992 max: 39.75566306331318
Ep: 852 | Ep_r: 37.33 | t_so_far: {30390} | epsilon: 0.992 max: 39.75566306331318
Ep: 853 | Ep_r: 37.46 | t_so_far: {30440} | epsilon: 0.992 max: 39.75566306331318
Ep: 854 | Ep_r: 37.51 | t_so_far: {30490} | epsilon: 0.992 max: 39.75566306331318
Ep: 855 | Ep_r: 37.84 | t_so_far: {30540} | epsilon: 0.992 max: 39.75566306331318
Ep: 856 | Ep_r: 37.97 | t_so_far: {30590} | epsilon: 0.992 max: 39.75566306331318
Ep: 857 | Ep_r: 30.64 | t_so_far: {30592} | epsilon: 0.992 max: 39.75566306331318
Ep: 858 | Ep_r: 32.16 | t_so_far: {30642} | epsilon: 0.992 max: 39.75566306331318
Ep: 859 | Ep_r: 30.73 | t_so_far: {30673} | epsilon: 0.992 max: 39.75566306331318
Ep: 860 | Ep_r: 32.53 | t_so_far: {30723} | epsilon: 0.992 max: 39.75566306331318
Ep: 861 | Ep_r: 33.85 | t_so_far: {30773} | epsilon: 0.992 max: 39.75566306331318
Ep: 862 | Ep_r: 34.84 | t_so_far: {30823} | epsilon: 0.993 max: 39.75566306331318
Ep: 863 | Ep_r: 35.57 | t_so_far: {30873} | epsilon: 0.993 max: 39.75566306331318
Ep: 864 | Ep_r: 35.88 | t_so_far: {30923} | epsilon: 0.993 max: 39.75566306331318
Ep: 865 | Ep_r: 36.73 | t_so_far: {30973} | epsilon: 0.993 max: 39.75566306331318
Ep: 866 | Ep_r: 37.45 | t_so_far: {31023} | epsilon: 0.993 max: 39.75566306331318
Ep: 867 | Ep_r: 37.64 | t_so_far: {31073} | epsilon: 0.993 max: 39.75566306331318
Ep: 868 | Ep_r: 31.8 | t_so_far: {31084} | epsilon: 0.993 max: 39.75566306331318
Ep: 869 | Ep_r: 33.35 | t_so_far: {31134} | epsilon: 0.993 max: 39.75566306331318
Ep: 870 | Ep_r: 34.47 | t_so_far: {31184} | epsilon: 0.993 max: 39.75566306331318
Ep: 871 | Ep_r: 35.12 | t_so_far: {31234} | epsilon: 0.993 max: 39.75566306331318
Ep: 872 | Ep_r: 35.38 | t_so_far: {31284} | epsilon: 0.993 max: 39.75566306331318
Ep: 873 | Ep_r: 36.54 | t_so_far: {31334} | epsilon: 0.993 max: 39.75566306331318
Ep: 874 | Ep_r: 36.52 | t_so_far: {31384} | epsilon: 0.993 max: 39.75566306331318
Ep: 875 | Ep_r: 37.27 | t_so_far: {31434} | epsilon: 0.993 max: 39.75566306331318
Ep: 876 | Ep_r: 36.51 | t_so_far: {31481} | epsilon: 0.993 max: 39.75566306331318
Ep: 877 | Ep_r: 35.44 | t_so_far: {31523} | epsilon: 0.993 max: 39.75566306331318
Ep: 878 | Ep_r: 35.78 | t_so_far: {31573} | epsilon: 0.993 max: 39.75566306331318
Ep: 879 | Ep_r: 36.11 | t_so_far: {31623} | epsilon: 0.993 max: 39.75566306331318
Ep: 880 | Ep_r: 36.11 | t_so_far: {31672} | epsilon: 0.993 max: 39.75566306331318
Ep: 881 | Ep_r: 36.99 | t_so_far: {31722} | epsilon: 0.993 max: 39.75566306331318
Ep: 882 | Ep_r: 37.34 | t_so_far: {31772} | epsilon: 0.993 max: 39.75566306331318
Ep: 883 | Ep_r: 37.6 | t_so_far: {31822} | epsilon: 0.993 max: 39.75566306331318
Ep: 884 | Ep_r: 37.84 | t_so_far: {31872} | epsilon: 0.994 max: 39.75566306331318
Ep: 885 | Ep_r: 38.5 | t_so_far: {31922} | epsilon: 0.994 max: 39.75566306331318
Ep: 886 | Ep_r: 35.81 | t_so_far: {31958} | epsilon: 0.994 max: 39.75566306331318
Ep: 887 | Ep_r: 36.33 | t_so_far: {32008} | epsilon: 0.994 max: 39.75566306331318
Ep: 888 | Ep_r: 36.86 | t_so_far: {32058} | epsilon: 0.994 max: 39.75566306331318
Ep: 889 | Ep_r: 37.35 | t_so_far: {32108} | epsilon: 0.994 max: 39.75566306331318
Ep: 890 | Ep_r: 37.75 | t_so_far: {32158} | epsilon: 0.994 max: 39.75566306331318
Ep: 891 | Ep_r: 33.56 | t_so_far: {32181} | epsilon: 0.994 max: 39.75566306331318
Ep: 892 | Ep_r: 29.71 | t_so_far: {32199} | epsilon: 0.994 max: 39.75566306331318
Ep: 893 | Ep_r: 31.76 | t_so_far: {32249} | epsilon: 0.994 max: 39.75566306331318
Ep: 894 | Ep_r: 33.52 | t_so_far: {32299} | epsilon: 0.994 max: 39.75566306331318
Ep: 895 | Ep_r: 34.83 | t_so_far: {32349} | epsilon: 0.994 max: 39.75566306331318
Ep: 896 | Ep_r: 31.3 | t_so_far: {32375} | epsilon: 0.994 max: 39.75566306331318
Ep: 897 | Ep_r: 32.44 | t_so_far: {32425} | epsilon: 0.994 max: 39.75566306331318
Ep: 898 | Ep_r: 32.1 | t_so_far: {32465} | epsilon: 0.994 max: 39.75566306331318
Ep: 899 | Ep_r: 31.07 | t_so_far: {32499} | epsilon: 0.994 max: 39.75566306331318
Ep: 900 | Ep_r: 32.7 | t_so_far: {32549} | epsilon: 0.994 max: 39.75566306331318
Ep: 901 | Ep_r: 26.59 | t_so_far: {32552} | epsilon: 0.994 max: 39.75566306331318
Ep: 902 | Ep_r: 24.98 | t_so_far: {32575} | epsilon: 0.994 max: 39.75566306331318
Ep: 903 | Ep_r: 27.97 | t_so_far: {32625} | epsilon: 0.994 max: 39.75566306331318
Ep: 904 | Ep_r: 22.96 | t_so_far: {32629} | epsilon: 0.994 max: 39.75566306331318
Ep: 905 | Ep_r: 26.11 | t_so_far: {32679} | epsilon: 0.994 max: 39.75566306331318
Ep: 906 | Ep_r: 28.6 | t_so_far: {32729} | epsilon: 0.994 max: 39.75566306331318
Ep: 907 | Ep_r: 30.48 | t_so_far: {32779} | epsilon: 0.994 max: 39.75566306331318
Ep: 908 | Ep_r: 32.5 | t_so_far: {32829} | epsilon: 0.994 max: 39.75566306331318
Ep: 909 | Ep_r: 28.72 | t_so_far: {32846} | epsilon: 0.994 max: 39.75566306331318
Ep: 910 | Ep_r: 30.66 | t_so_far: {32896} | epsilon: 0.994 max: 39.75566306331318
Ep: 911 | Ep_r: 32.09 | t_so_far: {32946} | epsilon: 0.994 max: 39.75566306331318
Ep: 912 | Ep_r: 33.49 | t_so_far: {32996} | epsilon: 0.994 max: 39.75566306331318
Ep: 913 | Ep_r: 35.08 | t_so_far: {33046} | epsilon: 0.994 max: 39.75566306331318
Ep: 914 | Ep_r: 35.98 | t_so_far: {33096} | epsilon: 0.994 max: 39.75566306331318
Ep: 915 | Ep_r: 36.65 | t_so_far: {33146} | epsilon: 0.995 max: 39.75566306331318
Ep: 916 | Ep_r: 37.66 | t_so_far: {33196} | epsilon: 0.995 max: 39.75566306331318
Ep: 917 | Ep_r: 38.39 | t_so_far: {33246} | epsilon: 0.995 max: 39.75566306331318
Ep: 918 | Ep_r: 38.88 | t_so_far: {33296} | epsilon: 0.995 max: 39.75566306331318
Ep: 919 | Ep_r: 39.01 | t_so_far: {33346} | epsilon: 0.995 max: 39.75566306331318
Ep: 920 | Ep_r: 38.93 | t_so_far: {33396} | epsilon: 0.995 max: 39.75566306331318
Ep: 921 | Ep_r: 35.7 | t_so_far: {33426} | epsilon: 0.995 max: 39.75566306331318
Ep: 922 | Ep_r: 36.6 | t_so_far: {33476} | epsilon: 0.995 max: 39.75566306331318
Ep: 923 | Ep_r: 31.14 | t_so_far: {33488} | epsilon: 0.995 max: 39.75566306331318
Ep: 924 | Ep_r: 32.81 | t_so_far: {33538} | epsilon: 0.995 max: 39.75566306331318
Ep: 925 | Ep_r: 34.09 | t_so_far: {33588} | epsilon: 0.995 max: 39.75566306331318
Ep: 926 | Ep_r: 35.32 | t_so_far: {33638} | epsilon: 0.995 max: 39.75566306331318
Ep: 927 | Ep_r: 36.06 | t_so_far: {33688} | epsilon: 0.995 max: 39.75566306331318
Ep: 928 | Ep_r: 36.75 | t_so_far: {33738} | epsilon: 0.995 max: 39.75566306331318
Ep: 929 | Ep_r: 37.04 | t_so_far: {33788} | epsilon: 0.995 max: 39.75566306331318
Ep: 930 | Ep_r: 37.76 | t_so_far: {33838} | epsilon: 0.995 max: 39.75566306331318
Ep: 931 | Ep_r: 38.0 | t_so_far: {33888} | epsilon: 0.995 max: 39.75566306331318
Ep: 932 | Ep_r: 38.23 | t_so_far: {33938} | epsilon: 0.995 max: 39.75566306331318
Ep: 933 | Ep_r: 38.92 | t_so_far: {33988} | epsilon: 0.995 max: 39.75566306331318
Ep: 934 | Ep_r: 38.86 | t_so_far: {34036} | epsilon: 0.995 max: 39.75566306331318
Ep: 935 | Ep_r: 38.97 | t_so_far: {34086} | epsilon: 0.995 max: 39.75566306331318
Ep: 936 | Ep_r: 38.06 | t_so_far: {34129} | epsilon: 0.995 max: 39.75566306331318
Ep: 937 | Ep_r: 38.37 | t_so_far: {34179} | epsilon: 0.995 max: 39.75566306331318
Ep: 938 | Ep_r: 38.24 | t_so_far: {34229} | epsilon: 0.995 max: 39.75566306331318
Ep: 939 | Ep_r: 38.43 | t_so_far: {34279} | epsilon: 0.995 max: 39.75566306331318
Ep: 940 | Ep_r: 38.89 | t_so_far: {34329} | epsilon: 0.995 max: 39.75566306331318
Ep: 941 | Ep_r: 39.0 | t_so_far: {34379} | epsilon: 0.995 max: 39.75566306331318
Ep: 942 | Ep_r: 39.04 | t_so_far: {34429} | epsilon: 0.995 max: 39.75566306331318
Ep: 943 | Ep_r: 38.98 | t_so_far: {34479} | epsilon: 0.995 max: 39.75566306331318
Ep: 944 | Ep_r: 33.25 | t_so_far: {34492} | epsilon: 0.995 max: 39.75566306331318
Ep: 945 | Ep_r: 34.04 | t_so_far: {34542} | epsilon: 0.995 max: 39.75566306331318
Ep: 946 | Ep_r: 34.96 | t_so_far: {34592} | epsilon: 0.995 max: 39.75566306331318
Ep: 947 | Ep_r: 35.32 | t_so_far: {34642} | epsilon: 0.995 max: 39.75566306331318
Ep: 948 | Ep_r: 35.86 | t_so_far: {34692} | epsilon: 0.996 max: 39.75566306331318
Ep: 949 | Ep_r: 36.3 | t_so_far: {34742} | epsilon: 0.996 max: 39.75566306331318
Ep: 950 | Ep_r: 36.28 | t_so_far: {34792} | epsilon: 0.996 max: 39.75566306331318
Ep: 951 | Ep_r: 36.81 | t_so_far: {34842} | epsilon: 0.996 max: 39.75566306331318
Ep: 952 | Ep_r: 37.46 | t_so_far: {34892} | epsilon: 0.996 max: 39.75566306331318
Ep: 953 | Ep_r: 31.1 | t_so_far: {34899} | epsilon: 0.996 max: 39.75566306331318
Ep: 954 | Ep_r: 30.37 | t_so_far: {34934} | epsilon: 0.996 max: 39.75566306331318
Ep: 955 | Ep_r: 32.14 | t_so_far: {34984} | epsilon: 0.996 max: 39.75566306331318
Ep: 956 | Ep_r: 33.49 | t_so_far: {35034} | epsilon: 0.996 max: 39.75566306331318
Ep: 957 | Ep_r: 34.52 | t_so_far: {35084} | epsilon: 0.996 max: 39.75566306331318
Ep: 958 | Ep_r: 35.37 | t_so_far: {35134} | epsilon: 0.996 max: 39.75566306331318
Ep: 959 | Ep_r: 36.05 | t_so_far: {35184} | epsilon: 0.996 max: 39.75566306331318
Ep: 960 | Ep_r: 36.46 | t_so_far: {35234} | epsilon: 0.996 max: 39.75566306331318
Ep: 961 | Ep_r: 37.14 | t_so_far: {35284} | epsilon: 0.996 max: 39.75566306331318
Ep: 962 | Ep_r: 30.28 | t_so_far: {35288} | epsilon: 0.996 max: 39.75566306331318
Ep: 963 | Ep_r: 24.45 | t_so_far: {35290} | epsilon: 0.996 max: 39.75566306331318
Ep: 964 | Ep_r: 27.37 | t_so_far: {35340} | epsilon: 0.996 max: 39.75566306331318
Ep: 965 | Ep_r: 29.87 | t_so_far: {35390} | epsilon: 0.996 max: 39.75566306331318
Ep: 966 | Ep_r: 28.59 | t_so_far: {35421} | epsilon: 0.996 max: 39.75566306331318
Ep: 967 | Ep_r: 30.57 | t_so_far: {35471} | epsilon: 0.996 max: 39.75566306331318
Ep: 968 | Ep_r: 31.02 | t_so_far: {35516} | epsilon: 0.996 max: 39.75566306331318
Ep: 969 | Ep_r: 32.55 | t_so_far: {35566} | epsilon: 0.996 max: 39.75566306331318
Ep: 970 | Ep_r: 33.9 | t_so_far: {35616} | epsilon: 0.996 max: 39.75566306331318
Ep: 971 | Ep_r: 34.84 | t_so_far: {35666} | epsilon: 0.996 max: 39.75566306331318
Ep: 972 | Ep_r: 36.12 | t_so_far: {35716} | epsilon: 0.996 max: 39.75566306331318
Ep: 973 | Ep_r: 36.47 | t_so_far: {35766} | epsilon: 0.996 max: 39.75566306331318
Ep: 974 | Ep_r: 36.76 | t_so_far: {35816} | epsilon: 0.996 max: 39.75566306331318
Ep: 975 | Ep_r: 36.81 | t_so_far: {35864} | epsilon: 0.996 max: 39.75566306331318
Ep: 976 | Ep_r: 37.04 | t_so_far: {35914} | epsilon: 0.996 max: 39.75566306331318
Ep: 977 | Ep_r: 37.51 | t_so_far: {35964} | epsilon: 0.996 max: 39.75566306331318
Ep: 978 | Ep_r: 37.74 | t_so_far: {36014} | epsilon: 0.996 max: 39.75566306331318
Ep: 979 | Ep_r: 32.25 | t_so_far: {36027} | epsilon: 0.996 max: 39.75566306331318
Ep: 980 | Ep_r: 26.21 | t_so_far: {36030} | epsilon: 0.996 max: 39.75566306331318
Ep: 981 | Ep_r: 28.94 | t_so_far: {36080} | epsilon: 0.996 max: 39.75566306331318
Ep: 982 | Ep_r: 30.82 | t_so_far: {36130} | epsilon: 0.996 max: 39.75566306331318
Ep: 983 | Ep_r: 32.58 | t_so_far: {36180} | epsilon: 0.996 max: 39.75566306331318
Ep: 984 | Ep_r: 33.84 | t_so_far: {36230} | epsilon: 0.996 max: 39.75566306331318
Ep: 985 | Ep_r: 34.83 | t_so_far: {36280} | epsilon: 0.996 max: 39.75566306331318
Ep: 986 | Ep_r: 30.89 | t_so_far: {36299} | epsilon: 0.996 max: 39.75566306331318
Ep: 987 | Ep_r: 32.5 | t_so_far: {36349} | epsilon: 0.996 max: 39.75566306331318
Ep: 988 | Ep_r: 33.97 | t_so_far: {36399} | epsilon: 0.996 max: 39.75566306331318
Ep: 989 | Ep_r: 34.71 | t_so_far: {36449} | epsilon: 0.996 max: 39.75566306331318
Ep: 990 | Ep_r: 35.55 | t_so_far: {36499} | epsilon: 0.996 max: 39.75566306331318
Ep: 991 | Ep_r: 36.49 | t_so_far: {36549} | epsilon: 0.996 max: 39.75566306331318
Ep: 992 | Ep_r: 37.08 | t_so_far: {36599} | epsilon: 0.996 max: 39.75566306331318
Ep: 993 | Ep_r: 37.63 | t_so_far: {36649} | epsilon: 0.996 max: 39.75566306331318
Ep: 994 | Ep_r: 33.27 | t_so_far: {36671} | epsilon: 0.996 max: 39.75566306331318
Ep: 995 | Ep_r: 34.39 | t_so_far: {36721} | epsilon: 0.996 max: 39.75566306331318
Ep: 996 | Ep_r: 35.2 | t_so_far: {36771} | epsilon: 0.996 max: 39.75566306331318
Ep: 997 | Ep_r: 36.21 | t_so_far: {36821} | epsilon: 0.997 max: 39.75566306331318
Ep: 998 | Ep_r: 30.89 | t_so_far: {36834} | epsilon: 0.997 max: 39.75566306331318
Ep: 999 | Ep_r: 32.52 | t_so_far: {36884} | epsilon: 0.997 max: 39.75566306331318
Ep: 1000 | Ep_r: 33.85 | t_so_far: {36934} | epsilon: 0.997 max: 39.75566306331318
pygame 2.1.0 (SDL 2.0.16, Python 3.8.0)
Hello from the pygame community. https://www.pygame.org/contribute.html
Successfully set seed to 2
Dueling_DQN_vector(
  (features): Sequential(
    (0): Linear(in_features=105, out_features=512, bias=True)
    (1): ReLU()
  )
  (advantage): Sequential(
    (0): Linear(in_features=512, out_features=512, bias=True)
    (1): ReLU()
    (2): Linear(in_features=512, out_features=5, bias=True)
  )
  (value): Sequential(
    (0): Linear(in_features=512, out_features=512, bias=True)
    (1): ReLU()
    (2): Linear(in_features=512, out_features=1, bias=True)
  )
)
====================================
Model has been loaded...
====================================
step: 2, ep_reward: 2.1333333333333333
step: 49, ep_reward: 42.10000000000001
step: 49, ep_reward: 41.633333333333354
step: 49, ep_reward: 38.66666666666666
step: 49, ep_reward: 41.600000000000016
step: 49, ep_reward: 39.33333333333335
step: 49, ep_reward: 39.100000000000016
step: 49, ep_reward: 37.06666666666669
step: 49, ep_reward: 39.13333333333332
step: 49, ep_reward: 37.43333333333334
pygame 2.1.0 (SDL 2.0.16, Python 3.8.0)
Hello from the pygame community. https://www.pygame.org/contribute.html
Successfully set seed to 2
Dueling_DQN_vector(
  (features): Sequential(
    (0): Linear(in_features=105, out_features=512, bias=True)
    (1): ReLU()
  )
  (advantage): Sequential(
    (0): Linear(in_features=512, out_features=512, bias=True)
    (1): ReLU()
    (2): Linear(in_features=512, out_features=5, bias=True)
  )
  (value): Sequential(
    (0): Linear(in_features=512, out_features=512, bias=True)
    (1): ReLU()
    (2): Linear(in_features=512, out_features=1, bias=True)
  )
)
====================================
Model has been loaded...
====================================
step: 49, ep_reward: 38.93333333333336
step: 49, ep_reward: 38.500000000000014
step: 49, ep_reward: 39.80000000000003
step: 49, ep_reward: 39.666666666666686
step: 49, ep_reward: 38.03333333333335
step: 49, ep_reward: 38.16666666666668
step: 49, ep_reward: 39.13333333333335
step: 49, ep_reward: 39.799999999999976
step: 40, ep_reward: 30.600000000000016
step: 49, ep_reward: 39.29999999999999
pygame 2.1.0 (SDL 2.0.16, Python 3.8.0)
Hello from the pygame community. https://www.pygame.org/contribute.html
Successfully set seed to 2
Dueling_DQN_vector(
  (features): Sequential(
    (0): Linear(in_features=105, out_features=512, bias=True)
    (1): ReLU()
  )
  (advantage): Sequential(
    (0): Linear(in_features=512, out_features=512, bias=True)
    (1): ReLU()
    (2): Linear(in_features=512, out_features=5, bias=True)
  )
  (value): Sequential(
    (0): Linear(in_features=512, out_features=512, bias=True)
    (1): ReLU()
    (2): Linear(in_features=512, out_features=1, bias=True)
  )
)
====================================
Model has been loaded...
====================================
step: 49, ep_reward: 39.10000000000002
step: 49, ep_reward: 39.03333333333336
step: 49, ep_reward: 38.73333333333335
step: 49, ep_reward: 39.73333333333335
step: 49, ep_reward: 39.26666666666668
step: 49, ep_reward: 39.33333333333335
step: 49, ep_reward: 40.03333333333335
step: 49, ep_reward: 37.93333333333336
step: 49, ep_reward: 37.366666666666696
step: 49, ep_reward: 38.600000000000016
