pygame 2.1.0 (SDL 2.0.16, Python 3.8.0)
Hello from the pygame community. https://www.pygame.org/contribute.html
Traceback (most recent call last):
  File "./agent.py", line 486, in <module>
    args = parse_args(args)
  File "./agent.py", line 240, in parse_args
    parser.add_argument('--normal', default=True, action='store_flase')
  File "/home/slc/miniconda3/envs/RL2/lib/python3.8/argparse.py", line 1367, in add_argument
    raise ValueError('unknown action "%s"' % (action_class,))
ValueError: unknown action "store_flase"
pygame 2.1.0 (SDL 2.0.16, Python 3.8.0)
Hello from the pygame community. https://www.pygame.org/contribute.html
Successfully set seed to 2
EgoAttentionNetwork(
  (ego_embedding): Sequential(
    (0): Linear(in_features=7, out_features=64, bias=True)
    (1): ReLU()
    (2): Linear(in_features=64, out_features=64, bias=True)
    (3): ReLU()
  )
  (others_embedding): Sequential(
    (0): Linear(in_features=7, out_features=64, bias=True)
    (1): ReLU()
    (2): Linear(in_features=64, out_features=64, bias=True)
    (3): ReLU()
  )
  (attention_layer): EgoAttetion(
    (value_all): Linear(in_features=64, out_features=64, bias=False)
    (key_all): Linear(in_features=64, out_features=64, bias=False)
    (query_ego): Linear(in_features=64, out_features=64, bias=False)
    (attention_combine): Linear(in_features=64, out_features=64, bias=False)
  )
  (decoder): Sequential(
    (0): Linear(in_features=64, out_features=64, bias=True)
    (1): ReLU()
    (2): Linear(in_features=64, out_features=64, bias=True)
    (3): ReLU()
  )
  (advantage): Linear(in_features=64, out_features=5, bias=True)
  (value): Linear(in_features=64, out_features=1, bias=True)
)
./agent.py:218: UserWarning: Creating a tensor from a list of numpy.ndarrays is extremely slow. Please consider converting the list to a single numpy.ndarray with numpy.array() before converting to a tensor. (Triggered internally at  /opt/conda/conda-bld/pytorch_1646755903507/work/torch/csrc/utils/tensor_new.cpp:210.)
  return torch.tensor([state['kinematics']], dtype=torch.float)
Ep: 0 | Ep_r: 17.3 | t_so_far: {20} | epsilon: 0.103 max: 17.3
Ep: 1 | Ep_r: 17.67 | t_so_far: {43} | epsilon: 0.106 max: 17.666666666666668
Ep: 2 | Ep_r: 15.92 | t_so_far: {55} | epsilon: 0.108 max: 17.666666666666668
Ep: 3 | Ep_r: 20.87 | t_so_far: {105} | epsilon: 0.115 max: 20.869333333333337
Ep: 4 | Ep_r: 19.88 | t_so_far: {123} | epsilon: 0.117 max: 20.869333333333337
Ep: 5 | Ep_r: 16.66 | t_so_far: {128} | epsilon: 0.118 max: 20.869333333333337
Ep: 6 | Ep_r: 20.26 | t_so_far: {168} | epsilon: 0.124 max: 20.869333333333337
Ep: 7 | Ep_r: 21.56 | t_so_far: {201} | epsilon: 0.128 max: 21.56263893333334
Ep: 8 | Ep_r: 24.88 | t_so_far: {251} | epsilon: 0.135 max: 24.88344448000001
Ep: 9 | Ep_r: 21.96 | t_so_far: {264} | epsilon: 0.137 max: 24.88344448000001
Ep: 10 | Ep_r: 18.1 | t_so_far: {268} | epsilon: 0.138 max: 24.88344448000001
Ep: 11 | Ep_r: 15.77 | t_so_far: {276} | epsilon: 0.139 max: 24.88344448000001
Ep: 12 | Ep_r: 14.53 | t_so_far: {287} | epsilon: 0.14 max: 24.88344448000001
Ep: 13 | Ep_r: 11.87 | t_so_far: {289} | epsilon: 0.14 max: 24.88344448000001
Ep: 14 | Ep_r: 17.96 | t_so_far: {339} | epsilon: 0.147 max: 24.88344448000001
Ep: 15 | Ep_r: 17.84 | t_so_far: {358} | epsilon: 0.15 max: 24.88344448000001
Ep: 16 | Ep_r: 15.27 | t_so_far: {364} | epsilon: 0.151 max: 24.88344448000001
Ep: 17 | Ep_r: 15.76 | t_so_far: {387} | epsilon: 0.154 max: 24.88344448000001
Ep: 18 | Ep_r: 13.86 | t_so_far: {394} | epsilon: 0.155 max: 24.88344448000001
Ep: 19 | Ep_r: 16.06 | t_so_far: {422} | epsilon: 0.159 max: 24.88344448000001
Ep: 20 | Ep_r: 13.79 | t_so_far: {428} | epsilon: 0.159 max: 24.88344448000001
Ep: 21 | Ep_r: 13.76 | t_so_far: {445} | epsilon: 0.162 max: 24.88344448000001
Ep: 22 | Ep_r: 18.72 | t_so_far: {495} | epsilon: 0.168 max: 24.88344448000001
Ep: 23 | Ep_r: 19.73 | t_so_far: {522} | epsilon: 0.172 max: 24.88344448000001
Ep: 24 | Ep_r: 16.64 | t_so_far: {527} | epsilon: 0.173 max: 24.88344448000001
Ep: 25 | Ep_r: 16.47 | t_so_far: {546} | epsilon: 0.175 max: 24.88344448000001
Ep: 26 | Ep_r: 14.1 | t_so_far: {552} | epsilon: 0.176 max: 24.88344448000001
Ep: 27 | Ep_r: 15.29 | t_so_far: {574} | epsilon: 0.179 max: 24.88344448000001
Ep: 28 | Ep_r: 17.2 | t_so_far: {606} | epsilon: 0.183 max: 24.88344448000001
Ep: 29 | Ep_r: 15.35 | t_so_far: {616} | epsilon: 0.184 max: 24.88344448000001
Ep: 30 | Ep_r: 16.26 | t_so_far: {641} | epsilon: 0.188 max: 24.88344448000001
Ep: 31 | Ep_r: 14.9 | t_so_far: {652} | epsilon: 0.189 max: 24.88344448000001
Ep: 32 | Ep_r: 12.79 | t_so_far: {658} | epsilon: 0.19 max: 24.88344448000001
Ep: 33 | Ep_r: 15.17 | t_so_far: {690} | epsilon: 0.194 max: 24.88344448000001
Ep: 34 | Ep_r: 13.23 | t_so_far: {697} | epsilon: 0.195 max: 24.88344448000001
Ep: 35 | Ep_r: 16.48 | t_so_far: {730} | epsilon: 0.199 max: 24.88344448000001
Ep: 36 | Ep_r: 16.91 | t_so_far: {751} | epsilon: 0.202 max: 24.88344448000001
Ep: 37 | Ep_r: 16.43 | t_so_far: {769} | epsilon: 0.204 max: 24.88344448000001
Ep: 38 | Ep_r: 16.5 | t_so_far: {789} | epsilon: 0.206 max: 24.88344448000001
Ep: 39 | Ep_r: 16.69 | t_so_far: {810} | epsilon: 0.209 max: 24.88344448000001
Ep: 40 | Ep_r: 15.9 | t_so_far: {826} | epsilon: 0.211 max: 24.88344448000001
Ep: 41 | Ep_r: 14.63 | t_so_far: {837} | epsilon: 0.213 max: 24.88344448000001
Ep: 42 | Ep_r: 14.47 | t_so_far: {855} | epsilon: 0.215 max: 24.88344448000001
Ep: 43 | Ep_r: 18.35 | t_so_far: {896} | epsilon: 0.22 max: 24.88344448000001
Ep: 44 | Ep_r: 18.99 | t_so_far: {920} | epsilon: 0.223 max: 24.88344448000001
Ep: 45 | Ep_r: 19.68 | t_so_far: {946} | epsilon: 0.226 max: 24.88344448000001
Ep: 46 | Ep_r: 18.33 | t_so_far: {961} | epsilon: 0.228 max: 24.88344448000001
Ep: 47 | Ep_r: 18.41 | t_so_far: {982} | epsilon: 0.231 max: 24.88344448000001
Ep: 48 | Ep_r: 14.98 | t_so_far: {984} | epsilon: 0.231 max: 24.88344448000001
Ep: 49 | Ep_r: 12.64 | t_so_far: {988} | epsilon: 0.231 max: 24.88344448000001
Ep: 50 | Ep_r: 11.87 | t_so_far: {998} | epsilon: 0.233 max: 24.88344448000001
Ep: 51 | Ep_r: 14.31 | t_so_far: {1027} | epsilon: 0.236 max: 24.88344448000001
Ep: 52 | Ep_r: 15.37 | t_so_far: {1051} | epsilon: 0.239 max: 24.88344448000001
Ep: 53 | Ep_r: 18.76 | t_so_far: {1088} | epsilon: 0.244 max: 24.88344448000001
Ep: 54 | Ep_r: 16.97 | t_so_far: {1099} | epsilon: 0.245 max: 24.88344448000001
Ep: 55 | Ep_r: 16.54 | t_so_far: {1116} | epsilon: 0.247 max: 24.88344448000001
Ep: 56 | Ep_r: 21.31 | t_so_far: {1164} | epsilon: 0.253 max: 24.88344448000001
Ep: 57 | Ep_r: 22.74 | t_so_far: {1198} | epsilon: 0.257 max: 24.88344448000001
Ep: 58 | Ep_r: 21.14 | t_so_far: {1216} | epsilon: 0.259 max: 24.88344448000001
Ep: 59 | Ep_r: 24.05 | t_so_far: {1257} | epsilon: 0.264 max: 24.88344448000001
Ep: 60 | Ep_r: 28.18 | t_so_far: {1307} | epsilon: 0.27 max: 28.177544800410278
Ep: 61 | Ep_r: 24.88 | t_so_far: {1321} | epsilon: 0.271 max: 28.177544800410278
Ep: 62 | Ep_r: 25.27 | t_so_far: {1350} | epsilon: 0.275 max: 28.177544800410278
Ep: 63 | Ep_r: 22.85 | t_so_far: {1365} | epsilon: 0.276 max: 28.177544800410278
Ep: 64 | Ep_r: 22.93 | t_so_far: {1390} | epsilon: 0.279 max: 28.177544800410278
Ep: 65 | Ep_r: 21.54 | t_so_far: {1408} | epsilon: 0.281 max: 28.177544800410278
Ep: 66 | Ep_r: 17.89 | t_so_far: {1412} | epsilon: 0.282 max: 28.177544800410278
Ep: 67 | Ep_r: 15.14 | t_so_far: {1417} | epsilon: 0.282 max: 28.177544800410278
Ep: 68 | Ep_r: 17.0 | t_so_far: {1444} | epsilon: 0.285 max: 28.177544800410278
Ep: 69 | Ep_r: 19.15 | t_so_far: {1477} | epsilon: 0.289 max: 28.177544800410278
Ep: 70 | Ep_r: 16.49 | t_so_far: {1484} | epsilon: 0.29 max: 28.177544800410278
Ep: 71 | Ep_r: 16.97 | t_so_far: {1505} | epsilon: 0.292 max: 28.177544800410278
Ep: 72 | Ep_r: 22.81 | t_so_far: {1555} | epsilon: 0.298 max: 28.177544800410278
Ep: 73 | Ep_r: 25.26 | t_so_far: {1594} | epsilon: 0.302 max: 28.177544800410278
Ep: 74 | Ep_r: 20.81 | t_so_far: {1598} | epsilon: 0.303 max: 28.177544800410278
Ep: 75 | Ep_r: 20.0 | t_so_far: {1619} | epsilon: 0.305 max: 28.177544800410278
Ep: 76 | Ep_r: 24.59 | t_so_far: {1669} | epsilon: 0.311 max: 28.177544800410278
Ep: 77 | Ep_r: 28.04 | t_so_far: {1719} | epsilon: 0.316 max: 28.177544800410278
Ep: 78 | Ep_r: 25.55 | t_so_far: {1736} | epsilon: 0.318 max: 28.177544800410278
Ep: 79 | Ep_r: 22.8 | t_so_far: {1750} | epsilon: 0.319 max: 28.177544800410278
Ep: 80 | Ep_r: 19.81 | t_so_far: {1759} | epsilon: 0.32 max: 28.177544800410278
Ep: 81 | Ep_r: 24.27 | t_so_far: {1809} | epsilon: 0.326 max: 28.177544800410278
Ep: 82 | Ep_r: 25.26 | t_so_far: {1844} | epsilon: 0.33 max: 28.177544800410278
Ep: 83 | Ep_r: 21.73 | t_so_far: {1853} | epsilon: 0.331 max: 28.177544800410278
Ep: 84 | Ep_r: 25.63 | t_so_far: {1903} | epsilon: 0.336 max: 28.177544800410278
Ep: 85 | Ep_r: 21.11 | t_so_far: {1907} | epsilon: 0.336 max: 28.177544800410278
Ep: 86 | Ep_r: 17.69 | t_so_far: {1912} | epsilon: 0.337 max: 28.177544800410278
Ep: 87 | Ep_r: 22.27 | t_so_far: {1962} | epsilon: 0.342 max: 28.177544800410278
Ep: 88 | Ep_r: 18.8 | t_so_far: {1968} | epsilon: 0.343 max: 28.177544800410278
Ep: 89 | Ep_r: 18.36 | t_so_far: {1987} | epsilon: 0.345 max: 28.177544800410278
Ep: 90 | Ep_r: 17.42 | t_so_far: {2004} | epsilon: 0.347 max: 28.177544800410278
Ep: 91 | Ep_r: 22.27 | t_so_far: {2054} | epsilon: 0.352 max: 28.177544800410278
Ep: 92 | Ep_r: 26.07 | t_so_far: {2104} | epsilon: 0.357 max: 28.177544800410278
Ep: 93 | Ep_r: 23.68 | t_so_far: {2120} | epsilon: 0.359 max: 28.177544800410278
Ep: 94 | Ep_r: 20.49 | t_so_far: {2130} | epsilon: 0.36 max: 28.177544800410278
Ep: 95 | Ep_r: 24.66 | t_so_far: {2180} | epsilon: 0.365 max: 28.177544800410278
Ep: 96 | Ep_r: 22.71 | t_so_far: {2197} | epsilon: 0.366 max: 28.177544800410278
Ep: 97 | Ep_r: 22.85 | t_so_far: {2223} | epsilon: 0.369 max: 28.177544800410278
Ep: 98 | Ep_r: 26.55 | t_so_far: {2273} | epsilon: 0.374 max: 28.177544800410278
Ep: 99 | Ep_r: 23.08 | t_so_far: {2283} | epsilon: 0.375 max: 28.177544800410278
Ep: 100 | Ep_r: 20.87 | t_so_far: {2297} | epsilon: 0.376 max: 28.177544800410278
Ep: 101 | Ep_r: 19.95 | t_so_far: {2316} | epsilon: 0.378 max: 28.177544800410278
Ep: 102 | Ep_r: 18.59 | t_so_far: {2332} | epsilon: 0.38 max: 28.177544800410278
Ep: 103 | Ep_r: 18.71 | t_so_far: {2354} | epsilon: 0.382 max: 28.177544800410278
Ep: 104 | Ep_r: 19.07 | t_so_far: {2376} | epsilon: 0.384 max: 28.177544800410278
Ep: 105 | Ep_r: 18.05 | t_so_far: {2393} | epsilon: 0.386 max: 28.177544800410278
Ep: 106 | Ep_r: 20.09 | t_so_far: {2427} | epsilon: 0.389 max: 28.177544800410278
Ep: 107 | Ep_r: 16.52 | t_so_far: {2430} | epsilon: 0.389 max: 28.177544800410278
Ep: 108 | Ep_r: 19.62 | t_so_far: {2470} | epsilon: 0.393 max: 28.177544800410278
Ep: 109 | Ep_r: 24.25 | t_so_far: {2520} | epsilon: 0.398 max: 28.177544800410278
Ep: 110 | Ep_r: 20.04 | t_so_far: {2524} | epsilon: 0.399 max: 28.177544800410278
Ep: 111 | Ep_r: 17.1 | t_so_far: {2531} | epsilon: 0.399 max: 28.177544800410278
Ep: 112 | Ep_r: 22.5 | t_so_far: {2581} | epsilon: 0.404 max: 28.177544800410278
Ep: 113 | Ep_r: 26.47 | t_so_far: {2631} | epsilon: 0.409 max: 28.177544800410278
Ep: 114 | Ep_r: 26.32 | t_so_far: {2662} | epsilon: 0.412 max: 28.177544800410278
Ep: 115 | Ep_r: 24.64 | t_so_far: {2683} | epsilon: 0.414 max: 28.177544800410278
Ep: 116 | Ep_r: 19.96 | t_so_far: {2685} | epsilon: 0.414 max: 28.177544800410278
Ep: 117 | Ep_r: 17.07 | t_so_far: {2692} | epsilon: 0.415 max: 28.177544800410278
Ep: 118 | Ep_r: 17.12 | t_so_far: {2714} | epsilon: 0.417 max: 28.177544800410278
Ep: 119 | Ep_r: 20.17 | t_so_far: {2751} | epsilon: 0.42 max: 28.177544800410278
Ep: 120 | Ep_r: 25.29 | t_so_far: {2801} | epsilon: 0.425 max: 28.177544800410278
Ep: 121 | Ep_r: 28.6 | t_so_far: {2851} | epsilon: 0.429 max: 28.59539556365968
Ep: 122 | Ep_r: 26.6 | t_so_far: {2875} | epsilon: 0.431 max: 28.59539556365968
Ep: 123 | Ep_r: 25.94 | t_so_far: {2902} | epsilon: 0.434 max: 28.59539556365968
Ep: 124 | Ep_r: 29.16 | t_so_far: {2952} | epsilon: 0.438 max: 29.161909195260435
Ep: 125 | Ep_r: 25.16 | t_so_far: {2962} | epsilon: 0.439 max: 29.161909195260435
Ep: 126 | Ep_r: 27.76 | t_so_far: {3009} | epsilon: 0.443 max: 29.161909195260435
Ep: 127 | Ep_r: 30.51 | t_so_far: {3059} | epsilon: 0.448 max: 30.51196417464002
Ep: 128 | Ep_r: 26.89 | t_so_far: {3074} | epsilon: 0.449 max: 30.51196417464002
Ep: 129 | Ep_r: 26.92 | t_so_far: {3107} | epsilon: 0.452 max: 30.51196417464002
Ep: 130 | Ep_r: 30.05 | t_so_far: {3157} | epsilon: 0.456 max: 30.51196417464002
Ep: 131 | Ep_r: 28.58 | t_so_far: {3184} | epsilon: 0.459 max: 30.51196417464002
Ep: 132 | Ep_r: 27.41 | t_so_far: {3210} | epsilon: 0.461 max: 30.51196417464002
Ep: 133 | Ep_r: 30.25 | t_so_far: {3260} | epsilon: 0.465 max: 30.51196417464002
Ep: 134 | Ep_r: 27.1 | t_so_far: {3276} | epsilon: 0.467 max: 30.51196417464002
Ep: 135 | Ep_r: 23.3 | t_so_far: {3286} | epsilon: 0.468 max: 30.51196417464002
Ep: 136 | Ep_r: 20.28 | t_so_far: {3295} | epsilon: 0.468 max: 30.51196417464002
Ep: 137 | Ep_r: 22.68 | t_so_far: {3335} | epsilon: 0.472 max: 30.51196417464002
Ep: 138 | Ep_r: 18.4 | t_so_far: {3337} | epsilon: 0.472 max: 30.51196417464002
Ep: 139 | Ep_r: 17.96 | t_so_far: {3355} | epsilon: 0.473 max: 30.51196417464002
Ep: 140 | Ep_r: 22.44 | t_so_far: {3405} | epsilon: 0.478 max: 30.51196417464002
Ep: 141 | Ep_r: 27.21 | t_so_far: {3455} | epsilon: 0.482 max: 30.51196417464002
Ep: 142 | Ep_r: 30.21 | t_so_far: {3505} | epsilon: 0.486 max: 30.51196417464002
Ep: 143 | Ep_r: 30.16 | t_so_far: {3541} | epsilon: 0.489 max: 30.51196417464002
Ep: 144 | Ep_r: 32.15 | t_so_far: {3591} | epsilon: 0.493 max: 32.146544706354916
Ep: 145 | Ep_r: 33.93 | t_so_far: {3641} | epsilon: 0.497 max: 33.93056909841727
Ep: 146 | Ep_r: 35.57 | t_so_far: {3691} | epsilon: 0.501 max: 35.57112194540049
Ep: 147 | Ep_r: 36.42 | t_so_far: {3741} | epsilon: 0.505 max: 36.42356422298707
Ep: 148 | Ep_r: 33.47 | t_so_far: {3766} | epsilon: 0.507 max: 36.42356422298707
Ep: 149 | Ep_r: 27.19 | t_so_far: {3769} | epsilon: 0.507 max: 36.42356422298707
Ep: 150 | Ep_r: 27.55 | t_so_far: {3805} | epsilon: 0.51 max: 36.42356422298707
Ep: 151 | Ep_r: 25.78 | t_so_far: {3828} | epsilon: 0.512 max: 36.42356422298707
Ep: 152 | Ep_r: 21.06 | t_so_far: {3831} | epsilon: 0.512 max: 36.42356422298707
Ep: 153 | Ep_r: 25.08 | t_so_far: {3881} | epsilon: 0.516 max: 36.42356422298707
Ep: 154 | Ep_r: 21.59 | t_so_far: {3890} | epsilon: 0.516 max: 36.42356422298707
Ep: 155 | Ep_r: 25.01 | t_so_far: {3940} | epsilon: 0.52 max: 36.42356422298707
Ep: 156 | Ep_r: 27.85 | t_so_far: {3987} | epsilon: 0.524 max: 36.42356422298707
Ep: 157 | Ep_r: 30.4 | t_so_far: {4037} | epsilon: 0.528 max: 36.42356422298707
Ep: 158 | Ep_r: 32.13 | t_so_far: {4087} | epsilon: 0.531 max: 36.42356422298707
Ep: 159 | Ep_r: 31.99 | t_so_far: {4122} | epsilon: 0.534 max: 36.42356422298707
Ep: 160 | Ep_r: 33.93 | t_so_far: {4172} | epsilon: 0.538 max: 36.42356422298707
Ep: 161 | Ep_r: 29.49 | t_so_far: {4185} | epsilon: 0.539 max: 36.42356422298707
Ep: 162 | Ep_r: 31.99 | t_so_far: {4235} | epsilon: 0.542 max: 36.42356422298707
Ep: 163 | Ep_r: 32.86 | t_so_far: {4278} | epsilon: 0.546 max: 36.42356422298707
Ep: 164 | Ep_r: 34.48 | t_so_far: {4328} | epsilon: 0.549 max: 36.42356422298707
Ep: 165 | Ep_r: 35.79 | t_so_far: {4378} | epsilon: 0.553 max: 36.42356422298707
Ep: 166 | Ep_r: 36.92 | t_so_far: {4428} | epsilon: 0.556 max: 36.91821622418817
Ep: 167 | Ep_r: 37.53 | t_so_far: {4478} | epsilon: 0.56 max: 37.52790631268388
Ep: 168 | Ep_r: 38.8 | t_so_far: {4528} | epsilon: 0.563 max: 38.80232505014711
Ep: 169 | Ep_r: 39.34 | t_so_far: {4578} | epsilon: 0.567 max: 39.34186004011769
Ep: 170 | Ep_r: 39.64 | t_so_far: {4628} | epsilon: 0.57 max: 39.64015469876081
Ep: 171 | Ep_r: 39.62 | t_so_far: {4678} | epsilon: 0.574 max: 39.64015469876081
Ep: 172 | Ep_r: 39.81 | t_so_far: {4728} | epsilon: 0.577 max: 39.80836567387359
Ep: 173 | Ep_r: 40.29 | t_so_far: {4778} | epsilon: 0.58 max: 40.29335920576554
Ep: 174 | Ep_r: 40.97 | t_so_far: {4828} | epsilon: 0.584 max: 40.96802069794577
Ep: 175 | Ep_r: 33.33 | t_so_far: {4832} | epsilon: 0.584 max: 40.96802069794577
Ep: 176 | Ep_r: 34.35 | t_so_far: {4882} | epsilon: 0.587 max: 40.96802069794577
Ep: 177 | Ep_r: 35.63 | t_so_far: {4932} | epsilon: 0.591 max: 40.96802069794577
Ep: 178 | Ep_r: 30.57 | t_so_far: {4945} | epsilon: 0.591 max: 40.96802069794577
Ep: 179 | Ep_r: 31.41 | t_so_far: {4983} | epsilon: 0.594 max: 40.96802069794577
Ep: 180 | Ep_r: 32.01 | t_so_far: {5026} | epsilon: 0.597 max: 40.96802069794577
Ep: 181 | Ep_r: 30.59 | t_so_far: {5054} | epsilon: 0.598 max: 40.96802069794577
Ep: 182 | Ep_r: 26.43 | t_so_far: {5066} | epsilon: 0.599 max: 40.96802069794577
Ep: 183 | Ep_r: 29.33 | t_so_far: {5116} | epsilon: 0.602 max: 40.96802069794577
Ep: 184 | Ep_r: 30.11 | t_so_far: {5155} | epsilon: 0.605 max: 40.96802069794577
Ep: 185 | Ep_r: 32.46 | t_so_far: {5205} | epsilon: 0.608 max: 40.96802069794577
Ep: 186 | Ep_r: 34.06 | t_so_far: {5255} | epsilon: 0.611 max: 40.96802069794577
Ep: 187 | Ep_r: 36.03 | t_so_far: {5305} | epsilon: 0.614 max: 40.96802069794577
Ep: 188 | Ep_r: 37.75 | t_so_far: {5355} | epsilon: 0.617 max: 40.96802069794577
Ep: 189 | Ep_r: 34.79 | t_so_far: {5381} | epsilon: 0.619 max: 40.96802069794577
Ep: 190 | Ep_r: 33.07 | t_so_far: {5411} | epsilon: 0.621 max: 40.96802069794577
Ep: 191 | Ep_r: 30.11 | t_so_far: {5433} | epsilon: 0.622 max: 40.96802069794577
Ep: 192 | Ep_r: 30.56 | t_so_far: {5474} | epsilon: 0.624 max: 40.96802069794577
Ep: 193 | Ep_r: 28.61 | t_so_far: {5499} | epsilon: 0.626 max: 40.96802069794577
Ep: 194 | Ep_r: 31.67 | t_so_far: {5549} | epsilon: 0.629 max: 40.96802069794577
Ep: 195 | Ep_r: 30.86 | t_so_far: {5582} | epsilon: 0.631 max: 40.96802069794577
Ep: 196 | Ep_r: 32.22 | t_so_far: {5622} | epsilon: 0.633 max: 40.96802069794577
Ep: 197 | Ep_r: 34.23 | t_so_far: {5672} | epsilon: 0.636 max: 40.96802069794577
Ep: 198 | Ep_r: 35.47 | t_so_far: {5722} | epsilon: 0.639 max: 40.96802069794577
Ep: 199 | Ep_r: 29.6 | t_so_far: {5730} | epsilon: 0.64 max: 40.96802069794577
Ep: 200 | Ep_r: 24.33 | t_so_far: {5734} | epsilon: 0.64 max: 40.96802069794577
Ep: 201 | Ep_r: 27.51 | t_so_far: {5781} | epsilon: 0.642 max: 40.96802069794577
Ep: 202 | Ep_r: 30.26 | t_so_far: {5831} | epsilon: 0.645 max: 40.96802069794577
Ep: 203 | Ep_r: 32.41 | t_so_far: {5881} | epsilon: 0.648 max: 40.96802069794577
Ep: 204 | Ep_r: 34.23 | t_so_far: {5931} | epsilon: 0.651 max: 40.96802069794577
Ep: 205 | Ep_r: 35.79 | t_so_far: {5981} | epsilon: 0.654 max: 40.96802069794577
Ep: 206 | Ep_r: 38.28 | t_so_far: {6031} | epsilon: 0.656 max: 40.96802069794577
Ep: 207 | Ep_r: 33.87 | t_so_far: {6051} | epsilon: 0.658 max: 40.96802069794577
Ep: 208 | Ep_r: 36.26 | t_so_far: {6101} | epsilon: 0.66 max: 40.96802069794577
Ep: 209 | Ep_r: 31.98 | t_so_far: {6119} | epsilon: 0.661 max: 40.96802069794577
Ep: 210 | Ep_r: 34.22 | t_so_far: {6168} | epsilon: 0.664 max: 40.96802069794577
Ep: 211 | Ep_r: 33.99 | t_so_far: {6203} | epsilon: 0.666 max: 40.96802069794577
Ep: 212 | Ep_r: 35.17 | t_so_far: {6253} | epsilon: 0.668 max: 40.96802069794577
Ep: 213 | Ep_r: 28.9 | t_so_far: {6258} | epsilon: 0.669 max: 40.96802069794577
Ep: 214 | Ep_r: 31.25 | t_so_far: {6308} | epsilon: 0.671 max: 40.96802069794577
Ep: 215 | Ep_r: 33.21 | t_so_far: {6357} | epsilon: 0.674 max: 40.96802069794577
Ep: 216 | Ep_r: 27.6 | t_so_far: {6363} | epsilon: 0.674 max: 40.96802069794577
Ep: 217 | Ep_r: 25.29 | t_so_far: {6381} | epsilon: 0.675 max: 40.96802069794577
Ep: 218 | Ep_r: 29.5 | t_so_far: {6431} | epsilon: 0.678 max: 40.96802069794577
Ep: 219 | Ep_r: 32.41 | t_so_far: {6481} | epsilon: 0.68 max: 40.96802069794577
Ep: 220 | Ep_r: 33.99 | t_so_far: {6528} | epsilon: 0.683 max: 40.96802069794577
Ep: 221 | Ep_r: 34.22 | t_so_far: {6570} | epsilon: 0.685 max: 40.96802069794577
Ep: 222 | Ep_r: 29.78 | t_so_far: {6584} | epsilon: 0.685 max: 40.96802069794577
Ep: 223 | Ep_r: 30.78 | t_so_far: {6622} | epsilon: 0.687 max: 40.96802069794577
Ep: 224 | Ep_r: 33.92 | t_so_far: {6672} | epsilon: 0.69 max: 40.96802069794577
Ep: 225 | Ep_r: 33.61 | t_so_far: {6711} | epsilon: 0.692 max: 40.96802069794577
Ep: 226 | Ep_r: 30.85 | t_so_far: {6735} | epsilon: 0.693 max: 40.96802069794577
Ep: 227 | Ep_r: 29.56 | t_so_far: {6762} | epsilon: 0.694 max: 40.96802069794577
Ep: 228 | Ep_r: 28.84 | t_so_far: {6791} | epsilon: 0.696 max: 40.96802069794577
Ep: 229 | Ep_r: 32.18 | t_so_far: {6841} | epsilon: 0.698 max: 40.96802069794577
Ep: 230 | Ep_r: 31.73 | t_so_far: {6873} | epsilon: 0.7 max: 40.96802069794577
Ep: 231 | Ep_r: 33.85 | t_so_far: {6923} | epsilon: 0.702 max: 40.96802069794577
Ep: 232 | Ep_r: 34.96 | t_so_far: {6973} | epsilon: 0.704 max: 40.96802069794577
Ep: 233 | Ep_r: 36.02 | t_so_far: {7023} | epsilon: 0.707 max: 40.96802069794577
Ep: 234 | Ep_r: 37.49 | t_so_far: {7073} | epsilon: 0.709 max: 40.96802069794577
Ep: 235 | Ep_r: 33.2 | t_so_far: {7091} | epsilon: 0.71 max: 40.96802069794577
Ep: 236 | Ep_r: 30.56 | t_so_far: {7115} | epsilon: 0.711 max: 40.96802069794577
Ep: 237 | Ep_r: 32.67 | t_so_far: {7165} | epsilon: 0.713 max: 40.96802069794577
Ep: 238 | Ep_r: 34.01 | t_so_far: {7215} | epsilon: 0.716 max: 40.96802069794577
Ep: 239 | Ep_r: 28.1 | t_so_far: {7221} | epsilon: 0.716 max: 40.96802069794577
Ep: 240 | Ep_r: 31.13 | t_so_far: {7271} | epsilon: 0.718 max: 40.96802069794577
Ep: 241 | Ep_r: 28.63 | t_so_far: {7292} | epsilon: 0.719 max: 40.96802069794577
Ep: 242 | Ep_r: 27.79 | t_so_far: {7321} | epsilon: 0.72 max: 40.96802069794577
Ep: 243 | Ep_r: 22.86 | t_so_far: {7325} | epsilon: 0.72 max: 40.96802069794577
Ep: 244 | Ep_r: 20.64 | t_so_far: {7340} | epsilon: 0.721 max: 40.96802069794577
Ep: 245 | Ep_r: 25.21 | t_so_far: {7390} | epsilon: 0.723 max: 40.96802069794577
Ep: 246 | Ep_r: 28.75 | t_so_far: {7440} | epsilon: 0.726 max: 40.96802069794577
Ep: 247 | Ep_r: 30.96 | t_so_far: {7490} | epsilon: 0.728 max: 40.96802069794577
Ep: 248 | Ep_r: 28.29 | t_so_far: {7510} | epsilon: 0.729 max: 40.96802069794577
Ep: 249 | Ep_r: 28.99 | t_so_far: {7553} | epsilon: 0.73 max: 40.96802069794577
Ep: 250 | Ep_r: 31.8 | t_so_far: {7603} | epsilon: 0.733 max: 40.96802069794577
Ep: 251 | Ep_r: 26.08 | t_so_far: {7607} | epsilon: 0.733 max: 40.96802069794577
Ep: 252 | Ep_r: 29.25 | t_so_far: {7657} | epsilon: 0.735 max: 40.96802069794577
Ep: 253 | Ep_r: 31.04 | t_so_far: {7707} | epsilon: 0.737 max: 40.96802069794577
Ep: 254 | Ep_r: 33.11 | t_so_far: {7757} | epsilon: 0.739 max: 40.96802069794577
Ep: 255 | Ep_r: 34.89 | t_so_far: {7807} | epsilon: 0.741 max: 40.96802069794577
Ep: 256 | Ep_r: 35.95 | t_so_far: {7857} | epsilon: 0.743 max: 40.96802069794577
Ep: 257 | Ep_r: 30.29 | t_so_far: {7867} | epsilon: 0.744 max: 40.96802069794577
Ep: 258 | Ep_r: 32.18 | t_so_far: {7917} | epsilon: 0.746 max: 40.96802069794577
Ep: 259 | Ep_r: 33.61 | t_so_far: {7967} | epsilon: 0.748 max: 40.96802069794577
Ep: 260 | Ep_r: 34.68 | t_so_far: {8017} | epsilon: 0.75 max: 40.96802069794577
Ep: 261 | Ep_r: 35.28 | t_so_far: {8067} | epsilon: 0.752 max: 40.96802069794577
Ep: 262 | Ep_r: 36.75 | t_so_far: {8117} | epsilon: 0.754 max: 40.96802069794577
Ep: 263 | Ep_r: 35.42 | t_so_far: {8150} | epsilon: 0.755 max: 40.96802069794577
Ep: 264 | Ep_r: 36.82 | t_so_far: {8200} | epsilon: 0.757 max: 40.96802069794577
Ep: 265 | Ep_r: 30.21 | t_so_far: {8205} | epsilon: 0.757 max: 40.96802069794577
Ep: 266 | Ep_r: 32.37 | t_so_far: {8255} | epsilon: 0.759 max: 40.96802069794577
Ep: 267 | Ep_r: 34.06 | t_so_far: {8305} | epsilon: 0.761 max: 40.96802069794577
Ep: 268 | Ep_r: 32.03 | t_so_far: {8334} | epsilon: 0.762 max: 40.96802069794577
Ep: 269 | Ep_r: 29.06 | t_so_far: {8355} | epsilon: 0.763 max: 40.96802069794577
Ep: 270 | Ep_r: 31.84 | t_so_far: {8405} | epsilon: 0.765 max: 40.96802069794577
Ep: 271 | Ep_r: 29.06 | t_so_far: {8425} | epsilon: 0.765 max: 40.96802069794577
Ep: 272 | Ep_r: 31.05 | t_so_far: {8475} | epsilon: 0.767 max: 40.96802069794577
Ep: 273 | Ep_r: 33.67 | t_so_far: {8525} | epsilon: 0.769 max: 40.96802069794577
Ep: 274 | Ep_r: 34.73 | t_so_far: {8575} | epsilon: 0.771 max: 40.96802069794577
Ep: 275 | Ep_r: 36.7 | t_so_far: {8625} | epsilon: 0.773 max: 40.96802069794577
Ep: 276 | Ep_r: 37.22 | t_so_far: {8675} | epsilon: 0.775 max: 40.96802069794577
Ep: 277 | Ep_r: 30.9 | t_so_far: {8682} | epsilon: 0.775 max: 40.96802069794577
Ep: 278 | Ep_r: 33.3 | t_so_far: {8732} | epsilon: 0.777 max: 40.96802069794577
Ep: 279 | Ep_r: 35.45 | t_so_far: {8782} | epsilon: 0.778 max: 40.96802069794577
Ep: 280 | Ep_r: 36.84 | t_so_far: {8832} | epsilon: 0.78 max: 40.96802069794577
Ep: 281 | Ep_r: 37.58 | t_so_far: {8882} | epsilon: 0.782 max: 40.96802069794577
Ep: 282 | Ep_r: 37.99 | t_so_far: {8932} | epsilon: 0.784 max: 40.96802069794577
Ep: 283 | Ep_r: 37.42 | t_so_far: {8972} | epsilon: 0.785 max: 40.96802069794577
Ep: 284 | Ep_r: 34.09 | t_so_far: {8998} | epsilon: 0.786 max: 40.96802069794577
Ep: 285 | Ep_r: 31.46 | t_so_far: {9024} | epsilon: 0.787 max: 40.96802069794577
Ep: 286 | Ep_r: 33.27 | t_so_far: {9074} | epsilon: 0.788 max: 40.96802069794577
Ep: 287 | Ep_r: 35.08 | t_so_far: {9124} | epsilon: 0.79 max: 40.96802069794577
Ep: 288 | Ep_r: 31.95 | t_so_far: {9146} | epsilon: 0.791 max: 40.96802069794577
Ep: 289 | Ep_r: 27.15 | t_so_far: {9156} | epsilon: 0.791 max: 40.96802069794577
Ep: 290 | Ep_r: 26.03 | t_so_far: {9182} | epsilon: 0.792 max: 40.96802069794577
Ep: 291 | Ep_r: 29.08 | t_so_far: {9232} | epsilon: 0.794 max: 40.96802069794577
Ep: 292 | Ep_r: 31.22 | t_so_far: {9280} | epsilon: 0.795 max: 40.96802069794577
Ep: 293 | Ep_r: 33.45 | t_so_far: {9330} | epsilon: 0.797 max: 40.96802069794577
Ep: 294 | Ep_r: 34.43 | t_so_far: {9380} | epsilon: 0.799 max: 40.96802069794577
Ep: 295 | Ep_r: 36.36 | t_so_far: {9430} | epsilon: 0.8 max: 40.96802069794577
Ep: 296 | Ep_r: 37.78 | t_so_far: {9480} | epsilon: 0.802 max: 40.96802069794577
Ep: 297 | Ep_r: 38.87 | t_so_far: {9530} | epsilon: 0.803 max: 40.96802069794577
Ep: 298 | Ep_r: 39.41 | t_so_far: {9580} | epsilon: 0.805 max: 40.96802069794577
Ep: 299 | Ep_r: 39.29 | t_so_far: {9630} | epsilon: 0.806 max: 40.96802069794577
Ep: 300 | Ep_r: 40.84 | t_so_far: {9680} | epsilon: 0.808 max: 40.96802069794577
Ep: 301 | Ep_r: 40.16 | t_so_far: {9730} | epsilon: 0.809 max: 40.96802069794577
Ep: 302 | Ep_r: 40.82 | t_so_far: {9780} | epsilon: 0.811 max: 40.96802069794577
Ep: 303 | Ep_r: 40.09 | t_so_far: {9830} | epsilon: 0.812 max: 40.96802069794577
Ep: 304 | Ep_r: 39.65 | t_so_far: {9880} | epsilon: 0.814 max: 40.96802069794577
Ep: 305 | Ep_r: 39.31 | t_so_far: {9930} | epsilon: 0.815 max: 40.96802069794577
Ep: 306 | Ep_r: 38.97 | t_so_far: {9980} | epsilon: 0.817 max: 40.96802069794577
Ep: 307 | Ep_r: 39.37 | t_so_far: {10030} | epsilon: 0.818 max: 40.96802069794577
Ep: 308 | Ep_r: 39.68 | t_so_far: {10080} | epsilon: 0.82 max: 40.96802069794577
Ep: 309 | Ep_r: 39.67 | t_so_far: {10130} | epsilon: 0.821 max: 40.96802069794577
Ep: 310 | Ep_r: 39.53 | t_so_far: {10180} | epsilon: 0.823 max: 40.96802069794577
Ep: 311 | Ep_r: 39.26 | t_so_far: {10230} | epsilon: 0.824 max: 40.96802069794577
Ep: 312 | Ep_r: 39.08 | t_so_far: {10280} | epsilon: 0.825 max: 40.96802069794577
Ep: 313 | Ep_r: 38.78 | t_so_far: {10330} | epsilon: 0.827 max: 40.96802069794577
Ep: 314 | Ep_r: 39.33 | t_so_far: {10380} | epsilon: 0.828 max: 40.96802069794577
Ep: 315 | Ep_r: 38.94 | t_so_far: {10430} | epsilon: 0.83 max: 40.96802069794577
Ep: 316 | Ep_r: 38.67 | t_so_far: {10480} | epsilon: 0.831 max: 40.96802069794577
Ep: 317 | Ep_r: 38.91 | t_so_far: {10530} | epsilon: 0.832 max: 40.96802069794577
Ep: 318 | Ep_r: 38.72 | t_so_far: {10580} | epsilon: 0.834 max: 40.96802069794577
Ep: 319 | Ep_r: 38.73 | t_so_far: {10630} | epsilon: 0.835 max: 40.96802069794577
Ep: 320 | Ep_r: 38.77 | t_so_far: {10680} | epsilon: 0.836 max: 40.96802069794577
Ep: 321 | Ep_r: 38.77 | t_so_far: {10730} | epsilon: 0.837 max: 40.96802069794577
Ep: 322 | Ep_r: 38.57 | t_so_far: {10780} | epsilon: 0.839 max: 40.96802069794577
Ep: 323 | Ep_r: 37.98 | t_so_far: {10830} | epsilon: 0.84 max: 40.96802069794577
Ep: 324 | Ep_r: 38.23 | t_so_far: {10880} | epsilon: 0.841 max: 40.96802069794577
Ep: 325 | Ep_r: 38.39 | t_so_far: {10930} | epsilon: 0.843 max: 40.96802069794577
Ep: 326 | Ep_r: 38.58 | t_so_far: {10980} | epsilon: 0.844 max: 40.96802069794577
Ep: 327 | Ep_r: 38.93 | t_so_far: {11030} | epsilon: 0.845 max: 40.96802069794577
Ep: 328 | Ep_r: 39.09 | t_so_far: {11080} | epsilon: 0.846 max: 40.96802069794577
Ep: 329 | Ep_r: 39.58 | t_so_far: {11130} | epsilon: 0.847 max: 40.96802069794577
Ep: 330 | Ep_r: 39.85 | t_so_far: {11180} | epsilon: 0.849 max: 40.96802069794577
Ep: 331 | Ep_r: 40.2 | t_so_far: {11230} | epsilon: 0.85 max: 40.96802069794577
Ep: 332 | Ep_r: 40.62 | t_so_far: {11280} | epsilon: 0.851 max: 40.96802069794577
Ep: 333 | Ep_r: 41.04 | t_so_far: {11330} | epsilon: 0.852 max: 41.03878964792868
Ep: 334 | Ep_r: 41.19 | t_so_far: {11380} | epsilon: 0.853 max: 41.19103171834295
Ep: 335 | Ep_r: 41.26 | t_so_far: {11430} | epsilon: 0.855 max: 41.259492041341026
Ep: 336 | Ep_r: 40.6 | t_so_far: {11480} | epsilon: 0.856 max: 41.259492041341026
Ep: 337 | Ep_r: 39.63 | t_so_far: {11530} | epsilon: 0.857 max: 41.259492041341026
Ep: 338 | Ep_r: 39.7 | t_so_far: {11580} | epsilon: 0.858 max: 41.259492041341026
Ep: 339 | Ep_r: 40.33 | t_so_far: {11630} | epsilon: 0.859 max: 41.259492041341026
Ep: 340 | Ep_r: 40.71 | t_so_far: {11680} | epsilon: 0.86 max: 41.259492041341026
Ep: 341 | Ep_r: 37.72 | t_so_far: {11710} | epsilon: 0.861 max: 41.259492041341026
Ep: 342 | Ep_r: 38.93 | t_so_far: {11760} | epsilon: 0.862 max: 41.259492041341026
Ep: 343 | Ep_r: 38.99 | t_so_far: {11810} | epsilon: 0.863 max: 41.259492041341026
Ep: 344 | Ep_r: 31.94 | t_so_far: {11815} | epsilon: 0.863 max: 41.259492041341026
Ep: 345 | Ep_r: 29.45 | t_so_far: {11840} | epsilon: 0.864 max: 41.259492041341026
Ep: 346 | Ep_r: 32.37 | t_so_far: {11890} | epsilon: 0.865 max: 41.259492041341026
Ep: 347 | Ep_r: 34.29 | t_so_far: {11940} | epsilon: 0.866 max: 41.259492041341026
Ep: 348 | Ep_r: 35.66 | t_so_far: {11990} | epsilon: 0.867 max: 41.259492041341026
Ep: 349 | Ep_r: 37.07 | t_so_far: {12040} | epsilon: 0.868 max: 41.259492041341026
Ep: 350 | Ep_r: 37.73 | t_so_far: {12090} | epsilon: 0.869 max: 41.259492041341026
Ep: 351 | Ep_r: 38.67 | t_so_far: {12140} | epsilon: 0.87 max: 41.259492041341026
Ep: 352 | Ep_r: 38.91 | t_so_far: {12190} | epsilon: 0.871 max: 41.259492041341026
Ep: 353 | Ep_r: 39.78 | t_so_far: {12240} | epsilon: 0.872 max: 41.259492041341026
Ep: 354 | Ep_r: 39.87 | t_so_far: {12290} | epsilon: 0.873 max: 41.259492041341026
Ep: 355 | Ep_r: 40.77 | t_so_far: {12340} | epsilon: 0.874 max: 41.259492041341026
Ep: 356 | Ep_r: 37.9 | t_so_far: {12371} | epsilon: 0.875 max: 41.259492041341026
Ep: 357 | Ep_r: 38.6 | t_so_far: {12421} | epsilon: 0.876 max: 41.259492041341026
Ep: 358 | Ep_r: 38.18 | t_so_far: {12464} | epsilon: 0.877 max: 41.259492041341026
Ep: 359 | Ep_r: 39.12 | t_so_far: {12514} | epsilon: 0.878 max: 41.259492041341026
Ep: 360 | Ep_r: 39.79 | t_so_far: {12564} | epsilon: 0.879 max: 41.259492041341026
Ep: 361 | Ep_r: 40.16 | t_so_far: {12614} | epsilon: 0.88 max: 41.259492041341026
Ep: 362 | Ep_r: 41.0 | t_so_far: {12664} | epsilon: 0.88 max: 41.259492041341026
Ep: 363 | Ep_r: 35.3 | t_so_far: {12680} | epsilon: 0.881 max: 41.259492041341026
Ep: 364 | Ep_r: 36.77 | t_so_far: {12730} | epsilon: 0.882 max: 41.259492041341026
Ep: 365 | Ep_r: 30.02 | t_so_far: {12734} | epsilon: 0.882 max: 41.259492041341026
Ep: 366 | Ep_r: 31.82 | t_so_far: {12784} | epsilon: 0.883 max: 41.259492041341026
Ep: 367 | Ep_r: 32.04 | t_so_far: {12821} | epsilon: 0.883 max: 41.259492041341026
Ep: 368 | Ep_r: 34.58 | t_so_far: {12871} | epsilon: 0.884 max: 41.259492041341026
Ep: 369 | Ep_r: 36.55 | t_so_far: {12921} | epsilon: 0.885 max: 41.259492041341026
Ep: 370 | Ep_r: 38.0 | t_so_far: {12971} | epsilon: 0.886 max: 41.259492041341026
Ep: 371 | Ep_r: 39.91 | t_so_far: {13021} | epsilon: 0.887 max: 41.259492041341026
Ep: 372 | Ep_r: 38.93 | t_so_far: {13064} | epsilon: 0.888 max: 41.259492041341026
Ep: 373 | Ep_r: 40.41 | t_so_far: {13114} | epsilon: 0.889 max: 41.259492041341026
Ep: 374 | Ep_r: 32.97 | t_so_far: {13118} | epsilon: 0.889 max: 41.259492041341026
Ep: 375 | Ep_r: 34.69 | t_so_far: {13168} | epsilon: 0.89 max: 41.259492041341026
Ep: 376 | Ep_r: 36.59 | t_so_far: {13218} | epsilon: 0.891 max: 41.259492041341026
Ep: 377 | Ep_r: 37.53 | t_so_far: {13268} | epsilon: 0.891 max: 41.259492041341026
Ep: 378 | Ep_r: 39.13 | t_so_far: {13318} | epsilon: 0.892 max: 41.259492041341026
Ep: 379 | Ep_r: 39.57 | t_so_far: {13368} | epsilon: 0.893 max: 41.259492041341026
Ep: 380 | Ep_r: 40.23 | t_so_far: {13418} | epsilon: 0.894 max: 41.259492041341026
Ep: 381 | Ep_r: 41.12 | t_so_far: {13468} | epsilon: 0.895 max: 41.259492041341026
Ep: 382 | Ep_r: 41.68 | t_so_far: {13518} | epsilon: 0.896 max: 41.684118390634694
Ep: 383 | Ep_r: 39.87 | t_so_far: {13558} | epsilon: 0.896 max: 41.684118390634694
Ep: 384 | Ep_r: 41.31 | t_so_far: {13608} | epsilon: 0.897 max: 41.684118390634694
Ep: 385 | Ep_r: 40.98 | t_so_far: {13652} | epsilon: 0.898 max: 41.684118390634694
Ep: 386 | Ep_r: 37.45 | t_so_far: {13681} | epsilon: 0.898 max: 41.684118390634694
Ep: 387 | Ep_r: 37.57 | t_so_far: {13731} | epsilon: 0.899 max: 41.684118390634694
Ep: 388 | Ep_r: 32.16 | t_so_far: {13743} | epsilon: 0.899 max: 41.684118390634694
Ep: 389 | Ep_r: 34.04 | t_so_far: {13793} | epsilon: 0.9 max: 41.684118390634694
Ep: 390 | Ep_r: 33.01 | t_so_far: {13829} | epsilon: 0.901 max: 41.684118390634694
Ep: 391 | Ep_r: 34.29 | t_so_far: {13879} | epsilon: 0.901 max: 41.684118390634694
Ep: 392 | Ep_r: 35.53 | t_so_far: {13929} | epsilon: 0.902 max: 41.684118390634694
Ep: 393 | Ep_r: 37.34 | t_so_far: {13979} | epsilon: 0.903 max: 41.684118390634694
Ep: 394 | Ep_r: 38.62 | t_so_far: {14029} | epsilon: 0.904 max: 41.684118390634694
Ep: 395 | Ep_r: 35.79 | t_so_far: {14061} | epsilon: 0.904 max: 41.684118390634694
Ep: 396 | Ep_r: 37.31 | t_so_far: {14111} | epsilon: 0.905 max: 41.684118390634694
Ep: 397 | Ep_r: 30.28 | t_so_far: {14114} | epsilon: 0.905 max: 41.684118390634694
Ep: 398 | Ep_r: 32.11 | t_so_far: {14164} | epsilon: 0.906 max: 41.684118390634694
Ep: 399 | Ep_r: 33.47 | t_so_far: {14214} | epsilon: 0.907 max: 41.684118390634694
Ep: 400 | Ep_r: 35.1 | t_so_far: {14264} | epsilon: 0.907 max: 41.684118390634694
Ep: 401 | Ep_r: 36.29 | t_so_far: {14314} | epsilon: 0.908 max: 41.684118390634694
Ep: 402 | Ep_r: 37.53 | t_so_far: {14362} | epsilon: 0.909 max: 41.684118390634694
Ep: 403 | Ep_r: 37.14 | t_so_far: {14401} | epsilon: 0.909 max: 41.684118390634694
Ep: 404 | Ep_r: 37.63 | t_so_far: {14451} | epsilon: 0.91 max: 41.684118390634694
Ep: 405 | Ep_r: 38.35 | t_so_far: {14501} | epsilon: 0.911 max: 41.684118390634694
Ep: 406 | Ep_r: 39.11 | t_so_far: {14551} | epsilon: 0.911 max: 41.684118390634694
Ep: 407 | Ep_r: 40.19 | t_so_far: {14601} | epsilon: 0.912 max: 41.684118390634694
Ep: 408 | Ep_r: 40.95 | t_so_far: {14651} | epsilon: 0.913 max: 41.684118390634694
Ep: 409 | Ep_r: 40.32 | t_so_far: {14701} | epsilon: 0.913 max: 41.684118390634694
Ep: 410 | Ep_r: 35.92 | t_so_far: {14723} | epsilon: 0.914 max: 41.684118390634694
Ep: 411 | Ep_r: 37.53 | t_so_far: {14773} | epsilon: 0.914 max: 41.684118390634694
Ep: 412 | Ep_r: 38.7 | t_so_far: {14823} | epsilon: 0.915 max: 41.684118390634694
Ep: 413 | Ep_r: 39.31 | t_so_far: {14873} | epsilon: 0.916 max: 41.684118390634694
Ep: 414 | Ep_r: 32.3 | t_so_far: {14879} | epsilon: 0.916 max: 41.684118390634694
Ep: 415 | Ep_r: 34.45 | t_so_far: {14929} | epsilon: 0.916 max: 41.684118390634694
Ep: 416 | Ep_r: 35.5 | t_so_far: {14979} | epsilon: 0.917 max: 41.684118390634694
Ep: 417 | Ep_r: 36.98 | t_so_far: {15029} | epsilon: 0.918 max: 41.684118390634694
Ep: 418 | Ep_r: 37.91 | t_so_far: {15079} | epsilon: 0.918 max: 41.684118390634694
Ep: 419 | Ep_r: 38.52 | t_so_far: {15129} | epsilon: 0.919 max: 41.684118390634694
Ep: 420 | Ep_r: 39.71 | t_so_far: {15179} | epsilon: 0.92 max: 41.684118390634694
Ep: 421 | Ep_r: 40.33 | t_so_far: {15229} | epsilon: 0.92 max: 41.684118390634694
Ep: 422 | Ep_r: 40.76 | t_so_far: {15279} | epsilon: 0.921 max: 41.684118390634694
Ep: 423 | Ep_r: 34.86 | t_so_far: {15292} | epsilon: 0.921 max: 41.684118390634694
Ep: 424 | Ep_r: 35.97 | t_so_far: {15342} | epsilon: 0.922 max: 41.684118390634694
Ep: 425 | Ep_r: 37.15 | t_so_far: {15392} | epsilon: 0.922 max: 41.684118390634694
Ep: 426 | Ep_r: 37.8 | t_so_far: {15442} | epsilon: 0.923 max: 41.684118390634694
Ep: 427 | Ep_r: 30.89 | t_so_far: {15446} | epsilon: 0.923 max: 41.684118390634694
Ep: 428 | Ep_r: 33.44 | t_so_far: {15496} | epsilon: 0.924 max: 41.684118390634694
Ep: 429 | Ep_r: 35.4 | t_so_far: {15546} | epsilon: 0.924 max: 41.684118390634694
Ep: 430 | Ep_r: 36.02 | t_so_far: {15596} | epsilon: 0.925 max: 41.684118390634694
Ep: 431 | Ep_r: 37.32 | t_so_far: {15646} | epsilon: 0.925 max: 41.684118390634694
Ep: 432 | Ep_r: 38.9 | t_so_far: {15696} | epsilon: 0.926 max: 41.684118390634694
Ep: 433 | Ep_r: 33.45 | t_so_far: {15710} | epsilon: 0.926 max: 41.684118390634694
Ep: 434 | Ep_r: 32.35 | t_so_far: {15741} | epsilon: 0.927 max: 41.684118390634694
Ep: 435 | Ep_r: 28.99 | t_so_far: {15759} | epsilon: 0.927 max: 41.684118390634694
Ep: 436 | Ep_r: 31.21 | t_so_far: {15809} | epsilon: 0.927 max: 41.684118390634694
Ep: 437 | Ep_r: 30.9 | t_so_far: {15845} | epsilon: 0.928 max: 41.684118390634694
Ep: 438 | Ep_r: 33.17 | t_so_far: {15895} | epsilon: 0.928 max: 41.684118390634694
Ep: 439 | Ep_r: 34.19 | t_so_far: {15945} | epsilon: 0.929 max: 41.684118390634694
Ep: 440 | Ep_r: 35.73 | t_so_far: {15995} | epsilon: 0.929 max: 41.684118390634694
Ep: 441 | Ep_r: 36.63 | t_so_far: {16045} | epsilon: 0.93 max: 41.684118390634694
Ep: 442 | Ep_r: 37.38 | t_so_far: {16095} | epsilon: 0.931 max: 41.684118390634694
Ep: 443 | Ep_r: 38.56 | t_so_far: {16145} | epsilon: 0.931 max: 41.684118390634694
Ep: 444 | Ep_r: 33.05 | t_so_far: {16159} | epsilon: 0.931 max: 41.684118390634694
Ep: 445 | Ep_r: 35.34 | t_so_far: {16209} | epsilon: 0.932 max: 41.684118390634694
Ep: 446 | Ep_r: 35.88 | t_so_far: {16259} | epsilon: 0.932 max: 41.684118390634694
Ep: 447 | Ep_r: 33.09 | t_so_far: {16286} | epsilon: 0.933 max: 41.684118390634694
Ep: 448 | Ep_r: 31.7 | t_so_far: {16314} | epsilon: 0.933 max: 41.684118390634694
Ep: 449 | Ep_r: 33.38 | t_so_far: {16364} | epsilon: 0.933 max: 41.684118390634694
Ep: 450 | Ep_r: 33.71 | t_so_far: {16414} | epsilon: 0.934 max: 41.684118390634694
Ep: 451 | Ep_r: 35.2 | t_so_far: {16464} | epsilon: 0.934 max: 41.684118390634694
Ep: 452 | Ep_r: 36.85 | t_so_far: {16514} | epsilon: 0.935 max: 41.684118390634694
Ep: 453 | Ep_r: 37.92 | t_so_far: {16564} | epsilon: 0.935 max: 41.684118390634694
Ep: 454 | Ep_r: 38.4 | t_so_far: {16614} | epsilon: 0.936 max: 41.684118390634694
Ep: 455 | Ep_r: 39.58 | t_so_far: {16664} | epsilon: 0.936 max: 41.684118390634694
Ep: 456 | Ep_r: 33.77 | t_so_far: {16678} | epsilon: 0.937 max: 41.684118390634694
Ep: 457 | Ep_r: 32.12 | t_so_far: {16709} | epsilon: 0.937 max: 41.684118390634694
Ep: 458 | Ep_r: 32.86 | t_so_far: {16759} | epsilon: 0.937 max: 41.684118390634694
Ep: 459 | Ep_r: 34.38 | t_so_far: {16809} | epsilon: 0.938 max: 41.684118390634694
Ep: 460 | Ep_r: 35.72 | t_so_far: {16859} | epsilon: 0.938 max: 41.684118390634694
Ep: 461 | Ep_r: 37.19 | t_so_far: {16909} | epsilon: 0.939 max: 41.684118390634694
Ep: 462 | Ep_r: 36.42 | t_so_far: {16959} | epsilon: 0.939 max: 41.684118390634694
Ep: 463 | Ep_r: 37.28 | t_so_far: {17009} | epsilon: 0.94 max: 41.684118390634694
Ep: 464 | Ep_r: 37.72 | t_so_far: {17059} | epsilon: 0.94 max: 41.684118390634694
Ep: 465 | Ep_r: 38.24 | t_so_far: {17109} | epsilon: 0.941 max: 41.684118390634694
Ep: 466 | Ep_r: 38.33 | t_so_far: {17155} | epsilon: 0.941 max: 41.684118390634694
Ep: 467 | Ep_r: 38.99 | t_so_far: {17205} | epsilon: 0.942 max: 41.684118390634694
Ep: 468 | Ep_r: 38.22 | t_so_far: {17245} | epsilon: 0.942 max: 41.684118390634694
Ep: 469 | Ep_r: 31.38 | t_so_far: {17250} | epsilon: 0.942 max: 41.684118390634694
Ep: 470 | Ep_r: 33.88 | t_so_far: {17300} | epsilon: 0.943 max: 41.684118390634694
Ep: 471 | Ep_r: 35.72 | t_so_far: {17350} | epsilon: 0.943 max: 41.684118390634694
Ep: 472 | Ep_r: 34.05 | t_so_far: {17382} | epsilon: 0.943 max: 41.684118390634694
Ep: 473 | Ep_r: 35.35 | t_so_far: {17432} | epsilon: 0.944 max: 41.684118390634694
Ep: 474 | Ep_r: 36.93 | t_so_far: {17482} | epsilon: 0.944 max: 41.684118390634694
Ep: 475 | Ep_r: 37.72 | t_so_far: {17532} | epsilon: 0.945 max: 41.684118390634694
Ep: 476 | Ep_r: 38.06 | t_so_far: {17582} | epsilon: 0.945 max: 41.684118390634694
Ep: 477 | Ep_r: 37.85 | t_so_far: {17632} | epsilon: 0.945 max: 41.684118390634694
Ep: 478 | Ep_r: 38.68 | t_so_far: {17682} | epsilon: 0.946 max: 41.684118390634694
Ep: 479 | Ep_r: 38.38 | t_so_far: {17732} | epsilon: 0.946 max: 41.684118390634694
Ep: 480 | Ep_r: 38.17 | t_so_far: {17782} | epsilon: 0.947 max: 41.684118390634694
Ep: 481 | Ep_r: 33.38 | t_so_far: {17799} | epsilon: 0.947 max: 41.684118390634694
Ep: 482 | Ep_r: 29.58 | t_so_far: {17816} | epsilon: 0.947 max: 41.684118390634694
Ep: 483 | Ep_r: 31.77 | t_so_far: {17866} | epsilon: 0.947 max: 41.684118390634694
Ep: 484 | Ep_r: 34.18 | t_so_far: {17916} | epsilon: 0.948 max: 41.684118390634694
Ep: 485 | Ep_r: 35.34 | t_so_far: {17966} | epsilon: 0.948 max: 41.684118390634694
Ep: 486 | Ep_r: 36.08 | t_so_far: {18016} | epsilon: 0.949 max: 41.684118390634694
Ep: 487 | Ep_r: 37.15 | t_so_far: {18066} | epsilon: 0.949 max: 41.684118390634694
Ep: 488 | Ep_r: 38.51 | t_so_far: {18116} | epsilon: 0.949 max: 41.684118390634694
Ep: 489 | Ep_r: 38.94 | t_so_far: {18166} | epsilon: 0.95 max: 41.684118390634694
Ep: 490 | Ep_r: 39.45 | t_so_far: {18216} | epsilon: 0.95 max: 41.684118390634694
Ep: 491 | Ep_r: 39.63 | t_so_far: {18266} | epsilon: 0.951 max: 41.684118390634694
Ep: 492 | Ep_r: 40.54 | t_so_far: {18316} | epsilon: 0.951 max: 41.684118390634694
Ep: 493 | Ep_r: 40.62 | t_so_far: {18366} | epsilon: 0.951 max: 41.684118390634694
Ep: 494 | Ep_r: 40.21 | t_so_far: {18416} | epsilon: 0.952 max: 41.684118390634694
Ep: 495 | Ep_r: 40.34 | t_so_far: {18466} | epsilon: 0.952 max: 41.684118390634694
Ep: 496 | Ep_r: 40.35 | t_so_far: {18516} | epsilon: 0.953 max: 41.684118390634694
Ep: 497 | Ep_r: 40.57 | t_so_far: {18566} | epsilon: 0.953 max: 41.684118390634694
Ep: 498 | Ep_r: 40.32 | t_so_far: {18616} | epsilon: 0.953 max: 41.684118390634694
Ep: 499 | Ep_r: 40.29 | t_so_far: {18666} | epsilon: 0.954 max: 41.684118390634694
Ep: 500 | Ep_r: 40.4 | t_so_far: {18716} | epsilon: 0.954 max: 41.684118390634694
Ep: 501 | Ep_r: 39.67 | t_so_far: {18766} | epsilon: 0.954 max: 41.684118390634694
Ep: 502 | Ep_r: 39.4 | t_so_far: {18816} | epsilon: 0.955 max: 41.684118390634694
Ep: 503 | Ep_r: 39.13 | t_so_far: {18866} | epsilon: 0.955 max: 41.684118390634694
Ep: 504 | Ep_r: 38.98 | t_so_far: {18916} | epsilon: 0.955 max: 41.684118390634694
Ep: 505 | Ep_r: 38.8 | t_so_far: {18966} | epsilon: 0.956 max: 41.684118390634694
Ep: 506 | Ep_r: 39.19 | t_so_far: {19016} | epsilon: 0.956 max: 41.684118390634694
Ep: 507 | Ep_r: 39.25 | t_so_far: {19066} | epsilon: 0.956 max: 41.684118390634694
Ep: 508 | Ep_r: 35.46 | t_so_far: {19090} | epsilon: 0.957 max: 41.684118390634694
Ep: 509 | Ep_r: 36.64 | t_so_far: {19140} | epsilon: 0.957 max: 41.684118390634694
Ep: 510 | Ep_r: 37.52 | t_so_far: {19190} | epsilon: 0.957 max: 41.684118390634694
Ep: 511 | Ep_r: 37.04 | t_so_far: {19232} | epsilon: 0.958 max: 41.684118390634694
Ep: 512 | Ep_r: 38.08 | t_so_far: {19282} | epsilon: 0.958 max: 41.684118390634694
Ep: 513 | Ep_r: 37.8 | t_so_far: {19332} | epsilon: 0.958 max: 41.684118390634694
Ep: 514 | Ep_r: 37.58 | t_so_far: {19382} | epsilon: 0.959 max: 41.684118390634694
Ep: 515 | Ep_r: 37.49 | t_so_far: {19432} | epsilon: 0.959 max: 41.684118390634694
Ep: 516 | Ep_r: 37.69 | t_so_far: {19482} | epsilon: 0.959 max: 41.684118390634694
Ep: 517 | Ep_r: 38.58 | t_so_far: {19532} | epsilon: 0.959 max: 41.684118390634694
Ep: 518 | Ep_r: 38.79 | t_so_far: {19582} | epsilon: 0.96 max: 41.684118390634694
Ep: 519 | Ep_r: 38.78 | t_so_far: {19632} | epsilon: 0.96 max: 41.684118390634694
Ep: 520 | Ep_r: 38.18 | t_so_far: {19682} | epsilon: 0.96 max: 41.684118390634694
Ep: 521 | Ep_r: 37.66 | t_so_far: {19732} | epsilon: 0.961 max: 41.684118390634694
Ep: 522 | Ep_r: 37.27 | t_so_far: {19782} | epsilon: 0.961 max: 41.684118390634694
Ep: 523 | Ep_r: 37.58 | t_so_far: {19832} | epsilon: 0.961 max: 41.684118390634694
Ep: 524 | Ep_r: 38.23 | t_so_far: {19882} | epsilon: 0.962 max: 41.684118390634694
Ep: 525 | Ep_r: 38.36 | t_so_far: {19932} | epsilon: 0.962 max: 41.684118390634694
Ep: 526 | Ep_r: 39.08 | t_so_far: {19982} | epsilon: 0.962 max: 41.684118390634694
Ep: 527 | Ep_r: 38.95 | t_so_far: {20032} | epsilon: 0.963 max: 41.684118390634694
Ep: 528 | Ep_r: 39.64 | t_so_far: {20082} | epsilon: 0.963 max: 41.684118390634694
Ep: 529 | Ep_r: 39.73 | t_so_far: {20132} | epsilon: 0.963 max: 41.684118390634694
Ep: 530 | Ep_r: 40.4 | t_so_far: {20182} | epsilon: 0.963 max: 41.684118390634694
Ep: 531 | Ep_r: 40.23 | t_so_far: {20232} | epsilon: 0.964 max: 41.684118390634694
Ep: 532 | Ep_r: 33.86 | t_so_far: {20242} | epsilon: 0.964 max: 41.684118390634694
Ep: 533 | Ep_r: 34.71 | t_so_far: {20292} | epsilon: 0.964 max: 41.684118390634694
Ep: 534 | Ep_r: 35.73 | t_so_far: {20342} | epsilon: 0.964 max: 41.684118390634694
Ep: 535 | Ep_r: 36.56 | t_so_far: {20392} | epsilon: 0.965 max: 41.684118390634694
Ep: 536 | Ep_r: 37.39 | t_so_far: {20442} | epsilon: 0.965 max: 41.684118390634694
Ep: 537 | Ep_r: 37.56 | t_so_far: {20492} | epsilon: 0.965 max: 41.684118390634694
Ep: 538 | Ep_r: 38.34 | t_so_far: {20542} | epsilon: 0.965 max: 41.684118390634694
Ep: 539 | Ep_r: 39.04 | t_so_far: {20592} | epsilon: 0.966 max: 41.684118390634694
Ep: 540 | Ep_r: 32.81 | t_so_far: {20602} | epsilon: 0.966 max: 41.684118390634694
Ep: 541 | Ep_r: 34.0 | t_so_far: {20652} | epsilon: 0.966 max: 41.684118390634694
Ep: 542 | Ep_r: 34.71 | t_so_far: {20702} | epsilon: 0.966 max: 41.684118390634694
Ep: 543 | Ep_r: 35.57 | t_so_far: {20752} | epsilon: 0.967 max: 41.684118390634694
Ep: 544 | Ep_r: 36.26 | t_so_far: {20802} | epsilon: 0.967 max: 41.684118390634694
Ep: 545 | Ep_r: 36.3 | t_so_far: {20852} | epsilon: 0.967 max: 41.684118390634694
Ep: 546 | Ep_r: 36.98 | t_so_far: {20902} | epsilon: 0.967 max: 41.684118390634694
Ep: 547 | Ep_r: 37.88 | t_so_far: {20952} | epsilon: 0.968 max: 41.684118390634694
Ep: 548 | Ep_r: 37.77 | t_so_far: {21002} | epsilon: 0.968 max: 41.684118390634694
Ep: 549 | Ep_r: 35.61 | t_so_far: {21035} | epsilon: 0.968 max: 41.684118390634694
Ep: 550 | Ep_r: 36.53 | t_so_far: {21085} | epsilon: 0.968 max: 41.684118390634694
Ep: 551 | Ep_r: 37.31 | t_so_far: {21135} | epsilon: 0.968 max: 41.684118390634694
Ep: 552 | Ep_r: 37.02 | t_so_far: {21185} | epsilon: 0.969 max: 41.684118390634694
Ep: 553 | Ep_r: 37.75 | t_so_far: {21235} | epsilon: 0.969 max: 41.684118390634694
Ep: 554 | Ep_r: 37.86 | t_so_far: {21285} | epsilon: 0.969 max: 41.684118390634694
Ep: 555 | Ep_r: 37.94 | t_so_far: {21335} | epsilon: 0.969 max: 41.684118390634694
Ep: 556 | Ep_r: 38.53 | t_so_far: {21385} | epsilon: 0.97 max: 41.684118390634694
Ep: 557 | Ep_r: 38.14 | t_so_far: {21435} | epsilon: 0.97 max: 41.684118390634694
Ep: 558 | Ep_r: 38.23 | t_so_far: {21485} | epsilon: 0.97 max: 41.684118390634694
Ep: 559 | Ep_r: 38.31 | t_so_far: {21535} | epsilon: 0.97 max: 41.684118390634694
Ep: 560 | Ep_r: 37.77 | t_so_far: {21585} | epsilon: 0.971 max: 41.684118390634694
Ep: 561 | Ep_r: 37.85 | t_so_far: {21635} | epsilon: 0.971 max: 41.684118390634694
Ep: 562 | Ep_r: 37.9 | t_so_far: {21685} | epsilon: 0.971 max: 41.684118390634694
Ep: 563 | Ep_r: 37.51 | t_so_far: {21735} | epsilon: 0.971 max: 41.684118390634694
Ep: 564 | Ep_r: 37.64 | t_so_far: {21785} | epsilon: 0.971 max: 41.684118390634694
Ep: 565 | Ep_r: 37.5 | t_so_far: {21835} | epsilon: 0.972 max: 41.684118390634694
Ep: 566 | Ep_r: 36.94 | t_so_far: {21885} | epsilon: 0.972 max: 41.684118390634694
Ep: 567 | Ep_r: 38.16 | t_so_far: {21935} | epsilon: 0.972 max: 41.684118390634694
Ep: 568 | Ep_r: 38.74 | t_so_far: {21985} | epsilon: 0.972 max: 41.684118390634694
Ep: 569 | Ep_r: 39.46 | t_so_far: {22035} | epsilon: 0.973 max: 41.684118390634694
Ep: 570 | Ep_r: 38.84 | t_so_far: {22085} | epsilon: 0.973 max: 41.684118390634694
Ep: 571 | Ep_r: 38.48 | t_so_far: {22135} | epsilon: 0.973 max: 41.684118390634694
Ep: 572 | Ep_r: 39.18 | t_so_far: {22185} | epsilon: 0.973 max: 41.684118390634694
Ep: 573 | Ep_r: 38.52 | t_so_far: {22235} | epsilon: 0.973 max: 41.684118390634694
Ep: 574 | Ep_r: 38.93 | t_so_far: {22285} | epsilon: 0.974 max: 41.684118390634694
Ep: 575 | Ep_r: 38.75 | t_so_far: {22327} | epsilon: 0.974 max: 41.684118390634694
Ep: 576 | Ep_r: 38.96 | t_so_far: {22377} | epsilon: 0.974 max: 41.684118390634694
Ep: 577 | Ep_r: 38.99 | t_so_far: {22427} | epsilon: 0.974 max: 41.684118390634694
Ep: 578 | Ep_r: 38.7 | t_so_far: {22477} | epsilon: 0.974 max: 41.684118390634694
Ep: 579 | Ep_r: 40.0 | t_so_far: {22527} | epsilon: 0.975 max: 41.684118390634694
Ep: 580 | Ep_r: 39.44 | t_so_far: {22573} | epsilon: 0.975 max: 41.684118390634694
Ep: 581 | Ep_r: 40.18 | t_so_far: {22623} | epsilon: 0.975 max: 41.684118390634694
Ep: 582 | Ep_r: 36.85 | t_so_far: {22650} | epsilon: 0.975 max: 41.684118390634694
Ep: 583 | Ep_r: 37.87 | t_so_far: {22700} | epsilon: 0.975 max: 41.684118390634694
Ep: 584 | Ep_r: 33.86 | t_so_far: {22721} | epsilon: 0.975 max: 41.684118390634694
Ep: 585 | Ep_r: 35.51 | t_so_far: {22771} | epsilon: 0.975 max: 41.684118390634694
Ep: 586 | Ep_r: 32.21 | t_so_far: {22793} | epsilon: 0.976 max: 41.684118390634694
Ep: 587 | Ep_r: 26.18 | t_so_far: {22796} | epsilon: 0.976 max: 41.684118390634694
Ep: 588 | Ep_r: 29.39 | t_so_far: {22846} | epsilon: 0.976 max: 41.684118390634694
Ep: 589 | Ep_r: 28.91 | t_so_far: {22876} | epsilon: 0.976 max: 41.684118390634694
Ep: 590 | Ep_r: 25.05 | t_so_far: {22887} | epsilon: 0.976 max: 41.684118390634694
Ep: 591 | Ep_r: 29.02 | t_so_far: {22937} | epsilon: 0.976 max: 41.684118390634694
Ep: 592 | Ep_r: 31.03 | t_so_far: {22984} | epsilon: 0.976 max: 41.684118390634694
Ep: 593 | Ep_r: 33.27 | t_so_far: {23034} | epsilon: 0.976 max: 41.684118390634694
Ep: 594 | Ep_r: 34.98 | t_so_far: {23084} | epsilon: 0.977 max: 41.684118390634694
Ep: 595 | Ep_r: 36.18 | t_so_far: {23134} | epsilon: 0.977 max: 41.684118390634694
Ep: 596 | Ep_r: 29.58 | t_so_far: {23138} | epsilon: 0.977 max: 41.684118390634694
Ep: 597 | Ep_r: 25.08 | t_so_far: {23146} | epsilon: 0.977 max: 41.684118390634694
Ep: 598 | Ep_r: 27.88 | t_so_far: {23196} | epsilon: 0.977 max: 41.684118390634694
Ep: 599 | Ep_r: 29.85 | t_so_far: {23246} | epsilon: 0.977 max: 41.684118390634694
Ep: 600 | Ep_r: 31.26 | t_so_far: {23296} | epsilon: 0.977 max: 41.684118390634694
Ep: 601 | Ep_r: 33.24 | t_so_far: {23346} | epsilon: 0.978 max: 41.684118390634694
Ep: 602 | Ep_r: 34.42 | t_so_far: {23396} | epsilon: 0.978 max: 41.684118390634694
Ep: 603 | Ep_r: 35.86 | t_so_far: {23446} | epsilon: 0.978 max: 41.684118390634694
Ep: 604 | Ep_r: 36.0 | t_so_far: {23496} | epsilon: 0.978 max: 41.684118390634694
Ep: 605 | Ep_r: 36.3 | t_so_far: {23546} | epsilon: 0.978 max: 41.684118390634694
Ep: 606 | Ep_r: 36.81 | t_so_far: {23596} | epsilon: 0.978 max: 41.684118390634694
Ep: 607 | Ep_r: 37.56 | t_so_far: {23646} | epsilon: 0.979 max: 41.684118390634694
Ep: 608 | Ep_r: 37.33 | t_so_far: {23696} | epsilon: 0.979 max: 41.684118390634694
Ep: 609 | Ep_r: 37.79 | t_so_far: {23746} | epsilon: 0.979 max: 41.684118390634694
Ep: 610 | Ep_r: 37.39 | t_so_far: {23796} | epsilon: 0.979 max: 41.684118390634694
Ep: 611 | Ep_r: 37.82 | t_so_far: {23846} | epsilon: 0.979 max: 41.684118390634694
Ep: 612 | Ep_r: 37.07 | t_so_far: {23896} | epsilon: 0.979 max: 41.684118390634694
Ep: 613 | Ep_r: 36.64 | t_so_far: {23936} | epsilon: 0.979 max: 41.684118390634694
Ep: 614 | Ep_r: 37.29 | t_so_far: {23986} | epsilon: 0.98 max: 41.684118390634694
Ep: 615 | Ep_r: 37.95 | t_so_far: {24036} | epsilon: 0.98 max: 41.684118390634694
Ep: 616 | Ep_r: 38.1 | t_so_far: {24086} | epsilon: 0.98 max: 41.684118390634694
Ep: 617 | Ep_r: 37.68 | t_so_far: {24136} | epsilon: 0.98 max: 41.684118390634694
Ep: 618 | Ep_r: 38.12 | t_so_far: {24186} | epsilon: 0.98 max: 41.684118390634694
Ep: 619 | Ep_r: 38.39 | t_so_far: {24236} | epsilon: 0.98 max: 41.684118390634694
Ep: 620 | Ep_r: 38.48 | t_so_far: {24286} | epsilon: 0.981 max: 41.684118390634694
Ep: 621 | Ep_r: 34.99 | t_so_far: {24313} | epsilon: 0.981 max: 41.684118390634694
Ep: 622 | Ep_r: 35.3 | t_so_far: {24363} | epsilon: 0.981 max: 41.684118390634694
Ep: 623 | Ep_r: 31.22 | t_so_far: {24380} | epsilon: 0.981 max: 41.684118390634694
Ep: 624 | Ep_r: 33.13 | t_so_far: {24430} | epsilon: 0.981 max: 41.684118390634694
Ep: 625 | Ep_r: 34.58 | t_so_far: {24480} | epsilon: 0.981 max: 41.684118390634694
Ep: 626 | Ep_r: 35.41 | t_so_far: {24530} | epsilon: 0.981 max: 41.684118390634694
Ep: 627 | Ep_r: 36.35 | t_so_far: {24580} | epsilon: 0.981 max: 41.684118390634694
Ep: 628 | Ep_r: 33.9 | t_so_far: {24609} | epsilon: 0.981 max: 41.684118390634694
Ep: 629 | Ep_r: 35.27 | t_so_far: {24659} | epsilon: 0.982 max: 41.684118390634694
Ep: 630 | Ep_r: 34.08 | t_so_far: {24700} | epsilon: 0.982 max: 41.684118390634694
Ep: 631 | Ep_r: 35.28 | t_so_far: {24750} | epsilon: 0.982 max: 41.684118390634694
Ep: 632 | Ep_r: 34.22 | t_so_far: {24787} | epsilon: 0.982 max: 41.684118390634694
Ep: 633 | Ep_r: 36.6 | t_so_far: {24837} | epsilon: 0.982 max: 41.684118390634694
Ep: 634 | Ep_r: 37.26 | t_so_far: {24887} | epsilon: 0.982 max: 41.684118390634694
Ep: 635 | Ep_r: 38.21 | t_so_far: {24937} | epsilon: 0.982 max: 41.684118390634694
Ep: 636 | Ep_r: 39.28 | t_so_far: {24987} | epsilon: 0.982 max: 41.684118390634694
Ep: 637 | Ep_r: 39.75 | t_so_far: {25037} | epsilon: 0.983 max: 41.684118390634694
Ep: 638 | Ep_r: 36.95 | t_so_far: {25069} | epsilon: 0.983 max: 41.684118390634694
Ep: 639 | Ep_r: 37.43 | t_so_far: {25119} | epsilon: 0.983 max: 41.684118390634694
Ep: 640 | Ep_r: 38.02 | t_so_far: {25169} | epsilon: 0.983 max: 41.684118390634694
Ep: 641 | Ep_r: 39.26 | t_so_far: {25219} | epsilon: 0.983 max: 41.684118390634694
Ep: 642 | Ep_r: 39.68 | t_so_far: {25269} | epsilon: 0.983 max: 41.684118390634694
Ep: 643 | Ep_r: 40.48 | t_so_far: {25319} | epsilon: 0.983 max: 41.684118390634694
Ep: 644 | Ep_r: 40.95 | t_so_far: {25369} | epsilon: 0.983 max: 41.684118390634694
Ep: 645 | Ep_r: 41.08 | t_so_far: {25419} | epsilon: 0.984 max: 41.684118390634694
Ep: 646 | Ep_r: 41.11 | t_so_far: {25469} | epsilon: 0.984 max: 41.684118390634694
Ep: 647 | Ep_r: 38.9 | t_so_far: {25504} | epsilon: 0.984 max: 41.684118390634694
Ep: 648 | Ep_r: 39.36 | t_so_far: {25554} | epsilon: 0.984 max: 41.684118390634694
Ep: 649 | Ep_r: 40.4 | t_so_far: {25604} | epsilon: 0.984 max: 41.684118390634694
Ep: 650 | Ep_r: 40.68 | t_so_far: {25654} | epsilon: 0.984 max: 41.684118390634694
Ep: 651 | Ep_r: 41.17 | t_so_far: {25704} | epsilon: 0.984 max: 41.684118390634694
Ep: 652 | Ep_r: 40.79 | t_so_far: {25754} | epsilon: 0.984 max: 41.684118390634694
Ep: 653 | Ep_r: 40.53 | t_so_far: {25804} | epsilon: 0.985 max: 41.684118390634694
Ep: 654 | Ep_r: 40.71 | t_so_far: {25854} | epsilon: 0.985 max: 41.684118390634694
Ep: 655 | Ep_r: 40.6 | t_so_far: {25904} | epsilon: 0.985 max: 41.684118390634694
Ep: 656 | Ep_r: 40.74 | t_so_far: {25954} | epsilon: 0.985 max: 41.684118390634694
Ep: 657 | Ep_r: 40.46 | t_so_far: {26004} | epsilon: 0.985 max: 41.684118390634694
Ep: 658 | Ep_r: 40.2 | t_so_far: {26054} | epsilon: 0.985 max: 41.684118390634694
Ep: 659 | Ep_r: 41.41 | t_so_far: {26104} | epsilon: 0.985 max: 41.684118390634694
Ep: 660 | Ep_r: 41.6 | t_so_far: {26154} | epsilon: 0.985 max: 41.684118390634694
Ep: 661 | Ep_r: 41.68 | t_so_far: {26204} | epsilon: 0.985 max: 41.684118390634694
Ep: 662 | Ep_r: 40.59 | t_so_far: {26248} | epsilon: 0.986 max: 41.684118390634694
Ep: 663 | Ep_r: 40.74 | t_so_far: {26298} | epsilon: 0.986 max: 41.684118390634694
Ep: 664 | Ep_r: 40.17 | t_so_far: {26348} | epsilon: 0.986 max: 41.684118390634694
Ep: 665 | Ep_r: 40.11 | t_so_far: {26398} | epsilon: 0.986 max: 41.684118390634694
Ep: 666 | Ep_r: 39.52 | t_so_far: {26448} | epsilon: 0.986 max: 41.684118390634694
Ep: 667 | Ep_r: 39.06 | t_so_far: {26498} | epsilon: 0.986 max: 41.684118390634694
Ep: 668 | Ep_r: 40.05 | t_so_far: {26548} | epsilon: 0.986 max: 41.684118390634694
Ep: 669 | Ep_r: 39.61 | t_so_far: {26598} | epsilon: 0.986 max: 41.684118390634694
Ep: 670 | Ep_r: 39.9 | t_so_far: {26648} | epsilon: 0.986 max: 41.684118390634694
Ep: 671 | Ep_r: 40.22 | t_so_far: {26698} | epsilon: 0.986 max: 41.684118390634694
Ep: 672 | Ep_r: 40.67 | t_so_far: {26748} | epsilon: 0.987 max: 41.684118390634694
Ep: 673 | Ep_r: 41.53 | t_so_far: {26798} | epsilon: 0.987 max: 41.684118390634694
Ep: 674 | Ep_r: 41.59 | t_so_far: {26848} | epsilon: 0.987 max: 41.684118390634694
Ep: 675 | Ep_r: 41.89 | t_so_far: {26895} | epsilon: 0.987 max: 41.888763300243056
Ep: 676 | Ep_r: 41.82 | t_so_far: {26945} | epsilon: 0.987 max: 41.888763300243056
Ep: 677 | Ep_r: 41.73 | t_so_far: {26995} | epsilon: 0.987 max: 41.888763300243056
Ep: 678 | Ep_r: 38.31 | t_so_far: {27026} | epsilon: 0.987 max: 41.888763300243056
Ep: 679 | Ep_r: 33.77 | t_so_far: {27043} | epsilon: 0.987 max: 41.888763300243056
Ep: 680 | Ep_r: 35.63 | t_so_far: {27093} | epsilon: 0.987 max: 41.888763300243056
Ep: 681 | Ep_r: 36.53 | t_so_far: {27143} | epsilon: 0.987 max: 41.888763300243056
Ep: 682 | Ep_r: 37.91 | t_so_far: {27193} | epsilon: 0.987 max: 41.888763300243056
Ep: 683 | Ep_r: 38.12 | t_so_far: {27243} | epsilon: 0.987 max: 41.888763300243056
Ep: 684 | Ep_r: 38.73 | t_so_far: {27293} | epsilon: 0.988 max: 41.888763300243056
Ep: 685 | Ep_r: 38.95 | t_so_far: {27343} | epsilon: 0.988 max: 41.888763300243056
Ep: 686 | Ep_r: 39.22 | t_so_far: {27393} | epsilon: 0.988 max: 41.888763300243056
Ep: 687 | Ep_r: 39.3 | t_so_far: {27443} | epsilon: 0.988 max: 41.888763300243056
Ep: 688 | Ep_r: 39.63 | t_so_far: {27493} | epsilon: 0.988 max: 41.888763300243056
Ep: 689 | Ep_r: 36.99 | t_so_far: {27528} | epsilon: 0.988 max: 41.888763300243056
Ep: 690 | Ep_r: 32.57 | t_so_far: {27544} | epsilon: 0.988 max: 41.888763300243056
Ep: 691 | Ep_r: 33.32 | t_so_far: {27594} | epsilon: 0.988 max: 41.888763300243056
Ep: 692 | Ep_r: 32.89 | t_so_far: {27629} | epsilon: 0.988 max: 41.888763300243056
Ep: 693 | Ep_r: 33.57 | t_so_far: {27679} | epsilon: 0.988 max: 41.888763300243056
Ep: 694 | Ep_r: 29.71 | t_so_far: {27696} | epsilon: 0.988 max: 41.888763300243056
Ep: 695 | Ep_r: 31.34 | t_so_far: {27746} | epsilon: 0.988 max: 41.888763300243056
Ep: 696 | Ep_r: 32.3 | t_so_far: {27796} | epsilon: 0.988 max: 41.888763300243056
Ep: 697 | Ep_r: 33.12 | t_so_far: {27846} | epsilon: 0.989 max: 41.888763300243056
Ep: 698 | Ep_r: 33.81 | t_so_far: {27896} | epsilon: 0.989 max: 41.888763300243056
Ep: 699 | Ep_r: 34.64 | t_so_far: {27946} | epsilon: 0.989 max: 41.888763300243056
Ep: 700 | Ep_r: 34.98 | t_so_far: {27996} | epsilon: 0.989 max: 41.888763300243056
Ep: 701 | Ep_r: 35.49 | t_so_far: {28046} | epsilon: 0.989 max: 41.888763300243056
Ep: 702 | Ep_r: 35.41 | t_so_far: {28096} | epsilon: 0.989 max: 41.888763300243056
Ep: 703 | Ep_r: 37.0 | t_so_far: {28146} | epsilon: 0.989 max: 41.888763300243056
Ep: 704 | Ep_r: 35.45 | t_so_far: {28181} | epsilon: 0.989 max: 41.888763300243056
Ep: 705 | Ep_r: 36.1 | t_so_far: {28231} | epsilon: 0.989 max: 41.888763300243056
Ep: 706 | Ep_r: 36.56 | t_so_far: {28281} | epsilon: 0.989 max: 41.888763300243056
Ep: 707 | Ep_r: 37.56 | t_so_far: {28331} | epsilon: 0.989 max: 41.888763300243056
Ep: 708 | Ep_r: 37.38 | t_so_far: {28381} | epsilon: 0.989 max: 41.888763300243056
Ep: 709 | Ep_r: 37.11 | t_so_far: {28431} | epsilon: 0.989 max: 41.888763300243056
Ep: 710 | Ep_r: 37.61 | t_so_far: {28481} | epsilon: 0.99 max: 41.888763300243056
Ep: 711 | Ep_r: 37.32 | t_so_far: {28531} | epsilon: 0.99 max: 41.888763300243056
Ep: 712 | Ep_r: 37.08 | t_so_far: {28581} | epsilon: 0.99 max: 41.888763300243056
Ep: 713 | Ep_r: 38.11 | t_so_far: {28631} | epsilon: 0.99 max: 41.888763300243056
Ep: 714 | Ep_r: 32.86 | t_so_far: {28649} | epsilon: 0.99 max: 41.888763300243056
Ep: 715 | Ep_r: 34.39 | t_so_far: {28699} | epsilon: 0.99 max: 41.888763300243056
Ep: 716 | Ep_r: 35.07 | t_so_far: {28746} | epsilon: 0.99 max: 41.888763300243056
Ep: 717 | Ep_r: 35.75 | t_so_far: {28796} | epsilon: 0.99 max: 41.888763300243056
Ep: 718 | Ep_r: 36.42 | t_so_far: {28846} | epsilon: 0.99 max: 41.888763300243056
Ep: 719 | Ep_r: 36.51 | t_so_far: {28896} | epsilon: 0.99 max: 41.888763300243056
Ep: 720 | Ep_r: 37.06 | t_so_far: {28946} | epsilon: 0.99 max: 41.888763300243056
Ep: 721 | Ep_r: 37.84 | t_so_far: {28996} | epsilon: 0.99 max: 41.888763300243056
Ep: 722 | Ep_r: 37.63 | t_so_far: {29046} | epsilon: 0.99 max: 41.888763300243056
Ep: 723 | Ep_r: 37.88 | t_so_far: {29096} | epsilon: 0.99 max: 41.888763300243056
Ep: 724 | Ep_r: 38.06 | t_so_far: {29146} | epsilon: 0.991 max: 41.888763300243056
Ep: 725 | Ep_r: 38.3 | t_so_far: {29196} | epsilon: 0.991 max: 41.888763300243056
Ep: 726 | Ep_r: 38.69 | t_so_far: {29246} | epsilon: 0.991 max: 41.888763300243056
Ep: 727 | Ep_r: 39.07 | t_so_far: {29296} | epsilon: 0.991 max: 41.888763300243056
Ep: 728 | Ep_r: 39.33 | t_so_far: {29346} | epsilon: 0.991 max: 41.888763300243056
Ep: 729 | Ep_r: 38.5 | t_so_far: {29396} | epsilon: 0.991 max: 41.888763300243056
Ep: 730 | Ep_r: 37.96 | t_so_far: {29446} | epsilon: 0.991 max: 41.888763300243056
Ep: 731 | Ep_r: 38.03 | t_so_far: {29496} | epsilon: 0.991 max: 41.888763300243056
Ep: 732 | Ep_r: 37.96 | t_so_far: {29546} | epsilon: 0.991 max: 41.888763300243056
Ep: 733 | Ep_r: 38.45 | t_so_far: {29596} | epsilon: 0.991 max: 41.888763300243056
Ep: 734 | Ep_r: 38.47 | t_so_far: {29646} | epsilon: 0.991 max: 41.888763300243056
Ep: 735 | Ep_r: 38.4 | t_so_far: {29696} | epsilon: 0.991 max: 41.888763300243056
Ep: 736 | Ep_r: 38.75 | t_so_far: {29746} | epsilon: 0.991 max: 41.888763300243056
Ep: 737 | Ep_r: 39.35 | t_so_far: {29796} | epsilon: 0.991 max: 41.888763300243056
Ep: 738 | Ep_r: 35.4 | t_so_far: {29819} | epsilon: 0.991 max: 41.888763300243056
Ep: 739 | Ep_r: 36.14 | t_so_far: {29869} | epsilon: 0.991 max: 41.888763300243056
Ep: 740 | Ep_r: 36.84 | t_so_far: {29919} | epsilon: 0.992 max: 41.888763300243056
Ep: 741 | Ep_r: 36.88 | t_so_far: {29969} | epsilon: 0.992 max: 41.888763300243056
Ep: 742 | Ep_r: 37.87 | t_so_far: {30019} | epsilon: 0.992 max: 41.888763300243056
Ep: 743 | Ep_r: 37.33 | t_so_far: {30069} | epsilon: 0.992 max: 41.888763300243056
Ep: 744 | Ep_r: 36.98 | t_so_far: {30119} | epsilon: 0.992 max: 41.888763300243056
Ep: 745 | Ep_r: 36.73 | t_so_far: {30169} | epsilon: 0.992 max: 41.888763300243056
Ep: 746 | Ep_r: 37.32 | t_so_far: {30219} | epsilon: 0.992 max: 41.888763300243056
Ep: 747 | Ep_r: 37.81 | t_so_far: {30269} | epsilon: 0.992 max: 41.888763300243056
Ep: 748 | Ep_r: 37.29 | t_so_far: {30319} | epsilon: 0.992 max: 41.888763300243056
Ep: 749 | Ep_r: 36.86 | t_so_far: {30369} | epsilon: 0.992 max: 41.888763300243056
Ep: 750 | Ep_r: 38.37 | t_so_far: {30419} | epsilon: 0.992 max: 41.888763300243056
Ep: 751 | Ep_r: 38.46 | t_so_far: {30463} | epsilon: 0.992 max: 41.888763300243056
Ep: 752 | Ep_r: 39.34 | t_so_far: {30513} | epsilon: 0.992 max: 41.888763300243056
Ep: 753 | Ep_r: 39.01 | t_so_far: {30563} | epsilon: 0.992 max: 41.888763300243056
Ep: 754 | Ep_r: 39.29 | t_so_far: {30613} | epsilon: 0.992 max: 41.888763300243056
Ep: 755 | Ep_r: 38.56 | t_so_far: {30663} | epsilon: 0.992 max: 41.888763300243056
Ep: 756 | Ep_r: 37.99 | t_so_far: {30713} | epsilon: 0.992 max: 41.888763300243056
Ep: 757 | Ep_r: 33.06 | t_so_far: {30728} | epsilon: 0.992 max: 41.888763300243056
Ep: 758 | Ep_r: 29.29 | t_so_far: {30746} | epsilon: 0.992 max: 41.888763300243056
Ep: 759 | Ep_r: 29.61 | t_so_far: {30788} | epsilon: 0.992 max: 41.888763300243056
Ep: 760 | Ep_r: 30.95 | t_so_far: {30838} | epsilon: 0.993 max: 41.888763300243056
Ep: 761 | Ep_r: 33.83 | t_so_far: {30888} | epsilon: 0.993 max: 41.888763300243056
Ep: 762 | Ep_r: 36.09 | t_so_far: {30938} | epsilon: 0.993 max: 41.888763300243056
Ep: 763 | Ep_r: 37.45 | t_so_far: {30987} | epsilon: 0.993 max: 41.888763300243056
Ep: 764 | Ep_r: 37.83 | t_so_far: {31037} | epsilon: 0.993 max: 41.888763300243056
Ep: 765 | Ep_r: 37.4 | t_so_far: {31087} | epsilon: 0.993 max: 41.888763300243056
Ep: 766 | Ep_r: 37.23 | t_so_far: {31137} | epsilon: 0.993 max: 41.888763300243056
Ep: 767 | Ep_r: 36.68 | t_so_far: {31187} | epsilon: 0.993 max: 41.888763300243056
Ep: 768 | Ep_r: 36.96 | t_so_far: {31237} | epsilon: 0.993 max: 41.888763300243056
Ep: 769 | Ep_r: 37.44 | t_so_far: {31287} | epsilon: 0.993 max: 41.888763300243056
Ep: 770 | Ep_r: 32.79 | t_so_far: {31304} | epsilon: 0.993 max: 41.888763300243056
Ep: 771 | Ep_r: 34.19 | t_so_far: {31354} | epsilon: 0.993 max: 41.888763300243056
Ep: 772 | Ep_r: 34.79 | t_so_far: {31404} | epsilon: 0.993 max: 41.888763300243056
Ep: 773 | Ep_r: 35.97 | t_so_far: {31454} | epsilon: 0.993 max: 41.888763300243056
Ep: 774 | Ep_r: 36.99 | t_so_far: {31504} | epsilon: 0.993 max: 41.888763300243056
Ep: 775 | Ep_r: 37.76 | t_so_far: {31554} | epsilon: 0.993 max: 41.888763300243056
Ep: 776 | Ep_r: 38.15 | t_so_far: {31604} | epsilon: 0.993 max: 41.888763300243056
Ep: 777 | Ep_r: 38.54 | t_so_far: {31654} | epsilon: 0.993 max: 41.888763300243056
Ep: 778 | Ep_r: 39.37 | t_so_far: {31704} | epsilon: 0.993 max: 41.888763300243056
Ep: 779 | Ep_r: 38.81 | t_so_far: {31754} | epsilon: 0.993 max: 41.888763300243056
Ep: 780 | Ep_r: 38.24 | t_so_far: {31804} | epsilon: 0.993 max: 41.888763300243056
Ep: 781 | Ep_r: 38.43 | t_so_far: {31854} | epsilon: 0.993 max: 41.888763300243056
Ep: 782 | Ep_r: 32.35 | t_so_far: {31863} | epsilon: 0.994 max: 41.888763300243056
Ep: 783 | Ep_r: 33.28 | t_so_far: {31913} | epsilon: 0.994 max: 41.888763300243056
Ep: 784 | Ep_r: 34.11 | t_so_far: {31963} | epsilon: 0.994 max: 41.888763300243056
Ep: 785 | Ep_r: 35.71 | t_so_far: {32013} | epsilon: 0.994 max: 41.888763300243056
Ep: 786 | Ep_r: 36.33 | t_so_far: {32063} | epsilon: 0.994 max: 41.888763300243056
Ep: 787 | Ep_r: 37.23 | t_so_far: {32113} | epsilon: 0.994 max: 41.888763300243056
Ep: 788 | Ep_r: 34.51 | t_so_far: {32141} | epsilon: 0.994 max: 41.888763300243056
Ep: 789 | Ep_r: 35.82 | t_so_far: {32191} | epsilon: 0.994 max: 41.888763300243056
Ep: 790 | Ep_r: 36.75 | t_so_far: {32241} | epsilon: 0.994 max: 41.888763300243056
Ep: 791 | Ep_r: 36.27 | t_so_far: {32281} | epsilon: 0.994 max: 41.888763300243056
Ep: 792 | Ep_r: 37.2 | t_so_far: {32331} | epsilon: 0.994 max: 41.888763300243056
Ep: 793 | Ep_r: 38.12 | t_so_far: {32381} | epsilon: 0.994 max: 41.888763300243056
Ep: 794 | Ep_r: 39.16 | t_so_far: {32431} | epsilon: 0.994 max: 41.888763300243056
Ep: 795 | Ep_r: 39.76 | t_so_far: {32481} | epsilon: 0.994 max: 41.888763300243056
Ep: 796 | Ep_r: 40.47 | t_so_far: {32531} | epsilon: 0.994 max: 41.888763300243056
Ep: 797 | Ep_r: 32.99 | t_so_far: {32535} | epsilon: 0.994 max: 41.888763300243056
Ep: 798 | Ep_r: 34.73 | t_so_far: {32585} | epsilon: 0.994 max: 41.888763300243056
Ep: 799 | Ep_r: 36.48 | t_so_far: {32635} | epsilon: 0.994 max: 41.888763300243056
Ep: 800 | Ep_r: 37.0 | t_so_far: {32685} | epsilon: 0.994 max: 41.888763300243056
Ep: 801 | Ep_r: 37.44 | t_so_far: {32735} | epsilon: 0.994 max: 41.888763300243056
Ep: 802 | Ep_r: 38.34 | t_so_far: {32785} | epsilon: 0.994 max: 41.888763300243056
Ep: 803 | Ep_r: 38.72 | t_so_far: {32835} | epsilon: 0.994 max: 41.888763300243056
Ep: 804 | Ep_r: 39.37 | t_so_far: {32885} | epsilon: 0.994 max: 41.888763300243056
Ep: 805 | Ep_r: 39.89 | t_so_far: {32935} | epsilon: 0.994 max: 41.888763300243056
Ep: 806 | Ep_r: 38.54 | t_so_far: {32975} | epsilon: 0.994 max: 41.888763300243056
Ep: 807 | Ep_r: 39.63 | t_so_far: {33025} | epsilon: 0.994 max: 41.888763300243056
Ep: 808 | Ep_r: 36.01 | t_so_far: {33050} | epsilon: 0.994 max: 41.888763300243056
Ep: 809 | Ep_r: 37.2 | t_so_far: {33100} | epsilon: 0.994 max: 41.888763300243056
Ep: 810 | Ep_r: 37.86 | t_so_far: {33150} | epsilon: 0.995 max: 41.888763300243056
Ep: 811 | Ep_r: 38.9 | t_so_far: {33200} | epsilon: 0.995 max: 41.888763300243056
Ep: 812 | Ep_r: 39.76 | t_so_far: {33250} | epsilon: 0.995 max: 41.888763300243056
Ep: 813 | Ep_r: 40.1 | t_so_far: {33300} | epsilon: 0.995 max: 41.888763300243056
Ep: 814 | Ep_r: 40.42 | t_so_far: {33350} | epsilon: 0.995 max: 41.888763300243056
Ep: 815 | Ep_r: 40.25 | t_so_far: {33400} | epsilon: 0.995 max: 41.888763300243056
Ep: 816 | Ep_r: 40.78 | t_so_far: {33450} | epsilon: 0.995 max: 41.888763300243056
Ep: 817 | Ep_r: 41.13 | t_so_far: {33500} | epsilon: 0.995 max: 41.888763300243056
Ep: 818 | Ep_r: 41.29 | t_so_far: {33550} | epsilon: 0.995 max: 41.888763300243056
Ep: 819 | Ep_r: 41.54 | t_so_far: {33600} | epsilon: 0.995 max: 41.888763300243056
Ep: 820 | Ep_r: 41.22 | t_so_far: {33650} | epsilon: 0.995 max: 41.888763300243056
Ep: 821 | Ep_r: 41.93 | t_so_far: {33700} | epsilon: 0.995 max: 41.93381315291417
Ep: 822 | Ep_r: 41.74 | t_so_far: {33750} | epsilon: 0.995 max: 41.93381315291417
Ep: 823 | Ep_r: 41.01 | t_so_far: {33800} | epsilon: 0.995 max: 41.93381315291417
Ep: 824 | Ep_r: 41.58 | t_so_far: {33850} | epsilon: 0.995 max: 41.93381315291417
Ep: 825 | Ep_r: 36.1 | t_so_far: {33867} | epsilon: 0.995 max: 41.93381315291417
Ep: 826 | Ep_r: 30.09 | t_so_far: {33875} | epsilon: 0.995 max: 41.93381315291417
Ep: 827 | Ep_r: 26.66 | t_so_far: {33891} | epsilon: 0.995 max: 41.93381315291417
Ep: 828 | Ep_r: 29.72 | t_so_far: {33941} | epsilon: 0.995 max: 41.93381315291417
Ep: 829 | Ep_r: 31.25 | t_so_far: {33991} | epsilon: 0.995 max: 41.93381315291417
Ep: 830 | Ep_r: 34.14 | t_so_far: {34041} | epsilon: 0.995 max: 41.93381315291417
Ep: 831 | Ep_r: 34.22 | t_so_far: {34091} | epsilon: 0.995 max: 41.93381315291417
Ep: 832 | Ep_r: 32.35 | t_so_far: {34120} | epsilon: 0.995 max: 41.93381315291417
Ep: 833 | Ep_r: 34.03 | t_so_far: {34170} | epsilon: 0.995 max: 41.93381315291417
Ep: 834 | Ep_r: 35.25 | t_so_far: {34220} | epsilon: 0.995 max: 41.93381315291417
Ep: 835 | Ep_r: 29.59 | t_so_far: {34229} | epsilon: 0.995 max: 41.93381315291417
Ep: 836 | Ep_r: 31.23 | t_so_far: {34279} | epsilon: 0.995 max: 41.93381315291417
Ep: 837 | Ep_r: 33.63 | t_so_far: {34329} | epsilon: 0.995 max: 41.93381315291417
Ep: 838 | Ep_r: 33.68 | t_so_far: {34379} | epsilon: 0.995 max: 41.93381315291417
Ep: 839 | Ep_r: 34.34 | t_so_far: {34429} | epsilon: 0.995 max: 41.93381315291417
Ep: 840 | Ep_r: 34.75 | t_so_far: {34479} | epsilon: 0.995 max: 41.93381315291417
Ep: 841 | Ep_r: 35.28 | t_so_far: {34529} | epsilon: 0.995 max: 41.93381315291417
Ep: 842 | Ep_r: 36.87 | t_so_far: {34579} | epsilon: 0.995 max: 41.93381315291417
Ep: 843 | Ep_r: 37.79 | t_so_far: {34629} | epsilon: 0.995 max: 41.93381315291417
Ep: 844 | Ep_r: 38.9 | t_so_far: {34679} | epsilon: 0.995 max: 41.93381315291417
Ep: 845 | Ep_r: 39.47 | t_so_far: {34729} | epsilon: 0.996 max: 41.93381315291417
Ep: 846 | Ep_r: 40.32 | t_so_far: {34779} | epsilon: 0.996 max: 41.93381315291417
Ep: 847 | Ep_r: 40.8 | t_so_far: {34829} | epsilon: 0.996 max: 41.93381315291417
Ep: 848 | Ep_r: 40.7 | t_so_far: {34879} | epsilon: 0.996 max: 41.93381315291417
Ep: 849 | Ep_r: 40.62 | t_so_far: {34929} | epsilon: 0.996 max: 41.93381315291417
Ep: 850 | Ep_r: 40.07 | t_so_far: {34979} | epsilon: 0.996 max: 41.93381315291417
Ep: 851 | Ep_r: 39.72 | t_so_far: {35029} | epsilon: 0.996 max: 41.93381315291417
Ep: 852 | Ep_r: 40.09 | t_so_far: {35078} | epsilon: 0.996 max: 41.93381315291417
Ep: 853 | Ep_r: 40.57 | t_so_far: {35128} | epsilon: 0.996 max: 41.93381315291417
Ep: 854 | Ep_r: 39.96 | t_so_far: {35178} | epsilon: 0.996 max: 41.93381315291417
Ep: 855 | Ep_r: 40.34 | t_so_far: {35228} | epsilon: 0.996 max: 41.93381315291417
Ep: 856 | Ep_r: 39.99 | t_so_far: {35278} | epsilon: 0.996 max: 41.93381315291417
Ep: 857 | Ep_r: 40.61 | t_so_far: {35328} | epsilon: 0.996 max: 41.93381315291417
Ep: 858 | Ep_r: 40.9 | t_so_far: {35378} | epsilon: 0.996 max: 41.93381315291417
Ep: 859 | Ep_r: 40.64 | t_so_far: {35428} | epsilon: 0.996 max: 41.93381315291417
Ep: 860 | Ep_r: 34.29 | t_so_far: {35438} | epsilon: 0.996 max: 41.93381315291417
Ep: 861 | Ep_r: 35.3 | t_so_far: {35488} | epsilon: 0.996 max: 41.93381315291417
Ep: 862 | Ep_r: 36.94 | t_so_far: {35538} | epsilon: 0.996 max: 41.93381315291417
Ep: 863 | Ep_r: 37.84 | t_so_far: {35588} | epsilon: 0.996 max: 41.93381315291417
Ep: 864 | Ep_r: 38.51 | t_so_far: {35638} | epsilon: 0.996 max: 41.93381315291417
Ep: 865 | Ep_r: 38.52 | t_so_far: {35688} | epsilon: 0.996 max: 41.93381315291417
Ep: 866 | Ep_r: 38.94 | t_so_far: {35738} | epsilon: 0.996 max: 41.93381315291417
Ep: 867 | Ep_r: 39.28 | t_so_far: {35788} | epsilon: 0.996 max: 41.93381315291417
Ep: 868 | Ep_r: 40.38 | t_so_far: {35838} | epsilon: 0.996 max: 41.93381315291417
Ep: 869 | Ep_r: 40.46 | t_so_far: {35888} | epsilon: 0.996 max: 41.93381315291417
Ep: 870 | Ep_r: 39.94 | t_so_far: {35938} | epsilon: 0.996 max: 41.93381315291417
Ep: 871 | Ep_r: 38.83 | t_so_far: {35978} | epsilon: 0.996 max: 41.93381315291417
Ep: 872 | Ep_r: 39.57 | t_so_far: {36028} | epsilon: 0.996 max: 41.93381315291417
Ep: 873 | Ep_r: 38.22 | t_so_far: {36067} | epsilon: 0.996 max: 41.93381315291417
Ep: 874 | Ep_r: 38.89 | t_so_far: {36117} | epsilon: 0.996 max: 41.93381315291417
Ep: 875 | Ep_r: 40.42 | t_so_far: {36167} | epsilon: 0.996 max: 41.93381315291417
Ep: 876 | Ep_r: 40.89 | t_so_far: {36217} | epsilon: 0.996 max: 41.93381315291417
Ep: 877 | Ep_r: 41.27 | t_so_far: {36267} | epsilon: 0.996 max: 41.93381315291417
Ep: 878 | Ep_r: 41.32 | t_so_far: {36317} | epsilon: 0.996 max: 41.93381315291417
Ep: 879 | Ep_r: 40.98 | t_so_far: {36367} | epsilon: 0.996 max: 41.93381315291417
Ep: 880 | Ep_r: 41.51 | t_so_far: {36417} | epsilon: 0.996 max: 41.93381315291417
Ep: 881 | Ep_r: 42.36 | t_so_far: {36467} | epsilon: 0.996 max: 42.36265774785084
Ep: 882 | Ep_r: 43.18 | t_so_far: {36517} | epsilon: 0.996 max: 43.176792864947345
Ep: 883 | Ep_r: 43.67 | t_so_far: {36567} | epsilon: 0.996 max: 43.66810095862455
Ep: 884 | Ep_r: 43.35 | t_so_far: {36617} | epsilon: 0.996 max: 43.66810095862455
Ep: 885 | Ep_r: 44.32 | t_so_far: {36667} | epsilon: 0.996 max: 44.318251280186374
Ep: 886 | Ep_r: 43.17 | t_so_far: {36717} | epsilon: 0.996 max: 44.318251280186374
Ep: 887 | Ep_r: 43.68 | t_so_far: {36767} | epsilon: 0.996 max: 44.318251280186374
Ep: 888 | Ep_r: 42.92 | t_so_far: {36817} | epsilon: 0.997 max: 44.318251280186374
Ep: 889 | Ep_r: 42.32 | t_so_far: {36867} | epsilon: 0.997 max: 44.318251280186374
Ep: 890 | Ep_r: 42.51 | t_so_far: {36917} | epsilon: 0.997 max: 44.318251280186374
Ep: 891 | Ep_r: 43.31 | t_so_far: {36967} | epsilon: 0.997 max: 44.318251280186374
Ep: 892 | Ep_r: 44.07 | t_so_far: {37017} | epsilon: 0.997 max: 44.318251280186374
Ep: 893 | Ep_r: 43.82 | t_so_far: {37067} | epsilon: 0.997 max: 44.318251280186374
Ep: 894 | Ep_r: 44.12 | t_so_far: {37117} | epsilon: 0.997 max: 44.318251280186374
Ep: 895 | Ep_r: 44.23 | t_so_far: {37167} | epsilon: 0.997 max: 44.318251280186374
Ep: 896 | Ep_r: 43.9 | t_so_far: {37217} | epsilon: 0.997 max: 44.318251280186374
Ep: 897 | Ep_r: 42.68 | t_so_far: {37267} | epsilon: 0.997 max: 44.318251280186374
Ep: 898 | Ep_r: 42.16 | t_so_far: {37317} | epsilon: 0.997 max: 44.318251280186374
Ep: 899 | Ep_r: 41.84 | t_so_far: {37367} | epsilon: 0.997 max: 44.318251280186374
Ep: 900 | Ep_r: 37.69 | t_so_far: {37393} | epsilon: 0.997 max: 44.318251280186374
Ep: 901 | Ep_r: 38.34 | t_so_far: {37443} | epsilon: 0.997 max: 44.318251280186374
Ep: 902 | Ep_r: 38.2 | t_so_far: {37493} | epsilon: 0.997 max: 44.318251280186374
Ep: 903 | Ep_r: 38.3 | t_so_far: {37543} | epsilon: 0.997 max: 44.318251280186374
Ep: 904 | Ep_r: 38.6 | t_so_far: {37593} | epsilon: 0.997 max: 44.318251280186374
Ep: 905 | Ep_r: 39.15 | t_so_far: {37643} | epsilon: 0.997 max: 44.318251280186374
Ep: 906 | Ep_r: 40.1 | t_so_far: {37693} | epsilon: 0.997 max: 44.318251280186374
Ep: 907 | Ep_r: 39.62 | t_so_far: {37743} | epsilon: 0.997 max: 44.318251280186374
Ep: 908 | Ep_r: 39.46 | t_so_far: {37793} | epsilon: 0.997 max: 44.318251280186374
Ep: 909 | Ep_r: 38.64 | t_so_far: {37843} | epsilon: 0.997 max: 44.318251280186374
Ep: 910 | Ep_r: 38.73 | t_so_far: {37893} | epsilon: 0.997 max: 44.318251280186374
Ep: 911 | Ep_r: 38.78 | t_so_far: {37943} | epsilon: 0.997 max: 44.318251280186374
Ep: 912 | Ep_r: 39.33 | t_so_far: {37993} | epsilon: 0.997 max: 44.318251280186374
Ep: 913 | Ep_r: 39.65 | t_so_far: {38043} | epsilon: 0.997 max: 44.318251280186374
Ep: 914 | Ep_r: 39.05 | t_so_far: {38093} | epsilon: 0.997 max: 44.318251280186374
Ep: 915 | Ep_r: 39.38 | t_so_far: {38143} | epsilon: 0.997 max: 44.318251280186374
Ep: 916 | Ep_r: 35.35 | t_so_far: {38167} | epsilon: 0.997 max: 44.318251280186374
Ep: 917 | Ep_r: 36.1 | t_so_far: {38217} | epsilon: 0.997 max: 44.318251280186374
Ep: 918 | Ep_r: 35.55 | t_so_far: {38267} | epsilon: 0.997 max: 44.318251280186374
Ep: 919 | Ep_r: 36.16 | t_so_far: {38317} | epsilon: 0.997 max: 44.318251280186374
Ep: 920 | Ep_r: 36.73 | t_so_far: {38367} | epsilon: 0.997 max: 44.318251280186374
Ep: 921 | Ep_r: 37.38 | t_so_far: {38417} | epsilon: 0.997 max: 44.318251280186374
Ep: 922 | Ep_r: 38.11 | t_so_far: {38467} | epsilon: 0.997 max: 44.318251280186374
Ep: 923 | Ep_r: 39.68 | t_so_far: {38517} | epsilon: 0.997 max: 44.318251280186374
Ep: 924 | Ep_r: 39.22 | t_so_far: {38567} | epsilon: 0.997 max: 44.318251280186374
Ep: 925 | Ep_r: 38.96 | t_so_far: {38617} | epsilon: 0.997 max: 44.318251280186374
Ep: 926 | Ep_r: 40.2 | t_so_far: {38667} | epsilon: 0.997 max: 44.318251280186374
Ep: 927 | Ep_r: 39.55 | t_so_far: {38717} | epsilon: 0.997 max: 44.318251280186374
Ep: 928 | Ep_r: 39.39 | t_so_far: {38767} | epsilon: 0.997 max: 44.318251280186374
Ep: 929 | Ep_r: 39.69 | t_so_far: {38817} | epsilon: 0.997 max: 44.318251280186374
Ep: 930 | Ep_r: 39.87 | t_so_far: {38867} | epsilon: 0.997 max: 44.318251280186374
Ep: 931 | Ep_r: 39.68 | t_so_far: {38917} | epsilon: 0.997 max: 44.318251280186374
Ep: 932 | Ep_r: 39.72 | t_so_far: {38967} | epsilon: 0.997 max: 44.318251280186374
Ep: 933 | Ep_r: 40.06 | t_so_far: {39017} | epsilon: 0.997 max: 44.318251280186374
Ep: 934 | Ep_r: 41.23 | t_so_far: {39067} | epsilon: 0.997 max: 44.318251280186374
Ep: 935 | Ep_r: 41.28 | t_so_far: {39117} | epsilon: 0.997 max: 44.318251280186374
Ep: 936 | Ep_r: 41.01 | t_so_far: {39167} | epsilon: 0.997 max: 44.318251280186374
Ep: 937 | Ep_r: 41.8 | t_so_far: {39217} | epsilon: 0.997 max: 44.318251280186374
Ep: 938 | Ep_r: 40.69 | t_so_far: {39267} | epsilon: 0.997 max: 44.318251280186374
Ep: 939 | Ep_r: 39.74 | t_so_far: {39317} | epsilon: 0.997 max: 44.318251280186374
Ep: 940 | Ep_r: 38.74 | t_so_far: {39367} | epsilon: 0.997 max: 44.318251280186374
Ep: 941 | Ep_r: 37.94 | t_so_far: {39417} | epsilon: 0.997 max: 44.318251280186374
Ep: 942 | Ep_r: 38.27 | t_so_far: {39467} | epsilon: 0.997 max: 44.318251280186374
Ep: 943 | Ep_r: 38.32 | t_so_far: {39517} | epsilon: 0.997 max: 44.318251280186374
Ep: 944 | Ep_r: 38.01 | t_so_far: {39567} | epsilon: 0.997 max: 44.318251280186374
Ep: 945 | Ep_r: 38.17 | t_so_far: {39617} | epsilon: 0.997 max: 44.318251280186374
Ep: 946 | Ep_r: 38.44 | t_so_far: {39667} | epsilon: 0.997 max: 44.318251280186374
Ep: 947 | Ep_r: 33.97 | t_so_far: {39685} | epsilon: 0.997 max: 44.318251280186374
Ep: 948 | Ep_r: 35.56 | t_so_far: {39735} | epsilon: 0.997 max: 44.318251280186374
Ep: 949 | Ep_r: 35.38 | t_so_far: {39777} | epsilon: 0.997 max: 44.318251280186374
Ep: 950 | Ep_r: 36.59 | t_so_far: {39825} | epsilon: 0.997 max: 44.318251280186374
Ep: 951 | Ep_r: 37.67 | t_so_far: {39875} | epsilon: 0.997 max: 44.318251280186374
Ep: 952 | Ep_r: 38.43 | t_so_far: {39925} | epsilon: 0.997 max: 44.318251280186374
Ep: 953 | Ep_r: 38.05 | t_so_far: {39975} | epsilon: 0.998 max: 44.318251280186374
Ep: 954 | Ep_r: 38.6 | t_so_far: {40025} | epsilon: 0.998 max: 44.318251280186374
Ep: 955 | Ep_r: 38.54 | t_so_far: {40070} | epsilon: 0.998 max: 44.318251280186374
Ep: 956 | Ep_r: 39.16 | t_so_far: {40120} | epsilon: 0.998 max: 44.318251280186374
Ep: 957 | Ep_r: 39.54 | t_so_far: {40170} | epsilon: 0.998 max: 44.318251280186374
Ep: 958 | Ep_r: 40.19 | t_so_far: {40220} | epsilon: 0.998 max: 44.318251280186374
Ep: 959 | Ep_r: 39.51 | t_so_far: {40270} | epsilon: 0.998 max: 44.318251280186374
Ep: 960 | Ep_r: 39.14 | t_so_far: {40320} | epsilon: 0.998 max: 44.318251280186374
Ep: 961 | Ep_r: 33.04 | t_so_far: {40331} | epsilon: 0.998 max: 44.318251280186374
Ep: 962 | Ep_r: 34.09 | t_so_far: {40381} | epsilon: 0.998 max: 44.318251280186374
Ep: 963 | Ep_r: 35.59 | t_so_far: {40431} | epsilon: 0.998 max: 44.318251280186374
Ep: 964 | Ep_r: 36.28 | t_so_far: {40481} | epsilon: 0.998 max: 44.318251280186374
Ep: 965 | Ep_r: 30.83 | t_so_far: {40493} | epsilon: 0.998 max: 44.318251280186374
Ep: 966 | Ep_r: 33.87 | t_so_far: {40543} | epsilon: 0.998 max: 44.318251280186374
Ep: 967 | Ep_r: 34.76 | t_so_far: {40593} | epsilon: 0.998 max: 44.318251280186374
Ep: 968 | Ep_r: 35.38 | t_so_far: {40643} | epsilon: 0.998 max: 44.318251280186374
Ep: 969 | Ep_r: 36.4 | t_so_far: {40693} | epsilon: 0.998 max: 44.318251280186374
Ep: 970 | Ep_r: 37.22 | t_so_far: {40743} | epsilon: 0.998 max: 44.318251280186374
Ep: 971 | Ep_r: 37.66 | t_so_far: {40793} | epsilon: 0.998 max: 44.318251280186374
Ep: 972 | Ep_r: 38.31 | t_so_far: {40843} | epsilon: 0.998 max: 44.318251280186374
Ep: 973 | Ep_r: 38.86 | t_so_far: {40893} | epsilon: 0.998 max: 44.318251280186374
Ep: 974 | Ep_r: 39.73 | t_so_far: {40943} | epsilon: 0.998 max: 44.318251280186374
Ep: 975 | Ep_r: 39.79 | t_so_far: {40993} | epsilon: 0.998 max: 44.318251280186374
Ep: 976 | Ep_r: 40.59 | t_so_far: {41043} | epsilon: 0.998 max: 44.318251280186374
Ep: 977 | Ep_r: 39.24 | t_so_far: {41093} | epsilon: 0.998 max: 44.318251280186374
Ep: 978 | Ep_r: 38.62 | t_so_far: {41136} | epsilon: 0.998 max: 44.318251280186374
Ep: 979 | Ep_r: 38.85 | t_so_far: {41186} | epsilon: 0.998 max: 44.318251280186374
Ep: 980 | Ep_r: 38.73 | t_so_far: {41236} | epsilon: 0.998 max: 44.318251280186374
Ep: 981 | Ep_r: 38.78 | t_so_far: {41286} | epsilon: 0.998 max: 44.318251280186374
Ep: 982 | Ep_r: 38.78 | t_so_far: {41336} | epsilon: 0.998 max: 44.318251280186374
Ep: 983 | Ep_r: 38.15 | t_so_far: {41386} | epsilon: 0.998 max: 44.318251280186374
Ep: 984 | Ep_r: 37.35 | t_so_far: {41436} | epsilon: 0.998 max: 44.318251280186374
Ep: 985 | Ep_r: 37.19 | t_so_far: {41486} | epsilon: 0.998 max: 44.318251280186374
Ep: 986 | Ep_r: 34.32 | t_so_far: {41520} | epsilon: 0.998 max: 44.318251280186374
Ep: 987 | Ep_r: 35.1 | t_so_far: {41570} | epsilon: 0.998 max: 44.318251280186374
Ep: 988 | Ep_r: 35.72 | t_so_far: {41620} | epsilon: 0.998 max: 44.318251280186374
Ep: 989 | Ep_r: 35.45 | t_so_far: {41670} | epsilon: 0.998 max: 44.318251280186374
Ep: 990 | Ep_r: 35.8 | t_so_far: {41720} | epsilon: 0.998 max: 44.318251280186374
Ep: 991 | Ep_r: 36.08 | t_so_far: {41770} | epsilon: 0.998 max: 44.318251280186374
Ep: 992 | Ep_r: 33.32 | t_so_far: {41795} | epsilon: 0.998 max: 44.318251280186374
Ep: 993 | Ep_r: 34.51 | t_so_far: {41845} | epsilon: 0.998 max: 44.318251280186374
Ep: 994 | Ep_r: 35.93 | t_so_far: {41895} | epsilon: 0.998 max: 44.318251280186374
Ep: 995 | Ep_r: 37.01 | t_so_far: {41945} | epsilon: 0.998 max: 44.318251280186374
Ep: 996 | Ep_r: 38.16 | t_so_far: {41995} | epsilon: 0.998 max: 44.318251280186374
Ep: 997 | Ep_r: 37.95 | t_so_far: {42045} | epsilon: 0.998 max: 44.318251280186374
Ep: 998 | Ep_r: 38.15 | t_so_far: {42095} | epsilon: 0.998 max: 44.318251280186374
Ep: 999 | Ep_r: 37.88 | t_so_far: {42145} | epsilon: 0.998 max: 44.318251280186374
Ep: 1000 | Ep_r: 37.92 | t_so_far: {42195} | epsilon: 0.998 max: 44.318251280186374
pygame 2.1.0 (SDL 2.0.16, Python 3.8.0)
Hello from the pygame community. https://www.pygame.org/contribute.html
Successfully set seed to 2
EgoAttentionNetwork(
  (ego_embedding): Sequential(
    (0): Linear(in_features=7, out_features=64, bias=True)
    (1): ReLU()
    (2): Linear(in_features=64, out_features=64, bias=True)
    (3): ReLU()
  )
  (others_embedding): Sequential(
    (0): Linear(in_features=7, out_features=64, bias=True)
    (1): ReLU()
    (2): Linear(in_features=64, out_features=64, bias=True)
    (3): ReLU()
  )
  (attention_layer): EgoAttetion(
    (value_all): Linear(in_features=64, out_features=64, bias=False)
    (key_all): Linear(in_features=64, out_features=64, bias=False)
    (query_ego): Linear(in_features=64, out_features=64, bias=False)
    (attention_combine): Linear(in_features=64, out_features=64, bias=False)
  )
  (decoder): Sequential(
    (0): Linear(in_features=64, out_features=64, bias=True)
    (1): ReLU()
    (2): Linear(in_features=64, out_features=64, bias=True)
    (3): ReLU()
  )
  (advantage): Linear(in_features=64, out_features=5, bias=True)
  (value): Linear(in_features=64, out_features=1, bias=True)
)
====================================
Model has been loaded...
====================================
./agent.py:218: UserWarning: Creating a tensor from a list of numpy.ndarrays is extremely slow. Please consider converting the list to a single numpy.ndarray with numpy.array() before converting to a tensor. (Triggered internally at  /opt/conda/conda-bld/pytorch_1646755903507/work/torch/csrc/utils/tensor_new.cpp:210.)
  return torch.tensor([state['kinematics']], dtype=torch.float)
step: 49, ep_reward: 37.73333333333333
step: 49, ep_reward: 40.033333333333324
step: 49, ep_reward: 39.999999999999986
step: 49, ep_reward: 39.4
step: 49, ep_reward: 36.533333333333346
step: 49, ep_reward: 41.8333333333333
step: 49, ep_reward: 44.433333333333316
step: 44, ep_reward: 40.46666666666665
step: 49, ep_reward: 40.53333333333332
step: 42, ep_reward: 36.20000000000001
pygame 2.1.0 (SDL 2.0.16, Python 3.8.0)
Hello from the pygame community. https://www.pygame.org/contribute.html
Successfully set seed to 2
EgoAttentionNetwork(
  (ego_embedding): Sequential(
    (0): Linear(in_features=7, out_features=64, bias=True)
    (1): ReLU()
    (2): Linear(in_features=64, out_features=64, bias=True)
    (3): ReLU()
  )
  (others_embedding): Sequential(
    (0): Linear(in_features=7, out_features=64, bias=True)
    (1): ReLU()
    (2): Linear(in_features=64, out_features=64, bias=True)
    (3): ReLU()
  )
  (attention_layer): EgoAttetion(
    (value_all): Linear(in_features=64, out_features=64, bias=False)
    (key_all): Linear(in_features=64, out_features=64, bias=False)
    (query_ego): Linear(in_features=64, out_features=64, bias=False)
    (attention_combine): Linear(in_features=64, out_features=64, bias=False)
  )
  (decoder): Sequential(
    (0): Linear(in_features=64, out_features=64, bias=True)
    (1): ReLU()
    (2): Linear(in_features=64, out_features=64, bias=True)
    (3): ReLU()
  )
  (advantage): Linear(in_features=64, out_features=5, bias=True)
  (value): Linear(in_features=64, out_features=1, bias=True)
)
====================================
Model has been loaded...
====================================
./agent.py:218: UserWarning: Creating a tensor from a list of numpy.ndarrays is extremely slow. Please consider converting the list to a single numpy.ndarray with numpy.array() before converting to a tensor. (Triggered internally at  /opt/conda/conda-bld/pytorch_1646755903507/work/torch/csrc/utils/tensor_new.cpp:210.)
  return torch.tensor([state['kinematics']], dtype=torch.float)
step: 49, ep_reward: 42.53333333333331
step: 49, ep_reward: 33.566666666666684
step: 49, ep_reward: 34.40000000000001
step: 49, ep_reward: 36.80000000000001
step: 49, ep_reward: 39.999999999999986
step: 49, ep_reward: 34.63333333333336
step: 49, ep_reward: 41.46666666666664
step: 49, ep_reward: 34.000000000000014
step: 49, ep_reward: 33.43333333333335
step: 49, ep_reward: 34.533333333333346
pygame 2.1.0 (SDL 2.0.16, Python 3.8.0)
Hello from the pygame community. https://www.pygame.org/contribute.html
Successfully set seed to 2
EgoAttentionNetwork(
  (ego_embedding): Sequential(
    (0): Linear(in_features=7, out_features=64, bias=True)
    (1): ReLU()
    (2): Linear(in_features=64, out_features=64, bias=True)
    (3): ReLU()
  )
  (others_embedding): Sequential(
    (0): Linear(in_features=7, out_features=64, bias=True)
    (1): ReLU()
    (2): Linear(in_features=64, out_features=64, bias=True)
    (3): ReLU()
  )
  (attention_layer): EgoAttetion(
    (value_all): Linear(in_features=64, out_features=64, bias=False)
    (key_all): Linear(in_features=64, out_features=64, bias=False)
    (query_ego): Linear(in_features=64, out_features=64, bias=False)
    (attention_combine): Linear(in_features=64, out_features=64, bias=False)
  )
  (decoder): Sequential(
    (0): Linear(in_features=64, out_features=64, bias=True)
    (1): ReLU()
    (2): Linear(in_features=64, out_features=64, bias=True)
    (3): ReLU()
  )
  (advantage): Linear(in_features=64, out_features=5, bias=True)
  (value): Linear(in_features=64, out_features=1, bias=True)
)
====================================
Model has been loaded...
====================================
./agent.py:218: UserWarning: Creating a tensor from a list of numpy.ndarrays is extremely slow. Please consider converting the list to a single numpy.ndarray with numpy.array() before converting to a tensor. (Triggered internally at  /opt/conda/conda-bld/pytorch_1646755903507/work/torch/csrc/utils/tensor_new.cpp:210.)
  return torch.tensor([state['kinematics']], dtype=torch.float)
step: 49, ep_reward: 38.13333333333333
step: 49, ep_reward: 34.933333333333344
step: 49, ep_reward: 33.43333333333335
step: 49, ep_reward: 34.66666666666668
step: 49, ep_reward: 33.500000000000014
step: 49, ep_reward: 35.73333333333335
step: 49, ep_reward: 44.06666666666668
step: 49, ep_reward: 34.13333333333335
step: 49, ep_reward: 37.6
step: 49, ep_reward: 33.566666666666684
