pygame 2.1.0 (SDL 2.0.16, Python 3.8.0)
Hello from the pygame community. https://www.pygame.org/contribute.html
Successfully set seed to 2
MultiAttentionNetwork(
  (features): Sequential(
    (0): Conv2d(4, 32, kernel_size=(8, 8), stride=(4, 4))
    (1): ReLU()
    (2): Conv2d(32, 64, kernel_size=(4, 4), stride=(2, 2))
    (3): ReLU()
    (4): Conv2d(64, 64, kernel_size=(3, 3), stride=(1, 1))
    (5): ReLU()
  )
  (attention): NONLocalBlock2D(
    (g): Conv2d(64, 32, kernel_size=(1, 1), stride=(1, 1))
    (W): Conv2d(32, 64, kernel_size=(1, 1), stride=(1, 1))
    (theta): Conv2d(64, 32, kernel_size=(1, 1), stride=(1, 1))
    (phi): Conv2d(64, 32, kernel_size=(1, 1), stride=(1, 1))
  )
  (advantage): Sequential(
    (0): Linear(in_features=68224, out_features=512, bias=True)
    (1): ReLU()
    (2): Linear(in_features=512, out_features=5, bias=True)
  )
  (value): Sequential(
    (0): Linear(in_features=68224, out_features=512, bias=True)
    (1): ReLU()
    (2): Linear(in_features=512, out_features=1, bias=True)
  )
  (output): Sequential(
    (0): Linear(in_features=68224, out_features=512, bias=True)
    (1): ReLU()
    (2): Linear(in_features=512, out_features=5, bias=True)
  )
  (ego_embedding): Sequential(
    (0): Linear(in_features=7, out_features=64, bias=True)
    (1): ReLU()
    (2): Linear(in_features=64, out_features=64, bias=True)
    (3): ReLU()
  )
  (others_embedding): Sequential(
    (0): Linear(in_features=7, out_features=64, bias=True)
    (1): ReLU()
    (2): Linear(in_features=64, out_features=64, bias=True)
    (3): ReLU()
  )
  (attention_layer): EgoAttetion(
    (value_all): Linear(in_features=64, out_features=64, bias=False)
    (key_all): Linear(in_features=64, out_features=64, bias=False)
    (query_ego): Linear(in_features=64, out_features=64, bias=False)
    (attention_combine): Linear(in_features=64, out_features=64, bias=False)
  )
  (decoder): Sequential(
    (0): Linear(in_features=64, out_features=64, bias=True)
    (1): ReLU()
    (2): Linear(in_features=64, out_features=64, bias=True)
    (3): ReLU()
  )
)
./agent.py:220: UserWarning: Creating a tensor from a list of numpy.ndarrays is extremely slow. Please consider converting the list to a single numpy.ndarray with numpy.array() before converting to a tensor. (Triggered internally at  /opt/conda/conda-bld/pytorch_1646755903507/work/torch/csrc/utils/tensor_new.cpp:210.)
  return (torch.tensor([state['kinematics']], dtype=torch.float), state_image)
Ep: 0 | Ep_r: 11.37 | t_so_far: {13} | epsilon: 0.102 max: 11.366666666666669
Ep: 1 | Ep_r: 16.79 | t_so_far: {63} | epsilon: 0.109 max: 16.78666666666667
Ep: 2 | Ep_r: 17.13 | t_so_far: {86} | epsilon: 0.112 max: 17.129333333333335
Ep: 3 | Ep_r: 22.66 | t_so_far: {136} | epsilon: 0.119 max: 22.656800000000004
Ep: 4 | Ep_r: 23.59 | t_so_far: {167} | epsilon: 0.124 max: 23.585440000000006
Ep: 5 | Ep_r: 22.57 | t_so_far: {189} | epsilon: 0.127 max: 23.585440000000006
Ep: 6 | Ep_r: 26.1 | t_so_far: {239} | epsilon: 0.134 max: 26.101348266666676
Ep: 7 | Ep_r: 25.29 | t_so_far: {266} | epsilon: 0.137 max: 26.101348266666676
Ep: 8 | Ep_r: 22.54 | t_so_far: {279} | epsilon: 0.139 max: 26.101348266666676
Ep: 9 | Ep_r: 20.25 | t_so_far: {292} | epsilon: 0.141 max: 26.101348266666676
Ep: 10 | Ep_r: 24.18 | t_so_far: {340} | epsilon: 0.147 max: 26.101348266666676
Ep: 11 | Ep_r: 20.33 | t_so_far: {346} | epsilon: 0.148 max: 26.101348266666676
Ep: 12 | Ep_r: 18.22 | t_so_far: {357} | epsilon: 0.15 max: 26.101348266666676
Ep: 13 | Ep_r: 15.99 | t_so_far: {365} | epsilon: 0.151 max: 26.101348266666676
Ep: 14 | Ep_r: 13.06 | t_so_far: {367} | epsilon: 0.151 max: 26.101348266666676
Ep: 15 | Ep_r: 14.42 | t_so_far: {392} | epsilon: 0.155 max: 26.101348266666676
Ep: 16 | Ep_r: 11.96 | t_so_far: {395} | epsilon: 0.155 max: 26.101348266666676
Ep: 17 | Ep_r: 10.03 | t_so_far: {398} | epsilon: 0.155 max: 26.101348266666676
Ep: 18 | Ep_r: 9.91 | t_so_far: {409} | epsilon: 0.157 max: 26.101348266666676
Ep: 19 | Ep_r: 11.06 | t_so_far: {427} | epsilon: 0.159 max: 26.101348266666676
Ep: 20 | Ep_r: 14.26 | t_so_far: {461} | epsilon: 0.164 max: 26.101348266666676
Ep: 21 | Ep_r: 19.09 | t_so_far: {511} | epsilon: 0.17 max: 26.101348266666676
Ep: 22 | Ep_r: 18.29 | t_so_far: {527} | epsilon: 0.173 max: 26.101348266666676
Ep: 23 | Ep_r: 20.86 | t_so_far: {562} | epsilon: 0.177 max: 26.101348266666676
Ep: 24 | Ep_r: 18.55 | t_so_far: {573} | epsilon: 0.179 max: 26.101348266666676
Ep: 25 | Ep_r: 21.7 | t_so_far: {616} | epsilon: 0.184 max: 26.101348266666676
Ep: 26 | Ep_r: 20.77 | t_so_far: {638} | epsilon: 0.187 max: 26.101348266666676
Ep: 27 | Ep_r: 19.83 | t_so_far: {656} | epsilon: 0.189 max: 26.101348266666676
Ep: 28 | Ep_r: 24.32 | t_so_far: {706} | epsilon: 0.196 max: 26.101348266666676
Ep: 29 | Ep_r: 24.82 | t_so_far: {738} | epsilon: 0.2 max: 26.101348266666676
Ep: 30 | Ep_r: 22.21 | t_so_far: {752} | epsilon: 0.202 max: 26.101348266666676
Ep: 31 | Ep_r: 19.48 | t_so_far: {763} | epsilon: 0.203 max: 26.101348266666676
Ep: 32 | Ep_r: 24.2 | t_so_far: {813} | epsilon: 0.21 max: 26.101348266666676
Ep: 33 | Ep_r: 24.27 | t_so_far: {843} | epsilon: 0.213 max: 26.101348266666676
Ep: 34 | Ep_r: 27.44 | t_so_far: {893} | epsilon: 0.22 max: 27.443095247369506
Ep: 35 | Ep_r: 22.7 | t_so_far: {898} | epsilon: 0.22 max: 27.443095247369506
Ep: 36 | Ep_r: 22.06 | t_so_far: {922} | epsilon: 0.223 max: 27.443095247369506
Ep: 37 | Ep_r: 24.98 | t_so_far: {964} | epsilon: 0.228 max: 27.443095247369506
Ep: 38 | Ep_r: 22.94 | t_so_far: {981} | epsilon: 0.23 max: 27.443095247369506
Ep: 39 | Ep_r: 19.02 | t_so_far: {985} | epsilon: 0.231 max: 27.443095247369506
Ep: 40 | Ep_r: 16.17 | t_so_far: {991} | epsilon: 0.232 max: 27.443095247369506
Ep: 41 | Ep_r: 13.59 | t_so_far: {995} | epsilon: 0.232 max: 27.443095247369506
Ep: 42 | Ep_r: 12.87 | t_so_far: {1007} | epsilon: 0.234 max: 27.443095247369506
Ep: 43 | Ep_r: 18.17 | t_so_far: {1053} | epsilon: 0.239 max: 27.443095247369506
Ep: 44 | Ep_r: 19.44 | t_so_far: {1082} | epsilon: 0.243 max: 27.443095247369506
Ep: 45 | Ep_r: 16.65 | t_so_far: {1089} | epsilon: 0.244 max: 27.443095247369506
Ep: 46 | Ep_r: 17.74 | t_so_far: {1114} | epsilon: 0.247 max: 27.443095247369506
Ep: 47 | Ep_r: 22.66 | t_so_far: {1164} | epsilon: 0.253 max: 27.443095247369506
Ep: 48 | Ep_r: 23.4 | t_so_far: {1196} | epsilon: 0.256 max: 27.443095247369506
Ep: 49 | Ep_r: 22.74 | t_so_far: {1221} | epsilon: 0.259 max: 27.443095247369506
Ep: 50 | Ep_r: 25.12 | t_so_far: {1263} | epsilon: 0.264 max: 27.443095247369506
Ep: 51 | Ep_r: 23.95 | t_so_far: {1287} | epsilon: 0.267 max: 27.443095247369506
Ep: 52 | Ep_r: 20.07 | t_so_far: {1293} | epsilon: 0.268 max: 27.443095247369506
Ep: 53 | Ep_r: 16.68 | t_so_far: {1297} | epsilon: 0.268 max: 27.443095247369506
Ep: 54 | Ep_r: 14.6 | t_so_far: {1305} | epsilon: 0.269 max: 27.443095247369506
Ep: 55 | Ep_r: 16.24 | t_so_far: {1333} | epsilon: 0.273 max: 27.443095247369506
Ep: 56 | Ep_r: 20.94 | t_so_far: {1383} | epsilon: 0.278 max: 27.443095247369506
Ep: 57 | Ep_r: 20.84 | t_so_far: {1406} | epsilon: 0.281 max: 27.443095247369506
Ep: 58 | Ep_r: 17.07 | t_so_far: {1409} | epsilon: 0.281 max: 27.443095247369506
Ep: 59 | Ep_r: 14.81 | t_so_far: {1416} | epsilon: 0.282 max: 27.443095247369506
Ep: 60 | Ep_r: 13.16 | t_so_far: {1424} | epsilon: 0.283 max: 27.443095247369506
Ep: 61 | Ep_r: 12.65 | t_so_far: {1437} | epsilon: 0.285 max: 27.443095247369506
Ep: 62 | Ep_r: 18.46 | t_so_far: {1487} | epsilon: 0.29 max: 27.443095247369506
Ep: 63 | Ep_r: 16.18 | t_so_far: {1495} | epsilon: 0.291 max: 27.443095247369506
Ep: 64 | Ep_r: 17.15 | t_so_far: {1519} | epsilon: 0.294 max: 27.443095247369506
Ep: 65 | Ep_r: 14.59 | t_so_far: {1525} | epsilon: 0.295 max: 27.443095247369506
Ep: 66 | Ep_r: 14.8 | t_so_far: {1544} | epsilon: 0.297 max: 27.443095247369506
Ep: 67 | Ep_r: 19.56 | t_so_far: {1591} | epsilon: 0.302 max: 27.443095247369506
Ep: 68 | Ep_r: 23.2 | t_so_far: {1641} | epsilon: 0.307 max: 27.443095247369506
Ep: 69 | Ep_r: 19.0 | t_so_far: {1644} | epsilon: 0.308 max: 27.443095247369506
Ep: 70 | Ep_r: 23.59 | t_so_far: {1694} | epsilon: 0.313 max: 27.443095247369506
Ep: 71 | Ep_r: 25.74 | t_so_far: {1733} | epsilon: 0.318 max: 27.443095247369506
Ep: 72 | Ep_r: 28.65 | t_so_far: {1783} | epsilon: 0.323 max: 28.65492589162801
Ep: 73 | Ep_r: 25.0 | t_so_far: {1795} | epsilon: 0.324 max: 28.65492589162801
Ep: 74 | Ep_r: 21.83 | t_so_far: {1805} | epsilon: 0.325 max: 28.65492589162801
Ep: 75 | Ep_r: 19.39 | t_so_far: {1816} | epsilon: 0.327 max: 28.65492589162801
Ep: 76 | Ep_r: 19.02 | t_so_far: {1837} | epsilon: 0.329 max: 28.65492589162801
Ep: 77 | Ep_r: 22.58 | t_so_far: {1887} | epsilon: 0.334 max: 28.65492589162801
Ep: 78 | Ep_r: 18.75 | t_so_far: {1892} | epsilon: 0.335 max: 28.65492589162801
Ep: 79 | Ep_r: 16.14 | t_so_far: {1899} | epsilon: 0.335 max: 28.65492589162801
Ep: 80 | Ep_r: 21.01 | t_so_far: {1949} | epsilon: 0.341 max: 28.65492589162801
Ep: 81 | Ep_r: 21.61 | t_so_far: {1978} | epsilon: 0.344 max: 28.65492589162801
Ep: 82 | Ep_r: 20.51 | t_so_far: {1996} | epsilon: 0.346 max: 28.65492589162801
Ep: 83 | Ep_r: 24.69 | t_so_far: {2046} | epsilon: 0.351 max: 28.65492589162801
Ep: 84 | Ep_r: 27.5 | t_so_far: {2096} | epsilon: 0.356 max: 28.65492589162801
Ep: 85 | Ep_r: 27.42 | t_so_far: {2130} | epsilon: 0.36 max: 28.65492589162801
Ep: 86 | Ep_r: 30.4 | t_so_far: {2180} | epsilon: 0.365 max: 30.399100864997855
Ep: 87 | Ep_r: 27.31 | t_so_far: {2198} | epsilon: 0.366 max: 30.399100864997855
Ep: 88 | Ep_r: 24.0 | t_so_far: {2210} | epsilon: 0.368 max: 30.399100864997855
Ep: 89 | Ep_r: 27.03 | t_so_far: {2259} | epsilon: 0.373 max: 30.399100864997855
Ep: 90 | Ep_r: 25.63 | t_so_far: {2283} | epsilon: 0.375 max: 30.399100864997855
Ep: 91 | Ep_r: 29.09 | t_so_far: {2333} | epsilon: 0.38 max: 30.399100864997855
Ep: 92 | Ep_r: 31.7 | t_so_far: {2383} | epsilon: 0.385 max: 31.697138163820668
Ep: 93 | Ep_r: 28.43 | t_so_far: {2403} | epsilon: 0.387 max: 31.697138163820668
Ep: 94 | Ep_r: 31.12 | t_so_far: {2453} | epsilon: 0.392 max: 31.697138163820668
Ep: 95 | Ep_r: 32.11 | t_so_far: {2495} | epsilon: 0.396 max: 32.11453473987619
Ep: 96 | Ep_r: 34.34 | t_so_far: {2545} | epsilon: 0.401 max: 34.338294458567624
Ep: 97 | Ep_r: 29.73 | t_so_far: {2559} | epsilon: 0.402 max: 34.338294458567624
Ep: 98 | Ep_r: 28.86 | t_so_far: {2592} | epsilon: 0.405 max: 34.338294458567624
Ep: 99 | Ep_r: 27.4 | t_so_far: {2616} | epsilon: 0.407 max: 34.338294458567624
Ep: 100 | Ep_r: 26.09 | t_so_far: {2643} | epsilon: 0.41 max: 34.338294458567624
Ep: 101 | Ep_r: 27.19 | t_so_far: {2682} | epsilon: 0.414 max: 34.338294458567624
Ep: 102 | Ep_r: 30.2 | t_so_far: {2732} | epsilon: 0.418 max: 34.338294458567624
Ep: 103 | Ep_r: 26.16 | t_so_far: {2744} | epsilon: 0.419 max: 34.338294458567624
Ep: 104 | Ep_r: 29.23 | t_so_far: {2794} | epsilon: 0.424 max: 34.338294458567624
Ep: 105 | Ep_r: 28.65 | t_so_far: {2825} | epsilon: 0.427 max: 34.338294458567624
Ep: 106 | Ep_r: 30.86 | t_so_far: {2875} | epsilon: 0.431 max: 34.338294458567624
Ep: 107 | Ep_r: 28.38 | t_so_far: {2896} | epsilon: 0.433 max: 34.338294458567624
Ep: 108 | Ep_r: 26.65 | t_so_far: {2919} | epsilon: 0.435 max: 34.338294458567624
Ep: 109 | Ep_r: 22.09 | t_so_far: {2924} | epsilon: 0.436 max: 34.338294458567624
Ep: 110 | Ep_r: 20.35 | t_so_far: {2939} | epsilon: 0.437 max: 34.338294458567624
Ep: 111 | Ep_r: 20.0 | t_so_far: {2960} | epsilon: 0.439 max: 34.338294458567624
Ep: 112 | Ep_r: 23.96 | t_so_far: {3007} | epsilon: 0.443 max: 34.338294458567624
Ep: 113 | Ep_r: 27.35 | t_so_far: {3056} | epsilon: 0.448 max: 34.338294458567624
Ep: 114 | Ep_r: 29.48 | t_so_far: {3099} | epsilon: 0.451 max: 34.338294458567624
Ep: 115 | Ep_r: 31.91 | t_so_far: {3149} | epsilon: 0.456 max: 34.338294458567624
Ep: 116 | Ep_r: 33.81 | t_so_far: {3199} | epsilon: 0.46 max: 34.338294458567624
Ep: 117 | Ep_r: 35.07 | t_so_far: {3249} | epsilon: 0.464 max: 35.06881838199579
Ep: 118 | Ep_r: 31.08 | t_so_far: {3266} | epsilon: 0.466 max: 35.06881838199579
Ep: 119 | Ep_r: 25.29 | t_so_far: {3269} | epsilon: 0.466 max: 35.06881838199579
Ep: 120 | Ep_r: 28.28 | t_so_far: {3319} | epsilon: 0.47 max: 35.06881838199579
Ep: 121 | Ep_r: 24.4 | t_so_far: {3330} | epsilon: 0.471 max: 35.06881838199579
Ep: 122 | Ep_r: 21.64 | t_so_far: {3342} | epsilon: 0.472 max: 35.06881838199579
Ep: 123 | Ep_r: 25.52 | t_so_far: {3392} | epsilon: 0.476 max: 35.06881838199579
Ep: 124 | Ep_r: 28.64 | t_so_far: {3442} | epsilon: 0.481 max: 35.06881838199579
Ep: 125 | Ep_r: 25.13 | t_so_far: {3455} | epsilon: 0.482 max: 35.06881838199579
Ep: 126 | Ep_r: 21.62 | t_so_far: {3464} | epsilon: 0.482 max: 35.06881838199579
Ep: 127 | Ep_r: 22.4 | t_so_far: {3493} | epsilon: 0.485 max: 35.06881838199579
Ep: 128 | Ep_r: 20.91 | t_so_far: {3512} | epsilon: 0.486 max: 35.06881838199579
Ep: 129 | Ep_r: 25.55 | t_so_far: {3562} | epsilon: 0.49 max: 35.06881838199579
Ep: 130 | Ep_r: 26.1 | t_so_far: {3594} | epsilon: 0.493 max: 35.06881838199579
Ep: 131 | Ep_r: 24.33 | t_so_far: {3615} | epsilon: 0.495 max: 35.06881838199579
Ep: 132 | Ep_r: 27.55 | t_so_far: {3665} | epsilon: 0.499 max: 35.06881838199579
Ep: 133 | Ep_r: 31.02 | t_so_far: {3715} | epsilon: 0.503 max: 35.06881838199579
Ep: 134 | Ep_r: 33.36 | t_so_far: {3765} | epsilon: 0.507 max: 35.06881838199579
Ep: 135 | Ep_r: 32.07 | t_so_far: {3797} | epsilon: 0.509 max: 35.06881838199579
Ep: 136 | Ep_r: 26.98 | t_so_far: {3805} | epsilon: 0.51 max: 35.06881838199579
Ep: 137 | Ep_r: 23.2 | t_so_far: {3814} | epsilon: 0.511 max: 35.06881838199579
Ep: 138 | Ep_r: 19.16 | t_so_far: {3818} | epsilon: 0.511 max: 35.06881838199579
Ep: 139 | Ep_r: 15.99 | t_so_far: {3822} | epsilon: 0.511 max: 35.06881838199579
Ep: 140 | Ep_r: 14.18 | t_so_far: {3831} | epsilon: 0.512 max: 35.06881838199579
Ep: 141 | Ep_r: 20.47 | t_so_far: {3881} | epsilon: 0.516 max: 35.06881838199579
Ep: 142 | Ep_r: 24.97 | t_so_far: {3931} | epsilon: 0.52 max: 35.06881838199579
Ep: 143 | Ep_r: 20.81 | t_so_far: {3936} | epsilon: 0.52 max: 35.06881838199579
Ep: 144 | Ep_r: 20.18 | t_so_far: {3958} | epsilon: 0.522 max: 35.06881838199579
Ep: 145 | Ep_r: 21.44 | t_so_far: {3988} | epsilon: 0.524 max: 35.06881838199579
Ep: 146 | Ep_r: 25.75 | t_so_far: {4038} | epsilon: 0.528 max: 35.06881838199579
Ep: 147 | Ep_r: 28.46 | t_so_far: {4088} | epsilon: 0.532 max: 35.06881838199579
Ep: 148 | Ep_r: 30.86 | t_so_far: {4138} | epsilon: 0.535 max: 35.06881838199579
Ep: 149 | Ep_r: 27.99 | t_so_far: {4158} | epsilon: 0.537 max: 35.06881838199579
Ep: 150 | Ep_r: 30.22 | t_so_far: {4208} | epsilon: 0.54 max: 35.06881838199579
Ep: 151 | Ep_r: 32.92 | t_so_far: {4258} | epsilon: 0.544 max: 35.06881838199579
Ep: 152 | Ep_r: 34.65 | t_so_far: {4308} | epsilon: 0.548 max: 35.06881838199579
Ep: 153 | Ep_r: 36.12 | t_so_far: {4358} | epsilon: 0.551 max: 36.11512399559769
Ep: 154 | Ep_r: 36.99 | t_so_far: {4407} | epsilon: 0.555 max: 36.99209919647816
Ep: 155 | Ep_r: 37.91 | t_so_far: {4457} | epsilon: 0.558 max: 37.913679357182524
Ep: 156 | Ep_r: 33.66 | t_so_far: {4477} | epsilon: 0.56 max: 37.913679357182524
Ep: 157 | Ep_r: 35.51 | t_so_far: {4527} | epsilon: 0.563 max: 37.913679357182524
Ep: 158 | Ep_r: 34.14 | t_so_far: {4560} | epsilon: 0.566 max: 37.913679357182524
Ep: 159 | Ep_r: 33.77 | t_so_far: {4596} | epsilon: 0.568 max: 37.913679357182524
Ep: 160 | Ep_r: 30.11 | t_so_far: {4615} | epsilon: 0.569 max: 37.913679357182524
Ep: 161 | Ep_r: 32.56 | t_so_far: {4665} | epsilon: 0.573 max: 37.913679357182524
Ep: 162 | Ep_r: 32.61 | t_so_far: {4704} | epsilon: 0.575 max: 37.913679357182524
Ep: 163 | Ep_r: 33.88 | t_so_far: {4749} | epsilon: 0.578 max: 37.913679357182524
Ep: 164 | Ep_r: 35.82 | t_so_far: {4799} | epsilon: 0.582 max: 37.913679357182524
Ep: 165 | Ep_r: 29.12 | t_so_far: {4802} | epsilon: 0.582 max: 37.913679357182524
Ep: 166 | Ep_r: 24.85 | t_so_far: {4811} | epsilon: 0.583 max: 37.913679357182524
Ep: 167 | Ep_r: 23.92 | t_so_far: {4834} | epsilon: 0.584 max: 37.913679357182524
Ep: 168 | Ep_r: 27.67 | t_so_far: {4884} | epsilon: 0.587 max: 37.913679357182524
Ep: 169 | Ep_r: 22.97 | t_so_far: {4889} | epsilon: 0.588 max: 37.913679357182524
Ep: 170 | Ep_r: 23.73 | t_so_far: {4920} | epsilon: 0.59 max: 37.913679357182524
Ep: 171 | Ep_r: 21.02 | t_so_far: {4933} | epsilon: 0.591 max: 37.913679357182524
Ep: 172 | Ep_r: 18.95 | t_so_far: {4945} | epsilon: 0.591 max: 37.913679357182524
Ep: 173 | Ep_r: 18.92 | t_so_far: {4969} | epsilon: 0.593 max: 37.913679357182524
Ep: 174 | Ep_r: 17.63 | t_so_far: {4983} | epsilon: 0.594 max: 37.913679357182524
Ep: 175 | Ep_r: 22.83 | t_so_far: {5033} | epsilon: 0.597 max: 37.913679357182524
Ep: 176 | Ep_r: 20.87 | t_so_far: {5050} | epsilon: 0.598 max: 37.913679357182524
Ep: 177 | Ep_r: 24.89 | t_so_far: {5100} | epsilon: 0.601 max: 37.913679357182524
Ep: 178 | Ep_r: 22.18 | t_so_far: {5113} | epsilon: 0.602 max: 37.913679357182524
Ep: 179 | Ep_r: 26.55 | t_so_far: {5163} | epsilon: 0.605 max: 37.913679357182524
Ep: 180 | Ep_r: 30.6 | t_so_far: {5213} | epsilon: 0.609 max: 37.913679357182524
Ep: 181 | Ep_r: 26.1 | t_so_far: {5224} | epsilon: 0.609 max: 37.913679357182524
Ep: 182 | Ep_r: 22.13 | t_so_far: {5232} | epsilon: 0.61 max: 37.913679357182524
Ep: 183 | Ep_r: 26.56 | t_so_far: {5282} | epsilon: 0.613 max: 37.913679357182524
Ep: 184 | Ep_r: 30.5 | t_so_far: {5332} | epsilon: 0.616 max: 37.913679357182524
Ep: 185 | Ep_r: 33.08 | t_so_far: {5381} | epsilon: 0.619 max: 37.913679357182524
Ep: 186 | Ep_r: 36.01 | t_so_far: {5431} | epsilon: 0.622 max: 37.913679357182524
Ep: 187 | Ep_r: 29.41 | t_so_far: {5435} | epsilon: 0.622 max: 37.913679357182524
Ep: 188 | Ep_r: 27.85 | t_so_far: {5459} | epsilon: 0.624 max: 37.913679357182524
Ep: 189 | Ep_r: 28.15 | t_so_far: {5492} | epsilon: 0.626 max: 37.913679357182524
Ep: 190 | Ep_r: 30.7 | t_so_far: {5542} | epsilon: 0.629 max: 37.913679357182524
Ep: 191 | Ep_r: 26.64 | t_so_far: {5554} | epsilon: 0.629 max: 37.913679357182524
Ep: 192 | Ep_r: 21.74 | t_so_far: {5557} | epsilon: 0.629 max: 37.913679357182524
Ep: 193 | Ep_r: 25.65 | t_so_far: {5607} | epsilon: 0.632 max: 37.913679357182524
Ep: 194 | Ep_r: 22.29 | t_so_far: {5617} | epsilon: 0.633 max: 37.913679357182524
Ep: 195 | Ep_r: 26.37 | t_so_far: {5667} | epsilon: 0.636 max: 37.913679357182524
Ep: 196 | Ep_r: 29.6 | t_so_far: {5717} | epsilon: 0.639 max: 37.913679357182524
Ep: 197 | Ep_r: 32.42 | t_so_far: {5767} | epsilon: 0.642 max: 37.913679357182524
Ep: 198 | Ep_r: 28.8 | t_so_far: {5784} | epsilon: 0.643 max: 37.913679357182524
Ep: 199 | Ep_r: 31.94 | t_so_far: {5834} | epsilon: 0.645 max: 37.913679357182524
Ep: 200 | Ep_r: 34.31 | t_so_far: {5884} | epsilon: 0.648 max: 37.913679357182524
Ep: 201 | Ep_r: 36.17 | t_so_far: {5934} | epsilon: 0.651 max: 37.913679357182524
Ep: 202 | Ep_r: 37.64 | t_so_far: {5984} | epsilon: 0.654 max: 37.913679357182524
Ep: 203 | Ep_r: 33.01 | t_so_far: {6001} | epsilon: 0.655 max: 37.913679357182524
Ep: 204 | Ep_r: 29.84 | t_so_far: {6020} | epsilon: 0.656 max: 37.913679357182524
Ep: 205 | Ep_r: 32.52 | t_so_far: {6070} | epsilon: 0.659 max: 37.913679357182524
Ep: 206 | Ep_r: 27.97 | t_so_far: {6081} | epsilon: 0.659 max: 37.913679357182524
Ep: 207 | Ep_r: 25.65 | t_so_far: {6101} | epsilon: 0.66 max: 37.913679357182524
Ep: 208 | Ep_r: 20.78 | t_so_far: {6103} | epsilon: 0.66 max: 37.913679357182524
Ep: 209 | Ep_r: 25.46 | t_so_far: {6153} | epsilon: 0.663 max: 37.913679357182524
Ep: 210 | Ep_r: 26.94 | t_so_far: {6189} | epsilon: 0.665 max: 37.913679357182524
Ep: 211 | Ep_r: 29.97 | t_so_far: {6239} | epsilon: 0.668 max: 37.913679357182524
Ep: 212 | Ep_r: 31.51 | t_so_far: {6289} | epsilon: 0.67 max: 37.913679357182524
Ep: 213 | Ep_r: 33.03 | t_so_far: {6339} | epsilon: 0.673 max: 37.913679357182524
Ep: 214 | Ep_r: 35.33 | t_so_far: {6389} | epsilon: 0.675 max: 37.913679357182524
Ep: 215 | Ep_r: 36.07 | t_so_far: {6438} | epsilon: 0.678 max: 37.913679357182524
Ep: 216 | Ep_r: 37.58 | t_so_far: {6488} | epsilon: 0.681 max: 37.913679357182524
Ep: 217 | Ep_r: 38.44 | t_so_far: {6538} | epsilon: 0.683 max: 38.44376497182066
Ep: 218 | Ep_r: 37.32 | t_so_far: {6579} | epsilon: 0.685 max: 38.44376497182066
Ep: 219 | Ep_r: 37.2 | t_so_far: {6621} | epsilon: 0.687 max: 38.44376497182066
Ep: 220 | Ep_r: 38.75 | t_so_far: {6671} | epsilon: 0.69 max: 38.75120766557219
Ep: 221 | Ep_r: 39.37 | t_so_far: {6720} | epsilon: 0.692 max: 39.36763279912442
Ep: 222 | Ep_r: 37.43 | t_so_far: {6756} | epsilon: 0.694 max: 39.36763279912442
Ep: 223 | Ep_r: 32.81 | t_so_far: {6773} | epsilon: 0.695 max: 39.36763279912442
Ep: 224 | Ep_r: 34.89 | t_so_far: {6823} | epsilon: 0.697 max: 39.36763279912442
Ep: 225 | Ep_r: 36.64 | t_so_far: {6873} | epsilon: 0.7 max: 39.36763279912442
Ep: 226 | Ep_r: 31.99 | t_so_far: {6890} | epsilon: 0.7 max: 39.36763279912442
Ep: 227 | Ep_r: 28.2 | t_so_far: {6905} | epsilon: 0.701 max: 39.36763279912442
Ep: 228 | Ep_r: 24.07 | t_so_far: {6914} | epsilon: 0.702 max: 39.36763279912442
Ep: 229 | Ep_r: 19.72 | t_so_far: {6917} | epsilon: 0.702 max: 39.36763279912442
Ep: 230 | Ep_r: 19.01 | t_so_far: {6936} | epsilon: 0.703 max: 39.36763279912442
Ep: 231 | Ep_r: 24.47 | t_so_far: {6986} | epsilon: 0.705 max: 39.36763279912442
Ep: 232 | Ep_r: 22.81 | t_so_far: {7005} | epsilon: 0.706 max: 39.36763279912442
Ep: 233 | Ep_r: 25.9 | t_so_far: {7055} | epsilon: 0.708 max: 39.36763279912442
Ep: 234 | Ep_r: 21.79 | t_so_far: {7062} | epsilon: 0.709 max: 39.36763279912442
Ep: 235 | Ep_r: 22.86 | t_so_far: {7092} | epsilon: 0.71 max: 39.36763279912442
Ep: 236 | Ep_r: 19.46 | t_so_far: {7100} | epsilon: 0.71 max: 39.36763279912442
Ep: 237 | Ep_r: 24.81 | t_so_far: {7150} | epsilon: 0.713 max: 39.36763279912442
Ep: 238 | Ep_r: 28.3 | t_so_far: {7200} | epsilon: 0.715 max: 39.36763279912442
Ep: 239 | Ep_r: 30.67 | t_so_far: {7250} | epsilon: 0.717 max: 39.36763279912442
Ep: 240 | Ep_r: 32.79 | t_so_far: {7300} | epsilon: 0.719 max: 39.36763279912442
Ep: 241 | Ep_r: 34.73 | t_so_far: {7350} | epsilon: 0.722 max: 39.36763279912442
Ep: 242 | Ep_r: 35.66 | t_so_far: {7400} | epsilon: 0.724 max: 39.36763279912442
Ep: 243 | Ep_r: 32.61 | t_so_far: {7426} | epsilon: 0.725 max: 39.36763279912442
Ep: 244 | Ep_r: 34.2 | t_so_far: {7476} | epsilon: 0.727 max: 39.36763279912442
Ep: 245 | Ep_r: 29.49 | t_so_far: {7490} | epsilon: 0.728 max: 39.36763279912442
Ep: 246 | Ep_r: 30.9 | t_so_far: {7533} | epsilon: 0.73 max: 39.36763279912442
Ep: 247 | Ep_r: 26.28 | t_so_far: {7543} | epsilon: 0.73 max: 39.36763279912442
Ep: 248 | Ep_r: 27.06 | t_so_far: {7581} | epsilon: 0.732 max: 39.36763279912442
Ep: 249 | Ep_r: 28.02 | t_so_far: {7617} | epsilon: 0.733 max: 39.36763279912442
Ep: 250 | Ep_r: 26.09 | t_so_far: {7637} | epsilon: 0.734 max: 39.36763279912442
Ep: 251 | Ep_r: 29.57 | t_so_far: {7687} | epsilon: 0.736 max: 39.36763279912442
Ep: 252 | Ep_r: 31.6 | t_so_far: {7737} | epsilon: 0.738 max: 39.36763279912442
Ep: 253 | Ep_r: 34.15 | t_so_far: {7787} | epsilon: 0.74 max: 39.36763279912442
Ep: 254 | Ep_r: 31.2 | t_so_far: {7809} | epsilon: 0.741 max: 39.36763279912442
Ep: 255 | Ep_r: 25.96 | t_so_far: {7815} | epsilon: 0.741 max: 39.36763279912442
Ep: 256 | Ep_r: 27.9 | t_so_far: {7861} | epsilon: 0.743 max: 39.36763279912442
Ep: 257 | Ep_r: 27.67 | t_so_far: {7890} | epsilon: 0.745 max: 39.36763279912442
Ep: 258 | Ep_r: 30.58 | t_so_far: {7940} | epsilon: 0.747 max: 39.36763279912442
Ep: 259 | Ep_r: 25.82 | t_so_far: {7948} | epsilon: 0.747 max: 39.36763279912442
Ep: 260 | Ep_r: 29.12 | t_so_far: {7998} | epsilon: 0.749 max: 39.36763279912442
Ep: 261 | Ep_r: 31.34 | t_so_far: {8048} | epsilon: 0.751 max: 39.36763279912442
Ep: 262 | Ep_r: 32.8 | t_so_far: {8098} | epsilon: 0.753 max: 39.36763279912442
Ep: 263 | Ep_r: 34.79 | t_so_far: {8148} | epsilon: 0.755 max: 39.36763279912442
Ep: 264 | Ep_r: 36.51 | t_so_far: {8198} | epsilon: 0.757 max: 39.36763279912442
Ep: 265 | Ep_r: 36.18 | t_so_far: {8238} | epsilon: 0.758 max: 39.36763279912442
Ep: 266 | Ep_r: 37.66 | t_so_far: {8288} | epsilon: 0.76 max: 39.36763279912442
Ep: 267 | Ep_r: 32.84 | t_so_far: {8305} | epsilon: 0.761 max: 39.36763279912442
Ep: 268 | Ep_r: 34.07 | t_so_far: {8355} | epsilon: 0.763 max: 39.36763279912442
Ep: 269 | Ep_r: 36.1 | t_so_far: {8405} | epsilon: 0.765 max: 39.36763279912442
Ep: 270 | Ep_r: 37.45 | t_so_far: {8455} | epsilon: 0.767 max: 39.36763279912442
Ep: 271 | Ep_r: 38.39 | t_so_far: {8505} | epsilon: 0.768 max: 39.36763279912442
Ep: 272 | Ep_r: 37.13 | t_so_far: {8545} | epsilon: 0.77 max: 39.36763279912442
Ep: 273 | Ep_r: 37.9 | t_so_far: {8595} | epsilon: 0.772 max: 39.36763279912442
Ep: 274 | Ep_r: 38.52 | t_so_far: {8645} | epsilon: 0.774 max: 39.36763279912442
Ep: 275 | Ep_r: 39.34 | t_so_far: {8695} | epsilon: 0.775 max: 39.36763279912442
Ep: 276 | Ep_r: 39.96 | t_so_far: {8745} | epsilon: 0.777 max: 39.9560343212543
Ep: 277 | Ep_r: 32.73 | t_so_far: {8750} | epsilon: 0.777 max: 39.9560343212543
Ep: 278 | Ep_r: 31.11 | t_so_far: {8779} | epsilon: 0.778 max: 39.9560343212543
Ep: 279 | Ep_r: 27.02 | t_so_far: {8791} | epsilon: 0.779 max: 39.9560343212543
Ep: 280 | Ep_r: 29.67 | t_so_far: {8841} | epsilon: 0.78 max: 39.9560343212543
Ep: 281 | Ep_r: 32.24 | t_so_far: {8891} | epsilon: 0.782 max: 39.9560343212543
Ep: 282 | Ep_r: 33.38 | t_so_far: {8941} | epsilon: 0.784 max: 39.9560343212543
Ep: 283 | Ep_r: 35.15 | t_so_far: {8987} | epsilon: 0.786 max: 39.9560343212543
Ep: 284 | Ep_r: 37.03 | t_so_far: {9037} | epsilon: 0.787 max: 39.9560343212543
Ep: 285 | Ep_r: 37.92 | t_so_far: {9087} | epsilon: 0.789 max: 39.9560343212543
Ep: 286 | Ep_r: 39.31 | t_so_far: {9137} | epsilon: 0.791 max: 39.9560343212543
Ep: 287 | Ep_r: 39.28 | t_so_far: {9187} | epsilon: 0.792 max: 39.9560343212543
Ep: 288 | Ep_r: 39.73 | t_so_far: {9237} | epsilon: 0.794 max: 39.9560343212543
Ep: 289 | Ep_r: 39.68 | t_so_far: {9287} | epsilon: 0.796 max: 39.9560343212543
Ep: 290 | Ep_r: 39.86 | t_so_far: {9337} | epsilon: 0.797 max: 39.9560343212543
Ep: 291 | Ep_r: 40.27 | t_so_far: {9387} | epsilon: 0.799 max: 40.274833486541965
Ep: 292 | Ep_r: 40.73 | t_so_far: {9437} | epsilon: 0.8 max: 40.73320012256691
Ep: 293 | Ep_r: 40.74 | t_so_far: {9482} | epsilon: 0.802 max: 40.73989343138687
Ep: 294 | Ep_r: 40.62 | t_so_far: {9532} | epsilon: 0.803 max: 40.73989343138687
Ep: 295 | Ep_r: 40.81 | t_so_far: {9582} | epsilon: 0.805 max: 40.81486512942094
Ep: 296 | Ep_r: 41.3 | t_so_far: {9632} | epsilon: 0.806 max: 41.29855877020342
Ep: 297 | Ep_r: 41.93 | t_so_far: {9682} | epsilon: 0.808 max: 41.93218034949608
Ep: 298 | Ep_r: 41.5 | t_so_far: {9732} | epsilon: 0.81 max: 41.93218034949608
Ep: 299 | Ep_r: 41.73 | t_so_far: {9782} | epsilon: 0.811 max: 41.93218034949608
Ep: 300 | Ep_r: 40.09 | t_so_far: {9820} | epsilon: 0.812 max: 41.93218034949608
Ep: 301 | Ep_r: 40.18 | t_so_far: {9870} | epsilon: 0.814 max: 41.93218034949608
Ep: 302 | Ep_r: 40.74 | t_so_far: {9920} | epsilon: 0.815 max: 41.93218034949608
Ep: 303 | Ep_r: 39.42 | t_so_far: {9956} | epsilon: 0.816 max: 41.93218034949608
Ep: 304 | Ep_r: 40.47 | t_so_far: {10006} | epsilon: 0.818 max: 41.93218034949608
Ep: 305 | Ep_r: 39.99 | t_so_far: {10056} | epsilon: 0.819 max: 41.93218034949608
Ep: 306 | Ep_r: 41.08 | t_so_far: {10106} | epsilon: 0.821 max: 41.93218034949608
Ep: 307 | Ep_r: 41.18 | t_so_far: {10156} | epsilon: 0.822 max: 41.93218034949608
Ep: 308 | Ep_r: 41.76 | t_so_far: {10206} | epsilon: 0.823 max: 41.93218034949608
Ep: 309 | Ep_r: 41.71 | t_so_far: {10256} | epsilon: 0.825 max: 41.93218034949608
Ep: 310 | Ep_r: 40.38 | t_so_far: {10295} | epsilon: 0.826 max: 41.93218034949608
Ep: 311 | Ep_r: 40.42 | t_so_far: {10345} | epsilon: 0.827 max: 41.93218034949608
Ep: 312 | Ep_r: 41.31 | t_so_far: {10395} | epsilon: 0.829 max: 41.93218034949608
Ep: 313 | Ep_r: 41.45 | t_so_far: {10445} | epsilon: 0.83 max: 41.93218034949608
Ep: 314 | Ep_r: 41.62 | t_so_far: {10495} | epsilon: 0.831 max: 41.93218034949608
Ep: 315 | Ep_r: 41.77 | t_so_far: {10545} | epsilon: 0.833 max: 41.93218034949608
Ep: 316 | Ep_r: 42.04 | t_so_far: {10595} | epsilon: 0.834 max: 42.03906315541757
Ep: 317 | Ep_r: 42.32 | t_so_far: {10645} | epsilon: 0.835 max: 42.317917191000724
Ep: 318 | Ep_r: 41.96 | t_so_far: {10695} | epsilon: 0.837 max: 42.317917191000724
Ep: 319 | Ep_r: 39.82 | t_so_far: {10735} | epsilon: 0.838 max: 42.317917191000724
Ep: 320 | Ep_r: 39.41 | t_so_far: {10785} | epsilon: 0.839 max: 42.317917191000724
Ep: 321 | Ep_r: 40.15 | t_so_far: {10835} | epsilon: 0.84 max: 42.317917191000724
Ep: 322 | Ep_r: 39.75 | t_so_far: {10884} | epsilon: 0.841 max: 42.317917191000724
Ep: 323 | Ep_r: 39.9 | t_so_far: {10934} | epsilon: 0.843 max: 42.317917191000724
Ep: 324 | Ep_r: 39.88 | t_so_far: {10984} | epsilon: 0.844 max: 42.317917191000724
Ep: 325 | Ep_r: 40.26 | t_so_far: {11034} | epsilon: 0.845 max: 42.317917191000724
Ep: 326 | Ep_r: 39.88 | t_so_far: {11084} | epsilon: 0.846 max: 42.317917191000724
Ep: 327 | Ep_r: 37.1 | t_so_far: {11117} | epsilon: 0.847 max: 42.317917191000724
Ep: 328 | Ep_r: 38.64 | t_so_far: {11167} | epsilon: 0.848 max: 42.317917191000724
Ep: 329 | Ep_r: 39.78 | t_so_far: {11217} | epsilon: 0.85 max: 42.317917191000724
Ep: 330 | Ep_r: 33.37 | t_so_far: {11226} | epsilon: 0.85 max: 42.317917191000724
Ep: 331 | Ep_r: 35.06 | t_so_far: {11276} | epsilon: 0.851 max: 42.317917191000724
Ep: 332 | Ep_r: 35.96 | t_so_far: {11326} | epsilon: 0.852 max: 42.317917191000724
Ep: 333 | Ep_r: 33.08 | t_so_far: {11353} | epsilon: 0.853 max: 42.317917191000724
Ep: 334 | Ep_r: 34.45 | t_so_far: {11403} | epsilon: 0.854 max: 42.317917191000724
Ep: 335 | Ep_r: 31.49 | t_so_far: {11426} | epsilon: 0.854 max: 42.317917191000724
Ep: 336 | Ep_r: 32.99 | t_so_far: {11476} | epsilon: 0.856 max: 42.317917191000724
Ep: 337 | Ep_r: 34.45 | t_so_far: {11526} | epsilon: 0.857 max: 42.317917191000724
Ep: 338 | Ep_r: 35.92 | t_so_far: {11576} | epsilon: 0.858 max: 42.317917191000724
Ep: 339 | Ep_r: 34.8 | t_so_far: {11614} | epsilon: 0.859 max: 42.317917191000724
Ep: 340 | Ep_r: 35.58 | t_so_far: {11664} | epsilon: 0.86 max: 42.317917191000724
Ep: 341 | Ep_r: 36.52 | t_so_far: {11714} | epsilon: 0.861 max: 42.317917191000724
Ep: 342 | Ep_r: 36.98 | t_so_far: {11764} | epsilon: 0.862 max: 42.317917191000724
Ep: 343 | Ep_r: 30.86 | t_so_far: {11772} | epsilon: 0.862 max: 42.317917191000724
Ep: 344 | Ep_r: 32.44 | t_so_far: {11822} | epsilon: 0.863 max: 42.317917191000724
Ep: 345 | Ep_r: 30.92 | t_so_far: {11853} | epsilon: 0.864 max: 42.317917191000724
Ep: 346 | Ep_r: 33.15 | t_so_far: {11903} | epsilon: 0.865 max: 42.317917191000724
Ep: 347 | Ep_r: 34.36 | t_so_far: {11953} | epsilon: 0.866 max: 42.317917191000724
Ep: 348 | Ep_r: 36.03 | t_so_far: {12003} | epsilon: 0.867 max: 42.317917191000724
Ep: 349 | Ep_r: 37.05 | t_so_far: {12053} | epsilon: 0.868 max: 42.317917191000724
Ep: 350 | Ep_r: 38.08 | t_so_far: {12103} | epsilon: 0.869 max: 42.317917191000724
Ep: 351 | Ep_r: 39.35 | t_so_far: {12153} | epsilon: 0.87 max: 42.317917191000724
Ep: 352 | Ep_r: 39.73 | t_so_far: {12203} | epsilon: 0.871 max: 42.317917191000724
Ep: 353 | Ep_r: 39.52 | t_so_far: {12253} | epsilon: 0.872 max: 42.317917191000724
Ep: 354 | Ep_r: 34.5 | t_so_far: {12271} | epsilon: 0.873 max: 42.317917191000724
Ep: 355 | Ep_r: 35.97 | t_so_far: {12321} | epsilon: 0.874 max: 42.317917191000724
Ep: 356 | Ep_r: 36.44 | t_so_far: {12371} | epsilon: 0.875 max: 42.317917191000724
Ep: 357 | Ep_r: 37.02 | t_so_far: {12421} | epsilon: 0.876 max: 42.317917191000724
Ep: 358 | Ep_r: 37.46 | t_so_far: {12471} | epsilon: 0.877 max: 42.317917191000724
Ep: 359 | Ep_r: 38.07 | t_so_far: {12521} | epsilon: 0.878 max: 42.317917191000724
Ep: 360 | Ep_r: 39.03 | t_so_far: {12571} | epsilon: 0.879 max: 42.317917191000724
Ep: 361 | Ep_r: 39.45 | t_so_far: {12621} | epsilon: 0.88 max: 42.317917191000724
Ep: 362 | Ep_r: 39.41 | t_so_far: {12671} | epsilon: 0.881 max: 42.317917191000724
Ep: 363 | Ep_r: 32.81 | t_so_far: {12679} | epsilon: 0.881 max: 42.317917191000724
Ep: 364 | Ep_r: 31.01 | t_so_far: {12707} | epsilon: 0.881 max: 42.317917191000724
Ep: 365 | Ep_r: 32.86 | t_so_far: {12757} | epsilon: 0.882 max: 42.317917191000724
Ep: 366 | Ep_r: 34.05 | t_so_far: {12807} | epsilon: 0.883 max: 42.317917191000724
Ep: 367 | Ep_r: 35.13 | t_so_far: {12857} | epsilon: 0.884 max: 42.317917191000724
Ep: 368 | Ep_r: 36.0 | t_so_far: {12907} | epsilon: 0.885 max: 42.317917191000724
Ep: 369 | Ep_r: 36.05 | t_so_far: {12957} | epsilon: 0.886 max: 42.317917191000724
Ep: 370 | Ep_r: 36.76 | t_so_far: {13007} | epsilon: 0.887 max: 42.317917191000724
Ep: 371 | Ep_r: 37.41 | t_so_far: {13057} | epsilon: 0.888 max: 42.317917191000724
Ep: 372 | Ep_r: 37.24 | t_so_far: {13107} | epsilon: 0.889 max: 42.317917191000724
Ep: 373 | Ep_r: 37.49 | t_so_far: {13157} | epsilon: 0.889 max: 42.317917191000724
Ep: 374 | Ep_r: 38.2 | t_so_far: {13207} | epsilon: 0.89 max: 42.317917191000724
Ep: 375 | Ep_r: 38.17 | t_so_far: {13257} | epsilon: 0.891 max: 42.317917191000724
Ep: 376 | Ep_r: 37.88 | t_so_far: {13307} | epsilon: 0.892 max: 42.317917191000724
Ep: 377 | Ep_r: 38.23 | t_so_far: {13357} | epsilon: 0.893 max: 42.317917191000724
Ep: 378 | Ep_r: 38.53 | t_so_far: {13407} | epsilon: 0.894 max: 42.317917191000724
Ep: 379 | Ep_r: 38.71 | t_so_far: {13457} | epsilon: 0.895 max: 42.317917191000724
Ep: 380 | Ep_r: 39.15 | t_so_far: {13507} | epsilon: 0.895 max: 42.317917191000724
Ep: 381 | Ep_r: 39.43 | t_so_far: {13557} | epsilon: 0.896 max: 42.317917191000724
Ep: 382 | Ep_r: 37.78 | t_so_far: {13594} | epsilon: 0.897 max: 42.317917191000724
Ep: 383 | Ep_r: 38.36 | t_so_far: {13644} | epsilon: 0.898 max: 42.317917191000724
Ep: 384 | Ep_r: 38.66 | t_so_far: {13694} | epsilon: 0.898 max: 42.317917191000724
Ep: 385 | Ep_r: 39.39 | t_so_far: {13744} | epsilon: 0.899 max: 42.317917191000724
Ep: 386 | Ep_r: 39.99 | t_so_far: {13794} | epsilon: 0.9 max: 42.317917191000724
Ep: 387 | Ep_r: 39.94 | t_so_far: {13844} | epsilon: 0.901 max: 42.317917191000724
Ep: 388 | Ep_r: 40.42 | t_so_far: {13894} | epsilon: 0.902 max: 42.317917191000724
Ep: 389 | Ep_r: 40.3 | t_so_far: {13944} | epsilon: 0.902 max: 42.317917191000724
Ep: 390 | Ep_r: 40.46 | t_so_far: {13994} | epsilon: 0.903 max: 42.317917191000724
Ep: 391 | Ep_r: 40.54 | t_so_far: {14044} | epsilon: 0.904 max: 42.317917191000724
Ep: 392 | Ep_r: 40.12 | t_so_far: {14094} | epsilon: 0.905 max: 42.317917191000724
Ep: 393 | Ep_r: 40.53 | t_so_far: {14144} | epsilon: 0.905 max: 42.317917191000724
Ep: 394 | Ep_r: 40.11 | t_so_far: {14194} | epsilon: 0.906 max: 42.317917191000724
Ep: 395 | Ep_r: 40.16 | t_so_far: {14244} | epsilon: 0.907 max: 42.317917191000724
Ep: 396 | Ep_r: 40.07 | t_so_far: {14294} | epsilon: 0.908 max: 42.317917191000724
Ep: 397 | Ep_r: 39.57 | t_so_far: {14344} | epsilon: 0.908 max: 42.317917191000724
Ep: 398 | Ep_r: 39.81 | t_so_far: {14394} | epsilon: 0.909 max: 42.317917191000724
Ep: 399 | Ep_r: 40.43 | t_so_far: {14444} | epsilon: 0.91 max: 42.317917191000724
Ep: 400 | Ep_r: 40.7 | t_so_far: {14494} | epsilon: 0.911 max: 42.317917191000724
Ep: 401 | Ep_r: 40.42 | t_so_far: {14544} | epsilon: 0.911 max: 42.317917191000724
Ep: 402 | Ep_r: 40.95 | t_so_far: {14594} | epsilon: 0.912 max: 42.317917191000724
Ep: 403 | Ep_r: 41.48 | t_so_far: {14644} | epsilon: 0.913 max: 42.317917191000724
Ep: 404 | Ep_r: 41.95 | t_so_far: {14694} | epsilon: 0.913 max: 42.317917191000724
Ep: 405 | Ep_r: 42.39 | t_so_far: {14744} | epsilon: 0.914 max: 42.3928569142402
Ep: 406 | Ep_r: 42.21 | t_so_far: {14794} | epsilon: 0.915 max: 42.3928569142402
Ep: 407 | Ep_r: 42.38 | t_so_far: {14844} | epsilon: 0.915 max: 42.3928569142402
Ep: 408 | Ep_r: 42.04 | t_so_far: {14894} | epsilon: 0.916 max: 42.3928569142402
Ep: 409 | Ep_r: 42.32 | t_so_far: {14944} | epsilon: 0.917 max: 42.3928569142402
Ep: 410 | Ep_r: 40.7 | t_so_far: {14985} | epsilon: 0.917 max: 42.3928569142402
Ep: 411 | Ep_r: 39.92 | t_so_far: {15026} | epsilon: 0.918 max: 42.3928569142402
Ep: 412 | Ep_r: 37.65 | t_so_far: {15059} | epsilon: 0.918 max: 42.3928569142402
Ep: 413 | Ep_r: 38.92 | t_so_far: {15109} | epsilon: 0.919 max: 42.3928569142402
Ep: 414 | Ep_r: 39.84 | t_so_far: {15159} | epsilon: 0.919 max: 42.3928569142402
Ep: 415 | Ep_r: 41.04 | t_so_far: {15209} | epsilon: 0.92 max: 42.3928569142402
Ep: 416 | Ep_r: 33.47 | t_so_far: {15213} | epsilon: 0.92 max: 42.3928569142402
Ep: 417 | Ep_r: 34.93 | t_so_far: {15263} | epsilon: 0.921 max: 42.3928569142402
Ep: 418 | Ep_r: 37.03 | t_so_far: {15313} | epsilon: 0.921 max: 42.3928569142402
Ep: 419 | Ep_r: 37.81 | t_so_far: {15363} | epsilon: 0.922 max: 42.3928569142402
Ep: 420 | Ep_r: 37.45 | t_so_far: {15413} | epsilon: 0.923 max: 42.3928569142402
Ep: 421 | Ep_r: 35.64 | t_so_far: {15446} | epsilon: 0.923 max: 42.3928569142402
Ep: 422 | Ep_r: 36.17 | t_so_far: {15496} | epsilon: 0.924 max: 42.3928569142402
Ep: 423 | Ep_r: 37.31 | t_so_far: {15546} | epsilon: 0.924 max: 42.3928569142402
Ep: 424 | Ep_r: 32.77 | t_so_far: {15562} | epsilon: 0.924 max: 42.3928569142402
Ep: 425 | Ep_r: 33.71 | t_so_far: {15612} | epsilon: 0.925 max: 42.3928569142402
Ep: 426 | Ep_r: 34.3 | t_so_far: {15662} | epsilon: 0.926 max: 42.3928569142402
Ep: 427 | Ep_r: 34.96 | t_so_far: {15712} | epsilon: 0.926 max: 42.3928569142402
Ep: 428 | Ep_r: 34.96 | t_so_far: {15762} | epsilon: 0.927 max: 42.3928569142402
Ep: 429 | Ep_r: 36.19 | t_so_far: {15812} | epsilon: 0.927 max: 42.3928569142402
Ep: 430 | Ep_r: 34.47 | t_so_far: {15845} | epsilon: 0.928 max: 42.3928569142402
Ep: 431 | Ep_r: 34.81 | t_so_far: {15895} | epsilon: 0.928 max: 42.3928569142402
Ep: 432 | Ep_r: 35.18 | t_so_far: {15945} | epsilon: 0.929 max: 42.3928569142402
Ep: 433 | Ep_r: 36.09 | t_so_far: {15995} | epsilon: 0.929 max: 42.3928569142402
Ep: 434 | Ep_r: 36.69 | t_so_far: {16045} | epsilon: 0.93 max: 42.3928569142402
Ep: 435 | Ep_r: 37.25 | t_so_far: {16095} | epsilon: 0.931 max: 42.3928569142402
Ep: 436 | Ep_r: 35.89 | t_so_far: {16132} | epsilon: 0.931 max: 42.3928569142402
Ep: 437 | Ep_r: 35.95 | t_so_far: {16182} | epsilon: 0.931 max: 42.3928569142402
Ep: 438 | Ep_r: 36.34 | t_so_far: {16232} | epsilon: 0.932 max: 42.3928569142402
Ep: 439 | Ep_r: 37.42 | t_so_far: {16282} | epsilon: 0.933 max: 42.3928569142402
Ep: 440 | Ep_r: 38.43 | t_so_far: {16332} | epsilon: 0.933 max: 42.3928569142402
Ep: 441 | Ep_r: 38.83 | t_so_far: {16382} | epsilon: 0.934 max: 42.3928569142402
Ep: 442 | Ep_r: 39.01 | t_so_far: {16432} | epsilon: 0.934 max: 42.3928569142402
Ep: 443 | Ep_r: 39.64 | t_so_far: {16482} | epsilon: 0.935 max: 42.3928569142402
Ep: 444 | Ep_r: 39.92 | t_so_far: {16532} | epsilon: 0.935 max: 42.3928569142402
Ep: 445 | Ep_r: 40.31 | t_so_far: {16582} | epsilon: 0.936 max: 42.3928569142402
Ep: 446 | Ep_r: 39.93 | t_so_far: {16632} | epsilon: 0.936 max: 42.3928569142402
Ep: 447 | Ep_r: 39.16 | t_so_far: {16677} | epsilon: 0.937 max: 42.3928569142402
Ep: 448 | Ep_r: 38.61 | t_so_far: {16727} | epsilon: 0.937 max: 42.3928569142402
Ep: 449 | Ep_r: 38.43 | t_so_far: {16777} | epsilon: 0.938 max: 42.3928569142402
Ep: 450 | Ep_r: 38.43 | t_so_far: {16827} | epsilon: 0.938 max: 42.3928569142402
Ep: 451 | Ep_r: 39.45 | t_so_far: {16877} | epsilon: 0.939 max: 42.3928569142402
Ep: 452 | Ep_r: 39.56 | t_so_far: {16927} | epsilon: 0.939 max: 42.3928569142402
Ep: 453 | Ep_r: 40.77 | t_so_far: {16977} | epsilon: 0.94 max: 42.3928569142402
Ep: 454 | Ep_r: 40.48 | t_so_far: {17027} | epsilon: 0.94 max: 42.3928569142402
Ep: 455 | Ep_r: 40.66 | t_so_far: {17077} | epsilon: 0.94 max: 42.3928569142402
Ep: 456 | Ep_r: 40.52 | t_so_far: {17127} | epsilon: 0.941 max: 42.3928569142402
Ep: 457 | Ep_r: 40.68 | t_so_far: {17177} | epsilon: 0.941 max: 42.3928569142402
Ep: 458 | Ep_r: 40.01 | t_so_far: {17227} | epsilon: 0.942 max: 42.3928569142402
Ep: 459 | Ep_r: 33.13 | t_so_far: {17234} | epsilon: 0.942 max: 42.3928569142402
Ep: 460 | Ep_r: 34.77 | t_so_far: {17284} | epsilon: 0.942 max: 42.3928569142402
Ep: 461 | Ep_r: 35.13 | t_so_far: {17334} | epsilon: 0.943 max: 42.3928569142402
Ep: 462 | Ep_r: 35.44 | t_so_far: {17384} | epsilon: 0.943 max: 42.3928569142402
Ep: 463 | Ep_r: 36.48 | t_so_far: {17434} | epsilon: 0.944 max: 42.3928569142402
Ep: 464 | Ep_r: 36.8 | t_so_far: {17484} | epsilon: 0.944 max: 42.3928569142402
Ep: 465 | Ep_r: 36.74 | t_so_far: {17534} | epsilon: 0.945 max: 42.3928569142402
Ep: 466 | Ep_r: 36.73 | t_so_far: {17584} | epsilon: 0.945 max: 42.3928569142402
Ep: 467 | Ep_r: 37.42 | t_so_far: {17634} | epsilon: 0.945 max: 42.3928569142402
Ep: 468 | Ep_r: 30.59 | t_so_far: {17639} | epsilon: 0.946 max: 42.3928569142402
Ep: 469 | Ep_r: 32.12 | t_so_far: {17689} | epsilon: 0.946 max: 42.3928569142402
Ep: 470 | Ep_r: 33.03 | t_so_far: {17739} | epsilon: 0.946 max: 42.3928569142402
Ep: 471 | Ep_r: 34.24 | t_so_far: {17789} | epsilon: 0.947 max: 42.3928569142402
Ep: 472 | Ep_r: 34.83 | t_so_far: {17839} | epsilon: 0.947 max: 42.3928569142402
Ep: 473 | Ep_r: 29.27 | t_so_far: {17848} | epsilon: 0.947 max: 42.3928569142402
Ep: 474 | Ep_r: 30.81 | t_so_far: {17898} | epsilon: 0.948 max: 42.3928569142402
Ep: 475 | Ep_r: 32.56 | t_so_far: {17948} | epsilon: 0.948 max: 42.3928569142402
Ep: 476 | Ep_r: 33.4 | t_so_far: {17998} | epsilon: 0.949 max: 42.3928569142402
Ep: 477 | Ep_r: 34.13 | t_so_far: {18048} | epsilon: 0.949 max: 42.3928569142402
Ep: 478 | Ep_r: 34.85 | t_so_far: {18098} | epsilon: 0.949 max: 42.3928569142402
Ep: 479 | Ep_r: 35.56 | t_so_far: {18148} | epsilon: 0.95 max: 42.3928569142402
Ep: 480 | Ep_r: 35.82 | t_so_far: {18198} | epsilon: 0.95 max: 42.3928569142402
Ep: 481 | Ep_r: 36.57 | t_so_far: {18248} | epsilon: 0.95 max: 42.3928569142402
Ep: 482 | Ep_r: 37.41 | t_so_far: {18298} | epsilon: 0.951 max: 42.3928569142402
Ep: 483 | Ep_r: 37.68 | t_so_far: {18348} | epsilon: 0.951 max: 42.3928569142402
Ep: 484 | Ep_r: 38.44 | t_so_far: {18398} | epsilon: 0.952 max: 42.3928569142402
Ep: 485 | Ep_r: 38.3 | t_so_far: {18448} | epsilon: 0.952 max: 42.3928569142402
Ep: 486 | Ep_r: 37.62 | t_so_far: {18498} | epsilon: 0.952 max: 42.3928569142402
Ep: 487 | Ep_r: 37.84 | t_so_far: {18548} | epsilon: 0.953 max: 42.3928569142402
Ep: 488 | Ep_r: 37.56 | t_so_far: {18598} | epsilon: 0.953 max: 42.3928569142402
Ep: 489 | Ep_r: 38.18 | t_so_far: {18648} | epsilon: 0.953 max: 42.3928569142402
Ep: 490 | Ep_r: 38.26 | t_so_far: {18698} | epsilon: 0.954 max: 42.3928569142402
Ep: 491 | Ep_r: 38.98 | t_so_far: {18748} | epsilon: 0.954 max: 42.3928569142402
Ep: 492 | Ep_r: 37.96 | t_so_far: {18798} | epsilon: 0.955 max: 42.3928569142402
Ep: 493 | Ep_r: 37.67 | t_so_far: {18848} | epsilon: 0.955 max: 42.3928569142402
Ep: 494 | Ep_r: 37.44 | t_so_far: {18898} | epsilon: 0.955 max: 42.3928569142402
Ep: 495 | Ep_r: 38.53 | t_so_far: {18948} | epsilon: 0.956 max: 42.3928569142402
Ep: 496 | Ep_r: 38.66 | t_so_far: {18998} | epsilon: 0.956 max: 42.3928569142402
Ep: 497 | Ep_r: 38.22 | t_so_far: {19048} | epsilon: 0.956 max: 42.3928569142402
Ep: 498 | Ep_r: 37.98 | t_so_far: {19098} | epsilon: 0.957 max: 42.3928569142402
Ep: 499 | Ep_r: 38.38 | t_so_far: {19148} | epsilon: 0.957 max: 42.3928569142402
Ep: 500 | Ep_r: 37.93 | t_so_far: {19198} | epsilon: 0.957 max: 42.3928569142402
Ep: 501 | Ep_r: 37.68 | t_so_far: {19248} | epsilon: 0.958 max: 42.3928569142402
Ep: 502 | Ep_r: 37.4 | t_so_far: {19298} | epsilon: 0.958 max: 42.3928569142402
Ep: 503 | Ep_r: 36.87 | t_so_far: {19348} | epsilon: 0.958 max: 42.3928569142402
Ep: 504 | Ep_r: 36.47 | t_so_far: {19398} | epsilon: 0.959 max: 42.3928569142402
Ep: 505 | Ep_r: 36.23 | t_so_far: {19448} | epsilon: 0.959 max: 42.3928569142402
Ep: 506 | Ep_r: 31.78 | t_so_far: {19467} | epsilon: 0.959 max: 42.3928569142402
Ep: 507 | Ep_r: 32.78 | t_so_far: {19517} | epsilon: 0.959 max: 42.3928569142402
Ep: 508 | Ep_r: 33.81 | t_so_far: {19567} | epsilon: 0.96 max: 42.3928569142402
Ep: 509 | Ep_r: 34.24 | t_so_far: {19617} | epsilon: 0.96 max: 42.3928569142402
Ep: 510 | Ep_r: 34.98 | t_so_far: {19667} | epsilon: 0.96 max: 42.3928569142402
Ep: 511 | Ep_r: 35.58 | t_so_far: {19717} | epsilon: 0.961 max: 42.3928569142402
Ep: 512 | Ep_r: 35.98 | t_so_far: {19767} | epsilon: 0.961 max: 42.3928569142402
Ep: 513 | Ep_r: 36.36 | t_so_far: {19817} | epsilon: 0.961 max: 42.3928569142402
Ep: 514 | Ep_r: 36.1 | t_so_far: {19867} | epsilon: 0.962 max: 42.3928569142402
Ep: 515 | Ep_r: 36.5 | t_so_far: {19917} | epsilon: 0.962 max: 42.3928569142402
Ep: 516 | Ep_r: 36.06 | t_so_far: {19967} | epsilon: 0.962 max: 42.3928569142402
Ep: 517 | Ep_r: 36.92 | t_so_far: {20017} | epsilon: 0.962 max: 42.3928569142402
Ep: 518 | Ep_r: 37.08 | t_so_far: {20067} | epsilon: 0.963 max: 42.3928569142402
Ep: 519 | Ep_r: 36.74 | t_so_far: {20117} | epsilon: 0.963 max: 42.3928569142402
Ep: 520 | Ep_r: 36.74 | t_so_far: {20167} | epsilon: 0.963 max: 42.3928569142402
Ep: 521 | Ep_r: 37.28 | t_so_far: {20217} | epsilon: 0.964 max: 42.3928569142402
Ep: 522 | Ep_r: 36.94 | t_so_far: {20267} | epsilon: 0.964 max: 42.3928569142402
Ep: 523 | Ep_r: 36.32 | t_so_far: {20317} | epsilon: 0.964 max: 42.3928569142402
Ep: 524 | Ep_r: 36.73 | t_so_far: {20367} | epsilon: 0.964 max: 42.3928569142402
Ep: 525 | Ep_r: 37.63 | t_so_far: {20417} | epsilon: 0.965 max: 42.3928569142402
Ep: 526 | Ep_r: 37.53 | t_so_far: {20467} | epsilon: 0.965 max: 42.3928569142402
Ep: 527 | Ep_r: 37.12 | t_so_far: {20517} | epsilon: 0.965 max: 42.3928569142402
Ep: 528 | Ep_r: 36.7 | t_so_far: {20567} | epsilon: 0.966 max: 42.3928569142402
Ep: 529 | Ep_r: 36.69 | t_so_far: {20617} | epsilon: 0.966 max: 42.3928569142402
Ep: 530 | Ep_r: 36.44 | t_so_far: {20667} | epsilon: 0.966 max: 42.3928569142402
Ep: 531 | Ep_r: 36.01 | t_so_far: {20717} | epsilon: 0.966 max: 42.3928569142402
Ep: 532 | Ep_r: 36.14 | t_so_far: {20767} | epsilon: 0.967 max: 42.3928569142402
Ep: 533 | Ep_r: 36.13 | t_so_far: {20817} | epsilon: 0.967 max: 42.3928569142402
Ep: 534 | Ep_r: 36.22 | t_so_far: {20867} | epsilon: 0.967 max: 42.3928569142402
Ep: 535 | Ep_r: 36.23 | t_so_far: {20917} | epsilon: 0.967 max: 42.3928569142402
Ep: 536 | Ep_r: 36.92 | t_so_far: {20967} | epsilon: 0.968 max: 42.3928569142402
Ep: 537 | Ep_r: 36.72 | t_so_far: {21017} | epsilon: 0.968 max: 42.3928569142402
Ep: 538 | Ep_r: 36.56 | t_so_far: {21067} | epsilon: 0.968 max: 42.3928569142402
Ep: 539 | Ep_r: 36.08 | t_so_far: {21117} | epsilon: 0.968 max: 42.3928569142402
Ep: 540 | Ep_r: 36.09 | t_so_far: {21167} | epsilon: 0.969 max: 42.3928569142402
Ep: 541 | Ep_r: 36.33 | t_so_far: {21217} | epsilon: 0.969 max: 42.3928569142402
Ep: 542 | Ep_r: 36.2 | t_so_far: {21267} | epsilon: 0.969 max: 42.3928569142402
Ep: 543 | Ep_r: 36.12 | t_so_far: {21317} | epsilon: 0.969 max: 42.3928569142402
Ep: 544 | Ep_r: 36.12 | t_so_far: {21367} | epsilon: 0.97 max: 42.3928569142402
Ep: 545 | Ep_r: 36.41 | t_so_far: {21417} | epsilon: 0.97 max: 42.3928569142402
Ep: 546 | Ep_r: 36.64 | t_so_far: {21467} | epsilon: 0.97 max: 42.3928569142402
Ep: 547 | Ep_r: 36.45 | t_so_far: {21517} | epsilon: 0.97 max: 42.3928569142402
Ep: 548 | Ep_r: 36.34 | t_so_far: {21567} | epsilon: 0.97 max: 42.3928569142402
Ep: 549 | Ep_r: 36.35 | t_so_far: {21617} | epsilon: 0.971 max: 42.3928569142402
Ep: 550 | Ep_r: 36.38 | t_so_far: {21667} | epsilon: 0.971 max: 42.3928569142402
Ep: 551 | Ep_r: 36.15 | t_so_far: {21717} | epsilon: 0.971 max: 42.3928569142402
Ep: 552 | Ep_r: 36.26 | t_so_far: {21767} | epsilon: 0.971 max: 42.3928569142402
Ep: 553 | Ep_r: 36.21 | t_so_far: {21817} | epsilon: 0.972 max: 42.3928569142402
Ep: 554 | Ep_r: 35.85 | t_so_far: {21867} | epsilon: 0.972 max: 42.3928569142402
Ep: 555 | Ep_r: 35.58 | t_so_far: {21917} | epsilon: 0.972 max: 42.3928569142402
Ep: 556 | Ep_r: 35.56 | t_so_far: {21967} | epsilon: 0.972 max: 42.3928569142402
Ep: 557 | Ep_r: 35.42 | t_so_far: {22017} | epsilon: 0.972 max: 42.3928569142402
Ep: 558 | Ep_r: 35.2 | t_so_far: {22067} | epsilon: 0.973 max: 42.3928569142402
Ep: 559 | Ep_r: 35.3 | t_so_far: {22117} | epsilon: 0.973 max: 42.3928569142402
Ep: 560 | Ep_r: 35.44 | t_so_far: {22167} | epsilon: 0.973 max: 42.3928569142402
Ep: 561 | Ep_r: 33.06 | t_so_far: {22201} | epsilon: 0.973 max: 42.3928569142402
Ep: 562 | Ep_r: 28.2 | t_so_far: {22212} | epsilon: 0.973 max: 42.3928569142402
Ep: 563 | Ep_r: 29.68 | t_so_far: {22262} | epsilon: 0.973 max: 42.3928569142402
Ep: 564 | Ep_r: 30.77 | t_so_far: {22312} | epsilon: 0.974 max: 42.3928569142402
Ep: 565 | Ep_r: 32.06 | t_so_far: {22362} | epsilon: 0.974 max: 42.3928569142402
Ep: 566 | Ep_r: 32.93 | t_so_far: {22412} | epsilon: 0.974 max: 42.3928569142402
Ep: 567 | Ep_r: 33.49 | t_so_far: {22462} | epsilon: 0.974 max: 42.3928569142402
Ep: 568 | Ep_r: 33.57 | t_so_far: {22512} | epsilon: 0.974 max: 42.3928569142402
Ep: 569 | Ep_r: 33.92 | t_so_far: {22562} | epsilon: 0.975 max: 42.3928569142402
Ep: 570 | Ep_r: 34.29 | t_so_far: {22612} | epsilon: 0.975 max: 42.3928569142402
Ep: 571 | Ep_r: 34.38 | t_so_far: {22662} | epsilon: 0.975 max: 42.3928569142402
Ep: 572 | Ep_r: 35.05 | t_so_far: {22712} | epsilon: 0.975 max: 42.3928569142402
Ep: 573 | Ep_r: 35.14 | t_so_far: {22762} | epsilon: 0.975 max: 42.3928569142402
Ep: 574 | Ep_r: 35.31 | t_so_far: {22812} | epsilon: 0.976 max: 42.3928569142402
Ep: 575 | Ep_r: 35.33 | t_so_far: {22862} | epsilon: 0.976 max: 42.3928569142402
Ep: 576 | Ep_r: 35.97 | t_so_far: {22912} | epsilon: 0.976 max: 42.3928569142402
Ep: 577 | Ep_r: 35.69 | t_so_far: {22962} | epsilon: 0.976 max: 42.3928569142402
Ep: 578 | Ep_r: 35.49 | t_so_far: {23012} | epsilon: 0.976 max: 42.3928569142402
Ep: 579 | Ep_r: 35.14 | t_so_far: {23062} | epsilon: 0.977 max: 42.3928569142402
Ep: 580 | Ep_r: 34.93 | t_so_far: {23112} | epsilon: 0.977 max: 42.3928569142402
Ep: 581 | Ep_r: 35.0 | t_so_far: {23162} | epsilon: 0.977 max: 42.3928569142402
Ep: 582 | Ep_r: 35.0 | t_so_far: {23212} | epsilon: 0.977 max: 42.3928569142402
Ep: 583 | Ep_r: 35.03 | t_so_far: {23262} | epsilon: 0.977 max: 42.3928569142402
Ep: 584 | Ep_r: 34.75 | t_so_far: {23312} | epsilon: 0.977 max: 42.3928569142402
Ep: 585 | Ep_r: 34.81 | t_so_far: {23362} | epsilon: 0.978 max: 42.3928569142402
Ep: 586 | Ep_r: 34.88 | t_so_far: {23412} | epsilon: 0.978 max: 42.3928569142402
Ep: 587 | Ep_r: 34.66 | t_so_far: {23462} | epsilon: 0.978 max: 42.3928569142402
Ep: 588 | Ep_r: 34.78 | t_so_far: {23512} | epsilon: 0.978 max: 42.3928569142402
Ep: 589 | Ep_r: 33.59 | t_so_far: {23555} | epsilon: 0.978 max: 42.3928569142402
Ep: 590 | Ep_r: 33.76 | t_so_far: {23605} | epsilon: 0.978 max: 42.3928569142402
Ep: 591 | Ep_r: 34.0 | t_so_far: {23655} | epsilon: 0.979 max: 42.3928569142402
Ep: 592 | Ep_r: 34.3 | t_so_far: {23705} | epsilon: 0.979 max: 42.3928569142402
Ep: 593 | Ep_r: 34.58 | t_so_far: {23755} | epsilon: 0.979 max: 42.3928569142402
Ep: 594 | Ep_r: 34.57 | t_so_far: {23805} | epsilon: 0.979 max: 42.3928569142402
Ep: 595 | Ep_r: 34.67 | t_so_far: {23855} | epsilon: 0.979 max: 42.3928569142402
Ep: 596 | Ep_r: 34.85 | t_so_far: {23905} | epsilon: 0.979 max: 42.3928569142402
Ep: 597 | Ep_r: 34.85 | t_so_far: {23955} | epsilon: 0.98 max: 42.3928569142402
Ep: 598 | Ep_r: 35.28 | t_so_far: {24005} | epsilon: 0.98 max: 42.3928569142402
Ep: 599 | Ep_r: 35.28 | t_so_far: {24055} | epsilon: 0.98 max: 42.3928569142402
Ep: 600 | Ep_r: 35.32 | t_so_far: {24105} | epsilon: 0.98 max: 42.3928569142402
Ep: 601 | Ep_r: 35.25 | t_so_far: {24155} | epsilon: 0.98 max: 42.3928569142402
Ep: 602 | Ep_r: 35.46 | t_so_far: {24205} | epsilon: 0.98 max: 42.3928569142402
Ep: 603 | Ep_r: 35.39 | t_so_far: {24255} | epsilon: 0.98 max: 42.3928569142402
Ep: 604 | Ep_r: 35.49 | t_so_far: {24305} | epsilon: 0.981 max: 42.3928569142402
Ep: 605 | Ep_r: 35.44 | t_so_far: {24355} | epsilon: 0.981 max: 42.3928569142402
Ep: 606 | Ep_r: 35.37 | t_so_far: {24405} | epsilon: 0.981 max: 42.3928569142402
Ep: 607 | Ep_r: 35.43 | t_so_far: {24455} | epsilon: 0.981 max: 42.3928569142402
Ep: 608 | Ep_r: 35.54 | t_so_far: {24505} | epsilon: 0.981 max: 42.3928569142402
Ep: 609 | Ep_r: 35.57 | t_so_far: {24555} | epsilon: 0.981 max: 42.3928569142402
Ep: 610 | Ep_r: 35.38 | t_so_far: {24605} | epsilon: 0.981 max: 42.3928569142402
Ep: 611 | Ep_r: 35.36 | t_so_far: {24655} | epsilon: 0.982 max: 42.3928569142402
Ep: 612 | Ep_r: 35.53 | t_so_far: {24705} | epsilon: 0.982 max: 42.3928569142402
Ep: 613 | Ep_r: 35.52 | t_so_far: {24755} | epsilon: 0.982 max: 42.3928569142402
Ep: 614 | Ep_r: 35.39 | t_so_far: {24805} | epsilon: 0.982 max: 42.3928569142402
Ep: 615 | Ep_r: 35.39 | t_so_far: {24855} | epsilon: 0.982 max: 42.3928569142402
Ep: 616 | Ep_r: 35.52 | t_so_far: {24905} | epsilon: 0.982 max: 42.3928569142402
Ep: 617 | Ep_r: 35.42 | t_so_far: {24955} | epsilon: 0.982 max: 42.3928569142402
Ep: 618 | Ep_r: 35.32 | t_so_far: {25005} | epsilon: 0.983 max: 42.3928569142402
Ep: 619 | Ep_r: 35.42 | t_so_far: {25055} | epsilon: 0.983 max: 42.3928569142402
Ep: 620 | Ep_r: 35.56 | t_so_far: {25105} | epsilon: 0.983 max: 42.3928569142402
Ep: 621 | Ep_r: 35.69 | t_so_far: {25155} | epsilon: 0.983 max: 42.3928569142402
Ep: 622 | Ep_r: 35.68 | t_so_far: {25205} | epsilon: 0.983 max: 42.3928569142402
Ep: 623 | Ep_r: 35.66 | t_so_far: {25255} | epsilon: 0.983 max: 42.3928569142402
Ep: 624 | Ep_r: 35.64 | t_so_far: {25305} | epsilon: 0.983 max: 42.3928569142402
Ep: 625 | Ep_r: 35.79 | t_so_far: {25355} | epsilon: 0.983 max: 42.3928569142402
Ep: 626 | Ep_r: 35.73 | t_so_far: {25405} | epsilon: 0.984 max: 42.3928569142402
Ep: 627 | Ep_r: 35.7 | t_so_far: {25455} | epsilon: 0.984 max: 42.3928569142402
Ep: 628 | Ep_r: 35.65 | t_so_far: {25505} | epsilon: 0.984 max: 42.3928569142402
Ep: 629 | Ep_r: 35.9 | t_so_far: {25555} | epsilon: 0.984 max: 42.3928569142402
Ep: 630 | Ep_r: 35.75 | t_so_far: {25605} | epsilon: 0.984 max: 42.3928569142402
Ep: 631 | Ep_r: 35.59 | t_so_far: {25655} | epsilon: 0.984 max: 42.3928569142402
Ep: 632 | Ep_r: 35.8 | t_so_far: {25705} | epsilon: 0.984 max: 42.3928569142402
Ep: 633 | Ep_r: 35.91 | t_so_far: {25755} | epsilon: 0.984 max: 42.3928569142402
Ep: 634 | Ep_r: 35.71 | t_so_far: {25805} | epsilon: 0.985 max: 42.3928569142402
Ep: 635 | Ep_r: 35.6 | t_so_far: {25855} | epsilon: 0.985 max: 42.3928569142402
Ep: 636 | Ep_r: 35.4 | t_so_far: {25905} | epsilon: 0.985 max: 42.3928569142402
Ep: 637 | Ep_r: 35.5 | t_so_far: {25955} | epsilon: 0.985 max: 42.3928569142402
Ep: 638 | Ep_r: 35.58 | t_so_far: {26005} | epsilon: 0.985 max: 42.3928569142402
Ep: 639 | Ep_r: 35.42 | t_so_far: {26055} | epsilon: 0.985 max: 42.3928569142402
Ep: 640 | Ep_r: 35.53 | t_so_far: {26105} | epsilon: 0.985 max: 42.3928569142402
Ep: 641 | Ep_r: 35.87 | t_so_far: {26155} | epsilon: 0.985 max: 42.3928569142402
Ep: 642 | Ep_r: 36.0 | t_so_far: {26205} | epsilon: 0.985 max: 42.3928569142402
Ep: 643 | Ep_r: 36.0 | t_so_far: {26255} | epsilon: 0.986 max: 42.3928569142402
Ep: 644 | Ep_r: 35.91 | t_so_far: {26305} | epsilon: 0.986 max: 42.3928569142402
Ep: 645 | Ep_r: 36.06 | t_so_far: {26355} | epsilon: 0.986 max: 42.3928569142402
Ep: 646 | Ep_r: 36.3 | t_so_far: {26405} | epsilon: 0.986 max: 42.3928569142402
Ep: 647 | Ep_r: 36.22 | t_so_far: {26455} | epsilon: 0.986 max: 42.3928569142402
Ep: 648 | Ep_r: 36.17 | t_so_far: {26505} | epsilon: 0.986 max: 42.3928569142402
Ep: 649 | Ep_r: 36.23 | t_so_far: {26555} | epsilon: 0.986 max: 42.3928569142402
Ep: 650 | Ep_r: 36.16 | t_so_far: {26605} | epsilon: 0.986 max: 42.3928569142402
Ep: 651 | Ep_r: 35.97 | t_so_far: {26655} | epsilon: 0.986 max: 42.3928569142402
Ep: 652 | Ep_r: 36.06 | t_so_far: {26705} | epsilon: 0.986 max: 42.3928569142402
Ep: 653 | Ep_r: 35.92 | t_so_far: {26755} | epsilon: 0.987 max: 42.3928569142402
Ep: 654 | Ep_r: 35.95 | t_so_far: {26805} | epsilon: 0.987 max: 42.3928569142402
Ep: 655 | Ep_r: 35.74 | t_so_far: {26855} | epsilon: 0.987 max: 42.3928569142402
Ep: 656 | Ep_r: 35.85 | t_so_far: {26905} | epsilon: 0.987 max: 42.3928569142402
Ep: 657 | Ep_r: 35.64 | t_so_far: {26955} | epsilon: 0.987 max: 42.3928569142402
Ep: 658 | Ep_r: 35.59 | t_so_far: {27005} | epsilon: 0.987 max: 42.3928569142402
Ep: 659 | Ep_r: 35.63 | t_so_far: {27055} | epsilon: 0.987 max: 42.3928569142402
Ep: 660 | Ep_r: 35.77 | t_so_far: {27105} | epsilon: 0.987 max: 42.3928569142402
Ep: 661 | Ep_r: 35.97 | t_so_far: {27155} | epsilon: 0.987 max: 42.3928569142402
Ep: 662 | Ep_r: 36.07 | t_so_far: {27205} | epsilon: 0.987 max: 42.3928569142402
Ep: 663 | Ep_r: 35.88 | t_so_far: {27255} | epsilon: 0.988 max: 42.3928569142402
Ep: 664 | Ep_r: 35.71 | t_so_far: {27305} | epsilon: 0.988 max: 42.3928569142402
Ep: 665 | Ep_r: 35.69 | t_so_far: {27355} | epsilon: 0.988 max: 42.3928569142402
Ep: 666 | Ep_r: 35.68 | t_so_far: {27405} | epsilon: 0.988 max: 42.3928569142402
Ep: 667 | Ep_r: 35.45 | t_so_far: {27455} | epsilon: 0.988 max: 42.3928569142402
Ep: 668 | Ep_r: 35.46 | t_so_far: {27505} | epsilon: 0.988 max: 42.3928569142402
Ep: 669 | Ep_r: 35.46 | t_so_far: {27555} | epsilon: 0.988 max: 42.3928569142402
Ep: 670 | Ep_r: 35.38 | t_so_far: {27605} | epsilon: 0.988 max: 42.3928569142402
Ep: 671 | Ep_r: 35.31 | t_so_far: {27655} | epsilon: 0.988 max: 42.3928569142402
Ep: 672 | Ep_r: 35.43 | t_so_far: {27705} | epsilon: 0.988 max: 42.3928569142402
Ep: 673 | Ep_r: 35.56 | t_so_far: {27755} | epsilon: 0.988 max: 42.3928569142402
Ep: 674 | Ep_r: 35.64 | t_so_far: {27805} | epsilon: 0.988 max: 42.3928569142402
Ep: 675 | Ep_r: 35.63 | t_so_far: {27855} | epsilon: 0.989 max: 42.3928569142402
Ep: 676 | Ep_r: 35.54 | t_so_far: {27905} | epsilon: 0.989 max: 42.3928569142402
Ep: 677 | Ep_r: 35.37 | t_so_far: {27955} | epsilon: 0.989 max: 42.3928569142402
Ep: 678 | Ep_r: 35.91 | t_so_far: {28005} | epsilon: 0.989 max: 42.3928569142402
Ep: 679 | Ep_r: 35.68 | t_so_far: {28055} | epsilon: 0.989 max: 42.3928569142402
Ep: 680 | Ep_r: 35.4 | t_so_far: {28105} | epsilon: 0.989 max: 42.3928569142402
Ep: 681 | Ep_r: 35.17 | t_so_far: {28155} | epsilon: 0.989 max: 42.3928569142402
Ep: 682 | Ep_r: 34.94 | t_so_far: {28205} | epsilon: 0.989 max: 42.3928569142402
Ep: 683 | Ep_r: 35.04 | t_so_far: {28255} | epsilon: 0.989 max: 42.3928569142402
Ep: 684 | Ep_r: 35.23 | t_so_far: {28305} | epsilon: 0.989 max: 42.3928569142402
Ep: 685 | Ep_r: 33.54 | t_so_far: {28337} | epsilon: 0.989 max: 42.3928569142402
Ep: 686 | Ep_r: 34.18 | t_so_far: {28387} | epsilon: 0.989 max: 42.3928569142402
Ep: 687 | Ep_r: 35.23 | t_so_far: {28437} | epsilon: 0.989 max: 42.3928569142402
Ep: 688 | Ep_r: 35.71 | t_so_far: {28483} | epsilon: 0.99 max: 42.3928569142402
Ep: 689 | Ep_r: 36.29 | t_so_far: {28533} | epsilon: 0.99 max: 42.3928569142402
Ep: 690 | Ep_r: 36.26 | t_so_far: {28583} | epsilon: 0.99 max: 42.3928569142402
Ep: 691 | Ep_r: 36.46 | t_so_far: {28633} | epsilon: 0.99 max: 42.3928569142402
Ep: 692 | Ep_r: 36.18 | t_so_far: {28683} | epsilon: 0.99 max: 42.3928569142402
Ep: 693 | Ep_r: 36.02 | t_so_far: {28733} | epsilon: 0.99 max: 42.3928569142402
Ep: 694 | Ep_r: 36.14 | t_so_far: {28783} | epsilon: 0.99 max: 42.3928569142402
Ep: 695 | Ep_r: 31.33 | t_so_far: {28796} | epsilon: 0.99 max: 42.3928569142402
Ep: 696 | Ep_r: 32.93 | t_so_far: {28846} | epsilon: 0.99 max: 42.3928569142402
Ep: 697 | Ep_r: 28.21 | t_so_far: {28856} | epsilon: 0.99 max: 42.3928569142402
Ep: 698 | Ep_r: 29.7 | t_so_far: {28906} | epsilon: 0.99 max: 42.3928569142402
Ep: 699 | Ep_r: 30.93 | t_so_far: {28956} | epsilon: 0.99 max: 42.3928569142402
Ep: 700 | Ep_r: 31.82 | t_so_far: {29006} | epsilon: 0.99 max: 42.3928569142402
Ep: 701 | Ep_r: 27.61 | t_so_far: {29018} | epsilon: 0.99 max: 42.3928569142402
Ep: 702 | Ep_r: 29.24 | t_so_far: {29068} | epsilon: 0.99 max: 42.3928569142402
Ep: 703 | Ep_r: 30.89 | t_so_far: {29118} | epsilon: 0.99 max: 42.3928569142402
Ep: 704 | Ep_r: 31.98 | t_so_far: {29168} | epsilon: 0.991 max: 42.3928569142402
Ep: 705 | Ep_r: 32.58 | t_so_far: {29218} | epsilon: 0.991 max: 42.3928569142402
Ep: 706 | Ep_r: 33.3 | t_so_far: {29268} | epsilon: 0.991 max: 42.3928569142402
Ep: 707 | Ep_r: 28.85 | t_so_far: {29281} | epsilon: 0.991 max: 42.3928569142402
Ep: 708 | Ep_r: 29.94 | t_so_far: {29331} | epsilon: 0.991 max: 42.3928569142402
Ep: 709 | Ep_r: 31.1 | t_so_far: {29381} | epsilon: 0.991 max: 42.3928569142402
Ep: 710 | Ep_r: 31.86 | t_so_far: {29431} | epsilon: 0.991 max: 42.3928569142402
Ep: 711 | Ep_r: 32.93 | t_so_far: {29481} | epsilon: 0.991 max: 42.3928569142402
Ep: 712 | Ep_r: 33.45 | t_so_far: {29531} | epsilon: 0.991 max: 42.3928569142402
Ep: 713 | Ep_r: 33.69 | t_so_far: {29581} | epsilon: 0.991 max: 42.3928569142402
Ep: 714 | Ep_r: 33.88 | t_so_far: {29631} | epsilon: 0.991 max: 42.3928569142402
Ep: 715 | Ep_r: 34.38 | t_so_far: {29681} | epsilon: 0.991 max: 42.3928569142402
Ep: 716 | Ep_r: 34.62 | t_so_far: {29731} | epsilon: 0.991 max: 42.3928569142402
Ep: 717 | Ep_r: 34.68 | t_so_far: {29781} | epsilon: 0.991 max: 42.3928569142402
Ep: 718 | Ep_r: 34.75 | t_so_far: {29831} | epsilon: 0.991 max: 42.3928569142402
Ep: 719 | Ep_r: 35.34 | t_so_far: {29881} | epsilon: 0.991 max: 42.3928569142402
Ep: 720 | Ep_r: 35.2 | t_so_far: {29931} | epsilon: 0.992 max: 42.3928569142402
Ep: 721 | Ep_r: 35.18 | t_so_far: {29981} | epsilon: 0.992 max: 42.3928569142402
Ep: 722 | Ep_r: 34.07 | t_so_far: {30023} | epsilon: 0.992 max: 42.3928569142402
Ep: 723 | Ep_r: 34.73 | t_so_far: {30073} | epsilon: 0.992 max: 42.3928569142402
Ep: 724 | Ep_r: 34.58 | t_so_far: {30123} | epsilon: 0.992 max: 42.3928569142402
Ep: 725 | Ep_r: 35.28 | t_so_far: {30173} | epsilon: 0.992 max: 42.3928569142402
Ep: 726 | Ep_r: 35.14 | t_so_far: {30223} | epsilon: 0.992 max: 42.3928569142402
Ep: 727 | Ep_r: 35.57 | t_so_far: {30273} | epsilon: 0.992 max: 42.3928569142402
Ep: 728 | Ep_r: 35.4 | t_so_far: {30323} | epsilon: 0.992 max: 42.3928569142402
Ep: 729 | Ep_r: 32.58 | t_so_far: {30355} | epsilon: 0.992 max: 42.3928569142402
Ep: 730 | Ep_r: 32.99 | t_so_far: {30405} | epsilon: 0.992 max: 42.3928569142402
Ep: 731 | Ep_r: 33.06 | t_so_far: {30455} | epsilon: 0.992 max: 42.3928569142402
Ep: 732 | Ep_r: 33.79 | t_so_far: {30505} | epsilon: 0.992 max: 42.3928569142402
Ep: 733 | Ep_r: 33.99 | t_so_far: {30555} | epsilon: 0.992 max: 42.3928569142402
Ep: 734 | Ep_r: 34.25 | t_so_far: {30605} | epsilon: 0.992 max: 42.3928569142402
Ep: 735 | Ep_r: 34.25 | t_so_far: {30655} | epsilon: 0.992 max: 42.3928569142402
Ep: 736 | Ep_r: 34.55 | t_so_far: {30705} | epsilon: 0.992 max: 42.3928569142402
Ep: 737 | Ep_r: 34.54 | t_so_far: {30755} | epsilon: 0.992 max: 42.3928569142402
Ep: 738 | Ep_r: 34.92 | t_so_far: {30805} | epsilon: 0.992 max: 42.3928569142402
Ep: 739 | Ep_r: 34.77 | t_so_far: {30855} | epsilon: 0.993 max: 42.3928569142402
Ep: 740 | Ep_r: 35.45 | t_so_far: {30905} | epsilon: 0.993 max: 42.3928569142402
Ep: 741 | Ep_r: 35.03 | t_so_far: {30955} | epsilon: 0.993 max: 42.3928569142402
Ep: 742 | Ep_r: 35.27 | t_so_far: {31005} | epsilon: 0.993 max: 42.3928569142402
Ep: 743 | Ep_r: 34.9 | t_so_far: {31055} | epsilon: 0.993 max: 42.3928569142402
Ep: 744 | Ep_r: 35.35 | t_so_far: {31105} | epsilon: 0.993 max: 42.3928569142402
Ep: 745 | Ep_r: 35.31 | t_so_far: {31155} | epsilon: 0.993 max: 42.3928569142402
Ep: 746 | Ep_r: 35.12 | t_so_far: {31205} | epsilon: 0.993 max: 42.3928569142402
Ep: 747 | Ep_r: 34.84 | t_so_far: {31255} | epsilon: 0.993 max: 42.3928569142402
Ep: 748 | Ep_r: 34.64 | t_so_far: {31305} | epsilon: 0.993 max: 42.3928569142402
Ep: 749 | Ep_r: 34.77 | t_so_far: {31355} | epsilon: 0.993 max: 42.3928569142402
Ep: 750 | Ep_r: 34.8 | t_so_far: {31405} | epsilon: 0.993 max: 42.3928569142402
Ep: 751 | Ep_r: 34.96 | t_so_far: {31455} | epsilon: 0.993 max: 42.3928569142402
Ep: 752 | Ep_r: 35.13 | t_so_far: {31505} | epsilon: 0.993 max: 42.3928569142402
Ep: 753 | Ep_r: 35.48 | t_so_far: {31555} | epsilon: 0.993 max: 42.3928569142402
Ep: 754 | Ep_r: 35.41 | t_so_far: {31605} | epsilon: 0.993 max: 42.3928569142402
Ep: 755 | Ep_r: 35.37 | t_so_far: {31655} | epsilon: 0.993 max: 42.3928569142402
Ep: 756 | Ep_r: 35.18 | t_so_far: {31705} | epsilon: 0.993 max: 42.3928569142402
Ep: 757 | Ep_r: 34.86 | t_so_far: {31755} | epsilon: 0.993 max: 42.3928569142402
Ep: 758 | Ep_r: 35.09 | t_so_far: {31805} | epsilon: 0.993 max: 42.3928569142402
Ep: 759 | Ep_r: 34.94 | t_so_far: {31855} | epsilon: 0.994 max: 42.3928569142402
Ep: 760 | Ep_r: 34.81 | t_so_far: {31905} | epsilon: 0.994 max: 42.3928569142402
Ep: 761 | Ep_r: 34.81 | t_so_far: {31955} | epsilon: 0.994 max: 42.3928569142402
Ep: 762 | Ep_r: 35.16 | t_so_far: {32005} | epsilon: 0.994 max: 42.3928569142402
Ep: 763 | Ep_r: 35.2 | t_so_far: {32055} | epsilon: 0.994 max: 42.3928569142402
Ep: 764 | Ep_r: 35.09 | t_so_far: {32105} | epsilon: 0.994 max: 42.3928569142402
Ep: 765 | Ep_r: 35.01 | t_so_far: {32155} | epsilon: 0.994 max: 42.3928569142402
Ep: 766 | Ep_r: 35.11 | t_so_far: {32205} | epsilon: 0.994 max: 42.3928569142402
Ep: 767 | Ep_r: 34.95 | t_so_far: {32255} | epsilon: 0.994 max: 42.3928569142402
Ep: 768 | Ep_r: 34.95 | t_so_far: {32305} | epsilon: 0.994 max: 42.3928569142402
Ep: 769 | Ep_r: 35.0 | t_so_far: {32355} | epsilon: 0.994 max: 42.3928569142402
Ep: 770 | Ep_r: 34.93 | t_so_far: {32405} | epsilon: 0.994 max: 42.3928569142402
Ep: 771 | Ep_r: 34.8 | t_so_far: {32455} | epsilon: 0.994 max: 42.3928569142402
Ep: 772 | Ep_r: 34.81 | t_so_far: {32505} | epsilon: 0.994 max: 42.3928569142402
Ep: 773 | Ep_r: 34.98 | t_so_far: {32555} | epsilon: 0.994 max: 42.3928569142402
Ep: 774 | Ep_r: 35.37 | t_so_far: {32605} | epsilon: 0.994 max: 42.3928569142402
Ep: 775 | Ep_r: 35.45 | t_so_far: {32655} | epsilon: 0.994 max: 42.3928569142402
Ep: 776 | Ep_r: 35.5 | t_so_far: {32705} | epsilon: 0.994 max: 42.3928569142402
Ep: 777 | Ep_r: 29.88 | t_so_far: {32714} | epsilon: 0.994 max: 42.3928569142402
Ep: 778 | Ep_r: 30.85 | t_so_far: {32764} | epsilon: 0.994 max: 42.3928569142402
Ep: 779 | Ep_r: 26.12 | t_so_far: {32772} | epsilon: 0.994 max: 42.3928569142402
Ep: 780 | Ep_r: 28.65 | t_so_far: {32822} | epsilon: 0.994 max: 42.3928569142402
Ep: 781 | Ep_r: 30.19 | t_so_far: {32872} | epsilon: 0.994 max: 42.3928569142402
Ep: 782 | Ep_r: 31.8 | t_so_far: {32922} | epsilon: 0.994 max: 42.3928569142402
Ep: 783 | Ep_r: 33.07 | t_so_far: {32972} | epsilon: 0.994 max: 42.3928569142402
Ep: 784 | Ep_r: 34.02 | t_so_far: {33022} | epsilon: 0.994 max: 42.3928569142402
Ep: 785 | Ep_r: 35.07 | t_so_far: {33072} | epsilon: 0.994 max: 42.3928569142402
Ep: 786 | Ep_r: 34.94 | t_so_far: {33122} | epsilon: 0.995 max: 42.3928569142402
Ep: 787 | Ep_r: 35.3 | t_so_far: {33172} | epsilon: 0.995 max: 42.3928569142402
Ep: 788 | Ep_r: 35.58 | t_so_far: {33222} | epsilon: 0.995 max: 42.3928569142402
Ep: 789 | Ep_r: 35.77 | t_so_far: {33272} | epsilon: 0.995 max: 42.3928569142402
Ep: 790 | Ep_r: 37.02 | t_so_far: {33322} | epsilon: 0.995 max: 42.3928569142402
Ep: 791 | Ep_r: 36.71 | t_so_far: {33372} | epsilon: 0.995 max: 42.3928569142402
Ep: 792 | Ep_r: 36.52 | t_so_far: {33422} | epsilon: 0.995 max: 42.3928569142402
Ep: 793 | Ep_r: 36.17 | t_so_far: {33472} | epsilon: 0.995 max: 42.3928569142402
Ep: 794 | Ep_r: 36.76 | t_so_far: {33522} | epsilon: 0.995 max: 42.3928569142402
Ep: 795 | Ep_r: 36.64 | t_so_far: {33572} | epsilon: 0.995 max: 42.3928569142402
Ep: 796 | Ep_r: 36.73 | t_so_far: {33622} | epsilon: 0.995 max: 42.3928569142402
Ep: 797 | Ep_r: 36.52 | t_so_far: {33672} | epsilon: 0.995 max: 42.3928569142402
Ep: 798 | Ep_r: 36.19 | t_so_far: {33722} | epsilon: 0.995 max: 42.3928569142402
Ep: 799 | Ep_r: 35.89 | t_so_far: {33772} | epsilon: 0.995 max: 42.3928569142402
Ep: 800 | Ep_r: 35.89 | t_so_far: {33822} | epsilon: 0.995 max: 42.3928569142402
Ep: 801 | Ep_r: 35.78 | t_so_far: {33872} | epsilon: 0.995 max: 42.3928569142402
Ep: 802 | Ep_r: 35.44 | t_so_far: {33922} | epsilon: 0.995 max: 42.3928569142402
Ep: 803 | Ep_r: 35.35 | t_so_far: {33972} | epsilon: 0.995 max: 42.3928569142402
Ep: 804 | Ep_r: 35.36 | t_so_far: {34022} | epsilon: 0.995 max: 42.3928569142402
Ep: 805 | Ep_r: 34.92 | t_so_far: {34071} | epsilon: 0.995 max: 42.3928569142402
Ep: 806 | Ep_r: 34.91 | t_so_far: {34121} | epsilon: 0.995 max: 42.3928569142402
Ep: 807 | Ep_r: 35.04 | t_so_far: {34171} | epsilon: 0.995 max: 42.3928569142402
Ep: 808 | Ep_r: 35.06 | t_so_far: {34221} | epsilon: 0.995 max: 42.3928569142402
Ep: 809 | Ep_r: 35.24 | t_so_far: {34271} | epsilon: 0.995 max: 42.3928569142402
Ep: 810 | Ep_r: 35.8 | t_so_far: {34321} | epsilon: 0.995 max: 42.3928569142402
Ep: 811 | Ep_r: 35.91 | t_so_far: {34371} | epsilon: 0.995 max: 42.3928569142402
Ep: 812 | Ep_r: 35.53 | t_so_far: {34421} | epsilon: 0.995 max: 42.3928569142402
Ep: 813 | Ep_r: 35.44 | t_so_far: {34471} | epsilon: 0.995 max: 42.3928569142402
Ep: 814 | Ep_r: 36.03 | t_so_far: {34521} | epsilon: 0.995 max: 42.3928569142402
Ep: 815 | Ep_r: 35.71 | t_so_far: {34571} | epsilon: 0.995 max: 42.3928569142402
Ep: 816 | Ep_r: 35.42 | t_so_far: {34621} | epsilon: 0.995 max: 42.3928569142402
Ep: 817 | Ep_r: 35.37 | t_so_far: {34671} | epsilon: 0.995 max: 42.3928569142402
Ep: 818 | Ep_r: 34.99 | t_so_far: {34721} | epsilon: 0.996 max: 42.3928569142402
Ep: 819 | Ep_r: 34.94 | t_so_far: {34771} | epsilon: 0.996 max: 42.3928569142402
Ep: 820 | Ep_r: 34.98 | t_so_far: {34821} | epsilon: 0.996 max: 42.3928569142402
Ep: 821 | Ep_r: 34.87 | t_so_far: {34871} | epsilon: 0.996 max: 42.3928569142402
Ep: 822 | Ep_r: 35.09 | t_so_far: {34921} | epsilon: 0.996 max: 42.3928569142402
Ep: 823 | Ep_r: 35.36 | t_so_far: {34971} | epsilon: 0.996 max: 42.3928569142402
Ep: 824 | Ep_r: 35.33 | t_so_far: {35021} | epsilon: 0.996 max: 42.3928569142402
Ep: 825 | Ep_r: 35.13 | t_so_far: {35071} | epsilon: 0.996 max: 42.3928569142402
Ep: 826 | Ep_r: 34.93 | t_so_far: {35121} | epsilon: 0.996 max: 42.3928569142402
Ep: 827 | Ep_r: 34.77 | t_so_far: {35171} | epsilon: 0.996 max: 42.3928569142402
Ep: 828 | Ep_r: 34.52 | t_so_far: {35221} | epsilon: 0.996 max: 42.3928569142402
Ep: 829 | Ep_r: 34.59 | t_so_far: {35271} | epsilon: 0.996 max: 42.3928569142402
Ep: 830 | Ep_r: 35.16 | t_so_far: {35321} | epsilon: 0.996 max: 42.3928569142402
Ep: 831 | Ep_r: 34.93 | t_so_far: {35371} | epsilon: 0.996 max: 42.3928569142402
Ep: 832 | Ep_r: 34.79 | t_so_far: {35421} | epsilon: 0.996 max: 42.3928569142402
Ep: 833 | Ep_r: 35.03 | t_so_far: {35471} | epsilon: 0.996 max: 42.3928569142402
Ep: 834 | Ep_r: 34.83 | t_so_far: {35521} | epsilon: 0.996 max: 42.3928569142402
Ep: 835 | Ep_r: 35.01 | t_so_far: {35571} | epsilon: 0.996 max: 42.3928569142402
Ep: 836 | Ep_r: 35.27 | t_so_far: {35621} | epsilon: 0.996 max: 42.3928569142402
Ep: 837 | Ep_r: 35.18 | t_so_far: {35671} | epsilon: 0.996 max: 42.3928569142402
Ep: 838 | Ep_r: 35.48 | t_so_far: {35721} | epsilon: 0.996 max: 42.3928569142402
Ep: 839 | Ep_r: 35.93 | t_so_far: {35771} | epsilon: 0.996 max: 42.3928569142402
Ep: 840 | Ep_r: 36.29 | t_so_far: {35821} | epsilon: 0.996 max: 42.3928569142402
Ep: 841 | Ep_r: 36.26 | t_so_far: {35871} | epsilon: 0.996 max: 42.3928569142402
Ep: 842 | Ep_r: 36.4 | t_so_far: {35921} | epsilon: 0.996 max: 42.3928569142402
Ep: 843 | Ep_r: 36.6 | t_so_far: {35971} | epsilon: 0.996 max: 42.3928569142402
Ep: 844 | Ep_r: 37.09 | t_so_far: {36021} | epsilon: 0.996 max: 42.3928569142402
Ep: 845 | Ep_r: 35.96 | t_so_far: {36068} | epsilon: 0.996 max: 42.3928569142402
Ep: 846 | Ep_r: 36.07 | t_so_far: {36118} | epsilon: 0.996 max: 42.3928569142402
Ep: 847 | Ep_r: 36.51 | t_so_far: {36168} | epsilon: 0.996 max: 42.3928569142402
Ep: 848 | Ep_r: 36.61 | t_so_far: {36218} | epsilon: 0.996 max: 42.3928569142402
Ep: 849 | Ep_r: 36.09 | t_so_far: {36268} | epsilon: 0.996 max: 42.3928569142402
Ep: 850 | Ep_r: 36.04 | t_so_far: {36318} | epsilon: 0.996 max: 42.3928569142402
Ep: 851 | Ep_r: 35.94 | t_so_far: {36368} | epsilon: 0.996 max: 42.3928569142402
Ep: 852 | Ep_r: 35.95 | t_so_far: {36418} | epsilon: 0.996 max: 42.3928569142402
Ep: 853 | Ep_r: 35.93 | t_so_far: {36468} | epsilon: 0.996 max: 42.3928569142402
Ep: 854 | Ep_r: 36.05 | t_so_far: {36518} | epsilon: 0.996 max: 42.3928569142402
Ep: 855 | Ep_r: 36.59 | t_so_far: {36568} | epsilon: 0.996 max: 42.3928569142402
Ep: 856 | Ep_r: 36.11 | t_so_far: {36618} | epsilon: 0.996 max: 42.3928569142402
Ep: 857 | Ep_r: 35.87 | t_so_far: {36668} | epsilon: 0.996 max: 42.3928569142402
Ep: 858 | Ep_r: 35.75 | t_so_far: {36718} | epsilon: 0.996 max: 42.3928569142402
Ep: 859 | Ep_r: 35.71 | t_so_far: {36768} | epsilon: 0.996 max: 42.3928569142402
Ep: 860 | Ep_r: 36.04 | t_so_far: {36818} | epsilon: 0.997 max: 42.3928569142402
Ep: 861 | Ep_r: 36.46 | t_so_far: {36868} | epsilon: 0.997 max: 42.3928569142402
Ep: 862 | Ep_r: 36.07 | t_so_far: {36918} | epsilon: 0.997 max: 42.3928569142402
Ep: 863 | Ep_r: 35.78 | t_so_far: {36968} | epsilon: 0.997 max: 42.3928569142402
Ep: 864 | Ep_r: 35.84 | t_so_far: {37018} | epsilon: 0.997 max: 42.3928569142402
Ep: 865 | Ep_r: 36.16 | t_so_far: {37068} | epsilon: 0.997 max: 42.3928569142402
Ep: 866 | Ep_r: 35.86 | t_so_far: {37118} | epsilon: 0.997 max: 42.3928569142402
Ep: 867 | Ep_r: 36.16 | t_so_far: {37168} | epsilon: 0.997 max: 42.3928569142402
Ep: 868 | Ep_r: 36.26 | t_so_far: {37218} | epsilon: 0.997 max: 42.3928569142402
Ep: 869 | Ep_r: 36.32 | t_so_far: {37268} | epsilon: 0.997 max: 42.3928569142402
Ep: 870 | Ep_r: 36.45 | t_so_far: {37318} | epsilon: 0.997 max: 42.3928569142402
Ep: 871 | Ep_r: 36.7 | t_so_far: {37368} | epsilon: 0.997 max: 42.3928569142402
Ep: 872 | Ep_r: 36.78 | t_so_far: {37418} | epsilon: 0.997 max: 42.3928569142402
Ep: 873 | Ep_r: 36.76 | t_so_far: {37468} | epsilon: 0.997 max: 42.3928569142402
Ep: 874 | Ep_r: 36.76 | t_so_far: {37518} | epsilon: 0.997 max: 42.3928569142402
Ep: 875 | Ep_r: 36.71 | t_so_far: {37568} | epsilon: 0.997 max: 42.3928569142402
Ep: 876 | Ep_r: 36.57 | t_so_far: {37618} | epsilon: 0.997 max: 42.3928569142402
Ep: 877 | Ep_r: 36.57 | t_so_far: {37668} | epsilon: 0.997 max: 42.3928569142402
Ep: 878 | Ep_r: 36.38 | t_so_far: {37718} | epsilon: 0.997 max: 42.3928569142402
Ep: 879 | Ep_r: 36.34 | t_so_far: {37768} | epsilon: 0.997 max: 42.3928569142402
Ep: 880 | Ep_r: 36.56 | t_so_far: {37818} | epsilon: 0.997 max: 42.3928569142402
Ep: 881 | Ep_r: 36.41 | t_so_far: {37868} | epsilon: 0.997 max: 42.3928569142402
Ep: 882 | Ep_r: 36.38 | t_so_far: {37918} | epsilon: 0.997 max: 42.3928569142402
Ep: 883 | Ep_r: 36.14 | t_so_far: {37968} | epsilon: 0.997 max: 42.3928569142402
Ep: 884 | Ep_r: 36.49 | t_so_far: {38018} | epsilon: 0.997 max: 42.3928569142402
Ep: 885 | Ep_r: 37.25 | t_so_far: {38068} | epsilon: 0.997 max: 42.3928569142402
Ep: 886 | Ep_r: 37.31 | t_so_far: {38118} | epsilon: 0.997 max: 42.3928569142402
Ep: 887 | Ep_r: 36.82 | t_so_far: {38163} | epsilon: 0.997 max: 42.3928569142402
Ep: 888 | Ep_r: 36.57 | t_so_far: {38213} | epsilon: 0.997 max: 42.3928569142402
Ep: 889 | Ep_r: 36.72 | t_so_far: {38263} | epsilon: 0.997 max: 42.3928569142402
Ep: 890 | Ep_r: 36.74 | t_so_far: {38313} | epsilon: 0.997 max: 42.3928569142402
Ep: 891 | Ep_r: 37.36 | t_so_far: {38363} | epsilon: 0.997 max: 42.3928569142402
Ep: 892 | Ep_r: 38.14 | t_so_far: {38413} | epsilon: 0.997 max: 42.3928569142402
Ep: 893 | Ep_r: 38.1 | t_so_far: {38463} | epsilon: 0.997 max: 42.3928569142402
Ep: 894 | Ep_r: 38.44 | t_so_far: {38513} | epsilon: 0.997 max: 42.3928569142402
Ep: 895 | Ep_r: 38.54 | t_so_far: {38563} | epsilon: 0.997 max: 42.3928569142402
Ep: 896 | Ep_r: 38.2 | t_so_far: {38613} | epsilon: 0.997 max: 42.3928569142402
Ep: 897 | Ep_r: 38.36 | t_so_far: {38663} | epsilon: 0.997 max: 42.3928569142402
Ep: 898 | Ep_r: 37.93 | t_so_far: {38713} | epsilon: 0.997 max: 42.3928569142402
Ep: 899 | Ep_r: 37.72 | t_so_far: {38763} | epsilon: 0.997 max: 42.3928569142402
Ep: 900 | Ep_r: 37.53 | t_so_far: {38813} | epsilon: 0.997 max: 42.3928569142402
Ep: 901 | Ep_r: 37.6 | t_so_far: {38863} | epsilon: 0.997 max: 42.3928569142402
Ep: 902 | Ep_r: 38.09 | t_so_far: {38913} | epsilon: 0.997 max: 42.3928569142402
Ep: 903 | Ep_r: 37.76 | t_so_far: {38963} | epsilon: 0.997 max: 42.3928569142402
Ep: 904 | Ep_r: 38.4 | t_so_far: {39013} | epsilon: 0.997 max: 42.3928569142402
Ep: 905 | Ep_r: 38.24 | t_so_far: {39063} | epsilon: 0.997 max: 42.3928569142402
Ep: 906 | Ep_r: 38.06 | t_so_far: {39113} | epsilon: 0.997 max: 42.3928569142402
Ep: 907 | Ep_r: 37.78 | t_so_far: {39163} | epsilon: 0.997 max: 42.3928569142402
Ep: 908 | Ep_r: 37.59 | t_so_far: {39213} | epsilon: 0.997 max: 42.3928569142402
Ep: 909 | Ep_r: 37.39 | t_so_far: {39263} | epsilon: 0.997 max: 42.3928569142402
Ep: 910 | Ep_r: 37.46 | t_so_far: {39313} | epsilon: 0.997 max: 42.3928569142402
Ep: 911 | Ep_r: 37.71 | t_so_far: {39363} | epsilon: 0.997 max: 42.3928569142402
Ep: 912 | Ep_r: 37.32 | t_so_far: {39413} | epsilon: 0.997 max: 42.3928569142402
Ep: 913 | Ep_r: 37.56 | t_so_far: {39463} | epsilon: 0.997 max: 42.3928569142402
Ep: 914 | Ep_r: 34.88 | t_so_far: {39498} | epsilon: 0.997 max: 42.3928569142402
Ep: 915 | Ep_r: 35.29 | t_so_far: {39548} | epsilon: 0.997 max: 42.3928569142402
Ep: 916 | Ep_r: 35.3 | t_so_far: {39598} | epsilon: 0.997 max: 42.3928569142402
Ep: 917 | Ep_r: 35.5 | t_so_far: {39648} | epsilon: 0.997 max: 42.3928569142402
Ep: 918 | Ep_r: 35.44 | t_so_far: {39698} | epsilon: 0.997 max: 42.3928569142402
Ep: 919 | Ep_r: 35.69 | t_so_far: {39748} | epsilon: 0.997 max: 42.3928569142402
Ep: 920 | Ep_r: 35.92 | t_so_far: {39798} | epsilon: 0.997 max: 42.3928569142402
Ep: 921 | Ep_r: 36.51 | t_so_far: {39848} | epsilon: 0.997 max: 42.3928569142402
Ep: 922 | Ep_r: 37.7 | t_so_far: {39898} | epsilon: 0.997 max: 42.3928569142402
Ep: 923 | Ep_r: 37.4 | t_so_far: {39948} | epsilon: 0.997 max: 42.3928569142402
Ep: 924 | Ep_r: 36.96 | t_so_far: {39998} | epsilon: 0.998 max: 42.3928569142402
Ep: 925 | Ep_r: 36.95 | t_so_far: {40048} | epsilon: 0.998 max: 42.3928569142402
Ep: 926 | Ep_r: 36.63 | t_so_far: {40098} | epsilon: 0.998 max: 42.3928569142402
Ep: 927 | Ep_r: 36.64 | t_so_far: {40148} | epsilon: 0.998 max: 42.3928569142402
Ep: 928 | Ep_r: 36.52 | t_so_far: {40198} | epsilon: 0.998 max: 42.3928569142402
Ep: 929 | Ep_r: 37.29 | t_so_far: {40248} | epsilon: 0.998 max: 42.3928569142402
Ep: 930 | Ep_r: 38.31 | t_so_far: {40298} | epsilon: 0.998 max: 42.3928569142402
Ep: 931 | Ep_r: 37.86 | t_so_far: {40348} | epsilon: 0.998 max: 42.3928569142402
Ep: 932 | Ep_r: 30.74 | t_so_far: {40351} | epsilon: 0.998 max: 42.3928569142402
Ep: 933 | Ep_r: 31.32 | t_so_far: {40398} | epsilon: 0.998 max: 42.3928569142402
Ep: 934 | Ep_r: 32.96 | t_so_far: {40448} | epsilon: 0.998 max: 42.3928569142402
Ep: 935 | Ep_r: 27.58 | t_so_far: {40456} | epsilon: 0.998 max: 42.3928569142402
Ep: 936 | Ep_r: 27.46 | t_so_far: {40488} | epsilon: 0.998 max: 42.3928569142402
Ep: 937 | Ep_r: 29.45 | t_so_far: {40538} | epsilon: 0.998 max: 42.3928569142402
Ep: 938 | Ep_r: 30.7 | t_so_far: {40581} | epsilon: 0.998 max: 42.3928569142402
Ep: 939 | Ep_r: 32.54 | t_so_far: {40631} | epsilon: 0.998 max: 42.3928569142402
Ep: 940 | Ep_r: 33.55 | t_so_far: {40681} | epsilon: 0.998 max: 42.3928569142402
Ep: 941 | Ep_r: 34.19 | t_so_far: {40731} | epsilon: 0.998 max: 42.3928569142402
Ep: 942 | Ep_r: 35.66 | t_so_far: {40779} | epsilon: 0.998 max: 42.3928569142402
Ep: 943 | Ep_r: 35.49 | t_so_far: {40829} | epsilon: 0.998 max: 42.3928569142402
Ep: 944 | Ep_r: 35.41 | t_so_far: {40879} | epsilon: 0.998 max: 42.3928569142402
Ep: 945 | Ep_r: 35.0 | t_so_far: {40929} | epsilon: 0.998 max: 42.3928569142402
Ep: 946 | Ep_r: 35.44 | t_so_far: {40979} | epsilon: 0.998 max: 42.3928569142402
Ep: 947 | Ep_r: 35.88 | t_so_far: {41029} | epsilon: 0.998 max: 42.3928569142402
Ep: 948 | Ep_r: 36.42 | t_so_far: {41079} | epsilon: 0.998 max: 42.3928569142402
Ep: 949 | Ep_r: 36.14 | t_so_far: {41129} | epsilon: 0.998 max: 42.3928569142402
Ep: 950 | Ep_r: 36.11 | t_so_far: {41179} | epsilon: 0.998 max: 42.3928569142402
Ep: 951 | Ep_r: 36.55 | t_so_far: {41229} | epsilon: 0.998 max: 42.3928569142402
Ep: 952 | Ep_r: 36.68 | t_so_far: {41279} | epsilon: 0.998 max: 42.3928569142402
Ep: 953 | Ep_r: 37.11 | t_so_far: {41329} | epsilon: 0.998 max: 42.3928569142402
Ep: 954 | Ep_r: 37.52 | t_so_far: {41379} | epsilon: 0.998 max: 42.3928569142402
Ep: 955 | Ep_r: 37.99 | t_so_far: {41429} | epsilon: 0.998 max: 42.3928569142402
Ep: 956 | Ep_r: 38.08 | t_so_far: {41479} | epsilon: 0.998 max: 42.3928569142402
Ep: 957 | Ep_r: 37.31 | t_so_far: {41529} | epsilon: 0.998 max: 42.3928569142402
Ep: 958 | Ep_r: 36.78 | t_so_far: {41579} | epsilon: 0.998 max: 42.3928569142402
Ep: 959 | Ep_r: 37.8 | t_so_far: {41629} | epsilon: 0.998 max: 42.3928569142402
Ep: 960 | Ep_r: 34.11 | t_so_far: {41649} | epsilon: 0.998 max: 42.3928569142402
Ep: 961 | Ep_r: 35.37 | t_so_far: {41699} | epsilon: 0.998 max: 42.3928569142402
Ep: 962 | Ep_r: 35.57 | t_so_far: {41749} | epsilon: 0.998 max: 42.3928569142402
Ep: 963 | Ep_r: 35.74 | t_so_far: {41799} | epsilon: 0.998 max: 42.3928569142402
Ep: 964 | Ep_r: 32.34 | t_so_far: {41820} | epsilon: 0.998 max: 42.3928569142402
Ep: 965 | Ep_r: 33.66 | t_so_far: {41870} | epsilon: 0.998 max: 42.3928569142402
Ep: 966 | Ep_r: 34.2 | t_so_far: {41920} | epsilon: 0.998 max: 42.3928569142402
Ep: 967 | Ep_r: 34.51 | t_so_far: {41970} | epsilon: 0.998 max: 42.3928569142402
Ep: 968 | Ep_r: 34.28 | t_so_far: {42020} | epsilon: 0.998 max: 42.3928569142402
Ep: 969 | Ep_r: 35.29 | t_so_far: {42070} | epsilon: 0.998 max: 42.3928569142402
Ep: 970 | Ep_r: 35.33 | t_so_far: {42120} | epsilon: 0.998 max: 42.3928569142402
Ep: 971 | Ep_r: 30.96 | t_so_far: {42141} | epsilon: 0.998 max: 42.3928569142402
Ep: 972 | Ep_r: 31.91 | t_so_far: {42191} | epsilon: 0.998 max: 42.3928569142402
Ep: 973 | Ep_r: 32.57 | t_so_far: {42241} | epsilon: 0.998 max: 42.3928569142402
Ep: 974 | Ep_r: 32.82 | t_so_far: {42291} | epsilon: 0.998 max: 42.3928569142402
Ep: 975 | Ep_r: 33.78 | t_so_far: {42341} | epsilon: 0.998 max: 42.3928569142402
Ep: 976 | Ep_r: 34.53 | t_so_far: {42391} | epsilon: 0.998 max: 42.3928569142402
Ep: 977 | Ep_r: 35.14 | t_so_far: {42441} | epsilon: 0.998 max: 42.3928569142402
Ep: 978 | Ep_r: 34.89 | t_so_far: {42486} | epsilon: 0.998 max: 42.3928569142402
Ep: 979 | Ep_r: 35.94 | t_so_far: {42535} | epsilon: 0.998 max: 42.3928569142402
Ep: 980 | Ep_r: 36.01 | t_so_far: {42585} | epsilon: 0.998 max: 42.3928569142402
Ep: 981 | Ep_r: 35.76 | t_so_far: {42635} | epsilon: 0.998 max: 42.3928569142402
Ep: 982 | Ep_r: 31.43 | t_so_far: {42651} | epsilon: 0.998 max: 42.3928569142402
Ep: 983 | Ep_r: 31.9 | t_so_far: {42701} | epsilon: 0.998 max: 42.3928569142402
Ep: 984 | Ep_r: 32.84 | t_so_far: {42751} | epsilon: 0.998 max: 42.3928569142402
Ep: 985 | Ep_r: 33.13 | t_so_far: {42801} | epsilon: 0.998 max: 42.3928569142402
Ep: 986 | Ep_r: 34.24 | t_so_far: {42851} | epsilon: 0.998 max: 42.3928569142402
Ep: 987 | Ep_r: 34.86 | t_so_far: {42901} | epsilon: 0.998 max: 42.3928569142402
Ep: 988 | Ep_r: 34.96 | t_so_far: {42943} | epsilon: 0.998 max: 42.3928569142402
Ep: 989 | Ep_r: 35.72 | t_so_far: {42993} | epsilon: 0.998 max: 42.3928569142402
Ep: 990 | Ep_r: 36.17 | t_so_far: {43043} | epsilon: 0.998 max: 42.3928569142402
Ep: 991 | Ep_r: 35.67 | t_so_far: {43093} | epsilon: 0.998 max: 42.3928569142402
Ep: 992 | Ep_r: 35.21 | t_so_far: {43143} | epsilon: 0.998 max: 42.3928569142402
Ep: 993 | Ep_r: 35.69 | t_so_far: {43193} | epsilon: 0.998 max: 42.3928569142402
Ep: 994 | Ep_r: 37.06 | t_so_far: {43243} | epsilon: 0.998 max: 42.3928569142402
Ep: 995 | Ep_r: 38.07 | t_so_far: {43293} | epsilon: 0.998 max: 42.3928569142402
Ep: 996 | Ep_r: 38.3 | t_so_far: {43343} | epsilon: 0.998 max: 42.3928569142402
Ep: 997 | Ep_r: 38.57 | t_so_far: {43393} | epsilon: 0.998 max: 42.3928569142402
Ep: 998 | Ep_r: 37.52 | t_so_far: {43443} | epsilon: 0.998 max: 42.3928569142402
Ep: 999 | Ep_r: 38.41 | t_so_far: {43493} | epsilon: 0.998 max: 42.3928569142402
Ep: 1000 | Ep_r: 37.93 | t_so_far: {43543} | epsilon: 0.998 max: 42.3928569142402
pygame 2.1.0 (SDL 2.0.16, Python 3.8.0)
Hello from the pygame community. https://www.pygame.org/contribute.html
Successfully set seed to 2
MultiAttentionNetwork(
  (features): Sequential(
    (0): Conv2d(4, 32, kernel_size=(8, 8), stride=(4, 4))
    (1): ReLU()
    (2): Conv2d(32, 64, kernel_size=(4, 4), stride=(2, 2))
    (3): ReLU()
    (4): Conv2d(64, 64, kernel_size=(3, 3), stride=(1, 1))
    (5): ReLU()
  )
  (attention): NONLocalBlock2D(
    (g): Conv2d(64, 32, kernel_size=(1, 1), stride=(1, 1))
    (W): Conv2d(32, 64, kernel_size=(1, 1), stride=(1, 1))
    (theta): Conv2d(64, 32, kernel_size=(1, 1), stride=(1, 1))
    (phi): Conv2d(64, 32, kernel_size=(1, 1), stride=(1, 1))
  )
  (advantage): Sequential(
    (0): Linear(in_features=68224, out_features=512, bias=True)
    (1): ReLU()
    (2): Linear(in_features=512, out_features=5, bias=True)
  )
  (value): Sequential(
    (0): Linear(in_features=68224, out_features=512, bias=True)
    (1): ReLU()
    (2): Linear(in_features=512, out_features=1, bias=True)
  )
  (output): Sequential(
    (0): Linear(in_features=68224, out_features=512, bias=True)
    (1): ReLU()
    (2): Linear(in_features=512, out_features=5, bias=True)
  )
  (ego_embedding): Sequential(
    (0): Linear(in_features=7, out_features=64, bias=True)
    (1): ReLU()
    (2): Linear(in_features=64, out_features=64, bias=True)
    (3): ReLU()
  )
  (others_embedding): Sequential(
    (0): Linear(in_features=7, out_features=64, bias=True)
    (1): ReLU()
    (2): Linear(in_features=64, out_features=64, bias=True)
    (3): ReLU()
  )
  (attention_layer): EgoAttetion(
    (value_all): Linear(in_features=64, out_features=64, bias=False)
    (key_all): Linear(in_features=64, out_features=64, bias=False)
    (query_ego): Linear(in_features=64, out_features=64, bias=False)
    (attention_combine): Linear(in_features=64, out_features=64, bias=False)
  )
  (decoder): Sequential(
    (0): Linear(in_features=64, out_features=64, bias=True)
    (1): ReLU()
    (2): Linear(in_features=64, out_features=64, bias=True)
    (3): ReLU()
  )
)
====================================
Model has been loaded...
====================================
./agent.py:220: UserWarning: Creating a tensor from a list of numpy.ndarrays is extremely slow. Please consider converting the list to a single numpy.ndarray with numpy.array() before converting to a tensor. (Triggered internally at  /opt/conda/conda-bld/pytorch_1646755903507/work/torch/csrc/utils/tensor_new.cpp:210.)
  return (torch.tensor([state['kinematics']], dtype=torch.float), state_image)
step: 49, ep_reward: 38.93333333333332
step: 49, ep_reward: 38.933333333333366
step: 49, ep_reward: 36.13333333333335
step: 49, ep_reward: 39.999999999999986
step: 37, ep_reward: 29.766666666666683
step: 49, ep_reward: 38.66666666666666
step: 49, ep_reward: 35.06666666666668
step: 49, ep_reward: 36.80000000000003
step: 49, ep_reward: 36.80000000000003
step: 49, ep_reward: 37.20000000000004
pygame 2.1.0 (SDL 2.0.16, Python 3.8.0)
Hello from the pygame community. https://www.pygame.org/contribute.html
Successfully set seed to 2
MultiAttentionNetwork(
  (features): Sequential(
    (0): Conv2d(4, 32, kernel_size=(8, 8), stride=(4, 4))
    (1): ReLU()
    (2): Conv2d(32, 64, kernel_size=(4, 4), stride=(2, 2))
    (3): ReLU()
    (4): Conv2d(64, 64, kernel_size=(3, 3), stride=(1, 1))
    (5): ReLU()
  )
  (attention): NONLocalBlock2D(
    (g): Conv2d(64, 32, kernel_size=(1, 1), stride=(1, 1))
    (W): Conv2d(32, 64, kernel_size=(1, 1), stride=(1, 1))
    (theta): Conv2d(64, 32, kernel_size=(1, 1), stride=(1, 1))
    (phi): Conv2d(64, 32, kernel_size=(1, 1), stride=(1, 1))
  )
  (advantage): Sequential(
    (0): Linear(in_features=68224, out_features=512, bias=True)
    (1): ReLU()
    (2): Linear(in_features=512, out_features=5, bias=True)
  )
  (value): Sequential(
    (0): Linear(in_features=68224, out_features=512, bias=True)
    (1): ReLU()
    (2): Linear(in_features=512, out_features=1, bias=True)
  )
  (output): Sequential(
    (0): Linear(in_features=68224, out_features=512, bias=True)
    (1): ReLU()
    (2): Linear(in_features=512, out_features=5, bias=True)
  )
  (ego_embedding): Sequential(
    (0): Linear(in_features=7, out_features=64, bias=True)
    (1): ReLU()
    (2): Linear(in_features=64, out_features=64, bias=True)
    (3): ReLU()
  )
  (others_embedding): Sequential(
    (0): Linear(in_features=7, out_features=64, bias=True)
    (1): ReLU()
    (2): Linear(in_features=64, out_features=64, bias=True)
    (3): ReLU()
  )
  (attention_layer): EgoAttetion(
    (value_all): Linear(in_features=64, out_features=64, bias=False)
    (key_all): Linear(in_features=64, out_features=64, bias=False)
    (query_ego): Linear(in_features=64, out_features=64, bias=False)
    (attention_combine): Linear(in_features=64, out_features=64, bias=False)
  )
  (decoder): Sequential(
    (0): Linear(in_features=64, out_features=64, bias=True)
    (1): ReLU()
    (2): Linear(in_features=64, out_features=64, bias=True)
    (3): ReLU()
  )
)
====================================
Model has been loaded...
====================================
./agent.py:220: UserWarning: Creating a tensor from a list of numpy.ndarrays is extremely slow. Please consider converting the list to a single numpy.ndarray with numpy.array() before converting to a tensor. (Triggered internally at  /opt/conda/conda-bld/pytorch_1646755903507/work/torch/csrc/utils/tensor_new.cpp:210.)
  return (torch.tensor([state['kinematics']], dtype=torch.float), state_image)
step: 49, ep_reward: 37.20000000000001
step: 49, ep_reward: 39.999999999999986
step: 49, ep_reward: 39.999999999999986
step: 49, ep_reward: 33.600000000000016
step: 49, ep_reward: 33.40000000000002
step: 49, ep_reward: 33.46666666666668
step: 49, ep_reward: 33.86666666666668
step: 49, ep_reward: 43.33333333333335
step: 49, ep_reward: 39.999999999999986
step: 49, ep_reward: 39.999999999999986
