pygame 2.1.0 (SDL 2.0.16, Python 3.8.0)
Hello from the pygame community. https://www.pygame.org/contribute.html
Successfully set seed to 2
MultiAttentionNetwork(
  (features): Sequential(
    (0): Conv2d(4, 32, kernel_size=(8, 8), stride=(4, 4))
    (1): ReLU()
    (2): Conv2d(32, 64, kernel_size=(4, 4), stride=(2, 2))
    (3): ReLU()
    (4): Conv2d(64, 64, kernel_size=(3, 3), stride=(1, 1))
    (5): ReLU()
  )
  (attention): NONLocalBlock2D(
    (g): Conv2d(64, 32, kernel_size=(1, 1), stride=(1, 1))
    (W): Conv2d(32, 64, kernel_size=(1, 1), stride=(1, 1))
    (theta): Conv2d(64, 32, kernel_size=(1, 1), stride=(1, 1))
    (phi): Conv2d(64, 32, kernel_size=(1, 1), stride=(1, 1))
  )
  (advantage): Sequential(
    (0): Linear(in_features=68224, out_features=512, bias=True)
    (1): ReLU()
    (2): Linear(in_features=512, out_features=5, bias=True)
  )
  (value): Sequential(
    (0): Linear(in_features=68224, out_features=512, bias=True)
    (1): ReLU()
    (2): Linear(in_features=512, out_features=1, bias=True)
  )
  (output): Sequential(
    (0): Linear(in_features=68224, out_features=512, bias=True)
    (1): ReLU()
    (2): Linear(in_features=512, out_features=5, bias=True)
  )
  (ego_embedding): Sequential(
    (0): Linear(in_features=7, out_features=64, bias=True)
    (1): ReLU()
    (2): Linear(in_features=64, out_features=64, bias=True)
    (3): ReLU()
  )
  (others_embedding): Sequential(
    (0): Linear(in_features=7, out_features=64, bias=True)
    (1): ReLU()
    (2): Linear(in_features=64, out_features=64, bias=True)
    (3): ReLU()
  )
  (attention_layer): EgoAttetion(
    (value_all): Linear(in_features=64, out_features=64, bias=False)
    (key_all): Linear(in_features=64, out_features=64, bias=False)
    (query_ego): Linear(in_features=64, out_features=64, bias=False)
    (attention_combine): Linear(in_features=64, out_features=64, bias=False)
  )
  (decoder): Sequential(
    (0): Linear(in_features=64, out_features=64, bias=True)
    (1): ReLU()
    (2): Linear(in_features=64, out_features=64, bias=True)
    (3): ReLU()
  )
)
./agent.py:220: UserWarning: Creating a tensor from a list of numpy.ndarrays is extremely slow. Please consider converting the list to a single numpy.ndarray with numpy.array() before converting to a tensor. (Triggered internally at  /opt/conda/conda-bld/pytorch_1646755903507/work/torch/csrc/utils/tensor_new.cpp:210.)
  return (torch.tensor([state['kinematics']], dtype=torch.float), state_image)
Ep: 0 | Ep_r: 30.43 | t_so_far: {37} | epsilon: 0.105 max: 30.433333333333337
Ep: 1 | Ep_r: 24.81 | t_so_far: {40} | epsilon: 0.106 max: 30.433333333333337
Ep: 2 | Ep_r: 27.88 | t_so_far: {90} | epsilon: 0.113 max: 30.433333333333337
Ep: 3 | Ep_r: 23.96 | t_so_far: {100} | epsilon: 0.114 max: 30.433333333333337
Ep: 4 | Ep_r: 21.55 | t_so_far: {114} | epsilon: 0.116 max: 30.433333333333337
Ep: 5 | Ep_r: 17.65 | t_so_far: {117} | epsilon: 0.117 max: 30.433333333333337
Ep: 6 | Ep_r: 16.37 | t_so_far: {130} | epsilon: 0.118 max: 30.433333333333337
Ep: 7 | Ep_r: 16.06 | t_so_far: {148} | epsilon: 0.121 max: 30.433333333333337
Ep: 8 | Ep_r: 14.79 | t_so_far: {161} | epsilon: 0.123 max: 30.433333333333337
Ep: 9 | Ep_r: 13.9 | t_so_far: {173} | epsilon: 0.124 max: 30.433333333333337
Ep: 10 | Ep_r: 12.38 | t_so_far: {180} | epsilon: 0.125 max: 30.433333333333337
Ep: 11 | Ep_r: 17.53 | t_so_far: {230} | epsilon: 0.132 max: 30.433333333333337
Ep: 12 | Ep_r: 19.85 | t_so_far: {266} | epsilon: 0.137 max: 30.433333333333337
Ep: 13 | Ep_r: 24.86 | t_so_far: {316} | epsilon: 0.144 max: 30.433333333333337
Ep: 14 | Ep_r: 25.32 | t_so_far: {346} | epsilon: 0.148 max: 30.433333333333337
Ep: 15 | Ep_r: 20.89 | t_so_far: {350} | epsilon: 0.149 max: 30.433333333333337
Ep: 16 | Ep_r: 18.22 | t_so_far: {360} | epsilon: 0.15 max: 30.433333333333337
Ep: 17 | Ep_r: 15.01 | t_so_far: {363} | epsilon: 0.151 max: 30.433333333333337
Ep: 18 | Ep_r: 16.71 | t_so_far: {393} | epsilon: 0.155 max: 30.433333333333337
Ep: 19 | Ep_r: 16.57 | t_so_far: {411} | epsilon: 0.157 max: 30.433333333333337
Ep: 20 | Ep_r: 15.33 | t_so_far: {424} | epsilon: 0.159 max: 30.433333333333337
Ep: 21 | Ep_r: 20.32 | t_so_far: {474} | epsilon: 0.166 max: 30.433333333333337
Ep: 22 | Ep_r: 24.68 | t_so_far: {524} | epsilon: 0.172 max: 30.433333333333337
Ep: 23 | Ep_r: 20.15 | t_so_far: {527} | epsilon: 0.173 max: 30.433333333333337
Ep: 24 | Ep_r: 18.56 | t_so_far: {543} | epsilon: 0.175 max: 30.433333333333337
Ep: 25 | Ep_r: 16.6 | t_so_far: {553} | epsilon: 0.176 max: 30.433333333333337
Ep: 26 | Ep_r: 20.78 | t_so_far: {600} | epsilon: 0.182 max: 30.433333333333337
Ep: 27 | Ep_r: 22.94 | t_so_far: {641} | epsilon: 0.188 max: 30.433333333333337
Ep: 28 | Ep_r: 19.15 | t_so_far: {646} | epsilon: 0.188 max: 30.433333333333337
Ep: 29 | Ep_r: 23.09 | t_so_far: {692} | epsilon: 0.194 max: 30.433333333333337
Ep: 30 | Ep_r: 22.06 | t_so_far: {712} | epsilon: 0.197 max: 30.433333333333337
Ep: 31 | Ep_r: 24.42 | t_so_far: {754} | epsilon: 0.202 max: 30.433333333333337
Ep: 32 | Ep_r: 22.0 | t_so_far: {769} | epsilon: 0.204 max: 30.433333333333337
Ep: 33 | Ep_r: 21.81 | t_so_far: {794} | epsilon: 0.207 max: 30.433333333333337
Ep: 34 | Ep_r: 25.47 | t_so_far: {844} | epsilon: 0.213 max: 30.433333333333337
Ep: 35 | Ep_r: 27.39 | t_so_far: {888} | epsilon: 0.219 max: 30.433333333333337
Ep: 36 | Ep_r: 30.24 | t_so_far: {938} | epsilon: 0.225 max: 30.433333333333337
Ep: 37 | Ep_r: 33.45 | t_so_far: {988} | epsilon: 0.231 max: 33.448041395013405
Ep: 38 | Ep_r: 27.2 | t_so_far: {991} | epsilon: 0.232 max: 33.448041395013405
Ep: 39 | Ep_r: 22.0 | t_so_far: {993} | epsilon: 0.232 max: 33.448041395013405
Ep: 40 | Ep_r: 22.15 | t_so_far: {1021} | epsilon: 0.235 max: 33.448041395013405
Ep: 41 | Ep_r: 18.72 | t_so_far: {1027} | epsilon: 0.236 max: 33.448041395013405
Ep: 42 | Ep_r: 19.34 | t_so_far: {1055} | epsilon: 0.24 max: 33.448041395013405
Ep: 43 | Ep_r: 20.3 | t_so_far: {1084} | epsilon: 0.243 max: 33.448041395013405
Ep: 44 | Ep_r: 19.0 | t_so_far: {1100} | epsilon: 0.245 max: 33.448041395013405
Ep: 45 | Ep_r: 19.33 | t_so_far: {1125} | epsilon: 0.248 max: 33.448041395013405
Ep: 46 | Ep_r: 21.44 | t_so_far: {1161} | epsilon: 0.252 max: 33.448041395013405
Ep: 47 | Ep_r: 25.58 | t_so_far: {1211} | epsilon: 0.258 max: 33.448041395013405
Ep: 48 | Ep_r: 21.21 | t_so_far: {1216} | epsilon: 0.259 max: 33.448041395013405
Ep: 49 | Ep_r: 20.1 | t_so_far: {1235} | epsilon: 0.261 max: 33.448041395013405
Ep: 50 | Ep_r: 17.28 | t_so_far: {1242} | epsilon: 0.262 max: 33.448041395013405
Ep: 51 | Ep_r: 22.25 | t_so_far: {1292} | epsilon: 0.268 max: 33.448041395013405
Ep: 52 | Ep_r: 18.42 | t_so_far: {1296} | epsilon: 0.268 max: 33.448041395013405
Ep: 53 | Ep_r: 17.9 | t_so_far: {1316} | epsilon: 0.271 max: 33.448041395013405
Ep: 54 | Ep_r: 17.97 | t_so_far: {1337} | epsilon: 0.273 max: 33.448041395013405
Ep: 55 | Ep_r: 20.33 | t_so_far: {1372} | epsilon: 0.277 max: 33.448041395013405
Ep: 56 | Ep_r: 16.68 | t_so_far: {1375} | epsilon: 0.277 max: 33.448041395013405
Ep: 57 | Ep_r: 18.19 | t_so_far: {1403} | epsilon: 0.281 max: 33.448041395013405
Ep: 58 | Ep_r: 15.91 | t_so_far: {1412} | epsilon: 0.282 max: 33.448041395013405
Ep: 59 | Ep_r: 15.78 | t_so_far: {1429} | epsilon: 0.284 max: 33.448041395013405
Ep: 60 | Ep_r: 13.59 | t_so_far: {1435} | epsilon: 0.284 max: 33.448041395013405
Ep: 61 | Ep_r: 11.87 | t_so_far: {1442} | epsilon: 0.285 max: 33.448041395013405
Ep: 62 | Ep_r: 17.89 | t_so_far: {1492} | epsilon: 0.291 max: 33.448041395013405
Ep: 63 | Ep_r: 18.52 | t_so_far: {1515} | epsilon: 0.293 max: 33.448041395013405
Ep: 64 | Ep_r: 20.43 | t_so_far: {1550} | epsilon: 0.297 max: 33.448041395013405
Ep: 65 | Ep_r: 19.28 | t_so_far: {1566} | epsilon: 0.299 max: 33.448041395013405
Ep: 66 | Ep_r: 19.2 | t_so_far: {1589} | epsilon: 0.302 max: 33.448041395013405
Ep: 67 | Ep_r: 16.95 | t_so_far: {1598} | epsilon: 0.303 max: 33.448041395013405
Ep: 68 | Ep_r: 21.42 | t_so_far: {1648} | epsilon: 0.308 max: 33.448041395013405
Ep: 69 | Ep_r: 25.93 | t_so_far: {1698} | epsilon: 0.314 max: 33.448041395013405
Ep: 70 | Ep_r: 23.07 | t_so_far: {1712} | epsilon: 0.315 max: 33.448041395013405
Ep: 71 | Ep_r: 18.89 | t_so_far: {1715} | epsilon: 0.316 max: 33.448041395013405
Ep: 72 | Ep_r: 15.76 | t_so_far: {1719} | epsilon: 0.316 max: 33.448041395013405
Ep: 73 | Ep_r: 14.89 | t_so_far: {1733} | epsilon: 0.318 max: 33.448041395013405
Ep: 74 | Ep_r: 20.15 | t_so_far: {1783} | epsilon: 0.323 max: 33.448041395013405
Ep: 75 | Ep_r: 22.16 | t_so_far: {1817} | epsilon: 0.327 max: 33.448041395013405
Ep: 76 | Ep_r: 20.74 | t_so_far: {1836} | epsilon: 0.329 max: 33.448041395013405
Ep: 77 | Ep_r: 24.48 | t_so_far: {1886} | epsilon: 0.334 max: 33.448041395013405
Ep: 78 | Ep_r: 23.64 | t_so_far: {1910} | epsilon: 0.337 max: 33.448041395013405
Ep: 79 | Ep_r: 20.19 | t_so_far: {1918} | epsilon: 0.337 max: 33.448041395013405
Ep: 80 | Ep_r: 21.7 | t_so_far: {1953} | epsilon: 0.341 max: 33.448041395013405
Ep: 81 | Ep_r: 23.37 | t_so_far: {1989} | epsilon: 0.345 max: 33.448041395013405
Ep: 82 | Ep_r: 25.29 | t_so_far: {2030} | epsilon: 0.349 max: 33.448041395013405
Ep: 83 | Ep_r: 24.52 | t_so_far: {2057} | epsilon: 0.352 max: 33.448041395013405
Ep: 84 | Ep_r: 21.84 | t_so_far: {2071} | epsilon: 0.353 max: 33.448041395013405
Ep: 85 | Ep_r: 26.08 | t_so_far: {2121} | epsilon: 0.359 max: 33.448041395013405
Ep: 86 | Ep_r: 29.29 | t_so_far: {2171} | epsilon: 0.364 max: 33.448041395013405
Ep: 87 | Ep_r: 24.05 | t_so_far: {2175} | epsilon: 0.364 max: 33.448041395013405
Ep: 88 | Ep_r: 22.01 | t_so_far: {2192} | epsilon: 0.366 max: 33.448041395013405
Ep: 89 | Ep_r: 18.52 | t_so_far: {2198} | epsilon: 0.366 max: 33.448041395013405
Ep: 90 | Ep_r: 15.75 | t_so_far: {2204} | epsilon: 0.367 max: 33.448041395013405
Ep: 91 | Ep_r: 20.1 | t_so_far: {2250} | epsilon: 0.372 max: 33.448041395013405
Ep: 92 | Ep_r: 24.67 | t_so_far: {2300} | epsilon: 0.377 max: 33.448041395013405
Ep: 93 | Ep_r: 21.1 | t_so_far: {2309} | epsilon: 0.378 max: 33.448041395013405
Ep: 94 | Ep_r: 24.72 | t_so_far: {2353} | epsilon: 0.382 max: 33.448041395013405
Ep: 95 | Ep_r: 20.36 | t_so_far: {2357} | epsilon: 0.382 max: 33.448041395013405
Ep: 96 | Ep_r: 24.3 | t_so_far: {2407} | epsilon: 0.387 max: 33.448041395013405
Ep: 97 | Ep_r: 21.18 | t_so_far: {2417} | epsilon: 0.388 max: 33.448041395013405
Ep: 98 | Ep_r: 24.85 | t_so_far: {2467} | epsilon: 0.393 max: 33.448041395013405
Ep: 99 | Ep_r: 28.58 | t_so_far: {2517} | epsilon: 0.398 max: 33.448041395013405
Ep: 100 | Ep_r: 24.39 | t_so_far: {2526} | epsilon: 0.399 max: 33.448041395013405
Ep: 101 | Ep_r: 20.95 | t_so_far: {2534} | epsilon: 0.4 max: 33.448041395013405
Ep: 102 | Ep_r: 24.99 | t_so_far: {2584} | epsilon: 0.404 max: 33.448041395013405
Ep: 103 | Ep_r: 27.98 | t_so_far: {2634} | epsilon: 0.409 max: 33.448041395013405
Ep: 104 | Ep_r: 27.31 | t_so_far: {2664} | epsilon: 0.412 max: 33.448041395013405
Ep: 105 | Ep_r: 24.82 | t_so_far: {2682} | epsilon: 0.414 max: 33.448041395013405
Ep: 106 | Ep_r: 24.08 | t_so_far: {2709} | epsilon: 0.416 max: 33.448041395013405
Ep: 107 | Ep_r: 23.77 | t_so_far: {2737} | epsilon: 0.419 max: 33.448041395013405
Ep: 108 | Ep_r: 22.15 | t_so_far: {2755} | epsilon: 0.42 max: 33.448041395013405
Ep: 109 | Ep_r: 23.01 | t_so_far: {2788} | epsilon: 0.423 max: 33.448041395013405
Ep: 110 | Ep_r: 21.81 | t_so_far: {2808} | epsilon: 0.425 max: 33.448041395013405
Ep: 111 | Ep_r: 18.39 | t_so_far: {2814} | epsilon: 0.426 max: 33.448041395013405
Ep: 112 | Ep_r: 16.33 | t_so_far: {2823} | epsilon: 0.427 max: 33.448041395013405
Ep: 113 | Ep_r: 20.79 | t_so_far: {2873} | epsilon: 0.431 max: 33.448041395013405
Ep: 114 | Ep_r: 19.05 | t_so_far: {2887} | epsilon: 0.432 max: 33.448041395013405
Ep: 115 | Ep_r: 23.87 | t_so_far: {2937} | epsilon: 0.437 max: 33.448041395013405
Ep: 116 | Ep_r: 19.66 | t_so_far: {2941} | epsilon: 0.437 max: 33.448041395013405
Ep: 117 | Ep_r: 19.15 | t_so_far: {2959} | epsilon: 0.439 max: 33.448041395013405
Ep: 118 | Ep_r: 16.14 | t_so_far: {2964} | epsilon: 0.439 max: 33.448041395013405
Ep: 119 | Ep_r: 18.93 | t_so_far: {3000} | epsilon: 0.443 max: 33.448041395013405
Ep: 120 | Ep_r: 16.07 | t_so_far: {3006} | epsilon: 0.443 max: 33.448041395013405
Ep: 121 | Ep_r: 19.13 | t_so_far: {3043} | epsilon: 0.446 max: 33.448041395013405
Ep: 122 | Ep_r: 16.46 | t_so_far: {3050} | epsilon: 0.447 max: 33.448041395013405
Ep: 123 | Ep_r: 15.51 | t_so_far: {3063} | epsilon: 0.448 max: 33.448041395013405
Ep: 124 | Ep_r: 18.29 | t_so_far: {3096} | epsilon: 0.451 max: 33.448041395013405
Ep: 125 | Ep_r: 22.87 | t_so_far: {3146} | epsilon: 0.455 max: 33.448041395013405
Ep: 126 | Ep_r: 19.08 | t_so_far: {3151} | epsilon: 0.456 max: 33.448041395013405
Ep: 127 | Ep_r: 19.12 | t_so_far: {3174} | epsilon: 0.458 max: 33.448041395013405
Ep: 128 | Ep_r: 20.29 | t_so_far: {3205} | epsilon: 0.461 max: 33.448041395013405
Ep: 129 | Ep_r: 17.12 | t_so_far: {3211} | epsilon: 0.461 max: 33.448041395013405
Ep: 130 | Ep_r: 17.88 | t_so_far: {3236} | epsilon: 0.463 max: 33.448041395013405
Ep: 131 | Ep_r: 17.87 | t_so_far: {3256} | epsilon: 0.465 max: 33.448041395013405
Ep: 132 | Ep_r: 16.06 | t_so_far: {3266} | epsilon: 0.466 max: 33.448041395013405
Ep: 133 | Ep_r: 15.19 | t_so_far: {3279} | epsilon: 0.467 max: 33.448041395013405
Ep: 134 | Ep_r: 20.38 | t_so_far: {3329} | epsilon: 0.471 max: 33.448041395013405
Ep: 135 | Ep_r: 24.88 | t_so_far: {3379} | epsilon: 0.475 max: 33.448041395013405
Ep: 136 | Ep_r: 21.87 | t_so_far: {3390} | epsilon: 0.476 max: 33.448041395013405
Ep: 137 | Ep_r: 25.08 | t_so_far: {3435} | epsilon: 0.48 max: 33.448041395013405
Ep: 138 | Ep_r: 24.85 | t_so_far: {3461} | epsilon: 0.482 max: 33.448041395013405
Ep: 139 | Ep_r: 20.65 | t_so_far: {3466} | epsilon: 0.483 max: 33.448041395013405
Ep: 140 | Ep_r: 24.46 | t_so_far: {3512} | epsilon: 0.486 max: 33.448041395013405
Ep: 141 | Ep_r: 24.64 | t_so_far: {3541} | epsilon: 0.489 max: 33.448041395013405
Ep: 142 | Ep_r: 20.12 | t_so_far: {3544} | epsilon: 0.489 max: 33.448041395013405
Ep: 143 | Ep_r: 17.37 | t_so_far: {3552} | epsilon: 0.49 max: 33.448041395013405
Ep: 144 | Ep_r: 22.8 | t_so_far: {3602} | epsilon: 0.494 max: 33.448041395013405
Ep: 145 | Ep_r: 26.01 | t_so_far: {3648} | epsilon: 0.497 max: 33.448041395013405
Ep: 146 | Ep_r: 23.24 | t_so_far: {3663} | epsilon: 0.499 max: 33.448041395013405
Ep: 147 | Ep_r: 27.75 | t_so_far: {3713} | epsilon: 0.503 max: 33.448041395013405
Ep: 148 | Ep_r: 23.11 | t_so_far: {3719} | epsilon: 0.503 max: 33.448041395013405
Ep: 149 | Ep_r: 20.28 | t_so_far: {3729} | epsilon: 0.504 max: 33.448041395013405
Ep: 150 | Ep_r: 20.92 | t_so_far: {3756} | epsilon: 0.506 max: 33.448041395013405
Ep: 151 | Ep_r: 18.47 | t_so_far: {3767} | epsilon: 0.507 max: 33.448041395013405
Ep: 152 | Ep_r: 19.75 | t_so_far: {3796} | epsilon: 0.509 max: 33.448041395013405
Ep: 153 | Ep_r: 17.43 | t_so_far: {3805} | epsilon: 0.51 max: 33.448041395013405
Ep: 154 | Ep_r: 17.72 | t_so_far: {3825} | epsilon: 0.511 max: 33.448041395013405
Ep: 155 | Ep_r: 18.26 | t_so_far: {3849} | epsilon: 0.513 max: 33.448041395013405
Ep: 156 | Ep_r: 17.37 | t_so_far: {3865} | epsilon: 0.515 max: 33.448041395013405
Ep: 157 | Ep_r: 16.25 | t_so_far: {3879} | epsilon: 0.516 max: 33.448041395013405
Ep: 158 | Ep_r: 19.65 | t_so_far: {3919} | epsilon: 0.519 max: 33.448041395013405
Ep: 159 | Ep_r: 19.46 | t_so_far: {3940} | epsilon: 0.52 max: 33.448041395013405
Ep: 160 | Ep_r: 17.06 | t_so_far: {3950} | epsilon: 0.521 max: 33.448041395013405
Ep: 161 | Ep_r: 18.37 | t_so_far: {3975} | epsilon: 0.523 max: 33.448041395013405
Ep: 162 | Ep_r: 17.63 | t_so_far: {3992} | epsilon: 0.524 max: 33.448041395013405
Ep: 163 | Ep_r: 15.54 | t_so_far: {4000} | epsilon: 0.525 max: 33.448041395013405
Ep: 164 | Ep_r: 20.81 | t_so_far: {4050} | epsilon: 0.529 max: 33.448041395013405
Ep: 165 | Ep_r: 18.43 | t_so_far: {4061} | epsilon: 0.529 max: 33.448041395013405
Ep: 166 | Ep_r: 22.99 | t_so_far: {4111} | epsilon: 0.533 max: 33.448041395013405
Ep: 167 | Ep_r: 19.95 | t_so_far: {4120} | epsilon: 0.534 max: 33.448041395013405
Ep: 168 | Ep_r: 24.43 | t_so_far: {4168} | epsilon: 0.537 max: 33.448041395013405
Ep: 169 | Ep_r: 27.6 | t_so_far: {4218} | epsilon: 0.541 max: 33.448041395013405
Ep: 170 | Ep_r: 31.19 | t_so_far: {4268} | epsilon: 0.545 max: 33.448041395013405
Ep: 171 | Ep_r: 26.28 | t_so_far: {4276} | epsilon: 0.545 max: 33.448041395013405
Ep: 172 | Ep_r: 22.42 | t_so_far: {4284} | epsilon: 0.546 max: 33.448041395013405
Ep: 173 | Ep_r: 21.18 | t_so_far: {4303} | epsilon: 0.547 max: 33.448041395013405
Ep: 174 | Ep_r: 22.04 | t_so_far: {4335} | epsilon: 0.55 max: 33.448041395013405
Ep: 175 | Ep_r: 20.52 | t_so_far: {4354} | epsilon: 0.551 max: 33.448041395013405
Ep: 176 | Ep_r: 22.83 | t_so_far: {4390} | epsilon: 0.554 max: 33.448041395013405
Ep: 177 | Ep_r: 26.95 | t_so_far: {4440} | epsilon: 0.557 max: 33.448041395013405
Ep: 178 | Ep_r: 28.19 | t_so_far: {4478} | epsilon: 0.56 max: 33.448041395013405
Ep: 179 | Ep_r: 31.09 | t_so_far: {4528} | epsilon: 0.563 max: 33.448041395013405
Ep: 180 | Ep_r: 30.38 | t_so_far: {4561} | epsilon: 0.566 max: 33.448041395013405
Ep: 181 | Ep_r: 28.15 | t_so_far: {4583} | epsilon: 0.567 max: 33.448041395013405
Ep: 182 | Ep_r: 23.17 | t_so_far: {4587} | epsilon: 0.567 max: 33.448041395013405
Ep: 183 | Ep_r: 26.96 | t_so_far: {4637} | epsilon: 0.571 max: 33.448041395013405
Ep: 184 | Ep_r: 30.88 | t_so_far: {4687} | epsilon: 0.574 max: 33.448041395013405
Ep: 185 | Ep_r: 33.6 | t_so_far: {4737} | epsilon: 0.578 max: 33.60497977143672
Ep: 186 | Ep_r: 35.46 | t_so_far: {4785} | epsilon: 0.581 max: 35.45731715048271
Ep: 187 | Ep_r: 37.02 | t_so_far: {4835} | epsilon: 0.584 max: 37.019187053719506
Ep: 188 | Ep_r: 35.86 | t_so_far: {4874} | epsilon: 0.587 max: 37.019187053719506
Ep: 189 | Ep_r: 35.41 | t_so_far: {4914} | epsilon: 0.589 max: 37.019187053719506
Ep: 190 | Ep_r: 32.17 | t_so_far: {4936} | epsilon: 0.591 max: 37.019187053719506
Ep: 191 | Ep_r: 30.24 | t_so_far: {4965} | epsilon: 0.593 max: 37.019187053719506
Ep: 192 | Ep_r: 28.02 | t_so_far: {4987} | epsilon: 0.594 max: 37.019187053719506
Ep: 193 | Ep_r: 30.46 | t_so_far: {5037} | epsilon: 0.597 max: 37.019187053719506
Ep: 194 | Ep_r: 32.97 | t_so_far: {5087} | epsilon: 0.601 max: 37.019187053719506
Ep: 195 | Ep_r: 28.14 | t_so_far: {5097} | epsilon: 0.601 max: 37.019187053719506
Ep: 196 | Ep_r: 30.9 | t_so_far: {5145} | epsilon: 0.604 max: 37.019187053719506
Ep: 197 | Ep_r: 26.5 | t_so_far: {5155} | epsilon: 0.605 max: 37.019187053719506
Ep: 198 | Ep_r: 21.75 | t_so_far: {5159} | epsilon: 0.605 max: 37.019187053719506
Ep: 199 | Ep_r: 24.49 | t_so_far: {5200} | epsilon: 0.608 max: 37.019187053719506
Ep: 200 | Ep_r: 28.12 | t_so_far: {5250} | epsilon: 0.611 max: 37.019187053719506
Ep: 201 | Ep_r: 30.78 | t_so_far: {5300} | epsilon: 0.614 max: 37.019187053719506
Ep: 202 | Ep_r: 32.92 | t_so_far: {5350} | epsilon: 0.617 max: 37.019187053719506
Ep: 203 | Ep_r: 29.01 | t_so_far: {5366} | epsilon: 0.618 max: 37.019187053719506
Ep: 204 | Ep_r: 27.14 | t_so_far: {5387} | epsilon: 0.619 max: 37.019187053719506
Ep: 205 | Ep_r: 24.99 | t_so_far: {5406} | epsilon: 0.62 max: 37.019187053719506
Ep: 206 | Ep_r: 28.2 | t_so_far: {5456} | epsilon: 0.623 max: 37.019187053719506
Ep: 207 | Ep_r: 26.97 | t_so_far: {5481} | epsilon: 0.625 max: 37.019187053719506
Ep: 208 | Ep_r: 29.88 | t_so_far: {5531} | epsilon: 0.628 max: 37.019187053719506
Ep: 209 | Ep_r: 32.78 | t_so_far: {5581} | epsilon: 0.631 max: 37.019187053719506
Ep: 210 | Ep_r: 27.59 | t_so_far: {5589} | epsilon: 0.631 max: 37.019187053719506
Ep: 211 | Ep_r: 22.85 | t_so_far: {5594} | epsilon: 0.632 max: 37.019187053719506
Ep: 212 | Ep_r: 27.03 | t_so_far: {5644} | epsilon: 0.635 max: 37.019187053719506
Ep: 213 | Ep_r: 22.43 | t_so_far: {5649} | epsilon: 0.635 max: 37.019187053719506
Ep: 214 | Ep_r: 20.01 | t_so_far: {5661} | epsilon: 0.636 max: 37.019187053719506
Ep: 215 | Ep_r: 17.35 | t_so_far: {5669} | epsilon: 0.636 max: 37.019187053719506
Ep: 216 | Ep_r: 22.1 | t_so_far: {5719} | epsilon: 0.639 max: 37.019187053719506
Ep: 217 | Ep_r: 22.38 | t_so_far: {5745} | epsilon: 0.64 max: 37.019187053719506
Ep: 218 | Ep_r: 20.5 | t_so_far: {5760} | epsilon: 0.641 max: 37.019187053719506
Ep: 219 | Ep_r: 22.23 | t_so_far: {5793} | epsilon: 0.643 max: 37.019187053719506
Ep: 220 | Ep_r: 26.35 | t_so_far: {5843} | epsilon: 0.646 max: 37.019187053719506
Ep: 221 | Ep_r: 28.1 | t_so_far: {5886} | epsilon: 0.648 max: 37.019187053719506
Ep: 222 | Ep_r: 31.29 | t_so_far: {5936} | epsilon: 0.651 max: 37.019187053719506
Ep: 223 | Ep_r: 33.92 | t_so_far: {5986} | epsilon: 0.654 max: 37.019187053719506
Ep: 224 | Ep_r: 34.31 | t_so_far: {6027} | epsilon: 0.656 max: 37.019187053719506
Ep: 225 | Ep_r: 35.45 | t_so_far: {6075} | epsilon: 0.659 max: 37.019187053719506
Ep: 226 | Ep_r: 29.35 | t_so_far: {6081} | epsilon: 0.659 max: 37.019187053719506
Ep: 227 | Ep_r: 27.21 | t_so_far: {6101} | epsilon: 0.66 max: 37.019187053719506
Ep: 228 | Ep_r: 29.42 | t_so_far: {6143} | epsilon: 0.663 max: 37.019187053719506
Ep: 229 | Ep_r: 30.91 | t_so_far: {6183} | epsilon: 0.665 max: 37.019187053719506
Ep: 230 | Ep_r: 31.94 | t_so_far: {6225} | epsilon: 0.667 max: 37.019187053719506
Ep: 231 | Ep_r: 25.98 | t_so_far: {6228} | epsilon: 0.667 max: 37.019187053719506
Ep: 232 | Ep_r: 27.23 | t_so_far: {6265} | epsilon: 0.669 max: 37.019187053719506
Ep: 233 | Ep_r: 26.78 | t_so_far: {6294} | epsilon: 0.671 max: 37.019187053719506
Ep: 234 | Ep_r: 30.58 | t_so_far: {6344} | epsilon: 0.673 max: 37.019187053719506
Ep: 235 | Ep_r: 29.07 | t_so_far: {6369} | epsilon: 0.674 max: 37.019187053719506
Ep: 236 | Ep_r: 27.16 | t_so_far: {6391} | epsilon: 0.676 max: 37.019187053719506
Ep: 237 | Ep_r: 26.52 | t_so_far: {6419} | epsilon: 0.677 max: 37.019187053719506
Ep: 238 | Ep_r: 24.82 | t_so_far: {6439} | epsilon: 0.678 max: 37.019187053719506
Ep: 239 | Ep_r: 25.93 | t_so_far: {6475} | epsilon: 0.68 max: 37.019187053719506
Ep: 240 | Ep_r: 29.79 | t_so_far: {6525} | epsilon: 0.682 max: 37.019187053719506
Ep: 241 | Ep_r: 25.73 | t_so_far: {6537} | epsilon: 0.683 max: 37.019187053719506
Ep: 242 | Ep_r: 29.73 | t_so_far: {6587} | epsilon: 0.686 max: 37.019187053719506
Ep: 243 | Ep_r: 26.69 | t_so_far: {6603} | epsilon: 0.686 max: 37.019187053719506
Ep: 244 | Ep_r: 29.75 | t_so_far: {6653} | epsilon: 0.689 max: 37.019187053719506
Ep: 245 | Ep_r: 32.75 | t_so_far: {6703} | epsilon: 0.691 max: 37.019187053719506
Ep: 246 | Ep_r: 26.66 | t_so_far: {6706} | epsilon: 0.691 max: 37.019187053719506
Ep: 247 | Ep_r: 29.96 | t_so_far: {6756} | epsilon: 0.694 max: 37.019187053719506
Ep: 248 | Ep_r: 32.66 | t_so_far: {6805} | epsilon: 0.696 max: 37.019187053719506
Ep: 249 | Ep_r: 35.11 | t_so_far: {6855} | epsilon: 0.699 max: 37.019187053719506
Ep: 250 | Ep_r: 32.17 | t_so_far: {6879} | epsilon: 0.7 max: 37.019187053719506
Ep: 251 | Ep_r: 28.48 | t_so_far: {6896} | epsilon: 0.701 max: 37.019187053719506
Ep: 252 | Ep_r: 29.5 | t_so_far: {6936} | epsilon: 0.703 max: 37.019187053719506
Ep: 253 | Ep_r: 31.57 | t_so_far: {6986} | epsilon: 0.705 max: 37.019187053719506
Ep: 254 | Ep_r: 25.7 | t_so_far: {6989} | epsilon: 0.705 max: 37.019187053719506
Ep: 255 | Ep_r: 29.61 | t_so_far: {7039} | epsilon: 0.707 max: 37.019187053719506
Ep: 256 | Ep_r: 32.29 | t_so_far: {7089} | epsilon: 0.71 max: 37.019187053719506
Ep: 257 | Ep_r: 28.89 | t_so_far: {7106} | epsilon: 0.711 max: 37.019187053719506
Ep: 258 | Ep_r: 31.82 | t_so_far: {7156} | epsilon: 0.713 max: 37.019187053719506
Ep: 259 | Ep_r: 32.2 | t_so_far: {7197} | epsilon: 0.715 max: 37.019187053719506
Ep: 260 | Ep_r: 34.9 | t_so_far: {7247} | epsilon: 0.717 max: 37.019187053719506
Ep: 261 | Ep_r: 30.63 | t_so_far: {7263} | epsilon: 0.718 max: 37.019187053719506
Ep: 262 | Ep_r: 33.51 | t_so_far: {7313} | epsilon: 0.72 max: 37.019187053719506
Ep: 263 | Ep_r: 36.24 | t_so_far: {7363} | epsilon: 0.722 max: 37.019187053719506
Ep: 264 | Ep_r: 36.69 | t_so_far: {7405} | epsilon: 0.724 max: 37.019187053719506
Ep: 265 | Ep_r: 31.02 | t_so_far: {7415} | epsilon: 0.724 max: 37.019187053719506
Ep: 266 | Ep_r: 30.67 | t_so_far: {7447} | epsilon: 0.726 max: 37.019187053719506
Ep: 267 | Ep_r: 33.67 | t_so_far: {7497} | epsilon: 0.728 max: 37.019187053719506
Ep: 268 | Ep_r: 34.43 | t_so_far: {7540} | epsilon: 0.73 max: 37.019187053719506
Ep: 269 | Ep_r: 27.95 | t_so_far: {7543} | epsilon: 0.73 max: 37.019187053719506
Ep: 270 | Ep_r: 31.42 | t_so_far: {7593} | epsilon: 0.732 max: 37.019187053719506
Ep: 271 | Ep_r: 33.93 | t_so_far: {7643} | epsilon: 0.734 max: 37.019187053719506
Ep: 272 | Ep_r: 36.09 | t_so_far: {7693} | epsilon: 0.736 max: 37.019187053719506
Ep: 273 | Ep_r: 37.88 | t_so_far: {7743} | epsilon: 0.739 max: 37.87689685507178
Ep: 274 | Ep_r: 31.64 | t_so_far: {7751} | epsilon: 0.739 max: 37.87689685507178
Ep: 275 | Ep_r: 27.19 | t_so_far: {7762} | epsilon: 0.739 max: 37.87689685507178
Ep: 276 | Ep_r: 22.9 | t_so_far: {7769} | epsilon: 0.74 max: 37.87689685507178
Ep: 277 | Ep_r: 22.36 | t_so_far: {7794} | epsilon: 0.741 max: 37.87689685507178
Ep: 278 | Ep_r: 20.32 | t_so_far: {7809} | epsilon: 0.741 max: 37.87689685507178
Ep: 279 | Ep_r: 23.19 | t_so_far: {7850} | epsilon: 0.743 max: 37.87689685507178
Ep: 280 | Ep_r: 27.67 | t_so_far: {7900} | epsilon: 0.745 max: 37.87689685507178
Ep: 281 | Ep_r: 30.81 | t_so_far: {7950} | epsilon: 0.747 max: 37.87689685507178
Ep: 282 | Ep_r: 26.73 | t_so_far: {7963} | epsilon: 0.748 max: 37.87689685507178
Ep: 283 | Ep_r: 29.13 | t_so_far: {8010} | epsilon: 0.749 max: 37.87689685507178
Ep: 284 | Ep_r: 27.5 | t_so_far: {8035} | epsilon: 0.75 max: 37.87689685507178
Ep: 285 | Ep_r: 30.63 | t_so_far: {8085} | epsilon: 0.752 max: 37.87689685507178
Ep: 286 | Ep_r: 33.47 | t_so_far: {8135} | epsilon: 0.754 max: 37.87689685507178
Ep: 287 | Ep_r: 35.18 | t_so_far: {8185} | epsilon: 0.756 max: 37.87689685507178
Ep: 288 | Ep_r: 29.66 | t_so_far: {8194} | epsilon: 0.757 max: 37.87689685507178
Ep: 289 | Ep_r: 32.06 | t_so_far: {8244} | epsilon: 0.759 max: 37.87689685507178
Ep: 290 | Ep_r: 34.85 | t_so_far: {8294} | epsilon: 0.76 max: 37.87689685507178
Ep: 291 | Ep_r: 35.91 | t_so_far: {8344} | epsilon: 0.762 max: 37.87689685507178
Ep: 292 | Ep_r: 36.94 | t_so_far: {8394} | epsilon: 0.764 max: 37.87689685507178
Ep: 293 | Ep_r: 37.32 | t_so_far: {8444} | epsilon: 0.766 max: 37.87689685507178
Ep: 294 | Ep_r: 35.24 | t_so_far: {8479} | epsilon: 0.767 max: 37.87689685507178
Ep: 295 | Ep_r: 36.57 | t_so_far: {8529} | epsilon: 0.769 max: 37.87689685507178
Ep: 296 | Ep_r: 37.93 | t_so_far: {8579} | epsilon: 0.771 max: 37.9251671854222
Ep: 297 | Ep_r: 38.95 | t_so_far: {8629} | epsilon: 0.773 max: 38.94680041500443
Ep: 298 | Ep_r: 39.42 | t_so_far: {8677} | epsilon: 0.775 max: 39.41744033200355
Ep: 299 | Ep_r: 39.63 | t_so_far: {8727} | epsilon: 0.776 max: 39.627285598936176
Ep: 300 | Ep_r: 34.75 | t_so_far: {8744} | epsilon: 0.777 max: 39.627285598936176
Ep: 301 | Ep_r: 31.95 | t_so_far: {8767} | epsilon: 0.778 max: 39.627285598936176
Ep: 302 | Ep_r: 27.65 | t_so_far: {8779} | epsilon: 0.778 max: 39.627285598936176
Ep: 303 | Ep_r: 31.5 | t_so_far: {8829} | epsilon: 0.78 max: 39.627285598936176
Ep: 304 | Ep_r: 34.11 | t_so_far: {8879} | epsilon: 0.782 max: 39.627285598936176
Ep: 305 | Ep_r: 30.29 | t_so_far: {8897} | epsilon: 0.782 max: 39.627285598936176
Ep: 306 | Ep_r: 33.15 | t_so_far: {8947} | epsilon: 0.784 max: 39.627285598936176
Ep: 307 | Ep_r: 26.96 | t_so_far: {8950} | epsilon: 0.784 max: 39.627285598936176
Ep: 308 | Ep_r: 30.36 | t_so_far: {9000} | epsilon: 0.786 max: 39.627285598936176
Ep: 309 | Ep_r: 33.56 | t_so_far: {9050} | epsilon: 0.788 max: 39.627285598936176
Ep: 310 | Ep_r: 27.61 | t_so_far: {9055} | epsilon: 0.788 max: 39.627285598936176
Ep: 311 | Ep_r: 27.26 | t_so_far: {9086} | epsilon: 0.789 max: 39.627285598936176
Ep: 312 | Ep_r: 30.24 | t_so_far: {9136} | epsilon: 0.791 max: 39.627285598936176
Ep: 313 | Ep_r: 27.7 | t_so_far: {9156} | epsilon: 0.791 max: 39.627285598936176
Ep: 314 | Ep_r: 30.97 | t_so_far: {9206} | epsilon: 0.793 max: 39.627285598936176
Ep: 315 | Ep_r: 29.29 | t_so_far: {9231} | epsilon: 0.794 max: 39.627285598936176
Ep: 316 | Ep_r: 31.99 | t_so_far: {9280} | epsilon: 0.795 max: 39.627285598936176
Ep: 317 | Ep_r: 31.17 | t_so_far: {9312} | epsilon: 0.796 max: 39.627285598936176
Ep: 318 | Ep_r: 33.25 | t_so_far: {9362} | epsilon: 0.798 max: 39.627285598936176
Ep: 319 | Ep_r: 35.08 | t_so_far: {9412} | epsilon: 0.8 max: 39.627285598936176
Ep: 320 | Ep_r: 36.57 | t_so_far: {9462} | epsilon: 0.801 max: 39.627285598936176
Ep: 321 | Ep_r: 37.37 | t_so_far: {9512} | epsilon: 0.803 max: 39.627285598936176
Ep: 322 | Ep_r: 35.49 | t_so_far: {9545} | epsilon: 0.804 max: 39.627285598936176
Ep: 323 | Ep_r: 36.84 | t_so_far: {9595} | epsilon: 0.805 max: 39.627285598936176
Ep: 324 | Ep_r: 33.49 | t_so_far: {9619} | epsilon: 0.806 max: 39.627285598936176
Ep: 325 | Ep_r: 30.23 | t_so_far: {9638} | epsilon: 0.807 max: 39.627285598936176
Ep: 326 | Ep_r: 32.76 | t_so_far: {9688} | epsilon: 0.808 max: 39.627285598936176
Ep: 327 | Ep_r: 28.38 | t_so_far: {9702} | epsilon: 0.809 max: 39.627285598936176
Ep: 328 | Ep_r: 28.63 | t_so_far: {9738} | epsilon: 0.81 max: 39.627285598936176
Ep: 329 | Ep_r: 27.98 | t_so_far: {9767} | epsilon: 0.811 max: 39.627285598936176
Ep: 330 | Ep_r: 27.78 | t_so_far: {9796} | epsilon: 0.811 max: 39.627285598936176
Ep: 331 | Ep_r: 24.34 | t_so_far: {9809} | epsilon: 0.812 max: 39.627285598936176
Ep: 332 | Ep_r: 26.58 | t_so_far: {9850} | epsilon: 0.813 max: 39.627285598936176
Ep: 333 | Ep_r: 22.57 | t_so_far: {9858} | epsilon: 0.813 max: 39.627285598936176
Ep: 334 | Ep_r: 21.05 | t_so_far: {9877} | epsilon: 0.814 max: 39.627285598936176
Ep: 335 | Ep_r: 17.46 | t_so_far: {9881} | epsilon: 0.814 max: 39.627285598936176
Ep: 336 | Ep_r: 17.2 | t_so_far: {9901} | epsilon: 0.815 max: 39.627285598936176
Ep: 337 | Ep_r: 22.17 | t_so_far: {9951} | epsilon: 0.816 max: 39.627285598936176
Ep: 338 | Ep_r: 21.76 | t_so_far: {9973} | epsilon: 0.817 max: 39.627285598936176
Ep: 339 | Ep_r: 26.29 | t_so_far: {10023} | epsilon: 0.818 max: 39.627285598936176
Ep: 340 | Ep_r: 28.91 | t_so_far: {10067} | epsilon: 0.819 max: 39.627285598936176
Ep: 341 | Ep_r: 27.67 | t_so_far: {10094} | epsilon: 0.82 max: 39.627285598936176
Ep: 342 | Ep_r: 31.05 | t_so_far: {10144} | epsilon: 0.822 max: 39.627285598936176
Ep: 343 | Ep_r: 33.52 | t_so_far: {10194} | epsilon: 0.823 max: 39.627285598936176
Ep: 344 | Ep_r: 28.23 | t_so_far: {10202} | epsilon: 0.823 max: 39.627285598936176
Ep: 345 | Ep_r: 25.19 | t_so_far: {10218} | epsilon: 0.824 max: 39.627285598936176
Ep: 346 | Ep_r: 29.04 | t_so_far: {10268} | epsilon: 0.825 max: 39.627285598936176
Ep: 347 | Ep_r: 32.14 | t_so_far: {10317} | epsilon: 0.826 max: 39.627285598936176
Ep: 348 | Ep_r: 34.87 | t_so_far: {10367} | epsilon: 0.828 max: 39.627285598936176
Ep: 349 | Ep_r: 28.49 | t_so_far: {10371} | epsilon: 0.828 max: 39.627285598936176
Ep: 350 | Ep_r: 28.6 | t_so_far: {10403} | epsilon: 0.829 max: 39.627285598936176
Ep: 351 | Ep_r: 31.15 | t_so_far: {10453} | epsilon: 0.83 max: 39.627285598936176
Ep: 352 | Ep_r: 33.28 | t_so_far: {10503} | epsilon: 0.832 max: 39.627285598936176
Ep: 353 | Ep_r: 34.25 | t_so_far: {10546} | epsilon: 0.833 max: 39.627285598936176
Ep: 354 | Ep_r: 36.13 | t_so_far: {10596} | epsilon: 0.834 max: 39.627285598936176
Ep: 355 | Ep_r: 32.53 | t_so_far: {10618} | epsilon: 0.835 max: 39.627285598936176
Ep: 356 | Ep_r: 28.21 | t_so_far: {10630} | epsilon: 0.835 max: 39.627285598936176
Ep: 357 | Ep_r: 30.18 | t_so_far: {10680} | epsilon: 0.836 max: 39.627285598936176
Ep: 358 | Ep_r: 26.69 | t_so_far: {10694} | epsilon: 0.837 max: 39.627285598936176
Ep: 359 | Ep_r: 24.54 | t_so_far: {10712} | epsilon: 0.837 max: 39.627285598936176
Ep: 360 | Ep_r: 28.11 | t_so_far: {10762} | epsilon: 0.838 max: 39.627285598936176
Ep: 361 | Ep_r: 23.13 | t_so_far: {10766} | epsilon: 0.838 max: 39.627285598936176
Ep: 362 | Ep_r: 27.45 | t_so_far: {10816} | epsilon: 0.84 max: 39.627285598936176
Ep: 363 | Ep_r: 30.76 | t_so_far: {10866} | epsilon: 0.841 max: 39.627285598936176
Ep: 364 | Ep_r: 32.69 | t_so_far: {10916} | epsilon: 0.842 max: 39.627285598936176
Ep: 365 | Ep_r: 34.27 | t_so_far: {10966} | epsilon: 0.843 max: 39.627285598936176
Ep: 366 | Ep_r: 36.21 | t_so_far: {11016} | epsilon: 0.845 max: 39.627285598936176
Ep: 367 | Ep_r: 31.28 | t_so_far: {11031} | epsilon: 0.845 max: 39.627285598936176
Ep: 368 | Ep_r: 33.28 | t_so_far: {11078} | epsilon: 0.846 max: 39.627285598936176
Ep: 369 | Ep_r: 31.71 | t_so_far: {11106} | epsilon: 0.847 max: 39.627285598936176
Ep: 370 | Ep_r: 26.52 | t_so_far: {11113} | epsilon: 0.847 max: 39.627285598936176
Ep: 371 | Ep_r: 25.62 | t_so_far: {11139} | epsilon: 0.848 max: 39.627285598936176
Ep: 372 | Ep_r: 28.92 | t_so_far: {11189} | epsilon: 0.849 max: 39.627285598936176
Ep: 373 | Ep_r: 26.98 | t_so_far: {11212} | epsilon: 0.849 max: 39.627285598936176
Ep: 374 | Ep_r: 29.48 | t_so_far: {11262} | epsilon: 0.851 max: 39.627285598936176
Ep: 375 | Ep_r: 31.83 | t_so_far: {11312} | epsilon: 0.852 max: 39.627285598936176
Ep: 376 | Ep_r: 33.73 | t_so_far: {11362} | epsilon: 0.853 max: 39.627285598936176
Ep: 377 | Ep_r: 33.6 | t_so_far: {11398} | epsilon: 0.854 max: 39.627285598936176
Ep: 378 | Ep_r: 35.14 | t_so_far: {11444} | epsilon: 0.855 max: 39.627285598936176
Ep: 379 | Ep_r: 33.57 | t_so_far: {11478} | epsilon: 0.856 max: 39.627285598936176
Ep: 380 | Ep_r: 28.63 | t_so_far: {11488} | epsilon: 0.856 max: 39.627285598936176
Ep: 381 | Ep_r: 31.83 | t_so_far: {11538} | epsilon: 0.857 max: 39.627285598936176
Ep: 382 | Ep_r: 33.91 | t_so_far: {11588} | epsilon: 0.858 max: 39.627285598936176
Ep: 383 | Ep_r: 35.25 | t_so_far: {11638} | epsilon: 0.859 max: 39.627285598936176
Ep: 384 | Ep_r: 36.73 | t_so_far: {11688} | epsilon: 0.86 max: 39.627285598936176
Ep: 385 | Ep_r: 37.9 | t_so_far: {11738} | epsilon: 0.862 max: 39.627285598936176
Ep: 386 | Ep_r: 37.17 | t_so_far: {11779} | epsilon: 0.862 max: 39.627285598936176
Ep: 387 | Ep_r: 34.31 | t_so_far: {11805} | epsilon: 0.863 max: 39.627285598936176
Ep: 388 | Ep_r: 36.47 | t_so_far: {11855} | epsilon: 0.864 max: 39.627285598936176
Ep: 389 | Ep_r: 29.62 | t_so_far: {11858} | epsilon: 0.864 max: 39.627285598936176
Ep: 390 | Ep_r: 29.68 | t_so_far: {11894} | epsilon: 0.865 max: 39.627285598936176
Ep: 391 | Ep_r: 29.76 | t_so_far: {11930} | epsilon: 0.866 max: 39.627285598936176
Ep: 392 | Ep_r: 29.63 | t_so_far: {11964} | epsilon: 0.866 max: 39.627285598936176
Ep: 393 | Ep_r: 32.49 | t_so_far: {12014} | epsilon: 0.867 max: 39.627285598936176
Ep: 394 | Ep_r: 34.3 | t_so_far: {12064} | epsilon: 0.869 max: 39.627285598936176
Ep: 395 | Ep_r: 35.95 | t_so_far: {12114} | epsilon: 0.87 max: 39.627285598936176
Ep: 396 | Ep_r: 33.21 | t_so_far: {12140} | epsilon: 0.87 max: 39.627285598936176
Ep: 397 | Ep_r: 34.54 | t_so_far: {12190} | epsilon: 0.871 max: 39.627285598936176
Ep: 398 | Ep_r: 31.96 | t_so_far: {12217} | epsilon: 0.872 max: 39.627285598936176
Ep: 399 | Ep_r: 34.52 | t_so_far: {12267} | epsilon: 0.873 max: 39.627285598936176
Ep: 400 | Ep_r: 33.18 | t_so_far: {12301} | epsilon: 0.873 max: 39.627285598936176
Ep: 401 | Ep_r: 35.09 | t_so_far: {12351} | epsilon: 0.874 max: 39.627285598936176
Ep: 402 | Ep_r: 36.21 | t_so_far: {12401} | epsilon: 0.875 max: 39.627285598936176
Ep: 403 | Ep_r: 33.06 | t_so_far: {12426} | epsilon: 0.876 max: 39.627285598936176
Ep: 404 | Ep_r: 35.46 | t_so_far: {12476} | epsilon: 0.877 max: 39.627285598936176
Ep: 405 | Ep_r: 36.74 | t_so_far: {12526} | epsilon: 0.878 max: 39.627285598936176
Ep: 406 | Ep_r: 37.78 | t_so_far: {12576} | epsilon: 0.879 max: 39.627285598936176
Ep: 407 | Ep_r: 39.08 | t_so_far: {12626} | epsilon: 0.88 max: 39.627285598936176
Ep: 408 | Ep_r: 39.38 | t_so_far: {12676} | epsilon: 0.881 max: 39.627285598936176
Ep: 409 | Ep_r: 36.83 | t_so_far: {12706} | epsilon: 0.881 max: 39.627285598936176
Ep: 410 | Ep_r: 36.21 | t_so_far: {12742} | epsilon: 0.882 max: 39.627285598936176
Ep: 411 | Ep_r: 36.93 | t_so_far: {12792} | epsilon: 0.883 max: 39.627285598936176
Ep: 412 | Ep_r: 38.6 | t_so_far: {12842} | epsilon: 0.884 max: 39.627285598936176
Ep: 413 | Ep_r: 39.34 | t_so_far: {12892} | epsilon: 0.885 max: 39.627285598936176
Ep: 414 | Ep_r: 39.94 | t_so_far: {12942} | epsilon: 0.886 max: 39.939237273342094
Ep: 415 | Ep_r: 40.67 | t_so_far: {12992} | epsilon: 0.887 max: 40.671389818673674
Ep: 416 | Ep_r: 42.0 | t_so_far: {13042} | epsilon: 0.887 max: 41.99711185493894
Ep: 417 | Ep_r: 43.22 | t_so_far: {13092} | epsilon: 0.888 max: 43.217689483951155
Ep: 418 | Ep_r: 42.86 | t_so_far: {13142} | epsilon: 0.889 max: 43.217689483951155
Ep: 419 | Ep_r: 43.13 | t_so_far: {13192} | epsilon: 0.89 max: 43.217689483951155
Ep: 420 | Ep_r: 43.38 | t_so_far: {13242} | epsilon: 0.891 max: 43.38292368244967
Ep: 421 | Ep_r: 43.24 | t_so_far: {13292} | epsilon: 0.892 max: 43.38292368244967
Ep: 422 | Ep_r: 43.1 | t_so_far: {13342} | epsilon: 0.893 max: 43.38292368244967
Ep: 423 | Ep_r: 42.95 | t_so_far: {13392} | epsilon: 0.893 max: 43.38292368244967
Ep: 424 | Ep_r: 37.28 | t_so_far: {13409} | epsilon: 0.894 max: 43.38292368244967
Ep: 425 | Ep_r: 38.5 | t_so_far: {13459} | epsilon: 0.895 max: 43.38292368244967
Ep: 426 | Ep_r: 39.54 | t_so_far: {13509} | epsilon: 0.895 max: 43.38292368244967
Ep: 427 | Ep_r: 40.64 | t_so_far: {13559} | epsilon: 0.896 max: 43.38292368244967
Ep: 428 | Ep_r: 41.2 | t_so_far: {13608} | epsilon: 0.897 max: 43.38292368244967
Ep: 429 | Ep_r: 42.05 | t_so_far: {13658} | epsilon: 0.898 max: 43.38292368244967
Ep: 430 | Ep_r: 42.32 | t_so_far: {13708} | epsilon: 0.899 max: 43.38292368244967
Ep: 431 | Ep_r: 42.18 | t_so_far: {13758} | epsilon: 0.899 max: 43.38292368244967
Ep: 432 | Ep_r: 39.6 | t_so_far: {13790} | epsilon: 0.9 max: 43.38292368244967
Ep: 433 | Ep_r: 38.2 | t_so_far: {13831} | epsilon: 0.901 max: 43.38292368244967
Ep: 434 | Ep_r: 38.44 | t_so_far: {13881} | epsilon: 0.901 max: 43.38292368244967
Ep: 435 | Ep_r: 39.2 | t_so_far: {13931} | epsilon: 0.902 max: 43.38292368244967
Ep: 436 | Ep_r: 40.31 | t_so_far: {13981} | epsilon: 0.903 max: 43.38292368244967
Ep: 437 | Ep_r: 41.04 | t_so_far: {14031} | epsilon: 0.904 max: 43.38292368244967
Ep: 438 | Ep_r: 41.58 | t_so_far: {14081} | epsilon: 0.905 max: 43.38292368244967
Ep: 439 | Ep_r: 37.64 | t_so_far: {14107} | epsilon: 0.905 max: 43.38292368244967
Ep: 440 | Ep_r: 38.24 | t_so_far: {14154} | epsilon: 0.906 max: 43.38292368244967
Ep: 441 | Ep_r: 38.04 | t_so_far: {14204} | epsilon: 0.906 max: 43.38292368244967
Ep: 442 | Ep_r: 38.15 | t_so_far: {14254} | epsilon: 0.907 max: 43.38292368244967
Ep: 443 | Ep_r: 38.46 | t_so_far: {14304} | epsilon: 0.908 max: 43.38292368244967
Ep: 444 | Ep_r: 39.66 | t_so_far: {14354} | epsilon: 0.909 max: 43.38292368244967
Ep: 445 | Ep_r: 39.37 | t_so_far: {14404} | epsilon: 0.909 max: 43.38292368244967
Ep: 446 | Ep_r: 39.81 | t_so_far: {14454} | epsilon: 0.91 max: 43.38292368244967
Ep: 447 | Ep_r: 40.28 | t_so_far: {14504} | epsilon: 0.911 max: 43.38292368244967
Ep: 448 | Ep_r: 40.75 | t_so_far: {14554} | epsilon: 0.911 max: 43.38292368244967
Ep: 449 | Ep_r: 36.74 | t_so_far: {14577} | epsilon: 0.912 max: 43.38292368244967
Ep: 450 | Ep_r: 36.82 | t_so_far: {14619} | epsilon: 0.912 max: 43.38292368244967
Ep: 451 | Ep_r: 38.11 | t_so_far: {14669} | epsilon: 0.913 max: 43.38292368244967
Ep: 452 | Ep_r: 36.84 | t_so_far: {14708} | epsilon: 0.914 max: 43.38292368244967
Ep: 453 | Ep_r: 30.26 | t_so_far: {14713} | epsilon: 0.914 max: 43.38292368244967
Ep: 454 | Ep_r: 32.81 | t_so_far: {14763} | epsilon: 0.914 max: 43.38292368244967
Ep: 455 | Ep_r: 35.1 | t_so_far: {14813} | epsilon: 0.915 max: 43.38292368244967
Ep: 456 | Ep_r: 35.15 | t_so_far: {14852} | epsilon: 0.915 max: 43.38292368244967
Ep: 457 | Ep_r: 36.72 | t_so_far: {14902} | epsilon: 0.916 max: 43.38292368244967
Ep: 458 | Ep_r: 38.11 | t_so_far: {14952} | epsilon: 0.917 max: 43.38292368244967
Ep: 459 | Ep_r: 39.22 | t_so_far: {15001} | epsilon: 0.917 max: 43.38292368244967
Ep: 460 | Ep_r: 40.6 | t_so_far: {15051} | epsilon: 0.918 max: 43.38292368244967
Ep: 461 | Ep_r: 40.85 | t_so_far: {15101} | epsilon: 0.919 max: 43.38292368244967
Ep: 462 | Ep_r: 42.02 | t_so_far: {15151} | epsilon: 0.919 max: 43.38292368244967
Ep: 463 | Ep_r: 37.67 | t_so_far: {15175} | epsilon: 0.92 max: 43.38292368244967
Ep: 464 | Ep_r: 31.85 | t_so_far: {15185} | epsilon: 0.92 max: 43.38292368244967
Ep: 465 | Ep_r: 34.38 | t_so_far: {15235} | epsilon: 0.92 max: 43.38292368244967
Ep: 466 | Ep_r: 36.16 | t_so_far: {15285} | epsilon: 0.921 max: 43.38292368244967
Ep: 467 | Ep_r: 38.17 | t_so_far: {15335} | epsilon: 0.922 max: 43.38292368244967
Ep: 468 | Ep_r: 33.61 | t_so_far: {15353} | epsilon: 0.922 max: 43.38292368244967
Ep: 469 | Ep_r: 36.1 | t_so_far: {15403} | epsilon: 0.923 max: 43.38292368244967
Ep: 470 | Ep_r: 37.78 | t_so_far: {15453} | epsilon: 0.923 max: 43.38292368244967
Ep: 471 | Ep_r: 34.94 | t_so_far: {15481} | epsilon: 0.923 max: 43.38292368244967
Ep: 472 | Ep_r: 28.21 | t_so_far: {15483} | epsilon: 0.923 max: 43.38292368244967
Ep: 473 | Ep_r: 30.98 | t_so_far: {15533} | epsilon: 0.924 max: 43.38292368244967
Ep: 474 | Ep_r: 33.11 | t_so_far: {15583} | epsilon: 0.925 max: 43.38292368244967
Ep: 475 | Ep_r: 35.19 | t_so_far: {15633} | epsilon: 0.925 max: 43.38292368244967
Ep: 476 | Ep_r: 37.15 | t_so_far: {15683} | epsilon: 0.926 max: 43.38292368244967
Ep: 477 | Ep_r: 35.75 | t_so_far: {15722} | epsilon: 0.926 max: 43.38292368244967
Ep: 478 | Ep_r: 36.73 | t_so_far: {15772} | epsilon: 0.927 max: 43.38292368244967
Ep: 479 | Ep_r: 32.51 | t_so_far: {15791} | epsilon: 0.927 max: 43.38292368244967
Ep: 480 | Ep_r: 34.54 | t_so_far: {15841} | epsilon: 0.928 max: 43.38292368244967
Ep: 481 | Ep_r: 28.4 | t_so_far: {15846} | epsilon: 0.928 max: 43.38292368244967
Ep: 482 | Ep_r: 31.86 | t_so_far: {15896} | epsilon: 0.928 max: 43.38292368244967
Ep: 483 | Ep_r: 34.68 | t_so_far: {15946} | epsilon: 0.929 max: 43.38292368244967
Ep: 484 | Ep_r: 31.23 | t_so_far: {15966} | epsilon: 0.929 max: 43.38292368244967
Ep: 485 | Ep_r: 33.89 | t_so_far: {16016} | epsilon: 0.93 max: 43.38292368244967
Ep: 486 | Ep_r: 35.53 | t_so_far: {16066} | epsilon: 0.93 max: 43.38292368244967
Ep: 487 | Ep_r: 37.76 | t_so_far: {16116} | epsilon: 0.931 max: 43.38292368244967
Ep: 488 | Ep_r: 38.65 | t_so_far: {16166} | epsilon: 0.931 max: 43.38292368244967
Ep: 489 | Ep_r: 40.01 | t_so_far: {16216} | epsilon: 0.932 max: 43.38292368244967
Ep: 490 | Ep_r: 37.46 | t_so_far: {16247} | epsilon: 0.932 max: 43.38292368244967
Ep: 491 | Ep_r: 36.21 | t_so_far: {16285} | epsilon: 0.933 max: 43.38292368244967
Ep: 492 | Ep_r: 38.18 | t_so_far: {16335} | epsilon: 0.933 max: 43.38292368244967
Ep: 493 | Ep_r: 39.31 | t_so_far: {16385} | epsilon: 0.934 max: 43.38292368244967
Ep: 494 | Ep_r: 39.92 | t_so_far: {16435} | epsilon: 0.934 max: 43.38292368244967
Ep: 495 | Ep_r: 41.17 | t_so_far: {16485} | epsilon: 0.935 max: 43.38292368244967
Ep: 496 | Ep_r: 37.26 | t_so_far: {16510} | epsilon: 0.935 max: 43.38292368244967
Ep: 497 | Ep_r: 38.62 | t_so_far: {16560} | epsilon: 0.935 max: 43.38292368244967
Ep: 498 | Ep_r: 40.01 | t_so_far: {16610} | epsilon: 0.936 max: 43.38292368244967
Ep: 499 | Ep_r: 39.25 | t_so_far: {16652} | epsilon: 0.936 max: 43.38292368244967
Ep: 500 | Ep_r: 39.64 | t_so_far: {16701} | epsilon: 0.937 max: 43.38292368244967
Ep: 501 | Ep_r: 37.74 | t_so_far: {16736} | epsilon: 0.937 max: 43.38292368244967
Ep: 502 | Ep_r: 38.35 | t_so_far: {16786} | epsilon: 0.938 max: 43.38292368244967
Ep: 503 | Ep_r: 38.71 | t_so_far: {16836} | epsilon: 0.938 max: 43.38292368244967
Ep: 504 | Ep_r: 39.1 | t_so_far: {16886} | epsilon: 0.939 max: 43.38292368244967
Ep: 505 | Ep_r: 39.53 | t_so_far: {16936} | epsilon: 0.939 max: 43.38292368244967
Ep: 506 | Ep_r: 40.54 | t_so_far: {16986} | epsilon: 0.94 max: 43.38292368244967
Ep: 507 | Ep_r: 38.51 | t_so_far: {17022} | epsilon: 0.94 max: 43.38292368244967
Ep: 508 | Ep_r: 40.21 | t_so_far: {17072} | epsilon: 0.94 max: 43.38292368244967
Ep: 509 | Ep_r: 41.2 | t_so_far: {17122} | epsilon: 0.941 max: 43.38292368244967
Ep: 510 | Ep_r: 41.62 | t_so_far: {17172} | epsilon: 0.941 max: 43.38292368244967
Ep: 511 | Ep_r: 42.33 | t_so_far: {17222} | epsilon: 0.942 max: 43.38292368244967
Ep: 512 | Ep_r: 41.23 | t_so_far: {17263} | epsilon: 0.942 max: 43.38292368244967
Ep: 513 | Ep_r: 41.96 | t_so_far: {17313} | epsilon: 0.943 max: 43.38292368244967
Ep: 514 | Ep_r: 42.47 | t_so_far: {17363} | epsilon: 0.943 max: 43.38292368244967
Ep: 515 | Ep_r: 42.67 | t_so_far: {17413} | epsilon: 0.944 max: 43.38292368244967
Ep: 516 | Ep_r: 42.95 | t_so_far: {17463} | epsilon: 0.944 max: 43.38292368244967
Ep: 517 | Ep_r: 43.02 | t_so_far: {17513} | epsilon: 0.944 max: 43.38292368244967
Ep: 518 | Ep_r: 43.02 | t_so_far: {17563} | epsilon: 0.945 max: 43.38292368244967
Ep: 519 | Ep_r: 42.45 | t_so_far: {17612} | epsilon: 0.945 max: 43.38292368244967
Ep: 520 | Ep_r: 42.92 | t_so_far: {17662} | epsilon: 0.946 max: 43.38292368244967
Ep: 521 | Ep_r: 43.05 | t_so_far: {17712} | epsilon: 0.946 max: 43.38292368244967
Ep: 522 | Ep_r: 43.42 | t_so_far: {17762} | epsilon: 0.947 max: 43.41693169228504
Ep: 523 | Ep_r: 43.94 | t_so_far: {17812} | epsilon: 0.947 max: 43.9402120204947
Ep: 524 | Ep_r: 43.87 | t_so_far: {17862} | epsilon: 0.947 max: 43.9402120204947
Ep: 525 | Ep_r: 38.31 | t_so_far: {17881} | epsilon: 0.948 max: 43.9402120204947
Ep: 526 | Ep_r: 38.93 | t_so_far: {17931} | epsilon: 0.948 max: 43.9402120204947
Ep: 527 | Ep_r: 36.26 | t_so_far: {17959} | epsilon: 0.948 max: 43.9402120204947
Ep: 528 | Ep_r: 37.7 | t_so_far: {18009} | epsilon: 0.949 max: 43.9402120204947
Ep: 529 | Ep_r: 38.64 | t_so_far: {18059} | epsilon: 0.949 max: 43.9402120204947
Ep: 530 | Ep_r: 40.18 | t_so_far: {18109} | epsilon: 0.949 max: 43.9402120204947
Ep: 531 | Ep_r: 41.46 | t_so_far: {18159} | epsilon: 0.95 max: 43.9402120204947
Ep: 532 | Ep_r: 41.9 | t_so_far: {18209} | epsilon: 0.95 max: 43.9402120204947
Ep: 533 | Ep_r: 42.2 | t_so_far: {18259} | epsilon: 0.951 max: 43.9402120204947
Ep: 534 | Ep_r: 42.37 | t_so_far: {18309} | epsilon: 0.951 max: 43.9402120204947
Ep: 535 | Ep_r: 39.81 | t_so_far: {18341} | epsilon: 0.951 max: 43.9402120204947
Ep: 536 | Ep_r: 40.43 | t_so_far: {18391} | epsilon: 0.952 max: 43.9402120204947
Ep: 537 | Ep_r: 39.63 | t_so_far: {18433} | epsilon: 0.952 max: 43.9402120204947
Ep: 538 | Ep_r: 40.02 | t_so_far: {18481} | epsilon: 0.952 max: 43.9402120204947
Ep: 539 | Ep_r: 40.07 | t_so_far: {18526} | epsilon: 0.953 max: 43.9402120204947
Ep: 540 | Ep_r: 40.5 | t_so_far: {18576} | epsilon: 0.953 max: 43.9402120204947
Ep: 541 | Ep_r: 41.31 | t_so_far: {18626} | epsilon: 0.953 max: 43.9402120204947
Ep: 542 | Ep_r: 41.71 | t_so_far: {18676} | epsilon: 0.954 max: 43.9402120204947
Ep: 543 | Ep_r: 41.78 | t_so_far: {18726} | epsilon: 0.954 max: 43.9402120204947
Ep: 544 | Ep_r: 42.0 | t_so_far: {18776} | epsilon: 0.954 max: 43.9402120204947
Ep: 545 | Ep_r: 35.06 | t_so_far: {18784} | epsilon: 0.954 max: 43.9402120204947
Ep: 546 | Ep_r: 32.23 | t_so_far: {18809} | epsilon: 0.955 max: 43.9402120204947
Ep: 547 | Ep_r: 34.14 | t_so_far: {18859} | epsilon: 0.955 max: 43.9402120204947
Ep: 548 | Ep_r: 33.02 | t_so_far: {18892} | epsilon: 0.955 max: 43.9402120204947
Ep: 549 | Ep_r: 34.75 | t_so_far: {18942} | epsilon: 0.956 max: 43.9402120204947
Ep: 550 | Ep_r: 33.51 | t_so_far: {18975} | epsilon: 0.956 max: 43.9402120204947
Ep: 551 | Ep_r: 35.6 | t_so_far: {19025} | epsilon: 0.956 max: 43.9402120204947
Ep: 552 | Ep_r: 33.61 | t_so_far: {19056} | epsilon: 0.956 max: 43.9402120204947
Ep: 553 | Ep_r: 35.1 | t_so_far: {19106} | epsilon: 0.957 max: 43.9402120204947
Ep: 554 | Ep_r: 36.62 | t_so_far: {19156} | epsilon: 0.957 max: 43.9402120204947
Ep: 555 | Ep_r: 33.38 | t_so_far: {19181} | epsilon: 0.957 max: 43.9402120204947
Ep: 556 | Ep_r: 34.38 | t_so_far: {19225} | epsilon: 0.958 max: 43.9402120204947
Ep: 557 | Ep_r: 28.5 | t_so_far: {19232} | epsilon: 0.958 max: 43.9402120204947
Ep: 558 | Ep_r: 31.53 | t_so_far: {19282} | epsilon: 0.958 max: 43.9402120204947
Ep: 559 | Ep_r: 34.13 | t_so_far: {19332} | epsilon: 0.958 max: 43.9402120204947
Ep: 560 | Ep_r: 35.31 | t_so_far: {19382} | epsilon: 0.959 max: 43.9402120204947
Ep: 561 | Ep_r: 36.9 | t_so_far: {19432} | epsilon: 0.959 max: 43.9402120204947
Ep: 562 | Ep_r: 37.69 | t_so_far: {19482} | epsilon: 0.959 max: 43.9402120204947
Ep: 563 | Ep_r: 38.74 | t_so_far: {19532} | epsilon: 0.959 max: 43.9402120204947
Ep: 564 | Ep_r: 38.48 | t_so_far: {19574} | epsilon: 0.96 max: 43.9402120204947
Ep: 565 | Ep_r: 39.52 | t_so_far: {19624} | epsilon: 0.96 max: 43.9402120204947
Ep: 566 | Ep_r: 40.41 | t_so_far: {19674} | epsilon: 0.96 max: 43.9402120204947
Ep: 567 | Ep_r: 40.91 | t_so_far: {19724} | epsilon: 0.961 max: 43.9402120204947
Ep: 568 | Ep_r: 41.63 | t_so_far: {19774} | epsilon: 0.961 max: 43.9402120204947
Ep: 569 | Ep_r: 41.73 | t_so_far: {19824} | epsilon: 0.961 max: 43.9402120204947
Ep: 570 | Ep_r: 42.08 | t_so_far: {19874} | epsilon: 0.962 max: 43.9402120204947
Ep: 571 | Ep_r: 42.16 | t_so_far: {19924} | epsilon: 0.962 max: 43.9402120204947
Ep: 572 | Ep_r: 42.53 | t_so_far: {19974} | epsilon: 0.962 max: 43.9402120204947
Ep: 573 | Ep_r: 42.46 | t_so_far: {20024} | epsilon: 0.962 max: 43.9402120204947
Ep: 574 | Ep_r: 42.83 | t_so_far: {20074} | epsilon: 0.963 max: 43.9402120204947
Ep: 575 | Ep_r: 42.89 | t_so_far: {20124} | epsilon: 0.963 max: 43.9402120204947
Ep: 576 | Ep_r: 42.95 | t_so_far: {20173} | epsilon: 0.963 max: 43.9402120204947
Ep: 577 | Ep_r: 39.81 | t_so_far: {20206} | epsilon: 0.964 max: 43.9402120204947
Ep: 578 | Ep_r: 39.85 | t_so_far: {20256} | epsilon: 0.964 max: 43.9402120204947
Ep: 579 | Ep_r: 40.41 | t_so_far: {20306} | epsilon: 0.964 max: 43.9402120204947
Ep: 580 | Ep_r: 41.22 | t_so_far: {20356} | epsilon: 0.964 max: 43.9402120204947
Ep: 581 | Ep_r: 33.84 | t_so_far: {20361} | epsilon: 0.964 max: 43.9402120204947
Ep: 582 | Ep_r: 32.19 | t_so_far: {20390} | epsilon: 0.965 max: 43.9402120204947
Ep: 583 | Ep_r: 34.24 | t_so_far: {20440} | epsilon: 0.965 max: 43.9402120204947
Ep: 584 | Ep_r: 35.31 | t_so_far: {20490} | epsilon: 0.965 max: 43.9402120204947
Ep: 585 | Ep_r: 36.74 | t_so_far: {20540} | epsilon: 0.965 max: 43.9402120204947
Ep: 586 | Ep_r: 38.36 | t_so_far: {20590} | epsilon: 0.966 max: 43.9402120204947
Ep: 587 | Ep_r: 39.77 | t_so_far: {20640} | epsilon: 0.966 max: 43.9402120204947
Ep: 588 | Ep_r: 40.73 | t_so_far: {20690} | epsilon: 0.966 max: 43.9402120204947
Ep: 589 | Ep_r: 41.37 | t_so_far: {20740} | epsilon: 0.966 max: 43.9402120204947
Ep: 590 | Ep_r: 41.55 | t_so_far: {20788} | epsilon: 0.967 max: 43.9402120204947
Ep: 591 | Ep_r: 41.94 | t_so_far: {20837} | epsilon: 0.967 max: 43.9402120204947
Ep: 592 | Ep_r: 42.94 | t_so_far: {20887} | epsilon: 0.967 max: 43.9402120204947
Ep: 593 | Ep_r: 36.21 | t_so_far: {20899} | epsilon: 0.967 max: 43.9402120204947
Ep: 594 | Ep_r: 38.35 | t_so_far: {20949} | epsilon: 0.968 max: 43.9402120204947
Ep: 595 | Ep_r: 39.4 | t_so_far: {20999} | epsilon: 0.968 max: 43.9402120204947
Ep: 596 | Ep_r: 40.19 | t_so_far: {21049} | epsilon: 0.968 max: 43.9402120204947
Ep: 597 | Ep_r: 40.82 | t_so_far: {21099} | epsilon: 0.968 max: 43.9402120204947
Ep: 598 | Ep_r: 33.66 | t_so_far: {21105} | epsilon: 0.968 max: 43.9402120204947
Ep: 599 | Ep_r: 35.32 | t_so_far: {21155} | epsilon: 0.969 max: 43.9402120204947
Ep: 600 | Ep_r: 36.87 | t_so_far: {21205} | epsilon: 0.969 max: 43.9402120204947
Ep: 601 | Ep_r: 38.35 | t_so_far: {21255} | epsilon: 0.969 max: 43.9402120204947
Ep: 602 | Ep_r: 40.03 | t_so_far: {21305} | epsilon: 0.969 max: 43.9402120204947
Ep: 603 | Ep_r: 41.36 | t_so_far: {21355} | epsilon: 0.969 max: 43.9402120204947
Ep: 604 | Ep_r: 42.36 | t_so_far: {21405} | epsilon: 0.97 max: 43.9402120204947
Ep: 605 | Ep_r: 42.91 | t_so_far: {21455} | epsilon: 0.97 max: 43.9402120204947
Ep: 606 | Ep_r: 43.6 | t_so_far: {21505} | epsilon: 0.97 max: 43.9402120204947
Ep: 607 | Ep_r: 43.29 | t_so_far: {21555} | epsilon: 0.97 max: 43.9402120204947
Ep: 608 | Ep_r: 43.23 | t_so_far: {21605} | epsilon: 0.971 max: 43.9402120204947
Ep: 609 | Ep_r: 43.54 | t_so_far: {21655} | epsilon: 0.971 max: 43.9402120204947
Ep: 610 | Ep_r: 43.14 | t_so_far: {21705} | epsilon: 0.971 max: 43.9402120204947
Ep: 611 | Ep_r: 43.44 | t_so_far: {21755} | epsilon: 0.971 max: 43.9402120204947
Ep: 612 | Ep_r: 43.72 | t_so_far: {21805} | epsilon: 0.972 max: 43.9402120204947
Ep: 613 | Ep_r: 44.13 | t_so_far: {21855} | epsilon: 0.972 max: 44.13072760938726
Ep: 614 | Ep_r: 44.76 | t_so_far: {21905} | epsilon: 0.972 max: 44.76458208750981
Ep: 615 | Ep_r: 44.58 | t_so_far: {21955} | epsilon: 0.972 max: 44.76458208750981
Ep: 616 | Ep_r: 44.17 | t_so_far: {22005} | epsilon: 0.972 max: 44.76458208750981
Ep: 617 | Ep_r: 44.26 | t_so_far: {22055} | epsilon: 0.973 max: 44.76458208750981
Ep: 618 | Ep_r: 44.86 | t_so_far: {22105} | epsilon: 0.973 max: 44.86303948971069
Ep: 619 | Ep_r: 44.57 | t_so_far: {22155} | epsilon: 0.973 max: 44.86303948971069
Ep: 620 | Ep_r: 44.84 | t_so_far: {22205} | epsilon: 0.973 max: 44.86303948971069
Ep: 621 | Ep_r: 38.49 | t_so_far: {22220} | epsilon: 0.973 max: 44.86303948971069
Ep: 622 | Ep_r: 39.97 | t_so_far: {22270} | epsilon: 0.974 max: 44.86303948971069
Ep: 623 | Ep_r: 40.41 | t_so_far: {22320} | epsilon: 0.974 max: 44.86303948971069
Ep: 624 | Ep_r: 41.66 | t_so_far: {22370} | epsilon: 0.974 max: 44.86303948971069
Ep: 625 | Ep_r: 41.47 | t_so_far: {22420} | epsilon: 0.974 max: 44.86303948971069
Ep: 626 | Ep_r: 42.25 | t_so_far: {22470} | epsilon: 0.974 max: 44.86303948971069
Ep: 627 | Ep_r: 39.99 | t_so_far: {22503} | epsilon: 0.974 max: 44.86303948971069
Ep: 628 | Ep_r: 40.85 | t_so_far: {22553} | epsilon: 0.975 max: 44.86303948971069
Ep: 629 | Ep_r: 36.15 | t_so_far: {22573} | epsilon: 0.975 max: 44.86303948971069
Ep: 630 | Ep_r: 37.3 | t_so_far: {22623} | epsilon: 0.975 max: 44.86303948971069
Ep: 631 | Ep_r: 36.19 | t_so_far: {22661} | epsilon: 0.975 max: 44.86303948971069
Ep: 632 | Ep_r: 37.65 | t_so_far: {22711} | epsilon: 0.975 max: 44.86303948971069
Ep: 633 | Ep_r: 33.9 | t_so_far: {22732} | epsilon: 0.975 max: 44.86303948971069
Ep: 634 | Ep_r: 36.08 | t_so_far: {22782} | epsilon: 0.976 max: 44.86303948971069
Ep: 635 | Ep_r: 37.57 | t_so_far: {22832} | epsilon: 0.976 max: 44.86303948971069
Ep: 636 | Ep_r: 38.95 | t_so_far: {22882} | epsilon: 0.976 max: 44.86303948971069
Ep: 637 | Ep_r: 40.38 | t_so_far: {22932} | epsilon: 0.976 max: 44.86303948971069
Ep: 638 | Ep_r: 40.8 | t_so_far: {22982} | epsilon: 0.976 max: 44.86303948971069
Ep: 639 | Ep_r: 41.33 | t_so_far: {23032} | epsilon: 0.976 max: 44.86303948971069
Ep: 640 | Ep_r: 41.84 | t_so_far: {23082} | epsilon: 0.977 max: 44.86303948971069
Ep: 641 | Ep_r: 42.21 | t_so_far: {23132} | epsilon: 0.977 max: 44.86303948971069
Ep: 642 | Ep_r: 36.02 | t_so_far: {23145} | epsilon: 0.977 max: 44.86303948971069
Ep: 643 | Ep_r: 37.67 | t_so_far: {23195} | epsilon: 0.977 max: 44.86303948971069
Ep: 644 | Ep_r: 37.95 | t_so_far: {23245} | epsilon: 0.977 max: 44.86303948971069
Ep: 645 | Ep_r: 39.36 | t_so_far: {23295} | epsilon: 0.977 max: 44.86303948971069
Ep: 646 | Ep_r: 40.02 | t_so_far: {23345} | epsilon: 0.978 max: 44.86303948971069
Ep: 647 | Ep_r: 40.35 | t_so_far: {23395} | epsilon: 0.978 max: 44.86303948971069
Ep: 648 | Ep_r: 41.53 | t_so_far: {23445} | epsilon: 0.978 max: 44.86303948971069
Ep: 649 | Ep_r: 39.54 | t_so_far: {23482} | epsilon: 0.978 max: 44.86303948971069
Ep: 650 | Ep_r: 39.96 | t_so_far: {23532} | epsilon: 0.978 max: 44.86303948971069
Ep: 651 | Ep_r: 40.42 | t_so_far: {23582} | epsilon: 0.978 max: 44.86303948971069
Ep: 652 | Ep_r: 40.55 | t_so_far: {23632} | epsilon: 0.979 max: 44.86303948971069
Ep: 653 | Ep_r: 40.47 | t_so_far: {23682} | epsilon: 0.979 max: 44.86303948971069
Ep: 654 | Ep_r: 40.77 | t_so_far: {23732} | epsilon: 0.979 max: 44.86303948971069
Ep: 655 | Ep_r: 38.98 | t_so_far: {23767} | epsilon: 0.979 max: 44.86303948971069
Ep: 656 | Ep_r: 39.87 | t_so_far: {23817} | epsilon: 0.979 max: 44.86303948971069
Ep: 657 | Ep_r: 40.79 | t_so_far: {23867} | epsilon: 0.979 max: 44.86303948971069
Ep: 658 | Ep_r: 40.87 | t_so_far: {23914} | epsilon: 0.979 max: 44.86303948971069
Ep: 659 | Ep_r: 40.39 | t_so_far: {23964} | epsilon: 0.98 max: 44.86303948971069
Ep: 660 | Ep_r: 41.25 | t_so_far: {24014} | epsilon: 0.98 max: 44.86303948971069
Ep: 661 | Ep_r: 41.98 | t_so_far: {24064} | epsilon: 0.98 max: 44.86303948971069
Ep: 662 | Ep_r: 42.04 | t_so_far: {24109} | epsilon: 0.98 max: 44.86303948971069
Ep: 663 | Ep_r: 42.57 | t_so_far: {24159} | epsilon: 0.98 max: 44.86303948971069
Ep: 664 | Ep_r: 43.25 | t_so_far: {24209} | epsilon: 0.98 max: 44.86303948971069
Ep: 665 | Ep_r: 43.57 | t_so_far: {24259} | epsilon: 0.98 max: 44.86303948971069
Ep: 666 | Ep_r: 42.6 | t_so_far: {24304} | epsilon: 0.981 max: 44.86303948971069
Ep: 667 | Ep_r: 42.82 | t_so_far: {24354} | epsilon: 0.981 max: 44.86303948971069
Ep: 668 | Ep_r: 42.73 | t_so_far: {24404} | epsilon: 0.981 max: 44.86303948971069
Ep: 669 | Ep_r: 42.51 | t_so_far: {24454} | epsilon: 0.981 max: 44.86303948971069
Ep: 670 | Ep_r: 41.92 | t_so_far: {24504} | epsilon: 0.981 max: 44.86303948971069
Ep: 671 | Ep_r: 42.31 | t_so_far: {24554} | epsilon: 0.981 max: 44.86303948971069
Ep: 672 | Ep_r: 42.1 | t_so_far: {24604} | epsilon: 0.981 max: 44.86303948971069
Ep: 673 | Ep_r: 42.83 | t_so_far: {24654} | epsilon: 0.982 max: 44.86303948971069
Ep: 674 | Ep_r: 42.93 | t_so_far: {24704} | epsilon: 0.982 max: 44.86303948971069
Ep: 675 | Ep_r: 43.51 | t_so_far: {24754} | epsilon: 0.982 max: 44.86303948971069
Ep: 676 | Ep_r: 43.79 | t_so_far: {24804} | epsilon: 0.982 max: 44.86303948971069
Ep: 677 | Ep_r: 44.13 | t_so_far: {24854} | epsilon: 0.982 max: 44.86303948971069
Ep: 678 | Ep_r: 44.07 | t_so_far: {24904} | epsilon: 0.982 max: 44.86303948971069
Ep: 679 | Ep_r: 41.2 | t_so_far: {24938} | epsilon: 0.982 max: 44.86303948971069
Ep: 680 | Ep_r: 40.02 | t_so_far: {24979} | epsilon: 0.982 max: 44.86303948971069
Ep: 681 | Ep_r: 40.62 | t_so_far: {25029} | epsilon: 0.983 max: 44.86303948971069
Ep: 682 | Ep_r: 41.1 | t_so_far: {25079} | epsilon: 0.983 max: 44.86303948971069
Ep: 683 | Ep_r: 41.71 | t_so_far: {25129} | epsilon: 0.983 max: 44.86303948971069
Ep: 684 | Ep_r: 40.9 | t_so_far: {25172} | epsilon: 0.983 max: 44.86303948971069
Ep: 685 | Ep_r: 41.39 | t_so_far: {25222} | epsilon: 0.983 max: 44.86303948971069
Ep: 686 | Ep_r: 42.29 | t_so_far: {25272} | epsilon: 0.983 max: 44.86303948971069
Ep: 687 | Ep_r: 42.89 | t_so_far: {25322} | epsilon: 0.983 max: 44.86303948971069
Ep: 688 | Ep_r: 42.63 | t_so_far: {25372} | epsilon: 0.983 max: 44.86303948971069
Ep: 689 | Ep_r: 42.91 | t_so_far: {25422} | epsilon: 0.984 max: 44.86303948971069
Ep: 690 | Ep_r: 43.22 | t_so_far: {25472} | epsilon: 0.984 max: 44.86303948971069
Ep: 691 | Ep_r: 43.92 | t_so_far: {25522} | epsilon: 0.984 max: 44.86303948971069
Ep: 692 | Ep_r: 43.67 | t_so_far: {25572} | epsilon: 0.984 max: 44.86303948971069
Ep: 693 | Ep_r: 43.36 | t_so_far: {25622} | epsilon: 0.984 max: 44.86303948971069
Ep: 694 | Ep_r: 43.19 | t_so_far: {25672} | epsilon: 0.984 max: 44.86303948971069
Ep: 695 | Ep_r: 43.35 | t_so_far: {25722} | epsilon: 0.984 max: 44.86303948971069
Ep: 696 | Ep_r: 43.5 | t_so_far: {25772} | epsilon: 0.984 max: 44.86303948971069
Ep: 697 | Ep_r: 43.34 | t_so_far: {25822} | epsilon: 0.985 max: 44.86303948971069
Ep: 698 | Ep_r: 43.92 | t_so_far: {25872} | epsilon: 0.985 max: 44.86303948971069
Ep: 699 | Ep_r: 43.51 | t_so_far: {25922} | epsilon: 0.985 max: 44.86303948971069
Ep: 700 | Ep_r: 43.67 | t_so_far: {25972} | epsilon: 0.985 max: 44.86303948971069
Ep: 701 | Ep_r: 43.73 | t_so_far: {26022} | epsilon: 0.985 max: 44.86303948971069
Ep: 702 | Ep_r: 43.52 | t_so_far: {26072} | epsilon: 0.985 max: 44.86303948971069
Ep: 703 | Ep_r: 43.72 | t_so_far: {26122} | epsilon: 0.985 max: 44.86303948971069
Ep: 704 | Ep_r: 43.5 | t_so_far: {26172} | epsilon: 0.985 max: 44.86303948971069
Ep: 705 | Ep_r: 43.84 | t_so_far: {26222} | epsilon: 0.985 max: 44.86303948971069
Ep: 706 | Ep_r: 43.46 | t_so_far: {26271} | epsilon: 0.986 max: 44.86303948971069
Ep: 707 | Ep_r: 43.51 | t_so_far: {26321} | epsilon: 0.986 max: 44.86303948971069
Ep: 708 | Ep_r: 44.23 | t_so_far: {26371} | epsilon: 0.986 max: 44.86303948971069
Ep: 709 | Ep_r: 43.77 | t_so_far: {26418} | epsilon: 0.986 max: 44.86303948971069
Ep: 710 | Ep_r: 43.8 | t_so_far: {26468} | epsilon: 0.986 max: 44.86303948971069
Ep: 711 | Ep_r: 43.89 | t_so_far: {26518} | epsilon: 0.986 max: 44.86303948971069
Ep: 712 | Ep_r: 40.24 | t_so_far: {26546} | epsilon: 0.986 max: 44.86303948971069
Ep: 713 | Ep_r: 41.4 | t_so_far: {26596} | epsilon: 0.986 max: 44.86303948971069
Ep: 714 | Ep_r: 42.06 | t_so_far: {26646} | epsilon: 0.986 max: 44.86303948971069
Ep: 715 | Ep_r: 42.25 | t_so_far: {26696} | epsilon: 0.986 max: 44.86303948971069
Ep: 716 | Ep_r: 43.32 | t_so_far: {26746} | epsilon: 0.987 max: 44.86303948971069
Ep: 717 | Ep_r: 43.6 | t_so_far: {26796} | epsilon: 0.987 max: 44.86303948971069
Ep: 718 | Ep_r: 43.88 | t_so_far: {26846} | epsilon: 0.987 max: 44.86303948971069
Ep: 719 | Ep_r: 43.91 | t_so_far: {26896} | epsilon: 0.987 max: 44.86303948971069
Ep: 720 | Ep_r: 44.13 | t_so_far: {26946} | epsilon: 0.987 max: 44.86303948971069
Ep: 721 | Ep_r: 44.0 | t_so_far: {26996} | epsilon: 0.987 max: 44.86303948971069
Ep: 722 | Ep_r: 43.92 | t_so_far: {27046} | epsilon: 0.987 max: 44.86303948971069
Ep: 723 | Ep_r: 39.88 | t_so_far: {27072} | epsilon: 0.987 max: 44.86303948971069
Ep: 724 | Ep_r: 41.08 | t_so_far: {27122} | epsilon: 0.987 max: 44.86303948971069
Ep: 725 | Ep_r: 42.31 | t_so_far: {27172} | epsilon: 0.987 max: 44.86303948971069
Ep: 726 | Ep_r: 42.03 | t_so_far: {27222} | epsilon: 0.987 max: 44.86303948971069
Ep: 727 | Ep_r: 42.09 | t_so_far: {27272} | epsilon: 0.988 max: 44.86303948971069
Ep: 728 | Ep_r: 42.08 | t_so_far: {27322} | epsilon: 0.988 max: 44.86303948971069
Ep: 729 | Ep_r: 41.4 | t_so_far: {27364} | epsilon: 0.988 max: 44.86303948971069
Ep: 730 | Ep_r: 41.79 | t_so_far: {27414} | epsilon: 0.988 max: 44.86303948971069
Ep: 731 | Ep_r: 41.84 | t_so_far: {27464} | epsilon: 0.988 max: 44.86303948971069
Ep: 732 | Ep_r: 42.39 | t_so_far: {27514} | epsilon: 0.988 max: 44.86303948971069
Ep: 733 | Ep_r: 42.68 | t_so_far: {27564} | epsilon: 0.988 max: 44.86303948971069
Ep: 734 | Ep_r: 42.82 | t_so_far: {27614} | epsilon: 0.988 max: 44.86303948971069
Ep: 735 | Ep_r: 42.79 | t_so_far: {27664} | epsilon: 0.988 max: 44.86303948971069
Ep: 736 | Ep_r: 42.88 | t_so_far: {27714} | epsilon: 0.988 max: 44.86303948971069
Ep: 737 | Ep_r: 42.93 | t_so_far: {27764} | epsilon: 0.988 max: 44.86303948971069
Ep: 738 | Ep_r: 42.66 | t_so_far: {27814} | epsilon: 0.989 max: 44.86303948971069
Ep: 739 | Ep_r: 41.15 | t_so_far: {27853} | epsilon: 0.989 max: 44.86303948971069
Ep: 740 | Ep_r: 41.19 | t_so_far: {27903} | epsilon: 0.989 max: 44.86303948971069
Ep: 741 | Ep_r: 41.47 | t_so_far: {27953} | epsilon: 0.989 max: 44.86303948971069
Ep: 742 | Ep_r: 41.61 | t_so_far: {28003} | epsilon: 0.989 max: 44.86303948971069
Ep: 743 | Ep_r: 42.24 | t_so_far: {28053} | epsilon: 0.989 max: 44.86303948971069
Ep: 744 | Ep_r: 42.52 | t_so_far: {28103} | epsilon: 0.989 max: 44.86303948971069
Ep: 745 | Ep_r: 42.94 | t_so_far: {28153} | epsilon: 0.989 max: 44.86303948971069
Ep: 746 | Ep_r: 43.19 | t_so_far: {28203} | epsilon: 0.989 max: 44.86303948971069
Ep: 747 | Ep_r: 43.64 | t_so_far: {28253} | epsilon: 0.989 max: 44.86303948971069
Ep: 748 | Ep_r: 43.69 | t_so_far: {28303} | epsilon: 0.989 max: 44.86303948971069
Ep: 749 | Ep_r: 43.55 | t_so_far: {28353} | epsilon: 0.989 max: 44.86303948971069
Ep: 750 | Ep_r: 43.62 | t_so_far: {28403} | epsilon: 0.989 max: 44.86303948971069
Ep: 751 | Ep_r: 36.45 | t_so_far: {28412} | epsilon: 0.989 max: 44.86303948971069
Ep: 752 | Ep_r: 38.36 | t_so_far: {28462} | epsilon: 0.99 max: 44.86303948971069
Ep: 753 | Ep_r: 39.05 | t_so_far: {28512} | epsilon: 0.99 max: 44.86303948971069
Ep: 754 | Ep_r: 39.27 | t_so_far: {28562} | epsilon: 0.99 max: 44.86303948971069
Ep: 755 | Ep_r: 40.74 | t_so_far: {28612} | epsilon: 0.99 max: 44.86303948971069
Ep: 756 | Ep_r: 40.82 | t_so_far: {28662} | epsilon: 0.99 max: 44.86303948971069
Ep: 757 | Ep_r: 41.99 | t_so_far: {28712} | epsilon: 0.99 max: 44.86303948971069
Ep: 758 | Ep_r: 39.5 | t_so_far: {28747} | epsilon: 0.99 max: 44.86303948971069
Ep: 759 | Ep_r: 40.01 | t_so_far: {28797} | epsilon: 0.99 max: 44.86303948971069
Ep: 760 | Ep_r: 40.54 | t_so_far: {28847} | epsilon: 0.99 max: 44.86303948971069
Ep: 761 | Ep_r: 40.73 | t_so_far: {28897} | epsilon: 0.99 max: 44.86303948971069
Ep: 762 | Ep_r: 41.53 | t_so_far: {28947} | epsilon: 0.99 max: 44.86303948971069
Ep: 763 | Ep_r: 42.15 | t_so_far: {28997} | epsilon: 0.99 max: 44.86303948971069
Ep: 764 | Ep_r: 41.98 | t_so_far: {29047} | epsilon: 0.99 max: 44.86303948971069
Ep: 765 | Ep_r: 41.74 | t_so_far: {29096} | epsilon: 0.99 max: 44.86303948971069
Ep: 766 | Ep_r: 42.2 | t_so_far: {29146} | epsilon: 0.991 max: 44.86303948971069
Ep: 767 | Ep_r: 42.23 | t_so_far: {29196} | epsilon: 0.991 max: 44.86303948971069
Ep: 768 | Ep_r: 42.28 | t_so_far: {29246} | epsilon: 0.991 max: 44.86303948971069
Ep: 769 | Ep_r: 42.25 | t_so_far: {29296} | epsilon: 0.991 max: 44.86303948971069
Ep: 770 | Ep_r: 42.43 | t_so_far: {29346} | epsilon: 0.991 max: 44.86303948971069
Ep: 771 | Ep_r: 42.62 | t_so_far: {29396} | epsilon: 0.991 max: 44.86303948971069
Ep: 772 | Ep_r: 42.9 | t_so_far: {29446} | epsilon: 0.991 max: 44.86303948971069
Ep: 773 | Ep_r: 42.98 | t_so_far: {29496} | epsilon: 0.991 max: 44.86303948971069
Ep: 774 | Ep_r: 39.66 | t_so_far: {29526} | epsilon: 0.991 max: 44.86303948971069
Ep: 775 | Ep_r: 40.31 | t_so_far: {29576} | epsilon: 0.991 max: 44.86303948971069
Ep: 776 | Ep_r: 40.42 | t_so_far: {29624} | epsilon: 0.991 max: 44.86303948971069
Ep: 777 | Ep_r: 40.46 | t_so_far: {29674} | epsilon: 0.991 max: 44.86303948971069
Ep: 778 | Ep_r: 40.99 | t_so_far: {29724} | epsilon: 0.991 max: 44.86303948971069
Ep: 779 | Ep_r: 41.7 | t_so_far: {29774} | epsilon: 0.991 max: 44.86303948971069
Ep: 780 | Ep_r: 41.37 | t_so_far: {29824} | epsilon: 0.991 max: 44.86303948971069
Ep: 781 | Ep_r: 42.02 | t_so_far: {29874} | epsilon: 0.991 max: 44.86303948971069
Ep: 782 | Ep_r: 42.38 | t_so_far: {29924} | epsilon: 0.992 max: 44.86303948971069
Ep: 783 | Ep_r: 42.18 | t_so_far: {29974} | epsilon: 0.992 max: 44.86303948971069
Ep: 784 | Ep_r: 42.69 | t_so_far: {30024} | epsilon: 0.992 max: 44.86303948971069
Ep: 785 | Ep_r: 43.62 | t_so_far: {30074} | epsilon: 0.992 max: 44.86303948971069
Ep: 786 | Ep_r: 43.4 | t_so_far: {30124} | epsilon: 0.992 max: 44.86303948971069
Ep: 787 | Ep_r: 43.23 | t_so_far: {30174} | epsilon: 0.992 max: 44.86303948971069
Ep: 788 | Ep_r: 42.34 | t_so_far: {30218} | epsilon: 0.992 max: 44.86303948971069
Ep: 789 | Ep_r: 42.63 | t_so_far: {30268} | epsilon: 0.992 max: 44.86303948971069
Ep: 790 | Ep_r: 42.29 | t_so_far: {30318} | epsilon: 0.992 max: 44.86303948971069
Ep: 791 | Ep_r: 42.8 | t_so_far: {30368} | epsilon: 0.992 max: 44.86303948971069
Ep: 792 | Ep_r: 43.42 | t_so_far: {30418} | epsilon: 0.992 max: 44.86303948971069
Ep: 793 | Ep_r: 43.45 | t_so_far: {30468} | epsilon: 0.992 max: 44.86303948971069
Ep: 794 | Ep_r: 43.34 | t_so_far: {30518} | epsilon: 0.992 max: 44.86303948971069
Ep: 795 | Ep_r: 39.97 | t_so_far: {30553} | epsilon: 0.992 max: 44.86303948971069
Ep: 796 | Ep_r: 40.45 | t_so_far: {30603} | epsilon: 0.992 max: 44.86303948971069
Ep: 797 | Ep_r: 40.98 | t_so_far: {30653} | epsilon: 0.992 max: 44.86303948971069
Ep: 798 | Ep_r: 41.77 | t_so_far: {30703} | epsilon: 0.992 max: 44.86303948971069
Ep: 799 | Ep_r: 36.67 | t_so_far: {30724} | epsilon: 0.992 max: 44.86303948971069
Ep: 800 | Ep_r: 36.72 | t_so_far: {30766} | epsilon: 0.992 max: 44.86303948971069
Ep: 801 | Ep_r: 37.66 | t_so_far: {30816} | epsilon: 0.993 max: 44.86303948971069
Ep: 802 | Ep_r: 38.3 | t_so_far: {30866} | epsilon: 0.993 max: 44.86303948971069
Ep: 803 | Ep_r: 38.98 | t_so_far: {30916} | epsilon: 0.993 max: 44.86303948971069
Ep: 804 | Ep_r: 39.81 | t_so_far: {30966} | epsilon: 0.993 max: 44.86303948971069
Ep: 805 | Ep_r: 40.4 | t_so_far: {31016} | epsilon: 0.993 max: 44.86303948971069
Ep: 806 | Ep_r: 40.86 | t_so_far: {31066} | epsilon: 0.993 max: 44.86303948971069
Ep: 807 | Ep_r: 40.71 | t_so_far: {31116} | epsilon: 0.993 max: 44.86303948971069
Ep: 808 | Ep_r: 41.11 | t_so_far: {31166} | epsilon: 0.993 max: 44.86303948971069
Ep: 809 | Ep_r: 41.38 | t_so_far: {31216} | epsilon: 0.993 max: 44.86303948971069
Ep: 810 | Ep_r: 41.87 | t_so_far: {31266} | epsilon: 0.993 max: 44.86303948971069
Ep: 811 | Ep_r: 42.08 | t_so_far: {31316} | epsilon: 0.993 max: 44.86303948971069
Ep: 812 | Ep_r: 42.82 | t_so_far: {31366} | epsilon: 0.993 max: 44.86303948971069
Ep: 813 | Ep_r: 43.22 | t_so_far: {31416} | epsilon: 0.993 max: 44.86303948971069
Ep: 814 | Ep_r: 43.37 | t_so_far: {31466} | epsilon: 0.993 max: 44.86303948971069
Ep: 815 | Ep_r: 43.47 | t_so_far: {31516} | epsilon: 0.993 max: 44.86303948971069
Ep: 816 | Ep_r: 43.72 | t_so_far: {31566} | epsilon: 0.993 max: 44.86303948971069
Ep: 817 | Ep_r: 43.69 | t_so_far: {31616} | epsilon: 0.993 max: 44.86303948971069
Ep: 818 | Ep_r: 43.43 | t_so_far: {31666} | epsilon: 0.993 max: 44.86303948971069
Ep: 819 | Ep_r: 43.17 | t_so_far: {31716} | epsilon: 0.993 max: 44.86303948971069
Ep: 820 | Ep_r: 41.1 | t_so_far: {31755} | epsilon: 0.993 max: 44.86303948971069
Ep: 821 | Ep_r: 41.37 | t_so_far: {31805} | epsilon: 0.993 max: 44.86303948971069
Ep: 822 | Ep_r: 41.78 | t_so_far: {31855} | epsilon: 0.994 max: 44.86303948971069
Ep: 823 | Ep_r: 38.68 | t_so_far: {31888} | epsilon: 0.994 max: 44.86303948971069
Ep: 824 | Ep_r: 39.31 | t_so_far: {31938} | epsilon: 0.994 max: 44.86303948971069
Ep: 825 | Ep_r: 40.08 | t_so_far: {31988} | epsilon: 0.994 max: 44.86303948971069
Ep: 826 | Ep_r: 41.01 | t_so_far: {32038} | epsilon: 0.994 max: 44.86303948971069
Ep: 827 | Ep_r: 41.1 | t_so_far: {32088} | epsilon: 0.994 max: 44.86303948971069
Ep: 828 | Ep_r: 41.66 | t_so_far: {32138} | epsilon: 0.994 max: 44.86303948971069
Ep: 829 | Ep_r: 42.46 | t_so_far: {32188} | epsilon: 0.994 max: 44.86303948971069
Ep: 830 | Ep_r: 42.8 | t_so_far: {32238} | epsilon: 0.994 max: 44.86303948971069
Ep: 831 | Ep_r: 42.94 | t_so_far: {32288} | epsilon: 0.994 max: 44.86303948971069
Ep: 832 | Ep_r: 43.7 | t_so_far: {32338} | epsilon: 0.994 max: 44.86303948971069
Ep: 833 | Ep_r: 44.1 | t_so_far: {32388} | epsilon: 0.994 max: 44.86303948971069
Ep: 834 | Ep_r: 44.45 | t_so_far: {32438} | epsilon: 0.994 max: 44.86303948971069
Ep: 835 | Ep_r: 44.13 | t_so_far: {32488} | epsilon: 0.994 max: 44.86303948971069
Ep: 836 | Ep_r: 44.43 | t_so_far: {32538} | epsilon: 0.994 max: 44.86303948971069
Ep: 837 | Ep_r: 44.14 | t_so_far: {32588} | epsilon: 0.994 max: 44.86303948971069
Ep: 838 | Ep_r: 43.48 | t_so_far: {32638} | epsilon: 0.994 max: 44.86303948971069
Ep: 839 | Ep_r: 43.37 | t_so_far: {32688} | epsilon: 0.994 max: 44.86303948971069
Ep: 840 | Ep_r: 42.65 | t_so_far: {32736} | epsilon: 0.994 max: 44.86303948971069
Ep: 841 | Ep_r: 42.73 | t_so_far: {32786} | epsilon: 0.994 max: 44.86303948971069
Ep: 842 | Ep_r: 38.38 | t_so_far: {32812} | epsilon: 0.994 max: 44.86303948971069
Ep: 843 | Ep_r: 39.93 | t_so_far: {32862} | epsilon: 0.994 max: 44.86303948971069
Ep: 844 | Ep_r: 41.22 | t_so_far: {32912} | epsilon: 0.994 max: 44.86303948971069
Ep: 845 | Ep_r: 41.72 | t_so_far: {32962} | epsilon: 0.994 max: 44.86303948971069
Ep: 846 | Ep_r: 38.66 | t_so_far: {32991} | epsilon: 0.994 max: 44.86303948971069
Ep: 847 | Ep_r: 39.44 | t_so_far: {33041} | epsilon: 0.994 max: 44.86303948971069
Ep: 848 | Ep_r: 40.2 | t_so_far: {33091} | epsilon: 0.994 max: 44.86303948971069
Ep: 849 | Ep_r: 41.02 | t_so_far: {33141} | epsilon: 0.995 max: 44.86303948971069
Ep: 850 | Ep_r: 41.47 | t_so_far: {33191} | epsilon: 0.995 max: 44.86303948971069
Ep: 851 | Ep_r: 39.04 | t_so_far: {33225} | epsilon: 0.995 max: 44.86303948971069
Ep: 852 | Ep_r: 40.64 | t_so_far: {33275} | epsilon: 0.995 max: 44.86303948971069
Ep: 853 | Ep_r: 41.02 | t_so_far: {33325} | epsilon: 0.995 max: 44.86303948971069
Ep: 854 | Ep_r: 40.71 | t_so_far: {33375} | epsilon: 0.995 max: 44.86303948971069
Ep: 855 | Ep_r: 41.47 | t_so_far: {33425} | epsilon: 0.995 max: 44.86303948971069
Ep: 856 | Ep_r: 41.49 | t_so_far: {33475} | epsilon: 0.995 max: 44.86303948971069
Ep: 857 | Ep_r: 41.77 | t_so_far: {33525} | epsilon: 0.995 max: 44.86303948971069
Ep: 858 | Ep_r: 42.38 | t_so_far: {33575} | epsilon: 0.995 max: 44.86303948971069
Ep: 859 | Ep_r: 42.57 | t_so_far: {33625} | epsilon: 0.995 max: 44.86303948971069
Ep: 860 | Ep_r: 42.25 | t_so_far: {33675} | epsilon: 0.995 max: 44.86303948971069
Ep: 861 | Ep_r: 42.35 | t_so_far: {33725} | epsilon: 0.995 max: 44.86303948971069
Ep: 862 | Ep_r: 42.64 | t_so_far: {33775} | epsilon: 0.995 max: 44.86303948971069
Ep: 863 | Ep_r: 42.79 | t_so_far: {33825} | epsilon: 0.995 max: 44.86303948971069
Ep: 864 | Ep_r: 42.71 | t_so_far: {33875} | epsilon: 0.995 max: 44.86303948971069
Ep: 865 | Ep_r: 42.36 | t_so_far: {33925} | epsilon: 0.995 max: 44.86303948971069
Ep: 866 | Ep_r: 42.91 | t_so_far: {33975} | epsilon: 0.995 max: 44.86303948971069
Ep: 867 | Ep_r: 41.69 | t_so_far: {34018} | epsilon: 0.995 max: 44.86303948971069
Ep: 868 | Ep_r: 42.36 | t_so_far: {34068} | epsilon: 0.995 max: 44.86303948971069
Ep: 869 | Ep_r: 43.0 | t_so_far: {34118} | epsilon: 0.995 max: 44.86303948971069
Ep: 870 | Ep_r: 43.11 | t_so_far: {34168} | epsilon: 0.995 max: 44.86303948971069
Ep: 871 | Ep_r: 41.84 | t_so_far: {34208} | epsilon: 0.995 max: 44.86303948971069
Ep: 872 | Ep_r: 42.68 | t_so_far: {34258} | epsilon: 0.995 max: 44.86303948971069
Ep: 873 | Ep_r: 42.97 | t_so_far: {34308} | epsilon: 0.995 max: 44.86303948971069
Ep: 874 | Ep_r: 42.81 | t_so_far: {34358} | epsilon: 0.995 max: 44.86303948971069
Ep: 875 | Ep_r: 43.43 | t_so_far: {34408} | epsilon: 0.995 max: 44.86303948971069
Ep: 876 | Ep_r: 43.23 | t_so_far: {34458} | epsilon: 0.995 max: 44.86303948971069
Ep: 877 | Ep_r: 42.41 | t_so_far: {34508} | epsilon: 0.995 max: 44.86303948971069
Ep: 878 | Ep_r: 43.01 | t_so_far: {34558} | epsilon: 0.995 max: 44.86303948971069
Ep: 879 | Ep_r: 43.25 | t_so_far: {34608} | epsilon: 0.995 max: 44.86303948971069
Ep: 880 | Ep_r: 43.8 | t_so_far: {34658} | epsilon: 0.995 max: 44.86303948971069
Ep: 881 | Ep_r: 43.72 | t_so_far: {34708} | epsilon: 0.996 max: 44.86303948971069
Ep: 882 | Ep_r: 43.96 | t_so_far: {34758} | epsilon: 0.996 max: 44.86303948971069
Ep: 883 | Ep_r: 44.12 | t_so_far: {34808} | epsilon: 0.996 max: 44.86303948971069
Ep: 884 | Ep_r: 43.06 | t_so_far: {34855} | epsilon: 0.996 max: 44.86303948971069
Ep: 885 | Ep_r: 43.33 | t_so_far: {34905} | epsilon: 0.996 max: 44.86303948971069
Ep: 886 | Ep_r: 43.66 | t_so_far: {34955} | epsilon: 0.996 max: 44.86303948971069
Ep: 887 | Ep_r: 43.66 | t_so_far: {35005} | epsilon: 0.996 max: 44.86303948971069
Ep: 888 | Ep_r: 43.47 | t_so_far: {35055} | epsilon: 0.996 max: 44.86303948971069
Ep: 889 | Ep_r: 43.07 | t_so_far: {35105} | epsilon: 0.996 max: 44.86303948971069
Ep: 890 | Ep_r: 43.57 | t_so_far: {35155} | epsilon: 0.996 max: 44.86303948971069
Ep: 891 | Ep_r: 43.74 | t_so_far: {35205} | epsilon: 0.996 max: 44.86303948971069
Ep: 892 | Ep_r: 43.55 | t_so_far: {35255} | epsilon: 0.996 max: 44.86303948971069
Ep: 893 | Ep_r: 43.03 | t_so_far: {35305} | epsilon: 0.996 max: 44.86303948971069
Ep: 894 | Ep_r: 43.1 | t_so_far: {35355} | epsilon: 0.996 max: 44.86303948971069
Ep: 895 | Ep_r: 43.43 | t_so_far: {35405} | epsilon: 0.996 max: 44.86303948971069
Ep: 896 | Ep_r: 43.36 | t_so_far: {35455} | epsilon: 0.996 max: 44.86303948971069
Ep: 897 | Ep_r: 43.22 | t_so_far: {35505} | epsilon: 0.996 max: 44.86303948971069
Ep: 898 | Ep_r: 43.82 | t_so_far: {35555} | epsilon: 0.996 max: 44.86303948971069
Ep: 899 | Ep_r: 43.84 | t_so_far: {35605} | epsilon: 0.996 max: 44.86303948971069
Ep: 900 | Ep_r: 43.61 | t_so_far: {35655} | epsilon: 0.996 max: 44.86303948971069
Ep: 901 | Ep_r: 43.39 | t_so_far: {35705} | epsilon: 0.996 max: 44.86303948971069
Ep: 902 | Ep_r: 43.29 | t_so_far: {35755} | epsilon: 0.996 max: 44.86303948971069
Ep: 903 | Ep_r: 43.11 | t_so_far: {35805} | epsilon: 0.996 max: 44.86303948971069
Ep: 904 | Ep_r: 43.01 | t_so_far: {35855} | epsilon: 0.996 max: 44.86303948971069
Ep: 905 | Ep_r: 43.63 | t_so_far: {35905} | epsilon: 0.996 max: 44.86303948971069
Ep: 906 | Ep_r: 44.38 | t_so_far: {35955} | epsilon: 0.996 max: 44.86303948971069
Ep: 907 | Ep_r: 44.06 | t_so_far: {36005} | epsilon: 0.996 max: 44.86303948971069
Ep: 908 | Ep_r: 43.42 | t_so_far: {36055} | epsilon: 0.996 max: 44.86303948971069
Ep: 909 | Ep_r: 43.35 | t_so_far: {36105} | epsilon: 0.996 max: 44.86303948971069
Ep: 910 | Ep_r: 43.41 | t_so_far: {36155} | epsilon: 0.996 max: 44.86303948971069
Ep: 911 | Ep_r: 43.36 | t_so_far: {36205} | epsilon: 0.996 max: 44.86303948971069
Ep: 912 | Ep_r: 43.13 | t_so_far: {36255} | epsilon: 0.996 max: 44.86303948971069
Ep: 913 | Ep_r: 42.81 | t_so_far: {36305} | epsilon: 0.996 max: 44.86303948971069
Ep: 914 | Ep_r: 42.58 | t_so_far: {36355} | epsilon: 0.996 max: 44.86303948971069
Ep: 915 | Ep_r: 40.02 | t_so_far: {36389} | epsilon: 0.996 max: 44.86303948971069
Ep: 916 | Ep_r: 40.41 | t_so_far: {36439} | epsilon: 0.996 max: 44.86303948971069
Ep: 917 | Ep_r: 41.74 | t_so_far: {36489} | epsilon: 0.996 max: 44.86303948971069
Ep: 918 | Ep_r: 41.87 | t_so_far: {36539} | epsilon: 0.996 max: 44.86303948971069
Ep: 919 | Ep_r: 42.12 | t_so_far: {36589} | epsilon: 0.996 max: 44.86303948971069
Ep: 920 | Ep_r: 42.13 | t_so_far: {36639} | epsilon: 0.996 max: 44.86303948971069
Ep: 921 | Ep_r: 41.75 | t_so_far: {36689} | epsilon: 0.996 max: 44.86303948971069
Ep: 922 | Ep_r: 41.85 | t_so_far: {36739} | epsilon: 0.996 max: 44.86303948971069
Ep: 923 | Ep_r: 42.24 | t_so_far: {36789} | epsilon: 0.997 max: 44.86303948971069
Ep: 924 | Ep_r: 42.4 | t_so_far: {36839} | epsilon: 0.997 max: 44.86303948971069
Ep: 925 | Ep_r: 42.56 | t_so_far: {36889} | epsilon: 0.997 max: 44.86303948971069
Ep: 926 | Ep_r: 42.82 | t_so_far: {36939} | epsilon: 0.997 max: 44.86303948971069
Ep: 927 | Ep_r: 42.93 | t_so_far: {36989} | epsilon: 0.997 max: 44.86303948971069
Ep: 928 | Ep_r: 42.87 | t_so_far: {37039} | epsilon: 0.997 max: 44.86303948971069
Ep: 929 | Ep_r: 43.35 | t_so_far: {37089} | epsilon: 0.997 max: 44.86303948971069
Ep: 930 | Ep_r: 43.22 | t_so_far: {37139} | epsilon: 0.997 max: 44.86303948971069
Ep: 931 | Ep_r: 43.25 | t_so_far: {37189} | epsilon: 0.997 max: 44.86303948971069
Ep: 932 | Ep_r: 43.38 | t_so_far: {37239} | epsilon: 0.997 max: 44.86303948971069
Ep: 933 | Ep_r: 43.87 | t_so_far: {37289} | epsilon: 0.997 max: 44.86303948971069
Ep: 934 | Ep_r: 44.28 | t_so_far: {37339} | epsilon: 0.997 max: 44.86303948971069
Ep: 935 | Ep_r: 43.99 | t_so_far: {37389} | epsilon: 0.997 max: 44.86303948971069
Ep: 936 | Ep_r: 43.43 | t_so_far: {37439} | epsilon: 0.997 max: 44.86303948971069
Ep: 937 | Ep_r: 42.87 | t_so_far: {37489} | epsilon: 0.997 max: 44.86303948971069
Ep: 938 | Ep_r: 42.84 | t_so_far: {37539} | epsilon: 0.997 max: 44.86303948971069
Ep: 939 | Ep_r: 43.02 | t_so_far: {37589} | epsilon: 0.997 max: 44.86303948971069
Ep: 940 | Ep_r: 42.45 | t_so_far: {37639} | epsilon: 0.997 max: 44.86303948971069
Ep: 941 | Ep_r: 41.78 | t_so_far: {37689} | epsilon: 0.997 max: 44.86303948971069
Ep: 942 | Ep_r: 42.03 | t_so_far: {37739} | epsilon: 0.997 max: 44.86303948971069
Ep: 943 | Ep_r: 41.99 | t_so_far: {37789} | epsilon: 0.997 max: 44.86303948971069
Ep: 944 | Ep_r: 42.94 | t_so_far: {37839} | epsilon: 0.997 max: 44.86303948971069
Ep: 945 | Ep_r: 43.14 | t_so_far: {37889} | epsilon: 0.997 max: 44.86303948971069
Ep: 946 | Ep_r: 40.78 | t_so_far: {37926} | epsilon: 0.997 max: 44.86303948971069
Ep: 947 | Ep_r: 41.87 | t_so_far: {37976} | epsilon: 0.997 max: 44.86303948971069
Ep: 948 | Ep_r: 42.07 | t_so_far: {38026} | epsilon: 0.997 max: 44.86303948971069
Ep: 949 | Ep_r: 42.81 | t_so_far: {38076} | epsilon: 0.997 max: 44.86303948971069
Ep: 950 | Ep_r: 42.63 | t_so_far: {38126} | epsilon: 0.997 max: 44.86303948971069
Ep: 951 | Ep_r: 42.96 | t_so_far: {38176} | epsilon: 0.997 max: 44.86303948971069
Ep: 952 | Ep_r: 42.35 | t_so_far: {38226} | epsilon: 0.997 max: 44.86303948971069
Ep: 953 | Ep_r: 42.38 | t_so_far: {38276} | epsilon: 0.997 max: 44.86303948971069
Ep: 954 | Ep_r: 42.81 | t_so_far: {38326} | epsilon: 0.997 max: 44.86303948971069
Ep: 955 | Ep_r: 42.69 | t_so_far: {38376} | epsilon: 0.997 max: 44.86303948971069
Ep: 956 | Ep_r: 42.46 | t_so_far: {38426} | epsilon: 0.997 max: 44.86303948971069
Ep: 957 | Ep_r: 41.49 | t_so_far: {38472} | epsilon: 0.997 max: 44.86303948971069
Ep: 958 | Ep_r: 41.99 | t_so_far: {38522} | epsilon: 0.997 max: 44.86303948971069
Ep: 959 | Ep_r: 42.22 | t_so_far: {38572} | epsilon: 0.997 max: 44.86303948971069
Ep: 960 | Ep_r: 42.12 | t_so_far: {38622} | epsilon: 0.997 max: 44.86303948971069
Ep: 961 | Ep_r: 42.37 | t_so_far: {38672} | epsilon: 0.997 max: 44.86303948971069
Ep: 962 | Ep_r: 42.78 | t_so_far: {38722} | epsilon: 0.997 max: 44.86303948971069
Ep: 963 | Ep_r: 42.77 | t_so_far: {38772} | epsilon: 0.997 max: 44.86303948971069
Ep: 964 | Ep_r: 42.6 | t_so_far: {38822} | epsilon: 0.997 max: 44.86303948971069
Ep: 965 | Ep_r: 42.81 | t_so_far: {38872} | epsilon: 0.997 max: 44.86303948971069
Ep: 966 | Ep_r: 43.25 | t_so_far: {38922} | epsilon: 0.997 max: 44.86303948971069
Ep: 967 | Ep_r: 41.95 | t_so_far: {38964} | epsilon: 0.997 max: 44.86303948971069
Ep: 968 | Ep_r: 42.59 | t_so_far: {39014} | epsilon: 0.997 max: 44.86303948971069
Ep: 969 | Ep_r: 41.91 | t_so_far: {39060} | epsilon: 0.997 max: 44.86303948971069
Ep: 970 | Ep_r: 42.26 | t_so_far: {39110} | epsilon: 0.997 max: 44.86303948971069
Ep: 971 | Ep_r: 42.77 | t_so_far: {39160} | epsilon: 0.997 max: 44.86303948971069
Ep: 972 | Ep_r: 43.05 | t_so_far: {39210} | epsilon: 0.997 max: 44.86303948971069
Ep: 973 | Ep_r: 42.81 | t_so_far: {39260} | epsilon: 0.997 max: 44.86303948971069
Ep: 974 | Ep_r: 42.04 | t_so_far: {39310} | epsilon: 0.997 max: 44.86303948971069
Ep: 975 | Ep_r: 42.4 | t_so_far: {39360} | epsilon: 0.997 max: 44.86303948971069
Ep: 976 | Ep_r: 38.44 | t_so_far: {39386} | epsilon: 0.997 max: 44.86303948971069
Ep: 977 | Ep_r: 39.0 | t_so_far: {39436} | epsilon: 0.997 max: 44.86303948971069
Ep: 978 | Ep_r: 39.69 | t_so_far: {39486} | epsilon: 0.997 max: 44.86303948971069
Ep: 979 | Ep_r: 39.67 | t_so_far: {39534} | epsilon: 0.997 max: 44.86303948971069
Ep: 980 | Ep_r: 40.47 | t_so_far: {39584} | epsilon: 0.997 max: 44.86303948971069
Ep: 981 | Ep_r: 40.64 | t_so_far: {39634} | epsilon: 0.997 max: 44.86303948971069
Ep: 982 | Ep_r: 41.01 | t_so_far: {39684} | epsilon: 0.997 max: 44.86303948971069
Ep: 983 | Ep_r: 41.88 | t_so_far: {39734} | epsilon: 0.997 max: 44.86303948971069
Ep: 984 | Ep_r: 41.43 | t_so_far: {39784} | epsilon: 0.997 max: 44.86303948971069
Ep: 985 | Ep_r: 41.67 | t_so_far: {39834} | epsilon: 0.997 max: 44.86303948971069
Ep: 986 | Ep_r: 41.32 | t_so_far: {39884} | epsilon: 0.997 max: 44.86303948971069
Ep: 987 | Ep_r: 41.56 | t_so_far: {39934} | epsilon: 0.997 max: 44.86303948971069
Ep: 988 | Ep_r: 41.2 | t_so_far: {39984} | epsilon: 0.998 max: 44.86303948971069
Ep: 989 | Ep_r: 41.5 | t_so_far: {40034} | epsilon: 0.998 max: 44.86303948971069
Ep: 990 | Ep_r: 42.03 | t_so_far: {40084} | epsilon: 0.998 max: 44.86303948971069
Ep: 991 | Ep_r: 41.53 | t_so_far: {40134} | epsilon: 0.998 max: 44.86303948971069
Ep: 992 | Ep_r: 41.38 | t_so_far: {40184} | epsilon: 0.998 max: 44.86303948971069
Ep: 993 | Ep_r: 41.37 | t_so_far: {40234} | epsilon: 0.998 max: 44.86303948971069
Ep: 994 | Ep_r: 41.05 | t_so_far: {40284} | epsilon: 0.998 max: 44.86303948971069
Ep: 995 | Ep_r: 41.36 | t_so_far: {40334} | epsilon: 0.998 max: 44.86303948971069
Ep: 996 | Ep_r: 41.48 | t_so_far: {40384} | epsilon: 0.998 max: 44.86303948971069
Ep: 997 | Ep_r: 41.69 | t_so_far: {40434} | epsilon: 0.998 max: 44.86303948971069
Ep: 998 | Ep_r: 41.27 | t_so_far: {40484} | epsilon: 0.998 max: 44.86303948971069
Ep: 999 | Ep_r: 42.08 | t_so_far: {40534} | epsilon: 0.998 max: 44.86303948971069
Ep: 1000 | Ep_r: 41.85 | t_so_far: {40584} | epsilon: 0.998 max: 44.86303948971069
pygame 2.1.0 (SDL 2.0.16, Python 3.8.0)
Hello from the pygame community. https://www.pygame.org/contribute.html
Successfully set seed to 2
MultiAttentionNetwork(
  (features): Sequential(
    (0): Conv2d(4, 32, kernel_size=(8, 8), stride=(4, 4))
    (1): ReLU()
    (2): Conv2d(32, 64, kernel_size=(4, 4), stride=(2, 2))
    (3): ReLU()
    (4): Conv2d(64, 64, kernel_size=(3, 3), stride=(1, 1))
    (5): ReLU()
  )
  (attention): NONLocalBlock2D(
    (g): Conv2d(64, 32, kernel_size=(1, 1), stride=(1, 1))
    (W): Conv2d(32, 64, kernel_size=(1, 1), stride=(1, 1))
    (theta): Conv2d(64, 32, kernel_size=(1, 1), stride=(1, 1))
    (phi): Conv2d(64, 32, kernel_size=(1, 1), stride=(1, 1))
  )
  (advantage): Sequential(
    (0): Linear(in_features=68224, out_features=512, bias=True)
    (1): ReLU()
    (2): Linear(in_features=512, out_features=5, bias=True)
  )
  (value): Sequential(
    (0): Linear(in_features=68224, out_features=512, bias=True)
    (1): ReLU()
    (2): Linear(in_features=512, out_features=1, bias=True)
  )
  (output): Sequential(
    (0): Linear(in_features=68224, out_features=512, bias=True)
    (1): ReLU()
    (2): Linear(in_features=512, out_features=5, bias=True)
  )
  (ego_embedding): Sequential(
    (0): Linear(in_features=7, out_features=64, bias=True)
    (1): ReLU()
    (2): Linear(in_features=64, out_features=64, bias=True)
    (3): ReLU()
  )
  (others_embedding): Sequential(
    (0): Linear(in_features=7, out_features=64, bias=True)
    (1): ReLU()
    (2): Linear(in_features=64, out_features=64, bias=True)
    (3): ReLU()
  )
  (attention_layer): EgoAttetion(
    (value_all): Linear(in_features=64, out_features=64, bias=False)
    (key_all): Linear(in_features=64, out_features=64, bias=False)
    (query_ego): Linear(in_features=64, out_features=64, bias=False)
    (attention_combine): Linear(in_features=64, out_features=64, bias=False)
  )
  (decoder): Sequential(
    (0): Linear(in_features=64, out_features=64, bias=True)
    (1): ReLU()
    (2): Linear(in_features=64, out_features=64, bias=True)
    (3): ReLU()
  )
)
====================================
Model has been loaded...
====================================
./agent.py:220: UserWarning: Creating a tensor from a list of numpy.ndarrays is extremely slow. Please consider converting the list to a single numpy.ndarray with numpy.array() before converting to a tensor. (Triggered internally at  /opt/conda/conda-bld/pytorch_1646755903507/work/torch/csrc/utils/tensor_new.cpp:210.)
  return (torch.tensor([state['kinematics']], dtype=torch.float), state_image)
step: 49, ep_reward: 48.56666666666666
step: 49, ep_reward: 48.13333333333333
step: 49, ep_reward: 48.83333333333335
step: 44, ep_reward: 40.599999999999966
step: 49, ep_reward: 47.13333333333332
step: 49, ep_reward: 46.29999999999999
step: 49, ep_reward: 48.46666666666665
step: 49, ep_reward: 45.033333333333296
step: 49, ep_reward: 45.066666666666656
step: 49, ep_reward: 46.366666666666674
pygame 2.1.0 (SDL 2.0.16, Python 3.8.0)
Hello from the pygame community. https://www.pygame.org/contribute.html
Successfully set seed to 2
MultiAttentionNetwork(
  (features): Sequential(
    (0): Conv2d(4, 32, kernel_size=(8, 8), stride=(4, 4))
    (1): ReLU()
    (2): Conv2d(32, 64, kernel_size=(4, 4), stride=(2, 2))
    (3): ReLU()
    (4): Conv2d(64, 64, kernel_size=(3, 3), stride=(1, 1))
    (5): ReLU()
  )
  (attention): NONLocalBlock2D(
    (g): Conv2d(64, 32, kernel_size=(1, 1), stride=(1, 1))
    (W): Conv2d(32, 64, kernel_size=(1, 1), stride=(1, 1))
    (theta): Conv2d(64, 32, kernel_size=(1, 1), stride=(1, 1))
    (phi): Conv2d(64, 32, kernel_size=(1, 1), stride=(1, 1))
  )
  (advantage): Sequential(
    (0): Linear(in_features=68224, out_features=512, bias=True)
    (1): ReLU()
    (2): Linear(in_features=512, out_features=5, bias=True)
  )
  (value): Sequential(
    (0): Linear(in_features=68224, out_features=512, bias=True)
    (1): ReLU()
    (2): Linear(in_features=512, out_features=1, bias=True)
  )
  (output): Sequential(
    (0): Linear(in_features=68224, out_features=512, bias=True)
    (1): ReLU()
    (2): Linear(in_features=512, out_features=5, bias=True)
  )
  (ego_embedding): Sequential(
    (0): Linear(in_features=7, out_features=64, bias=True)
    (1): ReLU()
    (2): Linear(in_features=64, out_features=64, bias=True)
    (3): ReLU()
  )
  (others_embedding): Sequential(
    (0): Linear(in_features=7, out_features=64, bias=True)
    (1): ReLU()
    (2): Linear(in_features=64, out_features=64, bias=True)
    (3): ReLU()
  )
  (attention_layer): EgoAttetion(
    (value_all): Linear(in_features=64, out_features=64, bias=False)
    (key_all): Linear(in_features=64, out_features=64, bias=False)
    (query_ego): Linear(in_features=64, out_features=64, bias=False)
    (attention_combine): Linear(in_features=64, out_features=64, bias=False)
  )
  (decoder): Sequential(
    (0): Linear(in_features=64, out_features=64, bias=True)
    (1): ReLU()
    (2): Linear(in_features=64, out_features=64, bias=True)
    (3): ReLU()
  )
)
====================================
Model has been loaded...
====================================
./agent.py:220: UserWarning: Creating a tensor from a list of numpy.ndarrays is extremely slow. Please consider converting the list to a single numpy.ndarray with numpy.array() before converting to a tensor. (Triggered internally at  /opt/conda/conda-bld/pytorch_1646755903507/work/torch/csrc/utils/tensor_new.cpp:210.)
  return (torch.tensor([state['kinematics']], dtype=torch.float), state_image)
step: 49, ep_reward: 46.69999999999999
step: 49, ep_reward: 44.60000000000001
step: 49, ep_reward: 46.23333333333331
step: 49, ep_reward: 45.99999999999997
step: 49, ep_reward: 43.733333333333356
step: 49, ep_reward: 47.96666666666665
step: 49, ep_reward: 46.466666666666676
step: 45, ep_reward: 43.500000000000014
step: 49, ep_reward: 45.46666666666668
step: 49, ep_reward: 45.63333333333328
