pygame 2.1.0 (SDL 2.0.16, Python 3.8.0)
Hello from the pygame community. https://www.pygame.org/contribute.html
Successfully set seed to 2
MultiAttentionNetwork(
  (features): Sequential(
    (0): Conv2d(4, 32, kernel_size=(8, 8), stride=(4, 4))
    (1): ReLU()
    (2): Conv2d(32, 64, kernel_size=(4, 4), stride=(2, 2))
    (3): ReLU()
    (4): Conv2d(64, 64, kernel_size=(3, 3), stride=(1, 1))
    (5): ReLU()
  )
  (attention): NONLocalBlock2D(
    (g): Conv2d(64, 32, kernel_size=(1, 1), stride=(1, 1))
    (W): Conv2d(32, 64, kernel_size=(1, 1), stride=(1, 1))
    (theta): Conv2d(64, 32, kernel_size=(1, 1), stride=(1, 1))
    (phi): Conv2d(64, 32, kernel_size=(1, 1), stride=(1, 1))
  )
  (advantage): Sequential(
    (0): Linear(in_features=68224, out_features=512, bias=True)
    (1): ReLU()
    (2): Linear(in_features=512, out_features=5, bias=True)
  )
  (value): Sequential(
    (0): Linear(in_features=68224, out_features=512, bias=True)
    (1): ReLU()
    (2): Linear(in_features=512, out_features=1, bias=True)
  )
  (output): None
  (ego_embedding): Sequential(
    (0): Linear(in_features=7, out_features=64, bias=True)
    (1): ReLU()
    (2): Linear(in_features=64, out_features=64, bias=True)
    (3): ReLU()
  )
  (others_embedding): Sequential(
    (0): Linear(in_features=7, out_features=64, bias=True)
    (1): ReLU()
    (2): Linear(in_features=64, out_features=64, bias=True)
    (3): ReLU()
  )
  (attention_layer): EgoAttetion(
    (value_all): Linear(in_features=64, out_features=64, bias=False)
    (key_all): Linear(in_features=64, out_features=64, bias=False)
    (query_ego): Linear(in_features=64, out_features=64, bias=False)
    (attention_combine): Linear(in_features=64, out_features=64, bias=False)
  )
  (decoder): Sequential(
    (0): Linear(in_features=64, out_features=64, bias=True)
    (1): ReLU()
    (2): Linear(in_features=64, out_features=64, bias=True)
    (3): ReLU()
  )
)
./agent.py:220: UserWarning: Creating a tensor from a list of numpy.ndarrays is extremely slow. Please consider converting the list to a single numpy.ndarray with numpy.array() before converting to a tensor. (Triggered internally at  /opt/conda/conda-bld/pytorch_1646755903507/work/torch/csrc/utils/tensor_new.cpp:210.)
  return (torch.tensor([state['kinematics']], dtype=torch.float), state_image)
Ep: 0 | Ep_r: 4.7 | t_so_far: {6} | epsilon: 0.101 max: 4.7
Ep: 1 | Ep_r: 12.01 | t_so_far: {56} | epsilon: 0.108 max: 12.006666666666671
Ep: 2 | Ep_r: 18.02 | t_so_far: {106} | epsilon: 0.115 max: 18.018666666666668
Ep: 3 | Ep_r: 15.49 | t_so_far: {113} | epsilon: 0.116 max: 18.018666666666668
Ep: 4 | Ep_r: 13.36 | t_so_far: {119} | epsilon: 0.117 max: 18.018666666666668
Ep: 5 | Ep_r: 16.0 | t_so_far: {148} | epsilon: 0.121 max: 18.018666666666668
Ep: 6 | Ep_r: 20.11 | t_so_far: {191} | epsilon: 0.127 max: 20.111592533333333
Ep: 7 | Ep_r: 23.8 | t_so_far: {241} | epsilon: 0.134 max: 23.795940693333336
Ep: 8 | Ep_r: 24.12 | t_so_far: {271} | epsilon: 0.138 max: 24.123419221333336
Ep: 9 | Ep_r: 19.55 | t_so_far: {273} | epsilon: 0.138 max: 24.123419221333336
Ep: 10 | Ep_r: 24.06 | t_so_far: {323} | epsilon: 0.145 max: 24.123419221333336
Ep: 11 | Ep_r: 20.15 | t_so_far: {329} | epsilon: 0.146 max: 24.123419221333336
Ep: 12 | Ep_r: 18.07 | t_so_far: {340} | epsilon: 0.147 max: 24.123419221333336
Ep: 13 | Ep_r: 17.45 | t_so_far: {357} | epsilon: 0.15 max: 24.123419221333336
Ep: 14 | Ep_r: 16.63 | t_so_far: {372} | epsilon: 0.152 max: 24.123419221333336
Ep: 15 | Ep_r: 18.61 | t_so_far: {405} | epsilon: 0.156 max: 24.123419221333336
Ep: 16 | Ep_r: 16.34 | t_so_far: {413} | epsilon: 0.157 max: 24.123419221333336
Ep: 17 | Ep_r: 15.88 | t_so_far: {429} | epsilon: 0.16 max: 24.123419221333336
Ep: 18 | Ep_r: 15.18 | t_so_far: {444} | epsilon: 0.162 max: 24.123419221333336
Ep: 19 | Ep_r: 12.41 | t_so_far: {446} | epsilon: 0.162 max: 24.123419221333336
Ep: 20 | Ep_r: 12.98 | t_so_far: {465} | epsilon: 0.164 max: 24.123419221333336
Ep: 21 | Ep_r: 18.13 | t_so_far: {515} | epsilon: 0.171 max: 24.123419221333336
Ep: 22 | Ep_r: 15.13 | t_so_far: {519} | epsilon: 0.172 max: 24.123419221333336
Ep: 23 | Ep_r: 12.54 | t_so_far: {522} | epsilon: 0.172 max: 24.123419221333336
Ep: 24 | Ep_r: 10.47 | t_so_far: {525} | epsilon: 0.172 max: 24.123419221333336
Ep: 25 | Ep_r: 8.83 | t_so_far: {528} | epsilon: 0.173 max: 24.123419221333336
Ep: 26 | Ep_r: 12.29 | t_so_far: {558} | epsilon: 0.177 max: 24.123419221333336
Ep: 27 | Ep_r: 10.96 | t_so_far: {565} | epsilon: 0.178 max: 24.123419221333336
Ep: 28 | Ep_r: 9.4 | t_so_far: {569} | epsilon: 0.178 max: 24.123419221333336
Ep: 29 | Ep_r: 15.75 | t_so_far: {619} | epsilon: 0.185 max: 24.123419221333336
Ep: 30 | Ep_r: 17.15 | t_so_far: {647} | epsilon: 0.188 max: 24.123419221333336
Ep: 31 | Ep_r: 15.32 | t_so_far: {657} | epsilon: 0.19 max: 24.123419221333336
Ep: 32 | Ep_r: 20.45 | t_so_far: {707} | epsilon: 0.196 max: 24.123419221333336
Ep: 33 | Ep_r: 17.18 | t_so_far: {712} | epsilon: 0.197 max: 24.123419221333336
Ep: 34 | Ep_r: 16.33 | t_so_far: {729} | epsilon: 0.199 max: 24.123419221333336
Ep: 35 | Ep_r: 13.84 | t_so_far: {734} | epsilon: 0.199 max: 24.123419221333336
Ep: 36 | Ep_r: 14.17 | t_so_far: {752} | epsilon: 0.202 max: 24.123419221333336
Ep: 37 | Ep_r: 18.41 | t_so_far: {795} | epsilon: 0.207 max: 24.123419221333336
Ep: 38 | Ep_r: 21.78 | t_so_far: {839} | epsilon: 0.213 max: 24.123419221333336
Ep: 39 | Ep_r: 25.75 | t_so_far: {889} | epsilon: 0.219 max: 25.746975502323302
Ep: 40 | Ep_r: 25.46 | t_so_far: {919} | epsilon: 0.223 max: 25.746975502323302
Ep: 41 | Ep_r: 28.62 | t_so_far: {969} | epsilon: 0.229 max: 28.619397654820254
Ep: 42 | Ep_r: 24.68 | t_so_far: {979} | epsilon: 0.23 max: 28.619397654820254
Ep: 43 | Ep_r: 20.37 | t_so_far: {983} | epsilon: 0.231 max: 28.619397654820254
Ep: 44 | Ep_r: 17.13 | t_so_far: {988} | epsilon: 0.231 max: 28.619397654820254
Ep: 45 | Ep_r: 14.13 | t_so_far: {991} | epsilon: 0.232 max: 28.619397654820254
Ep: 46 | Ep_r: 11.76 | t_so_far: {994} | epsilon: 0.232 max: 28.619397654820254
Ep: 47 | Ep_r: 17.9 | t_so_far: {1044} | epsilon: 0.238 max: 28.619397654820254
Ep: 48 | Ep_r: 14.69 | t_so_far: {1047} | epsilon: 0.239 max: 28.619397654820254
Ep: 49 | Ep_r: 12.18 | t_so_far: {1050} | epsilon: 0.239 max: 28.619397654820254
Ep: 50 | Ep_r: 17.85 | t_so_far: {1098} | epsilon: 0.245 max: 28.619397654820254
Ep: 51 | Ep_r: 22.47 | t_so_far: {1148} | epsilon: 0.251 max: 28.619397654820254
Ep: 52 | Ep_r: 25.99 | t_so_far: {1198} | epsilon: 0.257 max: 28.619397654820254
Ep: 53 | Ep_r: 27.51 | t_so_far: {1238} | epsilon: 0.261 max: 28.619397654820254
Ep: 54 | Ep_r: 23.75 | t_so_far: {1249} | epsilon: 0.263 max: 28.619397654820254
Ep: 55 | Ep_r: 20.47 | t_so_far: {1258} | epsilon: 0.264 max: 28.619397654820254
Ep: 56 | Ep_r: 21.01 | t_so_far: {1286} | epsilon: 0.267 max: 28.619397654820254
Ep: 57 | Ep_r: 18.93 | t_so_far: {1298} | epsilon: 0.268 max: 28.619397654820254
Ep: 58 | Ep_r: 16.43 | t_so_far: {1306} | epsilon: 0.269 max: 28.619397654820254
Ep: 59 | Ep_r: 16.41 | t_so_far: {1325} | epsilon: 0.272 max: 28.619397654820254
Ep: 60 | Ep_r: 13.77 | t_so_far: {1329} | epsilon: 0.272 max: 28.619397654820254
Ep: 61 | Ep_r: 14.18 | t_so_far: {1348} | epsilon: 0.274 max: 28.619397654820254
Ep: 62 | Ep_r: 13.22 | t_so_far: {1359} | epsilon: 0.276 max: 28.619397654820254
Ep: 63 | Ep_r: 11.95 | t_so_far: {1368} | epsilon: 0.277 max: 28.619397654820254
Ep: 64 | Ep_r: 11.49 | t_so_far: {1379} | epsilon: 0.278 max: 28.619397654820254
Ep: 65 | Ep_r: 14.61 | t_so_far: {1412} | epsilon: 0.282 max: 28.619397654820254
Ep: 66 | Ep_r: 12.5 | t_so_far: {1417} | epsilon: 0.282 max: 28.619397654820254
Ep: 67 | Ep_r: 13.47 | t_so_far: {1437} | epsilon: 0.285 max: 28.619397654820254
Ep: 68 | Ep_r: 16.0 | t_so_far: {1471} | epsilon: 0.288 max: 28.619397654820254
Ep: 69 | Ep_r: 18.41 | t_so_far: {1504} | epsilon: 0.292 max: 28.619397654820254
Ep: 70 | Ep_r: 16.19 | t_so_far: {1512} | epsilon: 0.293 max: 28.619397654820254
Ep: 71 | Ep_r: 13.19 | t_so_far: {1514} | epsilon: 0.293 max: 28.619397654820254
Ep: 72 | Ep_r: 18.94 | t_so_far: {1564} | epsilon: 0.299 max: 28.619397654820254
Ep: 73 | Ep_r: 17.35 | t_so_far: {1578} | epsilon: 0.3 max: 28.619397654820254
Ep: 74 | Ep_r: 16.43 | t_so_far: {1593} | epsilon: 0.302 max: 28.619397654820254
Ep: 75 | Ep_r: 20.74 | t_so_far: {1643} | epsilon: 0.308 max: 28.619397654820254
Ep: 76 | Ep_r: 24.93 | t_so_far: {1693} | epsilon: 0.313 max: 28.619397654820254
Ep: 77 | Ep_r: 24.8 | t_so_far: {1721} | epsilon: 0.316 max: 28.619397654820254
Ep: 78 | Ep_r: 28.3 | t_so_far: {1771} | epsilon: 0.322 max: 28.619397654820254
Ep: 79 | Ep_r: 25.88 | t_so_far: {1791} | epsilon: 0.324 max: 28.619397654820254
Ep: 80 | Ep_r: 23.05 | t_so_far: {1804} | epsilon: 0.325 max: 28.619397654820254
Ep: 81 | Ep_r: 19.18 | t_so_far: {1809} | epsilon: 0.326 max: 28.619397654820254
Ep: 82 | Ep_r: 19.2 | t_so_far: {1830} | epsilon: 0.328 max: 28.619397654820254
Ep: 83 | Ep_r: 15.8 | t_so_far: {1833} | epsilon: 0.328 max: 28.619397654820254
Ep: 84 | Ep_r: 14.96 | t_so_far: {1847} | epsilon: 0.33 max: 28.619397654820254
Ep: 85 | Ep_r: 18.56 | t_so_far: {1889} | epsilon: 0.334 max: 28.619397654820254
Ep: 86 | Ep_r: 16.96 | t_so_far: {1901} | epsilon: 0.336 max: 28.619397654820254
Ep: 87 | Ep_r: 18.23 | t_so_far: {1928} | epsilon: 0.339 max: 28.619397654820254
Ep: 88 | Ep_r: 18.65 | t_so_far: {1956} | epsilon: 0.341 max: 28.619397654820254
Ep: 89 | Ep_r: 23.77 | t_so_far: {2006} | epsilon: 0.347 max: 28.619397654820254
Ep: 90 | Ep_r: 25.73 | t_so_far: {2044} | epsilon: 0.351 max: 28.619397654820254
Ep: 91 | Ep_r: 28.43 | t_so_far: {2094} | epsilon: 0.356 max: 28.619397654820254
Ep: 92 | Ep_r: 24.9 | t_so_far: {2108} | epsilon: 0.357 max: 28.619397654820254
Ep: 93 | Ep_r: 20.89 | t_so_far: {2114} | epsilon: 0.358 max: 28.619397654820254
Ep: 94 | Ep_r: 17.56 | t_so_far: {2119} | epsilon: 0.358 max: 28.619397654820254
Ep: 95 | Ep_r: 17.6 | t_so_far: {2141} | epsilon: 0.361 max: 28.619397654820254
Ep: 96 | Ep_r: 18.26 | t_so_far: {2165} | epsilon: 0.363 max: 28.619397654820254
Ep: 97 | Ep_r: 19.34 | t_so_far: {2190} | epsilon: 0.366 max: 28.619397654820254
Ep: 98 | Ep_r: 16.7 | t_so_far: {2198} | epsilon: 0.366 max: 28.619397654820254
Ep: 99 | Ep_r: 13.97 | t_so_far: {2202} | epsilon: 0.367 max: 28.619397654820254
Ep: 100 | Ep_r: 15.8 | t_so_far: {2230} | epsilon: 0.37 max: 28.619397654820254
Ep: 101 | Ep_r: 14.69 | t_so_far: {2242} | epsilon: 0.371 max: 28.619397654820254
Ep: 102 | Ep_r: 16.46 | t_so_far: {2268} | epsilon: 0.373 max: 28.619397654820254
Ep: 103 | Ep_r: 16.72 | t_so_far: {2288} | epsilon: 0.375 max: 28.619397654820254
Ep: 104 | Ep_r: 14.31 | t_so_far: {2294} | epsilon: 0.376 max: 28.619397654820254
Ep: 105 | Ep_r: 12.97 | t_so_far: {2303} | epsilon: 0.377 max: 28.619397654820254
Ep: 106 | Ep_r: 12.05 | t_so_far: {2314} | epsilon: 0.378 max: 28.619397654820254
Ep: 107 | Ep_r: 10.72 | t_so_far: {2321} | epsilon: 0.379 max: 28.619397654820254
Ep: 108 | Ep_r: 15.29 | t_so_far: {2359} | epsilon: 0.383 max: 28.619397654820254
Ep: 109 | Ep_r: 20.67 | t_so_far: {2409} | epsilon: 0.387 max: 28.619397654820254
Ep: 110 | Ep_r: 17.69 | t_so_far: {2416} | epsilon: 0.388 max: 28.619397654820254
Ep: 111 | Ep_r: 16.2 | t_so_far: {2428} | epsilon: 0.389 max: 28.619397654820254
Ep: 112 | Ep_r: 15.91 | t_so_far: {2447} | epsilon: 0.391 max: 28.619397654820254
Ep: 113 | Ep_r: 18.55 | t_so_far: {2483} | epsilon: 0.395 max: 28.619397654820254
Ep: 114 | Ep_r: 18.48 | t_so_far: {2504} | epsilon: 0.397 max: 28.619397654820254
Ep: 115 | Ep_r: 18.55 | t_so_far: {2525} | epsilon: 0.399 max: 28.619397654820254
Ep: 116 | Ep_r: 17.57 | t_so_far: {2540} | epsilon: 0.4 max: 28.619397654820254
Ep: 117 | Ep_r: 18.1 | t_so_far: {2565} | epsilon: 0.403 max: 28.619397654820254
Ep: 118 | Ep_r: 17.56 | t_so_far: {2584} | epsilon: 0.404 max: 28.619397654820254
Ep: 119 | Ep_r: 16.4 | t_so_far: {2599} | epsilon: 0.406 max: 28.619397654820254
Ep: 120 | Ep_r: 14.56 | t_so_far: {2607} | epsilon: 0.407 max: 28.619397654820254
Ep: 121 | Ep_r: 19.37 | t_so_far: {2657} | epsilon: 0.411 max: 28.619397654820254
Ep: 122 | Ep_r: 20.35 | t_so_far: {2684} | epsilon: 0.414 max: 28.619397654820254
Ep: 123 | Ep_r: 22.11 | t_so_far: {2719} | epsilon: 0.417 max: 28.619397654820254
Ep: 124 | Ep_r: 20.96 | t_so_far: {2737} | epsilon: 0.419 max: 28.619397654820254
Ep: 125 | Ep_r: 17.72 | t_so_far: {2743} | epsilon: 0.419 max: 28.619397654820254
Ep: 126 | Ep_r: 17.26 | t_so_far: {2761} | epsilon: 0.421 max: 28.619397654820254
Ep: 127 | Ep_r: 17.89 | t_so_far: {2785} | epsilon: 0.423 max: 28.619397654820254
Ep: 128 | Ep_r: 21.7 | t_so_far: {2825} | epsilon: 0.427 max: 28.619397654820254
Ep: 129 | Ep_r: 24.04 | t_so_far: {2864} | epsilon: 0.43 max: 28.619397654820254
Ep: 130 | Ep_r: 21.95 | t_so_far: {2880} | epsilon: 0.432 max: 28.619397654820254
Ep: 131 | Ep_r: 19.22 | t_so_far: {2889} | epsilon: 0.433 max: 28.619397654820254
Ep: 132 | Ep_r: 20.06 | t_so_far: {2915} | epsilon: 0.435 max: 28.619397654820254
Ep: 133 | Ep_r: 22.73 | t_so_far: {2954} | epsilon: 0.439 max: 28.619397654820254
Ep: 134 | Ep_r: 19.95 | t_so_far: {2964} | epsilon: 0.439 max: 28.619397654820254
Ep: 135 | Ep_r: 19.5 | t_so_far: {2985} | epsilon: 0.441 max: 28.619397654820254
Ep: 136 | Ep_r: 17.13 | t_so_far: {2995} | epsilon: 0.442 max: 28.619397654820254
Ep: 137 | Ep_r: 15.32 | t_so_far: {3005} | epsilon: 0.443 max: 28.619397654820254
Ep: 138 | Ep_r: 17.89 | t_so_far: {3040} | epsilon: 0.446 max: 28.619397654820254
Ep: 139 | Ep_r: 14.74 | t_so_far: {3043} | epsilon: 0.446 max: 28.619397654820254
Ep: 140 | Ep_r: 12.23 | t_so_far: {3046} | epsilon: 0.447 max: 28.619397654820254
Ep: 141 | Ep_r: 10.32 | t_so_far: {3050} | epsilon: 0.447 max: 28.619397654820254
Ep: 142 | Ep_r: 10.48 | t_so_far: {3063} | epsilon: 0.448 max: 28.619397654820254
Ep: 143 | Ep_r: 11.95 | t_so_far: {3083} | epsilon: 0.45 max: 28.619397654820254
Ep: 144 | Ep_r: 11.71 | t_so_far: {3095} | epsilon: 0.451 max: 28.619397654820254
Ep: 145 | Ep_r: 17.9 | t_so_far: {3145} | epsilon: 0.455 max: 28.619397654820254
Ep: 146 | Ep_r: 14.7 | t_so_far: {3148} | epsilon: 0.456 max: 28.619397654820254
Ep: 147 | Ep_r: 12.53 | t_so_far: {3153} | epsilon: 0.456 max: 28.619397654820254
Ep: 148 | Ep_r: 12.89 | t_so_far: {3170} | epsilon: 0.458 max: 28.619397654820254
Ep: 149 | Ep_r: 11.77 | t_so_far: {3179} | epsilon: 0.458 max: 28.619397654820254
Ep: 150 | Ep_r: 17.44 | t_so_far: {3224} | epsilon: 0.462 max: 28.619397654820254
Ep: 151 | Ep_r: 16.18 | t_so_far: {3237} | epsilon: 0.463 max: 28.619397654820254
Ep: 152 | Ep_r: 18.08 | t_so_far: {3266} | epsilon: 0.466 max: 28.619397654820254
Ep: 153 | Ep_r: 14.89 | t_so_far: {3269} | epsilon: 0.466 max: 28.619397654820254
Ep: 154 | Ep_r: 12.54 | t_so_far: {3273} | epsilon: 0.466 max: 28.619397654820254
Ep: 155 | Ep_r: 12.27 | t_so_far: {3287} | epsilon: 0.468 max: 28.619397654820254
Ep: 156 | Ep_r: 13.79 | t_so_far: {3312} | epsilon: 0.47 max: 28.619397654820254
Ep: 157 | Ep_r: 12.6 | t_so_far: {3321} | epsilon: 0.47 max: 28.619397654820254
Ep: 158 | Ep_r: 11.33 | t_so_far: {3329} | epsilon: 0.471 max: 28.619397654820254
Ep: 159 | Ep_r: 10.59 | t_so_far: {3338} | epsilon: 0.472 max: 28.619397654820254
Ep: 160 | Ep_r: 16.28 | t_so_far: {3383} | epsilon: 0.476 max: 28.619397654820254
Ep: 161 | Ep_r: 14.27 | t_so_far: {3391} | epsilon: 0.476 max: 28.619397654820254
Ep: 162 | Ep_r: 16.79 | t_so_far: {3423} | epsilon: 0.479 max: 28.619397654820254
Ep: 163 | Ep_r: 17.48 | t_so_far: {3445} | epsilon: 0.481 max: 28.619397654820254
Ep: 164 | Ep_r: 15.9 | t_so_far: {3456} | epsilon: 0.482 max: 28.619397654820254
Ep: 165 | Ep_r: 13.37 | t_so_far: {3460} | epsilon: 0.482 max: 28.619397654820254
Ep: 166 | Ep_r: 12.88 | t_so_far: {3472} | epsilon: 0.483 max: 28.619397654820254
Ep: 167 | Ep_r: 17.3 | t_so_far: {3513} | epsilon: 0.486 max: 28.619397654820254
Ep: 168 | Ep_r: 18.9 | t_so_far: {3541} | epsilon: 0.489 max: 28.619397654820254
Ep: 169 | Ep_r: 24.06 | t_so_far: {3591} | epsilon: 0.493 max: 28.619397654820254
Ep: 170 | Ep_r: 21.09 | t_so_far: {3602} | epsilon: 0.494 max: 28.619397654820254
Ep: 171 | Ep_r: 19.97 | t_so_far: {3619} | epsilon: 0.495 max: 28.619397654820254
Ep: 172 | Ep_r: 19.43 | t_so_far: {3639} | epsilon: 0.497 max: 28.619397654820254
Ep: 173 | Ep_r: 16.97 | t_so_far: {3648} | epsilon: 0.497 max: 28.619397654820254
Ep: 174 | Ep_r: 14.64 | t_so_far: {3655} | epsilon: 0.498 max: 28.619397654820254
Ep: 175 | Ep_r: 14.27 | t_so_far: {3670} | epsilon: 0.499 max: 28.619397654820254
Ep: 176 | Ep_r: 14.38 | t_so_far: {3688} | epsilon: 0.501 max: 28.619397654820254
Ep: 177 | Ep_r: 16.0 | t_so_far: {3714} | epsilon: 0.503 max: 28.619397654820254
Ep: 178 | Ep_r: 13.56 | t_so_far: {3719} | epsilon: 0.503 max: 28.619397654820254
Ep: 179 | Ep_r: 12.22 | t_so_far: {3727} | epsilon: 0.504 max: 28.619397654820254
Ep: 180 | Ep_r: 13.04 | t_so_far: {3744} | epsilon: 0.505 max: 28.619397654820254
Ep: 181 | Ep_r: 19.0 | t_so_far: {3794} | epsilon: 0.509 max: 28.619397654820254
Ep: 182 | Ep_r: 17.46 | t_so_far: {3807} | epsilon: 0.51 max: 28.619397654820254
Ep: 183 | Ep_r: 15.59 | t_so_far: {3816} | epsilon: 0.511 max: 28.619397654820254
Ep: 184 | Ep_r: 18.33 | t_so_far: {3848} | epsilon: 0.513 max: 28.619397654820254
Ep: 185 | Ep_r: 16.91 | t_so_far: {3862} | epsilon: 0.514 max: 28.619397654820254
Ep: 186 | Ep_r: 14.31 | t_so_far: {3867} | epsilon: 0.515 max: 28.619397654820254
Ep: 187 | Ep_r: 17.45 | t_so_far: {3899} | epsilon: 0.517 max: 28.619397654820254
Ep: 188 | Ep_r: 16.04 | t_so_far: {3912} | epsilon: 0.518 max: 28.619397654820254
Ep: 189 | Ep_r: 16.12 | t_so_far: {3932} | epsilon: 0.52 max: 28.619397654820254
Ep: 190 | Ep_r: 16.57 | t_so_far: {3955} | epsilon: 0.521 max: 28.619397654820254
Ep: 191 | Ep_r: 13.72 | t_so_far: {3958} | epsilon: 0.522 max: 28.619397654820254
Ep: 192 | Ep_r: 17.3 | t_so_far: {3992} | epsilon: 0.524 max: 28.619397654820254
Ep: 193 | Ep_r: 16.41 | t_so_far: {4006} | epsilon: 0.525 max: 28.619397654820254
Ep: 194 | Ep_r: 17.08 | t_so_far: {4029} | epsilon: 0.527 max: 28.619397654820254
Ep: 195 | Ep_r: 18.78 | t_so_far: {4060} | epsilon: 0.529 max: 28.619397654820254
Ep: 196 | Ep_r: 20.96 | t_so_far: {4098} | epsilon: 0.532 max: 28.619397654820254
Ep: 197 | Ep_r: 20.32 | t_so_far: {4118} | epsilon: 0.534 max: 28.619397654820254
Ep: 198 | Ep_r: 25.13 | t_so_far: {4168} | epsilon: 0.537 max: 28.619397654820254
Ep: 199 | Ep_r: 24.64 | t_so_far: {4194} | epsilon: 0.539 max: 28.619397654820254
Ep: 200 | Ep_r: 28.86 | t_so_far: {4244} | epsilon: 0.543 max: 28.859069769224256
Ep: 201 | Ep_r: 28.51 | t_so_far: {4273} | epsilon: 0.545 max: 28.859069769224256
Ep: 202 | Ep_r: 23.27 | t_so_far: {4276} | epsilon: 0.545 max: 28.859069769224256
Ep: 203 | Ep_r: 22.05 | t_so_far: {4295} | epsilon: 0.547 max: 28.859069769224256
Ep: 204 | Ep_r: 20.29 | t_so_far: {4312} | epsilon: 0.548 max: 28.859069769224256
Ep: 205 | Ep_r: 18.06 | t_so_far: {4323} | epsilon: 0.549 max: 28.859069769224256
Ep: 206 | Ep_r: 21.55 | t_so_far: {4364} | epsilon: 0.552 max: 28.859069769224256
Ep: 207 | Ep_r: 26.26 | t_so_far: {4414} | epsilon: 0.555 max: 28.859069769224256
Ep: 208 | Ep_r: 21.61 | t_so_far: {4418} | epsilon: 0.556 max: 28.859069769224256
Ep: 209 | Ep_r: 20.9 | t_so_far: {4439} | epsilon: 0.557 max: 28.859069769224256
Ep: 210 | Ep_r: 19.93 | t_so_far: {4458} | epsilon: 0.558 max: 28.859069769224256
Ep: 211 | Ep_r: 24.87 | t_so_far: {4508} | epsilon: 0.562 max: 28.859069769224256
Ep: 212 | Ep_r: 25.16 | t_so_far: {4537} | epsilon: 0.564 max: 28.859069769224256
Ep: 213 | Ep_r: 25.16 | t_so_far: {4565} | epsilon: 0.566 max: 28.859069769224256
Ep: 214 | Ep_r: 28.85 | t_so_far: {4615} | epsilon: 0.569 max: 28.859069769224256
Ep: 215 | Ep_r: 23.32 | t_so_far: {4617} | epsilon: 0.569 max: 28.859069769224256
Ep: 216 | Ep_r: 19.38 | t_so_far: {4622} | epsilon: 0.57 max: 28.859069769224256
Ep: 217 | Ep_r: 22.44 | t_so_far: {4663} | epsilon: 0.573 max: 28.859069769224256
Ep: 218 | Ep_r: 19.43 | t_so_far: {4673} | epsilon: 0.573 max: 28.859069769224256
Ep: 219 | Ep_r: 19.98 | t_so_far: {4700} | epsilon: 0.575 max: 28.859069769224256
Ep: 220 | Ep_r: 16.45 | t_so_far: {4703} | epsilon: 0.575 max: 28.859069769224256
Ep: 221 | Ep_r: 13.62 | t_so_far: {4706} | epsilon: 0.576 max: 28.859069769224256
Ep: 222 | Ep_r: 14.26 | t_so_far: {4726} | epsilon: 0.577 max: 28.859069769224256
Ep: 223 | Ep_r: 14.91 | t_so_far: {4745} | epsilon: 0.578 max: 28.859069769224256
Ep: 224 | Ep_r: 15.2 | t_so_far: {4765} | epsilon: 0.58 max: 28.859069769224256
Ep: 225 | Ep_r: 21.44 | t_so_far: {4815} | epsilon: 0.583 max: 28.859069769224256
Ep: 226 | Ep_r: 20.03 | t_so_far: {4832} | epsilon: 0.584 max: 28.859069769224256
Ep: 227 | Ep_r: 22.52 | t_so_far: {4869} | epsilon: 0.586 max: 28.859069769224256
Ep: 228 | Ep_r: 26.63 | t_so_far: {4919} | epsilon: 0.59 max: 28.859069769224256
Ep: 229 | Ep_r: 25.17 | t_so_far: {4942} | epsilon: 0.591 max: 28.859069769224256
Ep: 230 | Ep_r: 28.51 | t_so_far: {4991} | epsilon: 0.594 max: 28.859069769224256
Ep: 231 | Ep_r: 28.93 | t_so_far: {5028} | epsilon: 0.597 max: 28.931350446109484
Ep: 232 | Ep_r: 31.65 | t_so_far: {5078} | epsilon: 0.6 max: 31.64508035688759
Ep: 233 | Ep_r: 28.06 | t_so_far: {5094} | epsilon: 0.601 max: 31.64508035688759
Ep: 234 | Ep_r: 31.5 | t_so_far: {5144} | epsilon: 0.604 max: 31.64508035688759
Ep: 235 | Ep_r: 26.02 | t_so_far: {5149} | epsilon: 0.605 max: 31.64508035688759
Ep: 236 | Ep_r: 29.8 | t_so_far: {5199} | epsilon: 0.608 max: 31.64508035688759
Ep: 237 | Ep_r: 28.34 | t_so_far: {5226} | epsilon: 0.609 max: 31.64508035688759
Ep: 238 | Ep_r: 31.62 | t_so_far: {5276} | epsilon: 0.612 max: 31.64508035688759
Ep: 239 | Ep_r: 28.58 | t_so_far: {5295} | epsilon: 0.614 max: 31.64508035688759
Ep: 240 | Ep_r: 29.96 | t_so_far: {5338} | epsilon: 0.616 max: 31.64508035688759
Ep: 241 | Ep_r: 24.91 | t_so_far: {5344} | epsilon: 0.617 max: 31.64508035688759
Ep: 242 | Ep_r: 25.64 | t_so_far: {5376} | epsilon: 0.619 max: 31.64508035688759
Ep: 243 | Ep_r: 21.17 | t_so_far: {5380} | epsilon: 0.619 max: 31.64508035688759
Ep: 244 | Ep_r: 19.32 | t_so_far: {5394} | epsilon: 0.62 max: 31.64508035688759
Ep: 245 | Ep_r: 22.8 | t_so_far: {5436} | epsilon: 0.622 max: 31.64508035688759
Ep: 246 | Ep_r: 20.55 | t_so_far: {5449} | epsilon: 0.623 max: 31.64508035688759
Ep: 247 | Ep_r: 22.38 | t_so_far: {5481} | epsilon: 0.625 max: 31.64508035688759
Ep: 248 | Ep_r: 18.35 | t_so_far: {5484} | epsilon: 0.625 max: 31.64508035688759
Ep: 249 | Ep_r: 17.5 | t_so_far: {5500} | epsilon: 0.626 max: 31.64508035688759
Ep: 250 | Ep_r: 20.06 | t_so_far: {5534} | epsilon: 0.628 max: 31.64508035688759
Ep: 251 | Ep_r: 17.58 | t_so_far: {5543} | epsilon: 0.629 max: 31.64508035688759
Ep: 252 | Ep_r: 22.32 | t_so_far: {5589} | epsilon: 0.631 max: 31.64508035688759
Ep: 253 | Ep_r: 19.64 | t_so_far: {5599} | epsilon: 0.632 max: 31.64508035688759
Ep: 254 | Ep_r: 21.54 | t_so_far: {5633} | epsilon: 0.634 max: 31.64508035688759
Ep: 255 | Ep_r: 26.52 | t_so_far: {5683} | epsilon: 0.637 max: 31.64508035688759
Ep: 256 | Ep_r: 23.73 | t_so_far: {5698} | epsilon: 0.638 max: 31.64508035688759
Ep: 257 | Ep_r: 23.57 | t_so_far: {5725} | epsilon: 0.639 max: 31.64508035688759
Ep: 258 | Ep_r: 19.25 | t_so_far: {5728} | epsilon: 0.639 max: 31.64508035688759
Ep: 259 | Ep_r: 18.23 | t_so_far: {5744} | epsilon: 0.64 max: 31.64508035688759
Ep: 260 | Ep_r: 17.34 | t_so_far: {5759} | epsilon: 0.641 max: 31.64508035688759
Ep: 261 | Ep_r: 17.56 | t_so_far: {5781} | epsilon: 0.642 max: 31.64508035688759
Ep: 262 | Ep_r: 18.81 | t_so_far: {5807} | epsilon: 0.644 max: 31.64508035688759
Ep: 263 | Ep_r: 16.49 | t_so_far: {5816} | epsilon: 0.644 max: 31.64508035688759
Ep: 264 | Ep_r: 16.7 | t_so_far: {5835} | epsilon: 0.646 max: 31.64508035688759
Ep: 265 | Ep_r: 22.13 | t_so_far: {5885} | epsilon: 0.648 max: 31.64508035688759
Ep: 266 | Ep_r: 23.18 | t_so_far: {5916} | epsilon: 0.65 max: 31.64508035688759
Ep: 267 | Ep_r: 24.16 | t_so_far: {5948} | epsilon: 0.652 max: 31.64508035688759
Ep: 268 | Ep_r: 21.8 | t_so_far: {5962} | epsilon: 0.653 max: 31.64508035688759
Ep: 269 | Ep_r: 19.73 | t_so_far: {5976} | epsilon: 0.653 max: 31.64508035688759
Ep: 270 | Ep_r: 24.79 | t_so_far: {6026} | epsilon: 0.656 max: 31.64508035688759
Ep: 271 | Ep_r: 28.57 | t_so_far: {6076} | epsilon: 0.659 max: 31.64508035688759
Ep: 272 | Ep_r: 26.45 | t_so_far: {6097} | epsilon: 0.66 max: 31.64508035688759
Ep: 273 | Ep_r: 30.43 | t_so_far: {6147} | epsilon: 0.663 max: 31.64508035688759
Ep: 274 | Ep_r: 26.57 | t_so_far: {6160} | epsilon: 0.663 max: 31.64508035688759
Ep: 275 | Ep_r: 29.84 | t_so_far: {6210} | epsilon: 0.666 max: 31.64508035688759
Ep: 276 | Ep_r: 28.05 | t_so_far: {6233} | epsilon: 0.667 max: 31.64508035688759
Ep: 277 | Ep_r: 28.87 | t_so_far: {6273} | epsilon: 0.669 max: 31.64508035688759
Ep: 278 | Ep_r: 26.18 | t_so_far: {6294} | epsilon: 0.671 max: 31.64508035688759
Ep: 279 | Ep_r: 23.13 | t_so_far: {6307} | epsilon: 0.671 max: 31.64508035688759
Ep: 280 | Ep_r: 23.35 | t_so_far: {6338} | epsilon: 0.673 max: 31.64508035688759
Ep: 281 | Ep_r: 23.88 | t_so_far: {6367} | epsilon: 0.674 max: 31.64508035688759
Ep: 282 | Ep_r: 20.82 | t_so_far: {6379} | epsilon: 0.675 max: 31.64508035688759
Ep: 283 | Ep_r: 18.78 | t_so_far: {6391} | epsilon: 0.676 max: 31.64508035688759
Ep: 284 | Ep_r: 15.91 | t_so_far: {6397} | epsilon: 0.676 max: 31.64508035688759
Ep: 285 | Ep_r: 19.9 | t_so_far: {6438} | epsilon: 0.678 max: 31.64508035688759
Ep: 286 | Ep_r: 24.33 | t_so_far: {6484} | epsilon: 0.68 max: 31.64508035688759
Ep: 287 | Ep_r: 28.34 | t_so_far: {6534} | epsilon: 0.683 max: 31.64508035688759
Ep: 288 | Ep_r: 30.66 | t_so_far: {6581} | epsilon: 0.685 max: 31.64508035688759
Ep: 289 | Ep_r: 33.58 | t_so_far: {6631} | epsilon: 0.688 max: 33.57843707580743
Ep: 290 | Ep_r: 34.38 | t_so_far: {6672} | epsilon: 0.69 max: 34.38274966064594
Ep: 291 | Ep_r: 30.05 | t_so_far: {6686} | epsilon: 0.691 max: 34.38274966064594
Ep: 292 | Ep_r: 33.26 | t_so_far: {6736} | epsilon: 0.693 max: 34.38274966064594
Ep: 293 | Ep_r: 28.46 | t_so_far: {6747} | epsilon: 0.694 max: 34.38274966064594
Ep: 294 | Ep_r: 23.37 | t_so_far: {6751} | epsilon: 0.694 max: 34.38274966064594
Ep: 295 | Ep_r: 21.95 | t_so_far: {6769} | epsilon: 0.695 max: 34.38274966064594
Ep: 296 | Ep_r: 23.2 | t_so_far: {6803} | epsilon: 0.696 max: 34.38274966064594
Ep: 297 | Ep_r: 19.16 | t_so_far: {6807} | epsilon: 0.696 max: 34.38274966064594
Ep: 298 | Ep_r: 24.56 | t_so_far: {6857} | epsilon: 0.699 max: 34.38274966064594
Ep: 299 | Ep_r: 22.23 | t_so_far: {6871} | epsilon: 0.7 max: 34.38274966064594
Ep: 300 | Ep_r: 18.75 | t_so_far: {6877} | epsilon: 0.7 max: 34.38274966064594
Ep: 301 | Ep_r: 15.78 | t_so_far: {6882} | epsilon: 0.7 max: 34.38274966064594
Ep: 302 | Ep_r: 18.6 | t_so_far: {6914} | epsilon: 0.702 max: 34.38274966064594
Ep: 303 | Ep_r: 19.46 | t_so_far: {6940} | epsilon: 0.703 max: 34.38274966064594
Ep: 304 | Ep_r: 16.2 | t_so_far: {6944} | epsilon: 0.703 max: 34.38274966064594
Ep: 305 | Ep_r: 21.04 | t_so_far: {6989} | epsilon: 0.705 max: 34.38274966064594
Ep: 306 | Ep_r: 20.58 | t_so_far: {7010} | epsilon: 0.706 max: 34.38274966064594
Ep: 307 | Ep_r: 22.55 | t_so_far: {7047} | epsilon: 0.708 max: 34.38274966064594
Ep: 308 | Ep_r: 22.42 | t_so_far: {7071} | epsilon: 0.709 max: 34.38274966064594
Ep: 309 | Ep_r: 20.06 | t_so_far: {7083} | epsilon: 0.709 max: 34.38274966064594
Ep: 310 | Ep_r: 18.65 | t_so_far: {7097} | epsilon: 0.71 max: 34.38274966064594
Ep: 311 | Ep_r: 15.54 | t_so_far: {7101} | epsilon: 0.71 max: 34.38274966064594
Ep: 312 | Ep_r: 14.91 | t_so_far: {7115} | epsilon: 0.711 max: 34.38274966064594
Ep: 313 | Ep_r: 21.01 | t_so_far: {7165} | epsilon: 0.713 max: 34.38274966064594
Ep: 314 | Ep_r: 23.38 | t_so_far: {7205} | epsilon: 0.715 max: 34.38274966064594
Ep: 315 | Ep_r: 28.39 | t_so_far: {7255} | epsilon: 0.717 max: 34.38274966064594
Ep: 316 | Ep_r: 30.51 | t_so_far: {7300} | epsilon: 0.719 max: 34.38274966064594
Ep: 317 | Ep_r: 28.63 | t_so_far: {7325} | epsilon: 0.72 max: 34.38274966064594
Ep: 318 | Ep_r: 31.83 | t_so_far: {7375} | epsilon: 0.723 max: 34.38274966064594
Ep: 319 | Ep_r: 29.73 | t_so_far: {7401} | epsilon: 0.724 max: 34.38274966064594
Ep: 320 | Ep_r: 28.27 | t_so_far: {7428} | epsilon: 0.725 max: 34.38274966064594
Ep: 321 | Ep_r: 26.42 | t_so_far: {7451} | epsilon: 0.726 max: 34.38274966064594
Ep: 322 | Ep_r: 23.75 | t_so_far: {7466} | epsilon: 0.727 max: 34.38274966064594
Ep: 323 | Ep_r: 27.17 | t_so_far: {7516} | epsilon: 0.729 max: 34.38274966064594
Ep: 324 | Ep_r: 29.33 | t_so_far: {7563} | epsilon: 0.731 max: 34.38274966064594
Ep: 325 | Ep_r: 29.84 | t_so_far: {7598} | epsilon: 0.732 max: 34.38274966064594
Ep: 326 | Ep_r: 25.61 | t_so_far: {7608} | epsilon: 0.733 max: 34.38274966064594
Ep: 327 | Ep_r: 29.5 | t_so_far: {7658} | epsilon: 0.735 max: 34.38274966064594
Ep: 328 | Ep_r: 32.34 | t_so_far: {7708} | epsilon: 0.737 max: 34.38274966064594
Ep: 329 | Ep_r: 27.56 | t_so_far: {7718} | epsilon: 0.737 max: 34.38274966064594
Ep: 330 | Ep_r: 22.49 | t_so_far: {7721} | epsilon: 0.738 max: 34.38274966064594
Ep: 331 | Ep_r: 22.94 | t_so_far: {7748} | epsilon: 0.739 max: 34.38274966064594
Ep: 332 | Ep_r: 20.05 | t_so_far: {7758} | epsilon: 0.739 max: 34.38274966064594
Ep: 333 | Ep_r: 25.24 | t_so_far: {7808} | epsilon: 0.741 max: 34.38274966064594
Ep: 334 | Ep_r: 28.28 | t_so_far: {7858} | epsilon: 0.743 max: 34.38274966064594
Ep: 335 | Ep_r: 23.5 | t_so_far: {7864} | epsilon: 0.744 max: 34.38274966064594
Ep: 336 | Ep_r: 27.4 | t_so_far: {7914} | epsilon: 0.746 max: 34.38274966064594
Ep: 337 | Ep_r: 31.31 | t_so_far: {7964} | epsilon: 0.748 max: 34.38274966064594
Ep: 338 | Ep_r: 26.54 | t_so_far: {7973} | epsilon: 0.748 max: 34.38274966064594
Ep: 339 | Ep_r: 29.46 | t_so_far: {8023} | epsilon: 0.75 max: 34.38274966064594
Ep: 340 | Ep_r: 32.11 | t_so_far: {8073} | epsilon: 0.752 max: 34.38274966064594
Ep: 341 | Ep_r: 34.62 | t_so_far: {8123} | epsilon: 0.754 max: 34.620876769789184
Ep: 342 | Ep_r: 33.82 | t_so_far: {8157} | epsilon: 0.755 max: 34.620876769789184
Ep: 343 | Ep_r: 32.98 | t_so_far: {8188} | epsilon: 0.756 max: 34.620876769789184
Ep: 344 | Ep_r: 35.63 | t_so_far: {8238} | epsilon: 0.758 max: 35.6296222394654
Ep: 345 | Ep_r: 37.34 | t_so_far: {8288} | epsilon: 0.76 max: 37.34369779157232
Ep: 346 | Ep_r: 38.8 | t_so_far: {8338} | epsilon: 0.762 max: 38.801624899924526
Ep: 347 | Ep_r: 40.15 | t_so_far: {8388} | epsilon: 0.764 max: 40.154633253272955
Ep: 348 | Ep_r: 35.78 | t_so_far: {8410} | epsilon: 0.765 max: 40.154633253272955
Ep: 349 | Ep_r: 37.26 | t_so_far: {8460} | epsilon: 0.767 max: 40.154633253272955
Ep: 350 | Ep_r: 38.47 | t_so_far: {8510} | epsilon: 0.769 max: 40.154633253272955
Ep: 351 | Ep_r: 37.86 | t_so_far: {8549} | epsilon: 0.77 max: 40.154633253272955
Ep: 352 | Ep_r: 38.63 | t_so_far: {8599} | epsilon: 0.772 max: 40.154633253272955
Ep: 353 | Ep_r: 39.36 | t_so_far: {8649} | epsilon: 0.774 max: 40.154633253272955
Ep: 354 | Ep_r: 40.45 | t_so_far: {8699} | epsilon: 0.775 max: 40.44566755697013
Ep: 355 | Ep_r: 33.65 | t_so_far: {8707} | epsilon: 0.776 max: 40.44566755697013
Ep: 356 | Ep_r: 30.98 | t_so_far: {8730} | epsilon: 0.777 max: 40.44566755697013
Ep: 357 | Ep_r: 32.82 | t_so_far: {8780} | epsilon: 0.778 max: 40.44566755697013
Ep: 358 | Ep_r: 35.09 | t_so_far: {8830} | epsilon: 0.78 max: 40.44566755697013
Ep: 359 | Ep_r: 36.95 | t_so_far: {8880} | epsilon: 0.782 max: 40.44566755697013
Ep: 360 | Ep_r: 38.09 | t_so_far: {8930} | epsilon: 0.784 max: 40.44566755697013
Ep: 361 | Ep_r: 39.34 | t_so_far: {8980} | epsilon: 0.785 max: 40.44566755697013
Ep: 362 | Ep_r: 34.79 | t_so_far: {8999} | epsilon: 0.786 max: 40.44566755697013
Ep: 363 | Ep_r: 31.4 | t_so_far: {9019} | epsilon: 0.787 max: 40.44566755697013
Ep: 364 | Ep_r: 34.2 | t_so_far: {9069} | epsilon: 0.788 max: 40.44566755697013
Ep: 365 | Ep_r: 34.69 | t_so_far: {9110} | epsilon: 0.79 max: 40.44566755697013
Ep: 366 | Ep_r: 36.72 | t_so_far: {9160} | epsilon: 0.791 max: 40.44566755697013
Ep: 367 | Ep_r: 37.2 | t_so_far: {9210} | epsilon: 0.793 max: 40.44566755697013
Ep: 368 | Ep_r: 31.02 | t_so_far: {9217} | epsilon: 0.793 max: 40.44566755697013
Ep: 369 | Ep_r: 30.72 | t_so_far: {9252} | epsilon: 0.794 max: 40.44566755697013
Ep: 370 | Ep_r: 34.04 | t_so_far: {9302} | epsilon: 0.796 max: 40.44566755697013
Ep: 371 | Ep_r: 29.01 | t_so_far: {9312} | epsilon: 0.796 max: 40.44566755697013
Ep: 372 | Ep_r: 32.07 | t_so_far: {9362} | epsilon: 0.798 max: 40.44566755697013
Ep: 373 | Ep_r: 26.29 | t_so_far: {9366} | epsilon: 0.798 max: 40.44566755697013
Ep: 374 | Ep_r: 25.36 | t_so_far: {9392} | epsilon: 0.799 max: 40.44566755697013
Ep: 375 | Ep_r: 26.92 | t_so_far: {9432} | epsilon: 0.8 max: 40.44566755697013
Ep: 376 | Ep_r: 22.95 | t_so_far: {9440} | epsilon: 0.8 max: 40.44566755697013
Ep: 377 | Ep_r: 19.0 | t_so_far: {9444} | epsilon: 0.801 max: 40.44566755697013
Ep: 378 | Ep_r: 23.64 | t_so_far: {9494} | epsilon: 0.802 max: 40.44566755697013
Ep: 379 | Ep_r: 26.8 | t_so_far: {9544} | epsilon: 0.804 max: 40.44566755697013
Ep: 380 | Ep_r: 25.93 | t_so_far: {9571} | epsilon: 0.805 max: 40.44566755697013
Ep: 381 | Ep_r: 28.93 | t_so_far: {9619} | epsilon: 0.806 max: 40.44566755697013
Ep: 382 | Ep_r: 30.5 | t_so_far: {9659} | epsilon: 0.807 max: 40.44566755697013
Ep: 383 | Ep_r: 28.83 | t_so_far: {9686} | epsilon: 0.808 max: 40.44566755697013
Ep: 384 | Ep_r: 29.39 | t_so_far: {9723} | epsilon: 0.809 max: 40.44566755697013
Ep: 385 | Ep_r: 24.64 | t_so_far: {9730} | epsilon: 0.809 max: 40.44566755697013
Ep: 386 | Ep_r: 20.26 | t_so_far: {9734} | epsilon: 0.81 max: 40.44566755697013
Ep: 387 | Ep_r: 16.87 | t_so_far: {9738} | epsilon: 0.81 max: 40.44566755697013
Ep: 388 | Ep_r: 18.67 | t_so_far: {9767} | epsilon: 0.811 max: 40.44566755697013
Ep: 389 | Ep_r: 18.4 | t_so_far: {9789} | epsilon: 0.811 max: 40.44566755697013
Ep: 390 | Ep_r: 18.78 | t_so_far: {9811} | epsilon: 0.812 max: 40.44566755697013
Ep: 391 | Ep_r: 23.83 | t_so_far: {9861} | epsilon: 0.813 max: 40.44566755697013
Ep: 392 | Ep_r: 28.21 | t_so_far: {9911} | epsilon: 0.815 max: 40.44566755697013
Ep: 393 | Ep_r: 30.55 | t_so_far: {9961} | epsilon: 0.816 max: 40.44566755697013
Ep: 394 | Ep_r: 33.53 | t_so_far: {10011} | epsilon: 0.818 max: 40.44566755697013
Ep: 395 | Ep_r: 35.42 | t_so_far: {10061} | epsilon: 0.819 max: 40.44566755697013
Ep: 396 | Ep_r: 35.85 | t_so_far: {10101} | epsilon: 0.82 max: 40.44566755697013
Ep: 397 | Ep_r: 33.91 | t_so_far: {10129} | epsilon: 0.821 max: 40.44566755697013
Ep: 398 | Ep_r: 36.82 | t_so_far: {10179} | epsilon: 0.823 max: 40.44566755697013
Ep: 399 | Ep_r: 36.05 | t_so_far: {10215} | epsilon: 0.824 max: 40.44566755697013
Ep: 400 | Ep_r: 29.3 | t_so_far: {10218} | epsilon: 0.824 max: 40.44566755697013
Ep: 401 | Ep_r: 32.46 | t_so_far: {10266} | epsilon: 0.825 max: 40.44566755697013
Ep: 402 | Ep_r: 32.27 | t_so_far: {10305} | epsilon: 0.826 max: 40.44566755697013
Ep: 403 | Ep_r: 34.61 | t_so_far: {10355} | epsilon: 0.827 max: 40.44566755697013
Ep: 404 | Ep_r: 29.73 | t_so_far: {10368} | epsilon: 0.828 max: 40.44566755697013
Ep: 405 | Ep_r: 27.78 | t_so_far: {10390} | epsilon: 0.828 max: 40.44566755697013
Ep: 406 | Ep_r: 23.06 | t_so_far: {10395} | epsilon: 0.829 max: 40.44566755697013
Ep: 407 | Ep_r: 22.62 | t_so_far: {10417} | epsilon: 0.829 max: 40.44566755697013
Ep: 408 | Ep_r: 24.65 | t_so_far: {10454} | epsilon: 0.83 max: 40.44566755697013
Ep: 409 | Ep_r: 19.96 | t_so_far: {10456} | epsilon: 0.83 max: 40.44566755697013
Ep: 410 | Ep_r: 24.56 | t_so_far: {10506} | epsilon: 0.832 max: 40.44566755697013
Ep: 411 | Ep_r: 28.72 | t_so_far: {10556} | epsilon: 0.833 max: 40.44566755697013
Ep: 412 | Ep_r: 27.16 | t_so_far: {10580} | epsilon: 0.834 max: 40.44566755697013
Ep: 413 | Ep_r: 29.06 | t_so_far: {10620} | epsilon: 0.835 max: 40.44566755697013
Ep: 414 | Ep_r: 24.81 | t_so_far: {10630} | epsilon: 0.835 max: 40.44566755697013
Ep: 415 | Ep_r: 28.64 | t_so_far: {10680} | epsilon: 0.836 max: 40.44566755697013
Ep: 416 | Ep_r: 26.04 | t_so_far: {10697} | epsilon: 0.837 max: 40.44566755697013
Ep: 417 | Ep_r: 29.55 | t_so_far: {10747} | epsilon: 0.838 max: 40.44566755697013
Ep: 418 | Ep_r: 29.34 | t_so_far: {10779} | epsilon: 0.839 max: 40.44566755697013
Ep: 419 | Ep_r: 29.03 | t_so_far: {10810} | epsilon: 0.84 max: 40.44566755697013
Ep: 420 | Ep_r: 32.57 | t_so_far: {10860} | epsilon: 0.841 max: 40.44566755697013
Ep: 421 | Ep_r: 30.48 | t_so_far: {10884} | epsilon: 0.841 max: 40.44566755697013
Ep: 422 | Ep_r: 28.63 | t_so_far: {10909} | epsilon: 0.842 max: 40.44566755697013
Ep: 423 | Ep_r: 28.07 | t_so_far: {10939} | epsilon: 0.843 max: 40.44566755697013
Ep: 424 | Ep_r: 25.25 | t_so_far: {10955} | epsilon: 0.843 max: 40.44566755697013
Ep: 425 | Ep_r: 24.13 | t_so_far: {10977} | epsilon: 0.844 max: 40.44566755697013
Ep: 426 | Ep_r: 26.6 | t_so_far: {11016} | epsilon: 0.845 max: 40.44566755697013
Ep: 427 | Ep_r: 29.1 | t_so_far: {11061} | epsilon: 0.846 max: 40.44566755697013
Ep: 428 | Ep_r: 26.44 | t_so_far: {11078} | epsilon: 0.846 max: 40.44566755697013
Ep: 429 | Ep_r: 27.25 | t_so_far: {11113} | epsilon: 0.847 max: 40.44566755697013
Ep: 430 | Ep_r: 24.81 | t_so_far: {11131} | epsilon: 0.848 max: 40.44566755697013
Ep: 431 | Ep_r: 21.26 | t_so_far: {11139} | epsilon: 0.848 max: 40.44566755697013
Ep: 432 | Ep_r: 25.96 | t_so_far: {11189} | epsilon: 0.849 max: 40.44566755697013
Ep: 433 | Ep_r: 25.02 | t_so_far: {11214} | epsilon: 0.85 max: 40.44566755697013
Ep: 434 | Ep_r: 23.87 | t_so_far: {11238} | epsilon: 0.85 max: 40.44566755697013
Ep: 435 | Ep_r: 27.8 | t_so_far: {11288} | epsilon: 0.851 max: 40.44566755697013
Ep: 436 | Ep_r: 29.92 | t_so_far: {11332} | epsilon: 0.852 max: 40.44566755697013
Ep: 437 | Ep_r: 32.62 | t_so_far: {11382} | epsilon: 0.853 max: 40.44566755697013
Ep: 438 | Ep_r: 27.55 | t_so_far: {11390} | epsilon: 0.854 max: 40.44566755697013
Ep: 439 | Ep_r: 28.35 | t_so_far: {11426} | epsilon: 0.854 max: 40.44566755697013
Ep: 440 | Ep_r: 31.49 | t_so_far: {11476} | epsilon: 0.856 max: 40.44566755697013
Ep: 441 | Ep_r: 34.13 | t_so_far: {11526} | epsilon: 0.857 max: 40.44566755697013
Ep: 442 | Ep_r: 32.8 | t_so_far: {11557} | epsilon: 0.857 max: 40.44566755697013
Ep: 443 | Ep_r: 35.46 | t_so_far: {11607} | epsilon: 0.859 max: 40.44566755697013
Ep: 444 | Ep_r: 37.17 | t_so_far: {11657} | epsilon: 0.86 max: 40.44566755697013
Ep: 445 | Ep_r: 38.29 | t_so_far: {11707} | epsilon: 0.861 max: 40.44566755697013
Ep: 446 | Ep_r: 39.41 | t_so_far: {11757} | epsilon: 0.862 max: 40.44566755697013
Ep: 447 | Ep_r: 35.9 | t_so_far: {11784} | epsilon: 0.863 max: 40.44566755697013
Ep: 448 | Ep_r: 37.25 | t_so_far: {11834} | epsilon: 0.864 max: 40.44566755697013
Ep: 449 | Ep_r: 34.76 | t_so_far: {11863} | epsilon: 0.864 max: 40.44566755697013
Ep: 450 | Ep_r: 36.23 | t_so_far: {11913} | epsilon: 0.865 max: 40.44566755697013
Ep: 451 | Ep_r: 37.53 | t_so_far: {11963} | epsilon: 0.866 max: 40.44566755697013
Ep: 452 | Ep_r: 39.14 | t_so_far: {12013} | epsilon: 0.867 max: 40.44566755697013
Ep: 453 | Ep_r: 33.41 | t_so_far: {12025} | epsilon: 0.868 max: 40.44566755697013
Ep: 454 | Ep_r: 28.52 | t_so_far: {12035} | epsilon: 0.868 max: 40.44566755697013
Ep: 455 | Ep_r: 31.8 | t_so_far: {12085} | epsilon: 0.869 max: 40.44566755697013
Ep: 456 | Ep_r: 33.88 | t_so_far: {12135} | epsilon: 0.87 max: 40.44566755697013
Ep: 457 | Ep_r: 35.46 | t_so_far: {12185} | epsilon: 0.871 max: 40.44566755697013
Ep: 458 | Ep_r: 37.15 | t_so_far: {12235} | epsilon: 0.872 max: 40.44566755697013
Ep: 459 | Ep_r: 38.73 | t_so_far: {12285} | epsilon: 0.873 max: 40.44566755697013
Ep: 460 | Ep_r: 33.65 | t_so_far: {12301} | epsilon: 0.873 max: 40.44566755697013
Ep: 461 | Ep_r: 30.28 | t_so_far: {12320} | epsilon: 0.874 max: 40.44566755697013
Ep: 462 | Ep_r: 31.41 | t_so_far: {12359} | epsilon: 0.875 max: 40.44566755697013
Ep: 463 | Ep_r: 32.72 | t_so_far: {12403} | epsilon: 0.875 max: 40.44566755697013
Ep: 464 | Ep_r: 34.81 | t_so_far: {12453} | epsilon: 0.876 max: 40.44566755697013
Ep: 465 | Ep_r: 30.61 | t_so_far: {12469} | epsilon: 0.877 max: 40.44566755697013
Ep: 466 | Ep_r: 33.26 | t_so_far: {12519} | epsilon: 0.878 max: 40.44566755697013
Ep: 467 | Ep_r: 35.61 | t_so_far: {12569} | epsilon: 0.879 max: 40.44566755697013
Ep: 468 | Ep_r: 35.66 | t_so_far: {12610} | epsilon: 0.879 max: 40.44566755697013
Ep: 469 | Ep_r: 37.23 | t_so_far: {12660} | epsilon: 0.88 max: 40.44566755697013
Ep: 470 | Ep_r: 39.35 | t_so_far: {12710} | epsilon: 0.881 max: 40.44566755697013
Ep: 471 | Ep_r: 33.38 | t_so_far: {12721} | epsilon: 0.882 max: 40.44566755697013
Ep: 472 | Ep_r: 35.39 | t_so_far: {12771} | epsilon: 0.882 max: 40.44566755697013
Ep: 473 | Ep_r: 30.48 | t_so_far: {12785} | epsilon: 0.883 max: 40.44566755697013
Ep: 474 | Ep_r: 33.41 | t_so_far: {12835} | epsilon: 0.884 max: 40.44566755697013
Ep: 475 | Ep_r: 28.2 | t_so_far: {12844} | epsilon: 0.884 max: 40.44566755697013
Ep: 476 | Ep_r: 30.76 | t_so_far: {12894} | epsilon: 0.885 max: 40.44566755697013
Ep: 477 | Ep_r: 26.98 | t_so_far: {12907} | epsilon: 0.885 max: 40.44566755697013
Ep: 478 | Ep_r: 29.83 | t_so_far: {12954} | epsilon: 0.886 max: 40.44566755697013
Ep: 479 | Ep_r: 31.52 | t_so_far: {12999} | epsilon: 0.887 max: 40.44566755697013
Ep: 480 | Ep_r: 34.13 | t_so_far: {13049} | epsilon: 0.888 max: 40.44566755697013
Ep: 481 | Ep_r: 35.75 | t_so_far: {13099} | epsilon: 0.888 max: 40.44566755697013
Ep: 482 | Ep_r: 32.68 | t_so_far: {13124} | epsilon: 0.889 max: 40.44566755697013
Ep: 483 | Ep_r: 35.11 | t_so_far: {13174} | epsilon: 0.89 max: 40.44566755697013
Ep: 484 | Ep_r: 32.89 | t_so_far: {13201} | epsilon: 0.89 max: 40.44566755697013
Ep: 485 | Ep_r: 34.89 | t_so_far: {13251} | epsilon: 0.891 max: 40.44566755697013
Ep: 486 | Ep_r: 36.94 | t_so_far: {13301} | epsilon: 0.892 max: 40.44566755697013
Ep: 487 | Ep_r: 38.51 | t_so_far: {13351} | epsilon: 0.893 max: 40.44566755697013
Ep: 488 | Ep_r: 35.42 | t_so_far: {13377} | epsilon: 0.893 max: 40.44566755697013
Ep: 489 | Ep_r: 31.05 | t_so_far: {13394} | epsilon: 0.894 max: 40.44566755697013
Ep: 490 | Ep_r: 33.73 | t_so_far: {13444} | epsilon: 0.894 max: 40.44566755697013
Ep: 491 | Ep_r: 36.08 | t_so_far: {13494} | epsilon: 0.895 max: 40.44566755697013
Ep: 492 | Ep_r: 35.75 | t_so_far: {13536} | epsilon: 0.896 max: 40.44566755697013
Ep: 493 | Ep_r: 37.09 | t_so_far: {13584} | epsilon: 0.897 max: 40.44566755697013
Ep: 494 | Ep_r: 38.93 | t_so_far: {13634} | epsilon: 0.898 max: 40.44566755697013
Ep: 495 | Ep_r: 39.81 | t_so_far: {13684} | epsilon: 0.898 max: 40.44566755697013
Ep: 496 | Ep_r: 40.45 | t_so_far: {13734} | epsilon: 0.899 max: 40.45069801005839
Ep: 497 | Ep_r: 37.71 | t_so_far: {13764} | epsilon: 0.9 max: 40.45069801005839
Ep: 498 | Ep_r: 34.85 | t_so_far: {13790} | epsilon: 0.9 max: 40.45069801005839
Ep: 499 | Ep_r: 34.54 | t_so_far: {13831} | epsilon: 0.901 max: 40.45069801005839
Ep: 500 | Ep_r: 36.76 | t_so_far: {13881} | epsilon: 0.901 max: 40.45069801005839
Ep: 501 | Ep_r: 38.11 | t_so_far: {13931} | epsilon: 0.902 max: 40.45069801005839
Ep: 502 | Ep_r: 38.2 | t_so_far: {13975} | epsilon: 0.903 max: 40.45069801005839
Ep: 503 | Ep_r: 39.47 | t_so_far: {14025} | epsilon: 0.904 max: 40.45069801005839
Ep: 504 | Ep_r: 32.19 | t_so_far: {14029} | epsilon: 0.904 max: 40.45069801005839
Ep: 505 | Ep_r: 26.19 | t_so_far: {14032} | epsilon: 0.904 max: 40.45069801005839
Ep: 506 | Ep_r: 26.48 | t_so_far: {14065} | epsilon: 0.904 max: 40.45069801005839
Ep: 507 | Ep_r: 22.64 | t_so_far: {14074} | epsilon: 0.904 max: 40.45069801005839
Ep: 508 | Ep_r: 24.13 | t_so_far: {14108} | epsilon: 0.905 max: 40.45069801005839
Ep: 509 | Ep_r: 28.2 | t_so_far: {14158} | epsilon: 0.906 max: 40.45069801005839
Ep: 510 | Ep_r: 24.45 | t_so_far: {14170} | epsilon: 0.906 max: 40.45069801005839
Ep: 511 | Ep_r: 28.34 | t_so_far: {14220} | epsilon: 0.907 max: 40.45069801005839
Ep: 512 | Ep_r: 31.4 | t_so_far: {14270} | epsilon: 0.907 max: 40.45069801005839
Ep: 513 | Ep_r: 27.71 | t_so_far: {14284} | epsilon: 0.908 max: 40.45069801005839
Ep: 514 | Ep_r: 22.74 | t_so_far: {14288} | epsilon: 0.908 max: 40.45069801005839
Ep: 515 | Ep_r: 27.4 | t_so_far: {14338} | epsilon: 0.908 max: 40.45069801005839
Ep: 516 | Ep_r: 31.07 | t_so_far: {14388} | epsilon: 0.909 max: 40.45069801005839
Ep: 517 | Ep_r: 29.03 | t_so_far: {14411} | epsilon: 0.909 max: 40.45069801005839
Ep: 518 | Ep_r: 32.39 | t_so_far: {14461} | epsilon: 0.91 max: 40.45069801005839
Ep: 519 | Ep_r: 29.72 | t_so_far: {14482} | epsilon: 0.91 max: 40.45069801005839
Ep: 520 | Ep_r: 25.17 | t_so_far: {14490} | epsilon: 0.91 max: 40.45069801005839
Ep: 521 | Ep_r: 21.32 | t_so_far: {14497} | epsilon: 0.911 max: 40.45069801005839
Ep: 522 | Ep_r: 25.92 | t_so_far: {14547} | epsilon: 0.911 max: 40.45069801005839
Ep: 523 | Ep_r: 26.72 | t_so_far: {14580} | epsilon: 0.912 max: 40.45069801005839
Ep: 524 | Ep_r: 26.05 | t_so_far: {14608} | epsilon: 0.912 max: 40.45069801005839
Ep: 525 | Ep_r: 30.04 | t_so_far: {14658} | epsilon: 0.913 max: 40.45069801005839
Ep: 526 | Ep_r: 32.87 | t_so_far: {14708} | epsilon: 0.914 max: 40.45069801005839
Ep: 527 | Ep_r: 28.09 | t_so_far: {14719} | epsilon: 0.914 max: 40.45069801005839
Ep: 528 | Ep_r: 26.44 | t_so_far: {14742} | epsilon: 0.914 max: 40.45069801005839
Ep: 529 | Ep_r: 29.93 | t_so_far: {14792} | epsilon: 0.915 max: 40.45069801005839
Ep: 530 | Ep_r: 27.24 | t_so_far: {14811} | epsilon: 0.915 max: 40.45069801005839
Ep: 531 | Ep_r: 30.91 | t_so_far: {14861} | epsilon: 0.916 max: 40.45069801005839
Ep: 532 | Ep_r: 33.43 | t_so_far: {14911} | epsilon: 0.916 max: 40.45069801005839
Ep: 533 | Ep_r: 36.08 | t_so_far: {14961} | epsilon: 0.917 max: 40.45069801005839
Ep: 534 | Ep_r: 37.49 | t_so_far: {15011} | epsilon: 0.918 max: 40.45069801005839
Ep: 535 | Ep_r: 38.69 | t_so_far: {15061} | epsilon: 0.918 max: 40.45069801005839
Ep: 536 | Ep_r: 36.4 | t_so_far: {15093} | epsilon: 0.919 max: 40.45069801005839
Ep: 537 | Ep_r: 38.4 | t_so_far: {15143} | epsilon: 0.919 max: 40.45069801005839
Ep: 538 | Ep_r: 33.64 | t_so_far: {15159} | epsilon: 0.919 max: 40.45069801005839
Ep: 539 | Ep_r: 36.1 | t_so_far: {15209} | epsilon: 0.92 max: 40.45069801005839
Ep: 540 | Ep_r: 37.74 | t_so_far: {15259} | epsilon: 0.921 max: 40.45069801005839
Ep: 541 | Ep_r: 34.22 | t_so_far: {15284} | epsilon: 0.921 max: 40.45069801005839
Ep: 542 | Ep_r: 35.32 | t_so_far: {15332} | epsilon: 0.922 max: 40.45069801005839
Ep: 543 | Ep_r: 36.73 | t_so_far: {15382} | epsilon: 0.922 max: 40.45069801005839
Ep: 544 | Ep_r: 30.23 | t_so_far: {15387} | epsilon: 0.922 max: 40.45069801005839
Ep: 545 | Ep_r: 27.77 | t_so_far: {15408} | epsilon: 0.923 max: 40.45069801005839
Ep: 546 | Ep_r: 26.92 | t_so_far: {15434} | epsilon: 0.923 max: 40.45069801005839
Ep: 547 | Ep_r: 30.02 | t_so_far: {15484} | epsilon: 0.924 max: 40.45069801005839
Ep: 548 | Ep_r: 32.35 | t_so_far: {15534} | epsilon: 0.924 max: 40.45069801005839
Ep: 549 | Ep_r: 32.71 | t_so_far: {15573} | epsilon: 0.925 max: 40.45069801005839
Ep: 550 | Ep_r: 34.91 | t_so_far: {15623} | epsilon: 0.925 max: 40.45069801005839
Ep: 551 | Ep_r: 36.98 | t_so_far: {15673} | epsilon: 0.926 max: 40.45069801005839
Ep: 552 | Ep_r: 38.4 | t_so_far: {15723} | epsilon: 0.926 max: 40.45069801005839
Ep: 553 | Ep_r: 39.74 | t_so_far: {15773} | epsilon: 0.927 max: 40.45069801005839
Ep: 554 | Ep_r: 34.86 | t_so_far: {15791} | epsilon: 0.927 max: 40.45069801005839
Ep: 555 | Ep_r: 33.21 | t_so_far: {15825} | epsilon: 0.928 max: 40.45069801005839
Ep: 556 | Ep_r: 32.66 | t_so_far: {15862} | epsilon: 0.928 max: 40.45069801005839
Ep: 557 | Ep_r: 34.82 | t_so_far: {15912} | epsilon: 0.929 max: 40.45069801005839
Ep: 558 | Ep_r: 34.83 | t_so_far: {15954} | epsilon: 0.929 max: 40.45069801005839
Ep: 559 | Ep_r: 37.1 | t_so_far: {16004} | epsilon: 0.93 max: 40.45069801005839
Ep: 560 | Ep_r: 37.9 | t_so_far: {16054} | epsilon: 0.93 max: 40.45069801005839
Ep: 561 | Ep_r: 38.49 | t_so_far: {16104} | epsilon: 0.931 max: 40.45069801005839
Ep: 562 | Ep_r: 38.62 | t_so_far: {16154} | epsilon: 0.931 max: 40.45069801005839
Ep: 563 | Ep_r: 39.39 | t_so_far: {16204} | epsilon: 0.932 max: 40.45069801005839
Ep: 564 | Ep_r: 40.23 | t_so_far: {16254} | epsilon: 0.932 max: 40.45069801005839
Ep: 565 | Ep_r: 40.75 | t_so_far: {16304} | epsilon: 0.933 max: 40.75279290107392
Ep: 566 | Ep_r: 41.08 | t_so_far: {16354} | epsilon: 0.933 max: 41.075567654192454
Ep: 567 | Ep_r: 41.54 | t_so_far: {16404} | epsilon: 0.934 max: 41.54045412335397
Ep: 568 | Ep_r: 41.92 | t_so_far: {16454} | epsilon: 0.934 max: 41.91902996534984
Ep: 569 | Ep_r: 42.34 | t_so_far: {16504} | epsilon: 0.935 max: 42.33522397227987
Ep: 570 | Ep_r: 37.74 | t_so_far: {16527} | epsilon: 0.935 max: 42.33522397227987
Ep: 571 | Ep_r: 38.74 | t_so_far: {16577} | epsilon: 0.936 max: 42.33522397227987
Ep: 572 | Ep_r: 36.74 | t_so_far: {16612} | epsilon: 0.936 max: 42.33522397227987
Ep: 573 | Ep_r: 36.78 | t_so_far: {16652} | epsilon: 0.936 max: 42.33522397227987
Ep: 574 | Ep_r: 30.12 | t_so_far: {16657} | epsilon: 0.936 max: 42.33522397227987
Ep: 575 | Ep_r: 32.87 | t_so_far: {16707} | epsilon: 0.937 max: 42.33522397227987
Ep: 576 | Ep_r: 34.81 | t_so_far: {16757} | epsilon: 0.937 max: 42.33522397227987
Ep: 577 | Ep_r: 36.44 | t_so_far: {16807} | epsilon: 0.938 max: 42.33522397227987
Ep: 578 | Ep_r: 38.06 | t_so_far: {16857} | epsilon: 0.938 max: 42.33522397227987
Ep: 579 | Ep_r: 38.98 | t_so_far: {16907} | epsilon: 0.939 max: 42.33522397227987
Ep: 580 | Ep_r: 39.62 | t_so_far: {16957} | epsilon: 0.939 max: 42.33522397227987
Ep: 581 | Ep_r: 40.09 | t_so_far: {17003} | epsilon: 0.94 max: 42.33522397227987
Ep: 582 | Ep_r: 37.25 | t_so_far: {17034} | epsilon: 0.94 max: 42.33522397227987
Ep: 583 | Ep_r: 38.24 | t_so_far: {17083} | epsilon: 0.941 max: 42.33522397227987
Ep: 584 | Ep_r: 32.25 | t_so_far: {17093} | epsilon: 0.941 max: 42.33522397227987
Ep: 585 | Ep_r: 34.11 | t_so_far: {17143} | epsilon: 0.941 max: 42.33522397227987
Ep: 586 | Ep_r: 35.16 | t_so_far: {17186} | epsilon: 0.942 max: 42.33522397227987
Ep: 587 | Ep_r: 36.4 | t_so_far: {17236} | epsilon: 0.942 max: 42.33522397227987
Ep: 588 | Ep_r: 33.81 | t_so_far: {17264} | epsilon: 0.942 max: 42.33522397227987
Ep: 589 | Ep_r: 33.29 | t_so_far: {17302} | epsilon: 0.943 max: 42.33522397227987
Ep: 590 | Ep_r: 35.01 | t_so_far: {17351} | epsilon: 0.943 max: 42.33522397227987
Ep: 591 | Ep_r: 33.0 | t_so_far: {17382} | epsilon: 0.943 max: 42.33522397227987
Ep: 592 | Ep_r: 35.06 | t_so_far: {17432} | epsilon: 0.944 max: 42.33522397227987
Ep: 593 | Ep_r: 28.48 | t_so_far: {17435} | epsilon: 0.944 max: 42.33522397227987
Ep: 594 | Ep_r: 30.79 | t_so_far: {17485} | epsilon: 0.944 max: 42.33522397227987
Ep: 595 | Ep_r: 33.46 | t_so_far: {17535} | epsilon: 0.945 max: 42.33522397227987
Ep: 596 | Ep_r: 35.04 | t_so_far: {17585} | epsilon: 0.945 max: 42.33522397227987
Ep: 597 | Ep_r: 32.98 | t_so_far: {17614} | epsilon: 0.945 max: 42.33522397227987
Ep: 598 | Ep_r: 35.27 | t_so_far: {17664} | epsilon: 0.946 max: 42.33522397227987
Ep: 599 | Ep_r: 35.54 | t_so_far: {17711} | epsilon: 0.946 max: 42.33522397227987
Ep: 600 | Ep_r: 37.51 | t_so_far: {17761} | epsilon: 0.947 max: 42.33522397227987
Ep: 601 | Ep_r: 38.22 | t_so_far: {17811} | epsilon: 0.947 max: 42.33522397227987
Ep: 602 | Ep_r: 39.19 | t_so_far: {17861} | epsilon: 0.947 max: 42.33522397227987
Ep: 603 | Ep_r: 40.53 | t_so_far: {17911} | epsilon: 0.948 max: 42.33522397227987
Ep: 604 | Ep_r: 41.57 | t_so_far: {17961} | epsilon: 0.948 max: 42.33522397227987
Ep: 605 | Ep_r: 42.14 | t_so_far: {18011} | epsilon: 0.949 max: 42.33522397227987
Ep: 606 | Ep_r: 42.52 | t_so_far: {18061} | epsilon: 0.949 max: 42.52066731658344
Ep: 607 | Ep_r: 37.89 | t_so_far: {18084} | epsilon: 0.949 max: 42.52066731658344
Ep: 608 | Ep_r: 38.79 | t_so_far: {18134} | epsilon: 0.95 max: 42.52066731658344
Ep: 609 | Ep_r: 39.52 | t_so_far: {18183} | epsilon: 0.95 max: 42.52066731658344
Ep: 610 | Ep_r: 40.03 | t_so_far: {18233} | epsilon: 0.95 max: 42.52066731658344
Ep: 611 | Ep_r: 41.08 | t_so_far: {18283} | epsilon: 0.951 max: 42.52066731658344
Ep: 612 | Ep_r: 36.16 | t_so_far: {18303} | epsilon: 0.951 max: 42.52066731658344
Ep: 613 | Ep_r: 37.68 | t_so_far: {18353} | epsilon: 0.951 max: 42.52066731658344
Ep: 614 | Ep_r: 38.79 | t_so_far: {18403} | epsilon: 0.952 max: 42.52066731658344
Ep: 615 | Ep_r: 39.96 | t_so_far: {18453} | epsilon: 0.952 max: 42.52066731658344
Ep: 616 | Ep_r: 36.46 | t_so_far: {18478} | epsilon: 0.952 max: 42.52066731658344
Ep: 617 | Ep_r: 37.98 | t_so_far: {18528} | epsilon: 0.953 max: 42.52066731658344
Ep: 618 | Ep_r: 38.69 | t_so_far: {18578} | epsilon: 0.953 max: 42.52066731658344
Ep: 619 | Ep_r: 39.64 | t_so_far: {18628} | epsilon: 0.953 max: 42.52066731658344
Ep: 620 | Ep_r: 40.63 | t_so_far: {18678} | epsilon: 0.954 max: 42.52066731658344
Ep: 621 | Ep_r: 34.91 | t_so_far: {18692} | epsilon: 0.954 max: 42.52066731658344
Ep: 622 | Ep_r: 36.91 | t_so_far: {18742} | epsilon: 0.954 max: 42.52066731658344
Ep: 623 | Ep_r: 38.19 | t_so_far: {18792} | epsilon: 0.955 max: 42.52066731658344
Ep: 624 | Ep_r: 31.97 | t_so_far: {18801} | epsilon: 0.955 max: 42.52066731658344
Ep: 625 | Ep_r: 34.19 | t_so_far: {18851} | epsilon: 0.955 max: 42.52066731658344
Ep: 626 | Ep_r: 35.91 | t_so_far: {18901} | epsilon: 0.955 max: 42.52066731658344
Ep: 627 | Ep_r: 37.61 | t_so_far: {18951} | epsilon: 0.956 max: 42.52066731658344
Ep: 628 | Ep_r: 34.28 | t_so_far: {18975} | epsilon: 0.956 max: 42.52066731658344
Ep: 629 | Ep_r: 36.52 | t_so_far: {19025} | epsilon: 0.956 max: 42.52066731658344
Ep: 630 | Ep_r: 38.15 | t_so_far: {19075} | epsilon: 0.957 max: 42.52066731658344
Ep: 631 | Ep_r: 39.52 | t_so_far: {19125} | epsilon: 0.957 max: 42.52066731658344
Ep: 632 | Ep_r: 40.39 | t_so_far: {19175} | epsilon: 0.957 max: 42.52066731658344
Ep: 633 | Ep_r: 37.65 | t_so_far: {19203} | epsilon: 0.957 max: 42.52066731658344
Ep: 634 | Ep_r: 38.86 | t_so_far: {19253} | epsilon: 0.958 max: 42.52066731658344
Ep: 635 | Ep_r: 40.37 | t_so_far: {19303} | epsilon: 0.958 max: 42.52066731658344
Ep: 636 | Ep_r: 41.01 | t_so_far: {19353} | epsilon: 0.958 max: 42.52066731658344
Ep: 637 | Ep_r: 41.03 | t_so_far: {19403} | epsilon: 0.959 max: 42.52066731658344
Ep: 638 | Ep_r: 40.72 | t_so_far: {19448} | epsilon: 0.959 max: 42.52066731658344
Ep: 639 | Ep_r: 41.82 | t_so_far: {19498} | epsilon: 0.959 max: 42.52066731658344
Ep: 640 | Ep_r: 41.49 | t_so_far: {19541} | epsilon: 0.96 max: 42.52066731658344
Ep: 641 | Ep_r: 40.78 | t_so_far: {19585} | epsilon: 0.96 max: 42.52066731658344
Ep: 642 | Ep_r: 41.01 | t_so_far: {19635} | epsilon: 0.96 max: 42.52066731658344
Ep: 643 | Ep_r: 40.01 | t_so_far: {19676} | epsilon: 0.96 max: 42.52066731658344
Ep: 644 | Ep_r: 40.88 | t_so_far: {19726} | epsilon: 0.961 max: 42.52066731658344
Ep: 645 | Ep_r: 41.33 | t_so_far: {19776} | epsilon: 0.961 max: 42.52066731658344
Ep: 646 | Ep_r: 35.42 | t_so_far: {19790} | epsilon: 0.961 max: 42.52066731658344
Ep: 647 | Ep_r: 36.74 | t_so_far: {19840} | epsilon: 0.961 max: 42.52066731658344
Ep: 648 | Ep_r: 38.21 | t_so_far: {19890} | epsilon: 0.962 max: 42.52066731658344
Ep: 649 | Ep_r: 39.46 | t_so_far: {19940} | epsilon: 0.962 max: 42.52066731658344
Ep: 650 | Ep_r: 40.11 | t_so_far: {19990} | epsilon: 0.962 max: 42.52066731658344
Ep: 651 | Ep_r: 36.38 | t_so_far: {20014} | epsilon: 0.962 max: 42.52066731658344
Ep: 652 | Ep_r: 37.75 | t_so_far: {20064} | epsilon: 0.963 max: 42.52066731658344
Ep: 653 | Ep_r: 39.11 | t_so_far: {20114} | epsilon: 0.963 max: 42.52066731658344
Ep: 654 | Ep_r: 37.33 | t_so_far: {20149} | epsilon: 0.963 max: 42.52066731658344
Ep: 655 | Ep_r: 39.02 | t_so_far: {20199} | epsilon: 0.963 max: 42.52066731658344
Ep: 656 | Ep_r: 40.36 | t_so_far: {20249} | epsilon: 0.964 max: 42.52066731658344
Ep: 657 | Ep_r: 41.1 | t_so_far: {20299} | epsilon: 0.964 max: 42.52066731658344
Ep: 658 | Ep_r: 34.67 | t_so_far: {20310} | epsilon: 0.964 max: 42.52066731658344
Ep: 659 | Ep_r: 36.76 | t_so_far: {20360} | epsilon: 0.964 max: 42.52066731658344
Ep: 660 | Ep_r: 38.09 | t_so_far: {20410} | epsilon: 0.965 max: 42.52066731658344
Ep: 661 | Ep_r: 39.61 | t_so_far: {20460} | epsilon: 0.965 max: 42.52066731658344
Ep: 662 | Ep_r: 40.19 | t_so_far: {20510} | epsilon: 0.965 max: 42.52066731658344
Ep: 663 | Ep_r: 41.09 | t_so_far: {20560} | epsilon: 0.965 max: 42.52066731658344
Ep: 664 | Ep_r: 41.68 | t_so_far: {20610} | epsilon: 0.966 max: 42.52066731658344
Ep: 665 | Ep_r: 42.07 | t_so_far: {20658} | epsilon: 0.966 max: 42.52066731658344
Ep: 666 | Ep_r: 41.97 | t_so_far: {20708} | epsilon: 0.966 max: 42.52066731658344
Ep: 667 | Ep_r: 42.63 | t_so_far: {20758} | epsilon: 0.967 max: 42.63267566585581
Ep: 668 | Ep_r: 42.92 | t_so_far: {20808} | epsilon: 0.967 max: 42.91947386601798
Ep: 669 | Ep_r: 43.88 | t_so_far: {20858} | epsilon: 0.967 max: 43.88224575948105
Ep: 670 | Ep_r: 42.6 | t_so_far: {20899} | epsilon: 0.967 max: 43.88224575948105
Ep: 671 | Ep_r: 42.76 | t_so_far: {20949} | epsilon: 0.968 max: 43.88224575948105
Ep: 672 | Ep_r: 42.97 | t_so_far: {20999} | epsilon: 0.968 max: 43.88224575948105
Ep: 673 | Ep_r: 37.97 | t_so_far: {21020} | epsilon: 0.968 max: 43.88224575948105
Ep: 674 | Ep_r: 38.88 | t_so_far: {21070} | epsilon: 0.968 max: 43.88224575948105
Ep: 675 | Ep_r: 40.02 | t_so_far: {21120} | epsilon: 0.968 max: 43.88224575948105
Ep: 676 | Ep_r: 40.96 | t_so_far: {21170} | epsilon: 0.969 max: 43.88224575948105
Ep: 677 | Ep_r: 34.71 | t_so_far: {21181} | epsilon: 0.969 max: 43.88224575948105
Ep: 678 | Ep_r: 35.88 | t_so_far: {21229} | epsilon: 0.969 max: 43.88224575948105
Ep: 679 | Ep_r: 32.0 | t_so_far: {21248} | epsilon: 0.969 max: 43.88224575948105
Ep: 680 | Ep_r: 29.88 | t_so_far: {21273} | epsilon: 0.969 max: 43.88224575948105
Ep: 681 | Ep_r: 30.94 | t_so_far: {21316} | epsilon: 0.969 max: 43.88224575948105
Ep: 682 | Ep_r: 33.59 | t_so_far: {21366} | epsilon: 0.97 max: 43.88224575948105
Ep: 683 | Ep_r: 35.8 | t_so_far: {21416} | epsilon: 0.97 max: 43.88224575948105
Ep: 684 | Ep_r: 37.0 | t_so_far: {21466} | epsilon: 0.97 max: 43.88224575948105
Ep: 685 | Ep_r: 37.94 | t_so_far: {21516} | epsilon: 0.97 max: 43.88224575948105
Ep: 686 | Ep_r: 38.91 | t_so_far: {21566} | epsilon: 0.97 max: 43.88224575948105
Ep: 687 | Ep_r: 39.8 | t_so_far: {21616} | epsilon: 0.971 max: 43.88224575948105
Ep: 688 | Ep_r: 36.26 | t_so_far: {21641} | epsilon: 0.971 max: 43.88224575948105
Ep: 689 | Ep_r: 37.51 | t_so_far: {21691} | epsilon: 0.971 max: 43.88224575948105
Ep: 690 | Ep_r: 38.87 | t_so_far: {21741} | epsilon: 0.971 max: 43.88224575948105
Ep: 691 | Ep_r: 39.51 | t_so_far: {21791} | epsilon: 0.971 max: 43.88224575948105
Ep: 692 | Ep_r: 39.98 | t_so_far: {21841} | epsilon: 0.972 max: 43.88224575948105
Ep: 693 | Ep_r: 36.2 | t_so_far: {21866} | epsilon: 0.972 max: 43.88224575948105
Ep: 694 | Ep_r: 35.98 | t_so_far: {21909} | epsilon: 0.972 max: 43.88224575948105
Ep: 695 | Ep_r: 35.69 | t_so_far: {21949} | epsilon: 0.972 max: 43.88224575948105
Ep: 696 | Ep_r: 37.14 | t_so_far: {21999} | epsilon: 0.972 max: 43.88224575948105
Ep: 697 | Ep_r: 38.47 | t_so_far: {22049} | epsilon: 0.973 max: 43.88224575948105
Ep: 698 | Ep_r: 35.91 | t_so_far: {22078} | epsilon: 0.973 max: 43.88224575948105
Ep: 699 | Ep_r: 37.73 | t_so_far: {22128} | epsilon: 0.973 max: 43.88224575948105
Ep: 700 | Ep_r: 38.6 | t_so_far: {22178} | epsilon: 0.973 max: 43.88224575948105
Ep: 701 | Ep_r: 39.37 | t_so_far: {22228} | epsilon: 0.973 max: 43.88224575948105
Ep: 702 | Ep_r: 40.45 | t_so_far: {22278} | epsilon: 0.974 max: 43.88224575948105
Ep: 703 | Ep_r: 40.67 | t_so_far: {22328} | epsilon: 0.974 max: 43.88224575948105
Ep: 704 | Ep_r: 35.97 | t_so_far: {22350} | epsilon: 0.974 max: 43.88224575948105
Ep: 705 | Ep_r: 37.59 | t_so_far: {22400} | epsilon: 0.974 max: 43.88224575948105
Ep: 706 | Ep_r: 38.34 | t_so_far: {22450} | epsilon: 0.974 max: 43.88224575948105
Ep: 707 | Ep_r: 39.26 | t_so_far: {22500} | epsilon: 0.974 max: 43.88224575948105
Ep: 708 | Ep_r: 39.44 | t_so_far: {22544} | epsilon: 0.975 max: 43.88224575948105
Ep: 709 | Ep_r: 33.56 | t_so_far: {22556} | epsilon: 0.975 max: 43.88224575948105
Ep: 710 | Ep_r: 35.88 | t_so_far: {22606} | epsilon: 0.975 max: 43.88224575948105
Ep: 711 | Ep_r: 37.31 | t_so_far: {22656} | epsilon: 0.975 max: 43.88224575948105
Ep: 712 | Ep_r: 38.03 | t_so_far: {22706} | epsilon: 0.975 max: 43.88224575948105
Ep: 713 | Ep_r: 39.37 | t_so_far: {22756} | epsilon: 0.975 max: 43.88224575948105
Ep: 714 | Ep_r: 40.23 | t_so_far: {22806} | epsilon: 0.976 max: 43.88224575948105
Ep: 715 | Ep_r: 40.35 | t_so_far: {22856} | epsilon: 0.976 max: 43.88224575948105
Ep: 716 | Ep_r: 40.35 | t_so_far: {22902} | epsilon: 0.976 max: 43.88224575948105
Ep: 717 | Ep_r: 41.41 | t_so_far: {22952} | epsilon: 0.976 max: 43.88224575948105
Ep: 718 | Ep_r: 42.6 | t_so_far: {23002} | epsilon: 0.976 max: 43.88224575948105
Ep: 719 | Ep_r: 42.97 | t_so_far: {23052} | epsilon: 0.977 max: 43.88224575948105
Ep: 720 | Ep_r: 36.55 | t_so_far: {23064} | epsilon: 0.977 max: 43.88224575948105
Ep: 721 | Ep_r: 38.57 | t_so_far: {23114} | epsilon: 0.977 max: 43.88224575948105
Ep: 722 | Ep_r: 39.5 | t_so_far: {23164} | epsilon: 0.977 max: 43.88224575948105
Ep: 723 | Ep_r: 40.16 | t_so_far: {23214} | epsilon: 0.977 max: 43.88224575948105
Ep: 724 | Ep_r: 36.02 | t_so_far: {23236} | epsilon: 0.977 max: 43.88224575948105
Ep: 725 | Ep_r: 37.23 | t_so_far: {23286} | epsilon: 0.977 max: 43.88224575948105
Ep: 726 | Ep_r: 38.94 | t_so_far: {23336} | epsilon: 0.978 max: 43.88224575948105
Ep: 727 | Ep_r: 40.27 | t_so_far: {23386} | epsilon: 0.978 max: 43.88224575948105
Ep: 728 | Ep_r: 40.8 | t_so_far: {23436} | epsilon: 0.978 max: 43.88224575948105
Ep: 729 | Ep_r: 41.23 | t_so_far: {23486} | epsilon: 0.978 max: 43.88224575948105
Ep: 730 | Ep_r: 41.81 | t_so_far: {23536} | epsilon: 0.978 max: 43.88224575948105
Ep: 731 | Ep_r: 41.81 | t_so_far: {23586} | epsilon: 0.978 max: 43.88224575948105
Ep: 732 | Ep_r: 41.61 | t_so_far: {23636} | epsilon: 0.979 max: 43.88224575948105
Ep: 733 | Ep_r: 41.94 | t_so_far: {23686} | epsilon: 0.979 max: 43.88224575948105
Ep: 734 | Ep_r: 41.19 | t_so_far: {23729} | epsilon: 0.979 max: 43.88224575948105
Ep: 735 | Ep_r: 41.85 | t_so_far: {23779} | epsilon: 0.979 max: 43.88224575948105
Ep: 736 | Ep_r: 42.25 | t_so_far: {23829} | epsilon: 0.979 max: 43.88224575948105
Ep: 737 | Ep_r: 42.34 | t_so_far: {23879} | epsilon: 0.979 max: 43.88224575948105
Ep: 738 | Ep_r: 42.45 | t_so_far: {23929} | epsilon: 0.979 max: 43.88224575948105
Ep: 739 | Ep_r: 42.63 | t_so_far: {23979} | epsilon: 0.98 max: 43.88224575948105
Ep: 740 | Ep_r: 42.63 | t_so_far: {24029} | epsilon: 0.98 max: 43.88224575948105
Ep: 741 | Ep_r: 40.81 | t_so_far: {24067} | epsilon: 0.98 max: 43.88224575948105
Ep: 742 | Ep_r: 40.97 | t_so_far: {24117} | epsilon: 0.98 max: 43.88224575948105
Ep: 743 | Ep_r: 37.18 | t_so_far: {24142} | epsilon: 0.98 max: 43.88224575948105
Ep: 744 | Ep_r: 37.87 | t_so_far: {24192} | epsilon: 0.98 max: 43.88224575948105
Ep: 745 | Ep_r: 39.23 | t_so_far: {24242} | epsilon: 0.98 max: 43.88224575948105
Ep: 746 | Ep_r: 40.07 | t_so_far: {24292} | epsilon: 0.981 max: 43.88224575948105
Ep: 747 | Ep_r: 40.8 | t_so_far: {24342} | epsilon: 0.981 max: 43.88224575948105
Ep: 748 | Ep_r: 33.08 | t_so_far: {24345} | epsilon: 0.981 max: 43.88224575948105
Ep: 749 | Ep_r: 35.1 | t_so_far: {24395} | epsilon: 0.981 max: 43.88224575948105
Ep: 750 | Ep_r: 37.04 | t_so_far: {24445} | epsilon: 0.981 max: 43.88224575948105
Ep: 751 | Ep_r: 36.14 | t_so_far: {24484} | epsilon: 0.981 max: 43.88224575948105
Ep: 752 | Ep_r: 37.88 | t_so_far: {24534} | epsilon: 0.981 max: 43.88224575948105
Ep: 753 | Ep_r: 38.26 | t_so_far: {24582} | epsilon: 0.981 max: 43.88224575948105
Ep: 754 | Ep_r: 39.06 | t_so_far: {24632} | epsilon: 0.982 max: 43.88224575948105
Ep: 755 | Ep_r: 40.07 | t_so_far: {24682} | epsilon: 0.982 max: 43.88224575948105
Ep: 756 | Ep_r: 40.83 | t_so_far: {24732} | epsilon: 0.982 max: 43.88224575948105
Ep: 757 | Ep_r: 42.28 | t_so_far: {24782} | epsilon: 0.982 max: 43.88224575948105
Ep: 758 | Ep_r: 42.49 | t_so_far: {24832} | epsilon: 0.982 max: 43.88224575948105
Ep: 759 | Ep_r: 42.86 | t_so_far: {24882} | epsilon: 0.982 max: 43.88224575948105
Ep: 760 | Ep_r: 42.89 | t_so_far: {24932} | epsilon: 0.982 max: 43.88224575948105
Ep: 761 | Ep_r: 43.02 | t_so_far: {24982} | epsilon: 0.982 max: 43.88224575948105
Ep: 762 | Ep_r: 43.54 | t_so_far: {25032} | epsilon: 0.983 max: 43.88224575948105
Ep: 763 | Ep_r: 43.71 | t_so_far: {25082} | epsilon: 0.983 max: 43.88224575948105
Ep: 764 | Ep_r: 44.11 | t_so_far: {25132} | epsilon: 0.983 max: 44.106734395597165
Ep: 765 | Ep_r: 44.49 | t_so_far: {25182} | epsilon: 0.983 max: 44.49205418314439
Ep: 766 | Ep_r: 44.56 | t_so_far: {25232} | epsilon: 0.983 max: 44.560310013182175
Ep: 767 | Ep_r: 44.53 | t_so_far: {25282} | epsilon: 0.983 max: 44.560310013182175
Ep: 768 | Ep_r: 44.38 | t_so_far: {25332} | epsilon: 0.983 max: 44.560310013182175
Ep: 769 | Ep_r: 43.97 | t_so_far: {25382} | epsilon: 0.984 max: 44.560310013182175
Ep: 770 | Ep_r: 43.73 | t_so_far: {25432} | epsilon: 0.984 max: 44.560310013182175
Ep: 771 | Ep_r: 43.26 | t_so_far: {25482} | epsilon: 0.984 max: 44.560310013182175
Ep: 772 | Ep_r: 43.95 | t_so_far: {25532} | epsilon: 0.984 max: 44.560310013182175
Ep: 773 | Ep_r: 43.99 | t_so_far: {25582} | epsilon: 0.984 max: 44.560310013182175
Ep: 774 | Ep_r: 43.3 | t_so_far: {25632} | epsilon: 0.984 max: 44.560310013182175
Ep: 775 | Ep_r: 41.35 | t_so_far: {25672} | epsilon: 0.984 max: 44.560310013182175
Ep: 776 | Ep_r: 41.97 | t_so_far: {25722} | epsilon: 0.984 max: 44.560310013182175
Ep: 777 | Ep_r: 42.4 | t_so_far: {25772} | epsilon: 0.984 max: 44.560310013182175
Ep: 778 | Ep_r: 42.41 | t_so_far: {25822} | epsilon: 0.985 max: 44.560310013182175
Ep: 779 | Ep_r: 42.85 | t_so_far: {25872} | epsilon: 0.985 max: 44.560310013182175
Ep: 780 | Ep_r: 42.8 | t_so_far: {25922} | epsilon: 0.985 max: 44.560310013182175
Ep: 781 | Ep_r: 42.93 | t_so_far: {25972} | epsilon: 0.985 max: 44.560310013182175
Ep: 782 | Ep_r: 43.31 | t_so_far: {26022} | epsilon: 0.985 max: 44.560310013182175
Ep: 783 | Ep_r: 43.24 | t_so_far: {26072} | epsilon: 0.985 max: 44.560310013182175
Ep: 784 | Ep_r: 43.35 | t_so_far: {26122} | epsilon: 0.985 max: 44.560310013182175
Ep: 785 | Ep_r: 43.76 | t_so_far: {26172} | epsilon: 0.985 max: 44.560310013182175
Ep: 786 | Ep_r: 43.61 | t_so_far: {26222} | epsilon: 0.985 max: 44.560310013182175
Ep: 787 | Ep_r: 43.35 | t_so_far: {26272} | epsilon: 0.986 max: 44.560310013182175
Ep: 788 | Ep_r: 42.88 | t_so_far: {26322} | epsilon: 0.986 max: 44.560310013182175
Ep: 789 | Ep_r: 43.12 | t_so_far: {26372} | epsilon: 0.986 max: 44.560310013182175
Ep: 790 | Ep_r: 43.56 | t_so_far: {26422} | epsilon: 0.986 max: 44.560310013182175
Ep: 791 | Ep_r: 43.18 | t_so_far: {26472} | epsilon: 0.986 max: 44.560310013182175
Ep: 792 | Ep_r: 43.43 | t_so_far: {26522} | epsilon: 0.986 max: 44.560310013182175
Ep: 793 | Ep_r: 43.62 | t_so_far: {26572} | epsilon: 0.986 max: 44.560310013182175
Ep: 794 | Ep_r: 43.7 | t_so_far: {26622} | epsilon: 0.986 max: 44.560310013182175
Ep: 795 | Ep_r: 43.5 | t_so_far: {26672} | epsilon: 0.986 max: 44.560310013182175
Ep: 796 | Ep_r: 43.18 | t_so_far: {26722} | epsilon: 0.986 max: 44.560310013182175
Ep: 797 | Ep_r: 43.45 | t_so_far: {26772} | epsilon: 0.987 max: 44.560310013182175
Ep: 798 | Ep_r: 43.44 | t_so_far: {26822} | epsilon: 0.987 max: 44.560310013182175
Ep: 799 | Ep_r: 43.6 | t_so_far: {26872} | epsilon: 0.987 max: 44.560310013182175
Ep: 800 | Ep_r: 38.66 | t_so_far: {26894} | epsilon: 0.987 max: 44.560310013182175
Ep: 801 | Ep_r: 39.28 | t_so_far: {26944} | epsilon: 0.987 max: 44.560310013182175
Ep: 802 | Ep_r: 40.37 | t_so_far: {26994} | epsilon: 0.987 max: 44.560310013182175
Ep: 803 | Ep_r: 40.95 | t_so_far: {27044} | epsilon: 0.987 max: 44.560310013182175
Ep: 804 | Ep_r: 40.78 | t_so_far: {27094} | epsilon: 0.987 max: 44.560310013182175
Ep: 805 | Ep_r: 36.81 | t_so_far: {27120} | epsilon: 0.987 max: 44.560310013182175
Ep: 806 | Ep_r: 37.86 | t_so_far: {27170} | epsilon: 0.987 max: 44.560310013182175
Ep: 807 | Ep_r: 38.55 | t_so_far: {27220} | epsilon: 0.987 max: 44.560310013182175
Ep: 808 | Ep_r: 39.68 | t_so_far: {27270} | epsilon: 0.988 max: 44.560310013182175
Ep: 809 | Ep_r: 40.56 | t_so_far: {27320} | epsilon: 0.988 max: 44.560310013182175
Ep: 810 | Ep_r: 40.73 | t_so_far: {27369} | epsilon: 0.988 max: 44.560310013182175
Ep: 811 | Ep_r: 41.15 | t_so_far: {27419} | epsilon: 0.988 max: 44.560310013182175
Ep: 812 | Ep_r: 41.15 | t_so_far: {27469} | epsilon: 0.988 max: 44.560310013182175
Ep: 813 | Ep_r: 41.77 | t_so_far: {27519} | epsilon: 0.988 max: 44.560310013182175
Ep: 814 | Ep_r: 41.51 | t_so_far: {27569} | epsilon: 0.988 max: 44.560310013182175
Ep: 815 | Ep_r: 41.53 | t_so_far: {27619} | epsilon: 0.988 max: 44.560310013182175
Ep: 816 | Ep_r: 41.59 | t_so_far: {27669} | epsilon: 0.988 max: 44.560310013182175
Ep: 817 | Ep_r: 41.15 | t_so_far: {27719} | epsilon: 0.988 max: 44.560310013182175
Ep: 818 | Ep_r: 40.87 | t_so_far: {27769} | epsilon: 0.988 max: 44.560310013182175
Ep: 819 | Ep_r: 40.99 | t_so_far: {27819} | epsilon: 0.989 max: 44.560310013182175
Ep: 820 | Ep_r: 41.4 | t_so_far: {27869} | epsilon: 0.989 max: 44.560310013182175
Ep: 821 | Ep_r: 41.54 | t_so_far: {27919} | epsilon: 0.989 max: 44.560310013182175
Ep: 822 | Ep_r: 41.07 | t_so_far: {27969} | epsilon: 0.989 max: 44.560310013182175
Ep: 823 | Ep_r: 41.26 | t_so_far: {28019} | epsilon: 0.989 max: 44.560310013182175
Ep: 824 | Ep_r: 41.07 | t_so_far: {28069} | epsilon: 0.989 max: 44.560310013182175
Ep: 825 | Ep_r: 40.99 | t_so_far: {28119} | epsilon: 0.989 max: 44.560310013182175
Ep: 826 | Ep_r: 41.18 | t_so_far: {28169} | epsilon: 0.989 max: 44.560310013182175
Ep: 827 | Ep_r: 41.58 | t_so_far: {28219} | epsilon: 0.989 max: 44.560310013182175
Ep: 828 | Ep_r: 41.79 | t_so_far: {28269} | epsilon: 0.989 max: 44.560310013182175
Ep: 829 | Ep_r: 41.74 | t_so_far: {28319} | epsilon: 0.989 max: 44.560310013182175
Ep: 830 | Ep_r: 41.88 | t_so_far: {28369} | epsilon: 0.989 max: 44.560310013182175
Ep: 831 | Ep_r: 42.17 | t_so_far: {28419} | epsilon: 0.989 max: 44.560310013182175
Ep: 832 | Ep_r: 42.17 | t_so_far: {28469} | epsilon: 0.99 max: 44.560310013182175
Ep: 833 | Ep_r: 42.43 | t_so_far: {28519} | epsilon: 0.99 max: 44.560310013182175
Ep: 834 | Ep_r: 42.81 | t_so_far: {28569} | epsilon: 0.99 max: 44.560310013182175
Ep: 835 | Ep_r: 42.34 | t_so_far: {28619} | epsilon: 0.99 max: 44.560310013182175
Ep: 836 | Ep_r: 42.28 | t_so_far: {28669} | epsilon: 0.99 max: 44.560310013182175
Ep: 837 | Ep_r: 42.7 | t_so_far: {28719} | epsilon: 0.99 max: 44.560310013182175
Ep: 838 | Ep_r: 40.94 | t_so_far: {28760} | epsilon: 0.99 max: 44.560310013182175
Ep: 839 | Ep_r: 40.3 | t_so_far: {28802} | epsilon: 0.99 max: 44.560310013182175
Ep: 840 | Ep_r: 41.05 | t_so_far: {28852} | epsilon: 0.99 max: 44.560310013182175
Ep: 841 | Ep_r: 38.64 | t_so_far: {28885} | epsilon: 0.99 max: 44.560310013182175
Ep: 842 | Ep_r: 39.77 | t_so_far: {28935} | epsilon: 0.99 max: 44.560310013182175
Ep: 843 | Ep_r: 41.12 | t_so_far: {28985} | epsilon: 0.99 max: 44.560310013182175
Ep: 844 | Ep_r: 42.17 | t_so_far: {29035} | epsilon: 0.99 max: 44.560310013182175
Ep: 845 | Ep_r: 42.86 | t_so_far: {29085} | epsilon: 0.99 max: 44.560310013182175
Ep: 846 | Ep_r: 42.18 | t_so_far: {29135} | epsilon: 0.991 max: 44.560310013182175
Ep: 847 | Ep_r: 42.32 | t_so_far: {29185} | epsilon: 0.991 max: 44.560310013182175
Ep: 848 | Ep_r: 42.0 | t_so_far: {29235} | epsilon: 0.991 max: 44.560310013182175
Ep: 849 | Ep_r: 42.24 | t_so_far: {29285} | epsilon: 0.991 max: 44.560310013182175
Ep: 850 | Ep_r: 42.81 | t_so_far: {29335} | epsilon: 0.991 max: 44.560310013182175
Ep: 851 | Ep_r: 42.62 | t_so_far: {29385} | epsilon: 0.991 max: 44.560310013182175
Ep: 852 | Ep_r: 43.15 | t_so_far: {29435} | epsilon: 0.991 max: 44.560310013182175
Ep: 853 | Ep_r: 43.27 | t_so_far: {29485} | epsilon: 0.991 max: 44.560310013182175
Ep: 854 | Ep_r: 42.86 | t_so_far: {29535} | epsilon: 0.991 max: 44.560310013182175
Ep: 855 | Ep_r: 42.81 | t_so_far: {29585} | epsilon: 0.991 max: 44.560310013182175
Ep: 856 | Ep_r: 43.02 | t_so_far: {29635} | epsilon: 0.991 max: 44.560310013182175
Ep: 857 | Ep_r: 43.42 | t_so_far: {29685} | epsilon: 0.991 max: 44.560310013182175
Ep: 858 | Ep_r: 43.66 | t_so_far: {29735} | epsilon: 0.991 max: 44.560310013182175
Ep: 859 | Ep_r: 44.15 | t_so_far: {29785} | epsilon: 0.991 max: 44.560310013182175
Ep: 860 | Ep_r: 44.23 | t_so_far: {29835} | epsilon: 0.991 max: 44.560310013182175
Ep: 861 | Ep_r: 43.66 | t_so_far: {29885} | epsilon: 0.991 max: 44.560310013182175
Ep: 862 | Ep_r: 43.74 | t_so_far: {29935} | epsilon: 0.992 max: 44.560310013182175
Ep: 863 | Ep_r: 43.84 | t_so_far: {29985} | epsilon: 0.992 max: 44.560310013182175
Ep: 864 | Ep_r: 44.34 | t_so_far: {30035} | epsilon: 0.992 max: 44.560310013182175
Ep: 865 | Ep_r: 44.99 | t_so_far: {30085} | epsilon: 0.992 max: 44.99441997431502
Ep: 866 | Ep_r: 39.92 | t_so_far: {30106} | epsilon: 0.992 max: 44.99441997431502
Ep: 867 | Ep_r: 40.61 | t_so_far: {30156} | epsilon: 0.992 max: 44.99441997431502
Ep: 868 | Ep_r: 41.01 | t_so_far: {30206} | epsilon: 0.992 max: 44.99441997431502
Ep: 869 | Ep_r: 41.83 | t_so_far: {30256} | epsilon: 0.992 max: 44.99441997431502
Ep: 870 | Ep_r: 39.52 | t_so_far: {30290} | epsilon: 0.992 max: 44.99441997431502
Ep: 871 | Ep_r: 39.93 | t_so_far: {30340} | epsilon: 0.992 max: 44.99441997431502
Ep: 872 | Ep_r: 40.7 | t_so_far: {30390} | epsilon: 0.992 max: 44.99441997431502
Ep: 873 | Ep_r: 40.65 | t_so_far: {30440} | epsilon: 0.992 max: 44.99441997431502
Ep: 874 | Ep_r: 41.28 | t_so_far: {30490} | epsilon: 0.992 max: 44.99441997431502
Ep: 875 | Ep_r: 36.14 | t_so_far: {30511} | epsilon: 0.992 max: 44.99441997431502
Ep: 876 | Ep_r: 37.81 | t_so_far: {30561} | epsilon: 0.992 max: 44.99441997431502
Ep: 877 | Ep_r: 38.75 | t_so_far: {30611} | epsilon: 0.992 max: 44.99441997431502
Ep: 878 | Ep_r: 39.82 | t_so_far: {30661} | epsilon: 0.992 max: 44.99441997431502
Ep: 879 | Ep_r: 40.54 | t_so_far: {30711} | epsilon: 0.992 max: 44.99441997431502
Ep: 880 | Ep_r: 41.01 | t_so_far: {30761} | epsilon: 0.992 max: 44.99441997431502
Ep: 881 | Ep_r: 41.59 | t_so_far: {30811} | epsilon: 0.993 max: 44.99441997431502
Ep: 882 | Ep_r: 42.48 | t_so_far: {30861} | epsilon: 0.993 max: 44.99441997431502
Ep: 883 | Ep_r: 37.88 | t_so_far: {30884} | epsilon: 0.993 max: 44.99441997431502
Ep: 884 | Ep_r: 38.9 | t_so_far: {30934} | epsilon: 0.993 max: 44.99441997431502
Ep: 885 | Ep_r: 40.07 | t_so_far: {30984} | epsilon: 0.993 max: 44.99441997431502
Ep: 886 | Ep_r: 40.68 | t_so_far: {31034} | epsilon: 0.993 max: 44.99441997431502
Ep: 887 | Ep_r: 36.42 | t_so_far: {31057} | epsilon: 0.993 max: 44.99441997431502
Ep: 888 | Ep_r: 38.18 | t_so_far: {31107} | epsilon: 0.993 max: 44.99441997431502
Ep: 889 | Ep_r: 39.55 | t_so_far: {31157} | epsilon: 0.993 max: 44.99441997431502
Ep: 890 | Ep_r: 38.16 | t_so_far: {31199} | epsilon: 0.993 max: 44.99441997431502
Ep: 891 | Ep_r: 39.21 | t_so_far: {31249} | epsilon: 0.993 max: 44.99441997431502
Ep: 892 | Ep_r: 36.06 | t_so_far: {31277} | epsilon: 0.993 max: 44.99441997431502
Ep: 893 | Ep_r: 32.4 | t_so_far: {31296} | epsilon: 0.993 max: 44.99441997431502
Ep: 894 | Ep_r: 32.35 | t_so_far: {31331} | epsilon: 0.993 max: 44.99441997431502
Ep: 895 | Ep_r: 34.43 | t_so_far: {31381} | epsilon: 0.993 max: 44.99441997431502
Ep: 896 | Ep_r: 36.82 | t_so_far: {31431} | epsilon: 0.993 max: 44.99441997431502
Ep: 897 | Ep_r: 38.19 | t_so_far: {31481} | epsilon: 0.993 max: 44.99441997431502
Ep: 898 | Ep_r: 38.85 | t_so_far: {31531} | epsilon: 0.993 max: 44.99441997431502
Ep: 899 | Ep_r: 39.62 | t_so_far: {31581} | epsilon: 0.993 max: 44.99441997431502
Ep: 900 | Ep_r: 40.58 | t_so_far: {31631} | epsilon: 0.993 max: 44.99441997431502
Ep: 901 | Ep_r: 41.75 | t_so_far: {31681} | epsilon: 0.993 max: 44.99441997431502
Ep: 902 | Ep_r: 42.06 | t_so_far: {31731} | epsilon: 0.993 max: 44.99441997431502
Ep: 903 | Ep_r: 42.31 | t_so_far: {31781} | epsilon: 0.993 max: 44.99441997431502
Ep: 904 | Ep_r: 42.43 | t_so_far: {31831} | epsilon: 0.993 max: 44.99441997431502
Ep: 905 | Ep_r: 42.93 | t_so_far: {31881} | epsilon: 0.994 max: 44.99441997431502
Ep: 906 | Ep_r: 43.13 | t_so_far: {31931} | epsilon: 0.994 max: 44.99441997431502
Ep: 907 | Ep_r: 43.49 | t_so_far: {31981} | epsilon: 0.994 max: 44.99441997431502
Ep: 908 | Ep_r: 43.87 | t_so_far: {32031} | epsilon: 0.994 max: 44.99441997431502
Ep: 909 | Ep_r: 43.58 | t_so_far: {32081} | epsilon: 0.994 max: 44.99441997431502
Ep: 910 | Ep_r: 36.57 | t_so_far: {32091} | epsilon: 0.994 max: 44.99441997431502
Ep: 911 | Ep_r: 38.52 | t_so_far: {32141} | epsilon: 0.994 max: 44.99441997431502
Ep: 912 | Ep_r: 39.74 | t_so_far: {32191} | epsilon: 0.994 max: 44.99441997431502
Ep: 913 | Ep_r: 37.06 | t_so_far: {32224} | epsilon: 0.994 max: 44.99441997431502
Ep: 914 | Ep_r: 38.36 | t_so_far: {32274} | epsilon: 0.994 max: 44.99441997431502
Ep: 915 | Ep_r: 39.28 | t_so_far: {32324} | epsilon: 0.994 max: 44.99441997431502
Ep: 916 | Ep_r: 40.71 | t_so_far: {32374} | epsilon: 0.994 max: 44.99441997431502
Ep: 917 | Ep_r: 41.47 | t_so_far: {32424} | epsilon: 0.994 max: 44.99441997431502
Ep: 918 | Ep_r: 41.77 | t_so_far: {32474} | epsilon: 0.994 max: 44.99441997431502
Ep: 919 | Ep_r: 43.02 | t_so_far: {32524} | epsilon: 0.994 max: 44.99441997431502
Ep: 920 | Ep_r: 42.63 | t_so_far: {32574} | epsilon: 0.994 max: 44.99441997431502
Ep: 921 | Ep_r: 40.69 | t_so_far: {32612} | epsilon: 0.994 max: 44.99441997431502
Ep: 922 | Ep_r: 41.7 | t_so_far: {32662} | epsilon: 0.994 max: 44.99441997431502
Ep: 923 | Ep_r: 42.56 | t_so_far: {32712} | epsilon: 0.994 max: 44.99441997431502
Ep: 924 | Ep_r: 42.77 | t_so_far: {32762} | epsilon: 0.994 max: 44.99441997431502
Ep: 925 | Ep_r: 42.77 | t_so_far: {32812} | epsilon: 0.994 max: 44.99441997431502
Ep: 926 | Ep_r: 42.56 | t_so_far: {32862} | epsilon: 0.994 max: 44.99441997431502
Ep: 927 | Ep_r: 42.89 | t_so_far: {32912} | epsilon: 0.994 max: 44.99441997431502
Ep: 928 | Ep_r: 43.36 | t_so_far: {32962} | epsilon: 0.994 max: 44.99441997431502
Ep: 929 | Ep_r: 43.43 | t_so_far: {33012} | epsilon: 0.994 max: 44.99441997431502
Ep: 930 | Ep_r: 42.97 | t_so_far: {33062} | epsilon: 0.994 max: 44.99441997431502
Ep: 931 | Ep_r: 42.87 | t_so_far: {33112} | epsilon: 0.995 max: 44.99441997431502
Ep: 932 | Ep_r: 41.75 | t_so_far: {33156} | epsilon: 0.995 max: 44.99441997431502
Ep: 933 | Ep_r: 41.64 | t_so_far: {33201} | epsilon: 0.995 max: 44.99441997431502
Ep: 934 | Ep_r: 41.98 | t_so_far: {33251} | epsilon: 0.995 max: 44.99441997431502
Ep: 935 | Ep_r: 42.4 | t_so_far: {33301} | epsilon: 0.995 max: 44.99441997431502
Ep: 936 | Ep_r: 42.88 | t_so_far: {33351} | epsilon: 0.995 max: 44.99441997431502
Ep: 937 | Ep_r: 42.86 | t_so_far: {33401} | epsilon: 0.995 max: 44.99441997431502
Ep: 938 | Ep_r: 43.12 | t_so_far: {33451} | epsilon: 0.995 max: 44.99441997431502
Ep: 939 | Ep_r: 43.17 | t_so_far: {33501} | epsilon: 0.995 max: 44.99441997431502
Ep: 940 | Ep_r: 43.32 | t_so_far: {33551} | epsilon: 0.995 max: 44.99441997431502
Ep: 941 | Ep_r: 43.5 | t_so_far: {33601} | epsilon: 0.995 max: 44.99441997431502
Ep: 942 | Ep_r: 43.3 | t_so_far: {33651} | epsilon: 0.995 max: 44.99441997431502
Ep: 943 | Ep_r: 43.94 | t_so_far: {33701} | epsilon: 0.995 max: 44.99441997431502
Ep: 944 | Ep_r: 44.15 | t_so_far: {33751} | epsilon: 0.995 max: 44.99441997431502
Ep: 945 | Ep_r: 43.61 | t_so_far: {33801} | epsilon: 0.995 max: 44.99441997431502
Ep: 946 | Ep_r: 43.26 | t_so_far: {33851} | epsilon: 0.995 max: 44.99441997431502
Ep: 947 | Ep_r: 42.78 | t_so_far: {33901} | epsilon: 0.995 max: 44.99441997431502
Ep: 948 | Ep_r: 42.21 | t_so_far: {33951} | epsilon: 0.995 max: 44.99441997431502
Ep: 949 | Ep_r: 41.96 | t_so_far: {34001} | epsilon: 0.995 max: 44.99441997431502
Ep: 950 | Ep_r: 41.74 | t_so_far: {34051} | epsilon: 0.995 max: 44.99441997431502
Ep: 951 | Ep_r: 41.83 | t_so_far: {34101} | epsilon: 0.995 max: 44.99441997431502
Ep: 952 | Ep_r: 42.11 | t_so_far: {34151} | epsilon: 0.995 max: 44.99441997431502
Ep: 953 | Ep_r: 42.23 | t_so_far: {34201} | epsilon: 0.995 max: 44.99441997431502
Ep: 954 | Ep_r: 42.16 | t_so_far: {34251} | epsilon: 0.995 max: 44.99441997431502
Ep: 955 | Ep_r: 41.67 | t_so_far: {34301} | epsilon: 0.995 max: 44.99441997431502
Ep: 956 | Ep_r: 38.11 | t_so_far: {34329} | epsilon: 0.995 max: 44.99441997431502
Ep: 957 | Ep_r: 38.99 | t_so_far: {34379} | epsilon: 0.995 max: 44.99441997431502
Ep: 958 | Ep_r: 39.66 | t_so_far: {34429} | epsilon: 0.995 max: 44.99441997431502
Ep: 959 | Ep_r: 40.17 | t_so_far: {34479} | epsilon: 0.995 max: 44.99441997431502
