pygame 2.1.0 (SDL 2.0.16, Python 3.8.0)
Hello from the pygame community. https://www.pygame.org/contribute.html
Successfully set seed to 2
MultiAttentionNetwork(
  (features): Sequential(
    (0): Conv2d(4, 32, kernel_size=(8, 8), stride=(4, 4))
    (1): ReLU()
    (2): Conv2d(32, 64, kernel_size=(4, 4), stride=(2, 2))
    (3): ReLU()
    (4): Conv2d(64, 64, kernel_size=(3, 3), stride=(1, 1))
    (5): ReLU()
  )
  (attention): NONLocalBlock2D(
    (g): Conv2d(64, 32, kernel_size=(1, 1), stride=(1, 1))
    (W): Conv2d(32, 64, kernel_size=(1, 1), stride=(1, 1))
    (theta): Conv2d(64, 32, kernel_size=(1, 1), stride=(1, 1))
    (phi): Conv2d(64, 32, kernel_size=(1, 1), stride=(1, 1))
  )
  (advantage): Sequential(
    (0): Linear(in_features=68224, out_features=512, bias=True)
    (1): ReLU()
    (2): Linear(in_features=512, out_features=5, bias=True)
  )
  (value): Sequential(
    (0): Linear(in_features=68224, out_features=512, bias=True)
    (1): ReLU()
    (2): Linear(in_features=512, out_features=1, bias=True)
  )
  (output): None
  (ego_embedding): Sequential(
    (0): Linear(in_features=7, out_features=64, bias=True)
    (1): ReLU()
    (2): Linear(in_features=64, out_features=64, bias=True)
    (3): ReLU()
  )
  (others_embedding): Sequential(
    (0): Linear(in_features=7, out_features=64, bias=True)
    (1): ReLU()
    (2): Linear(in_features=64, out_features=64, bias=True)
    (3): ReLU()
  )
  (attention_layer): EgoAttetion(
    (value_all): Linear(in_features=64, out_features=64, bias=False)
    (key_all): Linear(in_features=64, out_features=64, bias=False)
    (query_ego): Linear(in_features=64, out_features=64, bias=False)
    (attention_combine): Linear(in_features=64, out_features=64, bias=False)
  )
  (decoder): Sequential(
    (0): Linear(in_features=64, out_features=64, bias=True)
    (1): ReLU()
    (2): Linear(in_features=64, out_features=64, bias=True)
    (3): ReLU()
  )
)
./agent.py:220: UserWarning: Creating a tensor from a list of numpy.ndarrays is extremely slow. Please consider converting the list to a single numpy.ndarray with numpy.array() before converting to a tensor. (Triggered internally at  /opt/conda/conda-bld/pytorch_1646755903507/work/torch/csrc/utils/tensor_new.cpp:210.)
  return (torch.tensor([state['kinematics']], dtype=torch.float), state_image)
Ep: 0 | Ep_r: 13.42 | t_so_far: {15} | epsilon: 0.102 max: 13.423076923076923
Ep: 1 | Ep_r: 15.28 | t_so_far: {42} | epsilon: 0.106 max: 15.276923076923078
Ep: 2 | Ep_r: 20.71 | t_so_far: {92} | epsilon: 0.113 max: 20.706153846153846
Ep: 3 | Ep_r: 16.8 | t_so_far: {94} | epsilon: 0.113 max: 20.706153846153846
Ep: 4 | Ep_r: 13.84 | t_so_far: {97} | epsilon: 0.114 max: 20.706153846153846
Ep: 5 | Ep_r: 13.65 | t_so_far: {113} | epsilon: 0.116 max: 20.706153846153846
Ep: 6 | Ep_r: 18.21 | t_so_far: {153} | epsilon: 0.122 max: 20.706153846153846
Ep: 7 | Ep_r: 19.29 | t_so_far: {180} | epsilon: 0.125 max: 20.706153846153846
Ep: 8 | Ep_r: 23.67 | t_so_far: {230} | epsilon: 0.132 max: 23.66566537846154
Ep: 9 | Ep_r: 22.92 | t_so_far: {253} | epsilon: 0.136 max: 23.66566537846154
Ep: 10 | Ep_r: 19.55 | t_so_far: {261} | epsilon: 0.137 max: 23.66566537846154
Ep: 11 | Ep_r: 19.65 | t_so_far: {284} | epsilon: 0.14 max: 23.66566537846154
Ep: 12 | Ep_r: 16.14 | t_so_far: {287} | epsilon: 0.14 max: 23.66566537846154
Ep: 13 | Ep_r: 13.13 | t_so_far: {289} | epsilon: 0.14 max: 23.66566537846154
Ep: 14 | Ep_r: 19.37 | t_so_far: {339} | epsilon: 0.147 max: 23.66566537846154
Ep: 15 | Ep_r: 17.66 | t_so_far: {351} | epsilon: 0.149 max: 23.66566537846154
Ep: 16 | Ep_r: 15.59 | t_so_far: {360} | epsilon: 0.15 max: 23.66566537846154
Ep: 17 | Ep_r: 12.88 | t_so_far: {363} | epsilon: 0.151 max: 23.66566537846154
Ep: 18 | Ep_r: 16.27 | t_so_far: {398} | epsilon: 0.155 max: 23.66566537846154
Ep: 19 | Ep_r: 13.96 | t_so_far: {404} | epsilon: 0.156 max: 23.66566537846154
Ep: 20 | Ep_r: 11.78 | t_so_far: {408} | epsilon: 0.157 max: 23.66566537846154
Ep: 21 | Ep_r: 18.32 | t_so_far: {458} | epsilon: 0.163 max: 23.66566537846154
Ep: 22 | Ep_r: 23.16 | t_so_far: {508} | epsilon: 0.17 max: 23.66566537846154
Ep: 23 | Ep_r: 25.86 | t_so_far: {550} | epsilon: 0.176 max: 25.862068479393436
Ep: 24 | Ep_r: 22.02 | t_so_far: {558} | epsilon: 0.177 max: 25.862068479393436
Ep: 25 | Ep_r: 26.05 | t_so_far: {608} | epsilon: 0.183 max: 26.054800749888724
Ep: 26 | Ep_r: 26.97 | t_so_far: {645} | epsilon: 0.188 max: 26.97460983068021
Ep: 27 | Ep_r: 30.04 | t_so_far: {695} | epsilon: 0.194 max: 30.04122632608263
Ep: 28 | Ep_r: 32.83 | t_so_far: {745} | epsilon: 0.201 max: 32.825288753173794
Ep: 29 | Ep_r: 27.22 | t_so_far: {751} | epsilon: 0.202 max: 32.825288753173794
Ep: 30 | Ep_r: 29.36 | t_so_far: {794} | epsilon: 0.207 max: 32.825288753173794
Ep: 31 | Ep_r: 31.88 | t_so_far: {844} | epsilon: 0.213 max: 32.825288753173794
Ep: 32 | Ep_r: 29.44 | t_so_far: {867} | epsilon: 0.216 max: 32.825288753173794
Ep: 33 | Ep_r: 32.33 | t_so_far: {917} | epsilon: 0.223 max: 32.825288753173794
Ep: 34 | Ep_r: 26.8 | t_so_far: {923} | epsilon: 0.223 max: 32.825288753173794
Ep: 35 | Ep_r: 30.32 | t_so_far: {973} | epsilon: 0.229 max: 32.825288753173794
Ep: 36 | Ep_r: 25.65 | t_so_far: {981} | epsilon: 0.23 max: 32.825288753173794
Ep: 37 | Ep_r: 26.18 | t_so_far: {1012} | epsilon: 0.234 max: 32.825288753173794
Ep: 38 | Ep_r: 28.53 | t_so_far: {1056} | epsilon: 0.24 max: 32.825288753173794
Ep: 39 | Ep_r: 31.67 | t_so_far: {1106} | epsilon: 0.246 max: 32.825288753173794
Ep: 40 | Ep_r: 25.74 | t_so_far: {1109} | epsilon: 0.246 max: 32.825288753173794
Ep: 41 | Ep_r: 21.57 | t_so_far: {1115} | epsilon: 0.247 max: 32.825288753173794
Ep: 42 | Ep_r: 19.23 | t_so_far: {1127} | epsilon: 0.248 max: 32.825288753173794
Ep: 43 | Ep_r: 23.84 | t_so_far: {1177} | epsilon: 0.254 max: 32.825288753173794
Ep: 44 | Ep_r: 24.85 | t_so_far: {1211} | epsilon: 0.258 max: 32.825288753173794
Ep: 45 | Ep_r: 23.64 | t_so_far: {1233} | epsilon: 0.261 max: 32.825288753173794
Ep: 46 | Ep_r: 27.39 | t_so_far: {1283} | epsilon: 0.267 max: 32.825288753173794
Ep: 47 | Ep_r: 24.17 | t_so_far: {1296} | epsilon: 0.268 max: 32.825288753173794
Ep: 48 | Ep_r: 21.2 | t_so_far: {1307} | epsilon: 0.27 max: 32.825288753173794
Ep: 49 | Ep_r: 21.84 | t_so_far: {1335} | epsilon: 0.273 max: 32.825288753173794
Ep: 50 | Ep_r: 18.44 | t_so_far: {1341} | epsilon: 0.273 max: 32.825288753173794
Ep: 51 | Ep_r: 23.64 | t_so_far: {1391} | epsilon: 0.279 max: 32.825288753173794
Ep: 52 | Ep_r: 20.4 | t_so_far: {1400} | epsilon: 0.28 max: 32.825288753173794
Ep: 53 | Ep_r: 19.42 | t_so_far: {1419} | epsilon: 0.282 max: 32.825288753173794
Ep: 54 | Ep_r: 17.24 | t_so_far: {1429} | epsilon: 0.284 max: 32.825288753173794
Ep: 55 | Ep_r: 22.13 | t_so_far: {1479} | epsilon: 0.289 max: 32.825288753173794
Ep: 56 | Ep_r: 26.53 | t_so_far: {1529} | epsilon: 0.295 max: 32.825288753173794
Ep: 57 | Ep_r: 29.9 | t_so_far: {1579} | epsilon: 0.301 max: 32.825288753173794
Ep: 58 | Ep_r: 25.19 | t_so_far: {1587} | epsilon: 0.301 max: 32.825288753173794
Ep: 59 | Ep_r: 28.54 | t_so_far: {1637} | epsilon: 0.307 max: 32.825288753173794
Ep: 60 | Ep_r: 31.42 | t_so_far: {1687} | epsilon: 0.313 max: 32.825288753173794
Ep: 61 | Ep_r: 30.69 | t_so_far: {1718} | epsilon: 0.316 max: 32.825288753173794
Ep: 62 | Ep_r: 26.86 | t_so_far: {1731} | epsilon: 0.317 max: 32.825288753173794
Ep: 63 | Ep_r: 30.04 | t_so_far: {1781} | epsilon: 0.323 max: 32.825288753173794
Ep: 64 | Ep_r: 27.66 | t_so_far: {1802} | epsilon: 0.325 max: 32.825288753173794
Ep: 65 | Ep_r: 25.5 | t_so_far: {1821} | epsilon: 0.327 max: 32.825288753173794
Ep: 66 | Ep_r: 23.04 | t_so_far: {1836} | epsilon: 0.329 max: 32.825288753173794
Ep: 67 | Ep_r: 19.55 | t_so_far: {1843} | epsilon: 0.329 max: 32.825288753173794
Ep: 68 | Ep_r: 24.02 | t_so_far: {1893} | epsilon: 0.335 max: 32.825288753173794
Ep: 69 | Ep_r: 20.4 | t_so_far: {1900} | epsilon: 0.336 max: 32.825288753173794
Ep: 70 | Ep_r: 18.28 | t_so_far: {1912} | epsilon: 0.337 max: 32.825288753173794
Ep: 71 | Ep_r: 15.69 | t_so_far: {1919} | epsilon: 0.338 max: 32.825288753173794
Ep: 72 | Ep_r: 21.03 | t_so_far: {1969} | epsilon: 0.343 max: 32.825288753173794
Ep: 73 | Ep_r: 22.3 | t_so_far: {2000} | epsilon: 0.346 max: 32.825288753173794
Ep: 74 | Ep_r: 26.38 | t_so_far: {2050} | epsilon: 0.351 max: 32.825288753173794
Ep: 75 | Ep_r: 29.61 | t_so_far: {2100} | epsilon: 0.356 max: 32.825288753173794
Ep: 76 | Ep_r: 25.53 | t_so_far: {2111} | epsilon: 0.358 max: 32.825288753173794
Ep: 77 | Ep_r: 28.78 | t_so_far: {2161} | epsilon: 0.363 max: 32.825288753173794
Ep: 78 | Ep_r: 23.24 | t_so_far: {2163} | epsilon: 0.363 max: 32.825288753173794
Ep: 79 | Ep_r: 25.36 | t_so_far: {2199} | epsilon: 0.367 max: 32.825288753173794
Ep: 80 | Ep_r: 24.53 | t_so_far: {2223} | epsilon: 0.369 max: 32.825288753173794
Ep: 81 | Ep_r: 27.91 | t_so_far: {2270} | epsilon: 0.374 max: 32.825288753173794
Ep: 82 | Ep_r: 26.78 | t_so_far: {2295} | epsilon: 0.376 max: 32.825288753173794
Ep: 83 | Ep_r: 22.85 | t_so_far: {2303} | epsilon: 0.377 max: 32.825288753173794
Ep: 84 | Ep_r: 20.46 | t_so_far: {2316} | epsilon: 0.378 max: 32.825288753173794
Ep: 85 | Ep_r: 25.62 | t_so_far: {2366} | epsilon: 0.383 max: 32.825288753173794
Ep: 86 | Ep_r: 21.85 | t_so_far: {2374} | epsilon: 0.384 max: 32.825288753173794
Ep: 87 | Ep_r: 25.87 | t_so_far: {2424} | epsilon: 0.389 max: 32.825288753173794
Ep: 88 | Ep_r: 21.48 | t_so_far: {2429} | epsilon: 0.389 max: 32.825288753173794
Ep: 89 | Ep_r: 25.62 | t_so_far: {2479} | epsilon: 0.394 max: 32.825288753173794
Ep: 90 | Ep_r: 22.11 | t_so_far: {2488} | epsilon: 0.395 max: 32.825288753173794
Ep: 91 | Ep_r: 26.57 | t_so_far: {2538} | epsilon: 0.4 max: 32.825288753173794
Ep: 92 | Ep_r: 21.83 | t_so_far: {2542} | epsilon: 0.4 max: 32.825288753173794
Ep: 93 | Ep_r: 25.96 | t_so_far: {2592} | epsilon: 0.405 max: 32.825288753173794
Ep: 94 | Ep_r: 20.98 | t_so_far: {2594} | epsilon: 0.405 max: 32.825288753173794
Ep: 95 | Ep_r: 25.53 | t_so_far: {2644} | epsilon: 0.41 max: 32.825288753173794
Ep: 96 | Ep_r: 29.3 | t_so_far: {2694} | epsilon: 0.415 max: 32.825288753173794
Ep: 97 | Ep_r: 27.34 | t_so_far: {2716} | epsilon: 0.417 max: 32.825288753173794
Ep: 98 | Ep_r: 25.55 | t_so_far: {2736} | epsilon: 0.419 max: 32.825288753173794
Ep: 99 | Ep_r: 24.15 | t_so_far: {2756} | epsilon: 0.42 max: 32.825288753173794
Ep: 100 | Ep_r: 24.61 | t_so_far: {2785} | epsilon: 0.423 max: 32.825288753173794
Ep: 101 | Ep_r: 23.6 | t_so_far: {2806} | epsilon: 0.425 max: 32.825288753173794
Ep: 102 | Ep_r: 22.15 | t_so_far: {2824} | epsilon: 0.427 max: 32.825288753173794
Ep: 103 | Ep_r: 26.18 | t_so_far: {2874} | epsilon: 0.431 max: 32.825288753173794
Ep: 104 | Ep_r: 23.86 | t_so_far: {2890} | epsilon: 0.433 max: 32.825288753173794
Ep: 105 | Ep_r: 28.09 | t_so_far: {2940} | epsilon: 0.437 max: 32.825288753173794
Ep: 106 | Ep_r: 22.89 | t_so_far: {2943} | epsilon: 0.438 max: 32.825288753173794
Ep: 107 | Ep_r: 27.26 | t_so_far: {2993} | epsilon: 0.442 max: 32.825288753173794
Ep: 108 | Ep_r: 30.78 | t_so_far: {3043} | epsilon: 0.446 max: 32.825288753173794
Ep: 109 | Ep_r: 25.76 | t_so_far: {3050} | epsilon: 0.447 max: 32.825288753173794
Ep: 110 | Ep_r: 29.52 | t_so_far: {3100} | epsilon: 0.451 max: 32.825288753173794
Ep: 111 | Ep_r: 32.36 | t_so_far: {3150} | epsilon: 0.456 max: 32.825288753173794
Ep: 112 | Ep_r: 26.49 | t_so_far: {3154} | epsilon: 0.456 max: 32.825288753173794
Ep: 113 | Ep_r: 25.62 | t_so_far: {3178} | epsilon: 0.458 max: 32.825288753173794
Ep: 114 | Ep_r: 25.09 | t_so_far: {3205} | epsilon: 0.461 max: 32.825288753173794
Ep: 115 | Ep_r: 20.71 | t_so_far: {3209} | epsilon: 0.461 max: 32.825288753173794
Ep: 116 | Ep_r: 21.41 | t_so_far: {3236} | epsilon: 0.463 max: 32.825288753173794
Ep: 117 | Ep_r: 18.53 | t_so_far: {3245} | epsilon: 0.464 max: 32.825288753173794
Ep: 118 | Ep_r: 15.97 | t_so_far: {3252} | epsilon: 0.465 max: 32.825288753173794
Ep: 119 | Ep_r: 18.91 | t_so_far: {3288} | epsilon: 0.468 max: 32.825288753173794
Ep: 120 | Ep_r: 23.74 | t_so_far: {3337} | epsilon: 0.472 max: 32.825288753173794
Ep: 121 | Ep_r: 19.98 | t_so_far: {3343} | epsilon: 0.472 max: 32.825288753173794
Ep: 122 | Ep_r: 20.24 | t_so_far: {3368} | epsilon: 0.474 max: 32.825288753173794
Ep: 123 | Ep_r: 25.55 | t_so_far: {3418} | epsilon: 0.479 max: 32.825288753173794
Ep: 124 | Ep_r: 22.35 | t_so_far: {3429} | epsilon: 0.48 max: 32.825288753173794
Ep: 125 | Ep_r: 24.13 | t_so_far: {3462} | epsilon: 0.482 max: 32.825288753173794
Ep: 126 | Ep_r: 24.71 | t_so_far: {3491} | epsilon: 0.485 max: 32.825288753173794
Ep: 127 | Ep_r: 21.28 | t_so_far: {3500} | epsilon: 0.485 max: 32.825288753173794
Ep: 128 | Ep_r: 24.34 | t_so_far: {3541} | epsilon: 0.489 max: 32.825288753173794
Ep: 129 | Ep_r: 23.96 | t_so_far: {3568} | epsilon: 0.491 max: 32.825288753173794
Ep: 130 | Ep_r: 23.81 | t_so_far: {3594} | epsilon: 0.493 max: 32.825288753173794
Ep: 131 | Ep_r: 22.22 | t_so_far: {3611} | epsilon: 0.494 max: 32.825288753173794
Ep: 132 | Ep_r: 23.25 | t_so_far: {3641} | epsilon: 0.497 max: 32.825288753173794
Ep: 133 | Ep_r: 28.18 | t_so_far: {3691} | epsilon: 0.501 max: 32.825288753173794
Ep: 134 | Ep_r: 24.47 | t_so_far: {3702} | epsilon: 0.502 max: 32.825288753173794
Ep: 135 | Ep_r: 23.45 | t_so_far: {3724} | epsilon: 0.503 max: 32.825288753173794
Ep: 136 | Ep_r: 20.38 | t_so_far: {3733} | epsilon: 0.504 max: 32.825288753173794
Ep: 137 | Ep_r: 16.52 | t_so_far: {3735} | epsilon: 0.504 max: 32.825288753173794
Ep: 138 | Ep_r: 14.93 | t_so_far: {3745} | epsilon: 0.505 max: 32.825288753173794
Ep: 139 | Ep_r: 21.06 | t_so_far: {3795} | epsilon: 0.509 max: 32.825288753173794
Ep: 140 | Ep_r: 19.8 | t_so_far: {3812} | epsilon: 0.51 max: 32.825288753173794
Ep: 141 | Ep_r: 16.44 | t_so_far: {3816} | epsilon: 0.511 max: 32.825288753173794
Ep: 142 | Ep_r: 14.93 | t_so_far: {3826} | epsilon: 0.512 max: 32.825288753173794
Ep: 143 | Ep_r: 21.01 | t_so_far: {3876} | epsilon: 0.515 max: 32.825288753173794
Ep: 144 | Ep_r: 22.86 | t_so_far: {3912} | epsilon: 0.518 max: 32.825288753173794
Ep: 145 | Ep_r: 25.48 | t_so_far: {3953} | epsilon: 0.521 max: 32.825288753173794
Ep: 146 | Ep_r: 23.52 | t_so_far: {3970} | epsilon: 0.523 max: 32.825288753173794
Ep: 147 | Ep_r: 25.39 | t_so_far: {4006} | epsilon: 0.525 max: 32.825288753173794
Ep: 148 | Ep_r: 28.55 | t_so_far: {4056} | epsilon: 0.529 max: 32.825288753173794
Ep: 149 | Ep_r: 31.65 | t_so_far: {4106} | epsilon: 0.533 max: 32.825288753173794
Ep: 150 | Ep_r: 34.6 | t_so_far: {4156} | epsilon: 0.537 max: 34.59962371374023
Ep: 151 | Ep_r: 28.76 | t_so_far: {4163} | epsilon: 0.537 max: 34.59962371374023
Ep: 152 | Ep_r: 24.07 | t_so_far: {4170} | epsilon: 0.538 max: 34.59962371374023
Ep: 153 | Ep_r: 21.08 | t_so_far: {4181} | epsilon: 0.538 max: 34.59962371374023
Ep: 154 | Ep_r: 18.46 | t_so_far: {4190} | epsilon: 0.539 max: 34.59962371374023
Ep: 155 | Ep_r: 15.74 | t_so_far: {4196} | epsilon: 0.54 max: 34.59962371374023
Ep: 156 | Ep_r: 16.1 | t_so_far: {4216} | epsilon: 0.541 max: 34.59962371374023
Ep: 157 | Ep_r: 20.81 | t_so_far: {4259} | epsilon: 0.544 max: 34.59962371374023
Ep: 158 | Ep_r: 25.9 | t_so_far: {4309} | epsilon: 0.548 max: 34.59962371374023
Ep: 159 | Ep_r: 29.22 | t_so_far: {4358} | epsilon: 0.551 max: 34.59962371374023
Ep: 160 | Ep_r: 29.92 | t_so_far: {4393} | epsilon: 0.554 max: 34.59962371374023
Ep: 161 | Ep_r: 30.85 | t_so_far: {4432} | epsilon: 0.557 max: 34.59962371374023
Ep: 162 | Ep_r: 28.52 | t_so_far: {4453} | epsilon: 0.558 max: 34.59962371374023
Ep: 163 | Ep_r: 27.48 | t_so_far: {4479} | epsilon: 0.56 max: 34.59962371374023
Ep: 164 | Ep_r: 25.59 | t_so_far: {4500} | epsilon: 0.561 max: 34.59962371374023
Ep: 165 | Ep_r: 22.5 | t_so_far: {4512} | epsilon: 0.562 max: 34.59962371374023
Ep: 166 | Ep_r: 22.59 | t_so_far: {4537} | epsilon: 0.564 max: 34.59962371374023
Ep: 167 | Ep_r: 22.51 | t_so_far: {4562} | epsilon: 0.566 max: 34.59962371374023
Ep: 168 | Ep_r: 26.42 | t_so_far: {4608} | epsilon: 0.569 max: 34.59962371374023
Ep: 169 | Ep_r: 30.14 | t_so_far: {4658} | epsilon: 0.572 max: 34.59962371374023
Ep: 170 | Ep_r: 32.71 | t_so_far: {4704} | epsilon: 0.575 max: 34.59962371374023
Ep: 171 | Ep_r: 30.06 | t_so_far: {4726} | epsilon: 0.577 max: 34.59962371374023
Ep: 172 | Ep_r: 25.89 | t_so_far: {4737} | epsilon: 0.578 max: 34.59962371374023
Ep: 173 | Ep_r: 21.26 | t_so_far: {4741} | epsilon: 0.578 max: 34.59962371374023
Ep: 174 | Ep_r: 26.65 | t_so_far: {4791} | epsilon: 0.581 max: 34.59962371374023
Ep: 175 | Ep_r: 21.74 | t_so_far: {4794} | epsilon: 0.581 max: 34.59962371374023
Ep: 176 | Ep_r: 18.14 | t_so_far: {4799} | epsilon: 0.582 max: 34.59962371374023
Ep: 177 | Ep_r: 19.92 | t_so_far: {4828} | epsilon: 0.584 max: 34.59962371374023
Ep: 178 | Ep_r: 16.7 | t_so_far: {4833} | epsilon: 0.584 max: 34.59962371374023
Ep: 179 | Ep_r: 22.23 | t_so_far: {4881} | epsilon: 0.587 max: 34.59962371374023
Ep: 180 | Ep_r: 24.64 | t_so_far: {4919} | epsilon: 0.59 max: 34.59962371374023
Ep: 181 | Ep_r: 24.26 | t_so_far: {4945} | epsilon: 0.591 max: 34.59962371374023
Ep: 182 | Ep_r: 23.55 | t_so_far: {4969} | epsilon: 0.593 max: 34.59962371374023
Ep: 183 | Ep_r: 28.15 | t_so_far: {5019} | epsilon: 0.596 max: 34.59962371374023
Ep: 184 | Ep_r: 28.75 | t_so_far: {5053} | epsilon: 0.598 max: 34.59962371374023
Ep: 185 | Ep_r: 25.92 | t_so_far: {5069} | epsilon: 0.599 max: 34.59962371374023
Ep: 186 | Ep_r: 22.64 | t_so_far: {5080} | epsilon: 0.6 max: 34.59962371374023
Ep: 187 | Ep_r: 21.14 | t_so_far: {5097} | epsilon: 0.601 max: 34.59962371374023
Ep: 188 | Ep_r: 19.63 | t_so_far: {5113} | epsilon: 0.602 max: 34.59962371374023
Ep: 189 | Ep_r: 16.96 | t_so_far: {5121} | epsilon: 0.603 max: 34.59962371374023
Ep: 190 | Ep_r: 22.93 | t_so_far: {5171} | epsilon: 0.606 max: 34.59962371374023
Ep: 191 | Ep_r: 18.98 | t_so_far: {5175} | epsilon: 0.606 max: 34.59962371374023
Ep: 192 | Ep_r: 16.25 | t_so_far: {5182} | epsilon: 0.607 max: 34.59962371374023
Ep: 193 | Ep_r: 17.33 | t_so_far: {5205} | epsilon: 0.608 max: 34.59962371374023
Ep: 194 | Ep_r: 23.17 | t_so_far: {5255} | epsilon: 0.611 max: 34.59962371374023
Ep: 195 | Ep_r: 27.99 | t_so_far: {5305} | epsilon: 0.614 max: 34.59962371374023
Ep: 196 | Ep_r: 32.0 | t_so_far: {5355} | epsilon: 0.617 max: 34.59962371374023
Ep: 197 | Ep_r: 35.1 | t_so_far: {5405} | epsilon: 0.62 max: 35.09790437025478
Ep: 198 | Ep_r: 28.51 | t_so_far: {5408} | epsilon: 0.621 max: 35.09790437025478
Ep: 199 | Ep_r: 28.65 | t_so_far: {5439} | epsilon: 0.622 max: 35.09790437025478
Ep: 200 | Ep_r: 28.42 | t_so_far: {5470} | epsilon: 0.624 max: 35.09790437025478
Ep: 201 | Ep_r: 29.92 | t_so_far: {5511} | epsilon: 0.627 max: 35.09790437025478
Ep: 202 | Ep_r: 30.42 | t_so_far: {5545} | epsilon: 0.629 max: 35.09790437025478
Ep: 203 | Ep_r: 27.26 | t_so_far: {5561} | epsilon: 0.63 max: 35.09790437025478
Ep: 204 | Ep_r: 22.24 | t_so_far: {5564} | epsilon: 0.63 max: 35.09790437025478
Ep: 205 | Ep_r: 22.17 | t_so_far: {5589} | epsilon: 0.631 max: 35.09790437025478
Ep: 206 | Ep_r: 25.43 | t_so_far: {5633} | epsilon: 0.634 max: 35.09790437025478
Ep: 207 | Ep_r: 22.13 | t_so_far: {5643} | epsilon: 0.634 max: 35.09790437025478
Ep: 208 | Ep_r: 22.16 | t_so_far: {5668} | epsilon: 0.636 max: 35.09790437025478
Ep: 209 | Ep_r: 22.76 | t_so_far: {5697} | epsilon: 0.638 max: 35.09790437025478
Ep: 210 | Ep_r: 27.57 | t_so_far: {5747} | epsilon: 0.641 max: 35.09790437025478
Ep: 211 | Ep_r: 30.37 | t_so_far: {5793} | epsilon: 0.643 max: 35.09790437025478
Ep: 212 | Ep_r: 28.55 | t_so_far: {5816} | epsilon: 0.644 max: 35.09790437025478
Ep: 213 | Ep_r: 30.0 | t_so_far: {5854} | epsilon: 0.647 max: 35.09790437025478
Ep: 214 | Ep_r: 29.05 | t_so_far: {5882} | epsilon: 0.648 max: 35.09790437025478
Ep: 215 | Ep_r: 28.94 | t_so_far: {5916} | epsilon: 0.65 max: 35.09790437025478
Ep: 216 | Ep_r: 27.36 | t_so_far: {5940} | epsilon: 0.651 max: 35.09790437025478
Ep: 217 | Ep_r: 23.2 | t_so_far: {5948} | epsilon: 0.652 max: 35.09790437025478
Ep: 218 | Ep_r: 28.19 | t_so_far: {5998} | epsilon: 0.655 max: 35.09790437025478
Ep: 219 | Ep_r: 26.69 | t_so_far: {6020} | epsilon: 0.656 max: 35.09790437025478
Ep: 220 | Ep_r: 29.13 | t_so_far: {6063} | epsilon: 0.658 max: 35.09790437025478
Ep: 221 | Ep_r: 25.79 | t_so_far: {6077} | epsilon: 0.659 max: 35.09790437025478
Ep: 222 | Ep_r: 25.34 | t_so_far: {6102} | epsilon: 0.66 max: 35.09790437025478
Ep: 223 | Ep_r: 29.8 | t_so_far: {6152} | epsilon: 0.663 max: 35.09790437025478
Ep: 224 | Ep_r: 33.33 | t_so_far: {6202} | epsilon: 0.666 max: 35.09790437025478
Ep: 225 | Ep_r: 29.76 | t_so_far: {6220} | epsilon: 0.667 max: 35.09790437025478
Ep: 226 | Ep_r: 25.16 | t_so_far: {6228} | epsilon: 0.667 max: 35.09790437025478
Ep: 227 | Ep_r: 25.76 | t_so_far: {6258} | epsilon: 0.669 max: 35.09790437025478
Ep: 228 | Ep_r: 24.87 | t_so_far: {6282} | epsilon: 0.67 max: 35.09790437025478
Ep: 229 | Ep_r: 29.7 | t_so_far: {6332} | epsilon: 0.673 max: 35.09790437025478
Ep: 230 | Ep_r: 30.3 | t_so_far: {6367} | epsilon: 0.674 max: 35.09790437025478
Ep: 231 | Ep_r: 29.71 | t_so_far: {6397} | epsilon: 0.676 max: 35.09790437025478
Ep: 232 | Ep_r: 24.78 | t_so_far: {6403} | epsilon: 0.676 max: 35.09790437025478
Ep: 233 | Ep_r: 20.26 | t_so_far: {6406} | epsilon: 0.676 max: 35.09790437025478
Ep: 234 | Ep_r: 18.26 | t_so_far: {6418} | epsilon: 0.677 max: 35.09790437025478
Ep: 235 | Ep_r: 24.02 | t_so_far: {6468} | epsilon: 0.68 max: 35.09790437025478
Ep: 236 | Ep_r: 28.47 | t_so_far: {6518} | epsilon: 0.682 max: 35.09790437025478
Ep: 237 | Ep_r: 28.63 | t_so_far: {6551} | epsilon: 0.684 max: 35.09790437025478
Ep: 238 | Ep_r: 25.5 | t_so_far: {6565} | epsilon: 0.684 max: 35.09790437025478
Ep: 239 | Ep_r: 24.75 | t_so_far: {6589} | epsilon: 0.686 max: 35.09790437025478
Ep: 240 | Ep_r: 24.4 | t_so_far: {6615} | epsilon: 0.687 max: 35.09790437025478
Ep: 241 | Ep_r: 23.51 | t_so_far: {6637} | epsilon: 0.688 max: 35.09790437025478
Ep: 242 | Ep_r: 26.0 | t_so_far: {6675} | epsilon: 0.69 max: 35.09790437025478
Ep: 243 | Ep_r: 26.39 | t_so_far: {6706} | epsilon: 0.691 max: 35.09790437025478
Ep: 244 | Ep_r: 30.01 | t_so_far: {6755} | epsilon: 0.694 max: 35.09790437025478
Ep: 245 | Ep_r: 25.0 | t_so_far: {6761} | epsilon: 0.694 max: 35.09790437025478
Ep: 246 | Ep_r: 26.59 | t_so_far: {6796} | epsilon: 0.696 max: 35.09790437025478
Ep: 247 | Ep_r: 28.09 | t_so_far: {6833} | epsilon: 0.698 max: 35.09790437025478
Ep: 248 | Ep_r: 25.54 | t_so_far: {6850} | epsilon: 0.699 max: 35.09790437025478
Ep: 249 | Ep_r: 24.74 | t_so_far: {6873} | epsilon: 0.7 max: 35.09790437025478
Ep: 250 | Ep_r: 28.79 | t_so_far: {6923} | epsilon: 0.702 max: 35.09790437025478
Ep: 251 | Ep_r: 25.22 | t_so_far: {6936} | epsilon: 0.703 max: 35.09790437025478
Ep: 252 | Ep_r: 29.1 | t_so_far: {6986} | epsilon: 0.705 max: 35.09790437025478
Ep: 253 | Ep_r: 27.78 | t_so_far: {7010} | epsilon: 0.706 max: 35.09790437025478
Ep: 254 | Ep_r: 31.47 | t_so_far: {7060} | epsilon: 0.708 max: 35.09790437025478
Ep: 255 | Ep_r: 28.7 | t_so_far: {7079} | epsilon: 0.709 max: 35.09790437025478
Ep: 256 | Ep_r: 23.57 | t_so_far: {7083} | epsilon: 0.709 max: 35.09790437025478
Ep: 257 | Ep_r: 21.33 | t_so_far: {7097} | epsilon: 0.71 max: 35.09790437025478
Ep: 258 | Ep_r: 26.16 | t_so_far: {7147} | epsilon: 0.712 max: 35.09790437025478
Ep: 259 | Ep_r: 30.01 | t_so_far: {7197} | epsilon: 0.715 max: 35.09790437025478
Ep: 260 | Ep_r: 33.0 | t_so_far: {7247} | epsilon: 0.717 max: 35.09790437025478
Ep: 261 | Ep_r: 32.51 | t_so_far: {7281} | epsilon: 0.719 max: 35.09790437025478
Ep: 262 | Ep_r: 34.05 | t_so_far: {7325} | epsilon: 0.72 max: 35.09790437025478
Ep: 263 | Ep_r: 27.84 | t_so_far: {7329} | epsilon: 0.721 max: 35.09790437025478
Ep: 264 | Ep_r: 23.86 | t_so_far: {7338} | epsilon: 0.721 max: 35.09790437025478
Ep: 265 | Ep_r: 24.13 | t_so_far: {7365} | epsilon: 0.722 max: 35.09790437025478
Ep: 266 | Ep_r: 23.21 | t_so_far: {7386} | epsilon: 0.723 max: 35.09790437025478
Ep: 267 | Ep_r: 26.24 | t_so_far: {7428} | epsilon: 0.725 max: 35.09790437025478
Ep: 268 | Ep_r: 29.95 | t_so_far: {7478} | epsilon: 0.727 max: 35.09790437025478
Ep: 269 | Ep_r: 30.52 | t_so_far: {7514} | epsilon: 0.729 max: 35.09790437025478
Ep: 270 | Ep_r: 33.76 | t_so_far: {7564} | epsilon: 0.731 max: 35.09790437025478
Ep: 271 | Ep_r: 36.43 | t_so_far: {7614} | epsilon: 0.733 max: 36.43361945149386
Ep: 272 | Ep_r: 35.65 | t_so_far: {7649} | epsilon: 0.735 max: 36.43361945149386
Ep: 273 | Ep_r: 34.79 | t_so_far: {7684} | epsilon: 0.736 max: 36.43361945149386
Ep: 274 | Ep_r: 37.16 | t_so_far: {7734} | epsilon: 0.738 max: 37.15893623608793
Ep: 275 | Ep_r: 38.8 | t_so_far: {7784} | epsilon: 0.74 max: 38.80407206579342
Ep: 276 | Ep_r: 37.68 | t_so_far: {7821} | epsilon: 0.742 max: 38.80407206579342
Ep: 277 | Ep_r: 38.88 | t_so_far: {7867} | epsilon: 0.744 max: 38.87614458364626
Ep: 278 | Ep_r: 34.45 | t_so_far: {7886} | epsilon: 0.744 max: 38.87614458364626
Ep: 279 | Ep_r: 37.14 | t_so_far: {7936} | epsilon: 0.746 max: 38.87614458364626
Ep: 280 | Ep_r: 32.13 | t_so_far: {7950} | epsilon: 0.747 max: 38.87614458364626
Ep: 281 | Ep_r: 28.31 | t_so_far: {7964} | epsilon: 0.748 max: 38.87614458364626
Ep: 282 | Ep_r: 31.51 | t_so_far: {8014} | epsilon: 0.75 max: 38.87614458364626
Ep: 283 | Ep_r: 26.16 | t_so_far: {8020} | epsilon: 0.75 max: 38.87614458364626
Ep: 284 | Ep_r: 29.38 | t_so_far: {8067} | epsilon: 0.752 max: 38.87614458364626
Ep: 285 | Ep_r: 32.72 | t_so_far: {8117} | epsilon: 0.754 max: 38.87614458364626
Ep: 286 | Ep_r: 26.6 | t_so_far: {8120} | epsilon: 0.754 max: 38.87614458364626
Ep: 287 | Ep_r: 30.68 | t_so_far: {8170} | epsilon: 0.756 max: 38.87614458364626
Ep: 288 | Ep_r: 33.44 | t_so_far: {8220} | epsilon: 0.758 max: 38.87614458364626
Ep: 289 | Ep_r: 32.58 | t_so_far: {8253} | epsilon: 0.759 max: 38.87614458364626
Ep: 290 | Ep_r: 33.25 | t_so_far: {8292} | epsilon: 0.76 max: 38.87614458364626
Ep: 291 | Ep_r: 35.26 | t_so_far: {8342} | epsilon: 0.762 max: 38.87614458364626
Ep: 292 | Ep_r: 30.44 | t_so_far: {8355} | epsilon: 0.763 max: 38.87614458364626
Ep: 293 | Ep_r: 25.96 | t_so_far: {8364} | epsilon: 0.763 max: 38.87614458364626
Ep: 294 | Ep_r: 22.41 | t_so_far: {8374} | epsilon: 0.764 max: 38.87614458364626
Ep: 295 | Ep_r: 27.19 | t_so_far: {8424} | epsilon: 0.765 max: 38.87614458364626
Ep: 296 | Ep_r: 30.41 | t_so_far: {8474} | epsilon: 0.767 max: 38.87614458364626
Ep: 297 | Ep_r: 33.19 | t_so_far: {8524} | epsilon: 0.769 max: 38.87614458364626
Ep: 298 | Ep_r: 35.53 | t_so_far: {8574} | epsilon: 0.771 max: 38.87614458364626
Ep: 299 | Ep_r: 37.21 | t_so_far: {8624} | epsilon: 0.773 max: 38.87614458364626
Ep: 300 | Ep_r: 38.98 | t_so_far: {8674} | epsilon: 0.775 max: 38.97600314959136
Ep: 301 | Ep_r: 40.15 | t_so_far: {8724} | epsilon: 0.776 max: 40.150033288903856
Ep: 302 | Ep_r: 40.57 | t_so_far: {8774} | epsilon: 0.778 max: 40.56618047727694
Ep: 303 | Ep_r: 41.2 | t_so_far: {8824} | epsilon: 0.78 max: 41.199098227975405
Ep: 304 | Ep_r: 41.67 | t_so_far: {8874} | epsilon: 0.782 max: 41.67466319776494
Ep: 305 | Ep_r: 42.36 | t_so_far: {8924} | epsilon: 0.783 max: 42.355115173596566
Ep: 306 | Ep_r: 42.91 | t_so_far: {8974} | epsilon: 0.785 max: 42.91486136964648
Ep: 307 | Ep_r: 43.38 | t_so_far: {9024} | epsilon: 0.787 max: 43.37804294187104
Ep: 308 | Ep_r: 43.45 | t_so_far: {9074} | epsilon: 0.788 max: 43.448588199650686
Ep: 309 | Ep_r: 44.04 | t_so_far: {9124} | epsilon: 0.79 max: 44.035793636643625
Ep: 310 | Ep_r: 44.1 | t_so_far: {9174} | epsilon: 0.792 max: 44.09786567854567
Ep: 311 | Ep_r: 43.82 | t_so_far: {9224} | epsilon: 0.793 max: 44.09786567854567
Ep: 312 | Ep_r: 44.31 | t_so_far: {9274} | epsilon: 0.795 max: 44.31494172657692
Ep: 313 | Ep_r: 39.69 | t_so_far: {9297} | epsilon: 0.796 max: 44.31494172657692
Ep: 314 | Ep_r: 41.09 | t_so_far: {9347} | epsilon: 0.797 max: 44.31494172657692
Ep: 315 | Ep_r: 34.23 | t_so_far: {9355} | epsilon: 0.798 max: 44.31494172657692
Ep: 316 | Ep_r: 36.58 | t_so_far: {9405} | epsilon: 0.799 max: 44.31494172657692
Ep: 317 | Ep_r: 38.11 | t_so_far: {9455} | epsilon: 0.801 max: 44.31494172657692
Ep: 318 | Ep_r: 39.1 | t_so_far: {9502} | epsilon: 0.802 max: 44.31494172657692
Ep: 319 | Ep_r: 36.13 | t_so_far: {9528} | epsilon: 0.803 max: 44.31494172657692
Ep: 320 | Ep_r: 38.17 | t_so_far: {9578} | epsilon: 0.805 max: 44.31494172657692
Ep: 321 | Ep_r: 39.96 | t_so_far: {9628} | epsilon: 0.806 max: 44.31494172657692
Ep: 322 | Ep_r: 41.55 | t_so_far: {9678} | epsilon: 0.808 max: 44.31494172657692
Ep: 323 | Ep_r: 39.1 | t_so_far: {9712} | epsilon: 0.809 max: 44.31494172657692
Ep: 324 | Ep_r: 40.78 | t_so_far: {9762} | epsilon: 0.81 max: 44.31494172657692
Ep: 325 | Ep_r: 37.92 | t_so_far: {9791} | epsilon: 0.811 max: 44.31494172657692
Ep: 326 | Ep_r: 37.7 | t_so_far: {9832} | epsilon: 0.813 max: 44.31494172657692
Ep: 327 | Ep_r: 39.64 | t_so_far: {9882} | epsilon: 0.814 max: 44.31494172657692
Ep: 328 | Ep_r: 37.98 | t_so_far: {9917} | epsilon: 0.815 max: 44.31494172657692
Ep: 329 | Ep_r: 38.42 | t_so_far: {9959} | epsilon: 0.816 max: 44.31494172657692
Ep: 330 | Ep_r: 40.37 | t_so_far: {10009} | epsilon: 0.818 max: 44.31494172657692
Ep: 331 | Ep_r: 41.6 | t_so_far: {10059} | epsilon: 0.819 max: 44.31494172657692
Ep: 332 | Ep_r: 42.16 | t_so_far: {10109} | epsilon: 0.821 max: 44.31494172657692
Ep: 333 | Ep_r: 42.96 | t_so_far: {10159} | epsilon: 0.822 max: 44.31494172657692
Ep: 334 | Ep_r: 43.57 | t_so_far: {10209} | epsilon: 0.823 max: 44.31494172657692
Ep: 335 | Ep_r: 43.9 | t_so_far: {10259} | epsilon: 0.825 max: 44.31494172657692
Ep: 336 | Ep_r: 44.26 | t_so_far: {10309} | epsilon: 0.826 max: 44.31494172657692
Ep: 337 | Ep_r: 44.6 | t_so_far: {10359} | epsilon: 0.828 max: 44.59919373541633
Ep: 338 | Ep_r: 37.84 | t_so_far: {10371} | epsilon: 0.828 max: 44.59919373541633
Ep: 339 | Ep_r: 39.27 | t_so_far: {10421} | epsilon: 0.829 max: 44.59919373541633
Ep: 340 | Ep_r: 37.51 | t_so_far: {10457} | epsilon: 0.83 max: 44.59919373541633
Ep: 341 | Ep_r: 39.12 | t_so_far: {10507} | epsilon: 0.832 max: 44.59919373541633
Ep: 342 | Ep_r: 37.77 | t_so_far: {10542} | epsilon: 0.833 max: 44.59919373541633
Ep: 343 | Ep_r: 30.43 | t_so_far: {10544} | epsilon: 0.833 max: 44.59919373541633
Ep: 344 | Ep_r: 26.87 | t_so_far: {10558} | epsilon: 0.833 max: 44.59919373541633
Ep: 345 | Ep_r: 22.83 | t_so_far: {10566} | epsilon: 0.833 max: 44.59919373541633
Ep: 346 | Ep_r: 20.87 | t_so_far: {10580} | epsilon: 0.834 max: 44.59919373541633
Ep: 347 | Ep_r: 23.38 | t_so_far: {10618} | epsilon: 0.835 max: 44.59919373541633
Ep: 348 | Ep_r: 21.93 | t_so_far: {10636} | epsilon: 0.835 max: 44.59919373541633
Ep: 349 | Ep_r: 26.77 | t_so_far: {10686} | epsilon: 0.836 max: 44.59919373541633
Ep: 350 | Ep_r: 22.69 | t_so_far: {10694} | epsilon: 0.837 max: 44.59919373541633
Ep: 351 | Ep_r: 27.04 | t_so_far: {10744} | epsilon: 0.838 max: 44.59919373541633
Ep: 352 | Ep_r: 28.33 | t_so_far: {10780} | epsilon: 0.839 max: 44.59919373541633
Ep: 353 | Ep_r: 26.26 | t_so_far: {10800} | epsilon: 0.839 max: 44.59919373541633
Ep: 354 | Ep_r: 27.01 | t_so_far: {10834} | epsilon: 0.84 max: 44.59919373541633
Ep: 355 | Ep_r: 22.04 | t_so_far: {10837} | epsilon: 0.84 max: 44.59919373541633
Ep: 356 | Ep_r: 20.82 | t_so_far: {10855} | epsilon: 0.841 max: 44.59919373541633
Ep: 357 | Ep_r: 25.65 | t_so_far: {10905} | epsilon: 0.842 max: 44.59919373541633
Ep: 358 | Ep_r: 21.14 | t_so_far: {10909} | epsilon: 0.842 max: 44.59919373541633
Ep: 359 | Ep_r: 25.18 | t_so_far: {10959} | epsilon: 0.843 max: 44.59919373541633
Ep: 360 | Ep_r: 28.12 | t_so_far: {11006} | epsilon: 0.844 max: 44.59919373541633
Ep: 361 | Ep_r: 26.37 | t_so_far: {11029} | epsilon: 0.845 max: 44.59919373541633
Ep: 362 | Ep_r: 25.57 | t_so_far: {11055} | epsilon: 0.846 max: 44.59919373541633
Ep: 363 | Ep_r: 29.48 | t_so_far: {11105} | epsilon: 0.847 max: 44.59919373541633
Ep: 364 | Ep_r: 23.97 | t_so_far: {11108} | epsilon: 0.847 max: 44.59919373541633
Ep: 365 | Ep_r: 24.51 | t_so_far: {11139} | epsilon: 0.848 max: 44.59919373541633
Ep: 366 | Ep_r: 28.21 | t_so_far: {11189} | epsilon: 0.849 max: 44.59919373541633
Ep: 367 | Ep_r: 29.02 | t_so_far: {11225} | epsilon: 0.85 max: 44.59919373541633
Ep: 368 | Ep_r: 25.78 | t_so_far: {11239} | epsilon: 0.85 max: 44.59919373541633
Ep: 369 | Ep_r: 29.61 | t_so_far: {11289} | epsilon: 0.851 max: 44.59919373541633
Ep: 370 | Ep_r: 28.32 | t_so_far: {11314} | epsilon: 0.852 max: 44.59919373541633
Ep: 371 | Ep_r: 30.87 | t_so_far: {11364} | epsilon: 0.853 max: 44.59919373541633
Ep: 372 | Ep_r: 33.74 | t_so_far: {11414} | epsilon: 0.854 max: 44.59919373541633
Ep: 373 | Ep_r: 35.47 | t_so_far: {11464} | epsilon: 0.855 max: 44.59919373541633
Ep: 374 | Ep_r: 37.19 | t_so_far: {11514} | epsilon: 0.857 max: 44.59919373541633
Ep: 375 | Ep_r: 38.45 | t_so_far: {11564} | epsilon: 0.858 max: 44.59919373541633
Ep: 376 | Ep_r: 39.22 | t_so_far: {11614} | epsilon: 0.859 max: 44.59919373541633
Ep: 377 | Ep_r: 40.67 | t_so_far: {11664} | epsilon: 0.86 max: 44.59919373541633
Ep: 378 | Ep_r: 41.13 | t_so_far: {11714} | epsilon: 0.861 max: 44.59919373541633
Ep: 379 | Ep_r: 41.87 | t_so_far: {11764} | epsilon: 0.862 max: 44.59919373541633
Ep: 380 | Ep_r: 34.83 | t_so_far: {11772} | epsilon: 0.862 max: 44.59919373541633
Ep: 381 | Ep_r: 37.15 | t_so_far: {11822} | epsilon: 0.863 max: 44.59919373541633
Ep: 382 | Ep_r: 38.53 | t_so_far: {11872} | epsilon: 0.864 max: 44.59919373541633
Ep: 383 | Ep_r: 39.81 | t_so_far: {11922} | epsilon: 0.866 max: 44.59919373541633
Ep: 384 | Ep_r: 40.64 | t_so_far: {11972} | epsilon: 0.867 max: 44.59919373541633
Ep: 385 | Ep_r: 41.18 | t_so_far: {12022} | epsilon: 0.868 max: 44.59919373541633
Ep: 386 | Ep_r: 35.65 | t_so_far: {12037} | epsilon: 0.868 max: 44.59919373541633
Ep: 387 | Ep_r: 37.15 | t_so_far: {12087} | epsilon: 0.869 max: 44.59919373541633
Ep: 388 | Ep_r: 38.5 | t_so_far: {12137} | epsilon: 0.87 max: 44.59919373541633
Ep: 389 | Ep_r: 39.49 | t_so_far: {12187} | epsilon: 0.871 max: 44.59919373541633
Ep: 390 | Ep_r: 40.8 | t_so_far: {12237} | epsilon: 0.872 max: 44.59919373541633
Ep: 391 | Ep_r: 42.41 | t_so_far: {12287} | epsilon: 0.873 max: 44.59919373541633
Ep: 392 | Ep_r: 36.46 | t_so_far: {12301} | epsilon: 0.873 max: 44.59919373541633
Ep: 393 | Ep_r: 38.32 | t_so_far: {12351} | epsilon: 0.874 max: 44.59919373541633
Ep: 394 | Ep_r: 39.67 | t_so_far: {12401} | epsilon: 0.875 max: 44.59919373541633
Ep: 395 | Ep_r: 38.14 | t_so_far: {12436} | epsilon: 0.876 max: 44.59919373541633
Ep: 396 | Ep_r: 40.03 | t_so_far: {12486} | epsilon: 0.877 max: 44.59919373541633
Ep: 397 | Ep_r: 40.53 | t_so_far: {12536} | epsilon: 0.878 max: 44.59919373541633
Ep: 398 | Ep_r: 36.79 | t_so_far: {12559} | epsilon: 0.878 max: 44.59919373541633
Ep: 399 | Ep_r: 39.01 | t_so_far: {12609} | epsilon: 0.879 max: 44.59919373541633
Ep: 400 | Ep_r: 40.05 | t_so_far: {12659} | epsilon: 0.88 max: 44.59919373541633
Ep: 401 | Ep_r: 41.19 | t_so_far: {12709} | epsilon: 0.881 max: 44.59919373541633
Ep: 402 | Ep_r: 42.22 | t_so_far: {12759} | epsilon: 0.882 max: 44.59919373541633
Ep: 403 | Ep_r: 42.57 | t_so_far: {12809} | epsilon: 0.883 max: 44.59919373541633
Ep: 404 | Ep_r: 35.66 | t_so_far: {12818} | epsilon: 0.883 max: 44.59919373541633
Ep: 405 | Ep_r: 37.16 | t_so_far: {12868} | epsilon: 0.884 max: 44.59919373541633
Ep: 406 | Ep_r: 38.16 | t_so_far: {12918} | epsilon: 0.885 max: 44.59919373541633
Ep: 407 | Ep_r: 38.98 | t_so_far: {12968} | epsilon: 0.886 max: 44.59919373541633
Ep: 408 | Ep_r: 40.25 | t_so_far: {13018} | epsilon: 0.887 max: 44.59919373541633
Ep: 409 | Ep_r: 40.67 | t_so_far: {13068} | epsilon: 0.888 max: 44.59919373541633
Ep: 410 | Ep_r: 41.9 | t_so_far: {13118} | epsilon: 0.889 max: 44.59919373541633
Ep: 411 | Ep_r: 42.8 | t_so_far: {13168} | epsilon: 0.89 max: 44.59919373541633
Ep: 412 | Ep_r: 43.23 | t_so_far: {13218} | epsilon: 0.891 max: 44.59919373541633
Ep: 413 | Ep_r: 40.37 | t_so_far: {13250} | epsilon: 0.891 max: 44.59919373541633
Ep: 414 | Ep_r: 41.55 | t_so_far: {13300} | epsilon: 0.892 max: 44.59919373541633
Ep: 415 | Ep_r: 42.63 | t_so_far: {13350} | epsilon: 0.893 max: 44.59919373541633
Ep: 416 | Ep_r: 43.23 | t_so_far: {13400} | epsilon: 0.894 max: 44.59919373541633
Ep: 417 | Ep_r: 39.44 | t_so_far: {13427} | epsilon: 0.894 max: 44.59919373541633
Ep: 418 | Ep_r: 35.43 | t_so_far: {13448} | epsilon: 0.894 max: 44.59919373541633
Ep: 419 | Ep_r: 37.61 | t_so_far: {13498} | epsilon: 0.895 max: 44.59919373541633
Ep: 420 | Ep_r: 39.55 | t_so_far: {13548} | epsilon: 0.896 max: 44.59919373541633
Ep: 421 | Ep_r: 41.17 | t_so_far: {13598} | epsilon: 0.897 max: 44.59919373541633
Ep: 422 | Ep_r: 42.48 | t_so_far: {13648} | epsilon: 0.898 max: 44.59919373541633
Ep: 423 | Ep_r: 43.47 | t_so_far: {13698} | epsilon: 0.899 max: 44.59919373541633
Ep: 424 | Ep_r: 43.24 | t_so_far: {13748} | epsilon: 0.899 max: 44.59919373541633
Ep: 425 | Ep_r: 43.07 | t_so_far: {13798} | epsilon: 0.9 max: 44.59919373541633
Ep: 426 | Ep_r: 43.61 | t_so_far: {13848} | epsilon: 0.901 max: 44.59919373541633
Ep: 427 | Ep_r: 44.17 | t_so_far: {13898} | epsilon: 0.902 max: 44.59919373541633
Ep: 428 | Ep_r: 41.66 | t_so_far: {13933} | epsilon: 0.902 max: 44.59919373541633
Ep: 429 | Ep_r: 43.04 | t_so_far: {13983} | epsilon: 0.903 max: 44.59919373541633
Ep: 430 | Ep_r: 40.94 | t_so_far: {14020} | epsilon: 0.904 max: 44.59919373541633
Ep: 431 | Ep_r: 34.2 | t_so_far: {14028} | epsilon: 0.904 max: 44.59919373541633
Ep: 432 | Ep_r: 36.7 | t_so_far: {14078} | epsilon: 0.904 max: 44.59919373541633
Ep: 433 | Ep_r: 38.58 | t_so_far: {14128} | epsilon: 0.905 max: 44.59919373541633
Ep: 434 | Ep_r: 39.82 | t_so_far: {14178} | epsilon: 0.906 max: 44.59919373541633
Ep: 435 | Ep_r: 34.1 | t_so_far: {14191} | epsilon: 0.906 max: 44.59919373541633
Ep: 436 | Ep_r: 34.06 | t_so_far: {14229} | epsilon: 0.907 max: 44.59919373541633
Ep: 437 | Ep_r: 36.87 | t_so_far: {14279} | epsilon: 0.907 max: 44.59919373541633
Ep: 438 | Ep_r: 38.92 | t_so_far: {14329} | epsilon: 0.908 max: 44.59919373541633
Ep: 439 | Ep_r: 40.78 | t_so_far: {14379} | epsilon: 0.909 max: 44.59919373541633
Ep: 440 | Ep_r: 42.21 | t_so_far: {14429} | epsilon: 0.91 max: 44.59919373541633
Ep: 441 | Ep_r: 42.95 | t_so_far: {14479} | epsilon: 0.91 max: 44.59919373541633
Ep: 442 | Ep_r: 37.31 | t_so_far: {14497} | epsilon: 0.911 max: 44.59919373541633
Ep: 443 | Ep_r: 30.43 | t_so_far: {14501} | epsilon: 0.911 max: 44.59919373541633
Ep: 444 | Ep_r: 33.06 | t_so_far: {14549} | epsilon: 0.911 max: 44.59919373541633
Ep: 445 | Ep_r: 35.39 | t_so_far: {14599} | epsilon: 0.912 max: 44.59919373541633
Ep: 446 | Ep_r: 28.9 | t_so_far: {14603} | epsilon: 0.912 max: 44.59919373541633
Ep: 447 | Ep_r: 28.22 | t_so_far: {14631} | epsilon: 0.912 max: 44.59919373541633
Ep: 448 | Ep_r: 31.5 | t_so_far: {14681} | epsilon: 0.913 max: 44.59919373541633
Ep: 449 | Ep_r: 34.74 | t_so_far: {14731} | epsilon: 0.914 max: 44.59919373541633
Ep: 450 | Ep_r: 37.26 | t_so_far: {14781} | epsilon: 0.915 max: 44.59919373541633
Ep: 451 | Ep_r: 39.37 | t_so_far: {14831} | epsilon: 0.915 max: 44.59919373541633
Ep: 452 | Ep_r: 35.14 | t_so_far: {14851} | epsilon: 0.915 max: 44.59919373541633
Ep: 453 | Ep_r: 31.1 | t_so_far: {14868} | epsilon: 0.916 max: 44.59919373541633
Ep: 454 | Ep_r: 34.15 | t_so_far: {14918} | epsilon: 0.916 max: 44.59919373541633
Ep: 455 | Ep_r: 36.5 | t_so_far: {14968} | epsilon: 0.917 max: 44.59919373541633
Ep: 456 | Ep_r: 38.55 | t_so_far: {15018} | epsilon: 0.918 max: 44.59919373541633
Ep: 457 | Ep_r: 38.61 | t_so_far: {15060} | epsilon: 0.918 max: 44.59919373541633
Ep: 458 | Ep_r: 40.57 | t_so_far: {15110} | epsilon: 0.919 max: 44.59919373541633
Ep: 459 | Ep_r: 39.2 | t_so_far: {15146} | epsilon: 0.919 max: 44.59919373541633
Ep: 460 | Ep_r: 39.02 | t_so_far: {15186} | epsilon: 0.92 max: 44.59919373541633
Ep: 461 | Ep_r: 34.53 | t_so_far: {15204} | epsilon: 0.92 max: 44.59919373541633
Ep: 462 | Ep_r: 36.55 | t_so_far: {15254} | epsilon: 0.921 max: 44.59919373541633
Ep: 463 | Ep_r: 31.89 | t_so_far: {15269} | epsilon: 0.921 max: 44.59919373541633
Ep: 464 | Ep_r: 27.71 | t_so_far: {15282} | epsilon: 0.921 max: 44.59919373541633
Ep: 465 | Ep_r: 31.34 | t_so_far: {15332} | epsilon: 0.922 max: 44.59919373541633
Ep: 466 | Ep_r: 34.19 | t_so_far: {15382} | epsilon: 0.922 max: 44.59919373541633
Ep: 467 | Ep_r: 28.09 | t_so_far: {15387} | epsilon: 0.922 max: 44.59919373541633
Ep: 468 | Ep_r: 32.19 | t_so_far: {15437} | epsilon: 0.923 max: 44.59919373541633
Ep: 469 | Ep_r: 34.48 | t_so_far: {15484} | epsilon: 0.924 max: 44.59919373541633
Ep: 470 | Ep_r: 32.68 | t_so_far: {15513} | epsilon: 0.924 max: 44.59919373541633
Ep: 471 | Ep_r: 34.82 | t_so_far: {15563} | epsilon: 0.924 max: 44.59919373541633
Ep: 472 | Ep_r: 34.0 | t_so_far: {15599} | epsilon: 0.925 max: 44.59919373541633
Ep: 473 | Ep_r: 36.2 | t_so_far: {15649} | epsilon: 0.925 max: 44.59919373541633
Ep: 474 | Ep_r: 37.59 | t_so_far: {15699} | epsilon: 0.926 max: 44.59919373541633
Ep: 475 | Ep_r: 38.72 | t_so_far: {15749} | epsilon: 0.927 max: 44.59919373541633
Ep: 476 | Ep_r: 37.7 | t_so_far: {15789} | epsilon: 0.927 max: 44.59919373541633
Ep: 477 | Ep_r: 36.11 | t_so_far: {15825} | epsilon: 0.928 max: 44.59919373541633
Ep: 478 | Ep_r: 31.98 | t_so_far: {15843} | epsilon: 0.928 max: 44.59919373541633
Ep: 479 | Ep_r: 34.33 | t_so_far: {15893} | epsilon: 0.928 max: 44.59919373541633
Ep: 480 | Ep_r: 36.05 | t_so_far: {15943} | epsilon: 0.929 max: 44.59919373541633
Ep: 481 | Ep_r: 38.35 | t_so_far: {15993} | epsilon: 0.929 max: 44.59919373541633
Ep: 482 | Ep_r: 40.4 | t_so_far: {16043} | epsilon: 0.93 max: 44.59919373541633
Ep: 483 | Ep_r: 41.34 | t_so_far: {16093} | epsilon: 0.931 max: 44.59919373541633
Ep: 484 | Ep_r: 39.73 | t_so_far: {16130} | epsilon: 0.931 max: 44.59919373541633
Ep: 485 | Ep_r: 40.35 | t_so_far: {16180} | epsilon: 0.931 max: 44.59919373541633
Ep: 486 | Ep_r: 41.58 | t_so_far: {16230} | epsilon: 0.932 max: 44.59919373541633
Ep: 487 | Ep_r: 39.43 | t_so_far: {16264} | epsilon: 0.932 max: 44.59919373541633
Ep: 488 | Ep_r: 40.86 | t_so_far: {16314} | epsilon: 0.933 max: 44.59919373541633
Ep: 489 | Ep_r: 42.4 | t_so_far: {16364} | epsilon: 0.933 max: 44.59919373541633
Ep: 490 | Ep_r: 43.09 | t_so_far: {16414} | epsilon: 0.934 max: 44.59919373541633
Ep: 491 | Ep_r: 43.51 | t_so_far: {16464} | epsilon: 0.934 max: 44.59919373541633
Ep: 492 | Ep_r: 44.0 | t_so_far: {16514} | epsilon: 0.935 max: 44.59919373541633
Ep: 493 | Ep_r: 44.2 | t_so_far: {16564} | epsilon: 0.935 max: 44.59919373541633
Ep: 494 | Ep_r: 44.25 | t_so_far: {16614} | epsilon: 0.936 max: 44.59919373541633
Ep: 495 | Ep_r: 44.74 | t_so_far: {16664} | epsilon: 0.936 max: 44.73599084482369
Ep: 496 | Ep_r: 41.33 | t_so_far: {16695} | epsilon: 0.937 max: 44.73599084482369
Ep: 497 | Ep_r: 42.33 | t_so_far: {16745} | epsilon: 0.937 max: 44.73599084482369
Ep: 498 | Ep_r: 43.2 | t_so_far: {16795} | epsilon: 0.938 max: 44.73599084482369
Ep: 499 | Ep_r: 43.21 | t_so_far: {16845} | epsilon: 0.938 max: 44.73599084482369
Ep: 500 | Ep_r: 43.33 | t_so_far: {16895} | epsilon: 0.939 max: 44.73599084482369
Ep: 501 | Ep_r: 43.25 | t_so_far: {16945} | epsilon: 0.939 max: 44.73599084482369
Ep: 502 | Ep_r: 43.38 | t_so_far: {16995} | epsilon: 0.94 max: 44.73599084482369
Ep: 503 | Ep_r: 44.13 | t_so_far: {17045} | epsilon: 0.94 max: 44.73599084482369
Ep: 504 | Ep_r: 44.94 | t_so_far: {17095} | epsilon: 0.941 max: 44.94351569102103
Ep: 505 | Ep_r: 41.64 | t_so_far: {17125} | epsilon: 0.941 max: 44.94351569102103
Ep: 506 | Ep_r: 42.63 | t_so_far: {17175} | epsilon: 0.941 max: 44.94351569102103
Ep: 507 | Ep_r: 43.56 | t_so_far: {17225} | epsilon: 0.942 max: 44.94351569102103
Ep: 508 | Ep_r: 44.43 | t_so_far: {17275} | epsilon: 0.942 max: 44.94351569102103
Ep: 509 | Ep_r: 43.95 | t_so_far: {17319} | epsilon: 0.943 max: 44.94351569102103
Ep: 510 | Ep_r: 44.6 | t_so_far: {17369} | epsilon: 0.943 max: 44.94351569102103
Ep: 511 | Ep_r: 37.88 | t_so_far: {17382} | epsilon: 0.943 max: 44.94351569102103
Ep: 512 | Ep_r: 39.56 | t_so_far: {17432} | epsilon: 0.944 max: 44.94351569102103
Ep: 513 | Ep_r: 34.72 | t_so_far: {17450} | epsilon: 0.944 max: 44.94351569102103
Ep: 514 | Ep_r: 37.12 | t_so_far: {17500} | epsilon: 0.944 max: 44.94351569102103
Ep: 515 | Ep_r: 39.29 | t_so_far: {17550} | epsilon: 0.945 max: 44.94351569102103
Ep: 516 | Ep_r: 40.02 | t_so_far: {17600} | epsilon: 0.945 max: 44.94351569102103
Ep: 517 | Ep_r: 37.62 | t_so_far: {17630} | epsilon: 0.945 max: 44.94351569102103
Ep: 518 | Ep_r: 37.44 | t_so_far: {17670} | epsilon: 0.946 max: 44.94351569102103
Ep: 519 | Ep_r: 39.04 | t_so_far: {17720} | epsilon: 0.946 max: 44.94351569102103
Ep: 520 | Ep_r: 40.72 | t_so_far: {17770} | epsilon: 0.947 max: 44.94351569102103
Ep: 521 | Ep_r: 37.8 | t_so_far: {17798} | epsilon: 0.947 max: 44.94351569102103
Ep: 522 | Ep_r: 33.21 | t_so_far: {17815} | epsilon: 0.947 max: 44.94351569102103
Ep: 523 | Ep_r: 35.95 | t_so_far: {17865} | epsilon: 0.947 max: 44.94351569102103
Ep: 524 | Ep_r: 36.12 | t_so_far: {17908} | epsilon: 0.948 max: 44.94351569102103
Ep: 525 | Ep_r: 38.55 | t_so_far: {17958} | epsilon: 0.948 max: 44.94351569102103
Ep: 526 | Ep_r: 39.69 | t_so_far: {18008} | epsilon: 0.949 max: 44.94351569102103
Ep: 527 | Ep_r: 41.18 | t_so_far: {18058} | epsilon: 0.949 max: 44.94351569102103
Ep: 528 | Ep_r: 41.87 | t_so_far: {18108} | epsilon: 0.949 max: 44.94351569102103
Ep: 529 | Ep_r: 40.76 | t_so_far: {18148} | epsilon: 0.95 max: 44.94351569102103
Ep: 530 | Ep_r: 42.02 | t_so_far: {18198} | epsilon: 0.95 max: 44.94351569102103
Ep: 531 | Ep_r: 38.69 | t_so_far: {18226} | epsilon: 0.95 max: 44.94351569102103
Ep: 532 | Ep_r: 40.35 | t_so_far: {18276} | epsilon: 0.951 max: 44.94351569102103
Ep: 533 | Ep_r: 37.1 | t_so_far: {18303} | epsilon: 0.951 max: 44.94351569102103
Ep: 534 | Ep_r: 39.16 | t_so_far: {18353} | epsilon: 0.951 max: 44.94351569102103
Ep: 535 | Ep_r: 40.74 | t_so_far: {18403} | epsilon: 0.952 max: 44.94351569102103
Ep: 536 | Ep_r: 41.81 | t_so_far: {18453} | epsilon: 0.952 max: 44.94351569102103
Ep: 537 | Ep_r: 42.57 | t_so_far: {18503} | epsilon: 0.952 max: 44.94351569102103
Ep: 538 | Ep_r: 43.39 | t_so_far: {18553} | epsilon: 0.953 max: 44.94351569102103
Ep: 539 | Ep_r: 44.06 | t_so_far: {18603} | epsilon: 0.953 max: 44.94351569102103
Ep: 540 | Ep_r: 44.82 | t_so_far: {18653} | epsilon: 0.954 max: 44.94351569102103
Ep: 541 | Ep_r: 42.54 | t_so_far: {18691} | epsilon: 0.954 max: 44.94351569102103
Ep: 542 | Ep_r: 43.31 | t_so_far: {18741} | epsilon: 0.954 max: 44.94351569102103
Ep: 543 | Ep_r: 41.83 | t_so_far: {18781} | epsilon: 0.954 max: 44.94351569102103
Ep: 544 | Ep_r: 42.73 | t_so_far: {18831} | epsilon: 0.955 max: 44.94351569102103
Ep: 545 | Ep_r: 43.46 | t_so_far: {18881} | epsilon: 0.955 max: 44.94351569102103
Ep: 546 | Ep_r: 43.91 | t_so_far: {18931} | epsilon: 0.956 max: 44.94351569102103
Ep: 547 | Ep_r: 41.95 | t_so_far: {18969} | epsilon: 0.956 max: 44.94351569102103
Ep: 548 | Ep_r: 42.94 | t_so_far: {19019} | epsilon: 0.956 max: 44.94351569102103
Ep: 549 | Ep_r: 43.03 | t_so_far: {19069} | epsilon: 0.956 max: 44.94351569102103
Ep: 550 | Ep_r: 43.11 | t_so_far: {19119} | epsilon: 0.957 max: 44.94351569102103
Ep: 551 | Ep_r: 43.66 | t_so_far: {19169} | epsilon: 0.957 max: 44.94351569102103
Ep: 552 | Ep_r: 43.0 | t_so_far: {19214} | epsilon: 0.957 max: 44.94351569102103
Ep: 553 | Ep_r: 43.42 | t_so_far: {19264} | epsilon: 0.958 max: 44.94351569102103
Ep: 554 | Ep_r: 43.75 | t_so_far: {19314} | epsilon: 0.958 max: 44.94351569102103
Ep: 555 | Ep_r: 40.74 | t_so_far: {19345} | epsilon: 0.958 max: 44.94351569102103
Ep: 556 | Ep_r: 41.92 | t_so_far: {19395} | epsilon: 0.959 max: 44.94351569102103
Ep: 557 | Ep_r: 42.8 | t_so_far: {19445} | epsilon: 0.959 max: 44.94351569102103
Ep: 558 | Ep_r: 43.59 | t_so_far: {19495} | epsilon: 0.959 max: 44.94351569102103
Ep: 559 | Ep_r: 44.18 | t_so_far: {19545} | epsilon: 0.96 max: 44.94351569102103
Ep: 560 | Ep_r: 44.63 | t_so_far: {19595} | epsilon: 0.96 max: 44.94351569102103
Ep: 561 | Ep_r: 39.55 | t_so_far: {19616} | epsilon: 0.96 max: 44.94351569102103
Ep: 562 | Ep_r: 40.76 | t_so_far: {19666} | epsilon: 0.96 max: 44.94351569102103
Ep: 563 | Ep_r: 41.96 | t_so_far: {19716} | epsilon: 0.961 max: 44.94351569102103
Ep: 564 | Ep_r: 37.84 | t_so_far: {19740} | epsilon: 0.961 max: 44.94351569102103
Ep: 565 | Ep_r: 39.22 | t_so_far: {19790} | epsilon: 0.961 max: 44.94351569102103
Ep: 566 | Ep_r: 39.68 | t_so_far: {19835} | epsilon: 0.961 max: 44.94351569102103
Ep: 567 | Ep_r: 40.82 | t_so_far: {19885} | epsilon: 0.962 max: 44.94351569102103
Ep: 568 | Ep_r: 41.08 | t_so_far: {19929} | epsilon: 0.962 max: 44.94351569102103
Ep: 569 | Ep_r: 42.26 | t_so_far: {19979} | epsilon: 0.962 max: 44.94351569102103
Ep: 570 | Ep_r: 43.05 | t_so_far: {20029} | epsilon: 0.963 max: 44.94351569102103
Ep: 571 | Ep_r: 43.42 | t_so_far: {20079} | epsilon: 0.963 max: 44.94351569102103
Ep: 572 | Ep_r: 43.79 | t_so_far: {20129} | epsilon: 0.963 max: 44.94351569102103
Ep: 573 | Ep_r: 39.67 | t_so_far: {20154} | epsilon: 0.963 max: 44.94351569102103
Ep: 574 | Ep_r: 40.91 | t_so_far: {20204} | epsilon: 0.964 max: 44.94351569102103
Ep: 575 | Ep_r: 41.89 | t_so_far: {20254} | epsilon: 0.964 max: 44.94351569102103
Ep: 576 | Ep_r: 37.15 | t_so_far: {20276} | epsilon: 0.964 max: 44.94351569102103
Ep: 577 | Ep_r: 38.71 | t_so_far: {20326} | epsilon: 0.964 max: 44.94351569102103
Ep: 578 | Ep_r: 40.22 | t_so_far: {20376} | epsilon: 0.964 max: 44.94351569102103
Ep: 579 | Ep_r: 34.58 | t_so_far: {20390} | epsilon: 0.965 max: 44.94351569102103
Ep: 580 | Ep_r: 36.92 | t_so_far: {20440} | epsilon: 0.965 max: 44.94351569102103
Ep: 581 | Ep_r: 38.92 | t_so_far: {20490} | epsilon: 0.965 max: 44.94351569102103
Ep: 582 | Ep_r: 40.8 | t_so_far: {20540} | epsilon: 0.965 max: 44.94351569102103
Ep: 583 | Ep_r: 41.95 | t_so_far: {20590} | epsilon: 0.966 max: 44.94351569102103
Ep: 584 | Ep_r: 42.98 | t_so_far: {20640} | epsilon: 0.966 max: 44.94351569102103
Ep: 585 | Ep_r: 43.56 | t_so_far: {20690} | epsilon: 0.966 max: 44.94351569102103
Ep: 586 | Ep_r: 36.38 | t_so_far: {20699} | epsilon: 0.966 max: 44.94351569102103
Ep: 587 | Ep_r: 37.92 | t_so_far: {20749} | epsilon: 0.966 max: 44.94351569102103
Ep: 588 | Ep_r: 37.53 | t_so_far: {20788} | epsilon: 0.967 max: 44.94351569102103
Ep: 589 | Ep_r: 36.59 | t_so_far: {20824} | epsilon: 0.967 max: 44.94351569102103
Ep: 590 | Ep_r: 33.47 | t_so_far: {20846} | epsilon: 0.967 max: 44.94351569102103
Ep: 591 | Ep_r: 35.93 | t_so_far: {20896} | epsilon: 0.967 max: 44.94351569102103
Ep: 592 | Ep_r: 37.65 | t_so_far: {20946} | epsilon: 0.967 max: 44.94351569102103
Ep: 593 | Ep_r: 39.69 | t_so_far: {20996} | epsilon: 0.968 max: 44.94351569102103
Ep: 594 | Ep_r: 41.3 | t_so_far: {21046} | epsilon: 0.968 max: 44.94351569102103
Ep: 595 | Ep_r: 42.42 | t_so_far: {21096} | epsilon: 0.968 max: 44.94351569102103
Ep: 596 | Ep_r: 43.7 | t_so_far: {21146} | epsilon: 0.968 max: 44.94351569102103
Ep: 597 | Ep_r: 41.07 | t_so_far: {21180} | epsilon: 0.969 max: 44.94351569102103
Ep: 598 | Ep_r: 34.53 | t_so_far: {21190} | epsilon: 0.969 max: 44.94351569102103
Ep: 599 | Ep_r: 36.83 | t_so_far: {21240} | epsilon: 0.969 max: 44.94351569102103
Ep: 600 | Ep_r: 31.63 | t_so_far: {21253} | epsilon: 0.969 max: 44.94351569102103
Ep: 601 | Ep_r: 34.44 | t_so_far: {21303} | epsilon: 0.969 max: 44.94351569102103
Ep: 602 | Ep_r: 35.15 | t_so_far: {21344} | epsilon: 0.969 max: 44.94351569102103
Ep: 603 | Ep_r: 37.13 | t_so_far: {21394} | epsilon: 0.97 max: 44.94351569102103
Ep: 604 | Ep_r: 35.46 | t_so_far: {21425} | epsilon: 0.97 max: 44.94351569102103
Ep: 605 | Ep_r: 37.57 | t_so_far: {21475} | epsilon: 0.97 max: 44.94351569102103
Ep: 606 | Ep_r: 39.15 | t_so_far: {21525} | epsilon: 0.97 max: 44.94351569102103
Ep: 607 | Ep_r: 40.46 | t_so_far: {21575} | epsilon: 0.971 max: 44.94351569102103
Ep: 608 | Ep_r: 41.63 | t_so_far: {21625} | epsilon: 0.971 max: 44.94351569102103
Ep: 609 | Ep_r: 41.82 | t_so_far: {21674} | epsilon: 0.971 max: 44.94351569102103
Ep: 610 | Ep_r: 42.86 | t_so_far: {21724} | epsilon: 0.971 max: 44.94351569102103
Ep: 611 | Ep_r: 43.4 | t_so_far: {21774} | epsilon: 0.971 max: 44.94351569102103
Ep: 612 | Ep_r: 43.37 | t_so_far: {21822} | epsilon: 0.972 max: 44.94351569102103
Ep: 613 | Ep_r: 43.95 | t_so_far: {21872} | epsilon: 0.972 max: 44.94351569102103
Ep: 614 | Ep_r: 44.59 | t_so_far: {21922} | epsilon: 0.972 max: 44.94351569102103
Ep: 615 | Ep_r: 44.77 | t_so_far: {21972} | epsilon: 0.972 max: 44.94351569102103
Ep: 616 | Ep_r: 45.22 | t_so_far: {22022} | epsilon: 0.972 max: 45.22401576922002
Ep: 617 | Ep_r: 45.71 | t_so_far: {22072} | epsilon: 0.973 max: 45.70998184614525
Ep: 618 | Ep_r: 45.85 | t_so_far: {22122} | epsilon: 0.973 max: 45.852600861531585
Ep: 619 | Ep_r: 46.21 | t_so_far: {22172} | epsilon: 0.973 max: 46.20515761230219
Ep: 620 | Ep_r: 45.89 | t_so_far: {22222} | epsilon: 0.973 max: 46.20515761230219
Ep: 621 | Ep_r: 46.2 | t_so_far: {22272} | epsilon: 0.974 max: 46.20515761230219
Ep: 622 | Ep_r: 45.81 | t_so_far: {22320} | epsilon: 0.974 max: 46.20515761230219
Ep: 623 | Ep_r: 42.09 | t_so_far: {22350} | epsilon: 0.974 max: 46.20515761230219
Ep: 624 | Ep_r: 42.6 | t_so_far: {22400} | epsilon: 0.974 max: 46.20515761230219
Ep: 625 | Ep_r: 43.77 | t_so_far: {22450} | epsilon: 0.974 max: 46.20515761230219
Ep: 626 | Ep_r: 43.92 | t_so_far: {22500} | epsilon: 0.974 max: 46.20515761230219
Ep: 627 | Ep_r: 43.98 | t_so_far: {22550} | epsilon: 0.975 max: 46.20515761230219
Ep: 628 | Ep_r: 44.5 | t_so_far: {22600} | epsilon: 0.975 max: 46.20515761230219
Ep: 629 | Ep_r: 44.46 | t_so_far: {22650} | epsilon: 0.975 max: 46.20515761230219
Ep: 630 | Ep_r: 45.11 | t_so_far: {22700} | epsilon: 0.975 max: 46.20515761230219
Ep: 631 | Ep_r: 45.1 | t_so_far: {22750} | epsilon: 0.975 max: 46.20515761230219
Ep: 632 | Ep_r: 45.58 | t_so_far: {22800} | epsilon: 0.976 max: 46.20515761230219
Ep: 633 | Ep_r: 45.91 | t_so_far: {22850} | epsilon: 0.976 max: 46.20515761230219
Ep: 634 | Ep_r: 45.82 | t_so_far: {22900} | epsilon: 0.976 max: 46.20515761230219
Ep: 635 | Ep_r: 45.84 | t_so_far: {22950} | epsilon: 0.976 max: 46.20515761230219
Ep: 636 | Ep_r: 45.27 | t_so_far: {23000} | epsilon: 0.976 max: 46.20515761230219
Ep: 637 | Ep_r: 44.72 | t_so_far: {23050} | epsilon: 0.977 max: 46.20515761230219
Ep: 638 | Ep_r: 44.57 | t_so_far: {23100} | epsilon: 0.977 max: 46.20515761230219
Ep: 639 | Ep_r: 44.46 | t_so_far: {23150} | epsilon: 0.977 max: 46.20515761230219
Ep: 640 | Ep_r: 44.06 | t_so_far: {23200} | epsilon: 0.977 max: 46.20515761230219
Ep: 641 | Ep_r: 43.37 | t_so_far: {23250} | epsilon: 0.977 max: 46.20515761230219
Ep: 642 | Ep_r: 43.84 | t_so_far: {23300} | epsilon: 0.977 max: 46.20515761230219
Ep: 643 | Ep_r: 44.36 | t_so_far: {23350} | epsilon: 0.978 max: 46.20515761230219
Ep: 644 | Ep_r: 44.51 | t_so_far: {23400} | epsilon: 0.978 max: 46.20515761230219
Ep: 645 | Ep_r: 44.95 | t_so_far: {23450} | epsilon: 0.978 max: 46.20515761230219
Ep: 646 | Ep_r: 45.31 | t_so_far: {23500} | epsilon: 0.978 max: 46.20515761230219
Ep: 647 | Ep_r: 40.31 | t_so_far: {23522} | epsilon: 0.978 max: 46.20515761230219
Ep: 648 | Ep_r: 41.46 | t_so_far: {23572} | epsilon: 0.978 max: 46.20515761230219
Ep: 649 | Ep_r: 42.59 | t_so_far: {23622} | epsilon: 0.978 max: 46.20515761230219
Ep: 650 | Ep_r: 42.65 | t_so_far: {23672} | epsilon: 0.979 max: 46.20515761230219
Ep: 651 | Ep_r: 43.36 | t_so_far: {23722} | epsilon: 0.979 max: 46.20515761230219
Ep: 652 | Ep_r: 43.97 | t_so_far: {23772} | epsilon: 0.979 max: 46.20515761230219
Ep: 653 | Ep_r: 44.42 | t_so_far: {23822} | epsilon: 0.979 max: 46.20515761230219
Ep: 654 | Ep_r: 37.98 | t_so_far: {23836} | epsilon: 0.979 max: 46.20515761230219
Ep: 655 | Ep_r: 38.87 | t_so_far: {23886} | epsilon: 0.979 max: 46.20515761230219
Ep: 656 | Ep_r: 40.32 | t_so_far: {23936} | epsilon: 0.979 max: 46.20515761230219
Ep: 657 | Ep_r: 41.23 | t_so_far: {23986} | epsilon: 0.98 max: 46.20515761230219
Ep: 658 | Ep_r: 41.97 | t_so_far: {24036} | epsilon: 0.98 max: 46.20515761230219
Ep: 659 | Ep_r: 42.57 | t_so_far: {24086} | epsilon: 0.98 max: 46.20515761230219
Ep: 660 | Ep_r: 41.1 | t_so_far: {24124} | epsilon: 0.98 max: 46.20515761230219
Ep: 661 | Ep_r: 42.02 | t_so_far: {24174} | epsilon: 0.98 max: 46.20515761230219
Ep: 662 | Ep_r: 42.54 | t_so_far: {24224} | epsilon: 0.98 max: 46.20515761230219
Ep: 663 | Ep_r: 42.9 | t_so_far: {24274} | epsilon: 0.981 max: 46.20515761230219
Ep: 664 | Ep_r: 43.52 | t_so_far: {24324} | epsilon: 0.981 max: 46.20515761230219
Ep: 665 | Ep_r: 37.06 | t_so_far: {24337} | epsilon: 0.981 max: 46.20515761230219
Ep: 666 | Ep_r: 38.4 | t_so_far: {24387} | epsilon: 0.981 max: 46.20515761230219
Ep: 667 | Ep_r: 39.28 | t_so_far: {24437} | epsilon: 0.981 max: 46.20515761230219
Ep: 668 | Ep_r: 40.1 | t_so_far: {24487} | epsilon: 0.981 max: 46.20515761230219
Ep: 669 | Ep_r: 40.49 | t_so_far: {24537} | epsilon: 0.981 max: 46.20515761230219
Ep: 670 | Ep_r: 40.83 | t_so_far: {24587} | epsilon: 0.981 max: 46.20515761230219
Ep: 671 | Ep_r: 41.8 | t_so_far: {24637} | epsilon: 0.982 max: 46.20515761230219
Ep: 672 | Ep_r: 42.2 | t_so_far: {24687} | epsilon: 0.982 max: 46.20515761230219
Ep: 673 | Ep_r: 43.04 | t_so_far: {24737} | epsilon: 0.982 max: 46.20515761230219
Ep: 674 | Ep_r: 42.24 | t_so_far: {24779} | epsilon: 0.982 max: 46.20515761230219
Ep: 675 | Ep_r: 42.46 | t_so_far: {24829} | epsilon: 0.982 max: 46.20515761230219
Ep: 676 | Ep_r: 43.09 | t_so_far: {24879} | epsilon: 0.982 max: 46.20515761230219
Ep: 677 | Ep_r: 43.53 | t_so_far: {24929} | epsilon: 0.982 max: 46.20515761230219
Ep: 678 | Ep_r: 40.1 | t_so_far: {24958} | epsilon: 0.982 max: 46.20515761230219
Ep: 679 | Ep_r: 41.48 | t_so_far: {25008} | epsilon: 0.983 max: 46.20515761230219
Ep: 680 | Ep_r: 42.6 | t_so_far: {25058} | epsilon: 0.983 max: 46.20515761230219
Ep: 681 | Ep_r: 34.49 | t_so_far: {25061} | epsilon: 0.983 max: 46.20515761230219
Ep: 682 | Ep_r: 36.91 | t_so_far: {25111} | epsilon: 0.983 max: 46.20515761230219
Ep: 683 | Ep_r: 38.83 | t_so_far: {25161} | epsilon: 0.983 max: 46.20515761230219
Ep: 684 | Ep_r: 40.54 | t_so_far: {25211} | epsilon: 0.983 max: 46.20515761230219
Ep: 685 | Ep_r: 41.31 | t_so_far: {25260} | epsilon: 0.983 max: 46.20515761230219
Ep: 686 | Ep_r: 36.62 | t_so_far: {25280} | epsilon: 0.983 max: 46.20515761230219
Ep: 687 | Ep_r: 38.42 | t_so_far: {25330} | epsilon: 0.983 max: 46.20515761230219
Ep: 688 | Ep_r: 39.88 | t_so_far: {25380} | epsilon: 0.984 max: 46.20515761230219
Ep: 689 | Ep_r: 41.17 | t_so_far: {25430} | epsilon: 0.984 max: 46.20515761230219
Ep: 690 | Ep_r: 41.69 | t_so_far: {25480} | epsilon: 0.984 max: 46.20515761230219
Ep: 691 | Ep_r: 42.7 | t_so_far: {25530} | epsilon: 0.984 max: 46.20515761230219
Ep: 692 | Ep_r: 43.38 | t_so_far: {25580} | epsilon: 0.984 max: 46.20515761230219
Ep: 693 | Ep_r: 43.36 | t_so_far: {25630} | epsilon: 0.984 max: 46.20515761230219
Ep: 694 | Ep_r: 42.76 | t_so_far: {25673} | epsilon: 0.984 max: 46.20515761230219
Ep: 695 | Ep_r: 43.53 | t_so_far: {25723} | epsilon: 0.984 max: 46.20515761230219
Ep: 696 | Ep_r: 44.25 | t_so_far: {25773} | epsilon: 0.984 max: 46.20515761230219
Ep: 697 | Ep_r: 44.66 | t_so_far: {25823} | epsilon: 0.985 max: 46.20515761230219
Ep: 698 | Ep_r: 44.98 | t_so_far: {25873} | epsilon: 0.985 max: 46.20515761230219
Ep: 699 | Ep_r: 43.79 | t_so_far: {25917} | epsilon: 0.985 max: 46.20515761230219
Ep: 700 | Ep_r: 44.43 | t_so_far: {25967} | epsilon: 0.985 max: 46.20515761230219
Ep: 701 | Ep_r: 45.34 | t_so_far: {26017} | epsilon: 0.985 max: 46.20515761230219
Ep: 702 | Ep_r: 39.41 | t_so_far: {26035} | epsilon: 0.985 max: 46.20515761230219
Ep: 703 | Ep_r: 36.78 | t_so_far: {26063} | epsilon: 0.985 max: 46.20515761230219
Ep: 704 | Ep_r: 38.87 | t_so_far: {26113} | epsilon: 0.985 max: 46.20515761230219
Ep: 705 | Ep_r: 33.14 | t_so_far: {26124} | epsilon: 0.985 max: 46.20515761230219
Ep: 706 | Ep_r: 29.75 | t_so_far: {26142} | epsilon: 0.985 max: 46.20515761230219
Ep: 707 | Ep_r: 33.03 | t_so_far: {26192} | epsilon: 0.985 max: 46.20515761230219
Ep: 708 | Ep_r: 35.88 | t_so_far: {26242} | epsilon: 0.985 max: 46.20515761230219
Ep: 709 | Ep_r: 38.09 | t_so_far: {26292} | epsilon: 0.986 max: 46.20515761230219
Ep: 710 | Ep_r: 39.99 | t_so_far: {26342} | epsilon: 0.986 max: 46.20515761230219
Ep: 711 | Ep_r: 41.3 | t_so_far: {26392} | epsilon: 0.986 max: 46.20515761230219
Ep: 712 | Ep_r: 42.37 | t_so_far: {26442} | epsilon: 0.986 max: 46.20515761230219
Ep: 713 | Ep_r: 43.32 | t_so_far: {26492} | epsilon: 0.986 max: 46.20515761230219
Ep: 714 | Ep_r: 44.04 | t_so_far: {26542} | epsilon: 0.986 max: 46.20515761230219
Ep: 715 | Ep_r: 44.3 | t_so_far: {26592} | epsilon: 0.986 max: 46.20515761230219
Ep: 716 | Ep_r: 44.83 | t_so_far: {26642} | epsilon: 0.986 max: 46.20515761230219
Ep: 717 | Ep_r: 41.41 | t_so_far: {26674} | epsilon: 0.986 max: 46.20515761230219
Ep: 718 | Ep_r: 37.79 | t_so_far: {26700} | epsilon: 0.986 max: 46.20515761230219
Ep: 719 | Ep_r: 37.48 | t_so_far: {26739} | epsilon: 0.987 max: 46.20515761230219
Ep: 720 | Ep_r: 35.15 | t_so_far: {26769} | epsilon: 0.987 max: 46.20515761230219
Ep: 721 | Ep_r: 37.53 | t_so_far: {26819} | epsilon: 0.987 max: 46.20515761230219
Ep: 722 | Ep_r: 39.5 | t_so_far: {26869} | epsilon: 0.987 max: 46.20515761230219
Ep: 723 | Ep_r: 36.22 | t_so_far: {26894} | epsilon: 0.987 max: 46.20515761230219
Ep: 724 | Ep_r: 38.25 | t_so_far: {26944} | epsilon: 0.987 max: 46.20515761230219
Ep: 725 | Ep_r: 40.07 | t_so_far: {26994} | epsilon: 0.987 max: 46.20515761230219
Ep: 726 | Ep_r: 41.22 | t_so_far: {27044} | epsilon: 0.987 max: 46.20515761230219
Ep: 727 | Ep_r: 35.65 | t_so_far: {27059} | epsilon: 0.987 max: 46.20515761230219
Ep: 728 | Ep_r: 37.64 | t_so_far: {27109} | epsilon: 0.987 max: 46.20515761230219
Ep: 729 | Ep_r: 38.52 | t_so_far: {27156} | epsilon: 0.987 max: 46.20515761230219
Ep: 730 | Ep_r: 40.29 | t_so_far: {27206} | epsilon: 0.987 max: 46.20515761230219
Ep: 731 | Ep_r: 41.68 | t_so_far: {27256} | epsilon: 0.988 max: 46.20515761230219
Ep: 732 | Ep_r: 42.89 | t_so_far: {27306} | epsilon: 0.988 max: 46.20515761230219
Ep: 733 | Ep_r: 43.77 | t_so_far: {27356} | epsilon: 0.988 max: 46.20515761230219
Ep: 734 | Ep_r: 43.92 | t_so_far: {27406} | epsilon: 0.988 max: 46.20515761230219
Ep: 735 | Ep_r: 44.61 | t_so_far: {27456} | epsilon: 0.988 max: 46.20515761230219
Ep: 736 | Ep_r: 45.15 | t_so_far: {27506} | epsilon: 0.988 max: 46.20515761230219
Ep: 737 | Ep_r: 45.46 | t_so_far: {27556} | epsilon: 0.988 max: 46.20515761230219
Ep: 738 | Ep_r: 45.51 | t_so_far: {27606} | epsilon: 0.988 max: 46.20515761230219
Ep: 739 | Ep_r: 45.63 | t_so_far: {27656} | epsilon: 0.988 max: 46.20515761230219
Ep: 740 | Ep_r: 45.62 | t_so_far: {27706} | epsilon: 0.988 max: 46.20515761230219
Ep: 741 | Ep_r: 45.18 | t_so_far: {27756} | epsilon: 0.988 max: 46.20515761230219
Ep: 742 | Ep_r: 44.7 | t_so_far: {27806} | epsilon: 0.988 max: 46.20515761230219
Ep: 743 | Ep_r: 38.77 | t_so_far: {27823} | epsilon: 0.989 max: 46.20515761230219
Ep: 744 | Ep_r: 39.48 | t_so_far: {27873} | epsilon: 0.989 max: 46.20515761230219
Ep: 745 | Ep_r: 40.14 | t_so_far: {27923} | epsilon: 0.989 max: 46.20515761230219
Ep: 746 | Ep_r: 40.81 | t_so_far: {27973} | epsilon: 0.989 max: 46.20515761230219
Ep: 747 | Ep_r: 41.91 | t_so_far: {28023} | epsilon: 0.989 max: 46.20515761230219
Ep: 748 | Ep_r: 42.71 | t_so_far: {28073} | epsilon: 0.989 max: 46.20515761230219
Ep: 749 | Ep_r: 43.42 | t_so_far: {28123} | epsilon: 0.989 max: 46.20515761230219
Ep: 750 | Ep_r: 43.77 | t_so_far: {28173} | epsilon: 0.989 max: 46.20515761230219
Ep: 751 | Ep_r: 44.19 | t_so_far: {28223} | epsilon: 0.989 max: 46.20515761230219
Ep: 752 | Ep_r: 43.86 | t_so_far: {28273} | epsilon: 0.989 max: 46.20515761230219
Ep: 753 | Ep_r: 44.01 | t_so_far: {28323} | epsilon: 0.989 max: 46.20515761230219
Ep: 754 | Ep_r: 43.97 | t_so_far: {28373} | epsilon: 0.989 max: 46.20515761230219
Ep: 755 | Ep_r: 44.21 | t_so_far: {28423} | epsilon: 0.989 max: 46.20515761230219
Ep: 756 | Ep_r: 44.02 | t_so_far: {28473} | epsilon: 0.99 max: 46.20515761230219
Ep: 757 | Ep_r: 43.68 | t_so_far: {28523} | epsilon: 0.99 max: 46.20515761230219
Ep: 758 | Ep_r: 43.5 | t_so_far: {28573} | epsilon: 0.99 max: 46.20515761230219
Ep: 759 | Ep_r: 43.24 | t_so_far: {28623} | epsilon: 0.99 max: 46.20515761230219
Ep: 760 | Ep_r: 43.36 | t_so_far: {28673} | epsilon: 0.99 max: 46.20515761230219
Ep: 761 | Ep_r: 43.18 | t_so_far: {28723} | epsilon: 0.99 max: 46.20515761230219
Ep: 762 | Ep_r: 43.62 | t_so_far: {28773} | epsilon: 0.99 max: 46.20515761230219
Ep: 763 | Ep_r: 43.5 | t_so_far: {28823} | epsilon: 0.99 max: 46.20515761230219
Ep: 764 | Ep_r: 43.56 | t_so_far: {28873} | epsilon: 0.99 max: 46.20515761230219
Ep: 765 | Ep_r: 43.31 | t_so_far: {28923} | epsilon: 0.99 max: 46.20515761230219
Ep: 766 | Ep_r: 43.11 | t_so_far: {28973} | epsilon: 0.99 max: 46.20515761230219
Ep: 767 | Ep_r: 42.99 | t_so_far: {29023} | epsilon: 0.99 max: 46.20515761230219
Ep: 768 | Ep_r: 42.87 | t_so_far: {29073} | epsilon: 0.99 max: 46.20515761230219
Ep: 769 | Ep_r: 43.17 | t_so_far: {29123} | epsilon: 0.99 max: 46.20515761230219
Ep: 770 | Ep_r: 43.51 | t_so_far: {29173} | epsilon: 0.991 max: 46.20515761230219
Ep: 771 | Ep_r: 43.93 | t_so_far: {29223} | epsilon: 0.991 max: 46.20515761230219
Ep: 772 | Ep_r: 43.99 | t_so_far: {29273} | epsilon: 0.991 max: 46.20515761230219
Ep: 773 | Ep_r: 43.64 | t_so_far: {29323} | epsilon: 0.991 max: 46.20515761230219
Ep: 774 | Ep_r: 43.45 | t_so_far: {29373} | epsilon: 0.991 max: 46.20515761230219
Ep: 775 | Ep_r: 44.01 | t_so_far: {29423} | epsilon: 0.991 max: 46.20515761230219
Ep: 776 | Ep_r: 44.23 | t_so_far: {29473} | epsilon: 0.991 max: 46.20515761230219
Ep: 777 | Ep_r: 44.01 | t_so_far: {29523} | epsilon: 0.991 max: 46.20515761230219
Ep: 778 | Ep_r: 44.4 | t_so_far: {29573} | epsilon: 0.991 max: 46.20515761230219
Ep: 779 | Ep_r: 44.42 | t_so_far: {29623} | epsilon: 0.991 max: 46.20515761230219
Ep: 780 | Ep_r: 44.96 | t_so_far: {29673} | epsilon: 0.991 max: 46.20515761230219
Ep: 781 | Ep_r: 44.89 | t_so_far: {29723} | epsilon: 0.991 max: 46.20515761230219
Ep: 782 | Ep_r: 45.05 | t_so_far: {29773} | epsilon: 0.991 max: 46.20515761230219
Ep: 783 | Ep_r: 43.78 | t_so_far: {29818} | epsilon: 0.991 max: 46.20515761230219
Ep: 784 | Ep_r: 44.13 | t_so_far: {29868} | epsilon: 0.991 max: 46.20515761230219
Ep: 785 | Ep_r: 44.97 | t_so_far: {29918} | epsilon: 0.992 max: 46.20515761230219
Ep: 786 | Ep_r: 44.87 | t_so_far: {29968} | epsilon: 0.992 max: 46.20515761230219
Ep: 787 | Ep_r: 39.75 | t_so_far: {29989} | epsilon: 0.992 max: 46.20515761230219
Ep: 788 | Ep_r: 38.38 | t_so_far: {30023} | epsilon: 0.992 max: 46.20515761230219
Ep: 789 | Ep_r: 35.92 | t_so_far: {30051} | epsilon: 0.992 max: 46.20515761230219
Ep: 790 | Ep_r: 37.39 | t_so_far: {30101} | epsilon: 0.992 max: 46.20515761230219
Ep: 791 | Ep_r: 38.95 | t_so_far: {30150} | epsilon: 0.992 max: 46.20515761230219
Ep: 792 | Ep_r: 40.05 | t_so_far: {30200} | epsilon: 0.992 max: 46.20515761230219
Ep: 793 | Ep_r: 40.94 | t_so_far: {30250} | epsilon: 0.992 max: 46.20515761230219
Ep: 794 | Ep_r: 41.37 | t_so_far: {30298} | epsilon: 0.992 max: 46.20515761230219
Ep: 795 | Ep_r: 42.34 | t_so_far: {30348} | epsilon: 0.992 max: 46.20515761230219
Ep: 796 | Ep_r: 37.96 | t_so_far: {30371} | epsilon: 0.992 max: 46.20515761230219
Ep: 797 | Ep_r: 34.61 | t_so_far: {30397} | epsilon: 0.992 max: 46.20515761230219
Ep: 798 | Ep_r: 36.16 | t_so_far: {30447} | epsilon: 0.992 max: 46.20515761230219
Ep: 799 | Ep_r: 37.61 | t_so_far: {30497} | epsilon: 0.992 max: 46.20515761230219
Ep: 800 | Ep_r: 38.54 | t_so_far: {30547} | epsilon: 0.992 max: 46.20515761230219
Ep: 801 | Ep_r: 39.34 | t_so_far: {30597} | epsilon: 0.992 max: 46.20515761230219
Ep: 802 | Ep_r: 39.57 | t_so_far: {30647} | epsilon: 0.992 max: 46.20515761230219
Ep: 803 | Ep_r: 40.21 | t_so_far: {30697} | epsilon: 0.992 max: 46.20515761230219
Ep: 804 | Ep_r: 40.64 | t_so_far: {30747} | epsilon: 0.992 max: 46.20515761230219
Ep: 805 | Ep_r: 40.24 | t_so_far: {30797} | epsilon: 0.992 max: 46.20515761230219
Ep: 806 | Ep_r: 40.28 | t_so_far: {30847} | epsilon: 0.993 max: 46.20515761230219
Ep: 807 | Ep_r: 40.72 | t_so_far: {30897} | epsilon: 0.993 max: 46.20515761230219
Ep: 808 | Ep_r: 41.04 | t_so_far: {30947} | epsilon: 0.993 max: 46.20515761230219
Ep: 809 | Ep_r: 41.27 | t_so_far: {30997} | epsilon: 0.993 max: 46.20515761230219
Ep: 810 | Ep_r: 41.61 | t_so_far: {31047} | epsilon: 0.993 max: 46.20515761230219
Ep: 811 | Ep_r: 41.11 | t_so_far: {31097} | epsilon: 0.993 max: 46.20515761230219
Ep: 812 | Ep_r: 41.35 | t_so_far: {31147} | epsilon: 0.993 max: 46.20515761230219
Ep: 813 | Ep_r: 41.52 | t_so_far: {31197} | epsilon: 0.993 max: 46.20515761230219
Ep: 814 | Ep_r: 41.64 | t_so_far: {31247} | epsilon: 0.993 max: 46.20515761230219
Ep: 815 | Ep_r: 41.78 | t_so_far: {31297} | epsilon: 0.993 max: 46.20515761230219
Ep: 816 | Ep_r: 41.5 | t_so_far: {31347} | epsilon: 0.993 max: 46.20515761230219
Ep: 817 | Ep_r: 41.66 | t_so_far: {31397} | epsilon: 0.993 max: 46.20515761230219
Ep: 818 | Ep_r: 41.79 | t_so_far: {31447} | epsilon: 0.993 max: 46.20515761230219
Ep: 819 | Ep_r: 41.81 | t_so_far: {31497} | epsilon: 0.993 max: 46.20515761230219
Ep: 820 | Ep_r: 41.92 | t_so_far: {31547} | epsilon: 0.993 max: 46.20515761230219
Ep: 821 | Ep_r: 41.57 | t_so_far: {31597} | epsilon: 0.993 max: 46.20515761230219
Ep: 822 | Ep_r: 41.63 | t_so_far: {31647} | epsilon: 0.993 max: 46.20515761230219
Ep: 823 | Ep_r: 41.72 | t_so_far: {31697} | epsilon: 0.993 max: 46.20515761230219
Ep: 824 | Ep_r: 41.84 | t_so_far: {31747} | epsilon: 0.993 max: 46.20515761230219
Ep: 825 | Ep_r: 41.93 | t_so_far: {31797} | epsilon: 0.993 max: 46.20515761230219
Ep: 826 | Ep_r: 42.01 | t_so_far: {31847} | epsilon: 0.993 max: 46.20515761230219
Ep: 827 | Ep_r: 42.08 | t_so_far: {31897} | epsilon: 0.994 max: 46.20515761230219
Ep: 828 | Ep_r: 41.36 | t_so_far: {31947} | epsilon: 0.994 max: 46.20515761230219
Ep: 829 | Ep_r: 41.56 | t_so_far: {31997} | epsilon: 0.994 max: 46.20515761230219
Ep: 830 | Ep_r: 41.71 | t_so_far: {32047} | epsilon: 0.994 max: 46.20515761230219
Ep: 831 | Ep_r: 41.7 | t_so_far: {32097} | epsilon: 0.994 max: 46.20515761230219
Ep: 832 | Ep_r: 42.0 | t_so_far: {32147} | epsilon: 0.994 max: 46.20515761230219
Ep: 833 | Ep_r: 42.08 | t_so_far: {32197} | epsilon: 0.994 max: 46.20515761230219
Ep: 834 | Ep_r: 42.19 | t_so_far: {32247} | epsilon: 0.994 max: 46.20515761230219
Ep: 835 | Ep_r: 42.23 | t_so_far: {32297} | epsilon: 0.994 max: 46.20515761230219
Ep: 836 | Ep_r: 42.61 | t_so_far: {32347} | epsilon: 0.994 max: 46.20515761230219
Ep: 837 | Ep_r: 42.78 | t_so_far: {32397} | epsilon: 0.994 max: 46.20515761230219
Ep: 838 | Ep_r: 43.09 | t_so_far: {32447} | epsilon: 0.994 max: 46.20515761230219
Ep: 839 | Ep_r: 43.1 | t_so_far: {32497} | epsilon: 0.994 max: 46.20515761230219
Ep: 840 | Ep_r: 43.06 | t_so_far: {32547} | epsilon: 0.994 max: 46.20515761230219
Ep: 841 | Ep_r: 43.04 | t_so_far: {32597} | epsilon: 0.994 max: 46.20515761230219
Ep: 842 | Ep_r: 43.14 | t_so_far: {32647} | epsilon: 0.994 max: 46.20515761230219
Ep: 843 | Ep_r: 43.45 | t_so_far: {32697} | epsilon: 0.994 max: 46.20515761230219
Ep: 844 | Ep_r: 43.07 | t_so_far: {32747} | epsilon: 0.994 max: 46.20515761230219
Ep: 845 | Ep_r: 42.92 | t_so_far: {32797} | epsilon: 0.994 max: 46.20515761230219
Ep: 846 | Ep_r: 42.56 | t_so_far: {32847} | epsilon: 0.994 max: 46.20515761230219
Ep: 847 | Ep_r: 42.62 | t_so_far: {32897} | epsilon: 0.994 max: 46.20515761230219
Ep: 848 | Ep_r: 39.89 | t_so_far: {32929} | epsilon: 0.994 max: 46.20515761230219
Ep: 849 | Ep_r: 40.37 | t_so_far: {32979} | epsilon: 0.994 max: 46.20515761230219
Ep: 850 | Ep_r: 40.79 | t_so_far: {33029} | epsilon: 0.994 max: 46.20515761230219
Ep: 851 | Ep_r: 41.38 | t_so_far: {33079} | epsilon: 0.994 max: 46.20515761230219
Ep: 852 | Ep_r: 41.67 | t_so_far: {33129} | epsilon: 0.995 max: 46.20515761230219
Ep: 853 | Ep_r: 42.34 | t_so_far: {33179} | epsilon: 0.995 max: 46.20515761230219
Ep: 854 | Ep_r: 42.43 | t_so_far: {33229} | epsilon: 0.995 max: 46.20515761230219
Ep: 855 | Ep_r: 42.4 | t_so_far: {33279} | epsilon: 0.995 max: 46.20515761230219
Ep: 856 | Ep_r: 42.59 | t_so_far: {33329} | epsilon: 0.995 max: 46.20515761230219
Ep: 857 | Ep_r: 42.55 | t_so_far: {33379} | epsilon: 0.995 max: 46.20515761230219
Ep: 858 | Ep_r: 42.53 | t_so_far: {33429} | epsilon: 0.995 max: 46.20515761230219
Ep: 859 | Ep_r: 42.52 | t_so_far: {33479} | epsilon: 0.995 max: 46.20515761230219
Ep: 860 | Ep_r: 42.87 | t_so_far: {33529} | epsilon: 0.995 max: 46.20515761230219
Ep: 861 | Ep_r: 43.01 | t_so_far: {33579} | epsilon: 0.995 max: 46.20515761230219
Ep: 862 | Ep_r: 42.9 | t_so_far: {33629} | epsilon: 0.995 max: 46.20515761230219
Ep: 863 | Ep_r: 43.55 | t_so_far: {33679} | epsilon: 0.995 max: 46.20515761230219
Ep: 864 | Ep_r: 44.22 | t_so_far: {33729} | epsilon: 0.995 max: 46.20515761230219
Ep: 865 | Ep_r: 43.84 | t_so_far: {33779} | epsilon: 0.995 max: 46.20515761230219
Ep: 866 | Ep_r: 43.53 | t_so_far: {33829} | epsilon: 0.995 max: 46.20515761230219
Ep: 867 | Ep_r: 43.2 | t_so_far: {33879} | epsilon: 0.995 max: 46.20515761230219
Ep: 868 | Ep_r: 43.86 | t_so_far: {33929} | epsilon: 0.995 max: 46.20515761230219
Ep: 869 | Ep_r: 43.54 | t_so_far: {33979} | epsilon: 0.995 max: 46.20515761230219
Ep: 870 | Ep_r: 43.44 | t_so_far: {34029} | epsilon: 0.995 max: 46.20515761230219
Ep: 871 | Ep_r: 43.53 | t_so_far: {34079} | epsilon: 0.995 max: 46.20515761230219
Ep: 872 | Ep_r: 44.1 | t_so_far: {34129} | epsilon: 0.995 max: 46.20515761230219
Ep: 873 | Ep_r: 43.72 | t_so_far: {34179} | epsilon: 0.995 max: 46.20515761230219
Ep: 874 | Ep_r: 43.5 | t_so_far: {34229} | epsilon: 0.995 max: 46.20515761230219
Ep: 875 | Ep_r: 43.26 | t_so_far: {34279} | epsilon: 0.995 max: 46.20515761230219
Ep: 876 | Ep_r: 43.33 | t_so_far: {34329} | epsilon: 0.995 max: 46.20515761230219
Ep: 877 | Ep_r: 43.74 | t_so_far: {34379} | epsilon: 0.995 max: 46.20515761230219
Ep: 878 | Ep_r: 44.45 | t_so_far: {34429} | epsilon: 0.995 max: 46.20515761230219
Ep: 879 | Ep_r: 44.13 | t_so_far: {34479} | epsilon: 0.995 max: 46.20515761230219
Ep: 880 | Ep_r: 43.74 | t_so_far: {34529} | epsilon: 0.995 max: 46.20515761230219
Ep: 881 | Ep_r: 43.43 | t_so_far: {34579} | epsilon: 0.995 max: 46.20515761230219
Ep: 882 | Ep_r: 43.33 | t_so_far: {34629} | epsilon: 0.995 max: 46.20515761230219
Ep: 883 | Ep_r: 42.32 | t_so_far: {34672} | epsilon: 0.995 max: 46.20515761230219
Ep: 884 | Ep_r: 40.68 | t_so_far: {34710} | epsilon: 0.996 max: 46.20515761230219
Ep: 885 | Ep_r: 40.35 | t_so_far: {34753} | epsilon: 0.996 max: 46.20515761230219
Ep: 886 | Ep_r: 41.93 | t_so_far: {34803} | epsilon: 0.996 max: 46.20515761230219
Ep: 887 | Ep_r: 42.95 | t_so_far: {34853} | epsilon: 0.996 max: 46.20515761230219
Ep: 888 | Ep_r: 43.46 | t_so_far: {34903} | epsilon: 0.996 max: 46.20515761230219
Ep: 889 | Ep_r: 43.85 | t_so_far: {34953} | epsilon: 0.996 max: 46.20515761230219
Ep: 890 | Ep_r: 43.78 | t_so_far: {35003} | epsilon: 0.996 max: 46.20515761230219
Ep: 891 | Ep_r: 43.52 | t_so_far: {35053} | epsilon: 0.996 max: 46.20515761230219
Ep: 892 | Ep_r: 44.16 | t_so_far: {35103} | epsilon: 0.996 max: 46.20515761230219
Ep: 893 | Ep_r: 44.72 | t_so_far: {35153} | epsilon: 0.996 max: 46.20515761230219
Ep: 894 | Ep_r: 44.64 | t_so_far: {35203} | epsilon: 0.996 max: 46.20515761230219
Ep: 895 | Ep_r: 44.73 | t_so_far: {35253} | epsilon: 0.996 max: 46.20515761230219
Ep: 896 | Ep_r: 44.62 | t_so_far: {35303} | epsilon: 0.996 max: 46.20515761230219
Ep: 897 | Ep_r: 44.2 | t_so_far: {35353} | epsilon: 0.996 max: 46.20515761230219
Ep: 898 | Ep_r: 44.2 | t_so_far: {35403} | epsilon: 0.996 max: 46.20515761230219
Ep: 899 | Ep_r: 44.3 | t_so_far: {35453} | epsilon: 0.996 max: 46.20515761230219
Ep: 900 | Ep_r: 43.92 | t_so_far: {35503} | epsilon: 0.996 max: 46.20515761230219
Ep: 901 | Ep_r: 44.27 | t_so_far: {35553} | epsilon: 0.996 max: 46.20515761230219
Ep: 902 | Ep_r: 44.66 | t_so_far: {35603} | epsilon: 0.996 max: 46.20515761230219
Ep: 903 | Ep_r: 44.95 | t_so_far: {35653} | epsilon: 0.996 max: 46.20515761230219
Ep: 904 | Ep_r: 44.43 | t_so_far: {35703} | epsilon: 0.996 max: 46.20515761230219
Ep: 905 | Ep_r: 44.31 | t_so_far: {35753} | epsilon: 0.996 max: 46.20515761230219
Ep: 906 | Ep_r: 44.19 | t_so_far: {35803} | epsilon: 0.996 max: 46.20515761230219
Ep: 907 | Ep_r: 44.02 | t_so_far: {35853} | epsilon: 0.996 max: 46.20515761230219
Ep: 908 | Ep_r: 43.63 | t_so_far: {35903} | epsilon: 0.996 max: 46.20515761230219
Ep: 909 | Ep_r: 43.38 | t_so_far: {35953} | epsilon: 0.996 max: 46.20515761230219
Ep: 910 | Ep_r: 43.14 | t_so_far: {36003} | epsilon: 0.996 max: 46.20515761230219
Ep: 911 | Ep_r: 43.64 | t_so_far: {36053} | epsilon: 0.996 max: 46.20515761230219
Ep: 912 | Ep_r: 43.92 | t_so_far: {36103} | epsilon: 0.996 max: 46.20515761230219
Ep: 913 | Ep_r: 44.28 | t_so_far: {36153} | epsilon: 0.996 max: 46.20515761230219
Ep: 914 | Ep_r: 44.48 | t_so_far: {36203} | epsilon: 0.996 max: 46.20515761230219
Ep: 915 | Ep_r: 44.65 | t_so_far: {36253} | epsilon: 0.996 max: 46.20515761230219
Ep: 916 | Ep_r: 44.27 | t_so_far: {36303} | epsilon: 0.996 max: 46.20515761230219
Ep: 917 | Ep_r: 43.99 | t_so_far: {36353} | epsilon: 0.996 max: 46.20515761230219
Ep: 918 | Ep_r: 44.24 | t_so_far: {36403} | epsilon: 0.996 max: 46.20515761230219
Ep: 919 | Ep_r: 44.41 | t_so_far: {36453} | epsilon: 0.996 max: 46.20515761230219
Ep: 920 | Ep_r: 44.71 | t_so_far: {36503} | epsilon: 0.996 max: 46.20515761230219
Ep: 921 | Ep_r: 44.87 | t_so_far: {36553} | epsilon: 0.996 max: 46.20515761230219
Ep: 922 | Ep_r: 43.62 | t_so_far: {36596} | epsilon: 0.996 max: 46.20515761230219
Ep: 923 | Ep_r: 43.79 | t_so_far: {36646} | epsilon: 0.996 max: 46.20515761230219
Ep: 924 | Ep_r: 44.23 | t_so_far: {36696} | epsilon: 0.996 max: 46.20515761230219
Ep: 925 | Ep_r: 44.32 | t_so_far: {36746} | epsilon: 0.996 max: 46.20515761230219
Ep: 926 | Ep_r: 44.01 | t_so_far: {36793} | epsilon: 0.997 max: 46.20515761230219
Ep: 927 | Ep_r: 43.63 | t_so_far: {36843} | epsilon: 0.997 max: 46.20515761230219
Ep: 928 | Ep_r: 43.34 | t_so_far: {36893} | epsilon: 0.997 max: 46.20515761230219
Ep: 929 | Ep_r: 43.21 | t_so_far: {36943} | epsilon: 0.997 max: 46.20515761230219
Ep: 930 | Ep_r: 44.43 | t_so_far: {36993} | epsilon: 0.997 max: 46.20515761230219
Ep: 931 | Ep_r: 44.82 | t_so_far: {37043} | epsilon: 0.997 max: 46.20515761230219
Ep: 932 | Ep_r: 45.1 | t_so_far: {37093} | epsilon: 0.997 max: 46.20515761230219
Ep: 933 | Ep_r: 44.74 | t_so_far: {37143} | epsilon: 0.997 max: 46.20515761230219
Ep: 934 | Ep_r: 44.27 | t_so_far: {37193} | epsilon: 0.997 max: 46.20515761230219
Ep: 935 | Ep_r: 43.61 | t_so_far: {37243} | epsilon: 0.997 max: 46.20515761230219
Ep: 936 | Ep_r: 43.49 | t_so_far: {37293} | epsilon: 0.997 max: 46.20515761230219
Ep: 937 | Ep_r: 43.28 | t_so_far: {37343} | epsilon: 0.997 max: 46.20515761230219
Ep: 938 | Ep_r: 43.09 | t_so_far: {37393} | epsilon: 0.997 max: 46.20515761230219
Ep: 939 | Ep_r: 42.96 | t_so_far: {37443} | epsilon: 0.997 max: 46.20515761230219
Ep: 940 | Ep_r: 42.97 | t_so_far: {37493} | epsilon: 0.997 max: 46.20515761230219
Ep: 941 | Ep_r: 42.91 | t_so_far: {37543} | epsilon: 0.997 max: 46.20515761230219
Ep: 942 | Ep_r: 43.56 | t_so_far: {37593} | epsilon: 0.997 max: 46.20515761230219
Ep: 943 | Ep_r: 43.45 | t_so_far: {37643} | epsilon: 0.997 max: 46.20515761230219
Ep: 944 | Ep_r: 43.22 | t_so_far: {37693} | epsilon: 0.997 max: 46.20515761230219
Ep: 945 | Ep_r: 43.69 | t_so_far: {37743} | epsilon: 0.997 max: 46.20515761230219
Ep: 946 | Ep_r: 44.0 | t_so_far: {37793} | epsilon: 0.997 max: 46.20515761230219
Ep: 947 | Ep_r: 43.8 | t_so_far: {37843} | epsilon: 0.997 max: 46.20515761230219
Ep: 948 | Ep_r: 43.72 | t_so_far: {37893} | epsilon: 0.997 max: 46.20515761230219
Ep: 949 | Ep_r: 43.51 | t_so_far: {37943} | epsilon: 0.997 max: 46.20515761230219
Ep: 950 | Ep_r: 43.4 | t_so_far: {37993} | epsilon: 0.997 max: 46.20515761230219
Ep: 951 | Ep_r: 38.02 | t_so_far: {38011} | epsilon: 0.997 max: 46.20515761230219
Ep: 952 | Ep_r: 38.93 | t_so_far: {38061} | epsilon: 0.997 max: 46.20515761230219
Ep: 953 | Ep_r: 39.54 | t_so_far: {38111} | epsilon: 0.997 max: 46.20515761230219
Ep: 954 | Ep_r: 32.39 | t_so_far: {38116} | epsilon: 0.997 max: 46.20515761230219
Ep: 955 | Ep_r: 34.75 | t_so_far: {38163} | epsilon: 0.997 max: 46.20515761230219
Ep: 956 | Ep_r: 36.29 | t_so_far: {38213} | epsilon: 0.997 max: 46.20515761230219
Ep: 957 | Ep_r: 35.48 | t_so_far: {38249} | epsilon: 0.997 max: 46.20515761230219
Ep: 958 | Ep_r: 38.06 | t_so_far: {38299} | epsilon: 0.997 max: 46.20515761230219
Ep: 959 | Ep_r: 35.31 | t_so_far: {38325} | epsilon: 0.997 max: 46.20515761230219
Ep: 960 | Ep_r: 37.01 | t_so_far: {38375} | epsilon: 0.997 max: 46.20515761230219
Ep: 961 | Ep_r: 38.83 | t_so_far: {38425} | epsilon: 0.997 max: 46.20515761230219
Ep: 962 | Ep_r: 40.59 | t_so_far: {38475} | epsilon: 0.997 max: 46.20515761230219
Ep: 963 | Ep_r: 40.95 | t_so_far: {38525} | epsilon: 0.997 max: 46.20515761230219
Ep: 964 | Ep_r: 41.71 | t_so_far: {38575} | epsilon: 0.997 max: 46.20515761230219
Ep: 965 | Ep_r: 41.06 | t_so_far: {38625} | epsilon: 0.997 max: 46.20515761230219
Ep: 966 | Ep_r: 41.37 | t_so_far: {38675} | epsilon: 0.997 max: 46.20515761230219
Ep: 967 | Ep_r: 41.32 | t_so_far: {38725} | epsilon: 0.997 max: 46.20515761230219
Ep: 968 | Ep_r: 40.84 | t_so_far: {38769} | epsilon: 0.997 max: 46.20515761230219
Ep: 969 | Ep_r: 40.84 | t_so_far: {38819} | epsilon: 0.997 max: 46.20515761230219
Ep: 970 | Ep_r: 41.23 | t_so_far: {38869} | epsilon: 0.997 max: 46.20515761230219
Ep: 971 | Ep_r: 41.21 | t_so_far: {38919} | epsilon: 0.997 max: 46.20515761230219
Ep: 972 | Ep_r: 41.21 | t_so_far: {38969} | epsilon: 0.997 max: 46.20515761230219
Ep: 973 | Ep_r: 41.12 | t_so_far: {39019} | epsilon: 0.997 max: 46.20515761230219
Ep: 974 | Ep_r: 37.83 | t_so_far: {39051} | epsilon: 0.997 max: 46.20515761230219
Ep: 975 | Ep_r: 38.74 | t_so_far: {39101} | epsilon: 0.997 max: 46.20515761230219
Ep: 976 | Ep_r: 39.64 | t_so_far: {39151} | epsilon: 0.997 max: 46.20515761230219
Ep: 977 | Ep_r: 40.2 | t_so_far: {39201} | epsilon: 0.997 max: 46.20515761230219
Ep: 978 | Ep_r: 40.63 | t_so_far: {39251} | epsilon: 0.997 max: 46.20515761230219
Ep: 979 | Ep_r: 41.32 | t_so_far: {39301} | epsilon: 0.997 max: 46.20515761230219
Ep: 980 | Ep_r: 42.66 | t_so_far: {39351} | epsilon: 0.997 max: 46.20515761230219
Ep: 981 | Ep_r: 42.73 | t_so_far: {39401} | epsilon: 0.997 max: 46.20515761230219
Ep: 982 | Ep_r: 42.9 | t_so_far: {39451} | epsilon: 0.997 max: 46.20515761230219
Ep: 983 | Ep_r: 44.03 | t_so_far: {39501} | epsilon: 0.997 max: 46.20515761230219
Ep: 984 | Ep_r: 44.02 | t_so_far: {39551} | epsilon: 0.997 max: 46.20515761230219
Ep: 985 | Ep_r: 44.45 | t_so_far: {39601} | epsilon: 0.997 max: 46.20515761230219
Ep: 986 | Ep_r: 44.13 | t_so_far: {39651} | epsilon: 0.997 max: 46.20515761230219
Ep: 987 | Ep_r: 43.78 | t_so_far: {39701} | epsilon: 0.997 max: 46.20515761230219
Ep: 988 | Ep_r: 43.51 | t_so_far: {39751} | epsilon: 0.997 max: 46.20515761230219
Ep: 989 | Ep_r: 43.29 | t_so_far: {39801} | epsilon: 0.997 max: 46.20515761230219
Ep: 990 | Ep_r: 43.15 | t_so_far: {39851} | epsilon: 0.997 max: 46.20515761230219
Ep: 991 | Ep_r: 43.02 | t_so_far: {39901} | epsilon: 0.997 max: 46.20515761230219
Ep: 992 | Ep_r: 43.18 | t_so_far: {39951} | epsilon: 0.997 max: 46.20515761230219
Ep: 993 | Ep_r: 43.06 | t_so_far: {40001} | epsilon: 0.998 max: 46.20515761230219
Ep: 994 | Ep_r: 43.5 | t_so_far: {40051} | epsilon: 0.998 max: 46.20515761230219
Ep: 995 | Ep_r: 43.31 | t_so_far: {40101} | epsilon: 0.998 max: 46.20515761230219
Ep: 996 | Ep_r: 43.2 | t_so_far: {40151} | epsilon: 0.998 max: 46.20515761230219
Ep: 997 | Ep_r: 43.13 | t_so_far: {40201} | epsilon: 0.998 max: 46.20515761230219
Ep: 998 | Ep_r: 43.8 | t_so_far: {40251} | epsilon: 0.998 max: 46.20515761230219
Ep: 999 | Ep_r: 43.73 | t_so_far: {40301} | epsilon: 0.998 max: 46.20515761230219
Ep: 1000 | Ep_r: 43.99 | t_so_far: {40351} | epsilon: 0.998 max: 46.20515761230219
pygame 2.1.0 (SDL 2.0.16, Python 3.8.0)
Hello from the pygame community. https://www.pygame.org/contribute.html
usage: agent.py [-h] [--mode {train,test}]
                [--input {image,vector,image_attention,vector_attention,multi_attention}]
                [--file_name FILE_NAME] [--episode_num EPISODE_NUM]
                [--epsilon_decay EPSILON_DECAY] [--seed SEED] [--gpu GPU]
                [--add_dueling] [--double] [--right_r RIGHT_R]
                [--highspeed_r HIGHSPEED_R] [--normal] [--absolute]
                [--model_ep MODEL_EP]
agent.py: error: unrecognized arguments: --test
pygame 2.1.0 (SDL 2.0.16, Python 3.8.0)
Hello from the pygame community. https://www.pygame.org/contribute.html
Successfully set seed to 2
MultiAttentionNetwork(
  (features): Sequential(
    (0): Conv2d(4, 32, kernel_size=(8, 8), stride=(4, 4))
    (1): ReLU()
    (2): Conv2d(32, 64, kernel_size=(4, 4), stride=(2, 2))
    (3): ReLU()
    (4): Conv2d(64, 64, kernel_size=(3, 3), stride=(1, 1))
    (5): ReLU()
  )
  (attention): NONLocalBlock2D(
    (g): Conv2d(64, 32, kernel_size=(1, 1), stride=(1, 1))
    (W): Conv2d(32, 64, kernel_size=(1, 1), stride=(1, 1))
    (theta): Conv2d(64, 32, kernel_size=(1, 1), stride=(1, 1))
    (phi): Conv2d(64, 32, kernel_size=(1, 1), stride=(1, 1))
  )
  (advantage): Sequential(
    (0): Linear(in_features=68224, out_features=512, bias=True)
    (1): ReLU()
    (2): Linear(in_features=512, out_features=5, bias=True)
  )
  (value): Sequential(
    (0): Linear(in_features=68224, out_features=512, bias=True)
    (1): ReLU()
    (2): Linear(in_features=512, out_features=1, bias=True)
  )
  (output): None
  (ego_embedding): Sequential(
    (0): Linear(in_features=7, out_features=64, bias=True)
    (1): ReLU()
    (2): Linear(in_features=64, out_features=64, bias=True)
    (3): ReLU()
  )
  (others_embedding): Sequential(
    (0): Linear(in_features=7, out_features=64, bias=True)
    (1): ReLU()
    (2): Linear(in_features=64, out_features=64, bias=True)
    (3): ReLU()
  )
  (attention_layer): EgoAttetion(
    (value_all): Linear(in_features=64, out_features=64, bias=False)
    (key_all): Linear(in_features=64, out_features=64, bias=False)
    (query_ego): Linear(in_features=64, out_features=64, bias=False)
    (attention_combine): Linear(in_features=64, out_features=64, bias=False)
  )
  (decoder): Sequential(
    (0): Linear(in_features=64, out_features=64, bias=True)
    (1): ReLU()
    (2): Linear(in_features=64, out_features=64, bias=True)
    (3): ReLU()
  )
)
====================================
Model has been loaded...
====================================
./agent.py:220: UserWarning: Creating a tensor from a list of numpy.ndarrays is extremely slow. Please consider converting the list to a single numpy.ndarray with numpy.array() before converting to a tensor. (Triggered internally at  /opt/conda/conda-bld/pytorch_1646755903507/work/torch/csrc/utils/tensor_new.cpp:210.)
  return (torch.tensor([state['kinematics']], dtype=torch.float), state_image)
step: 49, ep_reward: 38.13333333333337
step: 49, ep_reward: 37.20000000000004
step: 49, ep_reward: 38.13333333333337
step: 49, ep_reward: 36.900000000000034
step: 49, ep_reward: 40.23333333333336
step: 49, ep_reward: 38.500000000000036
step: 49, ep_reward: 39.03333333333337
step: 49, ep_reward: 37.33333333333337
step: 49, ep_reward: 40.33333333333336
step: 49, ep_reward: 38.53333333333337
pygame 2.1.0 (SDL 2.0.16, Python 3.8.0)
Hello from the pygame community. https://www.pygame.org/contribute.html
Successfully set seed to 2
MultiAttentionNetwork(
  (features): Sequential(
    (0): Conv2d(4, 32, kernel_size=(8, 8), stride=(4, 4))
    (1): ReLU()
    (2): Conv2d(32, 64, kernel_size=(4, 4), stride=(2, 2))
    (3): ReLU()
    (4): Conv2d(64, 64, kernel_size=(3, 3), stride=(1, 1))
    (5): ReLU()
  )
  (attention): NONLocalBlock2D(
    (g): Conv2d(64, 32, kernel_size=(1, 1), stride=(1, 1))
    (W): Conv2d(32, 64, kernel_size=(1, 1), stride=(1, 1))
    (theta): Conv2d(64, 32, kernel_size=(1, 1), stride=(1, 1))
    (phi): Conv2d(64, 32, kernel_size=(1, 1), stride=(1, 1))
  )
  (advantage): Sequential(
    (0): Linear(in_features=68224, out_features=512, bias=True)
    (1): ReLU()
    (2): Linear(in_features=512, out_features=5, bias=True)
  )
  (value): Sequential(
    (0): Linear(in_features=68224, out_features=512, bias=True)
    (1): ReLU()
    (2): Linear(in_features=512, out_features=1, bias=True)
  )
  (output): None
  (ego_embedding): Sequential(
    (0): Linear(in_features=7, out_features=64, bias=True)
    (1): ReLU()
    (2): Linear(in_features=64, out_features=64, bias=True)
    (3): ReLU()
  )
  (others_embedding): Sequential(
    (0): Linear(in_features=7, out_features=64, bias=True)
    (1): ReLU()
    (2): Linear(in_features=64, out_features=64, bias=True)
    (3): ReLU()
  )
  (attention_layer): EgoAttetion(
    (value_all): Linear(in_features=64, out_features=64, bias=False)
    (key_all): Linear(in_features=64, out_features=64, bias=False)
    (query_ego): Linear(in_features=64, out_features=64, bias=False)
    (attention_combine): Linear(in_features=64, out_features=64, bias=False)
  )
  (decoder): Sequential(
    (0): Linear(in_features=64, out_features=64, bias=True)
    (1): ReLU()
    (2): Linear(in_features=64, out_features=64, bias=True)
    (3): ReLU()
  )
)
====================================
Model has been loaded...
====================================
./agent.py:220: UserWarning: Creating a tensor from a list of numpy.ndarrays is extremely slow. Please consider converting the list to a single numpy.ndarray with numpy.array() before converting to a tensor. (Triggered internally at  /opt/conda/conda-bld/pytorch_1646755903507/work/torch/csrc/utils/tensor_new.cpp:210.)
  return (torch.tensor([state['kinematics']], dtype=torch.float), state_image)
step: 49, ep_reward: 41.200000000000024
step: 49, ep_reward: 38.93333333333335
step: 49, ep_reward: 36.900000000000034
step: 49, ep_reward: 39.73333333333336
step: 49, ep_reward: 39.666666666666686
step: 49, ep_reward: 40.69999999999999
step: 49, ep_reward: 36.80000000000003
step: 49, ep_reward: 42.90000000000002
step: 49, ep_reward: 43.33333333333335
step: 49, ep_reward: 43.30000000000002
