pygame 2.1.0 (SDL 2.0.16, Python 3.8.0)
Hello from the pygame community. https://www.pygame.org/contribute.html
Successfully set seed to 2
MultiAttentionNetwork(
  (features): Sequential(
    (0): Conv2d(4, 32, kernel_size=(8, 8), stride=(4, 4))
    (1): ReLU()
    (2): Conv2d(32, 64, kernel_size=(4, 4), stride=(2, 2))
    (3): ReLU()
    (4): Conv2d(64, 64, kernel_size=(3, 3), stride=(1, 1))
    (5): ReLU()
  )
  (attention): NONLocalBlock2D(
    (g): Conv2d(64, 32, kernel_size=(1, 1), stride=(1, 1))
    (W): Conv2d(32, 64, kernel_size=(1, 1), stride=(1, 1))
    (theta): Conv2d(64, 32, kernel_size=(1, 1), stride=(1, 1))
    (phi): Conv2d(64, 32, kernel_size=(1, 1), stride=(1, 1))
  )
  (advantage): Sequential(
    (0): Linear(in_features=68224, out_features=512, bias=True)
    (1): ReLU()
    (2): Linear(in_features=512, out_features=5, bias=True)
  )
  (value): Sequential(
    (0): Linear(in_features=68224, out_features=512, bias=True)
    (1): ReLU()
    (2): Linear(in_features=512, out_features=1, bias=True)
  )
  (output): None
  (ego_embedding): Sequential(
    (0): Linear(in_features=7, out_features=64, bias=True)
    (1): ReLU()
    (2): Linear(in_features=64, out_features=64, bias=True)
    (3): ReLU()
  )
  (others_embedding): Sequential(
    (0): Linear(in_features=7, out_features=64, bias=True)
    (1): ReLU()
    (2): Linear(in_features=64, out_features=64, bias=True)
    (3): ReLU()
  )
  (attention_layer): EgoAttetion(
    (value_all): Linear(in_features=64, out_features=64, bias=False)
    (key_all): Linear(in_features=64, out_features=64, bias=False)
    (query_ego): Linear(in_features=64, out_features=64, bias=False)
    (attention_combine): Linear(in_features=64, out_features=64, bias=False)
  )
  (decoder): Sequential(
    (0): Linear(in_features=64, out_features=64, bias=True)
    (1): ReLU()
    (2): Linear(in_features=64, out_features=64, bias=True)
    (3): ReLU()
  )
)
./agent.py:220: UserWarning: Creating a tensor from a list of numpy.ndarrays is extremely slow. Please consider converting the list to a single numpy.ndarray with numpy.array() before converting to a tensor. (Triggered internally at  /opt/conda/conda-bld/pytorch_1646755903507/work/torch/csrc/utils/tensor_new.cpp:210.)
  return (torch.tensor([state['kinematics']], dtype=torch.float), state_image)
Ep: 0 | Ep_r: 23.91 | t_so_far: {30} | epsilon: 0.104 max: 23.911764705882362
Ep: 1 | Ep_r: 21.14 | t_so_far: {42} | epsilon: 0.106 max: 23.911764705882362
Ep: 2 | Ep_r: 24.45 | t_so_far: {92} | epsilon: 0.113 max: 24.44823529411765
Ep: 3 | Ep_r: 22.89 | t_so_far: {113} | epsilon: 0.116 max: 24.44823529411765
Ep: 4 | Ep_r: 21.16 | t_so_far: {129} | epsilon: 0.118 max: 24.44823529411765
Ep: 5 | Ep_r: 25.44 | t_so_far: {179} | epsilon: 0.125 max: 25.4367905882353
Ep: 6 | Ep_r: 22.13 | t_so_far: {190} | epsilon: 0.127 max: 25.4367905882353
Ep: 7 | Ep_r: 19.28 | t_so_far: {201} | epsilon: 0.128 max: 25.4367905882353
Ep: 8 | Ep_r: 22.94 | t_so_far: {251} | epsilon: 0.135 max: 25.4367905882353
Ep: 9 | Ep_r: 20.34 | t_so_far: {264} | epsilon: 0.137 max: 25.4367905882353
Ep: 10 | Ep_r: 20.32 | t_so_far: {287} | epsilon: 0.14 max: 25.4367905882353
Ep: 11 | Ep_r: 16.9 | t_so_far: {291} | epsilon: 0.141 max: 25.4367905882353
Ep: 12 | Ep_r: 20.75 | t_so_far: {336} | epsilon: 0.147 max: 25.4367905882353
Ep: 13 | Ep_r: 24.18 | t_so_far: {377} | epsilon: 0.152 max: 25.4367905882353
Ep: 14 | Ep_r: 24.72 | t_so_far: {408} | epsilon: 0.157 max: 25.4367905882353
Ep: 15 | Ep_r: 21.32 | t_so_far: {417} | epsilon: 0.158 max: 25.4367905882353
Ep: 16 | Ep_r: 18.47 | t_so_far: {426} | epsilon: 0.159 max: 25.4367905882353
Ep: 17 | Ep_r: 15.57 | t_so_far: {431} | epsilon: 0.16 max: 25.4367905882353
Ep: 18 | Ep_r: 16.83 | t_so_far: {458} | epsilon: 0.163 max: 25.4367905882353
Ep: 19 | Ep_r: 20.82 | t_so_far: {508} | epsilon: 0.17 max: 25.4367905882353
Ep: 20 | Ep_r: 18.36 | t_so_far: {519} | epsilon: 0.172 max: 25.4367905882353
Ep: 21 | Ep_r: 15.17 | t_so_far: {522} | epsilon: 0.172 max: 25.4367905882353
Ep: 22 | Ep_r: 12.59 | t_so_far: {525} | epsilon: 0.172 max: 25.4367905882353
Ep: 23 | Ep_r: 10.55 | t_so_far: {528} | epsilon: 0.173 max: 25.4367905882353
Ep: 24 | Ep_r: 12.0 | t_so_far: {550} | epsilon: 0.176 max: 25.4367905882353
Ep: 25 | Ep_r: 10.96 | t_so_far: {558} | epsilon: 0.177 max: 25.4367905882353
Ep: 26 | Ep_r: 16.64 | t_so_far: {607} | epsilon: 0.183 max: 25.4367905882353
Ep: 27 | Ep_r: 18.02 | t_so_far: {639} | epsilon: 0.187 max: 25.4367905882353
Ep: 28 | Ep_r: 15.96 | t_so_far: {648} | epsilon: 0.188 max: 25.4367905882353
Ep: 29 | Ep_r: 13.4 | t_so_far: {652} | epsilon: 0.189 max: 25.4367905882353
Ep: 30 | Ep_r: 12.29 | t_so_far: {662} | epsilon: 0.19 max: 25.4367905882353
Ep: 31 | Ep_r: 14.73 | t_so_far: {694} | epsilon: 0.194 max: 25.4367905882353
Ep: 32 | Ep_r: 12.21 | t_so_far: {697} | epsilon: 0.195 max: 25.4367905882353
Ep: 33 | Ep_r: 10.04 | t_so_far: {699} | epsilon: 0.195 max: 25.4367905882353
Ep: 34 | Ep_r: 10.97 | t_so_far: {717} | epsilon: 0.197 max: 25.4367905882353
Ep: 35 | Ep_r: 12.14 | t_so_far: {737} | epsilon: 0.2 max: 25.4367905882353
Ep: 36 | Ep_r: 11.71 | t_so_far: {749} | epsilon: 0.201 max: 25.4367905882353
Ep: 37 | Ep_r: 12.48 | t_so_far: {767} | epsilon: 0.204 max: 25.4367905882353
Ep: 38 | Ep_r: 10.58 | t_so_far: {771} | epsilon: 0.204 max: 25.4367905882353
Ep: 39 | Ep_r: 11.69 | t_so_far: {791} | epsilon: 0.207 max: 25.4367905882353
Ep: 40 | Ep_r: 13.72 | t_so_far: {817} | epsilon: 0.21 max: 25.4367905882353
Ep: 41 | Ep_r: 15.12 | t_so_far: {842} | epsilon: 0.213 max: 25.4367905882353
Ep: 42 | Ep_r: 15.34 | t_so_far: {863} | epsilon: 0.216 max: 25.4367905882353
Ep: 43 | Ep_r: 12.88 | t_so_far: {867} | epsilon: 0.216 max: 25.4367905882353
Ep: 44 | Ep_r: 12.98 | t_so_far: {885} | epsilon: 0.219 max: 25.4367905882353
Ep: 45 | Ep_r: 10.84 | t_so_far: {888} | epsilon: 0.219 max: 25.4367905882353
Ep: 46 | Ep_r: 11.93 | t_so_far: {907} | epsilon: 0.221 max: 25.4367905882353
Ep: 47 | Ep_r: 11.57 | t_so_far: {919} | epsilon: 0.223 max: 25.4367905882353
Ep: 48 | Ep_r: 10.04 | t_so_far: {924} | epsilon: 0.223 max: 25.4367905882353
Ep: 49 | Ep_r: 12.07 | t_so_far: {948} | epsilon: 0.226 max: 25.4367905882353
Ep: 50 | Ep_r: 15.82 | t_so_far: {983} | epsilon: 0.231 max: 25.4367905882353
Ep: 51 | Ep_r: 13.28 | t_so_far: {987} | epsilon: 0.231 max: 25.4367905882353
Ep: 52 | Ep_r: 12.0 | t_so_far: {995} | epsilon: 0.232 max: 25.4367905882353
Ep: 53 | Ep_r: 10.08 | t_so_far: {998} | epsilon: 0.233 max: 25.4367905882353
Ep: 54 | Ep_r: 11.62 | t_so_far: {1021} | epsilon: 0.235 max: 25.4367905882353
Ep: 55 | Ep_r: 9.94 | t_so_far: {1025} | epsilon: 0.236 max: 25.4367905882353
Ep: 56 | Ep_r: 10.02 | t_so_far: {1039} | epsilon: 0.238 max: 25.4367905882353
Ep: 57 | Ep_r: 11.05 | t_so_far: {1057} | epsilon: 0.24 max: 25.4367905882353
Ep: 58 | Ep_r: 10.56 | t_so_far: {1069} | epsilon: 0.241 max: 25.4367905882353
Ep: 59 | Ep_r: 12.67 | t_so_far: {1093} | epsilon: 0.244 max: 25.4367905882353
Ep: 60 | Ep_r: 15.39 | t_so_far: {1124} | epsilon: 0.248 max: 25.4367905882353
Ep: 61 | Ep_r: 16.53 | t_so_far: {1151} | epsilon: 0.251 max: 25.4367905882353
Ep: 62 | Ep_r: 21.04 | t_so_far: {1198} | epsilon: 0.257 max: 25.4367905882353
Ep: 63 | Ep_r: 23.86 | t_so_far: {1242} | epsilon: 0.262 max: 25.4367905882353
Ep: 64 | Ep_r: 26.65 | t_so_far: {1292} | epsilon: 0.268 max: 26.65340411564013
Ep: 65 | Ep_r: 22.74 | t_so_far: {1300} | epsilon: 0.269 max: 26.65340411564013
Ep: 66 | Ep_r: 24.91 | t_so_far: {1340} | epsilon: 0.273 max: 26.65340411564013
Ep: 67 | Ep_r: 24.88 | t_so_far: {1374} | epsilon: 0.277 max: 26.65340411564013
Ep: 68 | Ep_r: 26.29 | t_so_far: {1415} | epsilon: 0.282 max: 26.65340411564013
Ep: 69 | Ep_r: 22.72 | t_so_far: {1426} | epsilon: 0.283 max: 26.65340411564013
Ep: 70 | Ep_r: 25.75 | t_so_far: {1476} | epsilon: 0.289 max: 26.65340411564013
Ep: 71 | Ep_r: 22.55 | t_so_far: {1489} | epsilon: 0.29 max: 26.65340411564013
Ep: 72 | Ep_r: 24.05 | t_so_far: {1526} | epsilon: 0.295 max: 26.65340411564013
Ep: 73 | Ep_r: 20.88 | t_so_far: {1535} | epsilon: 0.296 max: 26.65340411564013
Ep: 74 | Ep_r: 24.77 | t_so_far: {1585} | epsilon: 0.301 max: 26.65340411564013
Ep: 75 | Ep_r: 21.11 | t_so_far: {1593} | epsilon: 0.302 max: 26.65340411564013
Ep: 76 | Ep_r: 24.24 | t_so_far: {1643} | epsilon: 0.308 max: 26.65340411564013
Ep: 77 | Ep_r: 26.81 | t_so_far: {1693} | epsilon: 0.313 max: 26.81042402525041
Ep: 78 | Ep_r: 27.0 | t_so_far: {1723} | epsilon: 0.316 max: 26.99539804372974
Ep: 79 | Ep_r: 28.3 | t_so_far: {1763} | epsilon: 0.321 max: 28.296318434983796
Ep: 80 | Ep_r: 31.18 | t_so_far: {1813} | epsilon: 0.326 max: 31.18411357151645
Ep: 81 | Ep_r: 27.11 | t_so_far: {1825} | epsilon: 0.328 max: 31.18411357151645
Ep: 82 | Ep_r: 24.41 | t_so_far: {1840} | epsilon: 0.329 max: 31.18411357151645
Ep: 83 | Ep_r: 27.93 | t_so_far: {1890} | epsilon: 0.334 max: 31.18411357151645
Ep: 84 | Ep_r: 23.31 | t_so_far: {1896} | epsilon: 0.335 max: 31.18411357151645
Ep: 85 | Ep_r: 19.25 | t_so_far: {1900} | epsilon: 0.336 max: 31.18411357151645
Ep: 86 | Ep_r: 22.9 | t_so_far: {1950} | epsilon: 0.341 max: 31.18411357151645
Ep: 87 | Ep_r: 26.82 | t_so_far: {1998} | epsilon: 0.346 max: 31.18411357151645
Ep: 88 | Ep_r: 26.34 | t_so_far: {2029} | epsilon: 0.349 max: 31.18411357151645
Ep: 89 | Ep_r: 28.92 | t_so_far: {2079} | epsilon: 0.354 max: 31.18411357151645
Ep: 90 | Ep_r: 30.6 | t_so_far: {2129} | epsilon: 0.359 max: 31.18411357151645
Ep: 91 | Ep_r: 29.43 | t_so_far: {2159} | epsilon: 0.362 max: 31.18411357151645
Ep: 92 | Ep_r: 31.75 | t_so_far: {2209} | epsilon: 0.368 max: 31.75198683176567
Ep: 93 | Ep_r: 26.35 | t_so_far: {2216} | epsilon: 0.368 max: 31.75198683176567
Ep: 94 | Ep_r: 29.09 | t_so_far: {2266} | epsilon: 0.373 max: 31.75198683176567
Ep: 95 | Ep_r: 27.94 | t_so_far: {2293} | epsilon: 0.376 max: 31.75198683176567
Ep: 96 | Ep_r: 29.03 | t_so_far: {2332} | epsilon: 0.38 max: 31.75198683176567
Ep: 97 | Ep_r: 31.61 | t_so_far: {2382} | epsilon: 0.385 max: 31.75198683176567
Ep: 98 | Ep_r: 32.38 | t_so_far: {2426} | epsilon: 0.389 max: 32.37986201249697
Ep: 99 | Ep_r: 34.08 | t_so_far: {2476} | epsilon: 0.394 max: 34.08036019823287
Ep: 100 | Ep_r: 30.79 | t_so_far: {2496} | epsilon: 0.396 max: 34.08036019823287
Ep: 101 | Ep_r: 29.65 | t_so_far: {2525} | epsilon: 0.399 max: 34.08036019823287
Ep: 102 | Ep_r: 24.71 | t_so_far: {2531} | epsilon: 0.399 max: 34.08036019823287
Ep: 103 | Ep_r: 23.18 | t_so_far: {2550} | epsilon: 0.401 max: 34.08036019823287
Ep: 104 | Ep_r: 19.45 | t_so_far: {2556} | epsilon: 0.402 max: 34.08036019823287
Ep: 105 | Ep_r: 23.52 | t_so_far: {2606} | epsilon: 0.406 max: 34.08036019823287
Ep: 106 | Ep_r: 24.81 | t_so_far: {2644} | epsilon: 0.41 max: 34.08036019823287
Ep: 107 | Ep_r: 27.68 | t_so_far: {2694} | epsilon: 0.415 max: 34.08036019823287
Ep: 108 | Ep_r: 24.53 | t_so_far: {2709} | epsilon: 0.416 max: 34.08036019823287
Ep: 109 | Ep_r: 25.51 | t_so_far: {2742} | epsilon: 0.419 max: 34.08036019823287
Ep: 110 | Ep_r: 27.64 | t_so_far: {2786} | epsilon: 0.423 max: 34.08036019823287
Ep: 111 | Ep_r: 22.67 | t_so_far: {2790} | epsilon: 0.424 max: 34.08036019823287
Ep: 112 | Ep_r: 21.48 | t_so_far: {2809} | epsilon: 0.425 max: 34.08036019823287
Ep: 113 | Ep_r: 25.05 | t_so_far: {2859} | epsilon: 0.43 max: 34.08036019823287
Ep: 114 | Ep_r: 24.91 | t_so_far: {2889} | epsilon: 0.433 max: 34.08036019823287
Ep: 115 | Ep_r: 24.6 | t_so_far: {2919} | epsilon: 0.435 max: 34.08036019823287
Ep: 116 | Ep_r: 22.6 | t_so_far: {2937} | epsilon: 0.437 max: 34.08036019823287
Ep: 117 | Ep_r: 19.93 | t_so_far: {2948} | epsilon: 0.438 max: 34.08036019823287
Ep: 118 | Ep_r: 18.89 | t_so_far: {2965} | epsilon: 0.44 max: 34.08036019823287
Ep: 119 | Ep_r: 20.16 | t_so_far: {2997} | epsilon: 0.442 max: 34.08036019823287
Ep: 120 | Ep_r: 22.8 | t_so_far: {3037} | epsilon: 0.446 max: 34.08036019823287
Ep: 121 | Ep_r: 20.6 | t_so_far: {3050} | epsilon: 0.447 max: 34.08036019823287
Ep: 122 | Ep_r: 24.86 | t_so_far: {3100} | epsilon: 0.451 max: 34.08036019823287
Ep: 123 | Ep_r: 26.56 | t_so_far: {3143} | epsilon: 0.455 max: 34.08036019823287
Ep: 124 | Ep_r: 23.16 | t_so_far: {3154} | epsilon: 0.456 max: 34.08036019823287
Ep: 125 | Ep_r: 26.91 | t_so_far: {3204} | epsilon: 0.46 max: 34.08036019823287
Ep: 126 | Ep_r: 26.72 | t_so_far: {3235} | epsilon: 0.463 max: 34.08036019823287
Ep: 127 | Ep_r: 30.11 | t_so_far: {3285} | epsilon: 0.467 max: 34.08036019823287
Ep: 128 | Ep_r: 29.72 | t_so_far: {3321} | epsilon: 0.47 max: 34.08036019823287
Ep: 129 | Ep_r: 28.07 | t_so_far: {3345} | epsilon: 0.473 max: 34.08036019823287
Ep: 130 | Ep_r: 30.75 | t_so_far: {3395} | epsilon: 0.477 max: 34.08036019823287
Ep: 131 | Ep_r: 29.47 | t_so_far: {3425} | epsilon: 0.479 max: 34.08036019823287
Ep: 132 | Ep_r: 32.82 | t_so_far: {3475} | epsilon: 0.483 max: 34.08036019823287
Ep: 133 | Ep_r: 29.34 | t_so_far: {3493} | epsilon: 0.485 max: 34.08036019823287
Ep: 134 | Ep_r: 25.44 | t_so_far: {3506} | epsilon: 0.486 max: 34.08036019823287
Ep: 135 | Ep_r: 21.51 | t_so_far: {3514} | epsilon: 0.487 max: 34.08036019823287
Ep: 136 | Ep_r: 18.79 | t_so_far: {3524} | epsilon: 0.487 max: 34.08036019823287
Ep: 137 | Ep_r: 17.84 | t_so_far: {3541} | epsilon: 0.489 max: 34.08036019823287
Ep: 138 | Ep_r: 23.08 | t_so_far: {3591} | epsilon: 0.493 max: 34.08036019823287
Ep: 139 | Ep_r: 22.12 | t_so_far: {3611} | epsilon: 0.494 max: 34.08036019823287
Ep: 140 | Ep_r: 23.35 | t_so_far: {3646} | epsilon: 0.497 max: 34.08036019823287
Ep: 141 | Ep_r: 27.32 | t_so_far: {3696} | epsilon: 0.501 max: 34.08036019823287
Ep: 142 | Ep_r: 29.74 | t_so_far: {3743} | epsilon: 0.505 max: 34.08036019823287
Ep: 143 | Ep_r: 29.51 | t_so_far: {3778} | epsilon: 0.508 max: 34.08036019823287
Ep: 144 | Ep_r: 27.77 | t_so_far: {3801} | epsilon: 0.51 max: 34.08036019823287
Ep: 145 | Ep_r: 22.89 | t_so_far: {3805} | epsilon: 0.51 max: 34.08036019823287
Ep: 146 | Ep_r: 20.22 | t_so_far: {3816} | epsilon: 0.511 max: 34.08036019823287
Ep: 147 | Ep_r: 17.76 | t_so_far: {3825} | epsilon: 0.511 max: 34.08036019823287
Ep: 148 | Ep_r: 21.87 | t_so_far: {3875} | epsilon: 0.515 max: 34.08036019823287
Ep: 149 | Ep_r: 18.82 | t_so_far: {3884} | epsilon: 0.516 max: 34.08036019823287
Ep: 150 | Ep_r: 17.67 | t_so_far: {3901} | epsilon: 0.517 max: 34.08036019823287
Ep: 151 | Ep_r: 15.5 | t_so_far: {3910} | epsilon: 0.518 max: 34.08036019823287
Ep: 152 | Ep_r: 20.97 | t_so_far: {3960} | epsilon: 0.522 max: 34.08036019823287
Ep: 153 | Ep_r: 21.83 | t_so_far: {3992} | epsilon: 0.524 max: 34.08036019823287
Ep: 154 | Ep_r: 21.27 | t_so_far: {4014} | epsilon: 0.526 max: 34.08036019823287
Ep: 155 | Ep_r: 18.74 | t_so_far: {4025} | epsilon: 0.527 max: 34.08036019823287
Ep: 156 | Ep_r: 18.49 | t_so_far: {4049} | epsilon: 0.529 max: 34.08036019823287
Ep: 157 | Ep_r: 17.17 | t_so_far: {4064} | epsilon: 0.53 max: 34.08036019823287
Ep: 158 | Ep_r: 18.73 | t_so_far: {4095} | epsilon: 0.532 max: 34.08036019823287
Ep: 159 | Ep_r: 22.46 | t_so_far: {4136} | epsilon: 0.535 max: 34.08036019823287
Ep: 160 | Ep_r: 25.22 | t_so_far: {4181} | epsilon: 0.538 max: 34.08036019823287
Ep: 161 | Ep_r: 26.54 | t_so_far: {4219} | epsilon: 0.541 max: 34.08036019823287
Ep: 162 | Ep_r: 29.83 | t_so_far: {4269} | epsilon: 0.545 max: 34.08036019823287
Ep: 163 | Ep_r: 27.87 | t_so_far: {4291} | epsilon: 0.546 max: 34.08036019823287
Ep: 164 | Ep_r: 25.49 | t_so_far: {4312} | epsilon: 0.548 max: 34.08036019823287
Ep: 165 | Ep_r: 27.14 | t_so_far: {4355} | epsilon: 0.551 max: 34.08036019823287
Ep: 166 | Ep_r: 30.19 | t_so_far: {4405} | epsilon: 0.555 max: 34.08036019823287
Ep: 167 | Ep_r: 31.31 | t_so_far: {4452} | epsilon: 0.558 max: 34.08036019823287
Ep: 168 | Ep_r: 27.17 | t_so_far: {4464} | epsilon: 0.559 max: 34.08036019823287
Ep: 169 | Ep_r: 30.37 | t_so_far: {4514} | epsilon: 0.562 max: 34.08036019823287
Ep: 170 | Ep_r: 26.38 | t_so_far: {4526} | epsilon: 0.563 max: 34.08036019823287
Ep: 171 | Ep_r: 25.34 | t_so_far: {4551} | epsilon: 0.565 max: 34.08036019823287
Ep: 172 | Ep_r: 28.56 | t_so_far: {4601} | epsilon: 0.568 max: 34.08036019823287
Ep: 173 | Ep_r: 25.31 | t_so_far: {4615} | epsilon: 0.569 max: 34.08036019823287
Ep: 174 | Ep_r: 24.41 | t_so_far: {4639} | epsilon: 0.571 max: 34.08036019823287
Ep: 175 | Ep_r: 28.91 | t_so_far: {4689} | epsilon: 0.574 max: 34.08036019823287
Ep: 176 | Ep_r: 28.65 | t_so_far: {4724} | epsilon: 0.577 max: 34.08036019823287
Ep: 177 | Ep_r: 23.18 | t_so_far: {4726} | epsilon: 0.577 max: 34.08036019823287
Ep: 178 | Ep_r: 20.35 | t_so_far: {4736} | epsilon: 0.578 max: 34.08036019823287
Ep: 179 | Ep_r: 21.02 | t_so_far: {4763} | epsilon: 0.579 max: 34.08036019823287
Ep: 180 | Ep_r: 26.1 | t_so_far: {4813} | epsilon: 0.583 max: 34.08036019823287
Ep: 181 | Ep_r: 25.73 | t_so_far: {4839} | epsilon: 0.584 max: 34.08036019823287
Ep: 182 | Ep_r: 29.32 | t_so_far: {4889} | epsilon: 0.588 max: 34.08036019823287
Ep: 183 | Ep_r: 29.38 | t_so_far: {4924} | epsilon: 0.59 max: 34.08036019823287
Ep: 184 | Ep_r: 25.14 | t_so_far: {4933} | epsilon: 0.591 max: 34.08036019823287
Ep: 185 | Ep_r: 27.04 | t_so_far: {4976} | epsilon: 0.593 max: 34.08036019823287
Ep: 186 | Ep_r: 27.93 | t_so_far: {5016} | epsilon: 0.596 max: 34.08036019823287
Ep: 187 | Ep_r: 29.01 | t_so_far: {5066} | epsilon: 0.599 max: 34.08036019823287
Ep: 188 | Ep_r: 30.42 | t_so_far: {5116} | epsilon: 0.602 max: 34.08036019823287
Ep: 189 | Ep_r: 27.62 | t_so_far: {5134} | epsilon: 0.604 max: 34.08036019823287
Ep: 190 | Ep_r: 30.96 | t_so_far: {5184} | epsilon: 0.607 max: 34.08036019823287
Ep: 191 | Ep_r: 27.93 | t_so_far: {5202} | epsilon: 0.608 max: 34.08036019823287
Ep: 192 | Ep_r: 30.13 | t_so_far: {5250} | epsilon: 0.611 max: 34.08036019823287
Ep: 193 | Ep_r: 28.45 | t_so_far: {5273} | epsilon: 0.612 max: 34.08036019823287
Ep: 194 | Ep_r: 26.02 | t_so_far: {5291} | epsilon: 0.613 max: 34.08036019823287
Ep: 195 | Ep_r: 23.64 | t_so_far: {5309} | epsilon: 0.614 max: 34.08036019823287
Ep: 196 | Ep_r: 19.49 | t_so_far: {5313} | epsilon: 0.615 max: 34.08036019823287
Ep: 197 | Ep_r: 24.26 | t_so_far: {5363} | epsilon: 0.618 max: 34.08036019823287
Ep: 198 | Ep_r: 27.02 | t_so_far: {5406} | epsilon: 0.62 max: 34.08036019823287
Ep: 199 | Ep_r: 30.68 | t_so_far: {5456} | epsilon: 0.623 max: 34.08036019823287
Ep: 200 | Ep_r: 26.66 | t_so_far: {5468} | epsilon: 0.624 max: 34.08036019823287
Ep: 201 | Ep_r: 30.51 | t_so_far: {5518} | epsilon: 0.627 max: 34.08036019823287
Ep: 202 | Ep_r: 32.37 | t_so_far: {5563} | epsilon: 0.63 max: 34.08036019823287
Ep: 203 | Ep_r: 28.85 | t_so_far: {5581} | epsilon: 0.631 max: 34.08036019823287
Ep: 204 | Ep_r: 29.85 | t_so_far: {5620} | epsilon: 0.633 max: 34.08036019823287
Ep: 205 | Ep_r: 33.28 | t_so_far: {5670} | epsilon: 0.636 max: 34.08036019823287
Ep: 206 | Ep_r: 33.33 | t_so_far: {5708} | epsilon: 0.638 max: 34.08036019823287
Ep: 207 | Ep_r: 31.34 | t_so_far: {5735} | epsilon: 0.64 max: 34.08036019823287
Ep: 208 | Ep_r: 30.57 | t_so_far: {5767} | epsilon: 0.642 max: 34.08036019823287
Ep: 209 | Ep_r: 25.62 | t_so_far: {5774} | epsilon: 0.642 max: 34.08036019823287
Ep: 210 | Ep_r: 24.91 | t_so_far: {5799} | epsilon: 0.643 max: 34.08036019823287
Ep: 211 | Ep_r: 25.97 | t_so_far: {5833} | epsilon: 0.645 max: 34.08036019823287
Ep: 212 | Ep_r: 25.23 | t_so_far: {5859} | epsilon: 0.647 max: 34.08036019823287
Ep: 213 | Ep_r: 29.12 | t_so_far: {5909} | epsilon: 0.65 max: 34.08036019823287
Ep: 214 | Ep_r: 27.04 | t_so_far: {5929} | epsilon: 0.651 max: 34.08036019823287
Ep: 215 | Ep_r: 23.66 | t_so_far: {5941} | epsilon: 0.651 max: 34.08036019823287
Ep: 216 | Ep_r: 21.43 | t_so_far: {5955} | epsilon: 0.652 max: 34.08036019823287
Ep: 217 | Ep_r: 21.97 | t_so_far: {5984} | epsilon: 0.654 max: 34.08036019823287
Ep: 218 | Ep_r: 20.58 | t_so_far: {6000} | epsilon: 0.655 max: 34.08036019823287
Ep: 219 | Ep_r: 19.43 | t_so_far: {6017} | epsilon: 0.656 max: 34.08036019823287
Ep: 220 | Ep_r: 17.54 | t_so_far: {6028} | epsilon: 0.656 max: 34.08036019823287
Ep: 221 | Ep_r: 22.56 | t_so_far: {6078} | epsilon: 0.659 max: 34.08036019823287
Ep: 222 | Ep_r: 22.69 | t_so_far: {6103} | epsilon: 0.66 max: 34.08036019823287
Ep: 223 | Ep_r: 27.62 | t_so_far: {6153} | epsilon: 0.663 max: 34.08036019823287
Ep: 224 | Ep_r: 27.31 | t_so_far: {6180} | epsilon: 0.664 max: 34.08036019823287
Ep: 225 | Ep_r: 23.99 | t_so_far: {6192} | epsilon: 0.665 max: 34.08036019823287
Ep: 226 | Ep_r: 21.33 | t_so_far: {6205} | epsilon: 0.666 max: 34.08036019823287
Ep: 227 | Ep_r: 20.71 | t_so_far: {6225} | epsilon: 0.667 max: 34.08036019823287
Ep: 228 | Ep_r: 17.03 | t_so_far: {6228} | epsilon: 0.667 max: 34.08036019823287
Ep: 229 | Ep_r: 13.88 | t_so_far: {6230} | epsilon: 0.667 max: 34.08036019823287
Ep: 230 | Ep_r: 12.64 | t_so_far: {6240} | epsilon: 0.668 max: 34.08036019823287
Ep: 231 | Ep_r: 18.98 | t_so_far: {6290} | epsilon: 0.67 max: 34.08036019823287
Ep: 232 | Ep_r: 24.19 | t_so_far: {6340} | epsilon: 0.673 max: 34.08036019823287
Ep: 233 | Ep_r: 28.15 | t_so_far: {6390} | epsilon: 0.676 max: 34.08036019823287
Ep: 234 | Ep_r: 29.95 | t_so_far: {6430} | epsilon: 0.678 max: 34.08036019823287
Ep: 235 | Ep_r: 28.45 | t_so_far: {6455} | epsilon: 0.679 max: 34.08036019823287
Ep: 236 | Ep_r: 27.5 | t_so_far: {6483} | epsilon: 0.68 max: 34.08036019823287
Ep: 237 | Ep_r: 31.36 | t_so_far: {6533} | epsilon: 0.683 max: 34.08036019823287
Ep: 238 | Ep_r: 33.17 | t_so_far: {6579} | epsilon: 0.685 max: 34.08036019823287
Ep: 239 | Ep_r: 30.1 | t_so_far: {6598} | epsilon: 0.686 max: 34.08036019823287
Ep: 240 | Ep_r: 28.41 | t_so_far: {6621} | epsilon: 0.687 max: 34.08036019823287
Ep: 241 | Ep_r: 30.32 | t_so_far: {6663} | epsilon: 0.689 max: 34.08036019823287
Ep: 242 | Ep_r: 29.64 | t_so_far: {6692} | epsilon: 0.691 max: 34.08036019823287
Ep: 243 | Ep_r: 25.46 | t_so_far: {6702} | epsilon: 0.691 max: 34.08036019823287
Ep: 244 | Ep_r: 20.99 | t_so_far: {6706} | epsilon: 0.691 max: 34.08036019823287
Ep: 245 | Ep_r: 26.45 | t_so_far: {6756} | epsilon: 0.694 max: 34.08036019823287
Ep: 246 | Ep_r: 27.58 | t_so_far: {6794} | epsilon: 0.696 max: 34.08036019823287
Ep: 247 | Ep_r: 27.49 | t_so_far: {6823} | epsilon: 0.697 max: 34.08036019823287
Ep: 248 | Ep_r: 24.82 | t_so_far: {6838} | epsilon: 0.698 max: 34.08036019823287
Ep: 249 | Ep_r: 23.86 | t_so_far: {6859} | epsilon: 0.699 max: 34.08036019823287
Ep: 250 | Ep_r: 21.07 | t_so_far: {6870} | epsilon: 0.699 max: 34.08036019823287
Ep: 251 | Ep_r: 21.7 | t_so_far: {6896} | epsilon: 0.701 max: 34.08036019823287
Ep: 252 | Ep_r: 19.07 | t_so_far: {6906} | epsilon: 0.701 max: 34.08036019823287
Ep: 253 | Ep_r: 24.5 | t_so_far: {6956} | epsilon: 0.704 max: 34.08036019823287
Ep: 254 | Ep_r: 22.5 | t_so_far: {6973} | epsilon: 0.704 max: 34.08036019823287
Ep: 255 | Ep_r: 18.64 | t_so_far: {6977} | epsilon: 0.705 max: 34.08036019823287
Ep: 256 | Ep_r: 22.31 | t_so_far: {7018} | epsilon: 0.706 max: 34.08036019823287
Ep: 257 | Ep_r: 24.95 | t_so_far: {7058} | epsilon: 0.708 max: 34.08036019823287
Ep: 258 | Ep_r: 24.27 | t_so_far: {7083} | epsilon: 0.709 max: 34.08036019823287
Ep: 259 | Ep_r: 25.0 | t_so_far: {7115} | epsilon: 0.711 max: 34.08036019823287
Ep: 260 | Ep_r: 29.3 | t_so_far: {7165} | epsilon: 0.713 max: 34.08036019823287
Ep: 261 | Ep_r: 31.03 | t_so_far: {7208} | epsilon: 0.715 max: 34.08036019823287
Ep: 262 | Ep_r: 33.92 | t_so_far: {7258} | epsilon: 0.717 max: 34.08036019823287
Ep: 263 | Ep_r: 27.76 | t_so_far: {7262} | epsilon: 0.718 max: 34.08036019823287
Ep: 264 | Ep_r: 24.09 | t_so_far: {7273} | epsilon: 0.718 max: 34.08036019823287
Ep: 265 | Ep_r: 28.39 | t_so_far: {7323} | epsilon: 0.72 max: 34.08036019823287
Ep: 266 | Ep_r: 27.8 | t_so_far: {7353} | epsilon: 0.722 max: 34.08036019823287
Ep: 267 | Ep_r: 28.21 | t_so_far: {7387} | epsilon: 0.723 max: 34.08036019823287
Ep: 268 | Ep_r: 30.61 | t_so_far: {7430} | epsilon: 0.725 max: 34.08036019823287
Ep: 269 | Ep_r: 32.76 | t_so_far: {7478} | epsilon: 0.727 max: 34.08036019823287
Ep: 270 | Ep_r: 32.8 | t_so_far: {7515} | epsilon: 0.729 max: 34.08036019823287
Ep: 271 | Ep_r: 35.04 | t_so_far: {7565} | epsilon: 0.731 max: 35.036762342432
Ep: 272 | Ep_r: 37.41 | t_so_far: {7615} | epsilon: 0.733 max: 37.41176281512206
Ep: 273 | Ep_r: 38.61 | t_so_far: {7665} | epsilon: 0.735 max: 38.605880840332944
Ep: 274 | Ep_r: 34.43 | t_so_far: {7685} | epsilon: 0.736 max: 38.605880840332944
Ep: 275 | Ep_r: 36.48 | t_so_far: {7735} | epsilon: 0.738 max: 38.605880840332944
Ep: 276 | Ep_r: 32.9 | t_so_far: {7756} | epsilon: 0.739 max: 38.605880840332944
Ep: 277 | Ep_r: 35.78 | t_so_far: {7806} | epsilon: 0.741 max: 38.605880840332944
Ep: 278 | Ep_r: 34.16 | t_so_far: {7836} | epsilon: 0.742 max: 38.605880840332944
Ep: 279 | Ep_r: 29.91 | t_so_far: {7851} | epsilon: 0.743 max: 38.605880840332944
Ep: 280 | Ep_r: 30.13 | t_so_far: {7886} | epsilon: 0.744 max: 38.605880840332944
Ep: 281 | Ep_r: 32.94 | t_so_far: {7934} | epsilon: 0.746 max: 38.605880840332944
Ep: 282 | Ep_r: 30.54 | t_so_far: {7957} | epsilon: 0.747 max: 38.605880840332944
Ep: 283 | Ep_r: 26.1 | t_so_far: {7967} | epsilon: 0.748 max: 38.605880840332944
Ep: 284 | Ep_r: 29.45 | t_so_far: {8017} | epsilon: 0.75 max: 38.605880840332944
Ep: 285 | Ep_r: 26.78 | t_so_far: {8036} | epsilon: 0.75 max: 38.605880840332944
Ep: 286 | Ep_r: 23.83 | t_so_far: {8051} | epsilon: 0.751 max: 38.605880840332944
Ep: 287 | Ep_r: 28.45 | t_so_far: {8101} | epsilon: 0.753 max: 38.605880840332944
Ep: 288 | Ep_r: 26.89 | t_so_far: {8124} | epsilon: 0.754 max: 38.605880840332944
Ep: 289 | Ep_r: 27.52 | t_so_far: {8156} | epsilon: 0.755 max: 38.605880840332944
Ep: 290 | Ep_r: 29.63 | t_so_far: {8198} | epsilon: 0.757 max: 38.605880840332944
Ep: 291 | Ep_r: 30.63 | t_so_far: {8238} | epsilon: 0.758 max: 38.605880840332944
Ep: 292 | Ep_r: 33.75 | t_so_far: {8288} | epsilon: 0.76 max: 38.605880840332944
Ep: 293 | Ep_r: 35.91 | t_so_far: {8338} | epsilon: 0.762 max: 38.605880840332944
Ep: 294 | Ep_r: 37.53 | t_so_far: {8386} | epsilon: 0.764 max: 38.605880840332944
Ep: 295 | Ep_r: 32.24 | t_so_far: {8400} | epsilon: 0.765 max: 38.605880840332944
Ep: 296 | Ep_r: 27.53 | t_so_far: {8410} | epsilon: 0.765 max: 38.605880840332944
Ep: 297 | Ep_r: 24.58 | t_so_far: {8425} | epsilon: 0.765 max: 38.605880840332944
Ep: 298 | Ep_r: 28.23 | t_so_far: {8475} | epsilon: 0.767 max: 38.605880840332944
Ep: 299 | Ep_r: 31.35 | t_so_far: {8525} | epsilon: 0.769 max: 38.605880840332944
Ep: 300 | Ep_r: 26.29 | t_so_far: {8533} | epsilon: 0.769 max: 38.605880840332944
Ep: 301 | Ep_r: 23.17 | t_so_far: {8545} | epsilon: 0.77 max: 38.605880840332944
Ep: 302 | Ep_r: 26.96 | t_so_far: {8595} | epsilon: 0.772 max: 38.605880840332944
Ep: 303 | Ep_r: 23.39 | t_so_far: {8605} | epsilon: 0.772 max: 38.605880840332944
Ep: 304 | Ep_r: 21.27 | t_so_far: {8621} | epsilon: 0.773 max: 38.605880840332944
Ep: 305 | Ep_r: 19.89 | t_so_far: {8638} | epsilon: 0.773 max: 38.605880840332944
Ep: 306 | Ep_r: 24.82 | t_so_far: {8688} | epsilon: 0.775 max: 38.605880840332944
Ep: 307 | Ep_r: 28.98 | t_so_far: {8738} | epsilon: 0.777 max: 38.605880840332944
Ep: 308 | Ep_r: 24.97 | t_so_far: {8749} | epsilon: 0.777 max: 38.605880840332944
Ep: 309 | Ep_r: 25.96 | t_so_far: {8782} | epsilon: 0.778 max: 38.605880840332944
Ep: 310 | Ep_r: 25.57 | t_so_far: {8809} | epsilon: 0.779 max: 38.605880840332944
Ep: 311 | Ep_r: 24.88 | t_so_far: {8836} | epsilon: 0.78 max: 38.605880840332944
Ep: 312 | Ep_r: 24.09 | t_so_far: {8859} | epsilon: 0.781 max: 38.605880840332944
Ep: 313 | Ep_r: 20.19 | t_so_far: {8865} | epsilon: 0.781 max: 38.605880840332944
Ep: 314 | Ep_r: 24.24 | t_so_far: {8909} | epsilon: 0.783 max: 38.605880840332944
Ep: 315 | Ep_r: 22.14 | t_so_far: {8924} | epsilon: 0.783 max: 38.605880840332944
Ep: 316 | Ep_r: 27.54 | t_so_far: {8974} | epsilon: 0.785 max: 38.605880840332944
Ep: 317 | Ep_r: 28.82 | t_so_far: {9010} | epsilon: 0.786 max: 38.605880840332944
Ep: 318 | Ep_r: 31.03 | t_so_far: {9059} | epsilon: 0.788 max: 38.605880840332944
Ep: 319 | Ep_r: 33.81 | t_so_far: {9109} | epsilon: 0.79 max: 38.605880840332944
Ep: 320 | Ep_r: 31.78 | t_so_far: {9134} | epsilon: 0.79 max: 38.605880840332944
Ep: 321 | Ep_r: 29.11 | t_so_far: {9156} | epsilon: 0.791 max: 38.605880840332944
Ep: 322 | Ep_r: 32.4 | t_so_far: {9206} | epsilon: 0.793 max: 38.605880840332944
Ep: 323 | Ep_r: 28.54 | t_so_far: {9221} | epsilon: 0.793 max: 38.605880840332944
Ep: 324 | Ep_r: 24.59 | t_so_far: {9231} | epsilon: 0.794 max: 38.605880840332944
Ep: 325 | Ep_r: 22.03 | t_so_far: {9245} | epsilon: 0.794 max: 38.605880840332944
Ep: 326 | Ep_r: 20.0 | t_so_far: {9258} | epsilon: 0.795 max: 38.605880840332944
Ep: 327 | Ep_r: 17.76 | t_so_far: {9268} | epsilon: 0.795 max: 38.605880840332944
Ep: 328 | Ep_r: 19.35 | t_so_far: {9296} | epsilon: 0.796 max: 38.605880840332944
Ep: 329 | Ep_r: 19.93 | t_so_far: {9323} | epsilon: 0.797 max: 38.605880840332944
Ep: 330 | Ep_r: 20.76 | t_so_far: {9351} | epsilon: 0.798 max: 38.605880840332944
Ep: 331 | Ep_r: 26.02 | t_so_far: {9401} | epsilon: 0.799 max: 38.605880840332944
Ep: 332 | Ep_r: 27.33 | t_so_far: {9439} | epsilon: 0.8 max: 38.605880840332944
Ep: 333 | Ep_r: 24.9 | t_so_far: {9456} | epsilon: 0.801 max: 38.605880840332944
Ep: 334 | Ep_r: 25.32 | t_so_far: {9486} | epsilon: 0.802 max: 38.605880840332944
Ep: 335 | Ep_r: 21.26 | t_so_far: {9492} | epsilon: 0.802 max: 38.605880840332944
Ep: 336 | Ep_r: 25.61 | t_so_far: {9542} | epsilon: 0.804 max: 38.605880840332944
Ep: 337 | Ep_r: 23.96 | t_so_far: {9564} | epsilon: 0.804 max: 38.605880840332944
Ep: 338 | Ep_r: 27.41 | t_so_far: {9614} | epsilon: 0.806 max: 38.605880840332944
Ep: 339 | Ep_r: 25.77 | t_so_far: {9636} | epsilon: 0.807 max: 38.605880840332944
Ep: 340 | Ep_r: 29.25 | t_so_far: {9686} | epsilon: 0.808 max: 38.605880840332944
Ep: 341 | Ep_r: 31.13 | t_so_far: {9729} | epsilon: 0.809 max: 38.605880840332944
Ep: 342 | Ep_r: 30.06 | t_so_far: {9758} | epsilon: 0.81 max: 38.605880840332944
Ep: 343 | Ep_r: 32.91 | t_so_far: {9808} | epsilon: 0.812 max: 38.605880840332944
Ep: 344 | Ep_r: 26.61 | t_so_far: {9810} | epsilon: 0.812 max: 38.605880840332944
Ep: 345 | Ep_r: 29.23 | t_so_far: {9857} | epsilon: 0.813 max: 38.605880840332944
Ep: 346 | Ep_r: 27.66 | t_so_far: {9882} | epsilon: 0.814 max: 38.605880840332944
Ep: 347 | Ep_r: 30.49 | t_so_far: {9932} | epsilon: 0.815 max: 38.605880840332944
Ep: 348 | Ep_r: 33.33 | t_so_far: {9982} | epsilon: 0.817 max: 38.605880840332944
Ep: 349 | Ep_r: 36.3 | t_so_far: {10032} | epsilon: 0.818 max: 38.605880840332944
Ep: 350 | Ep_r: 38.35 | t_so_far: {10082} | epsilon: 0.82 max: 38.605880840332944
Ep: 351 | Ep_r: 32.24 | t_so_far: {10092} | epsilon: 0.82 max: 38.605880840332944
Ep: 352 | Ep_r: 26.42 | t_so_far: {10096} | epsilon: 0.82 max: 38.605880840332944
Ep: 353 | Ep_r: 29.25 | t_so_far: {10142} | epsilon: 0.822 max: 38.605880840332944
Ep: 354 | Ep_r: 32.89 | t_so_far: {10192} | epsilon: 0.823 max: 38.605880840332944
Ep: 355 | Ep_r: 27.87 | t_so_far: {10201} | epsilon: 0.823 max: 38.605880840332944
Ep: 356 | Ep_r: 31.7 | t_so_far: {10251} | epsilon: 0.825 max: 38.605880840332944
Ep: 357 | Ep_r: 33.23 | t_so_far: {10297} | epsilon: 0.826 max: 38.605880840332944
Ep: 358 | Ep_r: 35.61 | t_so_far: {10347} | epsilon: 0.827 max: 38.605880840332944
Ep: 359 | Ep_r: 29.9 | t_so_far: {10355} | epsilon: 0.827 max: 38.605880840332944
Ep: 360 | Ep_r: 33.15 | t_so_far: {10405} | epsilon: 0.829 max: 38.605880840332944
Ep: 361 | Ep_r: 34.97 | t_so_far: {10455} | epsilon: 0.83 max: 38.605880840332944
Ep: 362 | Ep_r: 30.37 | t_so_far: {10469} | epsilon: 0.831 max: 38.605880840332944
Ep: 363 | Ep_r: 33.04 | t_so_far: {10519} | epsilon: 0.832 max: 38.605880840332944
Ep: 364 | Ep_r: 32.48 | t_so_far: {10554} | epsilon: 0.833 max: 38.605880840332944
Ep: 365 | Ep_r: 31.97 | t_so_far: {10586} | epsilon: 0.834 max: 38.605880840332944
Ep: 366 | Ep_r: 31.03 | t_so_far: {10617} | epsilon: 0.835 max: 38.605880840332944
Ep: 367 | Ep_r: 33.32 | t_so_far: {10664} | epsilon: 0.836 max: 38.605880840332944
Ep: 368 | Ep_r: 35.49 | t_so_far: {10714} | epsilon: 0.837 max: 38.605880840332944
Ep: 369 | Ep_r: 35.26 | t_so_far: {10752} | epsilon: 0.838 max: 38.605880840332944
Ep: 370 | Ep_r: 30.26 | t_so_far: {10764} | epsilon: 0.838 max: 38.605880840332944
Ep: 371 | Ep_r: 32.7 | t_so_far: {10814} | epsilon: 0.84 max: 38.605880840332944
Ep: 372 | Ep_r: 35.49 | t_so_far: {10864} | epsilon: 0.841 max: 38.605880840332944
Ep: 373 | Ep_r: 35.77 | t_so_far: {10909} | epsilon: 0.842 max: 38.605880840332944
Ep: 374 | Ep_r: 37.47 | t_so_far: {10959} | epsilon: 0.843 max: 38.605880840332944
Ep: 375 | Ep_r: 30.78 | t_so_far: {10964} | epsilon: 0.843 max: 38.605880840332944
Ep: 376 | Ep_r: 31.71 | t_so_far: {11003} | epsilon: 0.844 max: 38.605880840332944
Ep: 377 | Ep_r: 29.99 | t_so_far: {11030} | epsilon: 0.845 max: 38.605880840332944
Ep: 378 | Ep_r: 30.09 | t_so_far: {11062} | epsilon: 0.846 max: 38.605880840332944
Ep: 379 | Ep_r: 32.58 | t_so_far: {11110} | epsilon: 0.847 max: 38.605880840332944
Ep: 380 | Ep_r: 26.52 | t_so_far: {11113} | epsilon: 0.847 max: 38.605880840332944
Ep: 381 | Ep_r: 30.21 | t_so_far: {11163} | epsilon: 0.848 max: 38.605880840332944
Ep: 382 | Ep_r: 30.94 | t_so_far: {11201} | epsilon: 0.849 max: 38.605880840332944
Ep: 383 | Ep_r: 32.48 | t_so_far: {11251} | epsilon: 0.85 max: 38.605880840332944
Ep: 384 | Ep_r: 27.66 | t_so_far: {11261} | epsilon: 0.851 max: 38.605880840332944
Ep: 385 | Ep_r: 30.91 | t_so_far: {11311} | epsilon: 0.852 max: 38.605880840332944
Ep: 386 | Ep_r: 33.8 | t_so_far: {11361} | epsilon: 0.853 max: 38.605880840332944
Ep: 387 | Ep_r: 35.05 | t_so_far: {11411} | epsilon: 0.854 max: 38.605880840332944
Ep: 388 | Ep_r: 36.67 | t_so_far: {11461} | epsilon: 0.855 max: 38.605880840332944
Ep: 389 | Ep_r: 38.29 | t_so_far: {11511} | epsilon: 0.856 max: 38.605880840332944
Ep: 390 | Ep_r: 36.15 | t_so_far: {11542} | epsilon: 0.857 max: 38.605880840332944
Ep: 391 | Ep_r: 37.86 | t_so_far: {11592} | epsilon: 0.858 max: 38.605880840332944
Ep: 392 | Ep_r: 38.72 | t_so_far: {11642} | epsilon: 0.859 max: 38.724657288831494
Ep: 393 | Ep_r: 40.2 | t_so_far: {11692} | epsilon: 0.861 max: 40.19737288988872
Ep: 394 | Ep_r: 40.02 | t_so_far: {11742} | epsilon: 0.862 max: 40.19737288988872
Ep: 395 | Ep_r: 41.31 | t_so_far: {11792} | epsilon: 0.863 max: 41.30631864952878
Ep: 396 | Ep_r: 41.13 | t_so_far: {11840} | epsilon: 0.864 max: 41.30631864952878
Ep: 397 | Ep_r: 41.37 | t_so_far: {11890} | epsilon: 0.865 max: 41.37251452393371
Ep: 398 | Ep_r: 33.77 | t_so_far: {11894} | epsilon: 0.865 max: 41.37251452393371
Ep: 399 | Ep_r: 28.61 | t_so_far: {11905} | epsilon: 0.865 max: 41.37251452393371
Ep: 400 | Ep_r: 25.04 | t_so_far: {11917} | epsilon: 0.865 max: 41.37251452393371
Ep: 401 | Ep_r: 22.08 | t_so_far: {11930} | epsilon: 0.866 max: 41.37251452393371
Ep: 402 | Ep_r: 26.74 | t_so_far: {11980} | epsilon: 0.867 max: 41.37251452393371
Ep: 403 | Ep_r: 22.62 | t_so_far: {11988} | epsilon: 0.867 max: 41.37251452393371
Ep: 404 | Ep_r: 19.62 | t_so_far: {11997} | epsilon: 0.867 max: 41.37251452393371
Ep: 405 | Ep_r: 24.4 | t_so_far: {12047} | epsilon: 0.868 max: 41.37251452393371
Ep: 406 | Ep_r: 28.74 | t_so_far: {12097} | epsilon: 0.869 max: 41.37251452393371
Ep: 407 | Ep_r: 31.78 | t_so_far: {12147} | epsilon: 0.87 max: 41.37251452393371
Ep: 408 | Ep_r: 31.92 | t_so_far: {12184} | epsilon: 0.871 max: 41.37251452393371
Ep: 409 | Ep_r: 30.32 | t_so_far: {12214} | epsilon: 0.872 max: 41.37251452393371
Ep: 410 | Ep_r: 33.6 | t_so_far: {12264} | epsilon: 0.873 max: 41.37251452393371
Ep: 411 | Ep_r: 31.59 | t_so_far: {12293} | epsilon: 0.873 max: 41.37251452393371
Ep: 412 | Ep_r: 28.9 | t_so_far: {12313} | epsilon: 0.874 max: 41.37251452393371
Ep: 413 | Ep_r: 31.88 | t_so_far: {12363} | epsilon: 0.875 max: 41.37251452393371
Ep: 414 | Ep_r: 33.42 | t_so_far: {12413} | epsilon: 0.876 max: 41.37251452393371
Ep: 415 | Ep_r: 34.87 | t_so_far: {12463} | epsilon: 0.877 max: 41.37251452393371
Ep: 416 | Ep_r: 36.86 | t_so_far: {12513} | epsilon: 0.878 max: 41.37251452393371
Ep: 417 | Ep_r: 38.26 | t_so_far: {12563} | epsilon: 0.879 max: 41.37251452393371
Ep: 418 | Ep_r: 39.26 | t_so_far: {12610} | epsilon: 0.879 max: 41.37251452393371
Ep: 419 | Ep_r: 40.58 | t_so_far: {12660} | epsilon: 0.88 max: 41.37251452393371
Ep: 420 | Ep_r: 39.69 | t_so_far: {12708} | epsilon: 0.881 max: 41.37251452393371
Ep: 421 | Ep_r: 36.01 | t_so_far: {12734} | epsilon: 0.882 max: 41.37251452393371
Ep: 422 | Ep_r: 37.62 | t_so_far: {12784} | epsilon: 0.883 max: 41.37251452393371
Ep: 423 | Ep_r: 39.22 | t_so_far: {12834} | epsilon: 0.884 max: 41.37251452393371
Ep: 424 | Ep_r: 36.83 | t_so_far: {12865} | epsilon: 0.884 max: 41.37251452393371
Ep: 425 | Ep_r: 38.36 | t_so_far: {12915} | epsilon: 0.885 max: 41.37251452393371
Ep: 426 | Ep_r: 31.12 | t_so_far: {12918} | epsilon: 0.885 max: 41.37251452393371
Ep: 427 | Ep_r: 33.63 | t_so_far: {12968} | epsilon: 0.886 max: 41.37251452393371
Ep: 428 | Ep_r: 31.05 | t_so_far: {12991} | epsilon: 0.887 max: 41.37251452393371
Ep: 429 | Ep_r: 33.68 | t_so_far: {13041} | epsilon: 0.887 max: 41.37251452393371
Ep: 430 | Ep_r: 32.86 | t_so_far: {13077} | epsilon: 0.888 max: 41.37251452393371
Ep: 431 | Ep_r: 35.89 | t_so_far: {13127} | epsilon: 0.889 max: 41.37251452393371
Ep: 432 | Ep_r: 37.74 | t_so_far: {13177} | epsilon: 0.89 max: 41.37251452393371
Ep: 433 | Ep_r: 39.7 | t_so_far: {13227} | epsilon: 0.891 max: 41.37251452393371
Ep: 434 | Ep_r: 40.79 | t_so_far: {13277} | epsilon: 0.892 max: 41.37251452393371
Ep: 435 | Ep_r: 41.39 | t_so_far: {13327} | epsilon: 0.892 max: 41.38851795538077
Ep: 436 | Ep_r: 41.49 | t_so_far: {13377} | epsilon: 0.893 max: 41.49316730548109
Ep: 437 | Ep_r: 34.02 | t_so_far: {13382} | epsilon: 0.893 max: 41.49316730548109
Ep: 438 | Ep_r: 29.02 | t_so_far: {13394} | epsilon: 0.894 max: 41.49316730548109
Ep: 439 | Ep_r: 31.92 | t_so_far: {13444} | epsilon: 0.894 max: 41.49316730548109
Ep: 440 | Ep_r: 33.53 | t_so_far: {13494} | epsilon: 0.895 max: 41.49316730548109
Ep: 441 | Ep_r: 35.89 | t_so_far: {13544} | epsilon: 0.896 max: 41.49316730548109
Ep: 442 | Ep_r: 37.14 | t_so_far: {13594} | epsilon: 0.897 max: 41.49316730548109
Ep: 443 | Ep_r: 39.14 | t_so_far: {13644} | epsilon: 0.898 max: 41.49316730548109
Ep: 444 | Ep_r: 35.77 | t_so_far: {13668} | epsilon: 0.898 max: 41.49316730548109
Ep: 445 | Ep_r: 29.9 | t_so_far: {13676} | epsilon: 0.898 max: 41.49316730548109
Ep: 446 | Ep_r: 33.59 | t_so_far: {13726} | epsilon: 0.899 max: 41.49316730548109
Ep: 447 | Ep_r: 28.88 | t_so_far: {13739} | epsilon: 0.899 max: 41.49316730548109
Ep: 448 | Ep_r: 31.34 | t_so_far: {13789} | epsilon: 0.9 max: 41.49316730548109
Ep: 449 | Ep_r: 33.51 | t_so_far: {13839} | epsilon: 0.901 max: 41.49316730548109
Ep: 450 | Ep_r: 31.33 | t_so_far: {13863} | epsilon: 0.901 max: 41.49316730548109
Ep: 451 | Ep_r: 34.44 | t_so_far: {13913} | epsilon: 0.902 max: 41.49316730548109
Ep: 452 | Ep_r: 36.45 | t_so_far: {13963} | epsilon: 0.903 max: 41.49316730548109
Ep: 453 | Ep_r: 30.85 | t_so_far: {13973} | epsilon: 0.903 max: 41.49316730548109
Ep: 454 | Ep_r: 30.81 | t_so_far: {14009} | epsilon: 0.903 max: 41.49316730548109
Ep: 455 | Ep_r: 33.49 | t_so_far: {14058} | epsilon: 0.904 max: 41.49316730548109
Ep: 456 | Ep_r: 35.12 | t_so_far: {14108} | epsilon: 0.905 max: 41.49316730548109
Ep: 457 | Ep_r: 36.77 | t_so_far: {14158} | epsilon: 0.906 max: 41.49316730548109
Ep: 458 | Ep_r: 38.25 | t_so_far: {14208} | epsilon: 0.906 max: 41.49316730548109
Ep: 459 | Ep_r: 39.48 | t_so_far: {14258} | epsilon: 0.907 max: 41.49316730548109
Ep: 460 | Ep_r: 40.27 | t_so_far: {14308} | epsilon: 0.908 max: 41.49316730548109
Ep: 461 | Ep_r: 40.52 | t_so_far: {14358} | epsilon: 0.909 max: 41.49316730548109
Ep: 462 | Ep_r: 41.66 | t_so_far: {14408} | epsilon: 0.909 max: 41.66380455821799
Ep: 463 | Ep_r: 34.78 | t_so_far: {14416} | epsilon: 0.909 max: 41.66380455821799
Ep: 464 | Ep_r: 36.73 | t_so_far: {14466} | epsilon: 0.91 max: 41.66380455821799
Ep: 465 | Ep_r: 33.84 | t_so_far: {14490} | epsilon: 0.91 max: 41.66380455821799
Ep: 466 | Ep_r: 29.77 | t_so_far: {14505} | epsilon: 0.911 max: 41.66380455821799
Ep: 467 | Ep_r: 32.35 | t_so_far: {14555} | epsilon: 0.911 max: 41.66380455821799
Ep: 468 | Ep_r: 31.07 | t_so_far: {14583} | epsilon: 0.912 max: 41.66380455821799
Ep: 469 | Ep_r: 32.68 | t_so_far: {14633} | epsilon: 0.912 max: 41.66380455821799
Ep: 470 | Ep_r: 35.48 | t_so_far: {14683} | epsilon: 0.913 max: 41.66380455821799
Ep: 471 | Ep_r: 37.59 | t_so_far: {14733} | epsilon: 0.914 max: 41.66380455821799
Ep: 472 | Ep_r: 38.58 | t_so_far: {14783} | epsilon: 0.915 max: 41.66380455821799
Ep: 473 | Ep_r: 38.29 | t_so_far: {14827} | epsilon: 0.915 max: 41.66380455821799
Ep: 474 | Ep_r: 38.7 | t_so_far: {14877} | epsilon: 0.916 max: 41.66380455821799
Ep: 475 | Ep_r: 37.11 | t_so_far: {14913} | epsilon: 0.916 max: 41.66380455821799
Ep: 476 | Ep_r: 37.88 | t_so_far: {14963} | epsilon: 0.917 max: 41.66380455821799
Ep: 477 | Ep_r: 36.97 | t_so_far: {15005} | epsilon: 0.917 max: 41.66380455821799
Ep: 478 | Ep_r: 35.59 | t_so_far: {15041} | epsilon: 0.918 max: 41.66380455821799
Ep: 479 | Ep_r: 37.51 | t_so_far: {15091} | epsilon: 0.919 max: 41.66380455821799
Ep: 480 | Ep_r: 38.61 | t_so_far: {15141} | epsilon: 0.919 max: 41.66380455821799
Ep: 481 | Ep_r: 39.96 | t_so_far: {15191} | epsilon: 0.92 max: 41.66380455821799
Ep: 482 | Ep_r: 38.16 | t_so_far: {15226} | epsilon: 0.92 max: 41.66380455821799
Ep: 483 | Ep_r: 39.5 | t_so_far: {15276} | epsilon: 0.921 max: 41.66380455821799
Ep: 484 | Ep_r: 32.98 | t_so_far: {15284} | epsilon: 0.921 max: 41.66380455821799
Ep: 485 | Ep_r: 27.06 | t_so_far: {15288} | epsilon: 0.921 max: 41.66380455821799
Ep: 486 | Ep_r: 29.48 | t_so_far: {15338} | epsilon: 0.922 max: 41.66380455821799
Ep: 487 | Ep_r: 32.19 | t_so_far: {15388} | epsilon: 0.922 max: 41.66380455821799
Ep: 488 | Ep_r: 34.56 | t_so_far: {15438} | epsilon: 0.923 max: 41.66380455821799
Ep: 489 | Ep_r: 35.66 | t_so_far: {15481} | epsilon: 0.923 max: 41.66380455821799
Ep: 490 | Ep_r: 37.59 | t_so_far: {15531} | epsilon: 0.924 max: 41.66380455821799
Ep: 491 | Ep_r: 38.39 | t_so_far: {15581} | epsilon: 0.925 max: 41.66380455821799
Ep: 492 | Ep_r: 39.22 | t_so_far: {15631} | epsilon: 0.925 max: 41.66380455821799
Ep: 493 | Ep_r: 39.95 | t_so_far: {15681} | epsilon: 0.926 max: 41.66380455821799
Ep: 494 | Ep_r: 39.96 | t_so_far: {15731} | epsilon: 0.926 max: 41.66380455821799
Ep: 495 | Ep_r: 32.44 | t_so_far: {15734} | epsilon: 0.926 max: 41.66380455821799
Ep: 496 | Ep_r: 30.09 | t_so_far: {15759} | epsilon: 0.927 max: 41.66380455821799
Ep: 497 | Ep_r: 29.82 | t_so_far: {15791} | epsilon: 0.927 max: 41.66380455821799
Ep: 498 | Ep_r: 29.22 | t_so_far: {15825} | epsilon: 0.928 max: 41.66380455821799
Ep: 499 | Ep_r: 29.78 | t_so_far: {15862} | epsilon: 0.928 max: 41.66380455821799
Ep: 500 | Ep_r: 29.63 | t_so_far: {15894} | epsilon: 0.928 max: 41.66380455821799
Ep: 501 | Ep_r: 30.76 | t_so_far: {15935} | epsilon: 0.929 max: 41.66380455821799
Ep: 502 | Ep_r: 34.04 | t_so_far: {15985} | epsilon: 0.929 max: 41.66380455821799
Ep: 503 | Ep_r: 28.39 | t_so_far: {15992} | epsilon: 0.929 max: 41.66380455821799
Ep: 504 | Ep_r: 31.37 | t_so_far: {16042} | epsilon: 0.93 max: 41.66380455821799
Ep: 505 | Ep_r: 33.29 | t_so_far: {16092} | epsilon: 0.931 max: 41.66380455821799
Ep: 506 | Ep_r: 35.13 | t_so_far: {16142} | epsilon: 0.931 max: 41.66380455821799
Ep: 507 | Ep_r: 36.76 | t_so_far: {16192} | epsilon: 0.932 max: 41.66380455821799
Ep: 508 | Ep_r: 33.36 | t_so_far: {16215} | epsilon: 0.932 max: 41.66380455821799
Ep: 509 | Ep_r: 34.6 | t_so_far: {16261} | epsilon: 0.932 max: 41.66380455821799
Ep: 510 | Ep_r: 28.14 | t_so_far: {16264} | epsilon: 0.932 max: 41.66380455821799
Ep: 511 | Ep_r: 31.1 | t_so_far: {16314} | epsilon: 0.933 max: 41.66380455821799
Ep: 512 | Ep_r: 30.11 | t_so_far: {16342} | epsilon: 0.933 max: 41.66380455821799
Ep: 513 | Ep_r: 25.94 | t_so_far: {16354} | epsilon: 0.933 max: 41.66380455821799
Ep: 514 | Ep_r: 29.69 | t_so_far: {16404} | epsilon: 0.934 max: 41.66380455821799
Ep: 515 | Ep_r: 30.49 | t_so_far: {16441} | epsilon: 0.934 max: 41.66380455821799
Ep: 516 | Ep_r: 33.01 | t_so_far: {16491} | epsilon: 0.935 max: 41.66380455821799
Ep: 517 | Ep_r: 35.69 | t_so_far: {16541} | epsilon: 0.935 max: 41.66380455821799
Ep: 518 | Ep_r: 37.96 | t_so_far: {16591} | epsilon: 0.936 max: 41.66380455821799
Ep: 519 | Ep_r: 38.53 | t_so_far: {16641} | epsilon: 0.936 max: 41.66380455821799
Ep: 520 | Ep_r: 39.45 | t_so_far: {16691} | epsilon: 0.937 max: 41.66380455821799
Ep: 521 | Ep_r: 34.59 | t_so_far: {16708} | epsilon: 0.937 max: 41.66380455821799
Ep: 522 | Ep_r: 32.32 | t_so_far: {16736} | epsilon: 0.937 max: 41.66380455821799
Ep: 523 | Ep_r: 35.29 | t_so_far: {16786} | epsilon: 0.938 max: 41.66380455821799
Ep: 524 | Ep_r: 32.51 | t_so_far: {16812} | epsilon: 0.938 max: 41.66380455821799
Ep: 525 | Ep_r: 34.55 | t_so_far: {16862} | epsilon: 0.938 max: 41.66380455821799
Ep: 526 | Ep_r: 34.64 | t_so_far: {16902} | epsilon: 0.939 max: 41.66380455821799
Ep: 527 | Ep_r: 36.61 | t_so_far: {16952} | epsilon: 0.939 max: 41.66380455821799
Ep: 528 | Ep_r: 34.16 | t_so_far: {16978} | epsilon: 0.94 max: 41.66380455821799
Ep: 529 | Ep_r: 36.21 | t_so_far: {17028} | epsilon: 0.94 max: 41.66380455821799
Ep: 530 | Ep_r: 37.61 | t_so_far: {17078} | epsilon: 0.941 max: 41.66380455821799
Ep: 531 | Ep_r: 36.49 | t_so_far: {17114} | epsilon: 0.941 max: 41.66380455821799
Ep: 532 | Ep_r: 33.69 | t_so_far: {17138} | epsilon: 0.941 max: 41.66380455821799
Ep: 533 | Ep_r: 34.67 | t_so_far: {17188} | epsilon: 0.942 max: 41.66380455821799
Ep: 534 | Ep_r: 35.67 | t_so_far: {17238} | epsilon: 0.942 max: 41.66380455821799
Ep: 535 | Ep_r: 37.22 | t_so_far: {17288} | epsilon: 0.942 max: 41.66380455821799
Ep: 536 | Ep_r: 37.76 | t_so_far: {17338} | epsilon: 0.943 max: 41.66380455821799
Ep: 537 | Ep_r: 38.16 | t_so_far: {17388} | epsilon: 0.943 max: 41.66380455821799
Ep: 538 | Ep_r: 39.3 | t_so_far: {17438} | epsilon: 0.944 max: 41.66380455821799
Ep: 539 | Ep_r: 39.3 | t_so_far: {17485} | epsilon: 0.944 max: 41.66380455821799
Ep: 540 | Ep_r: 40.48 | t_so_far: {17535} | epsilon: 0.945 max: 41.66380455821799
Ep: 541 | Ep_r: 41.32 | t_so_far: {17585} | epsilon: 0.945 max: 41.66380455821799
Ep: 542 | Ep_r: 40.76 | t_so_far: {17635} | epsilon: 0.945 max: 41.66380455821799
Ep: 543 | Ep_r: 41.46 | t_so_far: {17685} | epsilon: 0.946 max: 41.66380455821799
Ep: 544 | Ep_r: 41.35 | t_so_far: {17733} | epsilon: 0.946 max: 41.66380455821799
Ep: 545 | Ep_r: 42.14 | t_so_far: {17783} | epsilon: 0.947 max: 42.14407631491961
Ep: 546 | Ep_r: 42.3 | t_so_far: {17833} | epsilon: 0.947 max: 42.297613993112165
Ep: 547 | Ep_r: 42.89 | t_so_far: {17883} | epsilon: 0.948 max: 42.89103237096032
Ep: 548 | Ep_r: 42.87 | t_so_far: {17933} | epsilon: 0.948 max: 42.89103237096032
Ep: 549 | Ep_r: 43.22 | t_so_far: {17983} | epsilon: 0.948 max: 43.21614307035577
Ep: 550 | Ep_r: 43.58 | t_so_far: {18033} | epsilon: 0.949 max: 43.584679162166964
Ep: 551 | Ep_r: 37.83 | t_so_far: {18051} | epsilon: 0.949 max: 43.584679162166964
Ep: 552 | Ep_r: 32.22 | t_so_far: {18062} | epsilon: 0.949 max: 43.584679162166964
Ep: 553 | Ep_r: 34.41 | t_so_far: {18112} | epsilon: 0.949 max: 43.584679162166964
Ep: 554 | Ep_r: 36.08 | t_so_far: {18162} | epsilon: 0.95 max: 43.584679162166964
Ep: 555 | Ep_r: 37.48 | t_so_far: {18212} | epsilon: 0.95 max: 43.584679162166964
Ep: 556 | Ep_r: 33.92 | t_so_far: {18234} | epsilon: 0.95 max: 43.584679162166964
Ep: 557 | Ep_r: 35.39 | t_so_far: {18284} | epsilon: 0.951 max: 43.584679162166964
Ep: 558 | Ep_r: 36.08 | t_so_far: {18334} | epsilon: 0.951 max: 43.584679162166964
Ep: 559 | Ep_r: 37.29 | t_so_far: {18384} | epsilon: 0.952 max: 43.584679162166964
Ep: 560 | Ep_r: 34.0 | t_so_far: {18409} | epsilon: 0.952 max: 43.584679162166964
Ep: 561 | Ep_r: 35.88 | t_so_far: {18459} | epsilon: 0.952 max: 43.584679162166964
Ep: 562 | Ep_r: 33.87 | t_so_far: {18490} | epsilon: 0.952 max: 43.584679162166964
Ep: 563 | Ep_r: 35.76 | t_so_far: {18540} | epsilon: 0.953 max: 43.584679162166964
Ep: 564 | Ep_r: 37.37 | t_so_far: {18590} | epsilon: 0.953 max: 43.584679162166964
Ep: 565 | Ep_r: 38.7 | t_so_far: {18640} | epsilon: 0.953 max: 43.584679162166964
Ep: 566 | Ep_r: 39.04 | t_so_far: {18690} | epsilon: 0.954 max: 43.584679162166964
Ep: 567 | Ep_r: 39.64 | t_so_far: {18740} | epsilon: 0.954 max: 43.584679162166964
Ep: 568 | Ep_r: 37.26 | t_so_far: {18774} | epsilon: 0.954 max: 43.584679162166964
Ep: 569 | Ep_r: 38.11 | t_so_far: {18824} | epsilon: 0.955 max: 43.584679162166964
Ep: 570 | Ep_r: 39.49 | t_so_far: {18874} | epsilon: 0.955 max: 43.584679162166964
Ep: 571 | Ep_r: 39.62 | t_so_far: {18924} | epsilon: 0.955 max: 43.584679162166964
Ep: 572 | Ep_r: 40.56 | t_so_far: {18974} | epsilon: 0.956 max: 43.584679162166964
Ep: 573 | Ep_r: 36.12 | t_so_far: {18996} | epsilon: 0.956 max: 43.584679162166964
Ep: 574 | Ep_r: 37.34 | t_so_far: {19046} | epsilon: 0.956 max: 43.584679162166964
Ep: 575 | Ep_r: 37.51 | t_so_far: {19087} | epsilon: 0.957 max: 43.584679162166964
Ep: 576 | Ep_r: 38.63 | t_so_far: {19137} | epsilon: 0.957 max: 43.584679162166964
Ep: 577 | Ep_r: 32.6 | t_so_far: {19148} | epsilon: 0.957 max: 43.584679162166964
Ep: 578 | Ep_r: 32.6 | t_so_far: {19188} | epsilon: 0.957 max: 43.584679162166964
Ep: 579 | Ep_r: 34.41 | t_so_far: {19238} | epsilon: 0.958 max: 43.584679162166964
Ep: 580 | Ep_r: 34.83 | t_so_far: {19288} | epsilon: 0.958 max: 43.584679162166964
Ep: 581 | Ep_r: 36.25 | t_so_far: {19338} | epsilon: 0.958 max: 43.584679162166964
Ep: 582 | Ep_r: 31.83 | t_so_far: {19357} | epsilon: 0.958 max: 43.584679162166964
Ep: 583 | Ep_r: 34.35 | t_so_far: {19407} | epsilon: 0.959 max: 43.584679162166964
Ep: 584 | Ep_r: 36.08 | t_so_far: {19457} | epsilon: 0.959 max: 43.584679162166964
Ep: 585 | Ep_r: 36.65 | t_so_far: {19507} | epsilon: 0.959 max: 43.584679162166964
Ep: 586 | Ep_r: 37.2 | t_so_far: {19557} | epsilon: 0.96 max: 43.584679162166964
Ep: 587 | Ep_r: 37.61 | t_so_far: {19607} | epsilon: 0.96 max: 43.584679162166964
Ep: 588 | Ep_r: 38.19 | t_so_far: {19657} | epsilon: 0.96 max: 43.584679162166964
Ep: 589 | Ep_r: 38.98 | t_so_far: {19707} | epsilon: 0.961 max: 43.584679162166964
Ep: 590 | Ep_r: 38.94 | t_so_far: {19757} | epsilon: 0.961 max: 43.584679162166964
Ep: 591 | Ep_r: 39.89 | t_so_far: {19807} | epsilon: 0.961 max: 43.584679162166964
Ep: 592 | Ep_r: 40.54 | t_so_far: {19857} | epsilon: 0.962 max: 43.584679162166964
Ep: 593 | Ep_r: 40.44 | t_so_far: {19907} | epsilon: 0.962 max: 43.584679162166964
Ep: 594 | Ep_r: 41.43 | t_so_far: {19957} | epsilon: 0.962 max: 43.584679162166964
Ep: 595 | Ep_r: 42.11 | t_so_far: {20007} | epsilon: 0.962 max: 43.584679162166964
Ep: 596 | Ep_r: 37.56 | t_so_far: {20029} | epsilon: 0.963 max: 43.584679162166964
Ep: 597 | Ep_r: 39.12 | t_so_far: {20079} | epsilon: 0.963 max: 43.584679162166964
Ep: 598 | Ep_r: 40.35 | t_so_far: {20129} | epsilon: 0.963 max: 43.584679162166964
Ep: 599 | Ep_r: 33.11 | t_so_far: {20134} | epsilon: 0.963 max: 43.584679162166964
Ep: 600 | Ep_r: 35.45 | t_so_far: {20184} | epsilon: 0.963 max: 43.584679162166964
Ep: 601 | Ep_r: 37.56 | t_so_far: {20234} | epsilon: 0.964 max: 43.584679162166964
Ep: 602 | Ep_r: 38.33 | t_so_far: {20284} | epsilon: 0.964 max: 43.584679162166964
Ep: 603 | Ep_r: 40.0 | t_so_far: {20334} | epsilon: 0.964 max: 43.584679162166964
Ep: 604 | Ep_r: 40.33 | t_so_far: {20384} | epsilon: 0.965 max: 43.584679162166964
Ep: 605 | Ep_r: 40.29 | t_so_far: {20432} | epsilon: 0.965 max: 43.584679162166964
Ep: 606 | Ep_r: 41.49 | t_so_far: {20482} | epsilon: 0.965 max: 43.584679162166964
Ep: 607 | Ep_r: 42.34 | t_so_far: {20532} | epsilon: 0.965 max: 43.584679162166964
Ep: 608 | Ep_r: 42.51 | t_so_far: {20582} | epsilon: 0.966 max: 43.584679162166964
Ep: 609 | Ep_r: 42.99 | t_so_far: {20632} | epsilon: 0.966 max: 43.584679162166964
Ep: 610 | Ep_r: 43.4 | t_so_far: {20682} | epsilon: 0.966 max: 43.584679162166964
Ep: 611 | Ep_r: 43.78 | t_so_far: {20732} | epsilon: 0.966 max: 43.78284436177735
Ep: 612 | Ep_r: 43.59 | t_so_far: {20782} | epsilon: 0.967 max: 43.78284436177735
Ep: 613 | Ep_r: 39.99 | t_so_far: {20810} | epsilon: 0.967 max: 43.78284436177735
Ep: 614 | Ep_r: 41.56 | t_so_far: {20860} | epsilon: 0.967 max: 43.78284436177735
Ep: 615 | Ep_r: 40.08 | t_so_far: {20899} | epsilon: 0.967 max: 43.78284436177735
Ep: 616 | Ep_r: 41.66 | t_so_far: {20949} | epsilon: 0.968 max: 43.78284436177735
Ep: 617 | Ep_r: 33.98 | t_so_far: {20953} | epsilon: 0.968 max: 43.78284436177735
Ep: 618 | Ep_r: 36.64 | t_so_far: {21003} | epsilon: 0.968 max: 43.78284436177735
Ep: 619 | Ep_r: 37.23 | t_so_far: {21053} | epsilon: 0.968 max: 43.78284436177735
Ep: 620 | Ep_r: 37.98 | t_so_far: {21103} | epsilon: 0.968 max: 43.78284436177735
Ep: 621 | Ep_r: 39.58 | t_so_far: {21153} | epsilon: 0.969 max: 43.78284436177735
Ep: 622 | Ep_r: 39.86 | t_so_far: {21203} | epsilon: 0.969 max: 43.78284436177735
Ep: 623 | Ep_r: 40.02 | t_so_far: {21251} | epsilon: 0.969 max: 43.78284436177735
Ep: 624 | Ep_r: 37.21 | t_so_far: {21279} | epsilon: 0.969 max: 43.78284436177735
Ep: 625 | Ep_r: 38.86 | t_so_far: {21329} | epsilon: 0.969 max: 43.78284436177735
Ep: 626 | Ep_r: 39.17 | t_so_far: {21379} | epsilon: 0.97 max: 43.78284436177735
Ep: 627 | Ep_r: 38.83 | t_so_far: {21421} | epsilon: 0.97 max: 43.78284436177735
Ep: 628 | Ep_r: 39.61 | t_so_far: {21471} | epsilon: 0.97 max: 43.78284436177735
Ep: 629 | Ep_r: 40.5 | t_so_far: {21521} | epsilon: 0.97 max: 43.78284436177735
Ep: 630 | Ep_r: 40.88 | t_so_far: {21571} | epsilon: 0.97 max: 43.78284436177735
Ep: 631 | Ep_r: 41.8 | t_so_far: {21621} | epsilon: 0.971 max: 43.78284436177735
Ep: 632 | Ep_r: 42.24 | t_so_far: {21671} | epsilon: 0.971 max: 43.78284436177735
Ep: 633 | Ep_r: 42.53 | t_so_far: {21721} | epsilon: 0.971 max: 43.78284436177735
Ep: 634 | Ep_r: 41.98 | t_so_far: {21771} | epsilon: 0.971 max: 43.78284436177735
Ep: 635 | Ep_r: 42.47 | t_so_far: {21821} | epsilon: 0.972 max: 43.78284436177735
Ep: 636 | Ep_r: 41.76 | t_so_far: {21865} | epsilon: 0.972 max: 43.78284436177735
Ep: 637 | Ep_r: 42.05 | t_so_far: {21915} | epsilon: 0.972 max: 43.78284436177735
Ep: 638 | Ep_r: 42.58 | t_so_far: {21965} | epsilon: 0.972 max: 43.78284436177735
Ep: 639 | Ep_r: 42.43 | t_so_far: {22015} | epsilon: 0.972 max: 43.78284436177735
Ep: 640 | Ep_r: 42.17 | t_so_far: {22065} | epsilon: 0.973 max: 43.78284436177735
Ep: 641 | Ep_r: 38.24 | t_so_far: {22091} | epsilon: 0.973 max: 43.78284436177735
Ep: 642 | Ep_r: 37.14 | t_so_far: {22132} | epsilon: 0.973 max: 43.78284436177735
Ep: 643 | Ep_r: 38.03 | t_so_far: {22182} | epsilon: 0.973 max: 43.78284436177735
Ep: 644 | Ep_r: 39.04 | t_so_far: {22232} | epsilon: 0.973 max: 43.78284436177735
Ep: 645 | Ep_r: 39.11 | t_so_far: {22282} | epsilon: 0.974 max: 43.78284436177735
Ep: 646 | Ep_r: 37.37 | t_so_far: {22318} | epsilon: 0.974 max: 43.78284436177735
Ep: 647 | Ep_r: 39.28 | t_so_far: {22368} | epsilon: 0.974 max: 43.78284436177735
Ep: 648 | Ep_r: 39.7 | t_so_far: {22418} | epsilon: 0.974 max: 43.78284436177735
Ep: 649 | Ep_r: 32.21 | t_so_far: {22421} | epsilon: 0.974 max: 43.78284436177735
Ep: 650 | Ep_r: 34.67 | t_so_far: {22471} | epsilon: 0.974 max: 43.78284436177735
Ep: 651 | Ep_r: 36.95 | t_so_far: {22521} | epsilon: 0.975 max: 43.78284436177735
Ep: 652 | Ep_r: 38.8 | t_so_far: {22571} | epsilon: 0.975 max: 43.78284436177735
Ep: 653 | Ep_r: 39.27 | t_so_far: {22621} | epsilon: 0.975 max: 43.78284436177735
Ep: 654 | Ep_r: 40.86 | t_so_far: {22671} | epsilon: 0.975 max: 43.78284436177735
Ep: 655 | Ep_r: 42.34 | t_so_far: {22721} | epsilon: 0.975 max: 43.78284436177735
Ep: 656 | Ep_r: 41.55 | t_so_far: {22768} | epsilon: 0.975 max: 43.78284436177735
Ep: 657 | Ep_r: 41.3 | t_so_far: {22818} | epsilon: 0.976 max: 43.78284436177735
Ep: 658 | Ep_r: 42.21 | t_so_far: {22868} | epsilon: 0.976 max: 43.78284436177735
Ep: 659 | Ep_r: 43.12 | t_so_far: {22918} | epsilon: 0.976 max: 43.78284436177735
Ep: 660 | Ep_r: 40.36 | t_so_far: {22954} | epsilon: 0.976 max: 43.78284436177735
Ep: 661 | Ep_r: 39.92 | t_so_far: {23004} | epsilon: 0.976 max: 43.78284436177735
Ep: 662 | Ep_r: 40.52 | t_so_far: {23054} | epsilon: 0.977 max: 43.78284436177735
Ep: 663 | Ep_r: 40.48 | t_so_far: {23104} | epsilon: 0.977 max: 43.78284436177735
Ep: 664 | Ep_r: 39.99 | t_so_far: {23154} | epsilon: 0.977 max: 43.78284436177735
Ep: 665 | Ep_r: 41.03 | t_so_far: {23204} | epsilon: 0.977 max: 43.78284436177735
Ep: 666 | Ep_r: 41.71 | t_so_far: {23254} | epsilon: 0.977 max: 43.78284436177735
Ep: 667 | Ep_r: 41.23 | t_so_far: {23304} | epsilon: 0.977 max: 43.78284436177735
Ep: 668 | Ep_r: 39.89 | t_so_far: {23344} | epsilon: 0.978 max: 43.78284436177735
Ep: 669 | Ep_r: 39.89 | t_so_far: {23394} | epsilon: 0.978 max: 43.78284436177735
Ep: 670 | Ep_r: 40.26 | t_so_far: {23444} | epsilon: 0.978 max: 43.78284436177735
Ep: 671 | Ep_r: 40.84 | t_so_far: {23494} | epsilon: 0.978 max: 43.78284436177735
Ep: 672 | Ep_r: 41.32 | t_so_far: {23544} | epsilon: 0.978 max: 43.78284436177735
Ep: 673 | Ep_r: 40.84 | t_so_far: {23594} | epsilon: 0.978 max: 43.78284436177735
Ep: 674 | Ep_r: 41.2 | t_so_far: {23644} | epsilon: 0.979 max: 43.78284436177735
Ep: 675 | Ep_r: 40.66 | t_so_far: {23694} | epsilon: 0.979 max: 43.78284436177735
Ep: 676 | Ep_r: 38.8 | t_so_far: {23744} | epsilon: 0.979 max: 43.78284436177735
Ep: 677 | Ep_r: 38.11 | t_so_far: {23794} | epsilon: 0.979 max: 43.78284436177735
Ep: 678 | Ep_r: 38.1 | t_so_far: {23844} | epsilon: 0.979 max: 43.78284436177735
Ep: 679 | Ep_r: 38.62 | t_so_far: {23894} | epsilon: 0.979 max: 43.78284436177735
Ep: 680 | Ep_r: 39.06 | t_so_far: {23944} | epsilon: 0.98 max: 43.78284436177735
Ep: 681 | Ep_r: 40.22 | t_so_far: {23994} | epsilon: 0.98 max: 43.78284436177735
Ep: 682 | Ep_r: 39.9 | t_so_far: {24044} | epsilon: 0.98 max: 43.78284436177735
Ep: 683 | Ep_r: 40.49 | t_so_far: {24094} | epsilon: 0.98 max: 43.78284436177735
Ep: 684 | Ep_r: 38.94 | t_so_far: {24144} | epsilon: 0.98 max: 43.78284436177735
Ep: 685 | Ep_r: 38.55 | t_so_far: {24194} | epsilon: 0.98 max: 43.78284436177735
Ep: 686 | Ep_r: 38.74 | t_so_far: {24244} | epsilon: 0.98 max: 43.78284436177735
Ep: 687 | Ep_r: 37.33 | t_so_far: {24294} | epsilon: 0.981 max: 43.78284436177735
Ep: 688 | Ep_r: 37.95 | t_so_far: {24344} | epsilon: 0.981 max: 43.78284436177735
Ep: 689 | Ep_r: 38.13 | t_so_far: {24394} | epsilon: 0.981 max: 43.78284436177735
Ep: 690 | Ep_r: 38.76 | t_so_far: {24444} | epsilon: 0.981 max: 43.78284436177735
Ep: 691 | Ep_r: 40.35 | t_so_far: {24494} | epsilon: 0.981 max: 43.78284436177735
Ep: 692 | Ep_r: 41.23 | t_so_far: {24544} | epsilon: 0.981 max: 43.78284436177735
Ep: 693 | Ep_r: 42.32 | t_so_far: {24594} | epsilon: 0.981 max: 43.78284436177735
Ep: 694 | Ep_r: 42.83 | t_so_far: {24644} | epsilon: 0.982 max: 43.78284436177735
Ep: 695 | Ep_r: 43.46 | t_so_far: {24694} | epsilon: 0.982 max: 43.78284436177735
Ep: 696 | Ep_r: 41.29 | t_so_far: {24733} | epsilon: 0.982 max: 43.78284436177735
Ep: 697 | Ep_r: 41.86 | t_so_far: {24783} | epsilon: 0.982 max: 43.78284436177735
Ep: 698 | Ep_r: 42.62 | t_so_far: {24833} | epsilon: 0.982 max: 43.78284436177735
Ep: 699 | Ep_r: 43.3 | t_so_far: {24883} | epsilon: 0.982 max: 43.78284436177735
Ep: 700 | Ep_r: 43.53 | t_so_far: {24933} | epsilon: 0.982 max: 43.78284436177735
Ep: 701 | Ep_r: 43.35 | t_so_far: {24983} | epsilon: 0.982 max: 43.78284436177735
Ep: 702 | Ep_r: 43.22 | t_so_far: {25033} | epsilon: 0.983 max: 43.78284436177735
Ep: 703 | Ep_r: 42.76 | t_so_far: {25083} | epsilon: 0.983 max: 43.78284436177735
Ep: 704 | Ep_r: 43.6 | t_so_far: {25133} | epsilon: 0.983 max: 43.78284436177735
Ep: 705 | Ep_r: 42.71 | t_so_far: {25183} | epsilon: 0.983 max: 43.78284436177735
Ep: 706 | Ep_r: 43.07 | t_so_far: {25233} | epsilon: 0.983 max: 43.78284436177735
Ep: 707 | Ep_r: 43.42 | t_so_far: {25283} | epsilon: 0.983 max: 43.78284436177735
Ep: 708 | Ep_r: 44.14 | t_so_far: {25333} | epsilon: 0.983 max: 44.14208499573637
Ep: 709 | Ep_r: 44.82 | t_so_far: {25383} | epsilon: 0.984 max: 44.81955034953027
Ep: 710 | Ep_r: 42.83 | t_so_far: {25421} | epsilon: 0.984 max: 44.81955034953027
Ep: 711 | Ep_r: 42.27 | t_so_far: {25471} | epsilon: 0.984 max: 44.81955034953027
Ep: 712 | Ep_r: 38.07 | t_so_far: {25494} | epsilon: 0.984 max: 44.81955034953027
Ep: 713 | Ep_r: 39.56 | t_so_far: {25544} | epsilon: 0.984 max: 44.81955034953027
Ep: 714 | Ep_r: 40.57 | t_so_far: {25594} | epsilon: 0.984 max: 44.81955034953027
Ep: 715 | Ep_r: 40.76 | t_so_far: {25644} | epsilon: 0.984 max: 44.81955034953027
Ep: 716 | Ep_r: 41.64 | t_so_far: {25694} | epsilon: 0.984 max: 44.81955034953027
Ep: 717 | Ep_r: 42.35 | t_so_far: {25744} | epsilon: 0.984 max: 44.81955034953027
Ep: 718 | Ep_r: 43.37 | t_so_far: {25794} | epsilon: 0.984 max: 44.81955034953027
Ep: 719 | Ep_r: 43.06 | t_so_far: {25844} | epsilon: 0.985 max: 44.81955034953027
Ep: 720 | Ep_r: 44.06 | t_so_far: {25894} | epsilon: 0.985 max: 44.81955034953027
Ep: 721 | Ep_r: 38.46 | t_so_far: {25912} | epsilon: 0.985 max: 44.81955034953027
Ep: 722 | Ep_r: 39.45 | t_so_far: {25962} | epsilon: 0.985 max: 44.81955034953027
Ep: 723 | Ep_r: 39.42 | t_so_far: {26012} | epsilon: 0.985 max: 44.81955034953027
Ep: 724 | Ep_r: 40.91 | t_so_far: {26062} | epsilon: 0.985 max: 44.81955034953027
Ep: 725 | Ep_r: 41.8 | t_so_far: {26112} | epsilon: 0.985 max: 44.81955034953027
Ep: 726 | Ep_r: 42.11 | t_so_far: {26162} | epsilon: 0.985 max: 44.81955034953027
Ep: 727 | Ep_r: 42.53 | t_so_far: {26212} | epsilon: 0.985 max: 44.81955034953027
Ep: 728 | Ep_r: 36.32 | t_so_far: {26225} | epsilon: 0.985 max: 44.81955034953027
Ep: 729 | Ep_r: 38.62 | t_so_far: {26275} | epsilon: 0.986 max: 44.81955034953027
Ep: 730 | Ep_r: 40.21 | t_so_far: {26325} | epsilon: 0.986 max: 44.81955034953027
Ep: 731 | Ep_r: 40.93 | t_so_far: {26375} | epsilon: 0.986 max: 44.81955034953027
Ep: 732 | Ep_r: 41.43 | t_so_far: {26425} | epsilon: 0.986 max: 44.81955034953027
Ep: 733 | Ep_r: 41.85 | t_so_far: {26475} | epsilon: 0.986 max: 44.81955034953027
Ep: 734 | Ep_r: 37.97 | t_so_far: {26503} | epsilon: 0.986 max: 44.81955034953027
Ep: 735 | Ep_r: 39.79 | t_so_far: {26553} | epsilon: 0.986 max: 44.81955034953027
Ep: 736 | Ep_r: 40.47 | t_so_far: {26603} | epsilon: 0.986 max: 44.81955034953027
Ep: 737 | Ep_r: 40.92 | t_so_far: {26653} | epsilon: 0.986 max: 44.81955034953027
Ep: 738 | Ep_r: 41.39 | t_so_far: {26703} | epsilon: 0.986 max: 44.81955034953027
Ep: 739 | Ep_r: 42.38 | t_so_far: {26753} | epsilon: 0.987 max: 44.81955034953027
Ep: 740 | Ep_r: 38.52 | t_so_far: {26777} | epsilon: 0.987 max: 44.81955034953027
Ep: 741 | Ep_r: 35.97 | t_so_far: {26808} | epsilon: 0.987 max: 44.81955034953027
Ep: 742 | Ep_r: 35.61 | t_so_far: {26847} | epsilon: 0.987 max: 44.81955034953027
Ep: 743 | Ep_r: 37.84 | t_so_far: {26897} | epsilon: 0.987 max: 44.81955034953027
Ep: 744 | Ep_r: 39.18 | t_so_far: {26947} | epsilon: 0.987 max: 44.81955034953027
Ep: 745 | Ep_r: 39.76 | t_so_far: {26997} | epsilon: 0.987 max: 44.81955034953027
Ep: 746 | Ep_r: 39.79 | t_so_far: {27042} | epsilon: 0.987 max: 44.81955034953027
Ep: 747 | Ep_r: 40.34 | t_so_far: {27092} | epsilon: 0.987 max: 44.81955034953027
Ep: 748 | Ep_r: 36.34 | t_so_far: {27115} | epsilon: 0.987 max: 44.81955034953027
Ep: 749 | Ep_r: 30.75 | t_so_far: {27125} | epsilon: 0.987 max: 44.81955034953027
Ep: 750 | Ep_r: 33.44 | t_so_far: {27175} | epsilon: 0.987 max: 44.81955034953027
Ep: 751 | Ep_r: 33.52 | t_so_far: {27214} | epsilon: 0.987 max: 44.81955034953027
Ep: 752 | Ep_r: 33.3 | t_so_far: {27248} | epsilon: 0.988 max: 44.81955034953027
Ep: 753 | Ep_r: 35.57 | t_so_far: {27298} | epsilon: 0.988 max: 44.81955034953027
Ep: 754 | Ep_r: 37.15 | t_so_far: {27348} | epsilon: 0.988 max: 44.81955034953027
Ep: 755 | Ep_r: 37.01 | t_so_far: {27387} | epsilon: 0.988 max: 44.81955034953027
Ep: 756 | Ep_r: 38.73 | t_so_far: {27437} | epsilon: 0.988 max: 44.81955034953027
Ep: 757 | Ep_r: 39.55 | t_so_far: {27487} | epsilon: 0.988 max: 44.81955034953027
Ep: 758 | Ep_r: 40.88 | t_so_far: {27537} | epsilon: 0.988 max: 44.81955034953027
Ep: 759 | Ep_r: 41.28 | t_so_far: {27587} | epsilon: 0.988 max: 44.81955034953027
Ep: 760 | Ep_r: 42.09 | t_so_far: {27637} | epsilon: 0.988 max: 44.81955034953027
Ep: 761 | Ep_r: 38.41 | t_so_far: {27663} | epsilon: 0.988 max: 44.81955034953027
Ep: 762 | Ep_r: 39.34 | t_so_far: {27713} | epsilon: 0.988 max: 44.81955034953027
Ep: 763 | Ep_r: 40.29 | t_so_far: {27763} | epsilon: 0.988 max: 44.81955034953027
Ep: 764 | Ep_r: 41.22 | t_so_far: {27813} | epsilon: 0.989 max: 44.81955034953027
Ep: 765 | Ep_r: 34.83 | t_so_far: {27823} | epsilon: 0.989 max: 44.81955034953027
Ep: 766 | Ep_r: 37.28 | t_so_far: {27873} | epsilon: 0.989 max: 44.81955034953027
Ep: 767 | Ep_r: 39.27 | t_so_far: {27923} | epsilon: 0.989 max: 44.81955034953027
Ep: 768 | Ep_r: 40.37 | t_so_far: {27973} | epsilon: 0.989 max: 44.81955034953027
Ep: 769 | Ep_r: 41.17 | t_so_far: {28023} | epsilon: 0.989 max: 44.81955034953027
Ep: 770 | Ep_r: 41.38 | t_so_far: {28073} | epsilon: 0.989 max: 44.81955034953027
Ep: 771 | Ep_r: 41.76 | t_so_far: {28123} | epsilon: 0.989 max: 44.81955034953027
Ep: 772 | Ep_r: 41.65 | t_so_far: {28173} | epsilon: 0.989 max: 44.81955034953027
Ep: 773 | Ep_r: 41.88 | t_so_far: {28223} | epsilon: 0.989 max: 44.81955034953027
Ep: 774 | Ep_r: 41.86 | t_so_far: {28273} | epsilon: 0.989 max: 44.81955034953027
Ep: 775 | Ep_r: 42.27 | t_so_far: {28323} | epsilon: 0.989 max: 44.81955034953027
Ep: 776 | Ep_r: 42.66 | t_so_far: {28373} | epsilon: 0.989 max: 44.81955034953027
Ep: 777 | Ep_r: 43.58 | t_so_far: {28423} | epsilon: 0.989 max: 44.81955034953027
Ep: 778 | Ep_r: 43.49 | t_so_far: {28473} | epsilon: 0.99 max: 44.81955034953027
Ep: 779 | Ep_r: 43.77 | t_so_far: {28523} | epsilon: 0.99 max: 44.81955034953027
Ep: 780 | Ep_r: 40.94 | t_so_far: {28557} | epsilon: 0.99 max: 44.81955034953027
Ep: 781 | Ep_r: 41.68 | t_so_far: {28607} | epsilon: 0.99 max: 44.81955034953027
Ep: 782 | Ep_r: 41.02 | t_so_far: {28655} | epsilon: 0.99 max: 44.81955034953027
Ep: 783 | Ep_r: 41.16 | t_so_far: {28705} | epsilon: 0.99 max: 44.81955034953027
Ep: 784 | Ep_r: 39.15 | t_so_far: {28741} | epsilon: 0.99 max: 44.81955034953027
Ep: 785 | Ep_r: 40.37 | t_so_far: {28791} | epsilon: 0.99 max: 44.81955034953027
Ep: 786 | Ep_r: 41.26 | t_so_far: {28841} | epsilon: 0.99 max: 44.81955034953027
Ep: 787 | Ep_r: 42.44 | t_so_far: {28891} | epsilon: 0.99 max: 44.81955034953027
Ep: 788 | Ep_r: 37.94 | t_so_far: {28913} | epsilon: 0.99 max: 44.81955034953027
Ep: 789 | Ep_r: 39.15 | t_so_far: {28963} | epsilon: 0.99 max: 44.81955034953027
Ep: 790 | Ep_r: 39.66 | t_so_far: {29008} | epsilon: 0.99 max: 44.81955034953027
Ep: 791 | Ep_r: 41.35 | t_so_far: {29058} | epsilon: 0.99 max: 44.81955034953027
Ep: 792 | Ep_r: 41.78 | t_so_far: {29108} | epsilon: 0.99 max: 44.81955034953027
Ep: 793 | Ep_r: 41.72 | t_so_far: {29158} | epsilon: 0.991 max: 44.81955034953027
Ep: 794 | Ep_r: 41.8 | t_so_far: {29208} | epsilon: 0.991 max: 44.81955034953027
Ep: 795 | Ep_r: 42.52 | t_so_far: {29258} | epsilon: 0.991 max: 44.81955034953027
Ep: 796 | Ep_r: 39.19 | t_so_far: {29287} | epsilon: 0.991 max: 44.81955034953027
Ep: 797 | Ep_r: 40.01 | t_so_far: {29337} | epsilon: 0.991 max: 44.81955034953027
Ep: 798 | Ep_r: 41.26 | t_so_far: {29387} | epsilon: 0.991 max: 44.81955034953027
Ep: 799 | Ep_r: 42.43 | t_so_far: {29437} | epsilon: 0.991 max: 44.81955034953027
Ep: 800 | Ep_r: 42.01 | t_so_far: {29482} | epsilon: 0.991 max: 44.81955034953027
Ep: 801 | Ep_r: 42.26 | t_so_far: {29532} | epsilon: 0.991 max: 44.81955034953027
Ep: 802 | Ep_r: 43.15 | t_so_far: {29582} | epsilon: 0.991 max: 44.81955034953027
Ep: 803 | Ep_r: 43.2 | t_so_far: {29632} | epsilon: 0.991 max: 44.81955034953027
Ep: 804 | Ep_r: 43.84 | t_so_far: {29682} | epsilon: 0.991 max: 44.81955034953027
Ep: 805 | Ep_r: 41.15 | t_so_far: {29718} | epsilon: 0.991 max: 44.81955034953027
Ep: 806 | Ep_r: 41.21 | t_so_far: {29768} | epsilon: 0.991 max: 44.81955034953027
Ep: 807 | Ep_r: 41.57 | t_so_far: {29818} | epsilon: 0.991 max: 44.81955034953027
Ep: 808 | Ep_r: 41.76 | t_so_far: {29868} | epsilon: 0.991 max: 44.81955034953027
Ep: 809 | Ep_r: 42.02 | t_so_far: {29918} | epsilon: 0.992 max: 44.81955034953027
Ep: 810 | Ep_r: 41.82 | t_so_far: {29968} | epsilon: 0.992 max: 44.81955034953027
Ep: 811 | Ep_r: 42.34 | t_so_far: {30018} | epsilon: 0.992 max: 44.81955034953027
Ep: 812 | Ep_r: 42.57 | t_so_far: {30068} | epsilon: 0.992 max: 44.81955034953027
Ep: 813 | Ep_r: 43.07 | t_so_far: {30118} | epsilon: 0.992 max: 44.81955034953027
Ep: 814 | Ep_r: 43.6 | t_so_far: {30168} | epsilon: 0.992 max: 44.81955034953027
Ep: 815 | Ep_r: 43.71 | t_so_far: {30218} | epsilon: 0.992 max: 44.81955034953027
Ep: 816 | Ep_r: 43.73 | t_so_far: {30268} | epsilon: 0.992 max: 44.81955034953027
Ep: 817 | Ep_r: 42.5 | t_so_far: {30312} | epsilon: 0.992 max: 44.81955034953027
Ep: 818 | Ep_r: 43.14 | t_so_far: {30362} | epsilon: 0.992 max: 44.81955034953027
Ep: 819 | Ep_r: 43.7 | t_so_far: {30412} | epsilon: 0.992 max: 44.81955034953027
Ep: 820 | Ep_r: 43.68 | t_so_far: {30459} | epsilon: 0.992 max: 44.81955034953027
Ep: 821 | Ep_r: 43.2 | t_so_far: {30509} | epsilon: 0.992 max: 44.81955034953027
Ep: 822 | Ep_r: 37.23 | t_so_far: {30525} | epsilon: 0.992 max: 44.81955034953027
Ep: 823 | Ep_r: 39.23 | t_so_far: {30575} | epsilon: 0.992 max: 44.81955034953027
Ep: 824 | Ep_r: 39.9 | t_so_far: {30625} | epsilon: 0.992 max: 44.81955034953027
Ep: 825 | Ep_r: 41.26 | t_so_far: {30675} | epsilon: 0.992 max: 44.81955034953027
Ep: 826 | Ep_r: 41.61 | t_so_far: {30725} | epsilon: 0.992 max: 44.81955034953027
Ep: 827 | Ep_r: 42.08 | t_so_far: {30775} | epsilon: 0.992 max: 44.81955034953027
Ep: 828 | Ep_r: 37.5 | t_so_far: {30796} | epsilon: 0.992 max: 44.81955034953027
Ep: 829 | Ep_r: 38.93 | t_so_far: {30846} | epsilon: 0.993 max: 44.81955034953027
Ep: 830 | Ep_r: 40.02 | t_so_far: {30896} | epsilon: 0.993 max: 44.81955034953027
Ep: 831 | Ep_r: 41.2 | t_so_far: {30946} | epsilon: 0.993 max: 44.81955034953027
Ep: 832 | Ep_r: 38.84 | t_so_far: {30979} | epsilon: 0.993 max: 44.81955034953027
Ep: 833 | Ep_r: 40.37 | t_so_far: {31029} | epsilon: 0.993 max: 44.81955034953027
Ep: 834 | Ep_r: 40.36 | t_so_far: {31079} | epsilon: 0.993 max: 44.81955034953027
Ep: 835 | Ep_r: 40.85 | t_so_far: {31129} | epsilon: 0.993 max: 44.81955034953027
Ep: 836 | Ep_r: 39.4 | t_so_far: {31166} | epsilon: 0.993 max: 44.81955034953027
Ep: 837 | Ep_r: 40.9 | t_so_far: {31216} | epsilon: 0.993 max: 44.81955034953027
Ep: 838 | Ep_r: 42.13 | t_so_far: {31266} | epsilon: 0.993 max: 44.81955034953027
Ep: 839 | Ep_r: 43.0 | t_so_far: {31316} | epsilon: 0.993 max: 44.81955034953027
Ep: 840 | Ep_r: 43.81 | t_so_far: {31366} | epsilon: 0.993 max: 44.81955034953027
Ep: 841 | Ep_r: 44.8 | t_so_far: {31416} | epsilon: 0.993 max: 44.81955034953027
Ep: 842 | Ep_r: 44.48 | t_so_far: {31466} | epsilon: 0.993 max: 44.81955034953027
Ep: 843 | Ep_r: 44.52 | t_so_far: {31516} | epsilon: 0.993 max: 44.81955034953027
Ep: 844 | Ep_r: 44.84 | t_so_far: {31566} | epsilon: 0.993 max: 44.83548433906583
Ep: 845 | Ep_r: 45.62 | t_so_far: {31616} | epsilon: 0.993 max: 45.62132864772325
Ep: 846 | Ep_r: 45.8 | t_so_far: {31666} | epsilon: 0.993 max: 45.797062918178604
Ep: 847 | Ep_r: 45.61 | t_so_far: {31716} | epsilon: 0.993 max: 45.797062918178604
Ep: 848 | Ep_r: 45.44 | t_so_far: {31766} | epsilon: 0.993 max: 45.797062918178604
Ep: 849 | Ep_r: 45.48 | t_so_far: {31816} | epsilon: 0.993 max: 45.797062918178604
Ep: 850 | Ep_r: 45.67 | t_so_far: {31866} | epsilon: 0.994 max: 45.797062918178604
Ep: 851 | Ep_r: 45.02 | t_so_far: {31916} | epsilon: 0.994 max: 45.797062918178604
Ep: 852 | Ep_r: 45.31 | t_so_far: {31966} | epsilon: 0.994 max: 45.797062918178604
Ep: 853 | Ep_r: 45.31 | t_so_far: {32016} | epsilon: 0.994 max: 45.797062918178604
Ep: 854 | Ep_r: 45.24 | t_so_far: {32066} | epsilon: 0.994 max: 45.797062918178604
Ep: 855 | Ep_r: 44.92 | t_so_far: {32116} | epsilon: 0.994 max: 45.797062918178604
Ep: 856 | Ep_r: 39.35 | t_so_far: {32136} | epsilon: 0.994 max: 45.797062918178604
Ep: 857 | Ep_r: 40.47 | t_so_far: {32186} | epsilon: 0.994 max: 45.797062918178604
Ep: 858 | Ep_r: 41.11 | t_so_far: {32236} | epsilon: 0.994 max: 45.797062918178604
Ep: 859 | Ep_r: 42.44 | t_so_far: {32286} | epsilon: 0.994 max: 45.797062918178604
Ep: 860 | Ep_r: 41.87 | t_so_far: {32328} | epsilon: 0.994 max: 45.797062918178604
Ep: 861 | Ep_r: 43.06 | t_so_far: {32378} | epsilon: 0.994 max: 45.797062918178604
Ep: 862 | Ep_r: 43.68 | t_so_far: {32428} | epsilon: 0.994 max: 45.797062918178604
Ep: 863 | Ep_r: 44.16 | t_so_far: {32478} | epsilon: 0.994 max: 45.797062918178604
Ep: 864 | Ep_r: 44.15 | t_so_far: {32528} | epsilon: 0.994 max: 45.797062918178604
Ep: 865 | Ep_r: 42.91 | t_so_far: {32571} | epsilon: 0.994 max: 45.797062918178604
Ep: 866 | Ep_r: 43.68 | t_so_far: {32621} | epsilon: 0.994 max: 45.797062918178604
Ep: 867 | Ep_r: 43.59 | t_so_far: {32671} | epsilon: 0.994 max: 45.797062918178604
Ep: 868 | Ep_r: 43.82 | t_so_far: {32721} | epsilon: 0.994 max: 45.797062918178604
Ep: 869 | Ep_r: 44.04 | t_so_far: {32771} | epsilon: 0.994 max: 45.797062918178604
Ep: 870 | Ep_r: 44.75 | t_so_far: {32821} | epsilon: 0.994 max: 45.797062918178604
Ep: 871 | Ep_r: 45.12 | t_so_far: {32871} | epsilon: 0.994 max: 45.797062918178604
Ep: 872 | Ep_r: 45.31 | t_so_far: {32921} | epsilon: 0.994 max: 45.797062918178604
Ep: 873 | Ep_r: 45.05 | t_so_far: {32971} | epsilon: 0.994 max: 45.797062918178604
Ep: 874 | Ep_r: 44.52 | t_so_far: {33021} | epsilon: 0.994 max: 45.797062918178604
Ep: 875 | Ep_r: 44.84 | t_so_far: {33071} | epsilon: 0.994 max: 45.797062918178604
Ep: 876 | Ep_r: 44.81 | t_so_far: {33121} | epsilon: 0.995 max: 45.797062918178604
Ep: 877 | Ep_r: 41.51 | t_so_far: {33154} | epsilon: 0.995 max: 45.797062918178604
Ep: 878 | Ep_r: 42.42 | t_so_far: {33204} | epsilon: 0.995 max: 45.797062918178604
Ep: 879 | Ep_r: 40.14 | t_so_far: {33241} | epsilon: 0.995 max: 45.797062918178604
Ep: 880 | Ep_r: 34.83 | t_so_far: {33257} | epsilon: 0.995 max: 45.797062918178604
Ep: 881 | Ep_r: 37.56 | t_so_far: {33307} | epsilon: 0.995 max: 45.797062918178604
Ep: 882 | Ep_r: 39.31 | t_so_far: {33357} | epsilon: 0.995 max: 45.797062918178604
Ep: 883 | Ep_r: 41.0 | t_so_far: {33407} | epsilon: 0.995 max: 45.797062918178604
Ep: 884 | Ep_r: 42.55 | t_so_far: {33457} | epsilon: 0.995 max: 45.797062918178604
Ep: 885 | Ep_r: 42.79 | t_so_far: {33507} | epsilon: 0.995 max: 45.797062918178604
Ep: 886 | Ep_r: 43.83 | t_so_far: {33557} | epsilon: 0.995 max: 45.797062918178604
Ep: 887 | Ep_r: 44.59 | t_so_far: {33607} | epsilon: 0.995 max: 45.797062918178604
Ep: 888 | Ep_r: 45.48 | t_so_far: {33657} | epsilon: 0.995 max: 45.797062918178604
Ep: 889 | Ep_r: 45.7 | t_so_far: {33707} | epsilon: 0.995 max: 45.797062918178604
Ep: 890 | Ep_r: 45.99 | t_so_far: {33757} | epsilon: 0.995 max: 45.98802908066557
Ep: 891 | Ep_r: 45.44 | t_so_far: {33807} | epsilon: 0.995 max: 45.98802908066557
Ep: 892 | Ep_r: 44.26 | t_so_far: {33850} | epsilon: 0.995 max: 45.98802908066557
Ep: 893 | Ep_r: 44.91 | t_so_far: {33900} | epsilon: 0.995 max: 45.98802908066557
Ep: 894 | Ep_r: 45.15 | t_so_far: {33950} | epsilon: 0.995 max: 45.98802908066557
Ep: 895 | Ep_r: 45.54 | t_so_far: {34000} | epsilon: 0.995 max: 45.98802908066557
Ep: 896 | Ep_r: 45.74 | t_so_far: {34050} | epsilon: 0.995 max: 45.98802908066557
Ep: 897 | Ep_r: 45.76 | t_so_far: {34100} | epsilon: 0.995 max: 45.98802908066557
Ep: 898 | Ep_r: 46.22 | t_so_far: {34150} | epsilon: 0.995 max: 46.21598720830019
Ep: 899 | Ep_r: 46.1 | t_so_far: {34200} | epsilon: 0.995 max: 46.21598720830019
Ep: 900 | Ep_r: 43.07 | t_so_far: {34233} | epsilon: 0.995 max: 46.21598720830019
Ep: 901 | Ep_r: 44.22 | t_so_far: {34283} | epsilon: 0.995 max: 46.21598720830019
Ep: 902 | Ep_r: 44.75 | t_so_far: {34333} | epsilon: 0.995 max: 46.21598720830019
Ep: 903 | Ep_r: 45.17 | t_so_far: {34383} | epsilon: 0.995 max: 46.21598720830019
Ep: 904 | Ep_r: 45.46 | t_so_far: {34433} | epsilon: 0.995 max: 46.21598720830019
Ep: 905 | Ep_r: 45.75 | t_so_far: {34483} | epsilon: 0.995 max: 46.21598720830019
Ep: 906 | Ep_r: 45.07 | t_so_far: {34533} | epsilon: 0.995 max: 46.21598720830019
Ep: 907 | Ep_r: 45.21 | t_so_far: {34583} | epsilon: 0.995 max: 46.21598720830019
Ep: 908 | Ep_r: 45.43 | t_so_far: {34633} | epsilon: 0.995 max: 46.21598720830019
Ep: 909 | Ep_r: 45.99 | t_so_far: {34683} | epsilon: 0.996 max: 46.21598720830019
Ep: 910 | Ep_r: 45.29 | t_so_far: {34733} | epsilon: 0.996 max: 46.21598720830019
Ep: 911 | Ep_r: 45.15 | t_so_far: {34783} | epsilon: 0.996 max: 46.21598720830019
Ep: 912 | Ep_r: 44.94 | t_so_far: {34833} | epsilon: 0.996 max: 46.21598720830019
Ep: 913 | Ep_r: 45.05 | t_so_far: {34883} | epsilon: 0.996 max: 46.21598720830019
Ep: 914 | Ep_r: 45.65 | t_so_far: {34933} | epsilon: 0.996 max: 46.21598720830019
Ep: 915 | Ep_r: 46.09 | t_so_far: {34983} | epsilon: 0.996 max: 46.21598720830019
Ep: 916 | Ep_r: 46.6 | t_so_far: {35033} | epsilon: 0.996 max: 46.60392989081409
Ep: 917 | Ep_r: 46.9 | t_so_far: {35083} | epsilon: 0.996 max: 46.90079097147479
Ep: 918 | Ep_r: 46.62 | t_so_far: {35133} | epsilon: 0.996 max: 46.90079097147479
Ep: 919 | Ep_r: 46.03 | t_so_far: {35183} | epsilon: 0.996 max: 46.90079097147479
Ep: 920 | Ep_r: 46.3 | t_so_far: {35233} | epsilon: 0.996 max: 46.90079097147479
Ep: 921 | Ep_r: 45.94 | t_so_far: {35283} | epsilon: 0.996 max: 46.90079097147479
Ep: 922 | Ep_r: 45.41 | t_so_far: {35333} | epsilon: 0.996 max: 46.90079097147479
Ep: 923 | Ep_r: 43.74 | t_so_far: {35377} | epsilon: 0.996 max: 46.90079097147479
Ep: 924 | Ep_r: 39.37 | t_so_far: {35400} | epsilon: 0.996 max: 46.90079097147479
Ep: 925 | Ep_r: 33.38 | t_so_far: {35412} | epsilon: 0.996 max: 46.90079097147479
Ep: 926 | Ep_r: 35.45 | t_so_far: {35462} | epsilon: 0.996 max: 46.90079097147479
Ep: 927 | Ep_r: 36.8 | t_so_far: {35512} | epsilon: 0.996 max: 46.90079097147479
Ep: 928 | Ep_r: 38.97 | t_so_far: {35562} | epsilon: 0.996 max: 46.90079097147479
Ep: 929 | Ep_r: 40.85 | t_so_far: {35612} | epsilon: 0.996 max: 46.90079097147479
Ep: 930 | Ep_r: 42.07 | t_so_far: {35662} | epsilon: 0.996 max: 46.90079097147479
Ep: 931 | Ep_r: 42.54 | t_so_far: {35711} | epsilon: 0.996 max: 46.90079097147479
Ep: 932 | Ep_r: 43.29 | t_so_far: {35761} | epsilon: 0.996 max: 46.90079097147479
Ep: 933 | Ep_r: 43.32 | t_so_far: {35811} | epsilon: 0.996 max: 46.90079097147479
Ep: 934 | Ep_r: 43.92 | t_so_far: {35861} | epsilon: 0.996 max: 46.90079097147479
Ep: 935 | Ep_r: 44.38 | t_so_far: {35911} | epsilon: 0.996 max: 46.90079097147479
Ep: 936 | Ep_r: 44.72 | t_so_far: {35961} | epsilon: 0.996 max: 46.90079097147479
Ep: 937 | Ep_r: 44.19 | t_so_far: {36011} | epsilon: 0.996 max: 46.90079097147479
Ep: 938 | Ep_r: 42.24 | t_so_far: {36049} | epsilon: 0.996 max: 46.90079097147479
Ep: 939 | Ep_r: 43.32 | t_so_far: {36099} | epsilon: 0.996 max: 46.90079097147479
Ep: 940 | Ep_r: 44.22 | t_so_far: {36149} | epsilon: 0.996 max: 46.90079097147479
Ep: 941 | Ep_r: 45.07 | t_so_far: {36199} | epsilon: 0.996 max: 46.90079097147479
Ep: 942 | Ep_r: 45.11 | t_so_far: {36249} | epsilon: 0.996 max: 46.90079097147479
Ep: 943 | Ep_r: 44.8 | t_so_far: {36299} | epsilon: 0.996 max: 46.90079097147479
Ep: 944 | Ep_r: 41.78 | t_so_far: {36335} | epsilon: 0.996 max: 46.90079097147479
Ep: 945 | Ep_r: 42.01 | t_so_far: {36385} | epsilon: 0.996 max: 46.90079097147479
Ep: 946 | Ep_r: 43.01 | t_so_far: {36435} | epsilon: 0.996 max: 46.90079097147479
Ep: 947 | Ep_r: 43.91 | t_so_far: {36485} | epsilon: 0.996 max: 46.90079097147479
Ep: 948 | Ep_r: 42.97 | t_so_far: {36530} | epsilon: 0.996 max: 46.90079097147479
Ep: 949 | Ep_r: 42.68 | t_so_far: {36580} | epsilon: 0.996 max: 46.90079097147479
Ep: 950 | Ep_r: 34.57 | t_so_far: {36583} | epsilon: 0.996 max: 46.90079097147479
Ep: 951 | Ep_r: 36.65 | t_so_far: {36633} | epsilon: 0.996 max: 46.90079097147479
Ep: 952 | Ep_r: 38.78 | t_so_far: {36683} | epsilon: 0.996 max: 46.90079097147479
Ep: 953 | Ep_r: 38.13 | t_so_far: {36724} | epsilon: 0.996 max: 46.90079097147479
Ep: 954 | Ep_r: 39.41 | t_so_far: {36774} | epsilon: 0.996 max: 46.90079097147479
Ep: 955 | Ep_r: 40.84 | t_so_far: {36824} | epsilon: 0.997 max: 46.90079097147479
Ep: 956 | Ep_r: 40.91 | t_so_far: {36868} | epsilon: 0.997 max: 46.90079097147479
Ep: 957 | Ep_r: 42.26 | t_so_far: {36918} | epsilon: 0.997 max: 46.90079097147479
Ep: 958 | Ep_r: 42.83 | t_so_far: {36968} | epsilon: 0.997 max: 46.90079097147479
Ep: 959 | Ep_r: 43.14 | t_so_far: {37018} | epsilon: 0.997 max: 46.90079097147479
Ep: 960 | Ep_r: 43.03 | t_so_far: {37068} | epsilon: 0.997 max: 46.90079097147479
Ep: 961 | Ep_r: 42.86 | t_so_far: {37117} | epsilon: 0.997 max: 46.90079097147479
Ep: 962 | Ep_r: 43.46 | t_so_far: {37167} | epsilon: 0.997 max: 46.90079097147479
Ep: 963 | Ep_r: 38.29 | t_so_far: {37189} | epsilon: 0.997 max: 46.90079097147479
Ep: 964 | Ep_r: 39.45 | t_so_far: {37239} | epsilon: 0.997 max: 46.90079097147479
Ep: 965 | Ep_r: 40.78 | t_so_far: {37289} | epsilon: 0.997 max: 46.90079097147479
Ep: 966 | Ep_r: 38.44 | t_so_far: {37322} | epsilon: 0.997 max: 46.90079097147479
Ep: 967 | Ep_r: 40.25 | t_so_far: {37372} | epsilon: 0.997 max: 46.90079097147479
Ep: 968 | Ep_r: 41.56 | t_so_far: {37422} | epsilon: 0.997 max: 46.90079097147479
Ep: 969 | Ep_r: 41.9 | t_so_far: {37472} | epsilon: 0.997 max: 46.90079097147479
Ep: 970 | Ep_r: 41.62 | t_so_far: {37522} | epsilon: 0.997 max: 46.90079097147479
Ep: 971 | Ep_r: 42.45 | t_so_far: {37572} | epsilon: 0.997 max: 46.90079097147479
Ep: 972 | Ep_r: 39.52 | t_so_far: {37603} | epsilon: 0.997 max: 46.90079097147479
Ep: 973 | Ep_r: 40.57 | t_so_far: {37653} | epsilon: 0.997 max: 46.90079097147479
Ep: 974 | Ep_r: 40.96 | t_so_far: {37703} | epsilon: 0.997 max: 46.90079097147479
Ep: 975 | Ep_r: 42.08 | t_so_far: {37753} | epsilon: 0.997 max: 46.90079097147479
Ep: 976 | Ep_r: 42.98 | t_so_far: {37803} | epsilon: 0.997 max: 46.90079097147479
Ep: 977 | Ep_r: 43.39 | t_so_far: {37851} | epsilon: 0.997 max: 46.90079097147479
Ep: 978 | Ep_r: 43.74 | t_so_far: {37901} | epsilon: 0.997 max: 46.90079097147479
Ep: 979 | Ep_r: 43.91 | t_so_far: {37951} | epsilon: 0.997 max: 46.90079097147479
Ep: 980 | Ep_r: 40.23 | t_so_far: {37978} | epsilon: 0.997 max: 46.90079097147479
Ep: 981 | Ep_r: 41.44 | t_so_far: {38028} | epsilon: 0.997 max: 46.90079097147479
Ep: 982 | Ep_r: 42.6 | t_so_far: {38078} | epsilon: 0.997 max: 46.90079097147479
Ep: 983 | Ep_r: 42.48 | t_so_far: {38128} | epsilon: 0.997 max: 46.90079097147479
Ep: 984 | Ep_r: 42.54 | t_so_far: {38178} | epsilon: 0.997 max: 46.90079097147479
Ep: 985 | Ep_r: 43.63 | t_so_far: {38228} | epsilon: 0.997 max: 46.90079097147479
Ep: 986 | Ep_r: 38.65 | t_so_far: {38249} | epsilon: 0.997 max: 46.90079097147479
Ep: 987 | Ep_r: 38.74 | t_so_far: {38299} | epsilon: 0.997 max: 46.90079097147479
Ep: 988 | Ep_r: 38.92 | t_so_far: {38344} | epsilon: 0.997 max: 46.90079097147479
Ep: 989 | Ep_r: 40.12 | t_so_far: {38394} | epsilon: 0.997 max: 46.90079097147479
Ep: 990 | Ep_r: 41.75 | t_so_far: {38444} | epsilon: 0.997 max: 46.90079097147479
Ep: 991 | Ep_r: 41.67 | t_so_far: {38494} | epsilon: 0.997 max: 46.90079097147479
Ep: 992 | Ep_r: 42.35 | t_so_far: {38544} | epsilon: 0.997 max: 46.90079097147479
Ep: 993 | Ep_r: 43.33 | t_so_far: {38594} | epsilon: 0.997 max: 46.90079097147479
Ep: 994 | Ep_r: 44.09 | t_so_far: {38644} | epsilon: 0.997 max: 46.90079097147479
Ep: 995 | Ep_r: 44.42 | t_so_far: {38694} | epsilon: 0.997 max: 46.90079097147479
Ep: 996 | Ep_r: 45.18 | t_so_far: {38744} | epsilon: 0.997 max: 46.90079097147479
Ep: 997 | Ep_r: 45.56 | t_so_far: {38794} | epsilon: 0.997 max: 46.90079097147479
Ep: 998 | Ep_r: 43.35 | t_so_far: {38832} | epsilon: 0.997 max: 46.90079097147479
Ep: 999 | Ep_r: 41.34 | t_so_far: {38869} | epsilon: 0.997 max: 46.90079097147479
Ep: 1000 | Ep_r: 42.3 | t_so_far: {38919} | epsilon: 0.997 max: 46.90079097147479
pygame 2.1.0 (SDL 2.0.16, Python 3.8.0)
Hello from the pygame community. https://www.pygame.org/contribute.html
usage: agent.py [-h] [--mode {train,test}]
                [--input {image,vector,image_attention,vector_attention,multi_attention}]
                [--file_name FILE_NAME] [--episode_num EPISODE_NUM]
                [--epsilon_decay EPSILON_DECAY] [--seed SEED] [--gpu GPU]
                [--add_dueling] [--double] [--right_r RIGHT_R]
                [--highspeed_r HIGHSPEED_R] [--normal] [--absolute]
                [--model_ep MODEL_EP]
agent.py: error: unrecognized arguments: --test
pygame 2.1.0 (SDL 2.0.16, Python 3.8.0)
Hello from the pygame community. https://www.pygame.org/contribute.html
Successfully set seed to 2
MultiAttentionNetwork(
  (features): Sequential(
    (0): Conv2d(4, 32, kernel_size=(8, 8), stride=(4, 4))
    (1): ReLU()
    (2): Conv2d(32, 64, kernel_size=(4, 4), stride=(2, 2))
    (3): ReLU()
    (4): Conv2d(64, 64, kernel_size=(3, 3), stride=(1, 1))
    (5): ReLU()
  )
  (attention): NONLocalBlock2D(
    (g): Conv2d(64, 32, kernel_size=(1, 1), stride=(1, 1))
    (W): Conv2d(32, 64, kernel_size=(1, 1), stride=(1, 1))
    (theta): Conv2d(64, 32, kernel_size=(1, 1), stride=(1, 1))
    (phi): Conv2d(64, 32, kernel_size=(1, 1), stride=(1, 1))
  )
  (advantage): Sequential(
    (0): Linear(in_features=68224, out_features=512, bias=True)
    (1): ReLU()
    (2): Linear(in_features=512, out_features=5, bias=True)
  )
  (value): Sequential(
    (0): Linear(in_features=68224, out_features=512, bias=True)
    (1): ReLU()
    (2): Linear(in_features=512, out_features=1, bias=True)
  )
  (output): None
  (ego_embedding): Sequential(
    (0): Linear(in_features=7, out_features=64, bias=True)
    (1): ReLU()
    (2): Linear(in_features=64, out_features=64, bias=True)
    (3): ReLU()
  )
  (others_embedding): Sequential(
    (0): Linear(in_features=7, out_features=64, bias=True)
    (1): ReLU()
    (2): Linear(in_features=64, out_features=64, bias=True)
    (3): ReLU()
  )
  (attention_layer): EgoAttetion(
    (value_all): Linear(in_features=64, out_features=64, bias=False)
    (key_all): Linear(in_features=64, out_features=64, bias=False)
    (query_ego): Linear(in_features=64, out_features=64, bias=False)
    (attention_combine): Linear(in_features=64, out_features=64, bias=False)
  )
  (decoder): Sequential(
    (0): Linear(in_features=64, out_features=64, bias=True)
    (1): ReLU()
    (2): Linear(in_features=64, out_features=64, bias=True)
    (3): ReLU()
  )
)
====================================
Model has been loaded...
====================================
./agent.py:220: UserWarning: Creating a tensor from a list of numpy.ndarrays is extremely slow. Please consider converting the list to a single numpy.ndarray with numpy.array() before converting to a tensor. (Triggered internally at  /opt/conda/conda-bld/pytorch_1646755903507/work/torch/csrc/utils/tensor_new.cpp:210.)
  return (torch.tensor([state['kinematics']], dtype=torch.float), state_image)
step: 8, ep_reward: 7.133333333333334
step: 49, ep_reward: 43.166666666666664
step: 49, ep_reward: 48.099999999999994
step: 49, ep_reward: 47.233333333333306
step: 49, ep_reward: 47.19999999999999
step: 49, ep_reward: 46.9666666666667
step: 33, ep_reward: 30.233333333333327
step: 17, ep_reward: 15.366666666666667
step: 23, ep_reward: 21.466666666666658
step: 40, ep_reward: 35.13333333333335
pygame 2.1.0 (SDL 2.0.16, Python 3.8.0)
Hello from the pygame community. https://www.pygame.org/contribute.html
Successfully set seed to 2
MultiAttentionNetwork(
  (features): Sequential(
    (0): Conv2d(4, 32, kernel_size=(8, 8), stride=(4, 4))
    (1): ReLU()
    (2): Conv2d(32, 64, kernel_size=(4, 4), stride=(2, 2))
    (3): ReLU()
    (4): Conv2d(64, 64, kernel_size=(3, 3), stride=(1, 1))
    (5): ReLU()
  )
  (attention): NONLocalBlock2D(
    (g): Conv2d(64, 32, kernel_size=(1, 1), stride=(1, 1))
    (W): Conv2d(32, 64, kernel_size=(1, 1), stride=(1, 1))
    (theta): Conv2d(64, 32, kernel_size=(1, 1), stride=(1, 1))
    (phi): Conv2d(64, 32, kernel_size=(1, 1), stride=(1, 1))
  )
  (advantage): Sequential(
    (0): Linear(in_features=68224, out_features=512, bias=True)
    (1): ReLU()
    (2): Linear(in_features=512, out_features=5, bias=True)
  )
  (value): Sequential(
    (0): Linear(in_features=68224, out_features=512, bias=True)
    (1): ReLU()
    (2): Linear(in_features=512, out_features=1, bias=True)
  )
  (output): None
  (ego_embedding): Sequential(
    (0): Linear(in_features=7, out_features=64, bias=True)
    (1): ReLU()
    (2): Linear(in_features=64, out_features=64, bias=True)
    (3): ReLU()
  )
  (others_embedding): Sequential(
    (0): Linear(in_features=7, out_features=64, bias=True)
    (1): ReLU()
    (2): Linear(in_features=64, out_features=64, bias=True)
    (3): ReLU()
  )
  (attention_layer): EgoAttetion(
    (value_all): Linear(in_features=64, out_features=64, bias=False)
    (key_all): Linear(in_features=64, out_features=64, bias=False)
    (query_ego): Linear(in_features=64, out_features=64, bias=False)
    (attention_combine): Linear(in_features=64, out_features=64, bias=False)
  )
  (decoder): Sequential(
    (0): Linear(in_features=64, out_features=64, bias=True)
    (1): ReLU()
    (2): Linear(in_features=64, out_features=64, bias=True)
    (3): ReLU()
  )
)
====================================
Model has been loaded...
====================================
./agent.py:220: UserWarning: Creating a tensor from a list of numpy.ndarrays is extremely slow. Please consider converting the list to a single numpy.ndarray with numpy.array() before converting to a tensor. (Triggered internally at  /opt/conda/conda-bld/pytorch_1646755903507/work/torch/csrc/utils/tensor_new.cpp:210.)
  return (torch.tensor([state['kinematics']], dtype=torch.float), state_image)
step: 49, ep_reward: 43.599999999999994
step: 49, ep_reward: 45.833333333333364
step: 49, ep_reward: 44.89999999999994
step: 49, ep_reward: 45.63333333333333
step: 40, ep_reward: 37.56666666666668
step: 49, ep_reward: 46.766666666666616
step: 44, ep_reward: 41.53333333333334
step: 49, ep_reward: 48.06666666666668
step: 49, ep_reward: 45.56666666666669
step: 49, ep_reward: 47.53333333333331
