pygame 2.1.0 (SDL 2.0.16, Python 3.8.0)
Hello from the pygame community. https://www.pygame.org/contribute.html
Successfully set seed to 2
MultiAttentionNetwork(
  (features): Sequential(
    (0): Conv2d(4, 32, kernel_size=(8, 8), stride=(4, 4))
    (1): ReLU()
    (2): Conv2d(32, 64, kernel_size=(4, 4), stride=(2, 2))
    (3): ReLU()
    (4): Conv2d(64, 64, kernel_size=(3, 3), stride=(1, 1))
    (5): ReLU()
  )
  (attention): NONLocalBlock2D(
    (g): Conv2d(64, 32, kernel_size=(1, 1), stride=(1, 1))
    (W): Conv2d(32, 64, kernel_size=(1, 1), stride=(1, 1))
    (theta): Conv2d(64, 32, kernel_size=(1, 1), stride=(1, 1))
    (phi): Conv2d(64, 32, kernel_size=(1, 1), stride=(1, 1))
  )
  (advantage): Sequential(
    (0): Linear(in_features=68224, out_features=512, bias=True)
    (1): ReLU()
    (2): Linear(in_features=512, out_features=5, bias=True)
  )
  (value): Sequential(
    (0): Linear(in_features=68224, out_features=512, bias=True)
    (1): ReLU()
    (2): Linear(in_features=512, out_features=1, bias=True)
  )
  (output): None
  (ego_embedding): Sequential(
    (0): Linear(in_features=7, out_features=64, bias=True)
    (1): ReLU()
    (2): Linear(in_features=64, out_features=64, bias=True)
    (3): ReLU()
  )
  (others_embedding): Sequential(
    (0): Linear(in_features=7, out_features=64, bias=True)
    (1): ReLU()
    (2): Linear(in_features=64, out_features=64, bias=True)
    (3): ReLU()
  )
  (attention_layer): EgoAttetion(
    (value_all): Linear(in_features=64, out_features=64, bias=False)
    (key_all): Linear(in_features=64, out_features=64, bias=False)
    (query_ego): Linear(in_features=64, out_features=64, bias=False)
    (attention_combine): Linear(in_features=64, out_features=64, bias=False)
  )
  (decoder): Sequential(
    (0): Linear(in_features=64, out_features=64, bias=True)
    (1): ReLU()
    (2): Linear(in_features=64, out_features=64, bias=True)
    (3): ReLU()
  )
)
./agent.py:220: UserWarning: Creating a tensor from a list of numpy.ndarrays is extremely slow. Please consider converting the list to a single numpy.ndarray with numpy.array() before converting to a tensor. (Triggered internally at  /opt/conda/conda-bld/pytorch_1646755903507/work/torch/csrc/utils/tensor_new.cpp:210.)
  return (torch.tensor([state['kinematics']], dtype=torch.float), state_image)
Ep: 0 | Ep_r: 39.67 | t_so_far: {50} | epsilon: 0.107 max: 39.666666666666686
Ep: 1 | Ep_r: 37.22 | t_so_far: {87} | epsilon: 0.112 max: 39.666666666666686
Ep: 2 | Ep_r: 30.84 | t_so_far: {94} | epsilon: 0.113 max: 39.666666666666686
Ep: 3 | Ep_r: 25.92 | t_so_far: {102} | epsilon: 0.114 max: 39.666666666666686
Ep: 4 | Ep_r: 22.4 | t_so_far: {114} | epsilon: 0.116 max: 39.666666666666686
Ep: 5 | Ep_r: 18.74 | t_so_far: {119} | epsilon: 0.117 max: 39.666666666666686
Ep: 6 | Ep_r: 18.22 | t_so_far: {137} | epsilon: 0.119 max: 39.666666666666686
Ep: 7 | Ep_r: 15.22 | t_so_far: {141} | epsilon: 0.12 max: 39.666666666666686
Ep: 8 | Ep_r: 12.46 | t_so_far: {143} | epsilon: 0.12 max: 39.666666666666686
Ep: 9 | Ep_r: 10.97 | t_so_far: {149} | epsilon: 0.121 max: 39.666666666666686
Ep: 10 | Ep_r: 14.58 | t_so_far: {187} | epsilon: 0.126 max: 39.666666666666686
Ep: 11 | Ep_r: 12.97 | t_so_far: {195} | epsilon: 0.127 max: 39.666666666666686
Ep: 12 | Ep_r: 17.78 | t_so_far: {245} | epsilon: 0.134 max: 39.666666666666686
Ep: 13 | Ep_r: 16.71 | t_so_far: {260} | epsilon: 0.136 max: 39.666666666666686
Ep: 14 | Ep_r: 15.32 | t_so_far: {274} | epsilon: 0.138 max: 39.666666666666686
Ep: 15 | Ep_r: 13.99 | t_so_far: {285} | epsilon: 0.14 max: 39.666666666666686
Ep: 16 | Ep_r: 12.13 | t_so_far: {291} | epsilon: 0.141 max: 39.666666666666686
Ep: 17 | Ep_r: 14.75 | t_so_far: {322} | epsilon: 0.145 max: 39.666666666666686
Ep: 18 | Ep_r: 15.31 | t_so_far: {342} | epsilon: 0.148 max: 39.666666666666686
Ep: 19 | Ep_r: 14.29 | t_so_far: {354} | epsilon: 0.149 max: 39.666666666666686
Ep: 20 | Ep_r: 17.97 | t_so_far: {393} | epsilon: 0.155 max: 39.666666666666686
Ep: 21 | Ep_r: 17.55 | t_so_far: {413} | epsilon: 0.157 max: 39.666666666666686
Ep: 22 | Ep_r: 17.62 | t_so_far: {435} | epsilon: 0.16 max: 39.666666666666686
Ep: 23 | Ep_r: 21.67 | t_so_far: {485} | epsilon: 0.167 max: 39.666666666666686
Ep: 24 | Ep_r: 19.76 | t_so_far: {499} | epsilon: 0.169 max: 39.666666666666686
Ep: 25 | Ep_r: 16.81 | t_so_far: {505} | epsilon: 0.17 max: 39.666666666666686
Ep: 26 | Ep_r: 17.2 | t_so_far: {527} | epsilon: 0.173 max: 39.666666666666686
Ep: 27 | Ep_r: 20.32 | t_so_far: {568} | epsilon: 0.178 max: 39.666666666666686
Ep: 28 | Ep_r: 18.08 | t_so_far: {581} | epsilon: 0.18 max: 39.666666666666686
Ep: 29 | Ep_r: 21.97 | t_so_far: {631} | epsilon: 0.186 max: 39.666666666666686
Ep: 30 | Ep_r: 20.11 | t_so_far: {648} | epsilon: 0.188 max: 39.666666666666686
Ep: 31 | Ep_r: 23.89 | t_so_far: {695} | epsilon: 0.194 max: 39.666666666666686
Ep: 32 | Ep_r: 21.98 | t_so_far: {715} | epsilon: 0.197 max: 39.666666666666686
Ep: 33 | Ep_r: 23.94 | t_so_far: {754} | epsilon: 0.202 max: 39.666666666666686
Ep: 34 | Ep_r: 27.39 | t_so_far: {804} | epsilon: 0.208 max: 39.666666666666686
Ep: 35 | Ep_r: 22.52 | t_so_far: {808} | epsilon: 0.209 max: 39.666666666666686
Ep: 36 | Ep_r: 25.99 | t_so_far: {858} | epsilon: 0.215 max: 39.666666666666686
Ep: 37 | Ep_r: 24.55 | t_so_far: {881} | epsilon: 0.218 max: 39.666666666666686
Ep: 38 | Ep_r: 27.64 | t_so_far: {931} | epsilon: 0.224 max: 39.666666666666686
Ep: 39 | Ep_r: 30.62 | t_so_far: {981} | epsilon: 0.23 max: 39.666666666666686
Ep: 40 | Ep_r: 26.92 | t_so_far: {995} | epsilon: 0.232 max: 39.666666666666686
Ep: 41 | Ep_r: 25.0 | t_so_far: {1019} | epsilon: 0.235 max: 39.666666666666686
Ep: 42 | Ep_r: 20.8 | t_so_far: {1025} | epsilon: 0.236 max: 39.666666666666686
Ep: 43 | Ep_r: 24.73 | t_so_far: {1075} | epsilon: 0.242 max: 39.666666666666686
Ep: 44 | Ep_r: 27.83 | t_so_far: {1125} | epsilon: 0.248 max: 39.666666666666686
Ep: 45 | Ep_r: 29.84 | t_so_far: {1175} | epsilon: 0.254 max: 39.666666666666686
Ep: 46 | Ep_r: 30.74 | t_so_far: {1219} | epsilon: 0.259 max: 39.666666666666686
Ep: 47 | Ep_r: 32.08 | t_so_far: {1269} | epsilon: 0.265 max: 39.666666666666686
Ep: 48 | Ep_r: 28.06 | t_so_far: {1283} | epsilon: 0.267 max: 39.666666666666686
Ep: 49 | Ep_r: 27.67 | t_so_far: {1315} | epsilon: 0.27 max: 39.666666666666686
Ep: 50 | Ep_r: 23.83 | t_so_far: {1325} | epsilon: 0.272 max: 39.666666666666686
Ep: 51 | Ep_r: 20.66 | t_so_far: {1334} | epsilon: 0.273 max: 39.666666666666686
Ep: 52 | Ep_r: 24.4 | t_so_far: {1384} | epsilon: 0.278 max: 39.666666666666686
Ep: 53 | Ep_r: 27.92 | t_so_far: {1434} | epsilon: 0.284 max: 39.666666666666686
Ep: 54 | Ep_r: 30.18 | t_so_far: {1484} | epsilon: 0.29 max: 39.666666666666686
Ep: 55 | Ep_r: 32.7 | t_so_far: {1534} | epsilon: 0.296 max: 39.666666666666686
Ep: 56 | Ep_r: 34.25 | t_so_far: {1584} | epsilon: 0.301 max: 39.666666666666686
Ep: 57 | Ep_r: 29.78 | t_so_far: {1599} | epsilon: 0.303 max: 39.666666666666686
Ep: 58 | Ep_r: 31.6 | t_so_far: {1649} | epsilon: 0.308 max: 39.666666666666686
Ep: 59 | Ep_r: 29.23 | t_so_far: {1673} | epsilon: 0.311 max: 39.666666666666686
Ep: 60 | Ep_r: 28.74 | t_so_far: {1703} | epsilon: 0.314 max: 39.666666666666686
Ep: 61 | Ep_r: 28.71 | t_so_far: {1738} | epsilon: 0.318 max: 39.666666666666686
Ep: 62 | Ep_r: 31.16 | t_so_far: {1788} | epsilon: 0.324 max: 39.666666666666686
Ep: 63 | Ep_r: 29.75 | t_so_far: {1816} | epsilon: 0.327 max: 39.666666666666686
Ep: 64 | Ep_r: 31.54 | t_so_far: {1863} | epsilon: 0.332 max: 39.666666666666686
Ep: 65 | Ep_r: 33.21 | t_so_far: {1913} | epsilon: 0.337 max: 39.666666666666686
Ep: 66 | Ep_r: 34.52 | t_so_far: {1963} | epsilon: 0.342 max: 39.666666666666686
Ep: 67 | Ep_r: 33.84 | t_so_far: {1996} | epsilon: 0.346 max: 39.666666666666686
Ep: 68 | Ep_r: 35.38 | t_so_far: {2046} | epsilon: 0.351 max: 39.666666666666686
Ep: 69 | Ep_r: 36.37 | t_so_far: {2096} | epsilon: 0.356 max: 39.666666666666686
Ep: 70 | Ep_r: 36.65 | t_so_far: {2146} | epsilon: 0.361 max: 39.666666666666686
Ep: 71 | Ep_r: 37.68 | t_so_far: {2196} | epsilon: 0.366 max: 39.666666666666686
Ep: 72 | Ep_r: 37.63 | t_so_far: {2246} | epsilon: 0.371 max: 39.666666666666686
Ep: 73 | Ep_r: 36.77 | t_so_far: {2292} | epsilon: 0.376 max: 39.666666666666686
Ep: 74 | Ep_r: 34.33 | t_so_far: {2326} | epsilon: 0.379 max: 39.666666666666686
Ep: 75 | Ep_r: 34.42 | t_so_far: {2371} | epsilon: 0.384 max: 39.666666666666686
Ep: 76 | Ep_r: 34.93 | t_so_far: {2421} | epsilon: 0.389 max: 39.666666666666686
Ep: 77 | Ep_r: 35.75 | t_so_far: {2471} | epsilon: 0.393 max: 39.666666666666686
Ep: 78 | Ep_r: 37.6 | t_so_far: {2521} | epsilon: 0.398 max: 39.666666666666686
Ep: 79 | Ep_r: 31.23 | t_so_far: {2529} | epsilon: 0.399 max: 39.666666666666686
Ep: 80 | Ep_r: 27.9 | t_so_far: {2546} | epsilon: 0.401 max: 39.666666666666686
Ep: 81 | Ep_r: 24.21 | t_so_far: {2559} | epsilon: 0.402 max: 39.666666666666686
Ep: 82 | Ep_r: 25.12 | t_so_far: {2592} | epsilon: 0.405 max: 39.666666666666686
Ep: 83 | Ep_r: 28.1 | t_so_far: {2642} | epsilon: 0.41 max: 39.666666666666686
Ep: 84 | Ep_r: 30.7 | t_so_far: {2692} | epsilon: 0.415 max: 39.666666666666686
Ep: 85 | Ep_r: 28.67 | t_so_far: {2716} | epsilon: 0.417 max: 39.666666666666686
Ep: 86 | Ep_r: 26.36 | t_so_far: {2736} | epsilon: 0.419 max: 39.666666666666686
Ep: 87 | Ep_r: 23.95 | t_so_far: {2753} | epsilon: 0.42 max: 39.666666666666686
Ep: 88 | Ep_r: 27.63 | t_so_far: {2803} | epsilon: 0.425 max: 39.666666666666686
Ep: 89 | Ep_r: 23.73 | t_so_far: {2812} | epsilon: 0.426 max: 39.666666666666686
Ep: 90 | Ep_r: 26.07 | t_so_far: {2862} | epsilon: 0.43 max: 39.666666666666686
Ep: 91 | Ep_r: 29.63 | t_so_far: {2912} | epsilon: 0.435 max: 39.666666666666686
Ep: 92 | Ep_r: 31.91 | t_so_far: {2962} | epsilon: 0.439 max: 39.666666666666686
Ep: 93 | Ep_r: 33.93 | t_so_far: {3012} | epsilon: 0.444 max: 39.666666666666686
Ep: 94 | Ep_r: 31.05 | t_so_far: {3035} | epsilon: 0.446 max: 39.666666666666686
Ep: 95 | Ep_r: 25.64 | t_so_far: {3041} | epsilon: 0.446 max: 39.666666666666686
Ep: 96 | Ep_r: 28.42 | t_so_far: {3091} | epsilon: 0.451 max: 39.666666666666686
Ep: 97 | Ep_r: 30.63 | t_so_far: {3141} | epsilon: 0.455 max: 39.666666666666686
Ep: 98 | Ep_r: 29.77 | t_so_far: {3172} | epsilon: 0.458 max: 39.666666666666686
Ep: 99 | Ep_r: 25.15 | t_so_far: {3181} | epsilon: 0.459 max: 39.666666666666686
Ep: 100 | Ep_r: 24.96 | t_so_far: {3211} | epsilon: 0.461 max: 39.666666666666686
Ep: 101 | Ep_r: 23.66 | t_so_far: {3234} | epsilon: 0.463 max: 39.666666666666686
Ep: 102 | Ep_r: 23.22 | t_so_far: {3258} | epsilon: 0.465 max: 39.666666666666686
Ep: 103 | Ep_r: 20.48 | t_so_far: {3269} | epsilon: 0.466 max: 39.666666666666686
Ep: 104 | Ep_r: 24.54 | t_so_far: {3319} | epsilon: 0.47 max: 39.666666666666686
Ep: 105 | Ep_r: 27.41 | t_so_far: {3369} | epsilon: 0.475 max: 39.666666666666686
Ep: 106 | Ep_r: 29.95 | t_so_far: {3418} | epsilon: 0.479 max: 39.666666666666686
Ep: 107 | Ep_r: 30.72 | t_so_far: {3459} | epsilon: 0.482 max: 39.666666666666686
Ep: 108 | Ep_r: 27.75 | t_so_far: {3476} | epsilon: 0.483 max: 39.666666666666686
Ep: 109 | Ep_r: 30.71 | t_so_far: {3526} | epsilon: 0.488 max: 39.666666666666686
Ep: 110 | Ep_r: 32.64 | t_so_far: {3576} | epsilon: 0.492 max: 39.666666666666686
Ep: 111 | Ep_r: 28.62 | t_so_far: {3591} | epsilon: 0.493 max: 39.666666666666686
Ep: 112 | Ep_r: 28.54 | t_so_far: {3622} | epsilon: 0.495 max: 39.666666666666686
Ep: 113 | Ep_r: 31.12 | t_so_far: {3672} | epsilon: 0.499 max: 39.666666666666686
Ep: 114 | Ep_r: 25.25 | t_so_far: {3675} | epsilon: 0.5 max: 39.666666666666686
Ep: 115 | Ep_r: 24.38 | t_so_far: {3700} | epsilon: 0.502 max: 39.666666666666686
Ep: 116 | Ep_r: 20.97 | t_so_far: {3709} | epsilon: 0.502 max: 39.666666666666686
Ep: 117 | Ep_r: 25.47 | t_so_far: {3759} | epsilon: 0.506 max: 39.666666666666686
Ep: 118 | Ep_r: 26.31 | t_so_far: {3795} | epsilon: 0.509 max: 39.666666666666686
Ep: 119 | Ep_r: 22.49 | t_so_far: {3805} | epsilon: 0.51 max: 39.666666666666686
Ep: 120 | Ep_r: 21.79 | t_so_far: {3827} | epsilon: 0.512 max: 39.666666666666686
Ep: 121 | Ep_r: 25.88 | t_so_far: {3877} | epsilon: 0.515 max: 39.666666666666686
Ep: 122 | Ep_r: 23.06 | t_so_far: {3890} | epsilon: 0.516 max: 39.666666666666686
Ep: 123 | Ep_r: 26.82 | t_so_far: {3940} | epsilon: 0.52 max: 39.666666666666686
Ep: 124 | Ep_r: 24.35 | t_so_far: {3956} | epsilon: 0.522 max: 39.666666666666686
Ep: 125 | Ep_r: 21.94 | t_so_far: {3971} | epsilon: 0.523 max: 39.666666666666686
Ep: 126 | Ep_r: 26.07 | t_so_far: {4021} | epsilon: 0.526 max: 39.666666666666686
Ep: 127 | Ep_r: 26.34 | t_so_far: {4052} | epsilon: 0.529 max: 39.666666666666686
Ep: 128 | Ep_r: 27.25 | t_so_far: {4091} | epsilon: 0.532 max: 39.666666666666686
Ep: 129 | Ep_r: 26.47 | t_so_far: {4119} | epsilon: 0.534 max: 39.666666666666686
Ep: 130 | Ep_r: 29.75 | t_so_far: {4169} | epsilon: 0.538 max: 39.666666666666686
Ep: 131 | Ep_r: 32.34 | t_so_far: {4219} | epsilon: 0.541 max: 39.666666666666686
Ep: 132 | Ep_r: 34.89 | t_so_far: {4269} | epsilon: 0.545 max: 39.666666666666686
Ep: 133 | Ep_r: 36.07 | t_so_far: {4319} | epsilon: 0.548 max: 39.666666666666686
Ep: 134 | Ep_r: 36.14 | t_so_far: {4363} | epsilon: 0.552 max: 39.666666666666686
Ep: 135 | Ep_r: 34.58 | t_so_far: {4395} | epsilon: 0.554 max: 39.666666666666686
Ep: 136 | Ep_r: 34.35 | t_so_far: {4435} | epsilon: 0.557 max: 39.666666666666686
Ep: 137 | Ep_r: 29.06 | t_so_far: {4445} | epsilon: 0.557 max: 39.666666666666686
Ep: 138 | Ep_r: 32.65 | t_so_far: {4495} | epsilon: 0.561 max: 39.666666666666686
Ep: 139 | Ep_r: 34.65 | t_so_far: {4545} | epsilon: 0.564 max: 39.666666666666686
Ep: 140 | Ep_r: 31.54 | t_so_far: {4568} | epsilon: 0.566 max: 39.666666666666686
Ep: 141 | Ep_r: 31.17 | t_so_far: {4604} | epsilon: 0.569 max: 39.666666666666686
Ep: 142 | Ep_r: 27.2 | t_so_far: {4617} | epsilon: 0.569 max: 39.666666666666686
Ep: 143 | Ep_r: 23.87 | t_so_far: {4630} | epsilon: 0.57 max: 39.666666666666686
Ep: 144 | Ep_r: 25.43 | t_so_far: {4666} | epsilon: 0.573 max: 39.666666666666686
Ep: 145 | Ep_r: 25.08 | t_so_far: {4694} | epsilon: 0.575 max: 39.666666666666686
Ep: 146 | Ep_r: 29.04 | t_so_far: {4744} | epsilon: 0.578 max: 39.666666666666686
Ep: 147 | Ep_r: 30.34 | t_so_far: {4785} | epsilon: 0.581 max: 39.666666666666686
Ep: 148 | Ep_r: 32.92 | t_so_far: {4835} | epsilon: 0.584 max: 39.666666666666686
Ep: 149 | Ep_r: 33.4 | t_so_far: {4876} | epsilon: 0.587 max: 39.666666666666686
Ep: 150 | Ep_r: 35.08 | t_so_far: {4926} | epsilon: 0.59 max: 39.666666666666686
Ep: 151 | Ep_r: 30.84 | t_so_far: {4941} | epsilon: 0.591 max: 39.666666666666686
Ep: 152 | Ep_r: 25.74 | t_so_far: {4949} | epsilon: 0.592 max: 39.666666666666686
Ep: 153 | Ep_r: 29.12 | t_so_far: {4999} | epsilon: 0.595 max: 39.666666666666686
Ep: 154 | Ep_r: 27.52 | t_so_far: {5022} | epsilon: 0.596 max: 39.666666666666686
Ep: 155 | Ep_r: 25.08 | t_so_far: {5041} | epsilon: 0.598 max: 39.666666666666686
Ep: 156 | Ep_r: 26.02 | t_so_far: {5075} | epsilon: 0.6 max: 39.666666666666686
Ep: 157 | Ep_r: 24.53 | t_so_far: {5096} | epsilon: 0.601 max: 39.666666666666686
Ep: 158 | Ep_r: 22.85 | t_so_far: {5115} | epsilon: 0.602 max: 39.666666666666686
Ep: 159 | Ep_r: 25.43 | t_so_far: {5155} | epsilon: 0.605 max: 39.666666666666686
Ep: 160 | Ep_r: 21.12 | t_so_far: {5161} | epsilon: 0.605 max: 39.666666666666686
Ep: 161 | Ep_r: 19.43 | t_so_far: {5176} | epsilon: 0.606 max: 39.666666666666686
Ep: 162 | Ep_r: 20.12 | t_so_far: {5203} | epsilon: 0.608 max: 39.666666666666686
Ep: 163 | Ep_r: 18.39 | t_so_far: {5217} | epsilon: 0.609 max: 39.666666666666686
Ep: 164 | Ep_r: 23.15 | t_so_far: {5267} | epsilon: 0.612 max: 39.666666666666686
Ep: 165 | Ep_r: 25.79 | t_so_far: {5312} | epsilon: 0.615 max: 39.666666666666686
Ep: 166 | Ep_r: 28.65 | t_so_far: {5358} | epsilon: 0.617 max: 39.666666666666686
Ep: 167 | Ep_r: 25.21 | t_so_far: {5371} | epsilon: 0.618 max: 39.666666666666686
Ep: 168 | Ep_r: 21.93 | t_so_far: {5381} | epsilon: 0.619 max: 39.666666666666686
Ep: 169 | Ep_r: 23.16 | t_so_far: {5414} | epsilon: 0.621 max: 39.666666666666686
Ep: 170 | Ep_r: 27.86 | t_so_far: {5464} | epsilon: 0.624 max: 39.666666666666686
Ep: 171 | Ep_r: 30.71 | t_so_far: {5514} | epsilon: 0.627 max: 39.666666666666686
Ep: 172 | Ep_r: 33.55 | t_so_far: {5564} | epsilon: 0.63 max: 39.666666666666686
Ep: 173 | Ep_r: 28.11 | t_so_far: {5573} | epsilon: 0.63 max: 39.666666666666686
Ep: 174 | Ep_r: 29.88 | t_so_far: {5617} | epsilon: 0.633 max: 39.666666666666686
Ep: 175 | Ep_r: 31.33 | t_so_far: {5661} | epsilon: 0.636 max: 39.666666666666686
Ep: 176 | Ep_r: 31.42 | t_so_far: {5702} | epsilon: 0.638 max: 39.666666666666686
Ep: 177 | Ep_r: 29.94 | t_so_far: {5730} | epsilon: 0.64 max: 39.666666666666686
Ep: 178 | Ep_r: 26.5 | t_so_far: {5744} | epsilon: 0.64 max: 39.666666666666686
Ep: 179 | Ep_r: 22.67 | t_so_far: {5753} | epsilon: 0.641 max: 39.666666666666686
Ep: 180 | Ep_r: 20.42 | t_so_far: {5766} | epsilon: 0.642 max: 39.666666666666686
Ep: 181 | Ep_r: 19.3 | t_so_far: {5783} | epsilon: 0.643 max: 39.666666666666686
Ep: 182 | Ep_r: 22.81 | t_so_far: {5824} | epsilon: 0.645 max: 39.666666666666686
Ep: 183 | Ep_r: 22.27 | t_so_far: {5847} | epsilon: 0.646 max: 39.666666666666686
Ep: 184 | Ep_r: 22.44 | t_so_far: {5874} | epsilon: 0.648 max: 39.666666666666686
Ep: 185 | Ep_r: 25.95 | t_so_far: {5918} | epsilon: 0.65 max: 39.666666666666686
Ep: 186 | Ep_r: 23.76 | t_so_far: {5936} | epsilon: 0.651 max: 39.666666666666686
Ep: 187 | Ep_r: 27.7 | t_so_far: {5986} | epsilon: 0.654 max: 39.666666666666686
Ep: 188 | Ep_r: 24.69 | t_so_far: {6001} | epsilon: 0.655 max: 39.666666666666686
Ep: 189 | Ep_r: 28.82 | t_so_far: {6051} | epsilon: 0.658 max: 39.666666666666686
Ep: 190 | Ep_r: 29.95 | t_so_far: {6090} | epsilon: 0.66 max: 39.666666666666686
Ep: 191 | Ep_r: 32.96 | t_so_far: {6140} | epsilon: 0.662 max: 39.666666666666686
Ep: 192 | Ep_r: 30.7 | t_so_far: {6163} | epsilon: 0.664 max: 39.666666666666686
Ep: 193 | Ep_r: 29.2 | t_so_far: {6189} | epsilon: 0.665 max: 39.666666666666686
Ep: 194 | Ep_r: 27.5 | t_so_far: {6213} | epsilon: 0.666 max: 39.666666666666686
Ep: 195 | Ep_r: 27.02 | t_so_far: {6242} | epsilon: 0.668 max: 39.666666666666686
Ep: 196 | Ep_r: 22.04 | t_so_far: {6245} | epsilon: 0.668 max: 39.666666666666686
Ep: 197 | Ep_r: 23.54 | t_so_far: {6279} | epsilon: 0.67 max: 39.666666666666686
Ep: 198 | Ep_r: 27.12 | t_so_far: {6329} | epsilon: 0.672 max: 39.666666666666686
Ep: 199 | Ep_r: 28.63 | t_so_far: {6367} | epsilon: 0.674 max: 39.666666666666686
Ep: 200 | Ep_r: 23.28 | t_so_far: {6370} | epsilon: 0.675 max: 39.666666666666686
Ep: 201 | Ep_r: 27.29 | t_so_far: {6420} | epsilon: 0.677 max: 39.666666666666686
Ep: 202 | Ep_r: 24.41 | t_so_far: {6434} | epsilon: 0.678 max: 39.666666666666686
Ep: 203 | Ep_r: 23.02 | t_so_far: {6453} | epsilon: 0.679 max: 39.666666666666686
Ep: 204 | Ep_r: 18.95 | t_so_far: {6457} | epsilon: 0.679 max: 39.666666666666686
Ep: 205 | Ep_r: 24.69 | t_so_far: {6507} | epsilon: 0.682 max: 39.666666666666686
Ep: 206 | Ep_r: 24.69 | t_so_far: {6537} | epsilon: 0.683 max: 39.666666666666686
Ep: 207 | Ep_r: 28.55 | t_so_far: {6587} | epsilon: 0.686 max: 39.666666666666686
Ep: 208 | Ep_r: 25.8 | t_so_far: {6603} | epsilon: 0.686 max: 39.666666666666686
Ep: 209 | Ep_r: 29.52 | t_so_far: {6653} | epsilon: 0.689 max: 39.666666666666686
Ep: 210 | Ep_r: 27.4 | t_so_far: {6673} | epsilon: 0.69 max: 39.666666666666686
Ep: 211 | Ep_r: 25.43 | t_so_far: {6692} | epsilon: 0.691 max: 39.666666666666686
Ep: 212 | Ep_r: 24.68 | t_so_far: {6716} | epsilon: 0.692 max: 39.666666666666686
Ep: 213 | Ep_r: 20.3 | t_so_far: {6720} | epsilon: 0.692 max: 39.666666666666686
Ep: 214 | Ep_r: 25.64 | t_so_far: {6770} | epsilon: 0.695 max: 39.666666666666686
Ep: 215 | Ep_r: 24.95 | t_so_far: {6795} | epsilon: 0.696 max: 39.666666666666686
Ep: 216 | Ep_r: 21.83 | t_so_far: {6807} | epsilon: 0.696 max: 39.666666666666686
Ep: 217 | Ep_r: 19.33 | t_so_far: {6818} | epsilon: 0.697 max: 39.666666666666686
Ep: 218 | Ep_r: 20.49 | t_so_far: {6847} | epsilon: 0.698 max: 39.666666666666686
Ep: 219 | Ep_r: 21.21 | t_so_far: {6873} | epsilon: 0.7 max: 39.666666666666686
Ep: 220 | Ep_r: 17.9 | t_so_far: {6879} | epsilon: 0.7 max: 39.666666666666686
Ep: 221 | Ep_r: 20.03 | t_so_far: {6913} | epsilon: 0.702 max: 39.666666666666686
Ep: 222 | Ep_r: 17.34 | t_so_far: {6921} | epsilon: 0.702 max: 39.666666666666686
Ep: 223 | Ep_r: 20.25 | t_so_far: {6956} | epsilon: 0.704 max: 39.666666666666686
Ep: 224 | Ep_r: 24.44 | t_so_far: {7004} | epsilon: 0.706 max: 39.666666666666686
Ep: 225 | Ep_r: 28.35 | t_so_far: {7054} | epsilon: 0.708 max: 39.666666666666686
Ep: 226 | Ep_r: 30.17 | t_so_far: {7097} | epsilon: 0.71 max: 39.666666666666686
Ep: 227 | Ep_r: 27.16 | t_so_far: {7115} | epsilon: 0.711 max: 39.666666666666686
Ep: 228 | Ep_r: 30.77 | t_so_far: {7165} | epsilon: 0.713 max: 39.666666666666686
Ep: 229 | Ep_r: 26.31 | t_so_far: {7175} | epsilon: 0.714 max: 39.666666666666686
Ep: 230 | Ep_r: 21.73 | t_so_far: {7180} | epsilon: 0.714 max: 39.666666666666686
Ep: 231 | Ep_r: 25.52 | t_so_far: {7225} | epsilon: 0.716 max: 39.666666666666686
Ep: 232 | Ep_r: 28.26 | t_so_far: {7275} | epsilon: 0.718 max: 39.666666666666686
Ep: 233 | Ep_r: 23.16 | t_so_far: {7279} | epsilon: 0.718 max: 39.666666666666686
Ep: 234 | Ep_r: 24.42 | t_so_far: {7313} | epsilon: 0.72 max: 39.666666666666686
Ep: 235 | Ep_r: 26.51 | t_so_far: {7353} | epsilon: 0.722 max: 39.666666666666686
Ep: 236 | Ep_r: 26.5 | t_so_far: {7382} | epsilon: 0.723 max: 39.666666666666686
Ep: 237 | Ep_r: 21.8 | t_so_far: {7386} | epsilon: 0.723 max: 39.666666666666686
Ep: 238 | Ep_r: 20.04 | t_so_far: {7401} | epsilon: 0.724 max: 39.666666666666686
Ep: 239 | Ep_r: 20.65 | t_so_far: {7428} | epsilon: 0.725 max: 39.666666666666686
Ep: 240 | Ep_r: 19.7 | t_so_far: {7449} | epsilon: 0.726 max: 39.666666666666686
Ep: 241 | Ep_r: 15.98 | t_so_far: {7451} | epsilon: 0.726 max: 39.666666666666686
Ep: 242 | Ep_r: 14.59 | t_so_far: {7461} | epsilon: 0.726 max: 39.666666666666686
Ep: 243 | Ep_r: 21.0 | t_so_far: {7511} | epsilon: 0.729 max: 39.666666666666686
Ep: 244 | Ep_r: 22.27 | t_so_far: {7543} | epsilon: 0.73 max: 39.666666666666686
Ep: 245 | Ep_r: 23.01 | t_so_far: {7572} | epsilon: 0.731 max: 39.666666666666686
Ep: 246 | Ep_r: 20.26 | t_so_far: {7583} | epsilon: 0.732 max: 39.666666666666686
Ep: 247 | Ep_r: 20.72 | t_so_far: {7608} | epsilon: 0.733 max: 39.666666666666686
Ep: 248 | Ep_r: 23.84 | t_so_far: {7648} | epsilon: 0.735 max: 39.666666666666686
Ep: 249 | Ep_r: 19.72 | t_so_far: {7652} | epsilon: 0.735 max: 39.666666666666686
Ep: 250 | Ep_r: 25.04 | t_so_far: {7702} | epsilon: 0.737 max: 39.666666666666686
Ep: 251 | Ep_r: 20.57 | t_so_far: {7706} | epsilon: 0.737 max: 39.666666666666686
Ep: 252 | Ep_r: 20.23 | t_so_far: {7727} | epsilon: 0.738 max: 39.666666666666686
Ep: 253 | Ep_r: 20.21 | t_so_far: {7748} | epsilon: 0.739 max: 39.666666666666686
Ep: 254 | Ep_r: 19.83 | t_so_far: {7770} | epsilon: 0.74 max: 39.666666666666686
Ep: 255 | Ep_r: 22.89 | t_so_far: {7809} | epsilon: 0.741 max: 39.666666666666686
Ep: 256 | Ep_r: 21.38 | t_so_far: {7829} | epsilon: 0.742 max: 39.666666666666686
Ep: 257 | Ep_r: 21.95 | t_so_far: {7859} | epsilon: 0.743 max: 39.666666666666686
Ep: 258 | Ep_r: 18.58 | t_so_far: {7867} | epsilon: 0.744 max: 39.666666666666686
Ep: 259 | Ep_r: 21.06 | t_so_far: {7901} | epsilon: 0.745 max: 39.666666666666686
Ep: 260 | Ep_r: 22.38 | t_so_far: {7931} | epsilon: 0.746 max: 39.666666666666686
Ep: 261 | Ep_r: 22.66 | t_so_far: {7957} | epsilon: 0.747 max: 39.666666666666686
Ep: 262 | Ep_r: 20.89 | t_so_far: {7974} | epsilon: 0.748 max: 39.666666666666686
Ep: 263 | Ep_r: 25.71 | t_so_far: {8024} | epsilon: 0.75 max: 39.666666666666686
Ep: 264 | Ep_r: 25.99 | t_so_far: {8053} | epsilon: 0.751 max: 39.666666666666686
Ep: 265 | Ep_r: 24.77 | t_so_far: {8077} | epsilon: 0.752 max: 39.666666666666686
Ep: 266 | Ep_r: 27.53 | t_so_far: {8119} | epsilon: 0.754 max: 39.666666666666686
Ep: 267 | Ep_r: 31.09 | t_so_far: {8169} | epsilon: 0.756 max: 39.666666666666686
Ep: 268 | Ep_r: 29.76 | t_so_far: {8197} | epsilon: 0.757 max: 39.666666666666686
Ep: 269 | Ep_r: 31.16 | t_so_far: {8237} | epsilon: 0.758 max: 39.666666666666686
Ep: 270 | Ep_r: 34.11 | t_so_far: {8287} | epsilon: 0.76 max: 39.666666666666686
Ep: 271 | Ep_r: 33.64 | t_so_far: {8322} | epsilon: 0.762 max: 39.666666666666686
Ep: 272 | Ep_r: 36.22 | t_so_far: {8372} | epsilon: 0.763 max: 39.666666666666686
Ep: 273 | Ep_r: 36.25 | t_so_far: {8413} | epsilon: 0.765 max: 39.666666666666686
Ep: 274 | Ep_r: 38.26 | t_so_far: {8463} | epsilon: 0.767 max: 39.666666666666686
Ep: 275 | Ep_r: 35.72 | t_so_far: {8491} | epsilon: 0.768 max: 39.666666666666686
Ep: 276 | Ep_r: 36.09 | t_so_far: {8535} | epsilon: 0.77 max: 39.666666666666686
Ep: 277 | Ep_r: 31.27 | t_so_far: {8549} | epsilon: 0.77 max: 39.666666666666686
Ep: 278 | Ep_r: 33.33 | t_so_far: {8596} | epsilon: 0.772 max: 39.666666666666686
Ep: 279 | Ep_r: 28.48 | t_so_far: {8606} | epsilon: 0.772 max: 39.666666666666686
Ep: 280 | Ep_r: 31.45 | t_so_far: {8656} | epsilon: 0.774 max: 39.666666666666686
Ep: 281 | Ep_r: 26.92 | t_so_far: {8667} | epsilon: 0.774 max: 39.666666666666686
Ep: 282 | Ep_r: 25.38 | t_so_far: {8688} | epsilon: 0.775 max: 39.666666666666686
Ep: 283 | Ep_r: 23.77 | t_so_far: {8707} | epsilon: 0.776 max: 39.666666666666686
Ep: 284 | Ep_r: 27.68 | t_so_far: {8757} | epsilon: 0.778 max: 39.666666666666686
Ep: 285 | Ep_r: 31.48 | t_so_far: {8807} | epsilon: 0.779 max: 39.666666666666686
Ep: 286 | Ep_r: 30.05 | t_so_far: {8834} | epsilon: 0.78 max: 39.666666666666686
Ep: 287 | Ep_r: 24.64 | t_so_far: {8838} | epsilon: 0.78 max: 39.666666666666686
Ep: 288 | Ep_r: 22.98 | t_so_far: {8859} | epsilon: 0.781 max: 39.666666666666686
Ep: 289 | Ep_r: 19.27 | t_so_far: {8865} | epsilon: 0.781 max: 39.666666666666686
Ep: 290 | Ep_r: 17.15 | t_so_far: {8876} | epsilon: 0.782 max: 39.666666666666686
Ep: 291 | Ep_r: 21.74 | t_so_far: {8924} | epsilon: 0.783 max: 39.666666666666686
Ep: 292 | Ep_r: 25.82 | t_so_far: {8969} | epsilon: 0.785 max: 39.666666666666686
Ep: 293 | Ep_r: 29.48 | t_so_far: {9019} | epsilon: 0.787 max: 39.666666666666686
Ep: 294 | Ep_r: 28.31 | t_so_far: {9046} | epsilon: 0.788 max: 39.666666666666686
Ep: 295 | Ep_r: 28.3 | t_so_far: {9078} | epsilon: 0.789 max: 39.666666666666686
Ep: 296 | Ep_r: 31.7 | t_so_far: {9128} | epsilon: 0.79 max: 39.666666666666686
Ep: 297 | Ep_r: 27.27 | t_so_far: {9140} | epsilon: 0.791 max: 39.666666666666686
Ep: 298 | Ep_r: 29.57 | t_so_far: {9190} | epsilon: 0.792 max: 39.666666666666686
Ep: 299 | Ep_r: 27.46 | t_so_far: {9217} | epsilon: 0.793 max: 39.666666666666686
Ep: 300 | Ep_r: 30.55 | t_so_far: {9265} | epsilon: 0.795 max: 39.666666666666686
Ep: 301 | Ep_r: 25.08 | t_so_far: {9269} | epsilon: 0.795 max: 39.666666666666686
Ep: 302 | Ep_r: 21.66 | t_so_far: {9278} | epsilon: 0.795 max: 39.666666666666686
Ep: 303 | Ep_r: 23.42 | t_so_far: {9311} | epsilon: 0.796 max: 39.666666666666686
Ep: 304 | Ep_r: 26.69 | t_so_far: {9361} | epsilon: 0.798 max: 39.666666666666686
Ep: 305 | Ep_r: 30.66 | t_so_far: {9411} | epsilon: 0.8 max: 39.666666666666686
Ep: 306 | Ep_r: 29.87 | t_so_far: {9440} | epsilon: 0.8 max: 39.666666666666686
Ep: 307 | Ep_r: 32.4 | t_so_far: {9490} | epsilon: 0.802 max: 39.666666666666686
Ep: 308 | Ep_r: 34.63 | t_so_far: {9540} | epsilon: 0.804 max: 39.666666666666686
Ep: 309 | Ep_r: 35.48 | t_so_far: {9590} | epsilon: 0.805 max: 39.666666666666686
Ep: 310 | Ep_r: 32.45 | t_so_far: {9613} | epsilon: 0.806 max: 39.666666666666686
Ep: 311 | Ep_r: 30.21 | t_so_far: {9635} | epsilon: 0.807 max: 39.666666666666686
Ep: 312 | Ep_r: 33.14 | t_so_far: {9685} | epsilon: 0.808 max: 39.666666666666686
Ep: 313 | Ep_r: 35.47 | t_so_far: {9735} | epsilon: 0.81 max: 39.666666666666686
Ep: 314 | Ep_r: 29.49 | t_so_far: {9743} | epsilon: 0.81 max: 39.666666666666686
Ep: 315 | Ep_r: 32.35 | t_so_far: {9790} | epsilon: 0.811 max: 39.666666666666686
Ep: 316 | Ep_r: 34.52 | t_so_far: {9840} | epsilon: 0.813 max: 39.666666666666686
Ep: 317 | Ep_r: 34.48 | t_so_far: {9877} | epsilon: 0.814 max: 39.666666666666686
Ep: 318 | Ep_r: 36.34 | t_so_far: {9927} | epsilon: 0.815 max: 39.666666666666686
Ep: 319 | Ep_r: 34.21 | t_so_far: {9956} | epsilon: 0.816 max: 39.666666666666686
Ep: 320 | Ep_r: 36.3 | t_so_far: {10006} | epsilon: 0.818 max: 39.666666666666686
Ep: 321 | Ep_r: 37.39 | t_so_far: {10055} | epsilon: 0.819 max: 39.666666666666686
Ep: 322 | Ep_r: 32.38 | t_so_far: {10068} | epsilon: 0.819 max: 39.666666666666686
Ep: 323 | Ep_r: 33.86 | t_so_far: {10118} | epsilon: 0.821 max: 39.666666666666686
Ep: 324 | Ep_r: 30.93 | t_so_far: {10139} | epsilon: 0.821 max: 39.666666666666686
Ep: 325 | Ep_r: 30.99 | t_so_far: {10175} | epsilon: 0.822 max: 39.666666666666686
Ep: 326 | Ep_r: 31.46 | t_so_far: {10212} | epsilon: 0.824 max: 39.666666666666686
Ep: 327 | Ep_r: 34.01 | t_so_far: {10262} | epsilon: 0.825 max: 39.666666666666686
Ep: 328 | Ep_r: 36.05 | t_so_far: {10312} | epsilon: 0.826 max: 39.666666666666686
Ep: 329 | Ep_r: 37.84 | t_so_far: {10362} | epsilon: 0.828 max: 39.666666666666686
Ep: 330 | Ep_r: 31.21 | t_so_far: {10368} | epsilon: 0.828 max: 39.666666666666686
Ep: 331 | Ep_r: 33.92 | t_so_far: {10418} | epsilon: 0.829 max: 39.666666666666686
Ep: 332 | Ep_r: 35.8 | t_so_far: {10468} | epsilon: 0.831 max: 39.666666666666686
Ep: 333 | Ep_r: 36.82 | t_so_far: {10518} | epsilon: 0.832 max: 39.666666666666686
Ep: 334 | Ep_r: 34.75 | t_so_far: {10546} | epsilon: 0.833 max: 39.666666666666686
Ep: 335 | Ep_r: 35.2 | t_so_far: {10588} | epsilon: 0.834 max: 39.666666666666686
Ep: 336 | Ep_r: 31.76 | t_so_far: {10608} | epsilon: 0.834 max: 39.666666666666686
Ep: 337 | Ep_r: 27.21 | t_so_far: {10618} | epsilon: 0.835 max: 39.666666666666686
Ep: 338 | Ep_r: 26.56 | t_so_far: {10646} | epsilon: 0.835 max: 39.666666666666686
Ep: 339 | Ep_r: 30.14 | t_so_far: {10696} | epsilon: 0.837 max: 39.666666666666686
Ep: 340 | Ep_r: 32.53 | t_so_far: {10746} | epsilon: 0.838 max: 39.666666666666686
Ep: 341 | Ep_r: 26.98 | t_so_far: {10752} | epsilon: 0.838 max: 39.666666666666686
Ep: 342 | Ep_r: 29.88 | t_so_far: {10800} | epsilon: 0.839 max: 39.666666666666686
Ep: 343 | Ep_r: 33.12 | t_so_far: {10850} | epsilon: 0.841 max: 39.666666666666686
Ep: 344 | Ep_r: 35.7 | t_so_far: {10900} | epsilon: 0.842 max: 39.666666666666686
Ep: 345 | Ep_r: 29.89 | t_so_far: {10909} | epsilon: 0.842 max: 39.666666666666686
Ep: 346 | Ep_r: 28.22 | t_so_far: {10932} | epsilon: 0.843 max: 39.666666666666686
Ep: 347 | Ep_r: 30.09 | t_so_far: {10977} | epsilon: 0.844 max: 39.666666666666686
Ep: 348 | Ep_r: 33.32 | t_so_far: {11027} | epsilon: 0.845 max: 39.666666666666686
Ep: 349 | Ep_r: 31.34 | t_so_far: {11053} | epsilon: 0.846 max: 39.666666666666686
Ep: 350 | Ep_r: 26.45 | t_so_far: {11061} | epsilon: 0.846 max: 39.666666666666686
Ep: 351 | Ep_r: 30.38 | t_so_far: {11111} | epsilon: 0.847 max: 39.666666666666686
Ep: 352 | Ep_r: 33.31 | t_so_far: {11161} | epsilon: 0.848 max: 39.666666666666686
Ep: 353 | Ep_r: 35.91 | t_so_far: {11211} | epsilon: 0.849 max: 39.666666666666686
Ep: 354 | Ep_r: 33.06 | t_so_far: {11239} | epsilon: 0.85 max: 39.666666666666686
Ep: 355 | Ep_r: 30.52 | t_so_far: {11261} | epsilon: 0.851 max: 39.666666666666686
Ep: 356 | Ep_r: 33.3 | t_so_far: {11311} | epsilon: 0.852 max: 39.666666666666686
Ep: 357 | Ep_r: 35.6 | t_so_far: {11361} | epsilon: 0.853 max: 39.666666666666686
Ep: 358 | Ep_r: 37.39 | t_so_far: {11411} | epsilon: 0.854 max: 39.666666666666686
Ep: 359 | Ep_r: 36.71 | t_so_far: {11448} | epsilon: 0.855 max: 39.666666666666686
Ep: 360 | Ep_r: 31.01 | t_so_far: {11457} | epsilon: 0.855 max: 39.666666666666686
Ep: 361 | Ep_r: 32.81 | t_so_far: {11502} | epsilon: 0.856 max: 39.666666666666686
Ep: 362 | Ep_r: 35.54 | t_so_far: {11552} | epsilon: 0.857 max: 39.666666666666686
Ep: 363 | Ep_r: 37.85 | t_so_far: {11602} | epsilon: 0.859 max: 39.666666666666686
Ep: 364 | Ep_r: 39.48 | t_so_far: {11652} | epsilon: 0.86 max: 39.666666666666686
Ep: 365 | Ep_r: 41.07 | t_so_far: {11702} | epsilon: 0.861 max: 41.07434209151639
Ep: 366 | Ep_r: 41.57 | t_so_far: {11752} | epsilon: 0.862 max: 41.57058478432423
Ep: 367 | Ep_r: 36.79 | t_so_far: {11772} | epsilon: 0.862 max: 41.57058478432423
Ep: 368 | Ep_r: 38.25 | t_so_far: {11822} | epsilon: 0.863 max: 41.57058478432423
Ep: 369 | Ep_r: 39.6 | t_so_far: {11872} | epsilon: 0.864 max: 41.57058478432423
Ep: 370 | Ep_r: 40.57 | t_so_far: {11922} | epsilon: 0.866 max: 41.57058478432423
Ep: 371 | Ep_r: 39.48 | t_so_far: {11964} | epsilon: 0.866 max: 41.57058478432423
Ep: 372 | Ep_r: 40.76 | t_so_far: {12014} | epsilon: 0.867 max: 41.57058478432423
Ep: 373 | Ep_r: 40.14 | t_so_far: {12056} | epsilon: 0.868 max: 41.57058478432423
Ep: 374 | Ep_r: 40.96 | t_so_far: {12106} | epsilon: 0.869 max: 41.57058478432423
Ep: 375 | Ep_r: 41.94 | t_so_far: {12156} | epsilon: 0.87 max: 41.9444567267167
Ep: 376 | Ep_r: 35.4 | t_so_far: {12166} | epsilon: 0.871 max: 41.9444567267167
Ep: 377 | Ep_r: 31.61 | t_so_far: {12185} | epsilon: 0.871 max: 41.9444567267167
Ep: 378 | Ep_r: 30.93 | t_so_far: {12217} | epsilon: 0.872 max: 41.9444567267167
Ep: 379 | Ep_r: 29.68 | t_so_far: {12245} | epsilon: 0.872 max: 41.9444567267167
Ep: 380 | Ep_r: 32.9 | t_so_far: {12295} | epsilon: 0.873 max: 41.9444567267167
Ep: 381 | Ep_r: 35.01 | t_so_far: {12345} | epsilon: 0.874 max: 41.9444567267167
Ep: 382 | Ep_r: 29.58 | t_so_far: {12357} | epsilon: 0.874 max: 41.9444567267167
Ep: 383 | Ep_r: 26.04 | t_so_far: {12371} | epsilon: 0.875 max: 41.9444567267167
Ep: 384 | Ep_r: 28.5 | t_so_far: {12415} | epsilon: 0.876 max: 41.9444567267167
Ep: 385 | Ep_r: 24.62 | t_so_far: {12426} | epsilon: 0.876 max: 41.9444567267167
Ep: 386 | Ep_r: 28.32 | t_so_far: {12476} | epsilon: 0.877 max: 41.9444567267167
Ep: 387 | Ep_r: 31.84 | t_so_far: {12526} | epsilon: 0.878 max: 41.9444567267167
Ep: 388 | Ep_r: 34.07 | t_so_far: {12572} | epsilon: 0.879 max: 41.9444567267167
Ep: 389 | Ep_r: 32.12 | t_so_far: {12600} | epsilon: 0.879 max: 41.9444567267167
Ep: 390 | Ep_r: 34.65 | t_so_far: {12650} | epsilon: 0.88 max: 41.9444567267167
Ep: 391 | Ep_r: 33.86 | t_so_far: {12685} | epsilon: 0.881 max: 41.9444567267167
Ep: 392 | Ep_r: 31.93 | t_so_far: {12712} | epsilon: 0.881 max: 41.9444567267167
Ep: 393 | Ep_r: 35.01 | t_so_far: {12762} | epsilon: 0.882 max: 41.9444567267167
Ep: 394 | Ep_r: 33.1 | t_so_far: {12792} | epsilon: 0.883 max: 41.9444567267167
Ep: 395 | Ep_r: 34.74 | t_so_far: {12842} | epsilon: 0.884 max: 41.9444567267167
Ep: 396 | Ep_r: 31.68 | t_so_far: {12866} | epsilon: 0.884 max: 41.9444567267167
Ep: 397 | Ep_r: 33.97 | t_so_far: {12916} | epsilon: 0.885 max: 41.9444567267167
Ep: 398 | Ep_r: 35.51 | t_so_far: {12966} | epsilon: 0.886 max: 41.9444567267167
Ep: 399 | Ep_r: 37.63 | t_so_far: {13016} | epsilon: 0.887 max: 41.9444567267167
Ep: 400 | Ep_r: 32.44 | t_so_far: {13029} | epsilon: 0.887 max: 41.9444567267167
Ep: 401 | Ep_r: 30.08 | t_so_far: {13052} | epsilon: 0.888 max: 41.9444567267167
Ep: 402 | Ep_r: 29.69 | t_so_far: {13084} | epsilon: 0.888 max: 41.9444567267167
Ep: 403 | Ep_r: 24.02 | t_so_far: {13086} | epsilon: 0.888 max: 41.9444567267167
Ep: 404 | Ep_r: 28.06 | t_so_far: {13136} | epsilon: 0.889 max: 41.9444567267167
Ep: 405 | Ep_r: 28.4 | t_so_far: {13169} | epsilon: 0.89 max: 41.9444567267167
Ep: 406 | Ep_r: 31.57 | t_so_far: {13219} | epsilon: 0.891 max: 41.9444567267167
Ep: 407 | Ep_r: 27.21 | t_so_far: {13232} | epsilon: 0.891 max: 41.9444567267167
Ep: 408 | Ep_r: 31.06 | t_so_far: {13282} | epsilon: 0.892 max: 41.9444567267167
Ep: 409 | Ep_r: 33.84 | t_so_far: {13332} | epsilon: 0.892 max: 41.9444567267167
Ep: 410 | Ep_r: 35.39 | t_so_far: {13378} | epsilon: 0.893 max: 41.9444567267167
Ep: 411 | Ep_r: 33.35 | t_so_far: {13409} | epsilon: 0.894 max: 41.9444567267167
Ep: 412 | Ep_r: 34.99 | t_so_far: {13459} | epsilon: 0.895 max: 41.9444567267167
Ep: 413 | Ep_r: 36.8 | t_so_far: {13509} | epsilon: 0.895 max: 41.9444567267167
Ep: 414 | Ep_r: 38.64 | t_so_far: {13559} | epsilon: 0.896 max: 41.9444567267167
Ep: 415 | Ep_r: 37.2 | t_so_far: {13594} | epsilon: 0.897 max: 41.9444567267167
Ep: 416 | Ep_r: 38.71 | t_so_far: {13644} | epsilon: 0.898 max: 41.9444567267167
Ep: 417 | Ep_r: 35.26 | t_so_far: {13669} | epsilon: 0.898 max: 41.9444567267167
Ep: 418 | Ep_r: 31.9 | t_so_far: {13690} | epsilon: 0.898 max: 41.9444567267167
Ep: 419 | Ep_r: 29.25 | t_so_far: {13712} | epsilon: 0.899 max: 41.9444567267167
Ep: 420 | Ep_r: 32.38 | t_so_far: {13762} | epsilon: 0.9 max: 41.9444567267167
Ep: 421 | Ep_r: 28.37 | t_so_far: {13775} | epsilon: 0.9 max: 41.9444567267167
Ep: 422 | Ep_r: 29.74 | t_so_far: {13814} | epsilon: 0.9 max: 41.9444567267167
Ep: 423 | Ep_r: 27.19 | t_so_far: {13832} | epsilon: 0.901 max: 41.9444567267167
Ep: 424 | Ep_r: 30.35 | t_so_far: {13882} | epsilon: 0.901 max: 41.9444567267167
Ep: 425 | Ep_r: 29.02 | t_so_far: {13908} | epsilon: 0.902 max: 41.9444567267167
Ep: 426 | Ep_r: 24.84 | t_so_far: {13917} | epsilon: 0.902 max: 41.9444567267167
Ep: 427 | Ep_r: 28.29 | t_so_far: {13967} | epsilon: 0.903 max: 41.9444567267167
Ep: 428 | Ep_r: 31.17 | t_so_far: {14017} | epsilon: 0.904 max: 41.9444567267167
Ep: 429 | Ep_r: 26.55 | t_so_far: {14028} | epsilon: 0.904 max: 41.9444567267167
Ep: 430 | Ep_r: 29.29 | t_so_far: {14078} | epsilon: 0.904 max: 41.9444567267167
Ep: 431 | Ep_r: 32.39 | t_so_far: {14128} | epsilon: 0.905 max: 41.9444567267167
Ep: 432 | Ep_r: 33.75 | t_so_far: {14178} | epsilon: 0.906 max: 41.9444567267167
Ep: 433 | Ep_r: 35.18 | t_so_far: {14228} | epsilon: 0.907 max: 41.9444567267167
Ep: 434 | Ep_r: 36.34 | t_so_far: {14278} | epsilon: 0.907 max: 41.9444567267167
Ep: 435 | Ep_r: 36.94 | t_so_far: {14328} | epsilon: 0.908 max: 41.9444567267167
Ep: 436 | Ep_r: 37.95 | t_so_far: {14378} | epsilon: 0.909 max: 41.9444567267167
Ep: 437 | Ep_r: 35.7 | t_so_far: {14411} | epsilon: 0.909 max: 41.9444567267167
Ep: 438 | Ep_r: 37.53 | t_so_far: {14461} | epsilon: 0.91 max: 41.9444567267167
Ep: 439 | Ep_r: 36.36 | t_so_far: {14497} | epsilon: 0.911 max: 41.9444567267167
Ep: 440 | Ep_r: 38.13 | t_so_far: {14547} | epsilon: 0.911 max: 41.9444567267167
Ep: 441 | Ep_r: 37.93 | t_so_far: {14597} | epsilon: 0.912 max: 41.9444567267167
Ep: 442 | Ep_r: 39.79 | t_so_far: {14647} | epsilon: 0.913 max: 41.9444567267167
Ep: 443 | Ep_r: 41.14 | t_so_far: {14697} | epsilon: 0.913 max: 41.9444567267167
Ep: 444 | Ep_r: 41.47 | t_so_far: {14747} | epsilon: 0.914 max: 41.9444567267167
Ep: 445 | Ep_r: 41.46 | t_so_far: {14797} | epsilon: 0.915 max: 41.9444567267167
Ep: 446 | Ep_r: 41.75 | t_so_far: {14847} | epsilon: 0.915 max: 41.9444567267167
Ep: 447 | Ep_r: 41.67 | t_so_far: {14897} | epsilon: 0.916 max: 41.9444567267167
Ep: 448 | Ep_r: 41.98 | t_so_far: {14947} | epsilon: 0.917 max: 41.97696777564369
Ep: 449 | Ep_r: 42.89 | t_so_far: {14997} | epsilon: 0.917 max: 42.89268533162607
Ep: 450 | Ep_r: 43.6 | t_so_far: {15047} | epsilon: 0.918 max: 43.60303715418974
Ep: 451 | Ep_r: 39.46 | t_so_far: {15074} | epsilon: 0.918 max: 43.60303715418974
Ep: 452 | Ep_r: 40.23 | t_so_far: {15124} | epsilon: 0.919 max: 43.60303715418974
Ep: 453 | Ep_r: 41.03 | t_so_far: {15174} | epsilon: 0.92 max: 43.60303715418974
Ep: 454 | Ep_r: 41.63 | t_so_far: {15224} | epsilon: 0.92 max: 43.60303715418974
Ep: 455 | Ep_r: 42.06 | t_so_far: {15274} | epsilon: 0.921 max: 43.60303715418974
Ep: 456 | Ep_r: 41.91 | t_so_far: {15324} | epsilon: 0.922 max: 43.60303715418974
Ep: 457 | Ep_r: 42.66 | t_so_far: {15374} | epsilon: 0.922 max: 43.60303715418974
Ep: 458 | Ep_r: 43.73 | t_so_far: {15424} | epsilon: 0.923 max: 43.730125308140884
Ep: 459 | Ep_r: 39.9 | t_so_far: {15453} | epsilon: 0.923 max: 43.730125308140884
Ep: 460 | Ep_r: 41.03 | t_so_far: {15503} | epsilon: 0.924 max: 43.730125308140884
Ep: 461 | Ep_r: 40.73 | t_so_far: {15553} | epsilon: 0.924 max: 43.730125308140884
Ep: 462 | Ep_r: 39.08 | t_so_far: {15588} | epsilon: 0.925 max: 43.730125308140884
Ep: 463 | Ep_r: 40.28 | t_so_far: {15638} | epsilon: 0.925 max: 43.730125308140884
Ep: 464 | Ep_r: 41.38 | t_so_far: {15688} | epsilon: 0.926 max: 43.730125308140884
Ep: 465 | Ep_r: 34.57 | t_so_far: {15697} | epsilon: 0.926 max: 43.730125308140884
Ep: 466 | Ep_r: 36.61 | t_so_far: {15747} | epsilon: 0.927 max: 43.730125308140884
Ep: 467 | Ep_r: 31.31 | t_so_far: {15759} | epsilon: 0.927 max: 43.730125308140884
Ep: 468 | Ep_r: 31.09 | t_so_far: {15791} | epsilon: 0.927 max: 43.730125308140884
Ep: 469 | Ep_r: 34.28 | t_so_far: {15841} | epsilon: 0.928 max: 43.730125308140884
Ep: 470 | Ep_r: 28.02 | t_so_far: {15845} | epsilon: 0.928 max: 43.730125308140884
Ep: 471 | Ep_r: 27.46 | t_so_far: {15872} | epsilon: 0.928 max: 43.730125308140884
Ep: 472 | Ep_r: 31.19 | t_so_far: {15922} | epsilon: 0.929 max: 43.730125308140884
Ep: 473 | Ep_r: 33.66 | t_so_far: {15972} | epsilon: 0.929 max: 43.730125308140884
Ep: 474 | Ep_r: 30.55 | t_so_far: {15992} | epsilon: 0.929 max: 43.730125308140884
Ep: 475 | Ep_r: 33.46 | t_so_far: {16042} | epsilon: 0.93 max: 43.730125308140884
Ep: 476 | Ep_r: 36.06 | t_so_far: {16092} | epsilon: 0.931 max: 43.730125308140884
Ep: 477 | Ep_r: 37.32 | t_so_far: {16142} | epsilon: 0.931 max: 43.730125308140884
Ep: 478 | Ep_r: 38.85 | t_so_far: {16192} | epsilon: 0.932 max: 43.730125308140884
Ep: 479 | Ep_r: 39.64 | t_so_far: {16242} | epsilon: 0.932 max: 43.730125308140884
Ep: 480 | Ep_r: 39.18 | t_so_far: {16288} | epsilon: 0.933 max: 43.730125308140884
Ep: 481 | Ep_r: 41.01 | t_so_far: {16338} | epsilon: 0.933 max: 43.730125308140884
Ep: 482 | Ep_r: 33.56 | t_so_far: {16343} | epsilon: 0.933 max: 43.730125308140884
Ep: 483 | Ep_r: 34.32 | t_so_far: {16386} | epsilon: 0.934 max: 43.730125308140884
Ep: 484 | Ep_r: 36.23 | t_so_far: {16436} | epsilon: 0.934 max: 43.730125308140884
Ep: 485 | Ep_r: 38.12 | t_so_far: {16486} | epsilon: 0.935 max: 43.730125308140884
Ep: 486 | Ep_r: 39.67 | t_so_far: {16536} | epsilon: 0.935 max: 43.730125308140884
Ep: 487 | Ep_r: 39.83 | t_so_far: {16586} | epsilon: 0.936 max: 43.730125308140884
Ep: 488 | Ep_r: 40.93 | t_so_far: {16635} | epsilon: 0.936 max: 43.730125308140884
Ep: 489 | Ep_r: 41.36 | t_so_far: {16685} | epsilon: 0.937 max: 43.730125308140884
Ep: 490 | Ep_r: 42.29 | t_so_far: {16735} | epsilon: 0.937 max: 43.730125308140884
Ep: 491 | Ep_r: 42.23 | t_so_far: {16785} | epsilon: 0.938 max: 43.730125308140884
Ep: 492 | Ep_r: 40.01 | t_so_far: {16821} | epsilon: 0.938 max: 43.730125308140884
Ep: 493 | Ep_r: 41.01 | t_so_far: {16871} | epsilon: 0.939 max: 43.730125308140884
Ep: 494 | Ep_r: 41.94 | t_so_far: {16921} | epsilon: 0.939 max: 43.730125308140884
Ep: 495 | Ep_r: 42.35 | t_so_far: {16971} | epsilon: 0.939 max: 43.730125308140884
Ep: 496 | Ep_r: 38.97 | t_so_far: {16999} | epsilon: 0.94 max: 43.730125308140884
Ep: 497 | Ep_r: 35.09 | t_so_far: {17022} | epsilon: 0.94 max: 43.730125308140884
Ep: 498 | Ep_r: 36.63 | t_so_far: {17072} | epsilon: 0.94 max: 43.730125308140884
Ep: 499 | Ep_r: 37.92 | t_so_far: {17122} | epsilon: 0.941 max: 43.730125308140884
Ep: 500 | Ep_r: 39.43 | t_so_far: {17172} | epsilon: 0.941 max: 43.730125308140884
Ep: 501 | Ep_r: 40.94 | t_so_far: {17222} | epsilon: 0.942 max: 43.730125308140884
Ep: 502 | Ep_r: 41.4 | t_so_far: {17272} | epsilon: 0.942 max: 43.730125308140884
Ep: 503 | Ep_r: 40.54 | t_so_far: {17314} | epsilon: 0.943 max: 43.730125308140884
Ep: 504 | Ep_r: 36.5 | t_so_far: {17336} | epsilon: 0.943 max: 43.730125308140884
Ep: 505 | Ep_r: 38.29 | t_so_far: {17386} | epsilon: 0.943 max: 43.730125308140884
Ep: 506 | Ep_r: 39.01 | t_so_far: {17436} | epsilon: 0.944 max: 43.730125308140884
Ep: 507 | Ep_r: 32.52 | t_so_far: {17445} | epsilon: 0.944 max: 43.730125308140884
Ep: 508 | Ep_r: 34.37 | t_so_far: {17495} | epsilon: 0.944 max: 43.730125308140884
Ep: 509 | Ep_r: 35.96 | t_so_far: {17545} | epsilon: 0.945 max: 43.730125308140884
Ep: 510 | Ep_r: 36.77 | t_so_far: {17595} | epsilon: 0.945 max: 43.730125308140884
Ep: 511 | Ep_r: 37.7 | t_so_far: {17645} | epsilon: 0.946 max: 43.730125308140884
Ep: 512 | Ep_r: 38.19 | t_so_far: {17695} | epsilon: 0.946 max: 43.730125308140884
Ep: 513 | Ep_r: 39.33 | t_so_far: {17745} | epsilon: 0.946 max: 43.730125308140884
Ep: 514 | Ep_r: 38.79 | t_so_far: {17795} | epsilon: 0.947 max: 43.730125308140884
Ep: 515 | Ep_r: 39.08 | t_so_far: {17845} | epsilon: 0.947 max: 43.730125308140884
Ep: 516 | Ep_r: 39.18 | t_so_far: {17895} | epsilon: 0.948 max: 43.730125308140884
Ep: 517 | Ep_r: 39.21 | t_so_far: {17945} | epsilon: 0.948 max: 43.730125308140884
Ep: 518 | Ep_r: 39.17 | t_so_far: {17995} | epsilon: 0.948 max: 43.730125308140884
Ep: 519 | Ep_r: 39.89 | t_so_far: {18045} | epsilon: 0.949 max: 43.730125308140884
Ep: 520 | Ep_r: 32.55 | t_so_far: {18049} | epsilon: 0.949 max: 43.730125308140884
Ep: 521 | Ep_r: 34.09 | t_so_far: {18099} | epsilon: 0.949 max: 43.730125308140884
Ep: 522 | Ep_r: 35.18 | t_so_far: {18149} | epsilon: 0.95 max: 43.730125308140884
Ep: 523 | Ep_r: 34.83 | t_so_far: {18199} | epsilon: 0.95 max: 43.730125308140884
Ep: 524 | Ep_r: 36.13 | t_so_far: {18249} | epsilon: 0.95 max: 43.730125308140884
Ep: 525 | Ep_r: 36.8 | t_so_far: {18299} | epsilon: 0.951 max: 43.730125308140884
Ep: 526 | Ep_r: 37.61 | t_so_far: {18349} | epsilon: 0.951 max: 43.730125308140884
Ep: 527 | Ep_r: 38.05 | t_so_far: {18399} | epsilon: 0.952 max: 43.730125308140884
Ep: 528 | Ep_r: 38.39 | t_so_far: {18449} | epsilon: 0.952 max: 43.730125308140884
Ep: 529 | Ep_r: 39.85 | t_so_far: {18499} | epsilon: 0.952 max: 43.730125308140884
Ep: 530 | Ep_r: 40.46 | t_so_far: {18549} | epsilon: 0.953 max: 43.730125308140884
Ep: 531 | Ep_r: 41.36 | t_so_far: {18599} | epsilon: 0.953 max: 43.730125308140884
Ep: 532 | Ep_r: 42.27 | t_so_far: {18649} | epsilon: 0.954 max: 43.730125308140884
Ep: 533 | Ep_r: 42.66 | t_so_far: {18699} | epsilon: 0.954 max: 43.730125308140884
Ep: 534 | Ep_r: 43.04 | t_so_far: {18749} | epsilon: 0.954 max: 43.730125308140884
Ep: 535 | Ep_r: 41.85 | t_so_far: {18799} | epsilon: 0.955 max: 43.730125308140884
Ep: 536 | Ep_r: 41.68 | t_so_far: {18849} | epsilon: 0.955 max: 43.730125308140884
Ep: 537 | Ep_r: 40.72 | t_so_far: {18899} | epsilon: 0.955 max: 43.730125308140884
Ep: 538 | Ep_r: 33.0 | t_so_far: {18902} | epsilon: 0.955 max: 43.730125308140884
Ep: 539 | Ep_r: 33.36 | t_so_far: {18952} | epsilon: 0.956 max: 43.730125308140884
Ep: 540 | Ep_r: 35.35 | t_so_far: {19002} | epsilon: 0.956 max: 43.730125308140884
Ep: 541 | Ep_r: 36.39 | t_so_far: {19052} | epsilon: 0.956 max: 43.730125308140884
Ep: 542 | Ep_r: 37.63 | t_so_far: {19102} | epsilon: 0.957 max: 43.730125308140884
Ep: 543 | Ep_r: 38.63 | t_so_far: {19152} | epsilon: 0.957 max: 43.730125308140884
Ep: 544 | Ep_r: 39.93 | t_so_far: {19202} | epsilon: 0.957 max: 43.730125308140884
Ep: 545 | Ep_r: 40.88 | t_so_far: {19252} | epsilon: 0.958 max: 43.730125308140884
Ep: 546 | Ep_r: 40.23 | t_so_far: {19291} | epsilon: 0.958 max: 43.730125308140884
Ep: 547 | Ep_r: 41.32 | t_so_far: {19341} | epsilon: 0.958 max: 43.730125308140884
Ep: 548 | Ep_r: 33.66 | t_so_far: {19345} | epsilon: 0.958 max: 43.730125308140884
Ep: 549 | Ep_r: 36.15 | t_so_far: {19395} | epsilon: 0.959 max: 43.730125308140884
Ep: 550 | Ep_r: 37.65 | t_so_far: {19445} | epsilon: 0.959 max: 43.730125308140884
Ep: 551 | Ep_r: 38.85 | t_so_far: {19495} | epsilon: 0.959 max: 43.730125308140884
Ep: 552 | Ep_r: 40.44 | t_so_far: {19545} | epsilon: 0.96 max: 43.730125308140884
Ep: 553 | Ep_r: 41.44 | t_so_far: {19595} | epsilon: 0.96 max: 43.730125308140884
Ep: 554 | Ep_r: 42.29 | t_so_far: {19645} | epsilon: 0.96 max: 43.730125308140884
Ep: 555 | Ep_r: 42.16 | t_so_far: {19695} | epsilon: 0.961 max: 43.730125308140884
Ep: 556 | Ep_r: 43.02 | t_so_far: {19745} | epsilon: 0.961 max: 43.730125308140884
Ep: 557 | Ep_r: 44.01 | t_so_far: {19795} | epsilon: 0.961 max: 44.014627208153286
Ep: 558 | Ep_r: 42.99 | t_so_far: {19839} | epsilon: 0.961 max: 44.014627208153286
Ep: 559 | Ep_r: 43.19 | t_so_far: {19889} | epsilon: 0.962 max: 44.014627208153286
Ep: 560 | Ep_r: 43.2 | t_so_far: {19939} | epsilon: 0.962 max: 44.014627208153286
Ep: 561 | Ep_r: 43.65 | t_so_far: {19989} | epsilon: 0.962 max: 44.014627208153286
Ep: 562 | Ep_r: 42.05 | t_so_far: {20027} | epsilon: 0.963 max: 44.014627208153286
Ep: 563 | Ep_r: 42.46 | t_so_far: {20077} | epsilon: 0.963 max: 44.014627208153286
Ep: 564 | Ep_r: 42.19 | t_so_far: {20122} | epsilon: 0.963 max: 44.014627208153286
Ep: 565 | Ep_r: 42.44 | t_so_far: {20172} | epsilon: 0.963 max: 44.014627208153286
Ep: 566 | Ep_r: 42.22 | t_so_far: {20222} | epsilon: 0.964 max: 44.014627208153286
Ep: 567 | Ep_r: 42.98 | t_so_far: {20272} | epsilon: 0.964 max: 44.014627208153286
Ep: 568 | Ep_r: 41.38 | t_so_far: {20310} | epsilon: 0.964 max: 44.014627208153286
Ep: 569 | Ep_r: 38.46 | t_so_far: {20340} | epsilon: 0.964 max: 44.014627208153286
Ep: 570 | Ep_r: 39.3 | t_so_far: {20390} | epsilon: 0.965 max: 44.014627208153286
Ep: 571 | Ep_r: 40.24 | t_so_far: {20440} | epsilon: 0.965 max: 44.014627208153286
Ep: 572 | Ep_r: 41.02 | t_so_far: {20490} | epsilon: 0.965 max: 44.014627208153286
Ep: 573 | Ep_r: 42.01 | t_so_far: {20540} | epsilon: 0.965 max: 44.014627208153286
Ep: 574 | Ep_r: 42.74 | t_so_far: {20590} | epsilon: 0.966 max: 44.014627208153286
Ep: 575 | Ep_r: 43.55 | t_so_far: {20640} | epsilon: 0.966 max: 44.014627208153286
Ep: 576 | Ep_r: 39.64 | t_so_far: {20668} | epsilon: 0.966 max: 44.014627208153286
Ep: 577 | Ep_r: 40.42 | t_so_far: {20718} | epsilon: 0.966 max: 44.014627208153286
Ep: 578 | Ep_r: 40.72 | t_so_far: {20765} | epsilon: 0.967 max: 44.014627208153286
Ep: 579 | Ep_r: 41.77 | t_so_far: {20815} | epsilon: 0.967 max: 44.014627208153286
Ep: 580 | Ep_r: 39.89 | t_so_far: {20851} | epsilon: 0.967 max: 44.014627208153286
Ep: 581 | Ep_r: 39.97 | t_so_far: {20896} | epsilon: 0.967 max: 44.014627208153286
Ep: 582 | Ep_r: 40.74 | t_so_far: {20946} | epsilon: 0.967 max: 44.014627208153286
Ep: 583 | Ep_r: 41.14 | t_so_far: {20996} | epsilon: 0.968 max: 44.014627208153286
Ep: 584 | Ep_r: 37.2 | t_so_far: {21019} | epsilon: 0.968 max: 44.014627208153286
Ep: 585 | Ep_r: 38.83 | t_so_far: {21069} | epsilon: 0.968 max: 44.014627208153286
Ep: 586 | Ep_r: 37.95 | t_so_far: {21106} | epsilon: 0.968 max: 44.014627208153286
Ep: 587 | Ep_r: 39.61 | t_so_far: {21156} | epsilon: 0.969 max: 44.014627208153286
Ep: 588 | Ep_r: 35.89 | t_so_far: {21181} | epsilon: 0.969 max: 44.014627208153286
Ep: 589 | Ep_r: 37.66 | t_so_far: {21231} | epsilon: 0.969 max: 44.014627208153286
Ep: 590 | Ep_r: 33.15 | t_so_far: {21248} | epsilon: 0.969 max: 44.014627208153286
Ep: 591 | Ep_r: 35.03 | t_so_far: {21298} | epsilon: 0.969 max: 44.014627208153286
Ep: 592 | Ep_r: 37.25 | t_so_far: {21348} | epsilon: 0.969 max: 44.014627208153286
Ep: 593 | Ep_r: 38.87 | t_so_far: {21398} | epsilon: 0.97 max: 44.014627208153286
Ep: 594 | Ep_r: 40.47 | t_so_far: {21448} | epsilon: 0.97 max: 44.014627208153286
Ep: 595 | Ep_r: 36.73 | t_so_far: {21475} | epsilon: 0.97 max: 44.014627208153286
Ep: 596 | Ep_r: 38.65 | t_so_far: {21525} | epsilon: 0.97 max: 44.014627208153286
Ep: 597 | Ep_r: 39.3 | t_so_far: {21575} | epsilon: 0.971 max: 44.014627208153286
Ep: 598 | Ep_r: 32.97 | t_so_far: {21584} | epsilon: 0.971 max: 44.014627208153286
Ep: 599 | Ep_r: 35.69 | t_so_far: {21634} | epsilon: 0.971 max: 44.014627208153286
Ep: 600 | Ep_r: 37.71 | t_so_far: {21684} | epsilon: 0.971 max: 44.014627208153286
Ep: 601 | Ep_r: 39.14 | t_so_far: {21734} | epsilon: 0.971 max: 44.014627208153286
Ep: 602 | Ep_r: 40.6 | t_so_far: {21784} | epsilon: 0.971 max: 44.014627208153286
Ep: 603 | Ep_r: 41.11 | t_so_far: {21834} | epsilon: 0.972 max: 44.014627208153286
Ep: 604 | Ep_r: 41.53 | t_so_far: {21884} | epsilon: 0.972 max: 44.014627208153286
Ep: 605 | Ep_r: 42.02 | t_so_far: {21934} | epsilon: 0.972 max: 44.014627208153286
Ep: 606 | Ep_r: 42.53 | t_so_far: {21984} | epsilon: 0.972 max: 44.014627208153286
Ep: 607 | Ep_r: 42.73 | t_so_far: {22034} | epsilon: 0.973 max: 44.014627208153286
Ep: 608 | Ep_r: 43.68 | t_so_far: {22084} | epsilon: 0.973 max: 44.014627208153286
Ep: 609 | Ep_r: 43.87 | t_so_far: {22134} | epsilon: 0.973 max: 44.014627208153286
Ep: 610 | Ep_r: 41.81 | t_so_far: {22173} | epsilon: 0.973 max: 44.014627208153286
Ep: 611 | Ep_r: 41.83 | t_so_far: {22223} | epsilon: 0.973 max: 44.014627208153286
Ep: 612 | Ep_r: 42.15 | t_so_far: {22273} | epsilon: 0.974 max: 44.014627208153286
Ep: 613 | Ep_r: 42.79 | t_so_far: {22323} | epsilon: 0.974 max: 44.014627208153286
Ep: 614 | Ep_r: 42.92 | t_so_far: {22373} | epsilon: 0.974 max: 44.014627208153286
Ep: 615 | Ep_r: 43.65 | t_so_far: {22423} | epsilon: 0.974 max: 44.014627208153286
Ep: 616 | Ep_r: 44.07 | t_so_far: {22473} | epsilon: 0.974 max: 44.072116807686626
Ep: 617 | Ep_r: 44.68 | t_so_far: {22523} | epsilon: 0.975 max: 44.67991566837153
Ep: 618 | Ep_r: 36.17 | t_so_far: {22526} | epsilon: 0.975 max: 44.67991566837153
Ep: 619 | Ep_r: 29.69 | t_so_far: {22531} | epsilon: 0.975 max: 44.67991566837153
Ep: 620 | Ep_r: 31.22 | t_so_far: {22573} | epsilon: 0.975 max: 44.67991566837153
Ep: 621 | Ep_r: 32.06 | t_so_far: {22614} | epsilon: 0.975 max: 44.67991566837153
Ep: 622 | Ep_r: 34.83 | t_so_far: {22664} | epsilon: 0.975 max: 44.67991566837153
Ep: 623 | Ep_r: 37.08 | t_so_far: {22714} | epsilon: 0.975 max: 44.67991566837153
Ep: 624 | Ep_r: 38.71 | t_so_far: {22764} | epsilon: 0.975 max: 44.67991566837153
Ep: 625 | Ep_r: 39.44 | t_so_far: {22814} | epsilon: 0.976 max: 44.67991566837153
Ep: 626 | Ep_r: 40.53 | t_so_far: {22864} | epsilon: 0.976 max: 44.67991566837153
Ep: 627 | Ep_r: 41.53 | t_so_far: {22914} | epsilon: 0.976 max: 44.67991566837153
Ep: 628 | Ep_r: 42.09 | t_so_far: {22964} | epsilon: 0.976 max: 44.67991566837153
Ep: 629 | Ep_r: 39.54 | t_so_far: {22997} | epsilon: 0.976 max: 44.67991566837153
Ep: 630 | Ep_r: 40.72 | t_so_far: {23047} | epsilon: 0.976 max: 44.67991566837153
Ep: 631 | Ep_r: 41.42 | t_so_far: {23097} | epsilon: 0.977 max: 44.67991566837153
Ep: 632 | Ep_r: 39.8 | t_so_far: {23138} | epsilon: 0.977 max: 44.67991566837153
Ep: 633 | Ep_r: 40.64 | t_so_far: {23188} | epsilon: 0.977 max: 44.67991566837153
Ep: 634 | Ep_r: 40.98 | t_so_far: {23238} | epsilon: 0.977 max: 44.67991566837153
Ep: 635 | Ep_r: 39.94 | t_so_far: {23279} | epsilon: 0.977 max: 44.67991566837153
Ep: 636 | Ep_r: 39.84 | t_so_far: {23329} | epsilon: 0.977 max: 44.67991566837153
Ep: 637 | Ep_r: 38.65 | t_so_far: {23379} | epsilon: 0.978 max: 44.67991566837153
Ep: 638 | Ep_r: 40.01 | t_so_far: {23429} | epsilon: 0.978 max: 44.67991566837153
Ep: 639 | Ep_r: 41.05 | t_so_far: {23479} | epsilon: 0.978 max: 44.67991566837153
Ep: 640 | Ep_r: 41.0 | t_so_far: {23529} | epsilon: 0.978 max: 44.67991566837153
Ep: 641 | Ep_r: 41.78 | t_so_far: {23579} | epsilon: 0.978 max: 44.67991566837153
Ep: 642 | Ep_r: 42.15 | t_so_far: {23629} | epsilon: 0.978 max: 44.67991566837153
Ep: 643 | Ep_r: 42.26 | t_so_far: {23677} | epsilon: 0.979 max: 44.67991566837153
Ep: 644 | Ep_r: 42.69 | t_so_far: {23727} | epsilon: 0.979 max: 44.67991566837153
Ep: 645 | Ep_r: 42.47 | t_so_far: {23777} | epsilon: 0.979 max: 44.67991566837153
Ep: 646 | Ep_r: 43.37 | t_so_far: {23827} | epsilon: 0.979 max: 44.67991566837153
Ep: 647 | Ep_r: 43.43 | t_so_far: {23877} | epsilon: 0.979 max: 44.67991566837153
Ep: 648 | Ep_r: 43.7 | t_so_far: {23927} | epsilon: 0.979 max: 44.67991566837153
Ep: 649 | Ep_r: 43.07 | t_so_far: {23977} | epsilon: 0.98 max: 44.67991566837153
Ep: 650 | Ep_r: 42.99 | t_so_far: {24027} | epsilon: 0.98 max: 44.67991566837153
Ep: 651 | Ep_r: 43.86 | t_so_far: {24077} | epsilon: 0.98 max: 44.67991566837153
Ep: 652 | Ep_r: 38.98 | t_so_far: {24100} | epsilon: 0.98 max: 44.67991566837153
Ep: 653 | Ep_r: 34.29 | t_so_far: {24120} | epsilon: 0.98 max: 44.67991566837153
Ep: 654 | Ep_r: 36.43 | t_so_far: {24170} | epsilon: 0.98 max: 44.67991566837153
Ep: 655 | Ep_r: 35.61 | t_so_far: {24207} | epsilon: 0.98 max: 44.67991566837153
Ep: 656 | Ep_r: 37.87 | t_so_far: {24257} | epsilon: 0.98 max: 44.67991566837153
Ep: 657 | Ep_r: 39.34 | t_so_far: {24307} | epsilon: 0.981 max: 44.67991566837153
Ep: 658 | Ep_r: 34.74 | t_so_far: {24326} | epsilon: 0.981 max: 44.67991566837153
Ep: 659 | Ep_r: 36.59 | t_so_far: {24376} | epsilon: 0.981 max: 44.67991566837153
Ep: 660 | Ep_r: 38.45 | t_so_far: {24426} | epsilon: 0.981 max: 44.67991566837153
Ep: 661 | Ep_r: 39.72 | t_so_far: {24476} | epsilon: 0.981 max: 44.67991566837153
Ep: 662 | Ep_r: 32.22 | t_so_far: {24479} | epsilon: 0.981 max: 44.67991566837153
Ep: 663 | Ep_r: 32.53 | t_so_far: {24520} | epsilon: 0.981 max: 44.67991566837153
Ep: 664 | Ep_r: 34.91 | t_so_far: {24570} | epsilon: 0.981 max: 44.67991566837153
Ep: 665 | Ep_r: 37.53 | t_so_far: {24620} | epsilon: 0.981 max: 44.67991566837153
Ep: 666 | Ep_r: 38.96 | t_so_far: {24670} | epsilon: 0.982 max: 44.67991566837153
Ep: 667 | Ep_r: 39.61 | t_so_far: {24720} | epsilon: 0.982 max: 44.67991566837153
Ep: 668 | Ep_r: 40.55 | t_so_far: {24770} | epsilon: 0.982 max: 44.67991566837153
Ep: 669 | Ep_r: 41.6 | t_so_far: {24820} | epsilon: 0.982 max: 44.67991566837153
Ep: 670 | Ep_r: 33.57 | t_so_far: {24822} | epsilon: 0.982 max: 44.67991566837153
Ep: 671 | Ep_r: 35.65 | t_so_far: {24872} | epsilon: 0.982 max: 44.67991566837153
Ep: 672 | Ep_r: 37.66 | t_so_far: {24922} | epsilon: 0.982 max: 44.67991566837153
Ep: 673 | Ep_r: 39.44 | t_so_far: {24972} | epsilon: 0.982 max: 44.67991566837153
Ep: 674 | Ep_r: 40.46 | t_so_far: {25022} | epsilon: 0.983 max: 44.67991566837153
Ep: 675 | Ep_r: 41.12 | t_so_far: {25072} | epsilon: 0.983 max: 44.67991566837153
Ep: 676 | Ep_r: 41.61 | t_so_far: {25122} | epsilon: 0.983 max: 44.67991566837153
Ep: 677 | Ep_r: 39.42 | t_so_far: {25158} | epsilon: 0.983 max: 44.67991566837153
Ep: 678 | Ep_r: 40.65 | t_so_far: {25208} | epsilon: 0.983 max: 44.67991566837153
Ep: 679 | Ep_r: 41.27 | t_so_far: {25258} | epsilon: 0.983 max: 44.67991566837153
Ep: 680 | Ep_r: 39.71 | t_so_far: {25297} | epsilon: 0.983 max: 44.67991566837153
Ep: 681 | Ep_r: 39.72 | t_so_far: {25347} | epsilon: 0.983 max: 44.67991566837153
Ep: 682 | Ep_r: 40.58 | t_so_far: {25397} | epsilon: 0.984 max: 44.67991566837153
Ep: 683 | Ep_r: 38.31 | t_so_far: {25430} | epsilon: 0.984 max: 44.67991566837153
Ep: 684 | Ep_r: 39.85 | t_so_far: {25480} | epsilon: 0.984 max: 44.67991566837153
Ep: 685 | Ep_r: 40.79 | t_so_far: {25530} | epsilon: 0.984 max: 44.67991566837153
Ep: 686 | Ep_r: 41.25 | t_so_far: {25580} | epsilon: 0.984 max: 44.67991566837153
Ep: 687 | Ep_r: 41.74 | t_so_far: {25630} | epsilon: 0.984 max: 44.67991566837153
Ep: 688 | Ep_r: 42.77 | t_so_far: {25680} | epsilon: 0.984 max: 44.67991566837153
Ep: 689 | Ep_r: 43.37 | t_so_far: {25730} | epsilon: 0.984 max: 44.67991566837153
Ep: 690 | Ep_r: 43.78 | t_so_far: {25780} | epsilon: 0.984 max: 44.67991566837153
Ep: 691 | Ep_r: 43.49 | t_so_far: {25830} | epsilon: 0.985 max: 44.67991566837153
Ep: 692 | Ep_r: 43.53 | t_so_far: {25880} | epsilon: 0.985 max: 44.67991566837153
Ep: 693 | Ep_r: 43.89 | t_so_far: {25930} | epsilon: 0.985 max: 44.67991566837153
Ep: 694 | Ep_r: 44.2 | t_so_far: {25980} | epsilon: 0.985 max: 44.67991566837153
Ep: 695 | Ep_r: 43.83 | t_so_far: {26030} | epsilon: 0.985 max: 44.67991566837153
Ep: 696 | Ep_r: 43.88 | t_so_far: {26080} | epsilon: 0.985 max: 44.67991566837153
Ep: 697 | Ep_r: 43.2 | t_so_far: {26130} | epsilon: 0.985 max: 44.67991566837153
Ep: 698 | Ep_r: 43.4 | t_so_far: {26180} | epsilon: 0.985 max: 44.67991566837153
Ep: 699 | Ep_r: 43.59 | t_so_far: {26230} | epsilon: 0.985 max: 44.67991566837153
Ep: 700 | Ep_r: 44.05 | t_so_far: {26280} | epsilon: 0.986 max: 44.67991566837153
Ep: 701 | Ep_r: 44.28 | t_so_far: {26330} | epsilon: 0.986 max: 44.67991566837153
Ep: 702 | Ep_r: 44.29 | t_so_far: {26380} | epsilon: 0.986 max: 44.67991566837153
Ep: 703 | Ep_r: 44.43 | t_so_far: {26430} | epsilon: 0.986 max: 44.67991566837153
Ep: 704 | Ep_r: 44.5 | t_so_far: {26480} | epsilon: 0.986 max: 44.67991566837153
Ep: 705 | Ep_r: 44.38 | t_so_far: {26530} | epsilon: 0.986 max: 44.67991566837153
Ep: 706 | Ep_r: 44.24 | t_so_far: {26580} | epsilon: 0.986 max: 44.67991566837153
Ep: 707 | Ep_r: 44.26 | t_so_far: {26630} | epsilon: 0.986 max: 44.67991566837153
Ep: 708 | Ep_r: 44.65 | t_so_far: {26680} | epsilon: 0.986 max: 44.67991566837153
Ep: 709 | Ep_r: 40.88 | t_so_far: {26708} | epsilon: 0.986 max: 44.67991566837153
Ep: 710 | Ep_r: 42.14 | t_so_far: {26758} | epsilon: 0.987 max: 44.67991566837153
Ep: 711 | Ep_r: 42.8 | t_so_far: {26808} | epsilon: 0.987 max: 44.67991566837153
Ep: 712 | Ep_r: 42.55 | t_so_far: {26856} | epsilon: 0.987 max: 44.67991566837153
Ep: 713 | Ep_r: 41.18 | t_so_far: {26898} | epsilon: 0.987 max: 44.67991566837153
Ep: 714 | Ep_r: 41.88 | t_so_far: {26948} | epsilon: 0.987 max: 44.67991566837153
Ep: 715 | Ep_r: 41.68 | t_so_far: {26998} | epsilon: 0.987 max: 44.67991566837153
Ep: 716 | Ep_r: 42.48 | t_so_far: {27048} | epsilon: 0.987 max: 44.67991566837153
Ep: 717 | Ep_r: 43.31 | t_so_far: {27098} | epsilon: 0.987 max: 44.67991566837153
Ep: 718 | Ep_r: 43.3 | t_so_far: {27148} | epsilon: 0.987 max: 44.67991566837153
Ep: 719 | Ep_r: 43.06 | t_so_far: {27197} | epsilon: 0.987 max: 44.67991566837153
Ep: 720 | Ep_r: 42.22 | t_so_far: {27244} | epsilon: 0.987 max: 44.67991566837153
Ep: 721 | Ep_r: 42.56 | t_so_far: {27294} | epsilon: 0.988 max: 44.67991566837153
Ep: 722 | Ep_r: 42.8 | t_so_far: {27344} | epsilon: 0.988 max: 44.67991566837153
Ep: 723 | Ep_r: 43.17 | t_so_far: {27394} | epsilon: 0.988 max: 44.67991566837153
Ep: 724 | Ep_r: 39.32 | t_so_far: {27421} | epsilon: 0.988 max: 44.67991566837153
Ep: 725 | Ep_r: 40.61 | t_so_far: {27471} | epsilon: 0.988 max: 44.67991566837153
Ep: 726 | Ep_r: 40.73 | t_so_far: {27521} | epsilon: 0.988 max: 44.67991566837153
Ep: 727 | Ep_r: 35.59 | t_so_far: {27538} | epsilon: 0.988 max: 44.67991566837153
Ep: 728 | Ep_r: 36.67 | t_so_far: {27588} | epsilon: 0.988 max: 44.67991566837153
Ep: 729 | Ep_r: 38.07 | t_so_far: {27638} | epsilon: 0.988 max: 44.67991566837153
Ep: 730 | Ep_r: 38.94 | t_so_far: {27688} | epsilon: 0.988 max: 44.67991566837153
Ep: 731 | Ep_r: 40.22 | t_so_far: {27738} | epsilon: 0.988 max: 44.67991566837153
Ep: 732 | Ep_r: 40.31 | t_so_far: {27786} | epsilon: 0.988 max: 44.67991566837153
Ep: 733 | Ep_r: 40.83 | t_so_far: {27836} | epsilon: 0.989 max: 44.67991566837153
Ep: 734 | Ep_r: 41.55 | t_so_far: {27886} | epsilon: 0.989 max: 44.67991566837153
Ep: 735 | Ep_r: 42.48 | t_so_far: {27936} | epsilon: 0.989 max: 44.67991566837153
Ep: 736 | Ep_r: 43.01 | t_so_far: {27986} | epsilon: 0.989 max: 44.67991566837153
Ep: 737 | Ep_r: 41.92 | t_so_far: {28030} | epsilon: 0.989 max: 44.67991566837153
Ep: 738 | Ep_r: 42.54 | t_so_far: {28080} | epsilon: 0.989 max: 44.67991566837153
Ep: 739 | Ep_r: 43.05 | t_so_far: {28130} | epsilon: 0.989 max: 44.67991566837153
Ep: 740 | Ep_r: 43.33 | t_so_far: {28180} | epsilon: 0.989 max: 44.67991566837153
Ep: 741 | Ep_r: 43.82 | t_so_far: {28230} | epsilon: 0.989 max: 44.67991566837153
Ep: 742 | Ep_r: 43.72 | t_so_far: {28280} | epsilon: 0.989 max: 44.67991566837153
Ep: 743 | Ep_r: 43.24 | t_so_far: {28330} | epsilon: 0.989 max: 44.67991566837153
Ep: 744 | Ep_r: 43.26 | t_so_far: {28380} | epsilon: 0.989 max: 44.67991566837153
Ep: 745 | Ep_r: 43.45 | t_so_far: {28430} | epsilon: 0.989 max: 44.67991566837153
Ep: 746 | Ep_r: 44.03 | t_so_far: {28480} | epsilon: 0.99 max: 44.67991566837153
Ep: 747 | Ep_r: 43.76 | t_so_far: {28530} | epsilon: 0.99 max: 44.67991566837153
Ep: 748 | Ep_r: 43.98 | t_so_far: {28580} | epsilon: 0.99 max: 44.67991566837153
Ep: 749 | Ep_r: 43.83 | t_so_far: {28630} | epsilon: 0.99 max: 44.67991566837153
Ep: 750 | Ep_r: 44.0 | t_so_far: {28680} | epsilon: 0.99 max: 44.67991566837153
Ep: 751 | Ep_r: 43.78 | t_so_far: {28730} | epsilon: 0.99 max: 44.67991566837153
Ep: 752 | Ep_r: 38.04 | t_so_far: {28746} | epsilon: 0.99 max: 44.67991566837153
Ep: 753 | Ep_r: 39.26 | t_so_far: {28796} | epsilon: 0.99 max: 44.67991566837153
Ep: 754 | Ep_r: 40.14 | t_so_far: {28846} | epsilon: 0.99 max: 44.67991566837153
Ep: 755 | Ep_r: 40.24 | t_so_far: {28896} | epsilon: 0.99 max: 44.67991566837153
Ep: 756 | Ep_r: 40.53 | t_so_far: {28946} | epsilon: 0.99 max: 44.67991566837153
Ep: 757 | Ep_r: 41.38 | t_so_far: {28996} | epsilon: 0.99 max: 44.67991566837153
Ep: 758 | Ep_r: 41.06 | t_so_far: {29046} | epsilon: 0.99 max: 44.67991566837153
Ep: 759 | Ep_r: 41.0 | t_so_far: {29096} | epsilon: 0.99 max: 44.67991566837153
Ep: 760 | Ep_r: 40.62 | t_so_far: {29146} | epsilon: 0.991 max: 44.67991566837153
Ep: 761 | Ep_r: 41.32 | t_so_far: {29196} | epsilon: 0.991 max: 44.67991566837153
Ep: 762 | Ep_r: 41.75 | t_so_far: {29246} | epsilon: 0.991 max: 44.67991566837153
Ep: 763 | Ep_r: 41.51 | t_so_far: {29296} | epsilon: 0.991 max: 44.67991566837153
Ep: 764 | Ep_r: 42.14 | t_so_far: {29346} | epsilon: 0.991 max: 44.67991566837153
Ep: 765 | Ep_r: 42.38 | t_so_far: {29396} | epsilon: 0.991 max: 44.67991566837153
Ep: 766 | Ep_r: 41.68 | t_so_far: {29446} | epsilon: 0.991 max: 44.67991566837153
Ep: 767 | Ep_r: 41.14 | t_so_far: {29496} | epsilon: 0.991 max: 44.67991566837153
Ep: 768 | Ep_r: 41.16 | t_so_far: {29546} | epsilon: 0.991 max: 44.67991566837153
Ep: 769 | Ep_r: 41.06 | t_so_far: {29596} | epsilon: 0.991 max: 44.67991566837153
Ep: 770 | Ep_r: 41.32 | t_so_far: {29646} | epsilon: 0.991 max: 44.67991566837153
Ep: 771 | Ep_r: 40.76 | t_so_far: {29696} | epsilon: 0.991 max: 44.67991566837153
Ep: 772 | Ep_r: 40.94 | t_so_far: {29746} | epsilon: 0.991 max: 44.67991566837153
Ep: 773 | Ep_r: 40.49 | t_so_far: {29796} | epsilon: 0.991 max: 44.67991566837153
Ep: 774 | Ep_r: 40.68 | t_so_far: {29846} | epsilon: 0.991 max: 44.67991566837153
Ep: 775 | Ep_r: 41.5 | t_so_far: {29896} | epsilon: 0.991 max: 44.67991566837153
Ep: 776 | Ep_r: 42.09 | t_so_far: {29946} | epsilon: 0.992 max: 44.67991566837153
Ep: 777 | Ep_r: 41.45 | t_so_far: {29996} | epsilon: 0.992 max: 44.67991566837153
Ep: 778 | Ep_r: 41.31 | t_so_far: {30046} | epsilon: 0.992 max: 44.67991566837153
Ep: 779 | Ep_r: 40.83 | t_so_far: {30096} | epsilon: 0.992 max: 44.67991566837153
Ep: 780 | Ep_r: 40.49 | t_so_far: {30146} | epsilon: 0.992 max: 44.67991566837153
Ep: 781 | Ep_r: 40.08 | t_so_far: {30196} | epsilon: 0.992 max: 44.67991566837153
Ep: 782 | Ep_r: 40.8 | t_so_far: {30246} | epsilon: 0.992 max: 44.67991566837153
Ep: 783 | Ep_r: 41.79 | t_so_far: {30296} | epsilon: 0.992 max: 44.67991566837153
Ep: 784 | Ep_r: 41.23 | t_so_far: {30346} | epsilon: 0.992 max: 44.67991566837153
Ep: 785 | Ep_r: 41.39 | t_so_far: {30396} | epsilon: 0.992 max: 44.67991566837153
Ep: 786 | Ep_r: 40.82 | t_so_far: {30446} | epsilon: 0.992 max: 44.67991566837153
Ep: 787 | Ep_r: 41.12 | t_so_far: {30496} | epsilon: 0.992 max: 44.67991566837153
Ep: 788 | Ep_r: 38.05 | t_so_far: {30525} | epsilon: 0.992 max: 44.67991566837153
Ep: 789 | Ep_r: 39.11 | t_so_far: {30575} | epsilon: 0.992 max: 44.67991566837153
Ep: 790 | Ep_r: 40.18 | t_so_far: {30625} | epsilon: 0.992 max: 44.67991566837153
Ep: 791 | Ep_r: 41.1 | t_so_far: {30675} | epsilon: 0.992 max: 44.67991566837153
Ep: 792 | Ep_r: 40.68 | t_so_far: {30725} | epsilon: 0.992 max: 44.67991566837153
Ep: 793 | Ep_r: 40.48 | t_so_far: {30772} | epsilon: 0.992 max: 44.67991566837153
Ep: 794 | Ep_r: 40.78 | t_so_far: {30822} | epsilon: 0.993 max: 44.67991566837153
Ep: 795 | Ep_r: 40.42 | t_so_far: {30872} | epsilon: 0.993 max: 44.67991566837153
Ep: 796 | Ep_r: 41.18 | t_so_far: {30922} | epsilon: 0.993 max: 44.67991566837153
Ep: 797 | Ep_r: 40.75 | t_so_far: {30972} | epsilon: 0.993 max: 44.67991566837153
Ep: 798 | Ep_r: 41.24 | t_so_far: {31022} | epsilon: 0.993 max: 44.67991566837153
Ep: 799 | Ep_r: 41.48 | t_so_far: {31072} | epsilon: 0.993 max: 44.67991566837153
Ep: 800 | Ep_r: 41.54 | t_so_far: {31122} | epsilon: 0.993 max: 44.67991566837153
Ep: 801 | Ep_r: 42.39 | t_so_far: {31172} | epsilon: 0.993 max: 44.67991566837153
Ep: 802 | Ep_r: 39.2 | t_so_far: {31202} | epsilon: 0.993 max: 44.67991566837153
Ep: 803 | Ep_r: 39.14 | t_so_far: {31252} | epsilon: 0.993 max: 44.67991566837153
Ep: 804 | Ep_r: 40.51 | t_so_far: {31302} | epsilon: 0.993 max: 44.67991566837153
Ep: 805 | Ep_r: 41.36 | t_so_far: {31352} | epsilon: 0.993 max: 44.67991566837153
Ep: 806 | Ep_r: 37.56 | t_so_far: {31375} | epsilon: 0.993 max: 44.67991566837153
Ep: 807 | Ep_r: 38.27 | t_so_far: {31425} | epsilon: 0.993 max: 44.67991566837153
Ep: 808 | Ep_r: 38.39 | t_so_far: {31475} | epsilon: 0.993 max: 44.67991566837153
Ep: 809 | Ep_r: 39.65 | t_so_far: {31525} | epsilon: 0.993 max: 44.67991566837153
Ep: 810 | Ep_r: 40.5 | t_so_far: {31575} | epsilon: 0.993 max: 44.67991566837153
Ep: 811 | Ep_r: 40.31 | t_so_far: {31625} | epsilon: 0.993 max: 44.67991566837153
Ep: 812 | Ep_r: 40.4 | t_so_far: {31675} | epsilon: 0.993 max: 44.67991566837153
Ep: 813 | Ep_r: 40.41 | t_so_far: {31725} | epsilon: 0.993 max: 44.67991566837153
Ep: 814 | Ep_r: 40.15 | t_so_far: {31775} | epsilon: 0.993 max: 44.67991566837153
Ep: 815 | Ep_r: 40.61 | t_so_far: {31825} | epsilon: 0.993 max: 44.67991566837153
Ep: 816 | Ep_r: 42.0 | t_so_far: {31875} | epsilon: 0.994 max: 44.67991566837153
Ep: 817 | Ep_r: 42.82 | t_so_far: {31925} | epsilon: 0.994 max: 44.67991566837153
Ep: 818 | Ep_r: 43.17 | t_so_far: {31975} | epsilon: 0.994 max: 44.67991566837153
Ep: 819 | Ep_r: 43.82 | t_so_far: {32025} | epsilon: 0.994 max: 44.67991566837153
Ep: 820 | Ep_r: 43.53 | t_so_far: {32075} | epsilon: 0.994 max: 44.67991566837153
Ep: 821 | Ep_r: 43.15 | t_so_far: {32125} | epsilon: 0.994 max: 44.67991566837153
Ep: 822 | Ep_r: 43.97 | t_so_far: {32175} | epsilon: 0.994 max: 44.67991566837153
Ep: 823 | Ep_r: 44.44 | t_so_far: {32225} | epsilon: 0.994 max: 44.67991566837153
Ep: 824 | Ep_r: 44.26 | t_so_far: {32275} | epsilon: 0.994 max: 44.67991566837153
Ep: 825 | Ep_r: 43.68 | t_so_far: {32325} | epsilon: 0.994 max: 44.67991566837153
Ep: 826 | Ep_r: 43.76 | t_so_far: {32375} | epsilon: 0.994 max: 44.67991566837153
Ep: 827 | Ep_r: 44.46 | t_so_far: {32425} | epsilon: 0.994 max: 44.67991566837153
Ep: 828 | Ep_r: 44.45 | t_so_far: {32475} | epsilon: 0.994 max: 44.67991566837153
Ep: 829 | Ep_r: 43.39 | t_so_far: {32525} | epsilon: 0.994 max: 44.67991566837153
Ep: 830 | Ep_r: 43.53 | t_so_far: {32575} | epsilon: 0.994 max: 44.67991566837153
Ep: 831 | Ep_r: 43.87 | t_so_far: {32625} | epsilon: 0.994 max: 44.67991566837153
Ep: 832 | Ep_r: 44.67 | t_so_far: {32675} | epsilon: 0.994 max: 44.67991566837153
Ep: 833 | Ep_r: 44.6 | t_so_far: {32725} | epsilon: 0.994 max: 44.67991566837153
Ep: 834 | Ep_r: 43.91 | t_so_far: {32775} | epsilon: 0.994 max: 44.67991566837153
Ep: 835 | Ep_r: 44.08 | t_so_far: {32825} | epsilon: 0.994 max: 44.67991566837153
Ep: 836 | Ep_r: 39.02 | t_so_far: {32849} | epsilon: 0.994 max: 44.67991566837153
Ep: 837 | Ep_r: 40.13 | t_so_far: {32899} | epsilon: 0.994 max: 44.67991566837153
Ep: 838 | Ep_r: 41.06 | t_so_far: {32949} | epsilon: 0.994 max: 44.67991566837153
Ep: 839 | Ep_r: 41.56 | t_so_far: {32999} | epsilon: 0.994 max: 44.67991566837153
Ep: 840 | Ep_r: 42.56 | t_so_far: {33049} | epsilon: 0.994 max: 44.67991566837153
Ep: 841 | Ep_r: 43.33 | t_so_far: {33099} | epsilon: 0.994 max: 44.67991566837153
Ep: 842 | Ep_r: 44.29 | t_so_far: {33149} | epsilon: 0.995 max: 44.67991566837153
Ep: 843 | Ep_r: 36.56 | t_so_far: {33156} | epsilon: 0.995 max: 44.67991566837153
Ep: 844 | Ep_r: 38.59 | t_so_far: {33206} | epsilon: 0.995 max: 44.67991566837153
Ep: 845 | Ep_r: 40.09 | t_so_far: {33256} | epsilon: 0.995 max: 44.67991566837153
Ep: 846 | Ep_r: 41.56 | t_so_far: {33306} | epsilon: 0.995 max: 44.67991566837153
Ep: 847 | Ep_r: 38.27 | t_so_far: {33335} | epsilon: 0.995 max: 44.67991566837153
Ep: 848 | Ep_r: 39.44 | t_so_far: {33385} | epsilon: 0.995 max: 44.67991566837153
Ep: 849 | Ep_r: 41.15 | t_so_far: {33435} | epsilon: 0.995 max: 44.67991566837153
Ep: 850 | Ep_r: 42.28 | t_so_far: {33485} | epsilon: 0.995 max: 44.67991566837153
Ep: 851 | Ep_r: 42.91 | t_so_far: {33535} | epsilon: 0.995 max: 44.67991566837153
Ep: 852 | Ep_r: 43.37 | t_so_far: {33585} | epsilon: 0.995 max: 44.67991566837153
Ep: 853 | Ep_r: 43.79 | t_so_far: {33635} | epsilon: 0.995 max: 44.67991566837153
Ep: 854 | Ep_r: 44.47 | t_so_far: {33685} | epsilon: 0.995 max: 44.67991566837153
Ep: 855 | Ep_r: 44.51 | t_so_far: {33735} | epsilon: 0.995 max: 44.67991566837153
Ep: 856 | Ep_r: 44.61 | t_so_far: {33785} | epsilon: 0.995 max: 44.67991566837153
Ep: 857 | Ep_r: 45.42 | t_so_far: {33835} | epsilon: 0.995 max: 45.42136860647957
Ep: 858 | Ep_r: 45.58 | t_so_far: {33885} | epsilon: 0.995 max: 45.5815393296281
Ep: 859 | Ep_r: 45.22 | t_so_far: {33935} | epsilon: 0.995 max: 45.5815393296281
Ep: 860 | Ep_r: 44.82 | t_so_far: {33985} | epsilon: 0.995 max: 45.5815393296281
Ep: 861 | Ep_r: 45.15 | t_so_far: {34035} | epsilon: 0.995 max: 45.5815393296281
Ep: 862 | Ep_r: 40.16 | t_so_far: {34059} | epsilon: 0.995 max: 45.5815393296281
Ep: 863 | Ep_r: 40.57 | t_so_far: {34106} | epsilon: 0.995 max: 45.5815393296281
Ep: 864 | Ep_r: 41.77 | t_so_far: {34156} | epsilon: 0.995 max: 45.5815393296281
Ep: 865 | Ep_r: 41.88 | t_so_far: {34201} | epsilon: 0.995 max: 45.5815393296281
Ep: 866 | Ep_r: 42.93 | t_so_far: {34251} | epsilon: 0.995 max: 45.5815393296281
Ep: 867 | Ep_r: 43.99 | t_so_far: {34301} | epsilon: 0.995 max: 45.5815393296281
Ep: 868 | Ep_r: 44.41 | t_so_far: {34351} | epsilon: 0.995 max: 45.5815393296281
Ep: 869 | Ep_r: 38.6 | t_so_far: {34368} | epsilon: 0.995 max: 45.5815393296281
Ep: 870 | Ep_r: 39.92 | t_so_far: {34418} | epsilon: 0.995 max: 45.5815393296281
Ep: 871 | Ep_r: 34.89 | t_so_far: {34434} | epsilon: 0.995 max: 45.5815393296281
Ep: 872 | Ep_r: 37.4 | t_so_far: {34484} | epsilon: 0.995 max: 45.5815393296281
Ep: 873 | Ep_r: 39.19 | t_so_far: {34534} | epsilon: 0.995 max: 45.5815393296281
Ep: 874 | Ep_r: 38.93 | t_so_far: {34577} | epsilon: 0.995 max: 45.5815393296281
Ep: 875 | Ep_r: 39.94 | t_so_far: {34627} | epsilon: 0.995 max: 45.5815393296281
Ep: 876 | Ep_r: 40.95 | t_so_far: {34677} | epsilon: 0.995 max: 45.5815393296281
Ep: 877 | Ep_r: 42.07 | t_so_far: {34727} | epsilon: 0.996 max: 45.5815393296281
Ep: 878 | Ep_r: 41.19 | t_so_far: {34777} | epsilon: 0.996 max: 45.5815393296281
Ep: 879 | Ep_r: 33.44 | t_so_far: {34781} | epsilon: 0.996 max: 45.5815393296281
Ep: 880 | Ep_r: 29.71 | t_so_far: {34800} | epsilon: 0.996 max: 45.5815393296281
Ep: 881 | Ep_r: 32.41 | t_so_far: {34850} | epsilon: 0.996 max: 45.5815393296281
Ep: 882 | Ep_r: 35.11 | t_so_far: {34900} | epsilon: 0.996 max: 45.5815393296281
Ep: 883 | Ep_r: 36.91 | t_so_far: {34950} | epsilon: 0.996 max: 45.5815393296281
Ep: 884 | Ep_r: 34.9 | t_so_far: {34987} | epsilon: 0.996 max: 45.5815393296281
Ep: 885 | Ep_r: 35.63 | t_so_far: {35037} | epsilon: 0.996 max: 45.5815393296281
Ep: 886 | Ep_r: 37.15 | t_so_far: {35087} | epsilon: 0.996 max: 45.5815393296281
Ep: 887 | Ep_r: 37.9 | t_so_far: {35137} | epsilon: 0.996 max: 45.5815393296281
Ep: 888 | Ep_r: 39.5 | t_so_far: {35187} | epsilon: 0.996 max: 45.5815393296281
Ep: 889 | Ep_r: 39.91 | t_so_far: {35237} | epsilon: 0.996 max: 45.5815393296281
Ep: 890 | Ep_r: 40.77 | t_so_far: {35287} | epsilon: 0.996 max: 45.5815393296281
Ep: 891 | Ep_r: 41.22 | t_so_far: {35337} | epsilon: 0.996 max: 45.5815393296281
Ep: 892 | Ep_r: 41.6 | t_so_far: {35387} | epsilon: 0.996 max: 45.5815393296281
Ep: 893 | Ep_r: 42.61 | t_so_far: {35437} | epsilon: 0.996 max: 45.5815393296281
Ep: 894 | Ep_r: 37.49 | t_so_far: {35459} | epsilon: 0.996 max: 45.5815393296281
Ep: 895 | Ep_r: 38.77 | t_so_far: {35509} | epsilon: 0.996 max: 45.5815393296281
Ep: 896 | Ep_r: 39.99 | t_so_far: {35559} | epsilon: 0.996 max: 45.5815393296281
Ep: 897 | Ep_r: 41.15 | t_so_far: {35609} | epsilon: 0.996 max: 45.5815393296281
Ep: 898 | Ep_r: 41.9 | t_so_far: {35659} | epsilon: 0.996 max: 45.5815393296281
Ep: 899 | Ep_r: 43.07 | t_so_far: {35709} | epsilon: 0.996 max: 45.5815393296281
Ep: 900 | Ep_r: 43.3 | t_so_far: {35759} | epsilon: 0.996 max: 45.5815393296281
Ep: 901 | Ep_r: 43.53 | t_so_far: {35809} | epsilon: 0.996 max: 45.5815393296281
Ep: 902 | Ep_r: 43.71 | t_so_far: {35859} | epsilon: 0.996 max: 45.5815393296281
Ep: 903 | Ep_r: 43.53 | t_so_far: {35909} | epsilon: 0.996 max: 45.5815393296281
Ep: 904 | Ep_r: 44.07 | t_so_far: {35959} | epsilon: 0.996 max: 45.5815393296281
Ep: 905 | Ep_r: 44.25 | t_so_far: {36009} | epsilon: 0.996 max: 45.5815393296281
Ep: 906 | Ep_r: 44.36 | t_so_far: {36059} | epsilon: 0.996 max: 45.5815393296281
Ep: 907 | Ep_r: 45.15 | t_so_far: {36109} | epsilon: 0.996 max: 45.5815393296281
Ep: 908 | Ep_r: 45.52 | t_so_far: {36159} | epsilon: 0.996 max: 45.5815393296281
Ep: 909 | Ep_r: 45.64 | t_so_far: {36209} | epsilon: 0.996 max: 45.64004251980156
Ep: 910 | Ep_r: 45.91 | t_so_far: {36259} | epsilon: 0.996 max: 45.91203401584125
Ep: 911 | Ep_r: 45.89 | t_so_far: {36309} | epsilon: 0.996 max: 45.91203401584125
Ep: 912 | Ep_r: 46.15 | t_so_far: {36359} | epsilon: 0.996 max: 46.15259065902728
Ep: 913 | Ep_r: 46.03 | t_so_far: {36409} | epsilon: 0.996 max: 46.15259065902728
Ep: 914 | Ep_r: 46.4 | t_so_far: {36459} | epsilon: 0.996 max: 46.404324688444134
Ep: 915 | Ep_r: 45.99 | t_so_far: {36509} | epsilon: 0.996 max: 46.404324688444134
Ep: 916 | Ep_r: 45.77 | t_so_far: {36559} | epsilon: 0.996 max: 46.404324688444134
Ep: 917 | Ep_r: 45.73 | t_so_far: {36609} | epsilon: 0.996 max: 46.404324688444134
Ep: 918 | Ep_r: 45.67 | t_so_far: {36659} | epsilon: 0.996 max: 46.404324688444134
Ep: 919 | Ep_r: 45.58 | t_so_far: {36709} | epsilon: 0.996 max: 46.404324688444134
Ep: 920 | Ep_r: 45.4 | t_so_far: {36759} | epsilon: 0.996 max: 46.404324688444134
Ep: 921 | Ep_r: 45.39 | t_so_far: {36809} | epsilon: 0.997 max: 46.404324688444134
Ep: 922 | Ep_r: 45.73 | t_so_far: {36859} | epsilon: 0.997 max: 46.404324688444134
Ep: 923 | Ep_r: 46.3 | t_so_far: {36909} | epsilon: 0.997 max: 46.404324688444134
Ep: 924 | Ep_r: 46.24 | t_so_far: {36959} | epsilon: 0.997 max: 46.404324688444134
Ep: 925 | Ep_r: 45.9 | t_so_far: {37009} | epsilon: 0.997 max: 46.404324688444134
Ep: 926 | Ep_r: 44.16 | t_so_far: {37051} | epsilon: 0.997 max: 46.404324688444134
Ep: 927 | Ep_r: 44.84 | t_so_far: {37101} | epsilon: 0.997 max: 46.404324688444134
Ep: 928 | Ep_r: 44.36 | t_so_far: {37151} | epsilon: 0.997 max: 46.404324688444134
Ep: 929 | Ep_r: 44.67 | t_so_far: {37201} | epsilon: 0.997 max: 46.404324688444134
Ep: 930 | Ep_r: 44.67 | t_so_far: {37251} | epsilon: 0.997 max: 46.404324688444134
Ep: 931 | Ep_r: 44.51 | t_so_far: {37301} | epsilon: 0.997 max: 46.404324688444134
Ep: 932 | Ep_r: 43.85 | t_so_far: {37351} | epsilon: 0.997 max: 46.404324688444134
Ep: 933 | Ep_r: 43.79 | t_so_far: {37401} | epsilon: 0.997 max: 46.404324688444134
Ep: 934 | Ep_r: 43.55 | t_so_far: {37451} | epsilon: 0.997 max: 46.404324688444134
Ep: 935 | Ep_r: 42.84 | t_so_far: {37501} | epsilon: 0.997 max: 46.404324688444134
Ep: 936 | Ep_r: 42.09 | t_so_far: {37551} | epsilon: 0.997 max: 46.404324688444134
Ep: 937 | Ep_r: 41.38 | t_so_far: {37601} | epsilon: 0.997 max: 46.404324688444134
Ep: 938 | Ep_r: 41.89 | t_so_far: {37651} | epsilon: 0.997 max: 46.404324688444134
Ep: 939 | Ep_r: 42.66 | t_so_far: {37701} | epsilon: 0.997 max: 46.404324688444134
Ep: 940 | Ep_r: 43.13 | t_so_far: {37751} | epsilon: 0.997 max: 46.404324688444134
Ep: 941 | Ep_r: 42.33 | t_so_far: {37801} | epsilon: 0.997 max: 46.404324688444134
Ep: 942 | Ep_r: 42.57 | t_so_far: {37851} | epsilon: 0.997 max: 46.404324688444134
Ep: 943 | Ep_r: 42.04 | t_so_far: {37901} | epsilon: 0.997 max: 46.404324688444134
Ep: 944 | Ep_r: 41.67 | t_so_far: {37951} | epsilon: 0.997 max: 46.404324688444134
Ep: 945 | Ep_r: 41.65 | t_so_far: {38001} | epsilon: 0.997 max: 46.404324688444134
Ep: 946 | Ep_r: 41.92 | t_so_far: {38051} | epsilon: 0.997 max: 46.404324688444134
Ep: 947 | Ep_r: 41.58 | t_so_far: {38101} | epsilon: 0.997 max: 46.404324688444134
Ep: 948 | Ep_r: 37.24 | t_so_far: {38123} | epsilon: 0.997 max: 46.404324688444134
Ep: 949 | Ep_r: 37.99 | t_so_far: {38173} | epsilon: 0.997 max: 46.404324688444134
Ep: 950 | Ep_r: 39.33 | t_so_far: {38223} | epsilon: 0.997 max: 46.404324688444134
Ep: 951 | Ep_r: 41.17 | t_so_far: {38273} | epsilon: 0.997 max: 46.404324688444134
Ep: 952 | Ep_r: 41.98 | t_so_far: {38323} | epsilon: 0.997 max: 46.404324688444134
Ep: 953 | Ep_r: 42.61 | t_so_far: {38373} | epsilon: 0.997 max: 46.404324688444134
Ep: 954 | Ep_r: 43.06 | t_so_far: {38423} | epsilon: 0.997 max: 46.404324688444134
Ep: 955 | Ep_r: 42.92 | t_so_far: {38473} | epsilon: 0.997 max: 46.404324688444134
Ep: 956 | Ep_r: 37.8 | t_so_far: {38495} | epsilon: 0.997 max: 46.404324688444134
Ep: 957 | Ep_r: 39.57 | t_so_far: {38545} | epsilon: 0.997 max: 46.404324688444134
Ep: 958 | Ep_r: 40.68 | t_so_far: {38595} | epsilon: 0.997 max: 46.404324688444134
Ep: 959 | Ep_r: 41.12 | t_so_far: {38645} | epsilon: 0.997 max: 46.404324688444134
Ep: 960 | Ep_r: 41.65 | t_so_far: {38695} | epsilon: 0.997 max: 46.404324688444134
Ep: 961 | Ep_r: 41.88 | t_so_far: {38743} | epsilon: 0.997 max: 46.404324688444134
Ep: 962 | Ep_r: 42.57 | t_so_far: {38793} | epsilon: 0.997 max: 46.404324688444134
Ep: 963 | Ep_r: 43.08 | t_so_far: {38843} | epsilon: 0.997 max: 46.404324688444134
Ep: 964 | Ep_r: 43.2 | t_so_far: {38893} | epsilon: 0.997 max: 46.404324688444134
Ep: 965 | Ep_r: 43.67 | t_so_far: {38943} | epsilon: 0.997 max: 46.404324688444134
Ep: 966 | Ep_r: 44.16 | t_so_far: {38993} | epsilon: 0.997 max: 46.404324688444134
Ep: 967 | Ep_r: 44.41 | t_so_far: {39043} | epsilon: 0.997 max: 46.404324688444134
Ep: 968 | Ep_r: 44.0 | t_so_far: {39093} | epsilon: 0.997 max: 46.404324688444134
Ep: 969 | Ep_r: 44.38 | t_so_far: {39143} | epsilon: 0.997 max: 46.404324688444134
Ep: 970 | Ep_r: 44.28 | t_so_far: {39193} | epsilon: 0.997 max: 46.404324688444134
Ep: 971 | Ep_r: 44.78 | t_so_far: {39243} | epsilon: 0.997 max: 46.404324688444134
Ep: 972 | Ep_r: 45.29 | t_so_far: {39293} | epsilon: 0.997 max: 46.404324688444134
Ep: 973 | Ep_r: 45.52 | t_so_far: {39343} | epsilon: 0.997 max: 46.404324688444134
Ep: 974 | Ep_r: 46.06 | t_so_far: {39393} | epsilon: 0.997 max: 46.404324688444134
Ep: 975 | Ep_r: 46.03 | t_so_far: {39443} | epsilon: 0.997 max: 46.404324688444134
Ep: 976 | Ep_r: 45.64 | t_so_far: {39493} | epsilon: 0.997 max: 46.404324688444134
Ep: 977 | Ep_r: 45.78 | t_so_far: {39543} | epsilon: 0.997 max: 46.404324688444134
Ep: 978 | Ep_r: 45.67 | t_so_far: {39593} | epsilon: 0.997 max: 46.404324688444134
Ep: 979 | Ep_r: 45.6 | t_so_far: {39643} | epsilon: 0.997 max: 46.404324688444134
Ep: 980 | Ep_r: 45.86 | t_so_far: {39693} | epsilon: 0.997 max: 46.404324688444134
Ep: 981 | Ep_r: 45.62 | t_so_far: {39743} | epsilon: 0.997 max: 46.404324688444134
Ep: 982 | Ep_r: 45.52 | t_so_far: {39793} | epsilon: 0.997 max: 46.404324688444134
Ep: 983 | Ep_r: 45.93 | t_so_far: {39843} | epsilon: 0.997 max: 46.404324688444134
Ep: 984 | Ep_r: 45.83 | t_so_far: {39893} | epsilon: 0.997 max: 46.404324688444134
Ep: 985 | Ep_r: 44.58 | t_so_far: {39936} | epsilon: 0.997 max: 46.404324688444134
Ep: 986 | Ep_r: 44.77 | t_so_far: {39986} | epsilon: 0.998 max: 46.404324688444134
Ep: 987 | Ep_r: 44.77 | t_so_far: {40036} | epsilon: 0.998 max: 46.404324688444134
Ep: 988 | Ep_r: 44.64 | t_so_far: {40086} | epsilon: 0.998 max: 46.404324688444134
Ep: 989 | Ep_r: 44.49 | t_so_far: {40136} | epsilon: 0.998 max: 46.404324688444134
Ep: 990 | Ep_r: 45.1 | t_so_far: {40186} | epsilon: 0.998 max: 46.404324688444134
Ep: 991 | Ep_r: 45.3 | t_so_far: {40236} | epsilon: 0.998 max: 46.404324688444134
Ep: 992 | Ep_r: 44.64 | t_so_far: {40286} | epsilon: 0.998 max: 46.404324688444134
Ep: 993 | Ep_r: 44.91 | t_so_far: {40336} | epsilon: 0.998 max: 46.404324688444134
Ep: 994 | Ep_r: 40.13 | t_so_far: {40360} | epsilon: 0.998 max: 46.404324688444134
Ep: 995 | Ep_r: 40.93 | t_so_far: {40410} | epsilon: 0.998 max: 46.404324688444134
Ep: 996 | Ep_r: 41.81 | t_so_far: {40460} | epsilon: 0.998 max: 46.404324688444134
Ep: 997 | Ep_r: 42.45 | t_so_far: {40510} | epsilon: 0.998 max: 46.404324688444134
Ep: 998 | Ep_r: 43.11 | t_so_far: {40560} | epsilon: 0.998 max: 46.404324688444134
Ep: 999 | Ep_r: 43.49 | t_so_far: {40610} | epsilon: 0.998 max: 46.404324688444134
Ep: 1000 | Ep_r: 43.44 | t_so_far: {40660} | epsilon: 0.998 max: 46.404324688444134
pygame 2.1.0 (SDL 2.0.16, Python 3.8.0)
Hello from the pygame community. https://www.pygame.org/contribute.html
Successfully set seed to 2
MultiAttentionNetwork(
  (features): Sequential(
    (0): Conv2d(4, 32, kernel_size=(8, 8), stride=(4, 4))
    (1): ReLU()
    (2): Conv2d(32, 64, kernel_size=(4, 4), stride=(2, 2))
    (3): ReLU()
    (4): Conv2d(64, 64, kernel_size=(3, 3), stride=(1, 1))
    (5): ReLU()
  )
  (attention): NONLocalBlock2D(
    (g): Conv2d(64, 32, kernel_size=(1, 1), stride=(1, 1))
    (W): Conv2d(32, 64, kernel_size=(1, 1), stride=(1, 1))
    (theta): Conv2d(64, 32, kernel_size=(1, 1), stride=(1, 1))
    (phi): Conv2d(64, 32, kernel_size=(1, 1), stride=(1, 1))
  )
  (advantage): Sequential(
    (0): Linear(in_features=68224, out_features=512, bias=True)
    (1): ReLU()
    (2): Linear(in_features=512, out_features=5, bias=True)
  )
  (value): Sequential(
    (0): Linear(in_features=68224, out_features=512, bias=True)
    (1): ReLU()
    (2): Linear(in_features=512, out_features=1, bias=True)
  )
  (output): None
  (ego_embedding): Sequential(
    (0): Linear(in_features=7, out_features=64, bias=True)
    (1): ReLU()
    (2): Linear(in_features=64, out_features=64, bias=True)
    (3): ReLU()
  )
  (others_embedding): Sequential(
    (0): Linear(in_features=7, out_features=64, bias=True)
    (1): ReLU()
    (2): Linear(in_features=64, out_features=64, bias=True)
    (3): ReLU()
  )
  (attention_layer): EgoAttetion(
    (value_all): Linear(in_features=64, out_features=64, bias=False)
    (key_all): Linear(in_features=64, out_features=64, bias=False)
    (query_ego): Linear(in_features=64, out_features=64, bias=False)
    (attention_combine): Linear(in_features=64, out_features=64, bias=False)
  )
  (decoder): Sequential(
    (0): Linear(in_features=64, out_features=64, bias=True)
    (1): ReLU()
    (2): Linear(in_features=64, out_features=64, bias=True)
    (3): ReLU()
  )
)
====================================
Model has been loaded...
====================================
./agent.py:220: UserWarning: Creating a tensor from a list of numpy.ndarrays is extremely slow. Please consider converting the list to a single numpy.ndarray with numpy.array() before converting to a tensor. (Triggered internally at  /opt/conda/conda-bld/pytorch_1646755903507/work/torch/csrc/utils/tensor_new.cpp:210.)
  return (torch.tensor([state['kinematics']], dtype=torch.float), state_image)
step: 49, ep_reward: 47.40000000000001
step: 49, ep_reward: 44.466666666666676
step: 39, ep_reward: 37.36666666666667
step: 44, ep_reward: 42.86666666666667
step: 25, ep_reward: 22.533333333333342
step: 49, ep_reward: 49.5
step: 24, ep_reward: 22.733333333333338
step: 33, ep_reward: 31.16666666666667
step: 49, ep_reward: 45.166666666666686
step: 49, ep_reward: 46.06666666666667
pygame 2.1.0 (SDL 2.0.16, Python 3.8.0)
Hello from the pygame community. https://www.pygame.org/contribute.html
Successfully set seed to 2
MultiAttentionNetwork(
  (features): Sequential(
    (0): Conv2d(4, 32, kernel_size=(8, 8), stride=(4, 4))
    (1): ReLU()
    (2): Conv2d(32, 64, kernel_size=(4, 4), stride=(2, 2))
    (3): ReLU()
    (4): Conv2d(64, 64, kernel_size=(3, 3), stride=(1, 1))
    (5): ReLU()
  )
  (attention): NONLocalBlock2D(
    (g): Conv2d(64, 32, kernel_size=(1, 1), stride=(1, 1))
    (W): Conv2d(32, 64, kernel_size=(1, 1), stride=(1, 1))
    (theta): Conv2d(64, 32, kernel_size=(1, 1), stride=(1, 1))
    (phi): Conv2d(64, 32, kernel_size=(1, 1), stride=(1, 1))
  )
  (advantage): Sequential(
    (0): Linear(in_features=68224, out_features=512, bias=True)
    (1): ReLU()
    (2): Linear(in_features=512, out_features=5, bias=True)
  )
  (value): Sequential(
    (0): Linear(in_features=68224, out_features=512, bias=True)
    (1): ReLU()
    (2): Linear(in_features=512, out_features=1, bias=True)
  )
  (output): None
  (ego_embedding): Sequential(
    (0): Linear(in_features=7, out_features=64, bias=True)
    (1): ReLU()
    (2): Linear(in_features=64, out_features=64, bias=True)
    (3): ReLU()
  )
  (others_embedding): Sequential(
    (0): Linear(in_features=7, out_features=64, bias=True)
    (1): ReLU()
    (2): Linear(in_features=64, out_features=64, bias=True)
    (3): ReLU()
  )
  (attention_layer): EgoAttetion(
    (value_all): Linear(in_features=64, out_features=64, bias=False)
    (key_all): Linear(in_features=64, out_features=64, bias=False)
    (query_ego): Linear(in_features=64, out_features=64, bias=False)
    (attention_combine): Linear(in_features=64, out_features=64, bias=False)
  )
  (decoder): Sequential(
    (0): Linear(in_features=64, out_features=64, bias=True)
    (1): ReLU()
    (2): Linear(in_features=64, out_features=64, bias=True)
    (3): ReLU()
  )
)
====================================
Model has been loaded...
====================================
./agent.py:220: UserWarning: Creating a tensor from a list of numpy.ndarrays is extremely slow. Please consider converting the list to a single numpy.ndarray with numpy.array() before converting to a tensor. (Triggered internally at  /opt/conda/conda-bld/pytorch_1646755903507/work/torch/csrc/utils/tensor_new.cpp:210.)
  return (torch.tensor([state['kinematics']], dtype=torch.float), state_image)
step: 49, ep_reward: 47.76666666666668
step: 27, ep_reward: 23.800000000000008
step: 49, ep_reward: 46.36666666666668
step: 32, ep_reward: 29.800000000000008
step: 25, ep_reward: 25.333333333333332
step: 49, ep_reward: 43.733333333333356
step: 44, ep_reward: 41.70000000000001
step: 40, ep_reward: 36.60000000000001
step: 49, ep_reward: 46.033333333333346
step: 48, ep_reward: 47.6
