pygame 2.1.0 (SDL 2.0.16, Python 3.8.0)
Hello from the pygame community. https://www.pygame.org/contribute.html
Successfully set seed to 2
MultiAttentionNetwork(
  (features): Sequential(
    (0): Conv2d(4, 32, kernel_size=(8, 8), stride=(4, 4))
    (1): ReLU()
    (2): Conv2d(32, 64, kernel_size=(4, 4), stride=(2, 2))
    (3): ReLU()
    (4): Conv2d(64, 64, kernel_size=(3, 3), stride=(1, 1))
    (5): ReLU()
  )
  (attention): NONLocalBlock2D(
    (g): Conv2d(64, 32, kernel_size=(1, 1), stride=(1, 1))
    (W): Conv2d(32, 64, kernel_size=(1, 1), stride=(1, 1))
    (theta): Conv2d(64, 32, kernel_size=(1, 1), stride=(1, 1))
    (phi): Conv2d(64, 32, kernel_size=(1, 1), stride=(1, 1))
  )
  (advantage): Sequential(
    (0): Linear(in_features=68224, out_features=512, bias=True)
    (1): ReLU()
    (2): Linear(in_features=512, out_features=5, bias=True)
  )
  (value): Sequential(
    (0): Linear(in_features=68224, out_features=512, bias=True)
    (1): ReLU()
    (2): Linear(in_features=512, out_features=1, bias=True)
  )
  (output): None
  (ego_embedding): Sequential(
    (0): Linear(in_features=7, out_features=64, bias=True)
    (1): ReLU()
    (2): Linear(in_features=64, out_features=64, bias=True)
    (3): ReLU()
  )
  (others_embedding): Sequential(
    (0): Linear(in_features=7, out_features=64, bias=True)
    (1): ReLU()
    (2): Linear(in_features=64, out_features=64, bias=True)
    (3): ReLU()
  )
  (attention_layer): EgoAttetion(
    (value_all): Linear(in_features=64, out_features=64, bias=False)
    (key_all): Linear(in_features=64, out_features=64, bias=False)
    (query_ego): Linear(in_features=64, out_features=64, bias=False)
    (attention_combine): Linear(in_features=64, out_features=64, bias=False)
  )
  (decoder): Sequential(
    (0): Linear(in_features=64, out_features=64, bias=True)
    (1): ReLU()
    (2): Linear(in_features=64, out_features=64, bias=True)
    (3): ReLU()
  )
)
./agent.py:220: UserWarning: Creating a tensor from a list of numpy.ndarrays is extremely slow. Please consider converting the list to a single numpy.ndarray with numpy.array() before converting to a tensor. (Triggered internally at  /opt/conda/conda-bld/pytorch_1646755903507/work/torch/csrc/utils/tensor_new.cpp:210.)
  return (torch.tensor([state['kinematics']], dtype=torch.float), state_image)
Ep: 0 | Ep_r: 5.7 | t_so_far: {7} | epsilon: 0.101 max: 5.700000000000001
Ep: 1 | Ep_r: 12.39 | t_so_far: {57} | epsilon: 0.108 max: 12.393333333333342
Ep: 2 | Ep_r: 18.18 | t_so_far: {107} | epsilon: 0.115 max: 18.18133333333334
Ep: 3 | Ep_r: 14.97 | t_so_far: {110} | epsilon: 0.116 max: 18.18133333333334
Ep: 4 | Ep_r: 13.62 | t_so_far: {119} | epsilon: 0.117 max: 18.18133333333334
Ep: 5 | Ep_r: 16.19 | t_so_far: {151} | epsilon: 0.121 max: 18.18133333333334
Ep: 6 | Ep_r: 18.97 | t_so_far: {187} | epsilon: 0.126 max: 18.967394133333336
Ep: 7 | Ep_r: 23.19 | t_so_far: {237} | epsilon: 0.133 max: 23.193915306666675
Ep: 8 | Ep_r: 21.3 | t_so_far: {253} | epsilon: 0.136 max: 23.193915306666675
Ep: 9 | Ep_r: 18.65 | t_so_far: {264} | epsilon: 0.137 max: 23.193915306666675
Ep: 10 | Ep_r: 15.81 | t_so_far: {270} | epsilon: 0.138 max: 23.193915306666675
Ep: 11 | Ep_r: 14.74 | t_so_far: {282} | epsilon: 0.14 max: 23.193915306666675
Ep: 12 | Ep_r: 13.86 | t_so_far: {294} | epsilon: 0.141 max: 23.193915306666675
Ep: 13 | Ep_r: 19.93 | t_so_far: {344} | epsilon: 0.148 max: 23.193915306666675
Ep: 14 | Ep_r: 20.12 | t_so_far: {367} | epsilon: 0.151 max: 23.193915306666675
Ep: 15 | Ep_r: 17.61 | t_so_far: {377} | epsilon: 0.152 max: 23.193915306666675
Ep: 16 | Ep_r: 21.63 | t_so_far: {419} | epsilon: 0.158 max: 23.193915306666675
Ep: 17 | Ep_r: 20.22 | t_so_far: {436} | epsilon: 0.16 max: 23.193915306666675
Ep: 18 | Ep_r: 23.84 | t_so_far: {486} | epsilon: 0.167 max: 23.839929760011884
Ep: 19 | Ep_r: 24.75 | t_so_far: {520} | epsilon: 0.172 max: 24.74527714134284
Ep: 20 | Ep_r: 21.04 | t_so_far: {527} | epsilon: 0.173 max: 24.74527714134284
Ep: 21 | Ep_r: 24.78 | t_so_far: {574} | epsilon: 0.179 max: 24.782310703792753
Ep: 22 | Ep_r: 27.72 | t_so_far: {624} | epsilon: 0.185 max: 27.719181896367537
Ep: 23 | Ep_r: 30.57 | t_so_far: {674} | epsilon: 0.192 max: 30.568678850427368
Ep: 24 | Ep_r: 25.03 | t_so_far: {678} | epsilon: 0.192 max: 30.568678850427368
Ep: 25 | Ep_r: 24.35 | t_so_far: {702} | epsilon: 0.195 max: 30.568678850427368
Ep: 26 | Ep_r: 27.17 | t_so_far: {748} | epsilon: 0.201 max: 30.568678850427368
Ep: 27 | Ep_r: 22.32 | t_so_far: {752} | epsilon: 0.202 max: 30.568678850427368
Ep: 28 | Ep_r: 21.17 | t_so_far: {772} | epsilon: 0.204 max: 30.568678850427368
Ep: 29 | Ep_r: 19.68 | t_so_far: {789} | epsilon: 0.206 max: 30.568678850427368
Ep: 30 | Ep_r: 21.88 | t_so_far: {825} | epsilon: 0.211 max: 30.568678850427368
Ep: 31 | Ep_r: 25.22 | t_so_far: {875} | epsilon: 0.217 max: 30.568678850427368
Ep: 32 | Ep_r: 24.37 | t_so_far: {900} | epsilon: 0.22 max: 30.568678850427368
Ep: 33 | Ep_r: 23.04 | t_so_far: {920} | epsilon: 0.223 max: 30.568678850427368
Ep: 34 | Ep_r: 23.84 | t_so_far: {951} | epsilon: 0.227 max: 30.568678850427368
Ep: 35 | Ep_r: 19.97 | t_so_far: {957} | epsilon: 0.228 max: 30.568678850427368
Ep: 36 | Ep_r: 17.38 | t_so_far: {965} | epsilon: 0.228 max: 30.568678850427368
Ep: 37 | Ep_r: 16.29 | t_so_far: {979} | epsilon: 0.23 max: 30.568678850427368
Ep: 38 | Ep_r: 14.5 | t_so_far: {987} | epsilon: 0.231 max: 30.568678850427368
Ep: 39 | Ep_r: 12.2 | t_so_far: {991} | epsilon: 0.232 max: 30.568678850427368
Ep: 40 | Ep_r: 11.02 | t_so_far: {998} | epsilon: 0.233 max: 30.568678850427368
Ep: 41 | Ep_r: 12.11 | t_so_far: {1019} | epsilon: 0.235 max: 30.568678850427368
Ep: 42 | Ep_r: 13.34 | t_so_far: {1041} | epsilon: 0.238 max: 30.568678850427368
Ep: 43 | Ep_r: 11.47 | t_so_far: {1046} | epsilon: 0.238 max: 30.568678850427368
Ep: 44 | Ep_r: 16.13 | t_so_far: {1087} | epsilon: 0.243 max: 30.568678850427368
Ep: 45 | Ep_r: 17.48 | t_so_far: {1114} | epsilon: 0.247 max: 30.568678850427368
Ep: 46 | Ep_r: 15.87 | t_so_far: {1126} | epsilon: 0.248 max: 30.568678850427368
Ep: 47 | Ep_r: 15.62 | t_so_far: {1145} | epsilon: 0.25 max: 30.568678850427368
Ep: 48 | Ep_r: 19.67 | t_so_far: {1185} | epsilon: 0.255 max: 30.568678850427368
Ep: 49 | Ep_r: 17.77 | t_so_far: {1197} | epsilon: 0.257 max: 30.568678850427368
Ep: 50 | Ep_r: 16.95 | t_so_far: {1214} | epsilon: 0.259 max: 30.568678850427368
Ep: 51 | Ep_r: 14.22 | t_so_far: {1218} | epsilon: 0.259 max: 30.568678850427368
Ep: 52 | Ep_r: 12.94 | t_so_far: {1228} | epsilon: 0.26 max: 30.568678850427368
Ep: 53 | Ep_r: 13.05 | t_so_far: {1243} | epsilon: 0.262 max: 30.568678850427368
Ep: 54 | Ep_r: 10.71 | t_so_far: {1245} | epsilon: 0.262 max: 30.568678850427368
Ep: 55 | Ep_r: 10.3 | t_so_far: {1256} | epsilon: 0.264 max: 30.568678850427368
Ep: 56 | Ep_r: 13.12 | t_so_far: {1284} | epsilon: 0.267 max: 30.568678850427368
Ep: 57 | Ep_r: 12.31 | t_so_far: {1295} | epsilon: 0.268 max: 30.568678850427368
Ep: 58 | Ep_r: 13.0 | t_so_far: {1313} | epsilon: 0.27 max: 30.568678850427368
Ep: 59 | Ep_r: 11.34 | t_so_far: {1319} | epsilon: 0.271 max: 30.568678850427368
Ep: 60 | Ep_r: 10.51 | t_so_far: {1327} | epsilon: 0.272 max: 30.568678850427368
Ep: 61 | Ep_r: 13.41 | t_so_far: {1357} | epsilon: 0.275 max: 30.568678850427368
Ep: 62 | Ep_r: 16.45 | t_so_far: {1390} | epsilon: 0.279 max: 30.568678850427368
Ep: 63 | Ep_r: 13.4 | t_so_far: {1392} | epsilon: 0.279 max: 30.568678850427368
Ep: 64 | Ep_r: 12.55 | t_so_far: {1402} | epsilon: 0.281 max: 30.568678850427368
Ep: 65 | Ep_r: 13.11 | t_so_far: {1419} | epsilon: 0.282 max: 30.568678850427368
Ep: 66 | Ep_r: 11.33 | t_so_far: {1424} | epsilon: 0.283 max: 30.568678850427368
Ep: 67 | Ep_r: 9.49 | t_so_far: {1427} | epsilon: 0.283 max: 30.568678850427368
Ep: 68 | Ep_r: 11.42 | t_so_far: {1450} | epsilon: 0.286 max: 30.568678850427368
Ep: 69 | Ep_r: 12.18 | t_so_far: {1468} | epsilon: 0.288 max: 30.568678850427368
Ep: 70 | Ep_r: 10.55 | t_so_far: {1473} | epsilon: 0.289 max: 30.568678850427368
Ep: 71 | Ep_r: 14.15 | t_so_far: {1503} | epsilon: 0.292 max: 30.568678850427368
Ep: 72 | Ep_r: 13.33 | t_so_far: {1514} | epsilon: 0.293 max: 30.568678850427368
Ep: 73 | Ep_r: 12.65 | t_so_far: {1527} | epsilon: 0.295 max: 30.568678850427368
Ep: 74 | Ep_r: 14.26 | t_so_far: {1550} | epsilon: 0.297 max: 30.568678850427368
Ep: 75 | Ep_r: 15.04 | t_so_far: {1569} | epsilon: 0.299 max: 30.568678850427368
Ep: 76 | Ep_r: 15.09 | t_so_far: {1588} | epsilon: 0.302 max: 30.568678850427368
Ep: 77 | Ep_r: 13.8 | t_so_far: {1598} | epsilon: 0.303 max: 30.568678850427368
Ep: 78 | Ep_r: 19.44 | t_so_far: {1648} | epsilon: 0.308 max: 30.568678850427368
Ep: 79 | Ep_r: 17.16 | t_so_far: {1657} | epsilon: 0.309 max: 30.568678850427368
Ep: 80 | Ep_r: 19.04 | t_so_far: {1688} | epsilon: 0.313 max: 30.568678850427368
Ep: 81 | Ep_r: 18.48 | t_so_far: {1707} | epsilon: 0.315 max: 30.568678850427368
Ep: 82 | Ep_r: 21.57 | t_so_far: {1745} | epsilon: 0.319 max: 30.568678850427368
Ep: 83 | Ep_r: 17.71 | t_so_far: {1748} | epsilon: 0.319 max: 30.568678850427368
Ep: 84 | Ep_r: 14.77 | t_so_far: {1752} | epsilon: 0.32 max: 30.568678850427368
Ep: 85 | Ep_r: 19.9 | t_so_far: {1799} | epsilon: 0.325 max: 30.568678850427368
Ep: 86 | Ep_r: 16.54 | t_so_far: {1803} | epsilon: 0.325 max: 30.568678850427368
Ep: 87 | Ep_r: 16.48 | t_so_far: {1821} | epsilon: 0.327 max: 30.568678850427368
Ep: 88 | Ep_r: 17.16 | t_so_far: {1845} | epsilon: 0.33 max: 30.568678850427368
Ep: 89 | Ep_r: 14.38 | t_so_far: {1849} | epsilon: 0.33 max: 30.568678850427368
Ep: 90 | Ep_r: 12.12 | t_so_far: {1853} | epsilon: 0.331 max: 30.568678850427368
Ep: 91 | Ep_r: 17.6 | t_so_far: {1903} | epsilon: 0.336 max: 30.568678850427368
Ep: 92 | Ep_r: 14.69 | t_so_far: {1907} | epsilon: 0.336 max: 30.568678850427368
Ep: 93 | Ep_r: 12.56 | t_so_far: {1912} | epsilon: 0.337 max: 30.568678850427368
Ep: 94 | Ep_r: 13.46 | t_so_far: {1933} | epsilon: 0.339 max: 30.568678850427368
Ep: 95 | Ep_r: 19.3 | t_so_far: {1983} | epsilon: 0.344 max: 30.568678850427368
Ep: 96 | Ep_r: 17.42 | t_so_far: {1995} | epsilon: 0.346 max: 30.568678850427368
Ep: 97 | Ep_r: 18.82 | t_so_far: {2026} | epsilon: 0.349 max: 30.568678850427368
Ep: 98 | Ep_r: 23.79 | t_so_far: {2076} | epsilon: 0.354 max: 30.568678850427368
Ep: 99 | Ep_r: 19.78 | t_so_far: {2081} | epsilon: 0.354 max: 30.568678850427368
Ep: 100 | Ep_r: 17.91 | t_so_far: {2094} | epsilon: 0.356 max: 30.568678850427368
Ep: 101 | Ep_r: 19.37 | t_so_far: {2124} | epsilon: 0.359 max: 30.568678850427368
Ep: 102 | Ep_r: 24.0 | t_so_far: {2173} | epsilon: 0.364 max: 30.568678850427368
Ep: 103 | Ep_r: 22.7 | t_so_far: {2193} | epsilon: 0.366 max: 30.568678850427368
Ep: 104 | Ep_r: 21.68 | t_so_far: {2213} | epsilon: 0.368 max: 30.568678850427368
Ep: 105 | Ep_r: 23.68 | t_so_far: {2251} | epsilon: 0.372 max: 30.568678850427368
Ep: 106 | Ep_r: 22.22 | t_so_far: {2272} | epsilon: 0.374 max: 30.568678850427368
Ep: 107 | Ep_r: 21.32 | t_so_far: {2292} | epsilon: 0.376 max: 30.568678850427368
Ep: 108 | Ep_r: 26.11 | t_so_far: {2342} | epsilon: 0.381 max: 30.568678850427368
Ep: 109 | Ep_r: 27.05 | t_so_far: {2375} | epsilon: 0.384 max: 30.568678850427368
Ep: 110 | Ep_r: 29.82 | t_so_far: {2425} | epsilon: 0.389 max: 30.568678850427368
Ep: 111 | Ep_r: 32.05 | t_so_far: {2475} | epsilon: 0.394 max: 32.053301421099434
Ep: 112 | Ep_r: 32.66 | t_so_far: {2516} | epsilon: 0.398 max: 32.66264113687955
Ep: 113 | Ep_r: 26.56 | t_so_far: {2519} | epsilon: 0.398 max: 32.66264113687955
Ep: 114 | Ep_r: 29.78 | t_so_far: {2567} | epsilon: 0.403 max: 32.66264113687955
Ep: 115 | Ep_r: 32.23 | t_so_far: {2617} | epsilon: 0.407 max: 32.66264113687955
Ep: 116 | Ep_r: 26.04 | t_so_far: {2619} | epsilon: 0.408 max: 32.66264113687955
Ep: 117 | Ep_r: 27.15 | t_so_far: {2656} | epsilon: 0.411 max: 32.66264113687955
Ep: 118 | Ep_r: 27.25 | t_so_far: {2689} | epsilon: 0.414 max: 32.66264113687955
Ep: 119 | Ep_r: 29.02 | t_so_far: {2731} | epsilon: 0.418 max: 32.66264113687955
Ep: 120 | Ep_r: 31.97 | t_so_far: {2781} | epsilon: 0.423 max: 32.66264113687955
Ep: 121 | Ep_r: 26.58 | t_so_far: {2787} | epsilon: 0.423 max: 32.66264113687955
Ep: 122 | Ep_r: 21.66 | t_so_far: {2790} | epsilon: 0.424 max: 32.66264113687955
Ep: 123 | Ep_r: 21.46 | t_so_far: {2812} | epsilon: 0.426 max: 32.66264113687955
Ep: 124 | Ep_r: 18.2 | t_so_far: {2819} | epsilon: 0.426 max: 32.66264113687955
Ep: 125 | Ep_r: 22.93 | t_so_far: {2869} | epsilon: 0.431 max: 32.66264113687955
Ep: 126 | Ep_r: 26.71 | t_so_far: {2919} | epsilon: 0.435 max: 32.66264113687955
Ep: 127 | Ep_r: 28.61 | t_so_far: {2962} | epsilon: 0.439 max: 32.66264113687955
Ep: 128 | Ep_r: 24.69 | t_so_far: {2974} | epsilon: 0.44 max: 32.66264113687955
Ep: 129 | Ep_r: 23.52 | t_so_far: {2998} | epsilon: 0.442 max: 32.66264113687955
Ep: 130 | Ep_r: 20.29 | t_so_far: {3007} | epsilon: 0.443 max: 32.66264113687955
Ep: 131 | Ep_r: 24.22 | t_so_far: {3057} | epsilon: 0.448 max: 32.66264113687955
Ep: 132 | Ep_r: 24.51 | t_so_far: {3090} | epsilon: 0.451 max: 32.66264113687955
Ep: 133 | Ep_r: 21.78 | t_so_far: {3103} | epsilon: 0.452 max: 32.66264113687955
Ep: 134 | Ep_r: 24.71 | t_so_far: {3147} | epsilon: 0.456 max: 32.66264113687955
Ep: 135 | Ep_r: 28.06 | t_so_far: {3197} | epsilon: 0.46 max: 32.66264113687955
Ep: 136 | Ep_r: 25.08 | t_so_far: {3211} | epsilon: 0.461 max: 32.66264113687955
Ep: 137 | Ep_r: 25.69 | t_so_far: {3245} | epsilon: 0.464 max: 32.66264113687955
Ep: 138 | Ep_r: 25.58 | t_so_far: {3275} | epsilon: 0.467 max: 32.66264113687955
Ep: 139 | Ep_r: 28.7 | t_so_far: {3325} | epsilon: 0.471 max: 32.66264113687955
Ep: 140 | Ep_r: 31.69 | t_so_far: {3375} | epsilon: 0.475 max: 32.66264113687955
Ep: 141 | Ep_r: 33.18 | t_so_far: {3425} | epsilon: 0.479 max: 33.17617162943246
Ep: 142 | Ep_r: 27.12 | t_so_far: {3429} | epsilon: 0.48 max: 33.17617162943246
Ep: 143 | Ep_r: 26.94 | t_so_far: {3459} | epsilon: 0.482 max: 33.17617162943246
Ep: 144 | Ep_r: 29.69 | t_so_far: {3509} | epsilon: 0.486 max: 33.17617162943246
Ep: 145 | Ep_r: 32.18 | t_so_far: {3559} | epsilon: 0.49 max: 33.17617162943246
Ep: 146 | Ep_r: 27.02 | t_so_far: {3567} | epsilon: 0.491 max: 33.17617162943246
Ep: 147 | Ep_r: 30.38 | t_so_far: {3617} | epsilon: 0.495 max: 33.17617162943246
Ep: 148 | Ep_r: 27.51 | t_so_far: {3637} | epsilon: 0.497 max: 33.17617162943246
Ep: 149 | Ep_r: 22.56 | t_so_far: {3641} | epsilon: 0.497 max: 33.17617162943246
Ep: 150 | Ep_r: 26.19 | t_so_far: {3691} | epsilon: 0.501 max: 33.17617162943246
Ep: 151 | Ep_r: 23.79 | t_so_far: {3709} | epsilon: 0.502 max: 33.17617162943246
Ep: 152 | Ep_r: 21.86 | t_so_far: {3726} | epsilon: 0.504 max: 33.17617162943246
Ep: 153 | Ep_r: 20.5 | t_so_far: {3743} | epsilon: 0.505 max: 33.17617162943246
Ep: 154 | Ep_r: 24.76 | t_so_far: {3793} | epsilon: 0.509 max: 33.17617162943246
Ep: 155 | Ep_r: 25.32 | t_so_far: {3826} | epsilon: 0.512 max: 33.17617162943246
Ep: 156 | Ep_r: 28.62 | t_so_far: {3876} | epsilon: 0.515 max: 33.17617162943246
Ep: 157 | Ep_r: 25.04 | t_so_far: {3890} | epsilon: 0.516 max: 33.17617162943246
Ep: 158 | Ep_r: 28.84 | t_so_far: {3940} | epsilon: 0.52 max: 33.17617162943246
Ep: 159 | Ep_r: 32.01 | t_so_far: {3988} | epsilon: 0.524 max: 33.17617162943246
Ep: 160 | Ep_r: 33.93 | t_so_far: {4038} | epsilon: 0.528 max: 33.93080689506727
Ep: 161 | Ep_r: 33.98 | t_so_far: {4081} | epsilon: 0.531 max: 33.977978849387156
Ep: 162 | Ep_r: 31.1 | t_so_far: {4104} | epsilon: 0.533 max: 33.977978849387156
Ep: 163 | Ep_r: 33.56 | t_so_far: {4154} | epsilon: 0.536 max: 33.977978849387156
Ep: 164 | Ep_r: 30.86 | t_so_far: {4177} | epsilon: 0.538 max: 33.977978849387156
Ep: 165 | Ep_r: 25.32 | t_so_far: {4181} | epsilon: 0.538 max: 33.977978849387156
Ep: 166 | Ep_r: 20.9 | t_so_far: {4185} | epsilon: 0.539 max: 33.977978849387156
Ep: 167 | Ep_r: 25.3 | t_so_far: {4235} | epsilon: 0.542 max: 33.977978849387156
Ep: 168 | Ep_r: 27.06 | t_so_far: {4276} | epsilon: 0.545 max: 33.977978849387156
Ep: 169 | Ep_r: 24.44 | t_so_far: {4292} | epsilon: 0.547 max: 33.977978849387156
Ep: 170 | Ep_r: 21.51 | t_so_far: {4303} | epsilon: 0.547 max: 33.977978849387156
Ep: 171 | Ep_r: 24.65 | t_so_far: {4353} | epsilon: 0.551 max: 33.977978849387156
Ep: 172 | Ep_r: 28.63 | t_so_far: {4403} | epsilon: 0.554 max: 33.977978849387156
Ep: 173 | Ep_r: 23.54 | t_so_far: {4407} | epsilon: 0.555 max: 33.977978849387156
Ep: 174 | Ep_r: 23.74 | t_so_far: {4435} | epsilon: 0.557 max: 33.977978849387156
Ep: 175 | Ep_r: 27.21 | t_so_far: {4485} | epsilon: 0.56 max: 33.977978849387156
Ep: 176 | Ep_r: 30.84 | t_so_far: {4535} | epsilon: 0.564 max: 33.977978849387156
Ep: 177 | Ep_r: 29.32 | t_so_far: {4560} | epsilon: 0.566 max: 33.977978849387156
Ep: 178 | Ep_r: 28.03 | t_so_far: {4587} | epsilon: 0.567 max: 33.977978849387156
Ep: 179 | Ep_r: 23.33 | t_so_far: {4593} | epsilon: 0.568 max: 33.977978849387156
Ep: 180 | Ep_r: 27.29 | t_so_far: {4643} | epsilon: 0.571 max: 33.977978849387156
Ep: 181 | Ep_r: 26.71 | t_so_far: {4669} | epsilon: 0.573 max: 33.977978849387156
Ep: 182 | Ep_r: 23.15 | t_so_far: {4679} | epsilon: 0.574 max: 33.977978849387156
Ep: 183 | Ep_r: 27.27 | t_so_far: {4729} | epsilon: 0.577 max: 33.977978849387156
Ep: 184 | Ep_r: 28.55 | t_so_far: {4765} | epsilon: 0.58 max: 33.977978849387156
Ep: 185 | Ep_r: 30.24 | t_so_far: {4804} | epsilon: 0.582 max: 33.977978849387156
Ep: 186 | Ep_r: 26.53 | t_so_far: {4817} | epsilon: 0.583 max: 33.977978849387156
Ep: 187 | Ep_r: 30.7 | t_so_far: {4867} | epsilon: 0.586 max: 33.977978849387156
Ep: 188 | Ep_r: 31.23 | t_so_far: {4906} | epsilon: 0.589 max: 33.977978849387156
Ep: 189 | Ep_r: 26.38 | t_so_far: {4914} | epsilon: 0.589 max: 33.977978849387156
Ep: 190 | Ep_r: 21.57 | t_so_far: {4917} | epsilon: 0.59 max: 33.977978849387156
Ep: 191 | Ep_r: 26.34 | t_so_far: {4967} | epsilon: 0.593 max: 33.977978849387156
Ep: 192 | Ep_r: 30.01 | t_so_far: {5017} | epsilon: 0.596 max: 33.977978849387156
Ep: 193 | Ep_r: 25.91 | t_so_far: {5028} | epsilon: 0.597 max: 33.977978849387156
Ep: 194 | Ep_r: 27.34 | t_so_far: {5066} | epsilon: 0.599 max: 33.977978849387156
Ep: 195 | Ep_r: 31.27 | t_so_far: {5116} | epsilon: 0.602 max: 33.977978849387156
Ep: 196 | Ep_r: 32.39 | t_so_far: {5155} | epsilon: 0.605 max: 33.977978849387156
Ep: 197 | Ep_r: 26.88 | t_so_far: {5161} | epsilon: 0.605 max: 33.977978849387156
Ep: 198 | Ep_r: 25.28 | t_so_far: {5182} | epsilon: 0.607 max: 33.977978849387156
Ep: 199 | Ep_r: 23.51 | t_so_far: {5200} | epsilon: 0.608 max: 33.977978849387156
Ep: 200 | Ep_r: 20.93 | t_so_far: {5212} | epsilon: 0.608 max: 33.977978849387156
Ep: 201 | Ep_r: 25.08 | t_so_far: {5260} | epsilon: 0.611 max: 33.977978849387156
Ep: 202 | Ep_r: 20.82 | t_so_far: {5265} | epsilon: 0.612 max: 33.977978849387156
Ep: 203 | Ep_r: 18.94 | t_so_far: {5278} | epsilon: 0.613 max: 33.977978849387156
Ep: 204 | Ep_r: 24.03 | t_so_far: {5328} | epsilon: 0.616 max: 33.977978849387156
Ep: 205 | Ep_r: 21.13 | t_so_far: {5339} | epsilon: 0.616 max: 33.977978849387156
Ep: 206 | Ep_r: 24.14 | t_so_far: {5380} | epsilon: 0.619 max: 33.977978849387156
Ep: 207 | Ep_r: 20.46 | t_so_far: {5387} | epsilon: 0.619 max: 33.977978849387156
Ep: 208 | Ep_r: 21.13 | t_so_far: {5412} | epsilon: 0.621 max: 33.977978849387156
Ep: 209 | Ep_r: 20.58 | t_so_far: {5433} | epsilon: 0.622 max: 33.977978849387156
Ep: 210 | Ep_r: 25.55 | t_so_far: {5483} | epsilon: 0.625 max: 33.977978849387156
Ep: 211 | Ep_r: 27.43 | t_so_far: {5520} | epsilon: 0.627 max: 33.977978849387156
Ep: 212 | Ep_r: 27.54 | t_so_far: {5550} | epsilon: 0.629 max: 33.977978849387156
Ep: 213 | Ep_r: 23.93 | t_so_far: {5561} | epsilon: 0.63 max: 33.977978849387156
Ep: 214 | Ep_r: 21.28 | t_so_far: {5573} | epsilon: 0.63 max: 33.977978849387156
Ep: 215 | Ep_r: 23.29 | t_so_far: {5609} | epsilon: 0.632 max: 33.977978849387156
Ep: 216 | Ep_r: 21.61 | t_so_far: {5625} | epsilon: 0.633 max: 33.977978849387156
Ep: 217 | Ep_r: 26.56 | t_so_far: {5675} | epsilon: 0.636 max: 33.977978849387156
Ep: 218 | Ep_r: 24.7 | t_so_far: {5695} | epsilon: 0.638 max: 33.977978849387156
Ep: 219 | Ep_r: 21.99 | t_so_far: {5708} | epsilon: 0.638 max: 33.977978849387156
Ep: 220 | Ep_r: 18.83 | t_so_far: {5716} | epsilon: 0.639 max: 33.977978849387156
Ep: 221 | Ep_r: 20.21 | t_so_far: {5744} | epsilon: 0.64 max: 33.977978849387156
Ep: 222 | Ep_r: 24.89 | t_so_far: {5791} | epsilon: 0.643 max: 33.977978849387156
Ep: 223 | Ep_r: 20.94 | t_so_far: {5797} | epsilon: 0.643 max: 33.977978849387156
Ep: 224 | Ep_r: 18.7 | t_so_far: {5808} | epsilon: 0.644 max: 33.977978849387156
Ep: 225 | Ep_r: 24.4 | t_so_far: {5858} | epsilon: 0.647 max: 33.977978849387156
Ep: 226 | Ep_r: 28.49 | t_so_far: {5908} | epsilon: 0.65 max: 33.977978849387156
Ep: 227 | Ep_r: 24.62 | t_so_far: {5918} | epsilon: 0.65 max: 33.977978849387156
Ep: 228 | Ep_r: 27.43 | t_so_far: {5959} | epsilon: 0.652 max: 33.977978849387156
Ep: 229 | Ep_r: 30.65 | t_so_far: {6009} | epsilon: 0.655 max: 33.977978849387156
Ep: 230 | Ep_r: 31.56 | t_so_far: {6050} | epsilon: 0.657 max: 33.977978849387156
Ep: 231 | Ep_r: 34.91 | t_so_far: {6100} | epsilon: 0.66 max: 34.905050481477176
Ep: 232 | Ep_r: 30.96 | t_so_far: {6117} | epsilon: 0.661 max: 34.905050481477176
Ep: 233 | Ep_r: 29.62 | t_so_far: {6143} | epsilon: 0.663 max: 34.905050481477176
Ep: 234 | Ep_r: 27.35 | t_so_far: {6163} | epsilon: 0.664 max: 34.905050481477176
Ep: 235 | Ep_r: 28.26 | t_so_far: {6197} | epsilon: 0.665 max: 34.905050481477176
Ep: 236 | Ep_r: 25.94 | t_so_far: {6216} | epsilon: 0.666 max: 34.905050481477176
Ep: 237 | Ep_r: 30.1 | t_so_far: {6266} | epsilon: 0.669 max: 34.905050481477176
Ep: 238 | Ep_r: 28.61 | t_so_far: {6291} | epsilon: 0.67 max: 34.905050481477176
Ep: 239 | Ep_r: 24.64 | t_so_far: {6301} | epsilon: 0.671 max: 34.905050481477176
Ep: 240 | Ep_r: 28.91 | t_so_far: {6351} | epsilon: 0.674 max: 34.905050481477176
Ep: 241 | Ep_r: 32.04 | t_so_far: {6399} | epsilon: 0.676 max: 34.905050481477176
Ep: 242 | Ep_r: 26.1 | t_so_far: {6402} | epsilon: 0.676 max: 34.905050481477176
Ep: 243 | Ep_r: 26.76 | t_so_far: {6434} | epsilon: 0.678 max: 34.905050481477176
Ep: 244 | Ep_r: 25.21 | t_so_far: {6455} | epsilon: 0.679 max: 34.905050481477176
Ep: 245 | Ep_r: 25.04 | t_so_far: {6483} | epsilon: 0.68 max: 34.905050481477176
Ep: 246 | Ep_r: 27.96 | t_so_far: {6528} | epsilon: 0.683 max: 34.905050481477176
Ep: 247 | Ep_r: 26.29 | t_so_far: {6551} | epsilon: 0.684 max: 34.905050481477176
Ep: 248 | Ep_r: 24.52 | t_so_far: {6570} | epsilon: 0.685 max: 34.905050481477176
Ep: 249 | Ep_r: 24.43 | t_so_far: {6597} | epsilon: 0.686 max: 34.905050481477176
Ep: 250 | Ep_r: 21.75 | t_so_far: {6609} | epsilon: 0.687 max: 34.905050481477176
Ep: 251 | Ep_r: 26.89 | t_so_far: {6659} | epsilon: 0.689 max: 34.905050481477176
Ep: 252 | Ep_r: 29.38 | t_so_far: {6702} | epsilon: 0.691 max: 34.905050481477176
Ep: 253 | Ep_r: 32.45 | t_so_far: {6752} | epsilon: 0.694 max: 34.905050481477176
Ep: 254 | Ep_r: 31.04 | t_so_far: {6780} | epsilon: 0.695 max: 34.905050481477176
Ep: 255 | Ep_r: 29.68 | t_so_far: {6807} | epsilon: 0.696 max: 34.905050481477176
Ep: 256 | Ep_r: 28.33 | t_so_far: {6833} | epsilon: 0.698 max: 34.905050481477176
Ep: 257 | Ep_r: 27.23 | t_so_far: {6858} | epsilon: 0.699 max: 34.905050481477176
Ep: 258 | Ep_r: 25.69 | t_so_far: {6879} | epsilon: 0.7 max: 34.905050481477176
Ep: 259 | Ep_r: 22.43 | t_so_far: {6890} | epsilon: 0.7 max: 34.905050481477176
Ep: 260 | Ep_r: 19.3 | t_so_far: {6898} | epsilon: 0.701 max: 34.905050481477176
Ep: 261 | Ep_r: 17.46 | t_so_far: {6910} | epsilon: 0.701 max: 34.905050481477176
Ep: 262 | Ep_r: 20.56 | t_so_far: {6945} | epsilon: 0.703 max: 34.905050481477176
Ep: 263 | Ep_r: 17.79 | t_so_far: {6953} | epsilon: 0.703 max: 34.905050481477176
Ep: 264 | Ep_r: 14.89 | t_so_far: {6957} | epsilon: 0.704 max: 34.905050481477176
Ep: 265 | Ep_r: 14.59 | t_so_far: {6973} | epsilon: 0.704 max: 34.905050481477176
Ep: 266 | Ep_r: 14.55 | t_so_far: {6989} | epsilon: 0.705 max: 34.905050481477176
Ep: 267 | Ep_r: 14.32 | t_so_far: {7004} | epsilon: 0.706 max: 34.905050481477176
Ep: 268 | Ep_r: 12.09 | t_so_far: {7008} | epsilon: 0.706 max: 34.905050481477176
Ep: 269 | Ep_r: 18.57 | t_so_far: {7058} | epsilon: 0.708 max: 34.905050481477176
Ep: 270 | Ep_r: 19.39 | t_so_far: {7082} | epsilon: 0.709 max: 34.905050481477176
Ep: 271 | Ep_r: 17.04 | t_so_far: {7091} | epsilon: 0.71 max: 34.905050481477176
Ep: 272 | Ep_r: 15.47 | t_so_far: {7101} | epsilon: 0.71 max: 34.905050481477176
Ep: 273 | Ep_r: 17.66 | t_so_far: {7131} | epsilon: 0.712 max: 34.905050481477176
Ep: 274 | Ep_r: 17.4 | t_so_far: {7149} | epsilon: 0.713 max: 34.905050481477176
Ep: 275 | Ep_r: 22.93 | t_so_far: {7197} | epsilon: 0.715 max: 34.905050481477176
Ep: 276 | Ep_r: 23.74 | t_so_far: {7226} | epsilon: 0.716 max: 34.905050481477176
Ep: 277 | Ep_r: 28.27 | t_so_far: {7276} | epsilon: 0.718 max: 34.905050481477176
Ep: 278 | Ep_r: 24.36 | t_so_far: {7286} | epsilon: 0.719 max: 34.905050481477176
Ep: 279 | Ep_r: 28.75 | t_so_far: {7336} | epsilon: 0.721 max: 34.905050481477176
Ep: 280 | Ep_r: 23.45 | t_so_far: {7339} | epsilon: 0.721 max: 34.905050481477176
Ep: 281 | Ep_r: 21.99 | t_so_far: {7356} | epsilon: 0.722 max: 34.905050481477176
Ep: 282 | Ep_r: 22.4 | t_so_far: {7382} | epsilon: 0.723 max: 34.905050481477176
Ep: 283 | Ep_r: 18.16 | t_so_far: {7384} | epsilon: 0.723 max: 34.905050481477176
Ep: 284 | Ep_r: 14.97 | t_so_far: {7387} | epsilon: 0.723 max: 34.905050481477176
Ep: 285 | Ep_r: 19.11 | t_so_far: {7425} | epsilon: 0.725 max: 34.905050481477176
Ep: 286 | Ep_r: 15.72 | t_so_far: {7428} | epsilon: 0.725 max: 34.905050481477176
Ep: 287 | Ep_r: 21.49 | t_so_far: {7478} | epsilon: 0.727 max: 34.905050481477176
Ep: 288 | Ep_r: 17.63 | t_so_far: {7481} | epsilon: 0.727 max: 34.905050481477176
Ep: 289 | Ep_r: 22.94 | t_so_far: {7531} | epsilon: 0.73 max: 34.905050481477176
Ep: 290 | Ep_r: 25.9 | t_so_far: {7573} | epsilon: 0.731 max: 34.905050481477176
Ep: 291 | Ep_r: 28.48 | t_so_far: {7618} | epsilon: 0.733 max: 34.905050481477176
Ep: 292 | Ep_r: 30.67 | t_so_far: {7668} | epsilon: 0.735 max: 34.905050481477176
Ep: 293 | Ep_r: 33.59 | t_so_far: {7718} | epsilon: 0.737 max: 34.905050481477176
Ep: 294 | Ep_r: 28.44 | t_so_far: {7727} | epsilon: 0.738 max: 34.905050481477176
Ep: 295 | Ep_r: 25.07 | t_so_far: {7740} | epsilon: 0.738 max: 34.905050481477176
Ep: 296 | Ep_r: 29.05 | t_so_far: {7790} | epsilon: 0.74 max: 34.905050481477176
Ep: 297 | Ep_r: 28.74 | t_so_far: {7821} | epsilon: 0.742 max: 34.905050481477176
Ep: 298 | Ep_r: 26.4 | t_so_far: {7840} | epsilon: 0.743 max: 34.905050481477176
Ep: 299 | Ep_r: 22.07 | t_so_far: {7846} | epsilon: 0.743 max: 34.905050481477176
Ep: 300 | Ep_r: 21.64 | t_so_far: {7868} | epsilon: 0.744 max: 34.905050481477176
Ep: 301 | Ep_r: 19.21 | t_so_far: {7879} | epsilon: 0.744 max: 34.905050481477176
Ep: 302 | Ep_r: 20.14 | t_so_far: {7905} | epsilon: 0.745 max: 34.905050481477176
Ep: 303 | Ep_r: 24.09 | t_so_far: {7950} | epsilon: 0.747 max: 34.905050481477176
Ep: 304 | Ep_r: 22.31 | t_so_far: {7968} | epsilon: 0.748 max: 34.905050481477176
Ep: 305 | Ep_r: 26.63 | t_so_far: {8018} | epsilon: 0.75 max: 34.905050481477176
Ep: 306 | Ep_r: 24.24 | t_so_far: {8035} | epsilon: 0.75 max: 34.905050481477176
Ep: 307 | Ep_r: 21.05 | t_so_far: {8045} | epsilon: 0.751 max: 34.905050481477176
Ep: 308 | Ep_r: 25.24 | t_so_far: {8095} | epsilon: 0.753 max: 34.905050481477176
Ep: 309 | Ep_r: 29.17 | t_so_far: {8145} | epsilon: 0.755 max: 34.905050481477176
Ep: 310 | Ep_r: 32.16 | t_so_far: {8194} | epsilon: 0.757 max: 34.905050481477176
Ep: 311 | Ep_r: 26.48 | t_so_far: {8199} | epsilon: 0.757 max: 34.905050481477176
Ep: 312 | Ep_r: 26.18 | t_so_far: {8228} | epsilon: 0.758 max: 34.905050481477176
Ep: 313 | Ep_r: 29.36 | t_so_far: {8278} | epsilon: 0.76 max: 34.905050481477176
Ep: 314 | Ep_r: 28.83 | t_so_far: {8308} | epsilon: 0.761 max: 34.905050481477176
Ep: 315 | Ep_r: 31.07 | t_so_far: {8354} | epsilon: 0.763 max: 34.905050481477176
Ep: 316 | Ep_r: 30.43 | t_so_far: {8386} | epsilon: 0.764 max: 34.905050481477176
Ep: 317 | Ep_r: 28.75 | t_so_far: {8413} | epsilon: 0.765 max: 34.905050481477176
Ep: 318 | Ep_r: 31.22 | t_so_far: {8463} | epsilon: 0.767 max: 34.905050481477176
Ep: 319 | Ep_r: 29.39 | t_so_far: {8490} | epsilon: 0.768 max: 34.905050481477176
Ep: 320 | Ep_r: 26.09 | t_so_far: {8505} | epsilon: 0.768 max: 34.905050481477176
Ep: 321 | Ep_r: 23.41 | t_so_far: {8520} | epsilon: 0.769 max: 34.905050481477176
Ep: 322 | Ep_r: 27.15 | t_so_far: {8570} | epsilon: 0.771 max: 34.905050481477176
Ep: 323 | Ep_r: 30.25 | t_so_far: {8619} | epsilon: 0.773 max: 34.905050481477176
Ep: 324 | Ep_r: 32.89 | t_so_far: {8667} | epsilon: 0.774 max: 34.905050481477176
Ep: 325 | Ep_r: 29.73 | t_so_far: {8686} | epsilon: 0.775 max: 34.905050481477176
Ep: 326 | Ep_r: 32.9 | t_so_far: {8736} | epsilon: 0.777 max: 34.905050481477176
Ep: 327 | Ep_r: 34.72 | t_so_far: {8782} | epsilon: 0.778 max: 34.905050481477176
Ep: 328 | Ep_r: 37.13 | t_so_far: {8832} | epsilon: 0.78 max: 37.129977921181755
Ep: 329 | Ep_r: 38.73 | t_so_far: {8882} | epsilon: 0.782 max: 38.73064900361207
Ep: 330 | Ep_r: 36.64 | t_so_far: {8914} | epsilon: 0.783 max: 38.73064900361207
Ep: 331 | Ep_r: 35.71 | t_so_far: {8949} | epsilon: 0.784 max: 38.73064900361207
Ep: 332 | Ep_r: 37.45 | t_so_far: {8999} | epsilon: 0.786 max: 38.73064900361207
Ep: 333 | Ep_r: 39.03 | t_so_far: {9049} | epsilon: 0.788 max: 39.031913831879514
Ep: 334 | Ep_r: 32.38 | t_so_far: {9056} | epsilon: 0.788 max: 39.031913831879514
Ep: 335 | Ep_r: 31.63 | t_so_far: {9087} | epsilon: 0.789 max: 39.031913831879514
Ep: 336 | Ep_r: 34.32 | t_so_far: {9137} | epsilon: 0.791 max: 39.031913831879514
Ep: 337 | Ep_r: 36.27 | t_so_far: {9187} | epsilon: 0.792 max: 39.031913831879514
Ep: 338 | Ep_r: 34.89 | t_so_far: {9221} | epsilon: 0.793 max: 39.031913831879514
Ep: 339 | Ep_r: 34.41 | t_so_far: {9256} | epsilon: 0.795 max: 39.031913831879514
Ep: 340 | Ep_r: 36.68 | t_so_far: {9306} | epsilon: 0.796 max: 39.031913831879514
Ep: 341 | Ep_r: 37.75 | t_so_far: {9354} | epsilon: 0.798 max: 39.031913831879514
Ep: 342 | Ep_r: 39.64 | t_so_far: {9404} | epsilon: 0.799 max: 39.639087250539994
Ep: 343 | Ep_r: 35.17 | t_so_far: {9423} | epsilon: 0.8 max: 39.639087250539994
Ep: 344 | Ep_r: 29.72 | t_so_far: {9432} | epsilon: 0.8 max: 39.639087250539994
Ep: 345 | Ep_r: 30.32 | t_so_far: {9473} | epsilon: 0.801 max: 39.639087250539994
Ep: 346 | Ep_r: 33.36 | t_so_far: {9523} | epsilon: 0.803 max: 39.639087250539994
Ep: 347 | Ep_r: 35.32 | t_so_far: {9573} | epsilon: 0.805 max: 39.639087250539994
Ep: 348 | Ep_r: 37.5 | t_so_far: {9623} | epsilon: 0.806 max: 39.639087250539994
Ep: 349 | Ep_r: 30.63 | t_so_far: {9627} | epsilon: 0.806 max: 39.639087250539994
Ep: 350 | Ep_r: 33.67 | t_so_far: {9677} | epsilon: 0.808 max: 39.639087250539994
Ep: 351 | Ep_r: 34.01 | t_so_far: {9717} | epsilon: 0.809 max: 39.639087250539994
Ep: 352 | Ep_r: 36.35 | t_so_far: {9767} | epsilon: 0.811 max: 39.639087250539994
Ep: 353 | Ep_r: 38.42 | t_so_far: {9817} | epsilon: 0.812 max: 39.639087250539994
Ep: 354 | Ep_r: 32.73 | t_so_far: {9829} | epsilon: 0.812 max: 39.639087250539994
Ep: 355 | Ep_r: 29.68 | t_so_far: {9850} | epsilon: 0.813 max: 39.639087250539994
Ep: 356 | Ep_r: 27.07 | t_so_far: {9869} | epsilon: 0.814 max: 39.639087250539994
Ep: 357 | Ep_r: 30.49 | t_so_far: {9919} | epsilon: 0.815 max: 39.639087250539994
Ep: 358 | Ep_r: 31.43 | t_so_far: {9958} | epsilon: 0.816 max: 39.639087250539994
Ep: 359 | Ep_r: 34.42 | t_so_far: {10008} | epsilon: 0.818 max: 39.639087250539994
Ep: 360 | Ep_r: 36.24 | t_so_far: {10058} | epsilon: 0.819 max: 39.639087250539994
Ep: 361 | Ep_r: 34.8 | t_so_far: {10091} | epsilon: 0.82 max: 39.639087250539994
Ep: 362 | Ep_r: 32.5 | t_so_far: {10116} | epsilon: 0.821 max: 39.639087250539994
Ep: 363 | Ep_r: 31.22 | t_so_far: {10146} | epsilon: 0.822 max: 39.639087250539994
Ep: 364 | Ep_r: 34.03 | t_so_far: {10196} | epsilon: 0.823 max: 39.639087250539994
Ep: 365 | Ep_r: 30.07 | t_so_far: {10212} | epsilon: 0.824 max: 39.639087250539994
Ep: 366 | Ep_r: 25.1 | t_so_far: {10219} | epsilon: 0.824 max: 39.639087250539994
Ep: 367 | Ep_r: 22.14 | t_so_far: {10231} | epsilon: 0.824 max: 39.639087250539994
Ep: 368 | Ep_r: 26.57 | t_so_far: {10281} | epsilon: 0.825 max: 39.639087250539994
Ep: 369 | Ep_r: 23.72 | t_so_far: {10295} | epsilon: 0.826 max: 39.639087250539994
Ep: 370 | Ep_r: 24.63 | t_so_far: {10327} | epsilon: 0.827 max: 39.639087250539994
Ep: 371 | Ep_r: 28.88 | t_so_far: {10377} | epsilon: 0.828 max: 39.639087250539994
Ep: 372 | Ep_r: 27.49 | t_so_far: {10401} | epsilon: 0.829 max: 39.639087250539994
Ep: 373 | Ep_r: 29.65 | t_so_far: {10443} | epsilon: 0.83 max: 39.639087250539994
Ep: 374 | Ep_r: 32.93 | t_so_far: {10493} | epsilon: 0.831 max: 39.639087250539994
Ep: 375 | Ep_r: 35.43 | t_so_far: {10543} | epsilon: 0.833 max: 39.639087250539994
Ep: 376 | Ep_r: 36.99 | t_so_far: {10593} | epsilon: 0.834 max: 39.639087250539994
Ep: 377 | Ep_r: 35.29 | t_so_far: {10626} | epsilon: 0.835 max: 39.639087250539994
Ep: 378 | Ep_r: 36.98 | t_so_far: {10676} | epsilon: 0.836 max: 39.639087250539994
Ep: 379 | Ep_r: 33.54 | t_so_far: {10698} | epsilon: 0.837 max: 39.639087250539994
Ep: 380 | Ep_r: 29.32 | t_so_far: {10712} | epsilon: 0.837 max: 39.639087250539994
Ep: 381 | Ep_r: 28.23 | t_so_far: {10739} | epsilon: 0.838 max: 39.639087250539994
Ep: 382 | Ep_r: 32.03 | t_so_far: {10789} | epsilon: 0.839 max: 39.639087250539994
Ep: 383 | Ep_r: 35.08 | t_so_far: {10839} | epsilon: 0.84 max: 39.639087250539994
Ep: 384 | Ep_r: 33.81 | t_so_far: {10875} | epsilon: 0.841 max: 39.639087250539994
Ep: 385 | Ep_r: 35.82 | t_so_far: {10925} | epsilon: 0.842 max: 39.639087250539994
Ep: 386 | Ep_r: 37.75 | t_so_far: {10975} | epsilon: 0.844 max: 39.639087250539994
Ep: 387 | Ep_r: 30.95 | t_so_far: {10980} | epsilon: 0.844 max: 39.639087250539994
Ep: 388 | Ep_r: 31.08 | t_so_far: {11015} | epsilon: 0.845 max: 39.639087250539994
Ep: 389 | Ep_r: 33.75 | t_so_far: {11065} | epsilon: 0.846 max: 39.639087250539994
Ep: 390 | Ep_r: 34.43 | t_so_far: {11104} | epsilon: 0.847 max: 39.639087250539994
Ep: 391 | Ep_r: 30.34 | t_so_far: {11120} | epsilon: 0.847 max: 39.639087250539994
Ep: 392 | Ep_r: 31.33 | t_so_far: {11160} | epsilon: 0.848 max: 39.639087250539994
Ep: 393 | Ep_r: 29.03 | t_so_far: {11182} | epsilon: 0.849 max: 39.639087250539994
Ep: 394 | Ep_r: 32.57 | t_so_far: {11232} | epsilon: 0.85 max: 39.639087250539994
Ep: 395 | Ep_r: 32.97 | t_so_far: {11272} | epsilon: 0.851 max: 39.639087250539994
Ep: 396 | Ep_r: 33.05 | t_so_far: {11309} | epsilon: 0.852 max: 39.639087250539994
Ep: 397 | Ep_r: 35.52 | t_so_far: {11359} | epsilon: 0.853 max: 39.639087250539994
Ep: 398 | Ep_r: 37.25 | t_so_far: {11409} | epsilon: 0.854 max: 39.639087250539994
Ep: 399 | Ep_r: 37.8 | t_so_far: {11456} | epsilon: 0.855 max: 39.639087250539994
Ep: 400 | Ep_r: 36.16 | t_so_far: {11489} | epsilon: 0.856 max: 39.639087250539994
Ep: 401 | Ep_r: 37.52 | t_so_far: {11539} | epsilon: 0.857 max: 39.639087250539994
Ep: 402 | Ep_r: 38.56 | t_so_far: {11589} | epsilon: 0.858 max: 39.639087250539994
Ep: 403 | Ep_r: 38.54 | t_so_far: {11631} | epsilon: 0.859 max: 39.639087250539994
Ep: 404 | Ep_r: 39.89 | t_so_far: {11681} | epsilon: 0.86 max: 39.89386488969359
Ep: 405 | Ep_r: 40.83 | t_so_far: {11731} | epsilon: 0.861 max: 40.8284252450882
Ep: 406 | Ep_r: 41.27 | t_so_far: {11781} | epsilon: 0.862 max: 41.26940686273722
Ep: 407 | Ep_r: 41.69 | t_so_far: {11831} | epsilon: 0.864 max: 41.688858823523105
Ep: 408 | Ep_r: 42.7 | t_so_far: {11881} | epsilon: 0.865 max: 42.69775372548516
Ep: 409 | Ep_r: 42.73 | t_so_far: {11931} | epsilon: 0.866 max: 42.731536313721456
Ep: 410 | Ep_r: 42.54 | t_so_far: {11981} | epsilon: 0.867 max: 42.731536313721456
Ep: 411 | Ep_r: 35.15 | t_so_far: {11988} | epsilon: 0.867 max: 42.731536313721456
Ep: 412 | Ep_r: 36.23 | t_so_far: {12038} | epsilon: 0.868 max: 42.731536313721456
Ep: 413 | Ep_r: 33.46 | t_so_far: {12063} | epsilon: 0.869 max: 42.731536313721456
Ep: 414 | Ep_r: 31.87 | t_so_far: {12092} | epsilon: 0.869 max: 42.731536313721456
Ep: 415 | Ep_r: 34.12 | t_so_far: {12142} | epsilon: 0.87 max: 42.731536313721456
Ep: 416 | Ep_r: 36.07 | t_so_far: {12192} | epsilon: 0.871 max: 42.731536313721456
Ep: 417 | Ep_r: 37.49 | t_so_far: {12242} | epsilon: 0.872 max: 42.731536313721456
Ep: 418 | Ep_r: 32.52 | t_so_far: {12257} | epsilon: 0.872 max: 42.731536313721456
Ep: 419 | Ep_r: 28.67 | t_so_far: {12272} | epsilon: 0.873 max: 42.731536313721456
Ep: 420 | Ep_r: 28.5 | t_so_far: {12303} | epsilon: 0.873 max: 42.731536313721456
Ep: 421 | Ep_r: 31.86 | t_so_far: {12353} | epsilon: 0.874 max: 42.731536313721456
Ep: 422 | Ep_r: 34.9 | t_so_far: {12403} | epsilon: 0.875 max: 42.731536313721456
Ep: 423 | Ep_r: 36.4 | t_so_far: {12453} | epsilon: 0.876 max: 42.731536313721456
Ep: 424 | Ep_r: 37.51 | t_so_far: {12503} | epsilon: 0.877 max: 42.731536313721456
Ep: 425 | Ep_r: 39.52 | t_so_far: {12553} | epsilon: 0.878 max: 42.731536313721456
Ep: 426 | Ep_r: 37.0 | t_so_far: {12584} | epsilon: 0.879 max: 42.731536313721456
Ep: 427 | Ep_r: 39.21 | t_so_far: {12634} | epsilon: 0.88 max: 42.731536313721456
Ep: 428 | Ep_r: 39.26 | t_so_far: {12681} | epsilon: 0.881 max: 42.731536313721456
Ep: 429 | Ep_r: 36.14 | t_so_far: {12707} | epsilon: 0.881 max: 42.731536313721456
Ep: 430 | Ep_r: 29.72 | t_so_far: {12712} | epsilon: 0.881 max: 42.731536313721456
Ep: 431 | Ep_r: 27.51 | t_so_far: {12734} | epsilon: 0.882 max: 42.731536313721456
Ep: 432 | Ep_r: 30.75 | t_so_far: {12784} | epsilon: 0.883 max: 42.731536313721456
Ep: 433 | Ep_r: 33.71 | t_so_far: {12834} | epsilon: 0.884 max: 42.731536313721456
Ep: 434 | Ep_r: 32.36 | t_so_far: {12864} | epsilon: 0.884 max: 42.731536313721456
Ep: 435 | Ep_r: 32.47 | t_so_far: {12903} | epsilon: 0.885 max: 42.731536313721456
Ep: 436 | Ep_r: 26.61 | t_so_far: {12907} | epsilon: 0.885 max: 42.731536313721456
Ep: 437 | Ep_r: 23.21 | t_so_far: {12918} | epsilon: 0.885 max: 42.731536313721456
Ep: 438 | Ep_r: 27.39 | t_so_far: {12968} | epsilon: 0.886 max: 42.731536313721456
Ep: 439 | Ep_r: 30.2 | t_so_far: {13016} | epsilon: 0.887 max: 42.731536313721456
Ep: 440 | Ep_r: 30.18 | t_so_far: {13050} | epsilon: 0.888 max: 42.731536313721456
Ep: 441 | Ep_r: 26.15 | t_so_far: {13062} | epsilon: 0.888 max: 42.731536313721456
Ep: 442 | Ep_r: 30.43 | t_so_far: {13112} | epsilon: 0.889 max: 42.731536313721456
Ep: 443 | Ep_r: 32.34 | t_so_far: {13155} | epsilon: 0.889 max: 42.731536313721456
Ep: 444 | Ep_r: 32.29 | t_so_far: {13191} | epsilon: 0.89 max: 42.731536313721456
Ep: 445 | Ep_r: 33.12 | t_so_far: {13232} | epsilon: 0.891 max: 42.731536313721456
Ep: 446 | Ep_r: 34.69 | t_so_far: {13281} | epsilon: 0.892 max: 42.731536313721456
Ep: 447 | Ep_r: 37.03 | t_so_far: {13331} | epsilon: 0.892 max: 42.731536313721456
Ep: 448 | Ep_r: 37.95 | t_so_far: {13379} | epsilon: 0.893 max: 42.731536313721456
Ep: 449 | Ep_r: 39.47 | t_so_far: {13429} | epsilon: 0.894 max: 42.731536313721456
Ep: 450 | Ep_r: 39.25 | t_so_far: {13473} | epsilon: 0.895 max: 42.731536313721456
Ep: 451 | Ep_r: 40.95 | t_so_far: {13523} | epsilon: 0.896 max: 42.731536313721456
Ep: 452 | Ep_r: 38.72 | t_so_far: {13556} | epsilon: 0.896 max: 42.731536313721456
Ep: 453 | Ep_r: 40.15 | t_so_far: {13606} | epsilon: 0.897 max: 42.731536313721456
Ep: 454 | Ep_r: 40.82 | t_so_far: {13656} | epsilon: 0.898 max: 42.731536313721456
Ep: 455 | Ep_r: 38.45 | t_so_far: {13692} | epsilon: 0.898 max: 42.731536313721456
Ep: 456 | Ep_r: 39.63 | t_so_far: {13742} | epsilon: 0.899 max: 42.731536313721456
Ep: 457 | Ep_r: 37.06 | t_so_far: {13772} | epsilon: 0.9 max: 42.731536313721456
Ep: 458 | Ep_r: 38.56 | t_so_far: {13822} | epsilon: 0.901 max: 42.731536313721456
Ep: 459 | Ep_r: 40.39 | t_so_far: {13872} | epsilon: 0.901 max: 42.731536313721456
Ep: 460 | Ep_r: 41.41 | t_so_far: {13922} | epsilon: 0.902 max: 42.731536313721456
Ep: 461 | Ep_r: 41.36 | t_so_far: {13972} | epsilon: 0.903 max: 42.731536313721456
Ep: 462 | Ep_r: 42.03 | t_so_far: {14022} | epsilon: 0.904 max: 42.731536313721456
Ep: 463 | Ep_r: 41.96 | t_so_far: {14072} | epsilon: 0.904 max: 42.731536313721456
Ep: 464 | Ep_r: 41.48 | t_so_far: {14119} | epsilon: 0.905 max: 42.731536313721456
Ep: 465 | Ep_r: 41.77 | t_so_far: {14169} | epsilon: 0.906 max: 42.731536313721456
Ep: 466 | Ep_r: 39.97 | t_so_far: {14209} | epsilon: 0.906 max: 42.731536313721456
Ep: 467 | Ep_r: 40.21 | t_so_far: {14259} | epsilon: 0.907 max: 42.731536313721456
Ep: 468 | Ep_r: 40.27 | t_so_far: {14309} | epsilon: 0.908 max: 42.731536313721456
Ep: 469 | Ep_r: 40.84 | t_so_far: {14359} | epsilon: 0.909 max: 42.731536313721456
Ep: 470 | Ep_r: 41.48 | t_so_far: {14409} | epsilon: 0.909 max: 42.731536313721456
Ep: 471 | Ep_r: 42.4 | t_so_far: {14459} | epsilon: 0.91 max: 42.731536313721456
Ep: 472 | Ep_r: 34.7 | t_so_far: {14464} | epsilon: 0.91 max: 42.731536313721456
Ep: 473 | Ep_r: 31.9 | t_so_far: {14490} | epsilon: 0.91 max: 42.731536313721456
Ep: 474 | Ep_r: 27.25 | t_so_far: {14500} | epsilon: 0.911 max: 42.731536313721456
Ep: 475 | Ep_r: 25.8 | t_so_far: {14523} | epsilon: 0.911 max: 42.731536313721456
Ep: 476 | Ep_r: 29.1 | t_so_far: {14573} | epsilon: 0.912 max: 42.731536313721456
Ep: 477 | Ep_r: 23.91 | t_so_far: {14577} | epsilon: 0.912 max: 42.731536313721456
Ep: 478 | Ep_r: 28.17 | t_so_far: {14627} | epsilon: 0.912 max: 42.731536313721456
Ep: 479 | Ep_r: 28.99 | t_so_far: {14666} | epsilon: 0.913 max: 42.731536313721456
Ep: 480 | Ep_r: 26.21 | t_so_far: {14683} | epsilon: 0.913 max: 42.731536313721456
Ep: 481 | Ep_r: 26.2 | t_so_far: {14713} | epsilon: 0.914 max: 42.731536313721456
Ep: 482 | Ep_r: 25.56 | t_so_far: {14740} | epsilon: 0.914 max: 42.731536313721456
Ep: 483 | Ep_r: 27.09 | t_so_far: {14778} | epsilon: 0.914 max: 42.731536313721456
Ep: 484 | Ep_r: 30.67 | t_so_far: {14828} | epsilon: 0.915 max: 42.731536313721456
Ep: 485 | Ep_r: 33.19 | t_so_far: {14878} | epsilon: 0.916 max: 42.731536313721456
Ep: 486 | Ep_r: 34.77 | t_so_far: {14928} | epsilon: 0.916 max: 42.731536313721456
Ep: 487 | Ep_r: 36.43 | t_so_far: {14978} | epsilon: 0.917 max: 42.731536313721456
Ep: 488 | Ep_r: 38.64 | t_so_far: {15028} | epsilon: 0.918 max: 42.731536313721456
Ep: 489 | Ep_r: 39.79 | t_so_far: {15078} | epsilon: 0.918 max: 42.731536313721456
Ep: 490 | Ep_r: 40.5 | t_so_far: {15128} | epsilon: 0.919 max: 42.731536313721456
Ep: 491 | Ep_r: 40.53 | t_so_far: {15175} | epsilon: 0.92 max: 42.731536313721456
Ep: 492 | Ep_r: 40.98 | t_so_far: {15223} | epsilon: 0.92 max: 42.731536313721456
Ep: 493 | Ep_r: 39.35 | t_so_far: {15261} | epsilon: 0.921 max: 42.731536313721456
Ep: 494 | Ep_r: 35.67 | t_so_far: {15285} | epsilon: 0.921 max: 42.731536313721456
Ep: 495 | Ep_r: 29.0 | t_so_far: {15288} | epsilon: 0.921 max: 42.731536313721456
Ep: 496 | Ep_r: 31.44 | t_so_far: {15333} | epsilon: 0.922 max: 42.731536313721456
Ep: 497 | Ep_r: 33.5 | t_so_far: {15383} | epsilon: 0.922 max: 42.731536313721456
Ep: 498 | Ep_r: 35.84 | t_so_far: {15433} | epsilon: 0.923 max: 42.731536313721456
Ep: 499 | Ep_r: 37.98 | t_so_far: {15483} | epsilon: 0.923 max: 42.731536313721456
Ep: 500 | Ep_r: 39.64 | t_so_far: {15533} | epsilon: 0.924 max: 42.731536313721456
Ep: 501 | Ep_r: 41.13 | t_so_far: {15583} | epsilon: 0.925 max: 42.731536313721456
Ep: 502 | Ep_r: 39.65 | t_so_far: {15623} | epsilon: 0.925 max: 42.731536313721456
Ep: 503 | Ep_r: 37.49 | t_so_far: {15655} | epsilon: 0.926 max: 42.731536313721456
Ep: 504 | Ep_r: 38.65 | t_so_far: {15705} | epsilon: 0.926 max: 42.731536313721456
Ep: 505 | Ep_r: 31.54 | t_so_far: {15709} | epsilon: 0.926 max: 42.731536313721456
Ep: 506 | Ep_r: 29.66 | t_so_far: {15734} | epsilon: 0.926 max: 42.731536313721456
Ep: 507 | Ep_r: 24.88 | t_so_far: {15741} | epsilon: 0.927 max: 42.731536313721456
Ep: 508 | Ep_r: 28.25 | t_so_far: {15791} | epsilon: 0.927 max: 42.731536313721456
Ep: 509 | Ep_r: 31.53 | t_so_far: {15841} | epsilon: 0.928 max: 42.731536313721456
Ep: 510 | Ep_r: 33.68 | t_so_far: {15891} | epsilon: 0.928 max: 42.731536313721456
Ep: 511 | Ep_r: 36.14 | t_so_far: {15941} | epsilon: 0.929 max: 42.731536313721456
Ep: 512 | Ep_r: 37.68 | t_so_far: {15991} | epsilon: 0.929 max: 42.731536313721456
Ep: 513 | Ep_r: 38.52 | t_so_far: {16041} | epsilon: 0.93 max: 42.731536313721456
Ep: 514 | Ep_r: 37.76 | t_so_far: {16080} | epsilon: 0.93 max: 42.731536313721456
Ep: 515 | Ep_r: 36.01 | t_so_far: {16113} | epsilon: 0.931 max: 42.731536313721456
Ep: 516 | Ep_r: 37.98 | t_so_far: {16163} | epsilon: 0.931 max: 42.731536313721456
Ep: 517 | Ep_r: 36.49 | t_so_far: {16198} | epsilon: 0.932 max: 42.731536313721456
Ep: 518 | Ep_r: 38.6 | t_so_far: {16248} | epsilon: 0.932 max: 42.731536313721456
Ep: 519 | Ep_r: 39.92 | t_so_far: {16298} | epsilon: 0.933 max: 42.731536313721456
Ep: 520 | Ep_r: 40.14 | t_so_far: {16348} | epsilon: 0.933 max: 42.731536313721456
Ep: 521 | Ep_r: 40.98 | t_so_far: {16398} | epsilon: 0.934 max: 42.731536313721456
Ep: 522 | Ep_r: 41.52 | t_so_far: {16448} | epsilon: 0.934 max: 42.731536313721456
Ep: 523 | Ep_r: 42.02 | t_so_far: {16498} | epsilon: 0.935 max: 42.731536313721456
Ep: 524 | Ep_r: 42.37 | t_so_far: {16548} | epsilon: 0.935 max: 42.731536313721456
Ep: 525 | Ep_r: 40.9 | t_so_far: {16590} | epsilon: 0.936 max: 42.731536313721456
Ep: 526 | Ep_r: 40.58 | t_so_far: {16637} | epsilon: 0.936 max: 42.731536313721456
Ep: 527 | Ep_r: 36.47 | t_so_far: {16658} | epsilon: 0.936 max: 42.731536313721456
Ep: 528 | Ep_r: 38.61 | t_so_far: {16708} | epsilon: 0.937 max: 42.731536313721456
Ep: 529 | Ep_r: 35.52 | t_so_far: {16736} | epsilon: 0.937 max: 42.731536313721456
Ep: 530 | Ep_r: 37.73 | t_so_far: {16786} | epsilon: 0.938 max: 42.731536313721456
Ep: 531 | Ep_r: 39.2 | t_so_far: {16836} | epsilon: 0.938 max: 42.731536313721456
Ep: 532 | Ep_r: 36.08 | t_so_far: {16865} | epsilon: 0.938 max: 42.731536313721456
Ep: 533 | Ep_r: 37.01 | t_so_far: {16914} | epsilon: 0.939 max: 42.731536313721456
Ep: 534 | Ep_r: 37.06 | t_so_far: {16957} | epsilon: 0.939 max: 42.731536313721456
Ep: 535 | Ep_r: 38.19 | t_so_far: {17007} | epsilon: 0.94 max: 42.731536313721456
Ep: 536 | Ep_r: 39.16 | t_so_far: {17057} | epsilon: 0.94 max: 42.731536313721456
Ep: 537 | Ep_r: 37.63 | t_so_far: {17093} | epsilon: 0.941 max: 42.731536313721456
Ep: 538 | Ep_r: 37.77 | t_so_far: {17140} | epsilon: 0.941 max: 42.731536313721456
Ep: 539 | Ep_r: 39.11 | t_so_far: {17190} | epsilon: 0.942 max: 42.731536313721456
Ep: 540 | Ep_r: 32.82 | t_so_far: {17199} | epsilon: 0.942 max: 42.731536313721456
Ep: 541 | Ep_r: 35.43 | t_so_far: {17249} | epsilon: 0.942 max: 42.731536313721456
Ep: 542 | Ep_r: 36.89 | t_so_far: {17299} | epsilon: 0.943 max: 42.731536313721456
Ep: 543 | Ep_r: 35.91 | t_so_far: {17336} | epsilon: 0.943 max: 42.731536313721456
Ep: 544 | Ep_r: 37.14 | t_so_far: {17386} | epsilon: 0.943 max: 42.731536313721456
Ep: 545 | Ep_r: 33.41 | t_so_far: {17408} | epsilon: 0.944 max: 42.731536313721456
Ep: 546 | Ep_r: 34.58 | t_so_far: {17458} | epsilon: 0.944 max: 42.731536313721456
Ep: 547 | Ep_r: 36.46 | t_so_far: {17508} | epsilon: 0.944 max: 42.731536313721456
Ep: 548 | Ep_r: 37.09 | t_so_far: {17558} | epsilon: 0.945 max: 42.731536313721456
Ep: 549 | Ep_r: 38.44 | t_so_far: {17608} | epsilon: 0.945 max: 42.731536313721456
Ep: 550 | Ep_r: 34.19 | t_so_far: {17628} | epsilon: 0.945 max: 42.731536313721456
Ep: 551 | Ep_r: 35.73 | t_so_far: {17678} | epsilon: 0.946 max: 42.731536313721456
Ep: 552 | Ep_r: 37.08 | t_so_far: {17728} | epsilon: 0.946 max: 42.731536313721456
Ep: 553 | Ep_r: 38.45 | t_so_far: {17778} | epsilon: 0.947 max: 42.731536313721456
Ep: 554 | Ep_r: 38.7 | t_so_far: {17828} | epsilon: 0.947 max: 42.731536313721456
Ep: 555 | Ep_r: 39.71 | t_so_far: {17878} | epsilon: 0.948 max: 42.731536313721456
Ep: 556 | Ep_r: 40.57 | t_so_far: {17928} | epsilon: 0.948 max: 42.731536313721456
Ep: 557 | Ep_r: 40.84 | t_so_far: {17978} | epsilon: 0.948 max: 42.731536313721456
Ep: 558 | Ep_r: 40.87 | t_so_far: {18028} | epsilon: 0.949 max: 42.731536313721456
Ep: 559 | Ep_r: 40.66 | t_so_far: {18078} | epsilon: 0.949 max: 42.731536313721456
Ep: 560 | Ep_r: 41.75 | t_so_far: {18128} | epsilon: 0.95 max: 42.731536313721456
Ep: 561 | Ep_r: 40.42 | t_so_far: {18178} | epsilon: 0.95 max: 42.731536313721456
Ep: 562 | Ep_r: 39.31 | t_so_far: {18219} | epsilon: 0.95 max: 42.731536313721456
Ep: 563 | Ep_r: 40.41 | t_so_far: {18269} | epsilon: 0.951 max: 42.731536313721456
Ep: 564 | Ep_r: 38.06 | t_so_far: {18303} | epsilon: 0.951 max: 42.731536313721456
Ep: 565 | Ep_r: 39.0 | t_so_far: {18353} | epsilon: 0.951 max: 42.731536313721456
Ep: 566 | Ep_r: 39.76 | t_so_far: {18403} | epsilon: 0.952 max: 42.731536313721456
Ep: 567 | Ep_r: 40.49 | t_so_far: {18453} | epsilon: 0.952 max: 42.731536313721456
Ep: 568 | Ep_r: 35.28 | t_so_far: {18469} | epsilon: 0.952 max: 42.731536313721456
Ep: 569 | Ep_r: 29.78 | t_so_far: {18478} | epsilon: 0.952 max: 42.731536313721456
Ep: 570 | Ep_r: 31.78 | t_so_far: {18528} | epsilon: 0.953 max: 42.731536313721456
Ep: 571 | Ep_r: 33.97 | t_so_far: {18578} | epsilon: 0.953 max: 42.731536313721456
Ep: 572 | Ep_r: 35.69 | t_so_far: {18628} | epsilon: 0.953 max: 42.731536313721456
Ep: 573 | Ep_r: 36.98 | t_so_far: {18678} | epsilon: 0.954 max: 42.731536313721456
Ep: 574 | Ep_r: 37.94 | t_so_far: {18728} | epsilon: 0.954 max: 42.731536313721456
Ep: 575 | Ep_r: 38.98 | t_so_far: {18778} | epsilon: 0.954 max: 42.731536313721456
Ep: 576 | Ep_r: 40.0 | t_so_far: {18828} | epsilon: 0.955 max: 42.731536313721456
Ep: 577 | Ep_r: 40.81 | t_so_far: {18878} | epsilon: 0.955 max: 42.731536313721456
Ep: 578 | Ep_r: 41.35 | t_so_far: {18928} | epsilon: 0.955 max: 42.731536313721456
Ep: 579 | Ep_r: 41.22 | t_so_far: {18978} | epsilon: 0.956 max: 42.731536313721456
Ep: 580 | Ep_r: 41.55 | t_so_far: {19028} | epsilon: 0.956 max: 42.731536313721456
Ep: 581 | Ep_r: 41.66 | t_so_far: {19078} | epsilon: 0.957 max: 42.731536313721456
Ep: 582 | Ep_r: 42.39 | t_so_far: {19128} | epsilon: 0.957 max: 42.731536313721456
Ep: 583 | Ep_r: 39.91 | t_so_far: {19165} | epsilon: 0.957 max: 42.731536313721456
Ep: 584 | Ep_r: 40.74 | t_so_far: {19215} | epsilon: 0.957 max: 42.731536313721456
Ep: 585 | Ep_r: 41.5 | t_so_far: {19265} | epsilon: 0.958 max: 42.731536313721456
Ep: 586 | Ep_r: 41.28 | t_so_far: {19315} | epsilon: 0.958 max: 42.731536313721456
Ep: 587 | Ep_r: 41.28 | t_so_far: {19365} | epsilon: 0.958 max: 42.731536313721456
Ep: 588 | Ep_r: 38.55 | t_so_far: {19398} | epsilon: 0.959 max: 42.731536313721456
Ep: 589 | Ep_r: 39.54 | t_so_far: {19448} | epsilon: 0.959 max: 42.731536313721456
Ep: 590 | Ep_r: 40.24 | t_so_far: {19498} | epsilon: 0.959 max: 42.731536313721456
Ep: 591 | Ep_r: 39.48 | t_so_far: {19540} | epsilon: 0.96 max: 42.731536313721456
Ep: 592 | Ep_r: 38.91 | t_so_far: {19583} | epsilon: 0.96 max: 42.731536313721456
Ep: 593 | Ep_r: 39.52 | t_so_far: {19633} | epsilon: 0.96 max: 42.731536313721456
Ep: 594 | Ep_r: 40.67 | t_so_far: {19683} | epsilon: 0.96 max: 42.731536313721456
Ep: 595 | Ep_r: 41.65 | t_so_far: {19733} | epsilon: 0.961 max: 42.731536313721456
Ep: 596 | Ep_r: 41.66 | t_so_far: {19783} | epsilon: 0.961 max: 42.731536313721456
Ep: 597 | Ep_r: 41.1 | t_so_far: {19833} | epsilon: 0.961 max: 42.731536313721456
Ep: 598 | Ep_r: 37.9 | t_so_far: {19861} | epsilon: 0.962 max: 42.731536313721456
Ep: 599 | Ep_r: 37.19 | t_so_far: {19903} | epsilon: 0.962 max: 42.731536313721456
Ep: 600 | Ep_r: 35.86 | t_so_far: {19937} | epsilon: 0.962 max: 42.731536313721456
Ep: 601 | Ep_r: 37.08 | t_so_far: {19987} | epsilon: 0.962 max: 42.731536313721456
Ep: 602 | Ep_r: 38.3 | t_so_far: {20037} | epsilon: 0.963 max: 42.731536313721456
Ep: 603 | Ep_r: 39.09 | t_so_far: {20087} | epsilon: 0.963 max: 42.731536313721456
Ep: 604 | Ep_r: 39.95 | t_so_far: {20137} | epsilon: 0.963 max: 42.731536313721456
Ep: 605 | Ep_r: 41.48 | t_so_far: {20187} | epsilon: 0.963 max: 42.731536313721456
Ep: 606 | Ep_r: 41.66 | t_so_far: {20237} | epsilon: 0.964 max: 42.731536313721456
Ep: 607 | Ep_r: 42.52 | t_so_far: {20287} | epsilon: 0.964 max: 42.731536313721456
Ep: 608 | Ep_r: 42.9 | t_so_far: {20337} | epsilon: 0.964 max: 42.90466093957261
Ep: 609 | Ep_r: 34.77 | t_so_far: {20340} | epsilon: 0.964 max: 42.90466093957261
Ep: 610 | Ep_r: 28.63 | t_so_far: {20345} | epsilon: 0.964 max: 42.90466093957261
Ep: 611 | Ep_r: 31.0 | t_so_far: {20395} | epsilon: 0.965 max: 42.90466093957261
Ep: 612 | Ep_r: 33.24 | t_so_far: {20445} | epsilon: 0.965 max: 42.90466093957261
Ep: 613 | Ep_r: 35.06 | t_so_far: {20495} | epsilon: 0.965 max: 42.90466093957261
Ep: 614 | Ep_r: 36.24 | t_so_far: {20545} | epsilon: 0.965 max: 42.90466093957261
Ep: 615 | Ep_r: 37.86 | t_so_far: {20595} | epsilon: 0.966 max: 42.90466093957261
Ep: 616 | Ep_r: 35.82 | t_so_far: {20628} | epsilon: 0.966 max: 42.90466093957261
Ep: 617 | Ep_r: 29.83 | t_so_far: {20636} | epsilon: 0.966 max: 42.90466093957261
Ep: 618 | Ep_r: 32.25 | t_so_far: {20686} | epsilon: 0.966 max: 42.90466093957261
Ep: 619 | Ep_r: 34.2 | t_so_far: {20736} | epsilon: 0.966 max: 42.90466093957261
Ep: 620 | Ep_r: 36.3 | t_so_far: {20786} | epsilon: 0.967 max: 42.90466093957261
Ep: 621 | Ep_r: 32.48 | t_so_far: {20806} | epsilon: 0.967 max: 42.90466093957261
Ep: 622 | Ep_r: 34.93 | t_so_far: {20856} | epsilon: 0.967 max: 42.90466093957261
Ep: 623 | Ep_r: 36.55 | t_so_far: {20906} | epsilon: 0.967 max: 42.90466093957261
Ep: 624 | Ep_r: 37.69 | t_so_far: {20956} | epsilon: 0.968 max: 42.90466093957261
Ep: 625 | Ep_r: 39.27 | t_so_far: {21006} | epsilon: 0.968 max: 42.90466093957261
Ep: 626 | Ep_r: 39.97 | t_so_far: {21056} | epsilon: 0.968 max: 42.90466093957261
Ep: 627 | Ep_r: 40.61 | t_so_far: {21106} | epsilon: 0.968 max: 42.90466093957261
Ep: 628 | Ep_r: 41.05 | t_so_far: {21156} | epsilon: 0.969 max: 42.90466093957261
Ep: 629 | Ep_r: 37.32 | t_so_far: {21181} | epsilon: 0.969 max: 42.90466093957261
Ep: 630 | Ep_r: 36.3 | t_so_far: {21219} | epsilon: 0.969 max: 42.90466093957261
Ep: 631 | Ep_r: 38.41 | t_so_far: {21269} | epsilon: 0.969 max: 42.90466093957261
Ep: 632 | Ep_r: 39.15 | t_so_far: {21319} | epsilon: 0.969 max: 42.90466093957261
Ep: 633 | Ep_r: 40.25 | t_so_far: {21369} | epsilon: 0.97 max: 42.90466093957261
Ep: 634 | Ep_r: 41.04 | t_so_far: {21419} | epsilon: 0.97 max: 42.90466093957261
Ep: 635 | Ep_r: 41.74 | t_so_far: {21469} | epsilon: 0.97 max: 42.90466093957261
Ep: 636 | Ep_r: 42.45 | t_so_far: {21519} | epsilon: 0.97 max: 42.90466093957261
Ep: 637 | Ep_r: 42.99 | t_so_far: {21569} | epsilon: 0.97 max: 42.98591441167932
Ep: 638 | Ep_r: 39.93 | t_so_far: {21600} | epsilon: 0.971 max: 42.98591441167932
Ep: 639 | Ep_r: 41.05 | t_so_far: {21650} | epsilon: 0.971 max: 42.98591441167932
Ep: 640 | Ep_r: 38.11 | t_so_far: {21680} | epsilon: 0.971 max: 42.98591441167932
Ep: 641 | Ep_r: 38.91 | t_so_far: {21730} | epsilon: 0.971 max: 42.98591441167932
Ep: 642 | Ep_r: 35.58 | t_so_far: {21755} | epsilon: 0.971 max: 42.98591441167932
Ep: 643 | Ep_r: 36.99 | t_so_far: {21805} | epsilon: 0.972 max: 42.98591441167932
Ep: 644 | Ep_r: 34.78 | t_so_far: {21836} | epsilon: 0.972 max: 42.98591441167932
Ep: 645 | Ep_r: 37.01 | t_so_far: {21886} | epsilon: 0.972 max: 42.98591441167932
Ep: 646 | Ep_r: 38.6 | t_so_far: {21936} | epsilon: 0.972 max: 42.98591441167932
Ep: 647 | Ep_r: 39.84 | t_so_far: {21986} | epsilon: 0.972 max: 42.98591441167932
Ep: 648 | Ep_r: 40.45 | t_so_far: {22036} | epsilon: 0.973 max: 42.98591441167932
Ep: 649 | Ep_r: 41.11 | t_so_far: {22086} | epsilon: 0.973 max: 42.98591441167932
Ep: 650 | Ep_r: 42.01 | t_so_far: {22136} | epsilon: 0.973 max: 42.98591441167932
Ep: 651 | Ep_r: 42.79 | t_so_far: {22186} | epsilon: 0.973 max: 42.98591441167932
Ep: 652 | Ep_r: 35.12 | t_so_far: {22192} | epsilon: 0.973 max: 42.98591441167932
Ep: 653 | Ep_r: 36.71 | t_so_far: {22242} | epsilon: 0.973 max: 42.98591441167932
Ep: 654 | Ep_r: 37.68 | t_so_far: {22288} | epsilon: 0.974 max: 42.98591441167932
Ep: 655 | Ep_r: 39.2 | t_so_far: {22338} | epsilon: 0.974 max: 42.98591441167932
Ep: 656 | Ep_r: 40.16 | t_so_far: {22388} | epsilon: 0.974 max: 42.98591441167932
Ep: 657 | Ep_r: 40.14 | t_so_far: {22438} | epsilon: 0.974 max: 42.98591441167932
Ep: 658 | Ep_r: 35.41 | t_so_far: {22457} | epsilon: 0.974 max: 42.98591441167932
Ep: 659 | Ep_r: 36.68 | t_so_far: {22507} | epsilon: 0.974 max: 42.98591441167932
Ep: 660 | Ep_r: 38.1 | t_so_far: {22557} | epsilon: 0.975 max: 42.98591441167932
Ep: 661 | Ep_r: 33.14 | t_so_far: {22573} | epsilon: 0.975 max: 42.98591441167932
Ep: 662 | Ep_r: 35.36 | t_so_far: {22623} | epsilon: 0.975 max: 42.98591441167932
Ep: 663 | Ep_r: 36.36 | t_so_far: {22673} | epsilon: 0.975 max: 42.98591441167932
Ep: 664 | Ep_r: 34.6 | t_so_far: {22705} | epsilon: 0.975 max: 42.98591441167932
Ep: 665 | Ep_r: 36.21 | t_so_far: {22755} | epsilon: 0.975 max: 42.98591441167932
Ep: 666 | Ep_r: 37.36 | t_so_far: {22805} | epsilon: 0.976 max: 42.98591441167932
Ep: 667 | Ep_r: 37.72 | t_so_far: {22853} | epsilon: 0.976 max: 42.98591441167932
Ep: 668 | Ep_r: 34.08 | t_so_far: {22876} | epsilon: 0.976 max: 42.98591441167932
Ep: 669 | Ep_r: 36.03 | t_so_far: {22926} | epsilon: 0.976 max: 42.98591441167932
Ep: 670 | Ep_r: 31.65 | t_so_far: {22943} | epsilon: 0.976 max: 42.98591441167932
Ep: 671 | Ep_r: 27.29 | t_so_far: {22954} | epsilon: 0.976 max: 42.98591441167932
Ep: 672 | Ep_r: 30.53 | t_so_far: {23004} | epsilon: 0.976 max: 42.98591441167932
Ep: 673 | Ep_r: 32.97 | t_so_far: {23054} | epsilon: 0.977 max: 42.98591441167932
Ep: 674 | Ep_r: 34.76 | t_so_far: {23104} | epsilon: 0.977 max: 42.98591441167932
Ep: 675 | Ep_r: 35.76 | t_so_far: {23154} | epsilon: 0.977 max: 42.98591441167932
Ep: 676 | Ep_r: 37.64 | t_so_far: {23204} | epsilon: 0.977 max: 42.98591441167932
Ep: 677 | Ep_r: 38.06 | t_so_far: {23254} | epsilon: 0.977 max: 42.98591441167932
Ep: 678 | Ep_r: 39.44 | t_so_far: {23304} | epsilon: 0.977 max: 42.98591441167932
Ep: 679 | Ep_r: 39.47 | t_so_far: {23354} | epsilon: 0.978 max: 42.98591441167932
Ep: 680 | Ep_r: 35.16 | t_so_far: {23375} | epsilon: 0.978 max: 42.98591441167932
Ep: 681 | Ep_r: 36.66 | t_so_far: {23425} | epsilon: 0.978 max: 42.98591441167932
Ep: 682 | Ep_r: 38.03 | t_so_far: {23475} | epsilon: 0.978 max: 42.98591441167932
Ep: 683 | Ep_r: 39.57 | t_so_far: {23525} | epsilon: 0.978 max: 42.98591441167932
Ep: 684 | Ep_r: 40.78 | t_so_far: {23575} | epsilon: 0.978 max: 42.98591441167932
Ep: 685 | Ep_r: 41.75 | t_so_far: {23625} | epsilon: 0.978 max: 42.98591441167932
Ep: 686 | Ep_r: 42.32 | t_so_far: {23675} | epsilon: 0.979 max: 42.98591441167932
Ep: 687 | Ep_r: 41.7 | t_so_far: {23721} | epsilon: 0.979 max: 42.98591441167932
Ep: 688 | Ep_r: 42.12 | t_so_far: {23771} | epsilon: 0.979 max: 42.98591441167932
Ep: 689 | Ep_r: 42.99 | t_so_far: {23821} | epsilon: 0.979 max: 42.99338304117008
Ep: 690 | Ep_r: 43.65 | t_so_far: {23871} | epsilon: 0.979 max: 43.64803976626939
Ep: 691 | Ep_r: 43.93 | t_so_far: {23921} | epsilon: 0.979 max: 43.93176514634885
Ep: 692 | Ep_r: 44.69 | t_so_far: {23971} | epsilon: 0.98 max: 44.68541211707908
Ep: 693 | Ep_r: 45.1 | t_so_far: {24021} | epsilon: 0.98 max: 45.101663026996604
Ep: 694 | Ep_r: 45.22 | t_so_far: {24071} | epsilon: 0.98 max: 45.221330421597294
Ep: 695 | Ep_r: 45.3 | t_so_far: {24121} | epsilon: 0.98 max: 45.3037310039445
Ep: 696 | Ep_r: 44.86 | t_so_far: {24171} | epsilon: 0.98 max: 45.3037310039445
Ep: 697 | Ep_r: 44.66 | t_so_far: {24221} | epsilon: 0.98 max: 45.3037310039445
Ep: 698 | Ep_r: 45.03 | t_so_far: {24271} | epsilon: 0.98 max: 45.3037310039445
Ep: 699 | Ep_r: 45.12 | t_so_far: {24321} | epsilon: 0.981 max: 45.3037310039445
Ep: 700 | Ep_r: 40.2 | t_so_far: {24345} | epsilon: 0.981 max: 45.3037310039445
Ep: 701 | Ep_r: 41.28 | t_so_far: {24395} | epsilon: 0.981 max: 45.3037310039445
Ep: 702 | Ep_r: 41.67 | t_so_far: {24445} | epsilon: 0.981 max: 45.3037310039445
Ep: 703 | Ep_r: 38.83 | t_so_far: {24475} | epsilon: 0.981 max: 45.3037310039445
Ep: 704 | Ep_r: 39.98 | t_so_far: {24525} | epsilon: 0.981 max: 45.3037310039445
Ep: 705 | Ep_r: 40.55 | t_so_far: {24575} | epsilon: 0.981 max: 45.3037310039445
Ep: 706 | Ep_r: 41.82 | t_so_far: {24625} | epsilon: 0.982 max: 45.3037310039445
Ep: 707 | Ep_r: 42.7 | t_so_far: {24675} | epsilon: 0.982 max: 45.3037310039445
Ep: 708 | Ep_r: 43.0 | t_so_far: {24724} | epsilon: 0.982 max: 45.3037310039445
Ep: 709 | Ep_r: 43.8 | t_so_far: {24774} | epsilon: 0.982 max: 45.3037310039445
Ep: 710 | Ep_r: 44.22 | t_so_far: {24824} | epsilon: 0.982 max: 45.3037310039445
Ep: 711 | Ep_r: 44.7 | t_so_far: {24874} | epsilon: 0.982 max: 45.3037310039445
Ep: 712 | Ep_r: 45.41 | t_so_far: {24924} | epsilon: 0.982 max: 45.41354943817095
Ep: 713 | Ep_r: 45.66 | t_so_far: {24974} | epsilon: 0.982 max: 45.657506217203434
Ep: 714 | Ep_r: 45.31 | t_so_far: {25024} | epsilon: 0.983 max: 45.657506217203434
Ep: 715 | Ep_r: 45.28 | t_so_far: {25074} | epsilon: 0.983 max: 45.657506217203434
Ep: 716 | Ep_r: 44.75 | t_so_far: {25124} | epsilon: 0.983 max: 45.657506217203434
Ep: 717 | Ep_r: 45.14 | t_so_far: {25174} | epsilon: 0.983 max: 45.657506217203434
Ep: 718 | Ep_r: 44.82 | t_so_far: {25224} | epsilon: 0.983 max: 45.657506217203434
Ep: 719 | Ep_r: 45.44 | t_so_far: {25274} | epsilon: 0.983 max: 45.657506217203434
Ep: 720 | Ep_r: 45.49 | t_so_far: {25324} | epsilon: 0.983 max: 45.657506217203434
Ep: 721 | Ep_r: 44.36 | t_so_far: {25374} | epsilon: 0.983 max: 45.657506217203434
Ep: 722 | Ep_r: 44.49 | t_so_far: {25424} | epsilon: 0.984 max: 45.657506217203434
Ep: 723 | Ep_r: 43.98 | t_so_far: {25474} | epsilon: 0.984 max: 45.657506217203434
Ep: 724 | Ep_r: 44.18 | t_so_far: {25524} | epsilon: 0.984 max: 45.657506217203434
Ep: 725 | Ep_r: 44.26 | t_so_far: {25574} | epsilon: 0.984 max: 45.657506217203434
Ep: 726 | Ep_r: 44.15 | t_so_far: {25624} | epsilon: 0.984 max: 45.657506217203434
Ep: 727 | Ep_r: 43.98 | t_so_far: {25674} | epsilon: 0.984 max: 45.657506217203434
Ep: 728 | Ep_r: 43.96 | t_so_far: {25724} | epsilon: 0.984 max: 45.657506217203434
Ep: 729 | Ep_r: 44.34 | t_so_far: {25774} | epsilon: 0.984 max: 45.657506217203434
Ep: 730 | Ep_r: 38.89 | t_so_far: {25793} | epsilon: 0.984 max: 45.657506217203434
Ep: 731 | Ep_r: 39.83 | t_so_far: {25843} | epsilon: 0.985 max: 45.657506217203434
Ep: 732 | Ep_r: 40.89 | t_so_far: {25893} | epsilon: 0.985 max: 45.657506217203434
Ep: 733 | Ep_r: 40.69 | t_so_far: {25943} | epsilon: 0.985 max: 45.657506217203434
Ep: 734 | Ep_r: 41.95 | t_so_far: {25993} | epsilon: 0.985 max: 45.657506217203434
Ep: 735 | Ep_r: 41.96 | t_so_far: {26043} | epsilon: 0.985 max: 45.657506217203434
Ep: 736 | Ep_r: 42.01 | t_so_far: {26093} | epsilon: 0.985 max: 45.657506217203434
Ep: 737 | Ep_r: 42.62 | t_so_far: {26143} | epsilon: 0.985 max: 45.657506217203434
Ep: 738 | Ep_r: 42.6 | t_so_far: {26193} | epsilon: 0.985 max: 45.657506217203434
Ep: 739 | Ep_r: 41.56 | t_so_far: {26243} | epsilon: 0.986 max: 45.657506217203434
Ep: 740 | Ep_r: 41.99 | t_so_far: {26293} | epsilon: 0.986 max: 45.657506217203434
Ep: 741 | Ep_r: 42.3 | t_so_far: {26343} | epsilon: 0.986 max: 45.657506217203434
Ep: 742 | Ep_r: 42.96 | t_so_far: {26393} | epsilon: 0.986 max: 45.657506217203434
Ep: 743 | Ep_r: 42.97 | t_so_far: {26443} | epsilon: 0.986 max: 45.657506217203434
Ep: 744 | Ep_r: 43.78 | t_so_far: {26493} | epsilon: 0.986 max: 45.657506217203434
Ep: 745 | Ep_r: 43.66 | t_so_far: {26543} | epsilon: 0.986 max: 45.657506217203434
Ep: 746 | Ep_r: 35.36 | t_so_far: {26546} | epsilon: 0.986 max: 45.657506217203434
Ep: 747 | Ep_r: 36.92 | t_so_far: {26596} | epsilon: 0.986 max: 45.657506217203434
Ep: 748 | Ep_r: 38.03 | t_so_far: {26646} | epsilon: 0.986 max: 45.657506217203434
Ep: 749 | Ep_r: 35.15 | t_so_far: {26674} | epsilon: 0.986 max: 45.657506217203434
Ep: 750 | Ep_r: 36.34 | t_so_far: {26719} | epsilon: 0.986 max: 45.657506217203434
Ep: 751 | Ep_r: 37.65 | t_so_far: {26769} | epsilon: 0.987 max: 45.657506217203434
Ep: 752 | Ep_r: 38.58 | t_so_far: {26819} | epsilon: 0.987 max: 45.657506217203434
Ep: 753 | Ep_r: 35.0 | t_so_far: {26844} | epsilon: 0.987 max: 45.657506217203434
Ep: 754 | Ep_r: 36.4 | t_so_far: {26894} | epsilon: 0.987 max: 45.657506217203434
Ep: 755 | Ep_r: 38.02 | t_so_far: {26944} | epsilon: 0.987 max: 45.657506217203434
Ep: 756 | Ep_r: 39.36 | t_so_far: {26994} | epsilon: 0.987 max: 45.657506217203434
Ep: 757 | Ep_r: 38.67 | t_so_far: {27035} | epsilon: 0.987 max: 45.657506217203434
Ep: 758 | Ep_r: 39.64 | t_so_far: {27085} | epsilon: 0.987 max: 45.657506217203434
Ep: 759 | Ep_r: 40.96 | t_so_far: {27135} | epsilon: 0.987 max: 45.657506217203434
Ep: 760 | Ep_r: 41.01 | t_so_far: {27185} | epsilon: 0.987 max: 45.657506217203434
Ep: 761 | Ep_r: 41.2 | t_so_far: {27235} | epsilon: 0.987 max: 45.657506217203434
Ep: 762 | Ep_r: 42.22 | t_so_far: {27285} | epsilon: 0.988 max: 45.657506217203434
Ep: 763 | Ep_r: 43.14 | t_so_far: {27335} | epsilon: 0.988 max: 45.657506217203434
Ep: 764 | Ep_r: 42.01 | t_so_far: {27379} | epsilon: 0.988 max: 45.657506217203434
Ep: 765 | Ep_r: 42.71 | t_so_far: {27429} | epsilon: 0.988 max: 45.657506217203434
Ep: 766 | Ep_r: 43.17 | t_so_far: {27479} | epsilon: 0.988 max: 45.657506217203434
Ep: 767 | Ep_r: 41.85 | t_so_far: {27522} | epsilon: 0.988 max: 45.657506217203434
Ep: 768 | Ep_r: 42.08 | t_so_far: {27572} | epsilon: 0.988 max: 45.657506217203434
Ep: 769 | Ep_r: 42.19 | t_so_far: {27622} | epsilon: 0.988 max: 45.657506217203434
Ep: 770 | Ep_r: 42.61 | t_so_far: {27670} | epsilon: 0.988 max: 45.657506217203434
Ep: 771 | Ep_r: 43.31 | t_so_far: {27720} | epsilon: 0.988 max: 45.657506217203434
Ep: 772 | Ep_r: 42.51 | t_so_far: {27770} | epsilon: 0.988 max: 45.657506217203434
Ep: 773 | Ep_r: 42.95 | t_so_far: {27820} | epsilon: 0.989 max: 45.657506217203434
Ep: 774 | Ep_r: 43.41 | t_so_far: {27870} | epsilon: 0.989 max: 45.657506217203434
Ep: 775 | Ep_r: 43.09 | t_so_far: {27920} | epsilon: 0.989 max: 45.657506217203434
Ep: 776 | Ep_r: 43.6 | t_so_far: {27970} | epsilon: 0.989 max: 45.657506217203434
Ep: 777 | Ep_r: 43.79 | t_so_far: {28020} | epsilon: 0.989 max: 45.657506217203434
Ep: 778 | Ep_r: 44.42 | t_so_far: {28070} | epsilon: 0.989 max: 45.657506217203434
Ep: 779 | Ep_r: 45.01 | t_so_far: {28120} | epsilon: 0.989 max: 45.657506217203434
Ep: 780 | Ep_r: 45.67 | t_so_far: {28170} | epsilon: 0.989 max: 45.67424666060231
Ep: 781 | Ep_r: 45.63 | t_so_far: {28220} | epsilon: 0.989 max: 45.67424666060231
Ep: 782 | Ep_r: 45.36 | t_so_far: {28269} | epsilon: 0.989 max: 45.67424666060231
Ep: 783 | Ep_r: 45.22 | t_so_far: {28319} | epsilon: 0.989 max: 45.67424666060231
Ep: 784 | Ep_r: 45.04 | t_so_far: {28369} | epsilon: 0.989 max: 45.67424666060231
Ep: 785 | Ep_r: 44.46 | t_so_far: {28419} | epsilon: 0.989 max: 45.67424666060231
Ep: 786 | Ep_r: 45.05 | t_so_far: {28469} | epsilon: 0.99 max: 45.67424666060231
Ep: 787 | Ep_r: 44.21 | t_so_far: {28519} | epsilon: 0.99 max: 45.67424666060231
Ep: 788 | Ep_r: 44.31 | t_so_far: {28569} | epsilon: 0.99 max: 45.67424666060231
Ep: 789 | Ep_r: 44.91 | t_so_far: {28619} | epsilon: 0.99 max: 45.67424666060231
Ep: 790 | Ep_r: 40.11 | t_so_far: {28644} | epsilon: 0.99 max: 45.67424666060231
Ep: 791 | Ep_r: 41.1 | t_so_far: {28694} | epsilon: 0.99 max: 45.67424666060231
Ep: 792 | Ep_r: 42.28 | t_so_far: {28744} | epsilon: 0.99 max: 45.67424666060231
Ep: 793 | Ep_r: 42.94 | t_so_far: {28794} | epsilon: 0.99 max: 45.67424666060231
Ep: 794 | Ep_r: 39.63 | t_so_far: {28823} | epsilon: 0.99 max: 45.67424666060231
Ep: 795 | Ep_r: 41.12 | t_so_far: {28873} | epsilon: 0.99 max: 45.67424666060231
Ep: 796 | Ep_r: 42.26 | t_so_far: {28923} | epsilon: 0.99 max: 45.67424666060231
Ep: 797 | Ep_r: 43.01 | t_so_far: {28973} | epsilon: 0.99 max: 45.67424666060231
Ep: 798 | Ep_r: 38.4 | t_so_far: {28995} | epsilon: 0.99 max: 45.67424666060231
Ep: 799 | Ep_r: 39.89 | t_so_far: {29045} | epsilon: 0.99 max: 45.67424666060231
Ep: 800 | Ep_r: 41.01 | t_so_far: {29095} | epsilon: 0.99 max: 45.67424666060231
Ep: 801 | Ep_r: 33.02 | t_so_far: {29097} | epsilon: 0.99 max: 45.67424666060231
Ep: 802 | Ep_r: 35.93 | t_so_far: {29147} | epsilon: 0.991 max: 45.67424666060231
Ep: 803 | Ep_r: 37.97 | t_so_far: {29197} | epsilon: 0.991 max: 45.67424666060231
Ep: 804 | Ep_r: 39.37 | t_so_far: {29247} | epsilon: 0.991 max: 45.67424666060231
Ep: 805 | Ep_r: 40.29 | t_so_far: {29297} | epsilon: 0.991 max: 45.67424666060231
Ep: 806 | Ep_r: 41.52 | t_so_far: {29347} | epsilon: 0.991 max: 45.67424666060231
Ep: 807 | Ep_r: 42.25 | t_so_far: {29397} | epsilon: 0.991 max: 45.67424666060231
Ep: 808 | Ep_r: 42.68 | t_so_far: {29447} | epsilon: 0.991 max: 45.67424666060231
Ep: 809 | Ep_r: 43.66 | t_so_far: {29497} | epsilon: 0.991 max: 45.67424666060231
Ep: 810 | Ep_r: 43.99 | t_so_far: {29547} | epsilon: 0.991 max: 45.67424666060231
Ep: 811 | Ep_r: 44.26 | t_so_far: {29597} | epsilon: 0.991 max: 45.67424666060231
Ep: 812 | Ep_r: 44.04 | t_so_far: {29647} | epsilon: 0.991 max: 45.67424666060231
Ep: 813 | Ep_r: 44.55 | t_so_far: {29697} | epsilon: 0.991 max: 45.67424666060231
Ep: 814 | Ep_r: 44.86 | t_so_far: {29747} | epsilon: 0.991 max: 45.67424666060231
Ep: 815 | Ep_r: 45.2 | t_so_far: {29797} | epsilon: 0.991 max: 45.67424666060231
Ep: 816 | Ep_r: 44.8 | t_so_far: {29847} | epsilon: 0.991 max: 45.67424666060231
Ep: 817 | Ep_r: 44.65 | t_so_far: {29897} | epsilon: 0.991 max: 45.67424666060231
Ep: 818 | Ep_r: 44.83 | t_so_far: {29947} | epsilon: 0.992 max: 45.67424666060231
Ep: 819 | Ep_r: 45.26 | t_so_far: {29997} | epsilon: 0.992 max: 45.67424666060231
Ep: 820 | Ep_r: 45.42 | t_so_far: {30047} | epsilon: 0.992 max: 45.67424666060231
Ep: 821 | Ep_r: 45.55 | t_so_far: {30097} | epsilon: 0.992 max: 45.67424666060231
Ep: 822 | Ep_r: 45.76 | t_so_far: {30147} | epsilon: 0.992 max: 45.76116776384128
Ep: 823 | Ep_r: 38.81 | t_so_far: {30159} | epsilon: 0.992 max: 45.76116776384128
Ep: 824 | Ep_r: 39.55 | t_so_far: {30209} | epsilon: 0.992 max: 45.76116776384128
Ep: 825 | Ep_r: 38.45 | t_so_far: {30250} | epsilon: 0.992 max: 45.76116776384128
Ep: 826 | Ep_r: 38.64 | t_so_far: {30300} | epsilon: 0.992 max: 45.76116776384128
Ep: 827 | Ep_r: 39.73 | t_so_far: {30350} | epsilon: 0.992 max: 45.76116776384128
Ep: 828 | Ep_r: 39.99 | t_so_far: {30400} | epsilon: 0.992 max: 45.76116776384128
Ep: 829 | Ep_r: 36.39 | t_so_far: {30424} | epsilon: 0.992 max: 45.76116776384128
Ep: 830 | Ep_r: 37.73 | t_so_far: {30474} | epsilon: 0.992 max: 45.76116776384128
Ep: 831 | Ep_r: 39.39 | t_so_far: {30524} | epsilon: 0.992 max: 45.76116776384128
Ep: 832 | Ep_r: 40.18 | t_so_far: {30574} | epsilon: 0.992 max: 45.76116776384128
Ep: 833 | Ep_r: 40.56 | t_so_far: {30624} | epsilon: 0.992 max: 45.76116776384128
Ep: 834 | Ep_r: 41.8 | t_so_far: {30674} | epsilon: 0.992 max: 45.76116776384128
Ep: 835 | Ep_r: 42.32 | t_so_far: {30724} | epsilon: 0.992 max: 45.76116776384128
Ep: 836 | Ep_r: 37.47 | t_so_far: {30746} | epsilon: 0.992 max: 45.76116776384128
Ep: 837 | Ep_r: 36.55 | t_so_far: {30785} | epsilon: 0.992 max: 45.76116776384128
Ep: 838 | Ep_r: 37.96 | t_so_far: {30835} | epsilon: 0.993 max: 45.76116776384128
Ep: 839 | Ep_r: 38.99 | t_so_far: {30882} | epsilon: 0.993 max: 45.76116776384128
Ep: 840 | Ep_r: 40.25 | t_so_far: {30932} | epsilon: 0.993 max: 45.76116776384128
Ep: 841 | Ep_r: 41.34 | t_so_far: {30982} | epsilon: 0.993 max: 45.76116776384128
Ep: 842 | Ep_r: 41.66 | t_so_far: {31032} | epsilon: 0.993 max: 45.76116776384128
Ep: 843 | Ep_r: 42.04 | t_so_far: {31082} | epsilon: 0.993 max: 45.76116776384128
Ep: 844 | Ep_r: 42.5 | t_so_far: {31132} | epsilon: 0.993 max: 45.76116776384128
Ep: 845 | Ep_r: 43.14 | t_so_far: {31182} | epsilon: 0.993 max: 45.76116776384128
Ep: 846 | Ep_r: 42.91 | t_so_far: {31232} | epsilon: 0.993 max: 45.76116776384128
Ep: 847 | Ep_r: 42.95 | t_so_far: {31282} | epsilon: 0.993 max: 45.76116776384128
Ep: 848 | Ep_r: 43.43 | t_so_far: {31332} | epsilon: 0.993 max: 45.76116776384128
Ep: 849 | Ep_r: 42.82 | t_so_far: {31382} | epsilon: 0.993 max: 45.76116776384128
Ep: 850 | Ep_r: 42.76 | t_so_far: {31432} | epsilon: 0.993 max: 45.76116776384128
Ep: 851 | Ep_r: 43.2 | t_so_far: {31482} | epsilon: 0.993 max: 45.76116776384128
Ep: 852 | Ep_r: 43.63 | t_so_far: {31532} | epsilon: 0.993 max: 45.76116776384128
Ep: 853 | Ep_r: 43.73 | t_so_far: {31582} | epsilon: 0.993 max: 45.76116776384128
Ep: 854 | Ep_r: 44.2 | t_so_far: {31632} | epsilon: 0.993 max: 45.76116776384128
Ep: 855 | Ep_r: 44.36 | t_so_far: {31682} | epsilon: 0.993 max: 45.76116776384128
Ep: 856 | Ep_r: 44.05 | t_so_far: {31732} | epsilon: 0.993 max: 45.76116776384128
Ep: 857 | Ep_r: 43.78 | t_so_far: {31782} | epsilon: 0.993 max: 45.76116776384128
Ep: 858 | Ep_r: 43.59 | t_so_far: {31832} | epsilon: 0.993 max: 45.76116776384128
Ep: 859 | Ep_r: 40.98 | t_so_far: {31866} | epsilon: 0.994 max: 45.76116776384128
Ep: 860 | Ep_r: 41.35 | t_so_far: {31916} | epsilon: 0.994 max: 45.76116776384128
Ep: 861 | Ep_r: 41.41 | t_so_far: {31966} | epsilon: 0.994 max: 45.76116776384128
Ep: 862 | Ep_r: 42.31 | t_so_far: {32016} | epsilon: 0.994 max: 45.76116776384128
Ep: 863 | Ep_r: 42.62 | t_so_far: {32066} | epsilon: 0.994 max: 45.76116776384128
Ep: 864 | Ep_r: 43.2 | t_so_far: {32116} | epsilon: 0.994 max: 45.76116776384128
Ep: 865 | Ep_r: 43.45 | t_so_far: {32166} | epsilon: 0.994 max: 45.76116776384128
Ep: 866 | Ep_r: 43.72 | t_so_far: {32216} | epsilon: 0.994 max: 45.76116776384128
Ep: 867 | Ep_r: 41.6 | t_so_far: {32255} | epsilon: 0.994 max: 45.76116776384128
Ep: 868 | Ep_r: 42.72 | t_so_far: {32305} | epsilon: 0.994 max: 45.76116776384128
Ep: 869 | Ep_r: 42.71 | t_so_far: {32355} | epsilon: 0.994 max: 45.76116776384128
Ep: 870 | Ep_r: 42.57 | t_so_far: {32405} | epsilon: 0.994 max: 45.76116776384128
Ep: 871 | Ep_r: 42.86 | t_so_far: {32455} | epsilon: 0.994 max: 45.76116776384128
Ep: 872 | Ep_r: 42.98 | t_so_far: {32505} | epsilon: 0.994 max: 45.76116776384128
Ep: 873 | Ep_r: 43.56 | t_so_far: {32555} | epsilon: 0.994 max: 45.76116776384128
Ep: 874 | Ep_r: 43.87 | t_so_far: {32605} | epsilon: 0.994 max: 45.76116776384128
Ep: 875 | Ep_r: 44.16 | t_so_far: {32655} | epsilon: 0.994 max: 45.76116776384128
Ep: 876 | Ep_r: 44.58 | t_so_far: {32705} | epsilon: 0.994 max: 45.76116776384128
Ep: 877 | Ep_r: 45.04 | t_so_far: {32755} | epsilon: 0.994 max: 45.76116776384128
Ep: 878 | Ep_r: 45.18 | t_so_far: {32805} | epsilon: 0.994 max: 45.76116776384128
Ep: 879 | Ep_r: 44.58 | t_so_far: {32855} | epsilon: 0.994 max: 45.76116776384128
Ep: 880 | Ep_r: 44.2 | t_so_far: {32905} | epsilon: 0.994 max: 45.76116776384128
Ep: 881 | Ep_r: 44.27 | t_so_far: {32955} | epsilon: 0.994 max: 45.76116776384128
Ep: 882 | Ep_r: 44.24 | t_so_far: {33005} | epsilon: 0.994 max: 45.76116776384128
Ep: 883 | Ep_r: 44.77 | t_so_far: {33055} | epsilon: 0.994 max: 45.76116776384128
Ep: 884 | Ep_r: 44.81 | t_so_far: {33105} | epsilon: 0.994 max: 45.76116776384128
Ep: 885 | Ep_r: 45.19 | t_so_far: {33155} | epsilon: 0.995 max: 45.76116776384128
Ep: 886 | Ep_r: 45.44 | t_so_far: {33205} | epsilon: 0.995 max: 45.76116776384128
Ep: 887 | Ep_r: 45.56 | t_so_far: {33255} | epsilon: 0.995 max: 45.76116776384128
Ep: 888 | Ep_r: 45.57 | t_so_far: {33305} | epsilon: 0.995 max: 45.76116776384128
Ep: 889 | Ep_r: 45.77 | t_so_far: {33355} | epsilon: 0.995 max: 45.767673692293855
Ep: 890 | Ep_r: 45.81 | t_so_far: {33405} | epsilon: 0.995 max: 45.80747228716842
Ep: 891 | Ep_r: 45.25 | t_so_far: {33455} | epsilon: 0.995 max: 45.80747228716842
Ep: 892 | Ep_r: 45.14 | t_so_far: {33505} | epsilon: 0.995 max: 45.80747228716842
Ep: 893 | Ep_r: 45.27 | t_so_far: {33555} | epsilon: 0.995 max: 45.80747228716842
Ep: 894 | Ep_r: 45.47 | t_so_far: {33605} | epsilon: 0.995 max: 45.80747228716842
Ep: 895 | Ep_r: 45.15 | t_so_far: {33655} | epsilon: 0.995 max: 45.80747228716842
Ep: 896 | Ep_r: 44.9 | t_so_far: {33705} | epsilon: 0.995 max: 45.80747228716842
Ep: 897 | Ep_r: 44.66 | t_so_far: {33755} | epsilon: 0.995 max: 45.80747228716842
Ep: 898 | Ep_r: 45.12 | t_so_far: {33805} | epsilon: 0.995 max: 45.80747228716842
Ep: 899 | Ep_r: 45.57 | t_so_far: {33855} | epsilon: 0.995 max: 45.80747228716842
Ep: 900 | Ep_r: 45.52 | t_so_far: {33905} | epsilon: 0.995 max: 45.80747228716842
Ep: 901 | Ep_r: 45.24 | t_so_far: {33955} | epsilon: 0.995 max: 45.80747228716842
Ep: 902 | Ep_r: 45.11 | t_so_far: {34005} | epsilon: 0.995 max: 45.80747228716842
Ep: 903 | Ep_r: 44.77 | t_so_far: {34055} | epsilon: 0.995 max: 45.80747228716842
Ep: 904 | Ep_r: 40.37 | t_so_far: {34080} | epsilon: 0.995 max: 45.80747228716842
Ep: 905 | Ep_r: 41.67 | t_so_far: {34130} | epsilon: 0.995 max: 45.80747228716842
Ep: 906 | Ep_r: 42.25 | t_so_far: {34180} | epsilon: 0.995 max: 45.80747228716842
Ep: 907 | Ep_r: 35.29 | t_so_far: {34189} | epsilon: 0.995 max: 45.80747228716842
Ep: 908 | Ep_r: 37.46 | t_so_far: {34239} | epsilon: 0.995 max: 45.80747228716842
Ep: 909 | Ep_r: 39.42 | t_so_far: {34289} | epsilon: 0.995 max: 45.80747228716842
Ep: 910 | Ep_r: 40.2 | t_so_far: {34339} | epsilon: 0.995 max: 45.80747228716842
Ep: 911 | Ep_r: 40.65 | t_so_far: {34389} | epsilon: 0.995 max: 45.80747228716842
Ep: 912 | Ep_r: 35.78 | t_so_far: {34407} | epsilon: 0.995 max: 45.80747228716842
Ep: 913 | Ep_r: 37.85 | t_so_far: {34457} | epsilon: 0.995 max: 45.80747228716842
Ep: 914 | Ep_r: 38.92 | t_so_far: {34507} | epsilon: 0.995 max: 45.80747228716842
Ep: 915 | Ep_r: 35.09 | t_so_far: {34530} | epsilon: 0.995 max: 45.80747228716842
Ep: 916 | Ep_r: 37.3 | t_so_far: {34580} | epsilon: 0.995 max: 45.80747228716842
Ep: 917 | Ep_r: 35.72 | t_so_far: {34613} | epsilon: 0.995 max: 45.80747228716842
Ep: 918 | Ep_r: 37.32 | t_so_far: {34663} | epsilon: 0.995 max: 45.80747228716842
Ep: 919 | Ep_r: 39.17 | t_so_far: {34713} | epsilon: 0.996 max: 45.80747228716842
Ep: 920 | Ep_r: 40.34 | t_so_far: {34763} | epsilon: 0.996 max: 45.80747228716842
Ep: 921 | Ep_r: 41.23 | t_so_far: {34813} | epsilon: 0.996 max: 45.80747228716842
Ep: 922 | Ep_r: 42.32 | t_so_far: {34863} | epsilon: 0.996 max: 45.80747228716842
Ep: 923 | Ep_r: 35.87 | t_so_far: {34875} | epsilon: 0.996 max: 45.80747228716842
Ep: 924 | Ep_r: 37.92 | t_so_far: {34925} | epsilon: 0.996 max: 45.80747228716842
Ep: 925 | Ep_r: 39.43 | t_so_far: {34975} | epsilon: 0.996 max: 45.80747228716842
Ep: 926 | Ep_r: 40.82 | t_so_far: {35025} | epsilon: 0.996 max: 45.80747228716842
Ep: 927 | Ep_r: 40.99 | t_so_far: {35075} | epsilon: 0.996 max: 45.80747228716842
Ep: 928 | Ep_r: 41.59 | t_so_far: {35125} | epsilon: 0.996 max: 45.80747228716842
Ep: 929 | Ep_r: 41.97 | t_so_far: {35175} | epsilon: 0.996 max: 45.80747228716842
Ep: 930 | Ep_r: 41.94 | t_so_far: {35225} | epsilon: 0.996 max: 45.80747228716842
Ep: 931 | Ep_r: 38.22 | t_so_far: {35252} | epsilon: 0.996 max: 45.80747228716842
Ep: 932 | Ep_r: 39.42 | t_so_far: {35302} | epsilon: 0.996 max: 45.80747228716842
Ep: 933 | Ep_r: 40.69 | t_so_far: {35352} | epsilon: 0.996 max: 45.80747228716842
Ep: 934 | Ep_r: 37.71 | t_so_far: {35381} | epsilon: 0.996 max: 45.80747228716842
Ep: 935 | Ep_r: 39.38 | t_so_far: {35431} | epsilon: 0.996 max: 45.80747228716842
Ep: 936 | Ep_r: 40.41 | t_so_far: {35481} | epsilon: 0.996 max: 45.80747228716842
Ep: 937 | Ep_r: 41.73 | t_so_far: {35531} | epsilon: 0.996 max: 45.80747228716842
Ep: 938 | Ep_r: 42.47 | t_so_far: {35581} | epsilon: 0.996 max: 45.80747228716842
Ep: 939 | Ep_r: 43.56 | t_so_far: {35631} | epsilon: 0.996 max: 45.80747228716842
Ep: 940 | Ep_r: 43.91 | t_so_far: {35681} | epsilon: 0.996 max: 45.80747228716842
Ep: 941 | Ep_r: 44.15 | t_so_far: {35731} | epsilon: 0.996 max: 45.80747228716842
Ep: 942 | Ep_r: 44.44 | t_so_far: {35781} | epsilon: 0.996 max: 45.80747228716842
Ep: 943 | Ep_r: 44.63 | t_so_far: {35831} | epsilon: 0.996 max: 45.80747228716842
Ep: 944 | Ep_r: 44.29 | t_so_far: {35881} | epsilon: 0.996 max: 45.80747228716842
Ep: 945 | Ep_r: 44.01 | t_so_far: {35931} | epsilon: 0.996 max: 45.80747228716842
Ep: 946 | Ep_r: 44.16 | t_so_far: {35981} | epsilon: 0.996 max: 45.80747228716842
Ep: 947 | Ep_r: 44.05 | t_so_far: {36031} | epsilon: 0.996 max: 45.80747228716842
Ep: 948 | Ep_r: 38.59 | t_so_far: {36049} | epsilon: 0.996 max: 45.80747228716842
Ep: 949 | Ep_r: 40.12 | t_so_far: {36099} | epsilon: 0.996 max: 45.80747228716842
Ep: 950 | Ep_r: 41.0 | t_so_far: {36149} | epsilon: 0.996 max: 45.80747228716842
Ep: 951 | Ep_r: 41.37 | t_so_far: {36199} | epsilon: 0.996 max: 45.80747228716842
Ep: 952 | Ep_r: 41.85 | t_so_far: {36249} | epsilon: 0.996 max: 45.80747228716842
Ep: 953 | Ep_r: 42.65 | t_so_far: {36299} | epsilon: 0.996 max: 45.80747228716842
Ep: 954 | Ep_r: 43.63 | t_so_far: {36349} | epsilon: 0.996 max: 45.80747228716842
Ep: 955 | Ep_r: 44.5 | t_so_far: {36399} | epsilon: 0.996 max: 45.80747228716842
Ep: 956 | Ep_r: 44.27 | t_so_far: {36449} | epsilon: 0.996 max: 45.80747228716842
Ep: 957 | Ep_r: 44.61 | t_so_far: {36499} | epsilon: 0.996 max: 45.80747228716842
Ep: 958 | Ep_r: 44.86 | t_so_far: {36549} | epsilon: 0.996 max: 45.80747228716842
Ep: 959 | Ep_r: 45.06 | t_so_far: {36599} | epsilon: 0.996 max: 45.80747228716842
Ep: 960 | Ep_r: 45.3 | t_so_far: {36649} | epsilon: 0.996 max: 45.80747228716842
Ep: 961 | Ep_r: 45.72 | t_so_far: {36699} | epsilon: 0.996 max: 45.80747228716842
Ep: 962 | Ep_r: 45.45 | t_so_far: {36749} | epsilon: 0.996 max: 45.80747228716842
Ep: 963 | Ep_r: 45.29 | t_so_far: {36799} | epsilon: 0.997 max: 45.80747228716842
Ep: 964 | Ep_r: 44.98 | t_so_far: {36849} | epsilon: 0.997 max: 45.80747228716842
Ep: 965 | Ep_r: 44.78 | t_so_far: {36899} | epsilon: 0.997 max: 45.80747228716842
Ep: 966 | Ep_r: 45.33 | t_so_far: {36949} | epsilon: 0.997 max: 45.80747228716842
Ep: 967 | Ep_r: 45.18 | t_so_far: {36999} | epsilon: 0.997 max: 45.80747228716842
Ep: 968 | Ep_r: 45.68 | t_so_far: {37049} | epsilon: 0.997 max: 45.80747228716842
Ep: 969 | Ep_r: 45.02 | t_so_far: {37099} | epsilon: 0.997 max: 45.80747228716842
Ep: 970 | Ep_r: 44.94 | t_so_far: {37149} | epsilon: 0.997 max: 45.80747228716842
Ep: 971 | Ep_r: 40.34 | t_so_far: {37175} | epsilon: 0.997 max: 45.80747228716842
Ep: 972 | Ep_r: 40.79 | t_so_far: {37225} | epsilon: 0.997 max: 45.80747228716842
Ep: 973 | Ep_r: 41.63 | t_so_far: {37275} | epsilon: 0.997 max: 45.80747228716842
Ep: 974 | Ep_r: 42.99 | t_so_far: {37325} | epsilon: 0.997 max: 45.80747228716842
Ep: 975 | Ep_r: 43.25 | t_so_far: {37375} | epsilon: 0.997 max: 45.80747228716842
Ep: 976 | Ep_r: 44.02 | t_so_far: {37425} | epsilon: 0.997 max: 45.80747228716842
Ep: 977 | Ep_r: 44.34 | t_so_far: {37475} | epsilon: 0.997 max: 45.80747228716842
Ep: 978 | Ep_r: 44.47 | t_so_far: {37525} | epsilon: 0.997 max: 45.80747228716842
Ep: 979 | Ep_r: 44.46 | t_so_far: {37575} | epsilon: 0.997 max: 45.80747228716842
Ep: 980 | Ep_r: 44.88 | t_so_far: {37625} | epsilon: 0.997 max: 45.80747228716842
Ep: 981 | Ep_r: 44.1 | t_so_far: {37675} | epsilon: 0.997 max: 45.80747228716842
Ep: 982 | Ep_r: 44.11 | t_so_far: {37725} | epsilon: 0.997 max: 45.80747228716842
Ep: 983 | Ep_r: 44.25 | t_so_far: {37775} | epsilon: 0.997 max: 45.80747228716842
Ep: 984 | Ep_r: 44.55 | t_so_far: {37825} | epsilon: 0.997 max: 45.80747228716842
Ep: 985 | Ep_r: 44.3 | t_so_far: {37875} | epsilon: 0.997 max: 45.80747228716842
Ep: 986 | Ep_r: 43.06 | t_so_far: {37919} | epsilon: 0.997 max: 45.80747228716842
Ep: 987 | Ep_r: 43.45 | t_so_far: {37969} | epsilon: 0.997 max: 45.80747228716842
Ep: 988 | Ep_r: 37.66 | t_so_far: {37986} | epsilon: 0.997 max: 45.80747228716842
Ep: 989 | Ep_r: 37.1 | t_so_far: {38026} | epsilon: 0.997 max: 45.80747228716842
Ep: 990 | Ep_r: 38.52 | t_so_far: {38076} | epsilon: 0.997 max: 45.80747228716842
Ep: 991 | Ep_r: 40.26 | t_so_far: {38126} | epsilon: 0.997 max: 45.80747228716842
Ep: 992 | Ep_r: 41.71 | t_so_far: {38176} | epsilon: 0.997 max: 45.80747228716842
Ep: 993 | Ep_r: 42.73 | t_so_far: {38226} | epsilon: 0.997 max: 45.80747228716842
Ep: 994 | Ep_r: 43.18 | t_so_far: {38276} | epsilon: 0.997 max: 45.80747228716842
Ep: 995 | Ep_r: 43.91 | t_so_far: {38326} | epsilon: 0.997 max: 45.80747228716842
Ep: 996 | Ep_r: 42.58 | t_so_far: {38367} | epsilon: 0.997 max: 45.80747228716842
Ep: 997 | Ep_r: 42.87 | t_so_far: {38417} | epsilon: 0.997 max: 45.80747228716842
Ep: 998 | Ep_r: 42.83 | t_so_far: {38467} | epsilon: 0.997 max: 45.80747228716842
Ep: 999 | Ep_r: 43.55 | t_so_far: {38517} | epsilon: 0.997 max: 45.80747228716842
Ep: 1000 | Ep_r: 44.54 | t_so_far: {38567} | epsilon: 0.997 max: 45.80747228716842
pygame 2.1.0 (SDL 2.0.16, Python 3.8.0)
Hello from the pygame community. https://www.pygame.org/contribute.html
usage: agent.py [-h] [--mode {train,test}]
                [--input {image,vector,image_attention,vector_attention,multi_attention}]
                [--file_name FILE_NAME] [--episode_num EPISODE_NUM]
                [--epsilon_decay EPSILON_DECAY] [--seed SEED] [--gpu GPU]
                [--add_dueling] [--double] [--right_r RIGHT_R]
                [--highspeed_r HIGHSPEED_R] [--normal] [--absolute]
                [--model_ep MODEL_EP]
agent.py: error: unrecognized arguments: --test
pygame 2.1.0 (SDL 2.0.16, Python 3.8.0)
Hello from the pygame community. https://www.pygame.org/contribute.html
Successfully set seed to 2
MultiAttentionNetwork(
  (features): Sequential(
    (0): Conv2d(4, 32, kernel_size=(8, 8), stride=(4, 4))
    (1): ReLU()
    (2): Conv2d(32, 64, kernel_size=(4, 4), stride=(2, 2))
    (3): ReLU()
    (4): Conv2d(64, 64, kernel_size=(3, 3), stride=(1, 1))
    (5): ReLU()
  )
  (attention): NONLocalBlock2D(
    (g): Conv2d(64, 32, kernel_size=(1, 1), stride=(1, 1))
    (W): Conv2d(32, 64, kernel_size=(1, 1), stride=(1, 1))
    (theta): Conv2d(64, 32, kernel_size=(1, 1), stride=(1, 1))
    (phi): Conv2d(64, 32, kernel_size=(1, 1), stride=(1, 1))
  )
  (advantage): Sequential(
    (0): Linear(in_features=68224, out_features=512, bias=True)
    (1): ReLU()
    (2): Linear(in_features=512, out_features=5, bias=True)
  )
  (value): Sequential(
    (0): Linear(in_features=68224, out_features=512, bias=True)
    (1): ReLU()
    (2): Linear(in_features=512, out_features=1, bias=True)
  )
  (output): None
  (ego_embedding): Sequential(
    (0): Linear(in_features=7, out_features=64, bias=True)
    (1): ReLU()
    (2): Linear(in_features=64, out_features=64, bias=True)
    (3): ReLU()
  )
  (others_embedding): Sequential(
    (0): Linear(in_features=7, out_features=64, bias=True)
    (1): ReLU()
    (2): Linear(in_features=64, out_features=64, bias=True)
    (3): ReLU()
  )
  (attention_layer): EgoAttetion(
    (value_all): Linear(in_features=64, out_features=64, bias=False)
    (key_all): Linear(in_features=64, out_features=64, bias=False)
    (query_ego): Linear(in_features=64, out_features=64, bias=False)
    (attention_combine): Linear(in_features=64, out_features=64, bias=False)
  )
  (decoder): Sequential(
    (0): Linear(in_features=64, out_features=64, bias=True)
    (1): ReLU()
    (2): Linear(in_features=64, out_features=64, bias=True)
    (3): ReLU()
  )
)
====================================
Model has been loaded...
====================================
./agent.py:220: UserWarning: Creating a tensor from a list of numpy.ndarrays is extremely slow. Please consider converting the list to a single numpy.ndarray with numpy.array() before converting to a tensor. (Triggered internally at  /opt/conda/conda-bld/pytorch_1646755903507/work/torch/csrc/utils/tensor_new.cpp:210.)
  return (torch.tensor([state['kinematics']], dtype=torch.float), state_image)
step: 49, ep_reward: 45.93333333333333
step: 49, ep_reward: 45.70000000000001
step: 49, ep_reward: 47.300000000000004
step: 49, ep_reward: 46.800000000000004
step: 49, ep_reward: 46.766666666666666
step: 49, ep_reward: 44.86666666666668
step: 25, ep_reward: 23.666666666666664
step: 49, ep_reward: 48.0
step: 44, ep_reward: 38.299999999999976
step: 49, ep_reward: 45.30000000000002
pygame 2.1.0 (SDL 2.0.16, Python 3.8.0)
Hello from the pygame community. https://www.pygame.org/contribute.html
Successfully set seed to 2
MultiAttentionNetwork(
  (features): Sequential(
    (0): Conv2d(4, 32, kernel_size=(8, 8), stride=(4, 4))
    (1): ReLU()
    (2): Conv2d(32, 64, kernel_size=(4, 4), stride=(2, 2))
    (3): ReLU()
    (4): Conv2d(64, 64, kernel_size=(3, 3), stride=(1, 1))
    (5): ReLU()
  )
  (attention): NONLocalBlock2D(
    (g): Conv2d(64, 32, kernel_size=(1, 1), stride=(1, 1))
    (W): Conv2d(32, 64, kernel_size=(1, 1), stride=(1, 1))
    (theta): Conv2d(64, 32, kernel_size=(1, 1), stride=(1, 1))
    (phi): Conv2d(64, 32, kernel_size=(1, 1), stride=(1, 1))
  )
  (advantage): Sequential(
    (0): Linear(in_features=68224, out_features=512, bias=True)
    (1): ReLU()
    (2): Linear(in_features=512, out_features=5, bias=True)
  )
  (value): Sequential(
    (0): Linear(in_features=68224, out_features=512, bias=True)
    (1): ReLU()
    (2): Linear(in_features=512, out_features=1, bias=True)
  )
  (output): None
  (ego_embedding): Sequential(
    (0): Linear(in_features=7, out_features=64, bias=True)
    (1): ReLU()
    (2): Linear(in_features=64, out_features=64, bias=True)
    (3): ReLU()
  )
  (others_embedding): Sequential(
    (0): Linear(in_features=7, out_features=64, bias=True)
    (1): ReLU()
    (2): Linear(in_features=64, out_features=64, bias=True)
    (3): ReLU()
  )
  (attention_layer): EgoAttetion(
    (value_all): Linear(in_features=64, out_features=64, bias=False)
    (key_all): Linear(in_features=64, out_features=64, bias=False)
    (query_ego): Linear(in_features=64, out_features=64, bias=False)
    (attention_combine): Linear(in_features=64, out_features=64, bias=False)
  )
  (decoder): Sequential(
    (0): Linear(in_features=64, out_features=64, bias=True)
    (1): ReLU()
    (2): Linear(in_features=64, out_features=64, bias=True)
    (3): ReLU()
  )
)
====================================
Model has been loaded...
====================================
./agent.py:220: UserWarning: Creating a tensor from a list of numpy.ndarrays is extremely slow. Please consider converting the list to a single numpy.ndarray with numpy.array() before converting to a tensor. (Triggered internally at  /opt/conda/conda-bld/pytorch_1646755903507/work/torch/csrc/utils/tensor_new.cpp:210.)
  return (torch.tensor([state['kinematics']], dtype=torch.float), state_image)
step: 49, ep_reward: 44.46666666666669
step: 49, ep_reward: 45.06666666666664
step: 49, ep_reward: 44.633333333333326
step: 49, ep_reward: 46.133333333333326
step: 49, ep_reward: 46.60000000000001
step: 49, ep_reward: 47.266666666666666
step: 49, ep_reward: 46.000000000000014
step: 49, ep_reward: 46.60000000000001
step: 49, ep_reward: 46.8
step: 49, ep_reward: 45.166666666666636
