pygame 2.1.0 (SDL 2.0.16, Python 3.8.0)
Hello from the pygame community. https://www.pygame.org/contribute.html
Successfully set seed to 2
MultiAttentionNetwork(
  (features): Sequential(
    (0): Conv2d(4, 32, kernel_size=(8, 8), stride=(4, 4))
    (1): ReLU()
    (2): Conv2d(32, 64, kernel_size=(4, 4), stride=(2, 2))
    (3): ReLU()
    (4): Conv2d(64, 64, kernel_size=(3, 3), stride=(1, 1))
    (5): ReLU()
  )
  (attention): NONLocalBlock2D(
    (g): Conv2d(64, 32, kernel_size=(1, 1), stride=(1, 1))
    (W): Conv2d(32, 64, kernel_size=(1, 1), stride=(1, 1))
    (theta): Conv2d(64, 32, kernel_size=(1, 1), stride=(1, 1))
    (phi): Conv2d(64, 32, kernel_size=(1, 1), stride=(1, 1))
  )
  (advantage): Sequential(
    (0): Linear(in_features=68224, out_features=512, bias=True)
    (1): ReLU()
    (2): Linear(in_features=512, out_features=5, bias=True)
  )
  (value): Sequential(
    (0): Linear(in_features=68224, out_features=512, bias=True)
    (1): ReLU()
    (2): Linear(in_features=512, out_features=1, bias=True)
  )
  (output): None
  (ego_embedding): Sequential(
    (0): Linear(in_features=7, out_features=64, bias=True)
    (1): ReLU()
    (2): Linear(in_features=64, out_features=64, bias=True)
    (3): ReLU()
  )
  (others_embedding): Sequential(
    (0): Linear(in_features=7, out_features=64, bias=True)
    (1): ReLU()
    (2): Linear(in_features=64, out_features=64, bias=True)
    (3): ReLU()
  )
  (attention_layer): EgoAttetion(
    (value_all): Linear(in_features=64, out_features=64, bias=False)
    (key_all): Linear(in_features=64, out_features=64, bias=False)
    (query_ego): Linear(in_features=64, out_features=64, bias=False)
    (attention_combine): Linear(in_features=64, out_features=64, bias=False)
  )
  (decoder): Sequential(
    (0): Linear(in_features=64, out_features=64, bias=True)
    (1): ReLU()
    (2): Linear(in_features=64, out_features=64, bias=True)
    (3): ReLU()
  )
)
./agent.py:220: UserWarning: Creating a tensor from a list of numpy.ndarrays is extremely slow. Please consider converting the list to a single numpy.ndarray with numpy.array() before converting to a tensor. (Triggered internally at  /opt/conda/conda-bld/pytorch_1646755903507/work/torch/csrc/utils/tensor_new.cpp:210.)
  return (torch.tensor([state['kinematics']], dtype=torch.float), state_image)
Ep: 0 | Ep_r: 37.14 | t_so_far: {43} | epsilon: 0.106 max: 37.14285714285716
Ep: 1 | Ep_r: 37.6 | t_so_far: {93} | epsilon: 0.113 max: 37.600000000000016
Ep: 2 | Ep_r: 31.68 | t_so_far: {103} | epsilon: 0.115 max: 37.600000000000016
Ep: 3 | Ep_r: 27.94 | t_so_far: {118} | epsilon: 0.117 max: 37.600000000000016
Ep: 4 | Ep_r: 27.73 | t_so_far: {147} | epsilon: 0.121 max: 37.600000000000016
Ep: 5 | Ep_r: 23.15 | t_so_far: {153} | epsilon: 0.122 max: 37.600000000000016
Ep: 6 | Ep_r: 20.84 | t_so_far: {167} | epsilon: 0.124 max: 37.600000000000016
Ep: 7 | Ep_r: 23.15 | t_so_far: {205} | epsilon: 0.129 max: 37.600000000000016
Ep: 8 | Ep_r: 20.61 | t_so_far: {217} | epsilon: 0.131 max: 37.600000000000016
Ep: 9 | Ep_r: 19.43 | t_so_far: {235} | epsilon: 0.133 max: 37.600000000000016
Ep: 10 | Ep_r: 18.14 | t_so_far: {251} | epsilon: 0.135 max: 37.600000000000016
Ep: 11 | Ep_r: 16.66 | t_so_far: {264} | epsilon: 0.137 max: 37.600000000000016
Ep: 12 | Ep_r: 14.47 | t_so_far: {271} | epsilon: 0.138 max: 37.600000000000016
Ep: 13 | Ep_r: 14.89 | t_so_far: {289} | epsilon: 0.14 max: 37.600000000000016
Ep: 14 | Ep_r: 17.97 | t_so_far: {325} | epsilon: 0.145 max: 37.600000000000016
Ep: 15 | Ep_r: 17.89 | t_so_far: {345} | epsilon: 0.148 max: 37.600000000000016
Ep: 16 | Ep_r: 14.94 | t_so_far: {349} | epsilon: 0.149 max: 37.600000000000016
Ep: 17 | Ep_r: 15.78 | t_so_far: {371} | epsilon: 0.152 max: 37.600000000000016
Ep: 18 | Ep_r: 16.68 | t_so_far: {395} | epsilon: 0.155 max: 37.600000000000016
Ep: 19 | Ep_r: 15.49 | t_so_far: {407} | epsilon: 0.157 max: 37.600000000000016
Ep: 20 | Ep_r: 16.65 | t_so_far: {432} | epsilon: 0.16 max: 37.600000000000016
Ep: 21 | Ep_r: 15.12 | t_so_far: {443} | epsilon: 0.161 max: 37.600000000000016
Ep: 22 | Ep_r: 12.55 | t_so_far: {446} | epsilon: 0.162 max: 37.600000000000016
Ep: 23 | Ep_r: 17.7 | t_so_far: {496} | epsilon: 0.168 max: 37.600000000000016
Ep: 24 | Ep_r: 14.76 | t_so_far: {500} | epsilon: 0.169 max: 37.600000000000016
Ep: 25 | Ep_r: 15.21 | t_so_far: {519} | epsilon: 0.172 max: 37.600000000000016
Ep: 26 | Ep_r: 13.62 | t_so_far: {527} | epsilon: 0.173 max: 37.600000000000016
Ep: 27 | Ep_r: 12.5 | t_so_far: {537} | epsilon: 0.174 max: 37.600000000000016
Ep: 28 | Ep_r: 11.66 | t_so_far: {547} | epsilon: 0.175 max: 37.600000000000016
Ep: 29 | Ep_r: 11.04 | t_so_far: {557} | epsilon: 0.177 max: 37.600000000000016
Ep: 30 | Ep_r: 11.12 | t_so_far: {571} | epsilon: 0.178 max: 37.600000000000016
Ep: 31 | Ep_r: 11.75 | t_so_far: {589} | epsilon: 0.181 max: 37.600000000000016
Ep: 32 | Ep_r: 12.34 | t_so_far: {607} | epsilon: 0.183 max: 37.600000000000016
Ep: 33 | Ep_r: 18.36 | t_so_far: {657} | epsilon: 0.19 max: 37.600000000000016
Ep: 34 | Ep_r: 20.32 | t_so_far: {692} | epsilon: 0.194 max: 37.600000000000016
Ep: 35 | Ep_r: 23.51 | t_so_far: {733} | epsilon: 0.199 max: 37.600000000000016
Ep: 36 | Ep_r: 19.27 | t_so_far: {736} | epsilon: 0.2 max: 37.600000000000016
Ep: 37 | Ep_r: 21.61 | t_so_far: {770} | epsilon: 0.204 max: 37.600000000000016
Ep: 38 | Ep_r: 21.15 | t_so_far: {793} | epsilon: 0.207 max: 37.600000000000016
Ep: 39 | Ep_r: 18.09 | t_so_far: {800} | epsilon: 0.208 max: 37.600000000000016
Ep: 40 | Ep_r: 22.36 | t_so_far: {850} | epsilon: 0.214 max: 37.600000000000016
Ep: 41 | Ep_r: 24.14 | t_so_far: {888} | epsilon: 0.219 max: 37.600000000000016
Ep: 42 | Ep_r: 25.26 | t_so_far: {923} | epsilon: 0.223 max: 37.600000000000016
Ep: 43 | Ep_r: 24.09 | t_so_far: {947} | epsilon: 0.226 max: 37.600000000000016
Ep: 44 | Ep_r: 23.82 | t_so_far: {975} | epsilon: 0.23 max: 37.600000000000016
Ep: 45 | Ep_r: 19.71 | t_so_far: {979} | epsilon: 0.23 max: 37.600000000000016
Ep: 46 | Ep_r: 20.34 | t_so_far: {1003} | epsilon: 0.233 max: 37.600000000000016
Ep: 47 | Ep_r: 17.07 | t_so_far: {1008} | epsilon: 0.234 max: 37.600000000000016
Ep: 48 | Ep_r: 16.49 | t_so_far: {1024} | epsilon: 0.236 max: 37.600000000000016
Ep: 49 | Ep_r: 14.65 | t_so_far: {1033} | epsilon: 0.237 max: 37.600000000000016
Ep: 50 | Ep_r: 14.26 | t_so_far: {1048} | epsilon: 0.239 max: 37.600000000000016
Ep: 51 | Ep_r: 12.35 | t_so_far: {1054} | epsilon: 0.239 max: 37.600000000000016
Ep: 52 | Ep_r: 15.19 | t_so_far: {1085} | epsilon: 0.243 max: 37.600000000000016
Ep: 53 | Ep_r: 18.47 | t_so_far: {1120} | epsilon: 0.247 max: 37.600000000000016
Ep: 54 | Ep_r: 22.12 | t_so_far: {1162} | epsilon: 0.252 max: 37.600000000000016
Ep: 55 | Ep_r: 22.58 | t_so_far: {1191} | epsilon: 0.256 max: 37.600000000000016
Ep: 56 | Ep_r: 18.84 | t_so_far: {1196} | epsilon: 0.256 max: 37.600000000000016
Ep: 57 | Ep_r: 21.33 | t_so_far: {1232} | epsilon: 0.261 max: 37.600000000000016
Ep: 58 | Ep_r: 18.32 | t_so_far: {1239} | epsilon: 0.262 max: 37.600000000000016
Ep: 59 | Ep_r: 16.28 | t_so_far: {1249} | epsilon: 0.263 max: 37.600000000000016
Ep: 60 | Ep_r: 15.28 | t_so_far: {1261} | epsilon: 0.264 max: 37.600000000000016
Ep: 61 | Ep_r: 13.97 | t_so_far: {1271} | epsilon: 0.265 max: 37.600000000000016
Ep: 62 | Ep_r: 11.95 | t_so_far: {1276} | epsilon: 0.266 max: 37.600000000000016
Ep: 63 | Ep_r: 10.01 | t_so_far: {1279} | epsilon: 0.266 max: 37.600000000000016
Ep: 64 | Ep_r: 12.73 | t_so_far: {1304} | epsilon: 0.269 max: 37.600000000000016
Ep: 65 | Ep_r: 12.3 | t_so_far: {1317} | epsilon: 0.271 max: 37.600000000000016
Ep: 66 | Ep_r: 12.89 | t_so_far: {1334} | epsilon: 0.273 max: 37.600000000000016
Ep: 67 | Ep_r: 11.26 | t_so_far: {1340} | epsilon: 0.273 max: 37.600000000000016
Ep: 68 | Ep_r: 17.55 | t_so_far: {1390} | epsilon: 0.279 max: 37.600000000000016
Ep: 69 | Ep_r: 14.3 | t_so_far: {1392} | epsilon: 0.279 max: 37.600000000000016
Ep: 70 | Ep_r: 11.89 | t_so_far: {1395} | epsilon: 0.28 max: 37.600000000000016
Ep: 71 | Ep_r: 10.77 | t_so_far: {1402} | epsilon: 0.281 max: 37.600000000000016
Ep: 72 | Ep_r: 11.68 | t_so_far: {1419} | epsilon: 0.282 max: 37.600000000000016
Ep: 73 | Ep_r: 13.48 | t_so_far: {1441} | epsilon: 0.285 max: 37.600000000000016
Ep: 74 | Ep_r: 15.27 | t_so_far: {1469} | epsilon: 0.288 max: 37.600000000000016
Ep: 75 | Ep_r: 17.67 | t_so_far: {1501} | epsilon: 0.292 max: 37.600000000000016
Ep: 76 | Ep_r: 20.23 | t_so_far: {1536} | epsilon: 0.296 max: 37.600000000000016
Ep: 77 | Ep_r: 21.75 | t_so_far: {1569} | epsilon: 0.299 max: 37.600000000000016
Ep: 78 | Ep_r: 20.74 | t_so_far: {1589} | epsilon: 0.302 max: 37.600000000000016
Ep: 79 | Ep_r: 17.22 | t_so_far: {1593} | epsilon: 0.302 max: 37.600000000000016
Ep: 80 | Ep_r: 22.09 | t_so_far: {1643} | epsilon: 0.308 max: 37.600000000000016
Ep: 81 | Ep_r: 20.22 | t_so_far: {1657} | epsilon: 0.309 max: 37.600000000000016
Ep: 82 | Ep_r: 20.46 | t_so_far: {1683} | epsilon: 0.312 max: 37.600000000000016
Ep: 83 | Ep_r: 19.63 | t_so_far: {1702} | epsilon: 0.314 max: 37.600000000000016
Ep: 84 | Ep_r: 18.76 | t_so_far: {1719} | epsilon: 0.316 max: 37.600000000000016
Ep: 85 | Ep_r: 17.01 | t_so_far: {1730} | epsilon: 0.317 max: 37.600000000000016
Ep: 86 | Ep_r: 15.23 | t_so_far: {1739} | epsilon: 0.318 max: 37.600000000000016
Ep: 87 | Ep_r: 20.47 | t_so_far: {1789} | epsilon: 0.324 max: 37.600000000000016
Ep: 88 | Ep_r: 18.01 | t_so_far: {1798} | epsilon: 0.325 max: 37.600000000000016
Ep: 89 | Ep_r: 15.26 | t_so_far: {1803} | epsilon: 0.325 max: 37.600000000000016
Ep: 90 | Ep_r: 18.55 | t_so_far: {1837} | epsilon: 0.329 max: 37.600000000000016
Ep: 91 | Ep_r: 15.64 | t_so_far: {1842} | epsilon: 0.329 max: 37.600000000000016
Ep: 92 | Ep_r: 19.89 | t_so_far: {1887} | epsilon: 0.334 max: 37.600000000000016
Ep: 93 | Ep_r: 16.74 | t_so_far: {1892} | epsilon: 0.335 max: 37.600000000000016
Ep: 94 | Ep_r: 16.73 | t_so_far: {1911} | epsilon: 0.337 max: 37.600000000000016
Ep: 95 | Ep_r: 15.93 | t_so_far: {1926} | epsilon: 0.338 max: 37.600000000000016
Ep: 96 | Ep_r: 19.74 | t_so_far: {1967} | epsilon: 0.343 max: 37.600000000000016
Ep: 97 | Ep_r: 17.19 | t_so_far: {1975} | epsilon: 0.343 max: 37.600000000000016
Ep: 98 | Ep_r: 14.58 | t_so_far: {1980} | epsilon: 0.344 max: 37.600000000000016
Ep: 99 | Ep_r: 14.55 | t_so_far: {1996} | epsilon: 0.346 max: 37.600000000000016
Ep: 100 | Ep_r: 16.79 | t_so_far: {2029} | epsilon: 0.349 max: 37.600000000000016
Ep: 101 | Ep_r: 17.91 | t_so_far: {2057} | epsilon: 0.352 max: 37.600000000000016
Ep: 102 | Ep_r: 16.25 | t_so_far: {2069} | epsilon: 0.353 max: 37.600000000000016
Ep: 103 | Ep_r: 17.02 | t_so_far: {2093} | epsilon: 0.356 max: 37.600000000000016
Ep: 104 | Ep_r: 16.25 | t_so_far: {2108} | epsilon: 0.357 max: 37.600000000000016
Ep: 105 | Ep_r: 14.94 | t_so_far: {2119} | epsilon: 0.358 max: 37.600000000000016
Ep: 106 | Ep_r: 16.27 | t_so_far: {2145} | epsilon: 0.361 max: 37.600000000000016
Ep: 107 | Ep_r: 17.41 | t_so_far: {2169} | epsilon: 0.364 max: 37.600000000000016
Ep: 108 | Ep_r: 23.45 | t_so_far: {2219} | epsilon: 0.369 max: 37.600000000000016
Ep: 109 | Ep_r: 23.21 | t_so_far: {2247} | epsilon: 0.371 max: 37.600000000000016
Ep: 110 | Ep_r: 18.83 | t_so_far: {2249} | epsilon: 0.372 max: 37.600000000000016
Ep: 111 | Ep_r: 15.72 | t_so_far: {2253} | epsilon: 0.372 max: 37.600000000000016
Ep: 112 | Ep_r: 21.6 | t_so_far: {2303} | epsilon: 0.377 max: 37.600000000000016
Ep: 113 | Ep_r: 26.2 | t_so_far: {2353} | epsilon: 0.382 max: 37.600000000000016
Ep: 114 | Ep_r: 22.62 | t_so_far: {2362} | epsilon: 0.383 max: 37.600000000000016
Ep: 115 | Ep_r: 26.72 | t_so_far: {2412} | epsilon: 0.388 max: 37.600000000000016
Ep: 116 | Ep_r: 22.98 | t_so_far: {2421} | epsilon: 0.389 max: 37.600000000000016
Ep: 117 | Ep_r: 25.64 | t_so_far: {2464} | epsilon: 0.393 max: 37.600000000000016
Ep: 118 | Ep_r: 29.14 | t_so_far: {2514} | epsilon: 0.398 max: 37.600000000000016
Ep: 119 | Ep_r: 24.11 | t_so_far: {2519} | epsilon: 0.398 max: 37.600000000000016
Ep: 120 | Ep_r: 20.55 | t_so_far: {2526} | epsilon: 0.399 max: 37.600000000000016
Ep: 121 | Ep_r: 23.64 | t_so_far: {2568} | epsilon: 0.403 max: 37.600000000000016
Ep: 122 | Ep_r: 24.31 | t_so_far: {2600} | epsilon: 0.406 max: 37.600000000000016
Ep: 123 | Ep_r: 20.56 | t_so_far: {2607} | epsilon: 0.407 max: 37.600000000000016
Ep: 124 | Ep_r: 17.71 | t_so_far: {2615} | epsilon: 0.407 max: 37.600000000000016
Ep: 125 | Ep_r: 20.51 | t_so_far: {2651} | epsilon: 0.411 max: 37.600000000000016
Ep: 126 | Ep_r: 21.66 | t_so_far: {2681} | epsilon: 0.413 max: 37.600000000000016
Ep: 127 | Ep_r: 18.16 | t_so_far: {2686} | epsilon: 0.414 max: 37.600000000000016
Ep: 128 | Ep_r: 19.21 | t_so_far: {2713} | epsilon: 0.416 max: 37.600000000000016
Ep: 129 | Ep_r: 23.28 | t_so_far: {2756} | epsilon: 0.42 max: 37.600000000000016
Ep: 130 | Ep_r: 19.6 | t_so_far: {2762} | epsilon: 0.421 max: 37.600000000000016
Ep: 131 | Ep_r: 16.28 | t_so_far: {2766} | epsilon: 0.421 max: 37.600000000000016
Ep: 132 | Ep_r: 22.4 | t_so_far: {2816} | epsilon: 0.426 max: 37.600000000000016
Ep: 133 | Ep_r: 25.92 | t_so_far: {2864} | epsilon: 0.43 max: 37.600000000000016
Ep: 134 | Ep_r: 26.33 | t_so_far: {2896} | epsilon: 0.433 max: 37.600000000000016
Ep: 135 | Ep_r: 25.12 | t_so_far: {2919} | epsilon: 0.435 max: 37.600000000000016
Ep: 136 | Ep_r: 23.24 | t_so_far: {2936} | epsilon: 0.437 max: 37.600000000000016
Ep: 137 | Ep_r: 22.91 | t_so_far: {2962} | epsilon: 0.439 max: 37.600000000000016
Ep: 138 | Ep_r: 18.78 | t_so_far: {2965} | epsilon: 0.44 max: 37.600000000000016
Ep: 139 | Ep_r: 23.74 | t_so_far: {3015} | epsilon: 0.444 max: 37.600000000000016
Ep: 140 | Ep_r: 25.51 | t_so_far: {3050} | epsilon: 0.447 max: 37.600000000000016
Ep: 141 | Ep_r: 22.21 | t_so_far: {3060} | epsilon: 0.448 max: 37.600000000000016
Ep: 142 | Ep_r: 18.39 | t_so_far: {3064} | epsilon: 0.448 max: 37.600000000000016
Ep: 143 | Ep_r: 16.8 | t_so_far: {3076} | epsilon: 0.449 max: 37.600000000000016
Ep: 144 | Ep_r: 16.73 | t_so_far: {3095} | epsilon: 0.451 max: 37.600000000000016
Ep: 145 | Ep_r: 20.47 | t_so_far: {3138} | epsilon: 0.455 max: 37.600000000000016
Ep: 146 | Ep_r: 25.12 | t_so_far: {3188} | epsilon: 0.459 max: 37.600000000000016
Ep: 147 | Ep_r: 23.89 | t_so_far: {3210} | epsilon: 0.461 max: 37.600000000000016
Ep: 148 | Ep_r: 23.94 | t_so_far: {3236} | epsilon: 0.463 max: 37.600000000000016
Ep: 149 | Ep_r: 19.81 | t_so_far: {3240} | epsilon: 0.464 max: 37.600000000000016
Ep: 150 | Ep_r: 20.96 | t_so_far: {3268} | epsilon: 0.466 max: 37.600000000000016
Ep: 151 | Ep_r: 23.66 | t_so_far: {3306} | epsilon: 0.469 max: 37.600000000000016
Ep: 152 | Ep_r: 22.41 | t_so_far: {3326} | epsilon: 0.471 max: 37.600000000000016
Ep: 153 | Ep_r: 20.56 | t_so_far: {3340} | epsilon: 0.472 max: 37.600000000000016
Ep: 154 | Ep_r: 23.79 | t_so_far: {3381} | epsilon: 0.476 max: 37.600000000000016
Ep: 155 | Ep_r: 20.03 | t_so_far: {3387} | epsilon: 0.476 max: 37.600000000000016
Ep: 156 | Ep_r: 22.2 | t_so_far: {3422} | epsilon: 0.479 max: 37.600000000000016
Ep: 157 | Ep_r: 22.53 | t_so_far: {3447} | epsilon: 0.481 max: 37.600000000000016
Ep: 158 | Ep_r: 20.42 | t_so_far: {3460} | epsilon: 0.482 max: 37.600000000000016
Ep: 159 | Ep_r: 18.57 | t_so_far: {3472} | epsilon: 0.483 max: 37.600000000000016
Ep: 160 | Ep_r: 23.62 | t_so_far: {3522} | epsilon: 0.487 max: 37.600000000000016
Ep: 161 | Ep_r: 22.19 | t_so_far: {3541} | epsilon: 0.489 max: 37.600000000000016
Ep: 162 | Ep_r: 22.35 | t_so_far: {3568} | epsilon: 0.491 max: 37.600000000000016
Ep: 163 | Ep_r: 19.82 | t_so_far: {3579} | epsilon: 0.492 max: 37.600000000000016
Ep: 164 | Ep_r: 17.09 | t_so_far: {3586} | epsilon: 0.492 max: 37.600000000000016
Ep: 165 | Ep_r: 15.13 | t_so_far: {3595} | epsilon: 0.493 max: 37.600000000000016
Ep: 166 | Ep_r: 21.44 | t_so_far: {3645} | epsilon: 0.497 max: 37.600000000000016
Ep: 167 | Ep_r: 17.75 | t_so_far: {3649} | epsilon: 0.498 max: 37.600000000000016
Ep: 168 | Ep_r: 22.98 | t_so_far: {3699} | epsilon: 0.501 max: 37.600000000000016
Ep: 169 | Ep_r: 22.41 | t_so_far: {3721} | epsilon: 0.503 max: 37.600000000000016
Ep: 170 | Ep_r: 19.93 | t_so_far: {3732} | epsilon: 0.504 max: 37.600000000000016
Ep: 171 | Ep_r: 25.06 | t_so_far: {3782} | epsilon: 0.508 max: 37.600000000000016
Ep: 172 | Ep_r: 28.19 | t_so_far: {3827} | epsilon: 0.512 max: 37.600000000000016
Ep: 173 | Ep_r: 31.12 | t_so_far: {3877} | epsilon: 0.515 max: 37.600000000000016
Ep: 174 | Ep_r: 27.18 | t_so_far: {3890} | epsilon: 0.516 max: 37.600000000000016
Ep: 175 | Ep_r: 26.92 | t_so_far: {3918} | epsilon: 0.519 max: 37.600000000000016
Ep: 176 | Ep_r: 28.36 | t_so_far: {3957} | epsilon: 0.522 max: 37.600000000000016
Ep: 177 | Ep_r: 28.6 | t_so_far: {3989} | epsilon: 0.524 max: 37.600000000000016
Ep: 178 | Ep_r: 25.03 | t_so_far: {4001} | epsilon: 0.525 max: 37.600000000000016
Ep: 179 | Ep_r: 24.42 | t_so_far: {4026} | epsilon: 0.527 max: 37.600000000000016
Ep: 180 | Ep_r: 25.91 | t_so_far: {4062} | epsilon: 0.53 max: 37.600000000000016
Ep: 181 | Ep_r: 27.3 | t_so_far: {4099} | epsilon: 0.532 max: 37.600000000000016
Ep: 182 | Ep_r: 24.7 | t_so_far: {4115} | epsilon: 0.534 max: 37.600000000000016
Ep: 183 | Ep_r: 24.64 | t_so_far: {4142} | epsilon: 0.536 max: 37.600000000000016
Ep: 184 | Ep_r: 28.29 | t_so_far: {4192} | epsilon: 0.539 max: 37.600000000000016
Ep: 185 | Ep_r: 23.23 | t_so_far: {4196} | epsilon: 0.54 max: 37.600000000000016
Ep: 186 | Ep_r: 22.04 | t_so_far: {4216} | epsilon: 0.541 max: 37.600000000000016
Ep: 187 | Ep_r: 26.72 | t_so_far: {4266} | epsilon: 0.545 max: 37.600000000000016
Ep: 188 | Ep_r: 30.37 | t_so_far: {4316} | epsilon: 0.548 max: 37.600000000000016
Ep: 189 | Ep_r: 30.47 | t_so_far: {4352} | epsilon: 0.551 max: 37.600000000000016
Ep: 190 | Ep_r: 26.55 | t_so_far: {4364} | epsilon: 0.552 max: 37.600000000000016
Ep: 191 | Ep_r: 25.78 | t_so_far: {4389} | epsilon: 0.553 max: 37.600000000000016
Ep: 192 | Ep_r: 27.45 | t_so_far: {4426} | epsilon: 0.556 max: 37.600000000000016
Ep: 193 | Ep_r: 24.53 | t_so_far: {4441} | epsilon: 0.557 max: 37.600000000000016
Ep: 194 | Ep_r: 21.31 | t_so_far: {4451} | epsilon: 0.558 max: 37.600000000000016
Ep: 195 | Ep_r: 21.65 | t_so_far: {4477} | epsilon: 0.56 max: 37.600000000000016
Ep: 196 | Ep_r: 22.18 | t_so_far: {4504} | epsilon: 0.562 max: 37.600000000000016
Ep: 197 | Ep_r: 23.97 | t_so_far: {4538} | epsilon: 0.564 max: 37.600000000000016
Ep: 198 | Ep_r: 27.78 | t_so_far: {4588} | epsilon: 0.567 max: 37.600000000000016
Ep: 199 | Ep_r: 31.54 | t_so_far: {4638} | epsilon: 0.571 max: 37.600000000000016
Ep: 200 | Ep_r: 30.83 | t_so_far: {4667} | epsilon: 0.573 max: 37.600000000000016
Ep: 201 | Ep_r: 33.72 | t_so_far: {4717} | epsilon: 0.576 max: 37.600000000000016
Ep: 202 | Ep_r: 29.23 | t_so_far: {4729} | epsilon: 0.577 max: 37.600000000000016
Ep: 203 | Ep_r: 25.5 | t_so_far: {4741} | epsilon: 0.578 max: 37.600000000000016
Ep: 204 | Ep_r: 23.57 | t_so_far: {4759} | epsilon: 0.579 max: 37.600000000000016
Ep: 205 | Ep_r: 20.6 | t_so_far: {4770} | epsilon: 0.58 max: 37.600000000000016
Ep: 206 | Ep_r: 25.65 | t_so_far: {4820} | epsilon: 0.583 max: 37.600000000000016
Ep: 207 | Ep_r: 23.52 | t_so_far: {4836} | epsilon: 0.584 max: 37.600000000000016
Ep: 208 | Ep_r: 22.42 | t_so_far: {4856} | epsilon: 0.586 max: 37.600000000000016
Ep: 209 | Ep_r: 20.91 | t_so_far: {4874} | epsilon: 0.587 max: 37.600000000000016
Ep: 210 | Ep_r: 25.95 | t_so_far: {4924} | epsilon: 0.59 max: 37.600000000000016
Ep: 211 | Ep_r: 22.42 | t_so_far: {4933} | epsilon: 0.591 max: 37.600000000000016
Ep: 212 | Ep_r: 25.54 | t_so_far: {4974} | epsilon: 0.593 max: 37.600000000000016
Ep: 213 | Ep_r: 29.49 | t_so_far: {5024} | epsilon: 0.597 max: 37.600000000000016
Ep: 214 | Ep_r: 27.99 | t_so_far: {5049} | epsilon: 0.598 max: 37.600000000000016
Ep: 215 | Ep_r: 25.22 | t_so_far: {5066} | epsilon: 0.599 max: 37.600000000000016
Ep: 216 | Ep_r: 26.6 | t_so_far: {5105} | epsilon: 0.602 max: 37.600000000000016
Ep: 217 | Ep_r: 30.45 | t_so_far: {5155} | epsilon: 0.605 max: 37.600000000000016
Ep: 218 | Ep_r: 24.59 | t_so_far: {5157} | epsilon: 0.605 max: 37.600000000000016
Ep: 219 | Ep_r: 28.42 | t_so_far: {5207} | epsilon: 0.608 max: 37.600000000000016
Ep: 220 | Ep_r: 23.19 | t_so_far: {5210} | epsilon: 0.608 max: 37.600000000000016
Ep: 221 | Ep_r: 22.44 | t_so_far: {5232} | epsilon: 0.61 max: 37.600000000000016
Ep: 222 | Ep_r: 20.86 | t_so_far: {5249} | epsilon: 0.611 max: 37.600000000000016
Ep: 223 | Ep_r: 25.35 | t_so_far: {5299} | epsilon: 0.614 max: 37.600000000000016
Ep: 224 | Ep_r: 24.59 | t_so_far: {5324} | epsilon: 0.615 max: 37.600000000000016
Ep: 225 | Ep_r: 28.82 | t_so_far: {5374} | epsilon: 0.618 max: 37.600000000000016
Ep: 226 | Ep_r: 28.88 | t_so_far: {5406} | epsilon: 0.62 max: 37.600000000000016
Ep: 227 | Ep_r: 24.42 | t_so_far: {5414} | epsilon: 0.621 max: 37.600000000000016
Ep: 228 | Ep_r: 29.11 | t_so_far: {5464} | epsilon: 0.624 max: 37.600000000000016
Ep: 229 | Ep_r: 23.74 | t_so_far: {5467} | epsilon: 0.624 max: 37.600000000000016
Ep: 230 | Ep_r: 24.22 | t_so_far: {5495} | epsilon: 0.626 max: 37.600000000000016
Ep: 231 | Ep_r: 19.98 | t_so_far: {5499} | epsilon: 0.626 max: 37.600000000000016
Ep: 232 | Ep_r: 19.67 | t_so_far: {5519} | epsilon: 0.627 max: 37.600000000000016
Ep: 233 | Ep_r: 20.19 | t_so_far: {5543} | epsilon: 0.629 max: 37.600000000000016
Ep: 234 | Ep_r: 20.67 | t_so_far: {5569} | epsilon: 0.63 max: 37.600000000000016
Ep: 235 | Ep_r: 18.45 | t_so_far: {5581} | epsilon: 0.631 max: 37.600000000000016
Ep: 236 | Ep_r: 15.22 | t_so_far: {5584} | epsilon: 0.631 max: 37.600000000000016
Ep: 237 | Ep_r: 13.97 | t_so_far: {5594} | epsilon: 0.632 max: 37.600000000000016
Ep: 238 | Ep_r: 12.81 | t_so_far: {5604} | epsilon: 0.632 max: 37.600000000000016
Ep: 239 | Ep_r: 19.42 | t_so_far: {5654} | epsilon: 0.635 max: 37.600000000000016
Ep: 240 | Ep_r: 24.65 | t_so_far: {5704} | epsilon: 0.638 max: 37.600000000000016
Ep: 241 | Ep_r: 21.86 | t_so_far: {5717} | epsilon: 0.639 max: 37.600000000000016
Ep: 242 | Ep_r: 18.95 | t_so_far: {5725} | epsilon: 0.639 max: 37.600000000000016
Ep: 243 | Ep_r: 24.79 | t_so_far: {5775} | epsilon: 0.642 max: 37.600000000000016
Ep: 244 | Ep_r: 27.2 | t_so_far: {5815} | epsilon: 0.644 max: 37.600000000000016
Ep: 245 | Ep_r: 22.79 | t_so_far: {5821} | epsilon: 0.645 max: 37.600000000000016
Ep: 246 | Ep_r: 26.09 | t_so_far: {5864} | epsilon: 0.647 max: 37.600000000000016
Ep: 247 | Ep_r: 23.5 | t_so_far: {5880} | epsilon: 0.648 max: 37.600000000000016
Ep: 248 | Ep_r: 25.14 | t_so_far: {5916} | epsilon: 0.65 max: 37.600000000000016
Ep: 249 | Ep_r: 27.26 | t_so_far: {5957} | epsilon: 0.652 max: 37.600000000000016
Ep: 250 | Ep_r: 28.09 | t_so_far: {5991} | epsilon: 0.654 max: 37.600000000000016
Ep: 251 | Ep_r: 31.67 | t_so_far: {6041} | epsilon: 0.657 max: 37.600000000000016
Ep: 252 | Ep_r: 29.4 | t_so_far: {6063} | epsilon: 0.658 max: 37.600000000000016
Ep: 253 | Ep_r: 30.63 | t_so_far: {6101} | epsilon: 0.66 max: 37.600000000000016
Ep: 254 | Ep_r: 34.16 | t_so_far: {6151} | epsilon: 0.663 max: 37.600000000000016
Ep: 255 | Ep_r: 35.99 | t_so_far: {6196} | epsilon: 0.665 max: 37.600000000000016
Ep: 256 | Ep_r: 34.22 | t_so_far: {6225} | epsilon: 0.667 max: 37.600000000000016
Ep: 257 | Ep_r: 28.03 | t_so_far: {6229} | epsilon: 0.667 max: 37.600000000000016
Ep: 258 | Ep_r: 31.74 | t_so_far: {6279} | epsilon: 0.67 max: 37.600000000000016
Ep: 259 | Ep_r: 29.33 | t_so_far: {6301} | epsilon: 0.671 max: 37.600000000000016
Ep: 260 | Ep_r: 32.75 | t_so_far: {6351} | epsilon: 0.674 max: 37.600000000000016
Ep: 261 | Ep_r: 28.32 | t_so_far: {6363} | epsilon: 0.674 max: 37.600000000000016
Ep: 262 | Ep_r: 27.68 | t_so_far: {6391} | epsilon: 0.676 max: 37.600000000000016
Ep: 263 | Ep_r: 23.09 | t_so_far: {6397} | epsilon: 0.676 max: 37.600000000000016
Ep: 264 | Ep_r: 27.9 | t_so_far: {6447} | epsilon: 0.678 max: 37.600000000000016
Ep: 265 | Ep_r: 26.55 | t_so_far: {6469} | epsilon: 0.68 max: 37.600000000000016
Ep: 266 | Ep_r: 30.64 | t_so_far: {6519} | epsilon: 0.682 max: 37.600000000000016
Ep: 267 | Ep_r: 25.6 | t_so_far: {6526} | epsilon: 0.683 max: 37.600000000000016
Ep: 268 | Ep_r: 23.62 | t_so_far: {6545} | epsilon: 0.683 max: 37.600000000000016
Ep: 269 | Ep_r: 26.75 | t_so_far: {6590} | epsilon: 0.686 max: 37.600000000000016
Ep: 270 | Ep_r: 30.4 | t_so_far: {6640} | epsilon: 0.688 max: 37.600000000000016
Ep: 271 | Ep_r: 27.24 | t_so_far: {6656} | epsilon: 0.689 max: 37.600000000000016
Ep: 272 | Ep_r: 27.3 | t_so_far: {6686} | epsilon: 0.691 max: 37.600000000000016
Ep: 273 | Ep_r: 26.19 | t_so_far: {6711} | epsilon: 0.692 max: 37.600000000000016
Ep: 274 | Ep_r: 26.12 | t_so_far: {6739} | epsilon: 0.693 max: 37.600000000000016
Ep: 275 | Ep_r: 30.12 | t_so_far: {6789} | epsilon: 0.696 max: 37.600000000000016
Ep: 276 | Ep_r: 25.1 | t_so_far: {6795} | epsilon: 0.696 max: 37.600000000000016
Ep: 277 | Ep_r: 29.45 | t_so_far: {6845} | epsilon: 0.698 max: 37.600000000000016
Ep: 278 | Ep_r: 27.96 | t_so_far: {6869} | epsilon: 0.699 max: 37.600000000000016
Ep: 279 | Ep_r: 31.0 | t_so_far: {6918} | epsilon: 0.702 max: 37.600000000000016
Ep: 280 | Ep_r: 34.37 | t_so_far: {6968} | epsilon: 0.704 max: 37.600000000000016
Ep: 281 | Ep_r: 28.3 | t_so_far: {6973} | epsilon: 0.704 max: 37.600000000000016
Ep: 282 | Ep_r: 25.55 | t_so_far: {6989} | epsilon: 0.705 max: 37.600000000000016
Ep: 283 | Ep_r: 26.44 | t_so_far: {7021} | epsilon: 0.707 max: 37.600000000000016
Ep: 284 | Ep_r: 25.61 | t_so_far: {7047} | epsilon: 0.708 max: 37.600000000000016
Ep: 285 | Ep_r: 27.57 | t_so_far: {7085} | epsilon: 0.71 max: 37.600000000000016
Ep: 286 | Ep_r: 24.83 | t_so_far: {7100} | epsilon: 0.71 max: 37.600000000000016
Ep: 287 | Ep_r: 20.89 | t_so_far: {7106} | epsilon: 0.711 max: 37.600000000000016
Ep: 288 | Ep_r: 22.83 | t_so_far: {7140} | epsilon: 0.712 max: 37.600000000000016
Ep: 289 | Ep_r: 27.69 | t_so_far: {7190} | epsilon: 0.714 max: 37.600000000000016
Ep: 290 | Ep_r: 24.7 | t_so_far: {7204} | epsilon: 0.715 max: 37.600000000000016
Ep: 291 | Ep_r: 29.13 | t_so_far: {7254} | epsilon: 0.717 max: 37.600000000000016
Ep: 292 | Ep_r: 26.39 | t_so_far: {7272} | epsilon: 0.718 max: 37.600000000000016
Ep: 293 | Ep_r: 22.57 | t_so_far: {7280} | epsilon: 0.718 max: 37.600000000000016
Ep: 294 | Ep_r: 20.23 | t_so_far: {7292} | epsilon: 0.719 max: 37.600000000000016
Ep: 295 | Ep_r: 18.58 | t_so_far: {7305} | epsilon: 0.72 max: 37.600000000000016
Ep: 296 | Ep_r: 16.44 | t_so_far: {7314} | epsilon: 0.72 max: 37.600000000000016
Ep: 297 | Ep_r: 15.75 | t_so_far: {7328} | epsilon: 0.721 max: 37.600000000000016
Ep: 298 | Ep_r: 18.17 | t_so_far: {7357} | epsilon: 0.722 max: 37.600000000000016
Ep: 299 | Ep_r: 23.94 | t_so_far: {7407} | epsilon: 0.724 max: 37.600000000000016
Ep: 300 | Ep_r: 28.46 | t_so_far: {7457} | epsilon: 0.726 max: 37.600000000000016
Ep: 301 | Ep_r: 23.34 | t_so_far: {7461} | epsilon: 0.726 max: 37.600000000000016
Ep: 302 | Ep_r: 22.36 | t_so_far: {7481} | epsilon: 0.727 max: 37.600000000000016
Ep: 303 | Ep_r: 25.66 | t_so_far: {7524} | epsilon: 0.729 max: 37.600000000000016
Ep: 304 | Ep_r: 29.76 | t_so_far: {7574} | epsilon: 0.731 max: 37.600000000000016
Ep: 305 | Ep_r: 27.98 | t_so_far: {7596} | epsilon: 0.732 max: 37.600000000000016
Ep: 306 | Ep_r: 26.55 | t_so_far: {7618} | epsilon: 0.733 max: 37.600000000000016
Ep: 307 | Ep_r: 26.98 | t_so_far: {7650} | epsilon: 0.735 max: 37.600000000000016
Ep: 308 | Ep_r: 30.87 | t_so_far: {7700} | epsilon: 0.737 max: 37.600000000000016
Ep: 309 | Ep_r: 33.93 | t_so_far: {7750} | epsilon: 0.739 max: 37.600000000000016
Ep: 310 | Ep_r: 36.31 | t_so_far: {7800} | epsilon: 0.741 max: 37.600000000000016
Ep: 311 | Ep_r: 38.42 | t_so_far: {7850} | epsilon: 0.743 max: 38.422051581690994
Ep: 312 | Ep_r: 39.68 | t_so_far: {7900} | epsilon: 0.745 max: 39.680498408209935
Ep: 313 | Ep_r: 41.03 | t_so_far: {7949} | epsilon: 0.747 max: 41.030113012282236
Ep: 314 | Ep_r: 36.8 | t_so_far: {7970} | epsilon: 0.748 max: 41.030113012282236
Ep: 315 | Ep_r: 39.06 | t_so_far: {8020} | epsilon: 0.75 max: 41.030113012282236
Ep: 316 | Ep_r: 37.65 | t_so_far: {8054} | epsilon: 0.751 max: 41.030113012282236
Ep: 317 | Ep_r: 35.84 | t_so_far: {8086} | epsilon: 0.752 max: 41.030113012282236
Ep: 318 | Ep_r: 34.5 | t_so_far: {8117} | epsilon: 0.754 max: 41.030113012282236
Ep: 319 | Ep_r: 36.85 | t_so_far: {8167} | epsilon: 0.756 max: 41.030113012282236
Ep: 320 | Ep_r: 35.03 | t_so_far: {8196} | epsilon: 0.757 max: 41.030113012282236
Ep: 321 | Ep_r: 33.42 | t_so_far: {8225} | epsilon: 0.758 max: 41.030113012282236
Ep: 322 | Ep_r: 35.82 | t_so_far: {8275} | epsilon: 0.76 max: 41.030113012282236
Ep: 323 | Ep_r: 38.34 | t_so_far: {8325} | epsilon: 0.762 max: 41.030113012282236
Ep: 324 | Ep_r: 34.36 | t_so_far: {8346} | epsilon: 0.762 max: 41.030113012282236
Ep: 325 | Ep_r: 28.92 | t_so_far: {8354} | epsilon: 0.763 max: 41.030113012282236
Ep: 326 | Ep_r: 31.88 | t_so_far: {8401} | epsilon: 0.765 max: 41.030113012282236
Ep: 327 | Ep_r: 30.67 | t_so_far: {8431} | epsilon: 0.766 max: 41.030113012282236
Ep: 328 | Ep_r: 28.42 | t_so_far: {8452} | epsilon: 0.766 max: 41.030113012282236
Ep: 329 | Ep_r: 31.82 | t_so_far: {8502} | epsilon: 0.768 max: 41.030113012282236
Ep: 330 | Ep_r: 34.52 | t_so_far: {8552} | epsilon: 0.77 max: 41.030113012282236
Ep: 331 | Ep_r: 36.87 | t_so_far: {8602} | epsilon: 0.772 max: 41.030113012282236
Ep: 332 | Ep_r: 38.24 | t_so_far: {8652} | epsilon: 0.774 max: 41.030113012282236
Ep: 333 | Ep_r: 38.53 | t_so_far: {8696} | epsilon: 0.775 max: 41.030113012282236
Ep: 334 | Ep_r: 36.94 | t_so_far: {8730} | epsilon: 0.777 max: 41.030113012282236
Ep: 335 | Ep_r: 38.52 | t_so_far: {8780} | epsilon: 0.778 max: 41.030113012282236
Ep: 336 | Ep_r: 40.02 | t_so_far: {8830} | epsilon: 0.78 max: 41.030113012282236
Ep: 337 | Ep_r: 38.64 | t_so_far: {8865} | epsilon: 0.781 max: 41.030113012282236
Ep: 338 | Ep_r: 32.72 | t_so_far: {8876} | epsilon: 0.782 max: 41.030113012282236
Ep: 339 | Ep_r: 27.52 | t_so_far: {8884} | epsilon: 0.782 max: 41.030113012282236
Ep: 340 | Ep_r: 26.73 | t_so_far: {8909} | epsilon: 0.783 max: 41.030113012282236
Ep: 341 | Ep_r: 28.72 | t_so_far: {8949} | epsilon: 0.784 max: 41.030113012282236
Ep: 342 | Ep_r: 25.75 | t_so_far: {8964} | epsilon: 0.785 max: 41.030113012282236
Ep: 343 | Ep_r: 29.89 | t_so_far: {9014} | epsilon: 0.786 max: 41.030113012282236
Ep: 344 | Ep_r: 30.25 | t_so_far: {9048} | epsilon: 0.788 max: 41.030113012282236
Ep: 345 | Ep_r: 26.26 | t_so_far: {9059} | epsilon: 0.788 max: 41.030113012282236
Ep: 346 | Ep_r: 29.98 | t_so_far: {9109} | epsilon: 0.79 max: 41.030113012282236
Ep: 347 | Ep_r: 32.78 | t_so_far: {9159} | epsilon: 0.791 max: 41.030113012282236
Ep: 348 | Ep_r: 27.63 | t_so_far: {9168} | epsilon: 0.792 max: 41.030113012282236
Ep: 349 | Ep_r: 31.39 | t_so_far: {9218} | epsilon: 0.793 max: 41.030113012282236
Ep: 350 | Ep_r: 25.71 | t_so_far: {9222} | epsilon: 0.793 max: 41.030113012282236
Ep: 351 | Ep_r: 28.22 | t_so_far: {9264} | epsilon: 0.795 max: 41.030113012282236
Ep: 352 | Ep_r: 31.09 | t_so_far: {9312} | epsilon: 0.796 max: 41.030113012282236
Ep: 353 | Ep_r: 26.48 | t_so_far: {9322} | epsilon: 0.797 max: 41.030113012282236
Ep: 354 | Ep_r: 25.29 | t_so_far: {9344} | epsilon: 0.797 max: 41.030113012282236
Ep: 355 | Ep_r: 28.95 | t_so_far: {9394} | epsilon: 0.799 max: 41.030113012282236
Ep: 356 | Ep_r: 32.25 | t_so_far: {9444} | epsilon: 0.801 max: 41.030113012282236
Ep: 357 | Ep_r: 34.83 | t_so_far: {9494} | epsilon: 0.802 max: 41.030113012282236
Ep: 358 | Ep_r: 30.12 | t_so_far: {9508} | epsilon: 0.803 max: 41.030113012282236
Ep: 359 | Ep_r: 33.52 | t_so_far: {9558} | epsilon: 0.804 max: 41.030113012282236
Ep: 360 | Ep_r: 31.19 | t_so_far: {9583} | epsilon: 0.805 max: 41.030113012282236
Ep: 361 | Ep_r: 27.75 | t_so_far: {9600} | epsilon: 0.805 max: 41.030113012282236
Ep: 362 | Ep_r: 31.8 | t_so_far: {9650} | epsilon: 0.807 max: 41.030113012282236
Ep: 363 | Ep_r: 34.61 | t_so_far: {9699} | epsilon: 0.809 max: 41.030113012282236
Ep: 364 | Ep_r: 33.95 | t_so_far: {9734} | epsilon: 0.81 max: 41.030113012282236
Ep: 365 | Ep_r: 28.81 | t_so_far: {9743} | epsilon: 0.81 max: 41.030113012282236
Ep: 366 | Ep_r: 27.59 | t_so_far: {9767} | epsilon: 0.811 max: 41.030113012282236
Ep: 367 | Ep_r: 31.22 | t_so_far: {9817} | epsilon: 0.812 max: 41.030113012282236
Ep: 368 | Ep_r: 25.23 | t_so_far: {9819} | epsilon: 0.812 max: 41.030113012282236
Ep: 369 | Ep_r: 25.59 | t_so_far: {9850} | epsilon: 0.813 max: 41.030113012282236
Ep: 370 | Ep_r: 29.95 | t_so_far: {9900} | epsilon: 0.815 max: 41.030113012282236
Ep: 371 | Ep_r: 33.33 | t_so_far: {9950} | epsilon: 0.816 max: 41.030113012282236
Ep: 372 | Ep_r: 31.52 | t_so_far: {9976} | epsilon: 0.817 max: 41.030113012282236
Ep: 373 | Ep_r: 34.85 | t_so_far: {10026} | epsilon: 0.818 max: 41.030113012282236
Ep: 374 | Ep_r: 34.08 | t_so_far: {10060} | epsilon: 0.819 max: 41.030113012282236
Ep: 375 | Ep_r: 28.83 | t_so_far: {10069} | epsilon: 0.819 max: 41.030113012282236
Ep: 376 | Ep_r: 28.72 | t_so_far: {10101} | epsilon: 0.82 max: 41.030113012282236
Ep: 377 | Ep_r: 32.98 | t_so_far: {10151} | epsilon: 0.822 max: 41.030113012282236
Ep: 378 | Ep_r: 28.56 | t_so_far: {10163} | epsilon: 0.822 max: 41.030113012282236
Ep: 379 | Ep_r: 24.76 | t_so_far: {10174} | epsilon: 0.822 max: 41.030113012282236
Ep: 380 | Ep_r: 26.75 | t_so_far: {10212} | epsilon: 0.824 max: 41.030113012282236
Ep: 381 | Ep_r: 22.4 | t_so_far: {10218} | epsilon: 0.824 max: 41.030113012282236
Ep: 382 | Ep_r: 26.89 | t_so_far: {10268} | epsilon: 0.825 max: 41.030113012282236
Ep: 383 | Ep_r: 30.6 | t_so_far: {10318} | epsilon: 0.826 max: 41.030113012282236
Ep: 384 | Ep_r: 26.14 | t_so_far: {10327} | epsilon: 0.827 max: 41.030113012282236
Ep: 385 | Ep_r: 30.34 | t_so_far: {10377} | epsilon: 0.828 max: 41.030113012282236
Ep: 386 | Ep_r: 26.58 | t_so_far: {10390} | epsilon: 0.828 max: 41.030113012282236
Ep: 387 | Ep_r: 22.1 | t_so_far: {10395} | epsilon: 0.829 max: 41.030113012282236
Ep: 388 | Ep_r: 22.88 | t_so_far: {10422} | epsilon: 0.829 max: 41.030113012282236
Ep: 389 | Ep_r: 23.39 | t_so_far: {10450} | epsilon: 0.83 max: 41.030113012282236
Ep: 390 | Ep_r: 25.45 | t_so_far: {10487} | epsilon: 0.831 max: 41.030113012282236
Ep: 391 | Ep_r: 29.59 | t_so_far: {10537} | epsilon: 0.832 max: 41.030113012282236
Ep: 392 | Ep_r: 31.19 | t_so_far: {10576} | epsilon: 0.833 max: 41.030113012282236
Ep: 393 | Ep_r: 33.86 | t_so_far: {10626} | epsilon: 0.835 max: 41.030113012282236
Ep: 394 | Ep_r: 36.21 | t_so_far: {10676} | epsilon: 0.836 max: 41.030113012282236
Ep: 395 | Ep_r: 35.54 | t_so_far: {10712} | epsilon: 0.837 max: 41.030113012282236
Ep: 396 | Ep_r: 37.77 | t_so_far: {10762} | epsilon: 0.838 max: 41.030113012282236
Ep: 397 | Ep_r: 40.16 | t_so_far: {10812} | epsilon: 0.84 max: 41.030113012282236
Ep: 398 | Ep_r: 38.07 | t_so_far: {10844} | epsilon: 0.84 max: 41.030113012282236
Ep: 399 | Ep_r: 40.06 | t_so_far: {10894} | epsilon: 0.842 max: 41.030113012282236
Ep: 400 | Ep_r: 33.79 | t_so_far: {10904} | epsilon: 0.842 max: 41.030113012282236
Ep: 401 | Ep_r: 35.94 | t_so_far: {10954} | epsilon: 0.843 max: 41.030113012282236
Ep: 402 | Ep_r: 38.33 | t_so_far: {11004} | epsilon: 0.844 max: 41.030113012282236
Ep: 403 | Ep_r: 39.72 | t_so_far: {11054} | epsilon: 0.846 max: 41.030113012282236
Ep: 404 | Ep_r: 36.2 | t_so_far: {11078} | epsilon: 0.846 max: 41.030113012282236
Ep: 405 | Ep_r: 34.22 | t_so_far: {11107} | epsilon: 0.847 max: 41.030113012282236
Ep: 406 | Ep_r: 29.0 | t_so_far: {11116} | epsilon: 0.847 max: 41.030113012282236
Ep: 407 | Ep_r: 27.66 | t_so_far: {11139} | epsilon: 0.848 max: 41.030113012282236
Ep: 408 | Ep_r: 32.04 | t_so_far: {11189} | epsilon: 0.849 max: 41.030113012282236
Ep: 409 | Ep_r: 29.66 | t_so_far: {11212} | epsilon: 0.849 max: 41.030113012282236
Ep: 410 | Ep_r: 33.1 | t_so_far: {11262} | epsilon: 0.851 max: 41.030113012282236
Ep: 411 | Ep_r: 35.97 | t_so_far: {11312} | epsilon: 0.852 max: 41.030113012282236
Ep: 412 | Ep_r: 37.86 | t_so_far: {11362} | epsilon: 0.853 max: 41.030113012282236
Ep: 413 | Ep_r: 36.52 | t_so_far: {11398} | epsilon: 0.854 max: 41.030113012282236
Ep: 414 | Ep_r: 33.38 | t_so_far: {11420} | epsilon: 0.854 max: 41.030113012282236
Ep: 415 | Ep_r: 36.11 | t_so_far: {11470} | epsilon: 0.856 max: 41.030113012282236
Ep: 416 | Ep_r: 38.49 | t_so_far: {11520} | epsilon: 0.857 max: 41.030113012282236
Ep: 417 | Ep_r: 34.99 | t_so_far: {11542} | epsilon: 0.857 max: 41.030113012282236
Ep: 418 | Ep_r: 30.59 | t_so_far: {11557} | epsilon: 0.857 max: 41.030113012282236
Ep: 419 | Ep_r: 33.93 | t_so_far: {11607} | epsilon: 0.859 max: 41.030113012282236
Ep: 420 | Ep_r: 30.46 | t_so_far: {11625} | epsilon: 0.859 max: 41.030113012282236
Ep: 421 | Ep_r: 33.65 | t_so_far: {11675} | epsilon: 0.86 max: 41.030113012282236
Ep: 422 | Ep_r: 35.18 | t_so_far: {11720} | epsilon: 0.861 max: 41.030113012282236
Ep: 423 | Ep_r: 36.4 | t_so_far: {11765} | epsilon: 0.862 max: 41.030113012282236
Ep: 424 | Ep_r: 38.26 | t_so_far: {11815} | epsilon: 0.863 max: 41.030113012282236
Ep: 425 | Ep_r: 37.15 | t_so_far: {11852} | epsilon: 0.864 max: 41.030113012282236
Ep: 426 | Ep_r: 38.29 | t_so_far: {11902} | epsilon: 0.865 max: 41.030113012282236
Ep: 427 | Ep_r: 34.06 | t_so_far: {11921} | epsilon: 0.866 max: 41.030113012282236
Ep: 428 | Ep_r: 36.88 | t_so_far: {11971} | epsilon: 0.867 max: 41.030113012282236
Ep: 429 | Ep_r: 37.56 | t_so_far: {12017} | epsilon: 0.868 max: 41.030113012282236
Ep: 430 | Ep_r: 39.42 | t_so_far: {12067} | epsilon: 0.869 max: 41.030113012282236
Ep: 431 | Ep_r: 40.79 | t_so_far: {12117} | epsilon: 0.87 max: 41.030113012282236
Ep: 432 | Ep_r: 42.32 | t_so_far: {12167} | epsilon: 0.871 max: 42.3203101311148
Ep: 433 | Ep_r: 43.28 | t_so_far: {12217} | epsilon: 0.872 max: 43.28481953346326
Ep: 434 | Ep_r: 40.71 | t_so_far: {12250} | epsilon: 0.872 max: 43.28481953346326
Ep: 435 | Ep_r: 42.29 | t_so_far: {12300} | epsilon: 0.873 max: 43.28481953346326
Ep: 436 | Ep_r: 42.74 | t_so_far: {12350} | epsilon: 0.874 max: 43.28481953346326
Ep: 437 | Ep_r: 37.82 | t_so_far: {12371} | epsilon: 0.875 max: 43.28481953346326
Ep: 438 | Ep_r: 39.37 | t_so_far: {12421} | epsilon: 0.876 max: 43.28481953346326
Ep: 439 | Ep_r: 41.21 | t_so_far: {12471} | epsilon: 0.877 max: 43.28481953346326
Ep: 440 | Ep_r: 41.97 | t_so_far: {12520} | epsilon: 0.878 max: 43.28481953346326
Ep: 441 | Ep_r: 43.32 | t_so_far: {12570} | epsilon: 0.879 max: 43.31860645691076
Ep: 442 | Ep_r: 44.31 | t_so_far: {12620} | epsilon: 0.88 max: 44.31202802267146
Ep: 443 | Ep_r: 44.99 | t_so_far: {12670} | epsilon: 0.881 max: 44.99247956099431
Ep: 444 | Ep_r: 42.71 | t_so_far: {12706} | epsilon: 0.881 max: 44.99247956099431
Ep: 445 | Ep_r: 35.08 | t_so_far: {12712} | epsilon: 0.881 max: 44.99247956099431
Ep: 446 | Ep_r: 32.92 | t_so_far: {12740} | epsilon: 0.882 max: 44.99247956099431
Ep: 447 | Ep_r: 26.79 | t_so_far: {12743} | epsilon: 0.882 max: 44.99247956099431
Ep: 448 | Ep_r: 27.75 | t_so_far: {12778} | epsilon: 0.883 max: 44.99247956099431
Ep: 449 | Ep_r: 31.89 | t_so_far: {12828} | epsilon: 0.884 max: 44.99247956099431
Ep: 450 | Ep_r: 32.28 | t_so_far: {12865} | epsilon: 0.884 max: 44.99247956099431
Ep: 451 | Ep_r: 35.2 | t_so_far: {12915} | epsilon: 0.885 max: 44.99247956099431
Ep: 452 | Ep_r: 37.61 | t_so_far: {12965} | epsilon: 0.886 max: 44.99247956099431
Ep: 453 | Ep_r: 39.35 | t_so_far: {13015} | epsilon: 0.887 max: 44.99247956099431
Ep: 454 | Ep_r: 35.14 | t_so_far: {13036} | epsilon: 0.887 max: 44.99247956099431
Ep: 455 | Ep_r: 33.39 | t_so_far: {13064} | epsilon: 0.888 max: 44.99247956099431
Ep: 456 | Ep_r: 32.57 | t_so_far: {13096} | epsilon: 0.888 max: 44.99247956099431
Ep: 457 | Ep_r: 30.6 | t_so_far: {13120} | epsilon: 0.889 max: 44.99247956099431
Ep: 458 | Ep_r: 28.11 | t_so_far: {13140} | epsilon: 0.889 max: 44.99247956099431
Ep: 459 | Ep_r: 31.12 | t_so_far: {13190} | epsilon: 0.89 max: 44.99247956099431
Ep: 460 | Ep_r: 30.38 | t_so_far: {13220} | epsilon: 0.891 max: 44.99247956099431
Ep: 461 | Ep_r: 31.5 | t_so_far: {13258} | epsilon: 0.891 max: 44.99247956099431
Ep: 462 | Ep_r: 34.6 | t_so_far: {13308} | epsilon: 0.892 max: 44.99247956099431
Ep: 463 | Ep_r: 31.77 | t_so_far: {13330} | epsilon: 0.892 max: 44.99247956099431
Ep: 464 | Ep_r: 32.7 | t_so_far: {13368} | epsilon: 0.893 max: 44.99247956099431
Ep: 465 | Ep_r: 27.99 | t_so_far: {13378} | epsilon: 0.893 max: 44.99247956099431
Ep: 466 | Ep_r: 31.79 | t_so_far: {13428} | epsilon: 0.894 max: 44.99247956099431
Ep: 467 | Ep_r: 34.52 | t_so_far: {13478} | epsilon: 0.895 max: 44.99247956099431
Ep: 468 | Ep_r: 36.24 | t_so_far: {13528} | epsilon: 0.896 max: 44.99247956099431
Ep: 469 | Ep_r: 36.85 | t_so_far: {13574} | epsilon: 0.897 max: 44.99247956099431
Ep: 470 | Ep_r: 38.91 | t_so_far: {13624} | epsilon: 0.897 max: 44.99247956099431
Ep: 471 | Ep_r: 32.27 | t_so_far: {13631} | epsilon: 0.897 max: 44.99247956099431
Ep: 472 | Ep_r: 32.62 | t_so_far: {13669} | epsilon: 0.898 max: 44.99247956099431
Ep: 473 | Ep_r: 35.09 | t_so_far: {13719} | epsilon: 0.899 max: 44.99247956099431
Ep: 474 | Ep_r: 32.36 | t_so_far: {13743} | epsilon: 0.899 max: 44.99247956099431
Ep: 475 | Ep_r: 33.43 | t_so_far: {13785} | epsilon: 0.9 max: 44.99247956099431
Ep: 476 | Ep_r: 29.74 | t_so_far: {13802} | epsilon: 0.9 max: 44.99247956099431
Ep: 477 | Ep_r: 30.31 | t_so_far: {13837} | epsilon: 0.901 max: 44.99247956099431
Ep: 478 | Ep_r: 25.36 | t_so_far: {13844} | epsilon: 0.901 max: 44.99247956099431
Ep: 479 | Ep_r: 29.4 | t_so_far: {13894} | epsilon: 0.902 max: 44.99247956099431
Ep: 480 | Ep_r: 33.18 | t_so_far: {13944} | epsilon: 0.902 max: 44.99247956099431
Ep: 481 | Ep_r: 35.46 | t_so_far: {13994} | epsilon: 0.903 max: 44.99247956099431
Ep: 482 | Ep_r: 36.74 | t_so_far: {14040} | epsilon: 0.904 max: 44.99247956099431
Ep: 483 | Ep_r: 38.96 | t_so_far: {14090} | epsilon: 0.905 max: 44.99247956099431
Ep: 484 | Ep_r: 40.88 | t_so_far: {14140} | epsilon: 0.905 max: 44.99247956099431
Ep: 485 | Ep_r: 37.48 | t_so_far: {14166} | epsilon: 0.906 max: 44.99247956099431
Ep: 486 | Ep_r: 31.73 | t_so_far: {14177} | epsilon: 0.906 max: 44.99247956099431
Ep: 487 | Ep_r: 34.24 | t_so_far: {14227} | epsilon: 0.907 max: 44.99247956099431
Ep: 488 | Ep_r: 34.08 | t_so_far: {14266} | epsilon: 0.907 max: 44.99247956099431
Ep: 489 | Ep_r: 30.66 | t_so_far: {14284} | epsilon: 0.908 max: 44.99247956099431
Ep: 490 | Ep_r: 33.56 | t_so_far: {14334} | epsilon: 0.908 max: 44.99247956099431
Ep: 491 | Ep_r: 36.16 | t_so_far: {14384} | epsilon: 0.909 max: 44.99247956099431
Ep: 492 | Ep_r: 37.41 | t_so_far: {14434} | epsilon: 0.91 max: 44.99247956099431
Ep: 493 | Ep_r: 38.76 | t_so_far: {14484} | epsilon: 0.91 max: 44.99247956099431
Ep: 494 | Ep_r: 40.32 | t_so_far: {14534} | epsilon: 0.911 max: 44.99247956099431
Ep: 495 | Ep_r: 40.97 | t_so_far: {14584} | epsilon: 0.912 max: 44.99247956099431
Ep: 496 | Ep_r: 39.21 | t_so_far: {14619} | epsilon: 0.912 max: 44.99247956099431
Ep: 497 | Ep_r: 36.11 | t_so_far: {14644} | epsilon: 0.913 max: 44.99247956099431
Ep: 498 | Ep_r: 33.46 | t_so_far: {14673} | epsilon: 0.913 max: 44.99247956099431
Ep: 499 | Ep_r: 33.22 | t_so_far: {14708} | epsilon: 0.914 max: 44.99247956099431
Ep: 500 | Ep_r: 35.89 | t_so_far: {14758} | epsilon: 0.914 max: 44.99247956099431
Ep: 501 | Ep_r: 37.66 | t_so_far: {14806} | epsilon: 0.915 max: 44.99247956099431
Ep: 502 | Ep_r: 39.38 | t_so_far: {14856} | epsilon: 0.916 max: 44.99247956099431
Ep: 503 | Ep_r: 40.91 | t_so_far: {14906} | epsilon: 0.916 max: 44.99247956099431
Ep: 504 | Ep_r: 42.07 | t_so_far: {14956} | epsilon: 0.917 max: 44.99247956099431
Ep: 505 | Ep_r: 36.25 | t_so_far: {14970} | epsilon: 0.917 max: 44.99247956099431
Ep: 506 | Ep_r: 38.37 | t_so_far: {15020} | epsilon: 0.918 max: 44.99247956099431
Ep: 507 | Ep_r: 39.87 | t_so_far: {15070} | epsilon: 0.918 max: 44.99247956099431
Ep: 508 | Ep_r: 40.81 | t_so_far: {15120} | epsilon: 0.919 max: 44.99247956099431
Ep: 509 | Ep_r: 42.33 | t_so_far: {15170} | epsilon: 0.92 max: 44.99247956099431
Ep: 510 | Ep_r: 41.3 | t_so_far: {15212} | epsilon: 0.92 max: 44.99247956099431
Ep: 511 | Ep_r: 39.81 | t_so_far: {15250} | epsilon: 0.921 max: 44.99247956099431
Ep: 512 | Ep_r: 35.36 | t_so_far: {15270} | epsilon: 0.921 max: 44.99247956099431
Ep: 513 | Ep_r: 31.69 | t_so_far: {15288} | epsilon: 0.921 max: 44.99247956099431
Ep: 514 | Ep_r: 34.35 | t_so_far: {15338} | epsilon: 0.922 max: 44.99247956099431
Ep: 515 | Ep_r: 36.62 | t_so_far: {15388} | epsilon: 0.922 max: 44.99247956099431
Ep: 516 | Ep_r: 36.07 | t_so_far: {15423} | epsilon: 0.923 max: 44.99247956099431
Ep: 517 | Ep_r: 34.03 | t_so_far: {15452} | epsilon: 0.923 max: 44.99247956099431
Ep: 518 | Ep_r: 36.71 | t_so_far: {15502} | epsilon: 0.924 max: 44.99247956099431
Ep: 519 | Ep_r: 38.71 | t_so_far: {15552} | epsilon: 0.924 max: 44.99247956099431
Ep: 520 | Ep_r: 40.48 | t_so_far: {15602} | epsilon: 0.925 max: 44.99247956099431
Ep: 521 | Ep_r: 41.67 | t_so_far: {15652} | epsilon: 0.926 max: 44.99247956099431
Ep: 522 | Ep_r: 41.94 | t_so_far: {15702} | epsilon: 0.926 max: 44.99247956099431
Ep: 523 | Ep_r: 42.84 | t_so_far: {15752} | epsilon: 0.927 max: 44.99247956099431
Ep: 524 | Ep_r: 43.7 | t_so_far: {15802} | epsilon: 0.927 max: 44.99247956099431
Ep: 525 | Ep_r: 44.7 | t_so_far: {15852} | epsilon: 0.928 max: 44.99247956099431
Ep: 526 | Ep_r: 44.87 | t_so_far: {15902} | epsilon: 0.928 max: 44.99247956099431
Ep: 527 | Ep_r: 45.47 | t_so_far: {15952} | epsilon: 0.929 max: 45.47100227093549
Ep: 528 | Ep_r: 45.92 | t_so_far: {16002} | epsilon: 0.93 max: 45.919658959605535
Ep: 529 | Ep_r: 38.85 | t_so_far: {16015} | epsilon: 0.93 max: 45.919658959605535
Ep: 530 | Ep_r: 40.57 | t_so_far: {16065} | epsilon: 0.93 max: 45.919658959605535
Ep: 531 | Ep_r: 41.54 | t_so_far: {16115} | epsilon: 0.931 max: 45.919658959605535
Ep: 532 | Ep_r: 42.66 | t_so_far: {16165} | epsilon: 0.931 max: 45.919658959605535
Ep: 533 | Ep_r: 43.3 | t_so_far: {16215} | epsilon: 0.932 max: 45.919658959605535
Ep: 534 | Ep_r: 43.61 | t_so_far: {16265} | epsilon: 0.932 max: 45.919658959605535
Ep: 535 | Ep_r: 41.69 | t_so_far: {16301} | epsilon: 0.933 max: 45.919658959605535
Ep: 536 | Ep_r: 43.04 | t_so_far: {16351} | epsilon: 0.933 max: 45.919658959605535
Ep: 537 | Ep_r: 43.66 | t_so_far: {16401} | epsilon: 0.934 max: 45.919658959605535
Ep: 538 | Ep_r: 41.98 | t_so_far: {16441} | epsilon: 0.934 max: 45.919658959605535
Ep: 539 | Ep_r: 42.59 | t_so_far: {16491} | epsilon: 0.935 max: 45.919658959605535
Ep: 540 | Ep_r: 41.3 | t_so_far: {16535} | epsilon: 0.935 max: 45.919658959605535
Ep: 541 | Ep_r: 41.67 | t_so_far: {16584} | epsilon: 0.936 max: 45.919658959605535
Ep: 542 | Ep_r: 42.39 | t_so_far: {16634} | epsilon: 0.936 max: 45.919658959605535
Ep: 543 | Ep_r: 43.43 | t_so_far: {16684} | epsilon: 0.937 max: 45.919658959605535
Ep: 544 | Ep_r: 37.77 | t_so_far: {16701} | epsilon: 0.937 max: 45.919658959605535
Ep: 545 | Ep_r: 39.56 | t_so_far: {16751} | epsilon: 0.937 max: 45.919658959605535
Ep: 546 | Ep_r: 40.79 | t_so_far: {16801} | epsilon: 0.938 max: 45.919658959605535
Ep: 547 | Ep_r: 42.03 | t_so_far: {16851} | epsilon: 0.938 max: 45.919658959605535
Ep: 548 | Ep_r: 37.03 | t_so_far: {16870} | epsilon: 0.939 max: 45.919658959605535
Ep: 549 | Ep_r: 38.65 | t_so_far: {16920} | epsilon: 0.939 max: 45.919658959605535
Ep: 550 | Ep_r: 40.32 | t_so_far: {16970} | epsilon: 0.939 max: 45.919658959605535
Ep: 551 | Ep_r: 41.37 | t_so_far: {17020} | epsilon: 0.94 max: 45.919658959605535
Ep: 552 | Ep_r: 33.52 | t_so_far: {17023} | epsilon: 0.94 max: 45.919658959605535
Ep: 553 | Ep_r: 36.31 | t_so_far: {17073} | epsilon: 0.94 max: 45.919658959605535
Ep: 554 | Ep_r: 32.33 | t_so_far: {17093} | epsilon: 0.941 max: 45.919658959605535
Ep: 555 | Ep_r: 34.18 | t_so_far: {17143} | epsilon: 0.941 max: 45.919658959605535
Ep: 556 | Ep_r: 36.03 | t_so_far: {17190} | epsilon: 0.942 max: 45.919658959605535
Ep: 557 | Ep_r: 37.99 | t_so_far: {17240} | epsilon: 0.942 max: 45.919658959605535
Ep: 558 | Ep_r: 34.25 | t_so_far: {17260} | epsilon: 0.942 max: 45.919658959605535
Ep: 559 | Ep_r: 27.86 | t_so_far: {17263} | epsilon: 0.942 max: 45.919658959605535
Ep: 560 | Ep_r: 31.69 | t_so_far: {17313} | epsilon: 0.943 max: 45.919658959605535
Ep: 561 | Ep_r: 34.38 | t_so_far: {17363} | epsilon: 0.943 max: 45.919658959605535
Ep: 562 | Ep_r: 36.47 | t_so_far: {17413} | epsilon: 0.944 max: 45.919658959605535
Ep: 563 | Ep_r: 33.24 | t_so_far: {17434} | epsilon: 0.944 max: 45.919658959605535
Ep: 564 | Ep_r: 28.53 | t_so_far: {17445} | epsilon: 0.944 max: 45.919658959605535
Ep: 565 | Ep_r: 31.91 | t_so_far: {17495} | epsilon: 0.944 max: 45.919658959605535
Ep: 566 | Ep_r: 35.01 | t_so_far: {17545} | epsilon: 0.945 max: 45.919658959605535
Ep: 567 | Ep_r: 37.18 | t_so_far: {17595} | epsilon: 0.945 max: 45.919658959605535
Ep: 568 | Ep_r: 35.98 | t_so_far: {17630} | epsilon: 0.945 max: 45.919658959605535
Ep: 569 | Ep_r: 38.15 | t_so_far: {17680} | epsilon: 0.946 max: 45.919658959605535
Ep: 570 | Ep_r: 39.49 | t_so_far: {17730} | epsilon: 0.946 max: 45.919658959605535
Ep: 571 | Ep_r: 40.02 | t_so_far: {17780} | epsilon: 0.947 max: 45.919658959605535
Ep: 572 | Ep_r: 41.25 | t_so_far: {17830} | epsilon: 0.947 max: 45.919658959605535
Ep: 573 | Ep_r: 42.11 | t_so_far: {17880} | epsilon: 0.948 max: 45.919658959605535
Ep: 574 | Ep_r: 42.26 | t_so_far: {17927} | epsilon: 0.948 max: 45.919658959605535
Ep: 575 | Ep_r: 42.84 | t_so_far: {17977} | epsilon: 0.948 max: 45.919658959605535
Ep: 576 | Ep_r: 43.78 | t_so_far: {18027} | epsilon: 0.949 max: 45.919658959605535
Ep: 577 | Ep_r: 43.97 | t_so_far: {18077} | epsilon: 0.949 max: 45.919658959605535
Ep: 578 | Ep_r: 44.32 | t_so_far: {18127} | epsilon: 0.95 max: 45.919658959605535
Ep: 579 | Ep_r: 44.71 | t_so_far: {18177} | epsilon: 0.95 max: 45.919658959605535
Ep: 580 | Ep_r: 44.94 | t_so_far: {18227} | epsilon: 0.95 max: 45.919658959605535
Ep: 581 | Ep_r: 44.98 | t_so_far: {18277} | epsilon: 0.951 max: 45.919658959605535
Ep: 582 | Ep_r: 45.5 | t_so_far: {18327} | epsilon: 0.951 max: 45.919658959605535
Ep: 583 | Ep_r: 45.54 | t_so_far: {18377} | epsilon: 0.951 max: 45.919658959605535
Ep: 584 | Ep_r: 42.12 | t_so_far: {18409} | epsilon: 0.952 max: 45.919658959605535
Ep: 585 | Ep_r: 42.95 | t_so_far: {18459} | epsilon: 0.952 max: 45.919658959605535
Ep: 586 | Ep_r: 42.33 | t_so_far: {18502} | epsilon: 0.952 max: 45.919658959605535
Ep: 587 | Ep_r: 43.12 | t_so_far: {18552} | epsilon: 0.953 max: 45.919658959605535
Ep: 588 | Ep_r: 41.27 | t_so_far: {18590} | epsilon: 0.953 max: 45.919658959605535
Ep: 589 | Ep_r: 34.93 | t_so_far: {18601} | epsilon: 0.953 max: 45.919658959605535
Ep: 590 | Ep_r: 37.46 | t_so_far: {18651} | epsilon: 0.954 max: 45.919658959605535
Ep: 591 | Ep_r: 38.34 | t_so_far: {18701} | epsilon: 0.954 max: 45.919658959605535
Ep: 592 | Ep_r: 39.73 | t_so_far: {18751} | epsilon: 0.954 max: 45.919658959605535
Ep: 593 | Ep_r: 40.53 | t_so_far: {18801} | epsilon: 0.955 max: 45.919658959605535
Ep: 594 | Ep_r: 40.91 | t_so_far: {18851} | epsilon: 0.955 max: 45.919658959605535
Ep: 595 | Ep_r: 42.1 | t_so_far: {18901} | epsilon: 0.955 max: 45.919658959605535
Ep: 596 | Ep_r: 42.45 | t_so_far: {18951} | epsilon: 0.956 max: 45.919658959605535
Ep: 597 | Ep_r: 42.64 | t_so_far: {19001} | epsilon: 0.956 max: 45.919658959605535
Ep: 598 | Ep_r: 42.86 | t_so_far: {19051} | epsilon: 0.956 max: 45.919658959605535
Ep: 599 | Ep_r: 43.52 | t_so_far: {19101} | epsilon: 0.957 max: 45.919658959605535
Ep: 600 | Ep_r: 39.7 | t_so_far: {19129} | epsilon: 0.957 max: 45.919658959605535
Ep: 601 | Ep_r: 40.67 | t_so_far: {19179} | epsilon: 0.957 max: 45.919658959605535
Ep: 602 | Ep_r: 40.71 | t_so_far: {19229} | epsilon: 0.958 max: 45.919658959605535
Ep: 603 | Ep_r: 41.85 | t_so_far: {19279} | epsilon: 0.958 max: 45.919658959605535
Ep: 604 | Ep_r: 42.23 | t_so_far: {19329} | epsilon: 0.958 max: 45.919658959605535
Ep: 605 | Ep_r: 43.09 | t_so_far: {19379} | epsilon: 0.959 max: 45.919658959605535
Ep: 606 | Ep_r: 43.42 | t_so_far: {19429} | epsilon: 0.959 max: 45.919658959605535
Ep: 607 | Ep_r: 44.22 | t_so_far: {19479} | epsilon: 0.959 max: 45.919658959605535
Ep: 608 | Ep_r: 44.69 | t_so_far: {19529} | epsilon: 0.959 max: 45.919658959605535
Ep: 609 | Ep_r: 45.01 | t_so_far: {19579} | epsilon: 0.96 max: 45.919658959605535
Ep: 610 | Ep_r: 44.69 | t_so_far: {19629} | epsilon: 0.96 max: 45.919658959605535
Ep: 611 | Ep_r: 44.24 | t_so_far: {19675} | epsilon: 0.96 max: 45.919658959605535
Ep: 612 | Ep_r: 44.79 | t_so_far: {19725} | epsilon: 0.961 max: 45.919658959605535
Ep: 613 | Ep_r: 42.95 | t_so_far: {19766} | epsilon: 0.961 max: 45.919658959605535
Ep: 614 | Ep_r: 38.36 | t_so_far: {19787} | epsilon: 0.961 max: 45.919658959605535
Ep: 615 | Ep_r: 39.72 | t_so_far: {19837} | epsilon: 0.961 max: 45.919658959605535
Ep: 616 | Ep_r: 40.83 | t_so_far: {19887} | epsilon: 0.962 max: 45.919658959605535
Ep: 617 | Ep_r: 41.52 | t_so_far: {19937} | epsilon: 0.962 max: 45.919658959605535
Ep: 618 | Ep_r: 41.79 | t_so_far: {19987} | epsilon: 0.962 max: 45.919658959605535
Ep: 619 | Ep_r: 42.77 | t_so_far: {20037} | epsilon: 0.963 max: 45.919658959605535
Ep: 620 | Ep_r: 42.1 | t_so_far: {20087} | epsilon: 0.963 max: 45.919658959605535
Ep: 621 | Ep_r: 41.85 | t_so_far: {20134} | epsilon: 0.963 max: 45.919658959605535
Ep: 622 | Ep_r: 42.03 | t_so_far: {20184} | epsilon: 0.963 max: 45.919658959605535
Ep: 623 | Ep_r: 42.48 | t_so_far: {20234} | epsilon: 0.964 max: 45.919658959605535
Ep: 624 | Ep_r: 43.07 | t_so_far: {20284} | epsilon: 0.964 max: 45.919658959605535
Ep: 625 | Ep_r: 43.0 | t_so_far: {20334} | epsilon: 0.964 max: 45.919658959605535
Ep: 626 | Ep_r: 43.57 | t_so_far: {20384} | epsilon: 0.965 max: 45.919658959605535
Ep: 627 | Ep_r: 40.54 | t_so_far: {20414} | epsilon: 0.965 max: 45.919658959605535
Ep: 628 | Ep_r: 40.4 | t_so_far: {20464} | epsilon: 0.965 max: 45.919658959605535
Ep: 629 | Ep_r: 41.58 | t_so_far: {20514} | epsilon: 0.965 max: 45.919658959605535
Ep: 630 | Ep_r: 42.04 | t_so_far: {20564} | epsilon: 0.966 max: 45.919658959605535
Ep: 631 | Ep_r: 40.77 | t_so_far: {20605} | epsilon: 0.966 max: 45.919658959605535
Ep: 632 | Ep_r: 41.33 | t_so_far: {20655} | epsilon: 0.966 max: 45.919658959605535
Ep: 633 | Ep_r: 41.61 | t_so_far: {20705} | epsilon: 0.966 max: 45.919658959605535
Ep: 634 | Ep_r: 41.69 | t_so_far: {20755} | epsilon: 0.967 max: 45.919658959605535
Ep: 635 | Ep_r: 42.46 | t_so_far: {20805} | epsilon: 0.967 max: 45.919658959605535
Ep: 636 | Ep_r: 36.86 | t_so_far: {20822} | epsilon: 0.967 max: 45.919658959605535
Ep: 637 | Ep_r: 34.8 | t_so_far: {20852} | epsilon: 0.967 max: 45.919658959605535
Ep: 638 | Ep_r: 36.35 | t_so_far: {20902} | epsilon: 0.967 max: 45.919658959605535
Ep: 639 | Ep_r: 38.31 | t_so_far: {20952} | epsilon: 0.968 max: 45.919658959605535
Ep: 640 | Ep_r: 38.94 | t_so_far: {21001} | epsilon: 0.968 max: 45.919658959605535
Ep: 641 | Ep_r: 39.41 | t_so_far: {21051} | epsilon: 0.968 max: 45.919658959605535
Ep: 642 | Ep_r: 40.64 | t_so_far: {21101} | epsilon: 0.968 max: 45.919658959605535
Ep: 643 | Ep_r: 33.14 | t_so_far: {21105} | epsilon: 0.968 max: 45.919658959605535
Ep: 644 | Ep_r: 35.23 | t_so_far: {21155} | epsilon: 0.969 max: 45.919658959605535
Ep: 645 | Ep_r: 34.15 | t_so_far: {21190} | epsilon: 0.969 max: 45.919658959605535
Ep: 646 | Ep_r: 35.81 | t_so_far: {21240} | epsilon: 0.969 max: 45.919658959605535
Ep: 647 | Ep_r: 37.3 | t_so_far: {21290} | epsilon: 0.969 max: 45.919658959605535
Ep: 648 | Ep_r: 38.81 | t_so_far: {21340} | epsilon: 0.969 max: 45.919658959605535
Ep: 649 | Ep_r: 39.71 | t_so_far: {21390} | epsilon: 0.97 max: 45.919658959605535
Ep: 650 | Ep_r: 41.05 | t_so_far: {21440} | epsilon: 0.97 max: 45.919658959605535
Ep: 651 | Ep_r: 41.47 | t_so_far: {21490} | epsilon: 0.97 max: 45.919658959605535
Ep: 652 | Ep_r: 37.58 | t_so_far: {21517} | epsilon: 0.97 max: 45.919658959605535
Ep: 653 | Ep_r: 38.86 | t_so_far: {21567} | epsilon: 0.97 max: 45.919658959605535
Ep: 654 | Ep_r: 40.29 | t_so_far: {21617} | epsilon: 0.971 max: 45.919658959605535
Ep: 655 | Ep_r: 41.43 | t_so_far: {21667} | epsilon: 0.971 max: 45.919658959605535
Ep: 656 | Ep_r: 41.43 | t_so_far: {21717} | epsilon: 0.971 max: 45.919658959605535
Ep: 657 | Ep_r: 41.17 | t_so_far: {21767} | epsilon: 0.971 max: 45.919658959605535
Ep: 658 | Ep_r: 41.34 | t_so_far: {21817} | epsilon: 0.972 max: 45.919658959605535
Ep: 659 | Ep_r: 40.39 | t_so_far: {21861} | epsilon: 0.972 max: 45.919658959605535
Ep: 660 | Ep_r: 39.51 | t_so_far: {21911} | epsilon: 0.972 max: 45.919658959605535
Ep: 661 | Ep_r: 39.98 | t_so_far: {21961} | epsilon: 0.972 max: 45.919658959605535
Ep: 662 | Ep_r: 40.21 | t_so_far: {22011} | epsilon: 0.972 max: 45.919658959605535
Ep: 663 | Ep_r: 40.88 | t_so_far: {22061} | epsilon: 0.973 max: 45.919658959605535
Ep: 664 | Ep_r: 41.31 | t_so_far: {22111} | epsilon: 0.973 max: 45.919658959605535
Ep: 665 | Ep_r: 41.85 | t_so_far: {22161} | epsilon: 0.973 max: 45.919658959605535
Ep: 666 | Ep_r: 42.36 | t_so_far: {22211} | epsilon: 0.973 max: 45.919658959605535
Ep: 667 | Ep_r: 42.92 | t_so_far: {22261} | epsilon: 0.973 max: 45.919658959605535
Ep: 668 | Ep_r: 43.62 | t_so_far: {22311} | epsilon: 0.974 max: 45.919658959605535
Ep: 669 | Ep_r: 43.21 | t_so_far: {22354} | epsilon: 0.974 max: 45.919658959605535
Ep: 670 | Ep_r: 36.45 | t_so_far: {22365} | epsilon: 0.974 max: 45.919658959605535
Ep: 671 | Ep_r: 34.68 | t_so_far: {22397} | epsilon: 0.974 max: 45.919658959605535
Ep: 672 | Ep_r: 34.4 | t_so_far: {22433} | epsilon: 0.974 max: 45.919658959605535
Ep: 673 | Ep_r: 37.09 | t_so_far: {22483} | epsilon: 0.974 max: 45.919658959605535
Ep: 674 | Ep_r: 38.56 | t_so_far: {22533} | epsilon: 0.975 max: 45.919658959605535
Ep: 675 | Ep_r: 39.56 | t_so_far: {22583} | epsilon: 0.975 max: 45.919658959605535
Ep: 676 | Ep_r: 40.45 | t_so_far: {22633} | epsilon: 0.975 max: 45.919658959605535
Ep: 677 | Ep_r: 40.7 | t_so_far: {22683} | epsilon: 0.975 max: 45.919658959605535
Ep: 678 | Ep_r: 41.68 | t_so_far: {22733} | epsilon: 0.975 max: 45.919658959605535
Ep: 679 | Ep_r: 42.43 | t_so_far: {22783} | epsilon: 0.976 max: 45.919658959605535
Ep: 680 | Ep_r: 41.68 | t_so_far: {22833} | epsilon: 0.976 max: 45.919658959605535
Ep: 681 | Ep_r: 41.72 | t_so_far: {22883} | epsilon: 0.976 max: 45.919658959605535
Ep: 682 | Ep_r: 42.06 | t_so_far: {22933} | epsilon: 0.976 max: 45.919658959605535
Ep: 683 | Ep_r: 37.05 | t_so_far: {22954} | epsilon: 0.976 max: 45.919658959605535
Ep: 684 | Ep_r: 37.58 | t_so_far: {23004} | epsilon: 0.976 max: 45.919658959605535
Ep: 685 | Ep_r: 38.52 | t_so_far: {23054} | epsilon: 0.977 max: 45.919658959605535
Ep: 686 | Ep_r: 39.36 | t_so_far: {23104} | epsilon: 0.977 max: 45.919658959605535
Ep: 687 | Ep_r: 39.97 | t_so_far: {23154} | epsilon: 0.977 max: 45.919658959605535
Ep: 688 | Ep_r: 39.55 | t_so_far: {23199} | epsilon: 0.977 max: 45.919658959605535
Ep: 689 | Ep_r: 40.33 | t_so_far: {23249} | epsilon: 0.977 max: 45.919658959605535
Ep: 690 | Ep_r: 40.6 | t_so_far: {23299} | epsilon: 0.977 max: 45.919658959605535
Ep: 691 | Ep_r: 41.28 | t_so_far: {23349} | epsilon: 0.978 max: 45.919658959605535
Ep: 692 | Ep_r: 39.77 | t_so_far: {23394} | epsilon: 0.978 max: 45.919658959605535
Ep: 693 | Ep_r: 41.02 | t_so_far: {23444} | epsilon: 0.978 max: 45.919658959605535
Ep: 694 | Ep_r: 41.67 | t_so_far: {23494} | epsilon: 0.978 max: 45.919658959605535
Ep: 695 | Ep_r: 42.71 | t_so_far: {23544} | epsilon: 0.978 max: 45.919658959605535
Ep: 696 | Ep_r: 42.28 | t_so_far: {23594} | epsilon: 0.978 max: 45.919658959605535
Ep: 697 | Ep_r: 43.02 | t_so_far: {23644} | epsilon: 0.979 max: 45.919658959605535
Ep: 698 | Ep_r: 35.39 | t_so_far: {23650} | epsilon: 0.979 max: 45.919658959605535
Ep: 699 | Ep_r: 37.48 | t_so_far: {23700} | epsilon: 0.979 max: 45.919658959605535
Ep: 700 | Ep_r: 38.59 | t_so_far: {23750} | epsilon: 0.979 max: 45.919658959605535
Ep: 701 | Ep_r: 39.64 | t_so_far: {23800} | epsilon: 0.979 max: 45.919658959605535
Ep: 702 | Ep_r: 40.26 | t_so_far: {23850} | epsilon: 0.979 max: 45.919658959605535
Ep: 703 | Ep_r: 40.83 | t_so_far: {23900} | epsilon: 0.979 max: 45.919658959605535
Ep: 704 | Ep_r: 41.24 | t_so_far: {23950} | epsilon: 0.98 max: 45.919658959605535
Ep: 705 | Ep_r: 41.19 | t_so_far: {24000} | epsilon: 0.98 max: 45.919658959605535
Ep: 706 | Ep_r: 41.27 | t_so_far: {24050} | epsilon: 0.98 max: 45.919658959605535
Ep: 707 | Ep_r: 41.16 | t_so_far: {24100} | epsilon: 0.98 max: 45.919658959605535
Ep: 708 | Ep_r: 40.75 | t_so_far: {24150} | epsilon: 0.98 max: 45.919658959605535
Ep: 709 | Ep_r: 41.4 | t_so_far: {24200} | epsilon: 0.98 max: 45.919658959605535
Ep: 710 | Ep_r: 41.78 | t_so_far: {24250} | epsilon: 0.98 max: 45.919658959605535
Ep: 711 | Ep_r: 41.62 | t_so_far: {24300} | epsilon: 0.981 max: 45.919658959605535
Ep: 712 | Ep_r: 41.64 | t_so_far: {24350} | epsilon: 0.981 max: 45.919658959605535
Ep: 713 | Ep_r: 42.14 | t_so_far: {24400} | epsilon: 0.981 max: 45.919658959605535
Ep: 714 | Ep_r: 41.77 | t_so_far: {24450} | epsilon: 0.981 max: 45.919658959605535
Ep: 715 | Ep_r: 41.79 | t_so_far: {24500} | epsilon: 0.981 max: 45.919658959605535
Ep: 716 | Ep_r: 41.46 | t_so_far: {24550} | epsilon: 0.981 max: 45.919658959605535
Ep: 717 | Ep_r: 41.28 | t_so_far: {24600} | epsilon: 0.981 max: 45.919658959605535
Ep: 718 | Ep_r: 41.6 | t_so_far: {24650} | epsilon: 0.982 max: 45.919658959605535
Ep: 719 | Ep_r: 41.36 | t_so_far: {24700} | epsilon: 0.982 max: 45.919658959605535
Ep: 720 | Ep_r: 41.75 | t_so_far: {24750} | epsilon: 0.982 max: 45.919658959605535
Ep: 721 | Ep_r: 41.43 | t_so_far: {24800} | epsilon: 0.982 max: 45.919658959605535
Ep: 722 | Ep_r: 41.91 | t_so_far: {24850} | epsilon: 0.982 max: 45.919658959605535
Ep: 723 | Ep_r: 42.04 | t_so_far: {24900} | epsilon: 0.982 max: 45.919658959605535
Ep: 724 | Ep_r: 42.04 | t_so_far: {24950} | epsilon: 0.982 max: 45.919658959605535
Ep: 725 | Ep_r: 42.34 | t_so_far: {25000} | epsilon: 0.983 max: 45.919658959605535
Ep: 726 | Ep_r: 41.85 | t_so_far: {25050} | epsilon: 0.983 max: 45.919658959605535
Ep: 727 | Ep_r: 41.96 | t_so_far: {25100} | epsilon: 0.983 max: 45.919658959605535
Ep: 728 | Ep_r: 42.03 | t_so_far: {25150} | epsilon: 0.983 max: 45.919658959605535
Ep: 729 | Ep_r: 41.88 | t_so_far: {25200} | epsilon: 0.983 max: 45.919658959605535
Ep: 730 | Ep_r: 42.13 | t_so_far: {25250} | epsilon: 0.983 max: 45.919658959605535
Ep: 731 | Ep_r: 42.79 | t_so_far: {25300} | epsilon: 0.983 max: 45.919658959605535
Ep: 732 | Ep_r: 42.83 | t_so_far: {25350} | epsilon: 0.983 max: 45.919658959605535
Ep: 733 | Ep_r: 42.49 | t_so_far: {25398} | epsilon: 0.984 max: 45.919658959605535
Ep: 734 | Ep_r: 41.82 | t_so_far: {25448} | epsilon: 0.984 max: 45.919658959605535
Ep: 735 | Ep_r: 42.29 | t_so_far: {25498} | epsilon: 0.984 max: 45.919658959605535
Ep: 736 | Ep_r: 41.54 | t_so_far: {25543} | epsilon: 0.984 max: 45.919658959605535
Ep: 737 | Ep_r: 41.44 | t_so_far: {25593} | epsilon: 0.984 max: 45.919658959605535
Ep: 738 | Ep_r: 41.69 | t_so_far: {25643} | epsilon: 0.984 max: 45.919658959605535
Ep: 739 | Ep_r: 41.81 | t_so_far: {25693} | epsilon: 0.984 max: 45.919658959605535
Ep: 740 | Ep_r: 41.42 | t_so_far: {25743} | epsilon: 0.984 max: 45.919658959605535
Ep: 741 | Ep_r: 41.71 | t_so_far: {25793} | epsilon: 0.984 max: 45.919658959605535
Ep: 742 | Ep_r: 41.37 | t_so_far: {25843} | epsilon: 0.985 max: 45.919658959605535
Ep: 743 | Ep_r: 41.61 | t_so_far: {25893} | epsilon: 0.985 max: 45.919658959605535
Ep: 744 | Ep_r: 41.83 | t_so_far: {25943} | epsilon: 0.985 max: 45.919658959605535
Ep: 745 | Ep_r: 42.06 | t_so_far: {25993} | epsilon: 0.985 max: 45.919658959605535
Ep: 746 | Ep_r: 42.08 | t_so_far: {26043} | epsilon: 0.985 max: 45.919658959605535
Ep: 747 | Ep_r: 41.89 | t_so_far: {26093} | epsilon: 0.985 max: 45.919658959605535
Ep: 748 | Ep_r: 42.11 | t_so_far: {26143} | epsilon: 0.985 max: 45.919658959605535
Ep: 749 | Ep_r: 42.32 | t_so_far: {26193} | epsilon: 0.985 max: 45.919658959605535
Ep: 750 | Ep_r: 39.06 | t_so_far: {26224} | epsilon: 0.985 max: 45.919658959605535
Ep: 751 | Ep_r: 40.1 | t_so_far: {26274} | epsilon: 0.986 max: 45.919658959605535
Ep: 752 | Ep_r: 40.0 | t_so_far: {26324} | epsilon: 0.986 max: 45.919658959605535
Ep: 753 | Ep_r: 40.74 | t_so_far: {26374} | epsilon: 0.986 max: 45.919658959605535
Ep: 754 | Ep_r: 38.59 | t_so_far: {26411} | epsilon: 0.986 max: 45.919658959605535
Ep: 755 | Ep_r: 38.67 | t_so_far: {26461} | epsilon: 0.986 max: 45.919658959605535
Ep: 756 | Ep_r: 38.74 | t_so_far: {26511} | epsilon: 0.986 max: 45.919658959605535
Ep: 757 | Ep_r: 39.13 | t_so_far: {26561} | epsilon: 0.986 max: 45.919658959605535
Ep: 758 | Ep_r: 39.51 | t_so_far: {26611} | epsilon: 0.986 max: 45.919658959605535
Ep: 759 | Ep_r: 40.61 | t_so_far: {26661} | epsilon: 0.986 max: 45.919658959605535
Ep: 760 | Ep_r: 40.68 | t_so_far: {26711} | epsilon: 0.986 max: 45.919658959605535
Ep: 761 | Ep_r: 40.89 | t_so_far: {26761} | epsilon: 0.987 max: 45.919658959605535
Ep: 762 | Ep_r: 40.34 | t_so_far: {26806} | epsilon: 0.987 max: 45.919658959605535
Ep: 763 | Ep_r: 40.87 | t_so_far: {26856} | epsilon: 0.987 max: 45.919658959605535
Ep: 764 | Ep_r: 41.64 | t_so_far: {26906} | epsilon: 0.987 max: 45.919658959605535
Ep: 765 | Ep_r: 42.23 | t_so_far: {26956} | epsilon: 0.987 max: 45.919658959605535
Ep: 766 | Ep_r: 41.95 | t_so_far: {27006} | epsilon: 0.987 max: 45.919658959605535
Ep: 767 | Ep_r: 41.59 | t_so_far: {27056} | epsilon: 0.987 max: 45.919658959605535
Ep: 768 | Ep_r: 41.33 | t_so_far: {27106} | epsilon: 0.987 max: 45.919658959605535
Ep: 769 | Ep_r: 41.81 | t_so_far: {27156} | epsilon: 0.987 max: 45.919658959605535
Ep: 770 | Ep_r: 37.67 | t_so_far: {27184} | epsilon: 0.987 max: 45.919658959605535
Ep: 771 | Ep_r: 38.77 | t_so_far: {27234} | epsilon: 0.987 max: 45.919658959605535
Ep: 772 | Ep_r: 39.44 | t_so_far: {27284} | epsilon: 0.988 max: 45.919658959605535
Ep: 773 | Ep_r: 40.5 | t_so_far: {27334} | epsilon: 0.988 max: 45.919658959605535
Ep: 774 | Ep_r: 38.97 | t_so_far: {27374} | epsilon: 0.988 max: 45.919658959605535
Ep: 775 | Ep_r: 39.78 | t_so_far: {27424} | epsilon: 0.988 max: 45.919658959605535
Ep: 776 | Ep_r: 40.51 | t_so_far: {27474} | epsilon: 0.988 max: 45.919658959605535
Ep: 777 | Ep_r: 40.75 | t_so_far: {27524} | epsilon: 0.988 max: 45.919658959605535
Ep: 778 | Ep_r: 39.86 | t_so_far: {27568} | epsilon: 0.988 max: 45.919658959605535
Ep: 779 | Ep_r: 40.08 | t_so_far: {27618} | epsilon: 0.988 max: 45.919658959605535
Ep: 780 | Ep_r: 40.32 | t_so_far: {27668} | epsilon: 0.988 max: 45.919658959605535
Ep: 781 | Ep_r: 40.92 | t_so_far: {27718} | epsilon: 0.988 max: 45.919658959605535
Ep: 782 | Ep_r: 40.62 | t_so_far: {27768} | epsilon: 0.988 max: 45.919658959605535
Ep: 783 | Ep_r: 40.84 | t_so_far: {27818} | epsilon: 0.989 max: 45.919658959605535
Ep: 784 | Ep_r: 40.78 | t_so_far: {27868} | epsilon: 0.989 max: 45.919658959605535
Ep: 785 | Ep_r: 41.71 | t_so_far: {27918} | epsilon: 0.989 max: 45.919658959605535
Ep: 786 | Ep_r: 39.91 | t_so_far: {27959} | epsilon: 0.989 max: 45.919658959605535
Ep: 787 | Ep_r: 39.7 | t_so_far: {28009} | epsilon: 0.989 max: 45.919658959605535
Ep: 788 | Ep_r: 40.56 | t_so_far: {28059} | epsilon: 0.989 max: 45.919658959605535
Ep: 789 | Ep_r: 40.85 | t_so_far: {28109} | epsilon: 0.989 max: 45.919658959605535
Ep: 790 | Ep_r: 39.99 | t_so_far: {28159} | epsilon: 0.989 max: 45.919658959605535
Ep: 791 | Ep_r: 40.34 | t_so_far: {28209} | epsilon: 0.989 max: 45.919658959605535
Ep: 792 | Ep_r: 41.18 | t_so_far: {28259} | epsilon: 0.989 max: 45.919658959605535
Ep: 793 | Ep_r: 41.32 | t_so_far: {28309} | epsilon: 0.989 max: 45.919658959605535
Ep: 794 | Ep_r: 41.74 | t_so_far: {28359} | epsilon: 0.989 max: 45.919658959605535
Ep: 795 | Ep_r: 42.56 | t_so_far: {28409} | epsilon: 0.989 max: 45.919658959605535
Ep: 796 | Ep_r: 38.68 | t_so_far: {28435} | epsilon: 0.989 max: 45.919658959605535
Ep: 797 | Ep_r: 39.72 | t_so_far: {28485} | epsilon: 0.99 max: 45.919658959605535
Ep: 798 | Ep_r: 40.54 | t_so_far: {28535} | epsilon: 0.99 max: 45.919658959605535
Ep: 799 | Ep_r: 41.41 | t_so_far: {28585} | epsilon: 0.99 max: 45.919658959605535
Ep: 800 | Ep_r: 41.44 | t_so_far: {28629} | epsilon: 0.99 max: 45.919658959605535
Ep: 801 | Ep_r: 41.95 | t_so_far: {28679} | epsilon: 0.99 max: 45.919658959605535
Ep: 802 | Ep_r: 41.3 | t_so_far: {28729} | epsilon: 0.99 max: 45.919658959605535
Ep: 803 | Ep_r: 36.04 | t_so_far: {28747} | epsilon: 0.99 max: 45.919658959605535
Ep: 804 | Ep_r: 37.32 | t_so_far: {28797} | epsilon: 0.99 max: 45.919658959605535
Ep: 805 | Ep_r: 38.23 | t_so_far: {28847} | epsilon: 0.99 max: 45.919658959605535
Ep: 806 | Ep_r: 40.07 | t_so_far: {28897} | epsilon: 0.99 max: 45.919658959605535
Ep: 807 | Ep_r: 38.83 | t_so_far: {28933} | epsilon: 0.99 max: 45.919658959605535
Ep: 808 | Ep_r: 38.09 | t_so_far: {28976} | epsilon: 0.99 max: 45.919658959605535
Ep: 809 | Ep_r: 39.39 | t_so_far: {29026} | epsilon: 0.99 max: 45.919658959605535
Ep: 810 | Ep_r: 39.99 | t_so_far: {29076} | epsilon: 0.99 max: 45.919658959605535
Ep: 811 | Ep_r: 40.4 | t_so_far: {29126} | epsilon: 0.99 max: 45.919658959605535
Ep: 812 | Ep_r: 40.63 | t_so_far: {29176} | epsilon: 0.991 max: 45.919658959605535
Ep: 813 | Ep_r: 41.19 | t_so_far: {29226} | epsilon: 0.991 max: 45.919658959605535
Ep: 814 | Ep_r: 41.87 | t_so_far: {29276} | epsilon: 0.991 max: 45.919658959605535
Ep: 815 | Ep_r: 42.26 | t_so_far: {29326} | epsilon: 0.991 max: 45.919658959605535
Ep: 816 | Ep_r: 43.35 | t_so_far: {29376} | epsilon: 0.991 max: 45.919658959605535
Ep: 817 | Ep_r: 42.74 | t_so_far: {29426} | epsilon: 0.991 max: 45.919658959605535
Ep: 818 | Ep_r: 41.36 | t_so_far: {29476} | epsilon: 0.991 max: 45.919658959605535
Ep: 819 | Ep_r: 41.18 | t_so_far: {29526} | epsilon: 0.991 max: 45.919658959605535
Ep: 820 | Ep_r: 41.48 | t_so_far: {29576} | epsilon: 0.991 max: 45.919658959605535
Ep: 821 | Ep_r: 41.64 | t_so_far: {29626} | epsilon: 0.991 max: 45.919658959605535
Ep: 822 | Ep_r: 41.29 | t_so_far: {29676} | epsilon: 0.991 max: 45.919658959605535
Ep: 823 | Ep_r: 41.94 | t_so_far: {29726} | epsilon: 0.991 max: 45.919658959605535
Ep: 824 | Ep_r: 42.27 | t_so_far: {29776} | epsilon: 0.991 max: 45.919658959605535
Ep: 825 | Ep_r: 42.44 | t_so_far: {29826} | epsilon: 0.991 max: 45.919658959605535
Ep: 826 | Ep_r: 43.04 | t_so_far: {29876} | epsilon: 0.991 max: 45.919658959605535
Ep: 827 | Ep_r: 40.69 | t_so_far: {29914} | epsilon: 0.991 max: 45.919658959605535
Ep: 828 | Ep_r: 41.12 | t_so_far: {29964} | epsilon: 0.992 max: 45.919658959605535
Ep: 829 | Ep_r: 41.3 | t_so_far: {30014} | epsilon: 0.992 max: 45.919658959605535
Ep: 830 | Ep_r: 41.47 | t_so_far: {30064} | epsilon: 0.992 max: 45.919658959605535
Ep: 831 | Ep_r: 41.83 | t_so_far: {30114} | epsilon: 0.992 max: 45.919658959605535
Ep: 832 | Ep_r: 41.21 | t_so_far: {30160} | epsilon: 0.992 max: 45.919658959605535
Ep: 833 | Ep_r: 41.51 | t_so_far: {30210} | epsilon: 0.992 max: 45.919658959605535
Ep: 834 | Ep_r: 41.81 | t_so_far: {30260} | epsilon: 0.992 max: 45.919658959605535
Ep: 835 | Ep_r: 42.59 | t_so_far: {30310} | epsilon: 0.992 max: 45.919658959605535
Ep: 836 | Ep_r: 42.27 | t_so_far: {30360} | epsilon: 0.992 max: 45.919658959605535
Ep: 837 | Ep_r: 42.56 | t_so_far: {30410} | epsilon: 0.992 max: 45.919658959605535
Ep: 838 | Ep_r: 41.85 | t_so_far: {30455} | epsilon: 0.992 max: 45.919658959605535
Ep: 839 | Ep_r: 42.25 | t_so_far: {30505} | epsilon: 0.992 max: 45.919658959605535
Ep: 840 | Ep_r: 40.06 | t_so_far: {30540} | epsilon: 0.992 max: 45.919658959605535
Ep: 841 | Ep_r: 40.96 | t_so_far: {30590} | epsilon: 0.992 max: 45.919658959605535
Ep: 842 | Ep_r: 41.57 | t_so_far: {30640} | epsilon: 0.992 max: 45.919658959605535
Ep: 843 | Ep_r: 41.43 | t_so_far: {30690} | epsilon: 0.992 max: 45.919658959605535
Ep: 844 | Ep_r: 41.68 | t_so_far: {30740} | epsilon: 0.992 max: 45.919658959605535
Ep: 845 | Ep_r: 36.49 | t_so_far: {30759} | epsilon: 0.992 max: 45.919658959605535
Ep: 846 | Ep_r: 34.88 | t_so_far: {30792} | epsilon: 0.992 max: 45.919658959605535
Ep: 847 | Ep_r: 31.27 | t_so_far: {30813} | epsilon: 0.993 max: 45.919658959605535
Ep: 848 | Ep_r: 33.76 | t_so_far: {30863} | epsilon: 0.993 max: 45.919658959605535
Ep: 849 | Ep_r: 35.98 | t_so_far: {30913} | epsilon: 0.993 max: 45.919658959605535
Ep: 850 | Ep_r: 38.04 | t_so_far: {30963} | epsilon: 0.993 max: 45.919658959605535
Ep: 851 | Ep_r: 38.78 | t_so_far: {31013} | epsilon: 0.993 max: 45.919658959605535
Ep: 852 | Ep_r: 39.19 | t_so_far: {31063} | epsilon: 0.993 max: 45.919658959605535
Ep: 853 | Ep_r: 39.87 | t_so_far: {31113} | epsilon: 0.993 max: 45.919658959605535
Ep: 854 | Ep_r: 40.21 | t_so_far: {31163} | epsilon: 0.993 max: 45.919658959605535
Ep: 855 | Ep_r: 39.71 | t_so_far: {31206} | epsilon: 0.993 max: 45.919658959605535
Ep: 856 | Ep_r: 39.17 | t_so_far: {31256} | epsilon: 0.993 max: 45.919658959605535
Ep: 857 | Ep_r: 39.13 | t_so_far: {31306} | epsilon: 0.993 max: 45.919658959605535
Ep: 858 | Ep_r: 38.71 | t_so_far: {31356} | epsilon: 0.993 max: 45.919658959605535
Ep: 859 | Ep_r: 39.34 | t_so_far: {31406} | epsilon: 0.993 max: 45.919658959605535
Ep: 860 | Ep_r: 39.67 | t_so_far: {31450} | epsilon: 0.993 max: 45.919658959605535
Ep: 861 | Ep_r: 39.74 | t_so_far: {31500} | epsilon: 0.993 max: 45.919658959605535
Ep: 862 | Ep_r: 37.1 | t_so_far: {31529} | epsilon: 0.993 max: 45.919658959605535
Ep: 863 | Ep_r: 37.74 | t_so_far: {31579} | epsilon: 0.993 max: 45.919658959605535
Ep: 864 | Ep_r: 37.11 | t_so_far: {31621} | epsilon: 0.993 max: 45.919658959605535
Ep: 865 | Ep_r: 37.83 | t_so_far: {31671} | epsilon: 0.993 max: 45.919658959605535
Ep: 866 | Ep_r: 37.86 | t_so_far: {31721} | epsilon: 0.993 max: 45.919658959605535
Ep: 867 | Ep_r: 38.55 | t_so_far: {31771} | epsilon: 0.993 max: 45.919658959605535
Ep: 868 | Ep_r: 38.69 | t_so_far: {31821} | epsilon: 0.993 max: 45.919658959605535
Ep: 869 | Ep_r: 39.96 | t_so_far: {31871} | epsilon: 0.994 max: 45.919658959605535
Ep: 870 | Ep_r: 39.94 | t_so_far: {31921} | epsilon: 0.994 max: 45.919658959605535
Ep: 871 | Ep_r: 40.15 | t_so_far: {31971} | epsilon: 0.994 max: 45.919658959605535
Ep: 872 | Ep_r: 40.52 | t_so_far: {32021} | epsilon: 0.994 max: 45.919658959605535
Ep: 873 | Ep_r: 40.96 | t_so_far: {32071} | epsilon: 0.994 max: 45.919658959605535
Ep: 874 | Ep_r: 41.34 | t_so_far: {32121} | epsilon: 0.994 max: 45.919658959605535
Ep: 875 | Ep_r: 41.18 | t_so_far: {32171} | epsilon: 0.994 max: 45.919658959605535
Ep: 876 | Ep_r: 41.46 | t_so_far: {32221} | epsilon: 0.994 max: 45.919658959605535
Ep: 877 | Ep_r: 41.23 | t_so_far: {32271} | epsilon: 0.994 max: 45.919658959605535
Ep: 878 | Ep_r: 41.1 | t_so_far: {32321} | epsilon: 0.994 max: 45.919658959605535
Ep: 879 | Ep_r: 40.82 | t_so_far: {32371} | epsilon: 0.994 max: 45.919658959605535
Ep: 880 | Ep_r: 41.03 | t_so_far: {32421} | epsilon: 0.994 max: 45.919658959605535
Ep: 881 | Ep_r: 37.68 | t_so_far: {32450} | epsilon: 0.994 max: 45.919658959605535
Ep: 882 | Ep_r: 38.86 | t_so_far: {32500} | epsilon: 0.994 max: 45.919658959605535
Ep: 883 | Ep_r: 39.09 | t_so_far: {32550} | epsilon: 0.994 max: 45.919658959605535
Ep: 884 | Ep_r: 35.18 | t_so_far: {32572} | epsilon: 0.994 max: 45.919658959605535
Ep: 885 | Ep_r: 36.29 | t_so_far: {32622} | epsilon: 0.994 max: 45.919658959605535
Ep: 886 | Ep_r: 38.0 | t_so_far: {32672} | epsilon: 0.994 max: 45.919658959605535
Ep: 887 | Ep_r: 39.17 | t_so_far: {32722} | epsilon: 0.994 max: 45.919658959605535
Ep: 888 | Ep_r: 40.05 | t_so_far: {32772} | epsilon: 0.994 max: 45.919658959605535
Ep: 889 | Ep_r: 40.56 | t_so_far: {32822} | epsilon: 0.994 max: 45.919658959605535
Ep: 890 | Ep_r: 40.9 | t_so_far: {32872} | epsilon: 0.994 max: 45.919658959605535
Ep: 891 | Ep_r: 41.18 | t_so_far: {32922} | epsilon: 0.994 max: 45.919658959605535
Ep: 892 | Ep_r: 41.17 | t_so_far: {32972} | epsilon: 0.994 max: 45.919658959605535
Ep: 893 | Ep_r: 41.91 | t_so_far: {33022} | epsilon: 0.994 max: 45.919658959605535
Ep: 894 | Ep_r: 42.38 | t_so_far: {33072} | epsilon: 0.994 max: 45.919658959605535
Ep: 895 | Ep_r: 42.34 | t_so_far: {33122} | epsilon: 0.995 max: 45.919658959605535
Ep: 896 | Ep_r: 42.15 | t_so_far: {33172} | epsilon: 0.995 max: 45.919658959605535
Ep: 897 | Ep_r: 41.75 | t_so_far: {33222} | epsilon: 0.995 max: 45.919658959605535
Ep: 898 | Ep_r: 36.23 | t_so_far: {33238} | epsilon: 0.995 max: 45.919658959605535
Ep: 899 | Ep_r: 37.44 | t_so_far: {33288} | epsilon: 0.995 max: 45.919658959605535
Ep: 900 | Ep_r: 37.21 | t_so_far: {33329} | epsilon: 0.995 max: 45.919658959605535
Ep: 901 | Ep_r: 38.85 | t_so_far: {33379} | epsilon: 0.995 max: 45.919658959605535
Ep: 902 | Ep_r: 40.0 | t_so_far: {33429} | epsilon: 0.995 max: 45.919658959605535
Ep: 903 | Ep_r: 40.68 | t_so_far: {33479} | epsilon: 0.995 max: 45.919658959605535
Ep: 904 | Ep_r: 39.15 | t_so_far: {33517} | epsilon: 0.995 max: 45.919658959605535
Ep: 905 | Ep_r: 39.89 | t_so_far: {33567} | epsilon: 0.995 max: 45.919658959605535
Ep: 906 | Ep_r: 41.03 | t_so_far: {33617} | epsilon: 0.995 max: 45.919658959605535
Ep: 907 | Ep_r: 41.48 | t_so_far: {33667} | epsilon: 0.995 max: 45.919658959605535
Ep: 908 | Ep_r: 41.35 | t_so_far: {33717} | epsilon: 0.995 max: 45.919658959605535
Ep: 909 | Ep_r: 42.03 | t_so_far: {33767} | epsilon: 0.995 max: 45.919658959605535
Ep: 910 | Ep_r: 36.36 | t_so_far: {33783} | epsilon: 0.995 max: 45.919658959605535
Ep: 911 | Ep_r: 30.92 | t_so_far: {33793} | epsilon: 0.995 max: 45.919658959605535
Ep: 912 | Ep_r: 33.25 | t_so_far: {33843} | epsilon: 0.995 max: 45.919658959605535
Ep: 913 | Ep_r: 35.06 | t_so_far: {33893} | epsilon: 0.995 max: 45.919658959605535
Ep: 914 | Ep_r: 36.39 | t_so_far: {33943} | epsilon: 0.995 max: 45.919658959605535
Ep: 915 | Ep_r: 37.11 | t_so_far: {33993} | epsilon: 0.995 max: 45.919658959605535
Ep: 916 | Ep_r: 38.0 | t_so_far: {34043} | epsilon: 0.995 max: 45.919658959605535
Ep: 917 | Ep_r: 35.63 | t_so_far: {34073} | epsilon: 0.995 max: 45.919658959605535
Ep: 918 | Ep_r: 31.56 | t_so_far: {34090} | epsilon: 0.995 max: 45.919658959605535
Ep: 919 | Ep_r: 33.28 | t_so_far: {34140} | epsilon: 0.995 max: 45.919658959605535
Ep: 920 | Ep_r: 35.08 | t_so_far: {34190} | epsilon: 0.995 max: 45.919658959605535
Ep: 921 | Ep_r: 36.75 | t_so_far: {34240} | epsilon: 0.995 max: 45.919658959605535
Ep: 922 | Ep_r: 34.86 | t_so_far: {34273} | epsilon: 0.995 max: 45.919658959605535
Ep: 923 | Ep_r: 36.34 | t_so_far: {34323} | epsilon: 0.995 max: 45.919658959605535
Ep: 924 | Ep_r: 37.59 | t_so_far: {34373} | epsilon: 0.995 max: 45.919658959605535
Ep: 925 | Ep_r: 38.27 | t_so_far: {34423} | epsilon: 0.995 max: 45.919658959605535
Ep: 926 | Ep_r: 38.1 | t_so_far: {34473} | epsilon: 0.995 max: 45.919658959605535
Ep: 927 | Ep_r: 38.11 | t_so_far: {34523} | epsilon: 0.995 max: 45.919658959605535
Ep: 928 | Ep_r: 38.77 | t_so_far: {34573} | epsilon: 0.995 max: 45.919658959605535
Ep: 929 | Ep_r: 38.22 | t_so_far: {34623} | epsilon: 0.995 max: 45.919658959605535
Ep: 930 | Ep_r: 39.2 | t_so_far: {34673} | epsilon: 0.995 max: 45.919658959605535
Ep: 931 | Ep_r: 38.79 | t_so_far: {34723} | epsilon: 0.996 max: 45.919658959605535
Ep: 932 | Ep_r: 39.4 | t_so_far: {34773} | epsilon: 0.996 max: 45.919658959605535
Ep: 933 | Ep_r: 37.04 | t_so_far: {34806} | epsilon: 0.996 max: 45.919658959605535
Ep: 934 | Ep_r: 38.52 | t_so_far: {34856} | epsilon: 0.996 max: 45.919658959605535
Ep: 935 | Ep_r: 39.13 | t_so_far: {34906} | epsilon: 0.996 max: 45.919658959605535
Ep: 936 | Ep_r: 39.9 | t_so_far: {34956} | epsilon: 0.996 max: 45.919658959605535
Ep: 937 | Ep_r: 40.52 | t_so_far: {35006} | epsilon: 0.996 max: 45.919658959605535
Ep: 938 | Ep_r: 40.7 | t_so_far: {35056} | epsilon: 0.996 max: 45.919658959605535
Ep: 939 | Ep_r: 41.13 | t_so_far: {35106} | epsilon: 0.996 max: 45.919658959605535
Ep: 940 | Ep_r: 41.31 | t_so_far: {35156} | epsilon: 0.996 max: 45.919658959605535
Ep: 941 | Ep_r: 41.13 | t_so_far: {35206} | epsilon: 0.996 max: 45.919658959605535
Ep: 942 | Ep_r: 41.42 | t_so_far: {35256} | epsilon: 0.996 max: 45.919658959605535
Ep: 943 | Ep_r: 41.54 | t_so_far: {35306} | epsilon: 0.996 max: 45.919658959605535
Ep: 944 | Ep_r: 41.57 | t_so_far: {35356} | epsilon: 0.996 max: 45.919658959605535
Ep: 945 | Ep_r: 41.54 | t_so_far: {35406} | epsilon: 0.996 max: 45.919658959605535
Ep: 946 | Ep_r: 42.03 | t_so_far: {35456} | epsilon: 0.996 max: 45.919658959605535
Ep: 947 | Ep_r: 42.06 | t_so_far: {35506} | epsilon: 0.996 max: 45.919658959605535
Ep: 948 | Ep_r: 42.02 | t_so_far: {35556} | epsilon: 0.996 max: 45.919658959605535
Ep: 949 | Ep_r: 40.93 | t_so_far: {35606} | epsilon: 0.996 max: 45.919658959605535
Ep: 950 | Ep_r: 40.91 | t_so_far: {35656} | epsilon: 0.996 max: 45.919658959605535
Ep: 951 | Ep_r: 41.13 | t_so_far: {35706} | epsilon: 0.996 max: 45.919658959605535
Ep: 952 | Ep_r: 40.93 | t_so_far: {35756} | epsilon: 0.996 max: 45.919658959605535
Ep: 953 | Ep_r: 41.63 | t_so_far: {35806} | epsilon: 0.996 max: 45.919658959605535
Ep: 954 | Ep_r: 41.82 | t_so_far: {35856} | epsilon: 0.996 max: 45.919658959605535
Ep: 955 | Ep_r: 40.6 | t_so_far: {35906} | epsilon: 0.996 max: 45.919658959605535
Ep: 956 | Ep_r: 41.11 | t_so_far: {35956} | epsilon: 0.996 max: 45.919658959605535
Ep: 957 | Ep_r: 41.11 | t_so_far: {36006} | epsilon: 0.996 max: 45.919658959605535
Ep: 958 | Ep_r: 41.23 | t_so_far: {36056} | epsilon: 0.996 max: 45.919658959605535
Ep: 959 | Ep_r: 40.42 | t_so_far: {36102} | epsilon: 0.996 max: 45.919658959605535
Ep: 960 | Ep_r: 40.9 | t_so_far: {36152} | epsilon: 0.996 max: 45.919658959605535
Ep: 961 | Ep_r: 39.24 | t_so_far: {36191} | epsilon: 0.996 max: 45.919658959605535
Ep: 962 | Ep_r: 38.62 | t_so_far: {36241} | epsilon: 0.996 max: 45.919658959605535
Ep: 963 | Ep_r: 39.47 | t_so_far: {36291} | epsilon: 0.996 max: 45.919658959605535
Ep: 964 | Ep_r: 40.12 | t_so_far: {36341} | epsilon: 0.996 max: 45.919658959605535
Ep: 965 | Ep_r: 40.78 | t_so_far: {36391} | epsilon: 0.996 max: 45.919658959605535
Ep: 966 | Ep_r: 40.79 | t_so_far: {36441} | epsilon: 0.996 max: 45.919658959605535
Ep: 967 | Ep_r: 39.86 | t_so_far: {36491} | epsilon: 0.996 max: 45.919658959605535
Ep: 968 | Ep_r: 40.29 | t_so_far: {36541} | epsilon: 0.996 max: 45.919658959605535
Ep: 969 | Ep_r: 40.78 | t_so_far: {36591} | epsilon: 0.996 max: 45.919658959605535
Ep: 970 | Ep_r: 40.62 | t_so_far: {36641} | epsilon: 0.996 max: 45.919658959605535
Ep: 971 | Ep_r: 39.9 | t_so_far: {36691} | epsilon: 0.996 max: 45.919658959605535
Ep: 972 | Ep_r: 40.29 | t_so_far: {36741} | epsilon: 0.996 max: 45.919658959605535
Ep: 973 | Ep_r: 40.77 | t_so_far: {36791} | epsilon: 0.997 max: 45.919658959605535
Ep: 974 | Ep_r: 41.16 | t_so_far: {36841} | epsilon: 0.997 max: 45.919658959605535
Ep: 975 | Ep_r: 41.39 | t_so_far: {36891} | epsilon: 0.997 max: 45.919658959605535
Ep: 976 | Ep_r: 34.0 | t_so_far: {36897} | epsilon: 0.997 max: 45.919658959605535
Ep: 977 | Ep_r: 36.02 | t_so_far: {36947} | epsilon: 0.997 max: 45.919658959605535
Ep: 978 | Ep_r: 37.22 | t_so_far: {36997} | epsilon: 0.997 max: 45.919658959605535
Ep: 979 | Ep_r: 37.95 | t_so_far: {37047} | epsilon: 0.997 max: 45.919658959605535
Ep: 980 | Ep_r: 38.79 | t_so_far: {37097} | epsilon: 0.997 max: 45.919658959605535
Ep: 981 | Ep_r: 38.2 | t_so_far: {37147} | epsilon: 0.997 max: 45.919658959605535
Ep: 982 | Ep_r: 39.05 | t_so_far: {37197} | epsilon: 0.997 max: 45.919658959605535
Ep: 983 | Ep_r: 39.92 | t_so_far: {37247} | epsilon: 0.997 max: 45.919658959605535
Ep: 984 | Ep_r: 37.0 | t_so_far: {37277} | epsilon: 0.997 max: 45.919658959605535
Ep: 985 | Ep_r: 38.0 | t_so_far: {37327} | epsilon: 0.997 max: 45.919658959605535
Ep: 986 | Ep_r: 37.45 | t_so_far: {37369} | epsilon: 0.997 max: 45.919658959605535
Ep: 987 | Ep_r: 38.33 | t_so_far: {37419} | epsilon: 0.997 max: 45.919658959605535
Ep: 988 | Ep_r: 38.98 | t_so_far: {37469} | epsilon: 0.997 max: 45.919658959605535
Ep: 989 | Ep_r: 39.79 | t_so_far: {37519} | epsilon: 0.997 max: 45.919658959605535
Ep: 990 | Ep_r: 38.94 | t_so_far: {37563} | epsilon: 0.997 max: 45.919658959605535
Ep: 991 | Ep_r: 39.1 | t_so_far: {37613} | epsilon: 0.997 max: 45.919658959605535
Ep: 992 | Ep_r: 33.36 | t_so_far: {37625} | epsilon: 0.997 max: 45.919658959605535
Ep: 993 | Ep_r: 35.03 | t_so_far: {37675} | epsilon: 0.997 max: 45.919658959605535
Ep: 994 | Ep_r: 33.97 | t_so_far: {37713} | epsilon: 0.997 max: 45.919658959605535
Ep: 995 | Ep_r: 34.35 | t_so_far: {37763} | epsilon: 0.997 max: 45.919658959605535
Ep: 996 | Ep_r: 34.96 | t_so_far: {37813} | epsilon: 0.997 max: 45.919658959605535
Ep: 997 | Ep_r: 36.69 | t_so_far: {37863} | epsilon: 0.997 max: 45.919658959605535
Ep: 998 | Ep_r: 34.75 | t_so_far: {37897} | epsilon: 0.997 max: 45.919658959605535
Ep: 999 | Ep_r: 35.08 | t_so_far: {37947} | epsilon: 0.997 max: 45.919658959605535
Ep: 1000 | Ep_r: 36.18 | t_so_far: {37997} | epsilon: 0.997 max: 45.919658959605535
pygame 2.1.0 (SDL 2.0.16, Python 3.8.0)
Hello from the pygame community. https://www.pygame.org/contribute.html
usage: agent.py [-h] [--mode {train,test}]
                [--input {image,vector,image_attention,vector_attention,multi_attention}]
                [--file_name FILE_NAME] [--episode_num EPISODE_NUM]
                [--epsilon_decay EPSILON_DECAY] [--seed SEED] [--gpu GPU]
                [--add_dueling] [--double] [--right_r RIGHT_R]
                [--highspeed_r HIGHSPEED_R] [--normal] [--absolute]
                [--model_ep MODEL_EP]
agent.py: error: unrecognized arguments: --test
pygame 2.1.0 (SDL 2.0.16, Python 3.8.0)
Hello from the pygame community. https://www.pygame.org/contribute.html
Successfully set seed to 2
MultiAttentionNetwork(
  (features): Sequential(
    (0): Conv2d(4, 32, kernel_size=(8, 8), stride=(4, 4))
    (1): ReLU()
    (2): Conv2d(32, 64, kernel_size=(4, 4), stride=(2, 2))
    (3): ReLU()
    (4): Conv2d(64, 64, kernel_size=(3, 3), stride=(1, 1))
    (5): ReLU()
  )
  (attention): NONLocalBlock2D(
    (g): Conv2d(64, 32, kernel_size=(1, 1), stride=(1, 1))
    (W): Conv2d(32, 64, kernel_size=(1, 1), stride=(1, 1))
    (theta): Conv2d(64, 32, kernel_size=(1, 1), stride=(1, 1))
    (phi): Conv2d(64, 32, kernel_size=(1, 1), stride=(1, 1))
  )
  (advantage): Sequential(
    (0): Linear(in_features=68224, out_features=512, bias=True)
    (1): ReLU()
    (2): Linear(in_features=512, out_features=5, bias=True)
  )
  (value): Sequential(
    (0): Linear(in_features=68224, out_features=512, bias=True)
    (1): ReLU()
    (2): Linear(in_features=512, out_features=1, bias=True)
  )
  (output): None
  (ego_embedding): Sequential(
    (0): Linear(in_features=7, out_features=64, bias=True)
    (1): ReLU()
    (2): Linear(in_features=64, out_features=64, bias=True)
    (3): ReLU()
  )
  (others_embedding): Sequential(
    (0): Linear(in_features=7, out_features=64, bias=True)
    (1): ReLU()
    (2): Linear(in_features=64, out_features=64, bias=True)
    (3): ReLU()
  )
  (attention_layer): EgoAttetion(
    (value_all): Linear(in_features=64, out_features=64, bias=False)
    (key_all): Linear(in_features=64, out_features=64, bias=False)
    (query_ego): Linear(in_features=64, out_features=64, bias=False)
    (attention_combine): Linear(in_features=64, out_features=64, bias=False)
  )
  (decoder): Sequential(
    (0): Linear(in_features=64, out_features=64, bias=True)
    (1): ReLU()
    (2): Linear(in_features=64, out_features=64, bias=True)
    (3): ReLU()
  )
)
====================================
Model has been loaded...
====================================
./agent.py:220: UserWarning: Creating a tensor from a list of numpy.ndarrays is extremely slow. Please consider converting the list to a single numpy.ndarray with numpy.array() before converting to a tensor. (Triggered internally at  /opt/conda/conda-bld/pytorch_1646755903507/work/torch/csrc/utils/tensor_new.cpp:210.)
  return (torch.tensor([state['kinematics']], dtype=torch.float), state_image)
step: 43, ep_reward: 32.766666666666694
step: 49, ep_reward: 42.666666666666686
step: 49, ep_reward: 42.266666666666694
step: 49, ep_reward: 41.76666666666668
step: 49, ep_reward: 42.666666666666686
step: 49, ep_reward: 41.36666666666669
step: 49, ep_reward: 42.266666666666694
step: 49, ep_reward: 42.866666666666696
step: 49, ep_reward: 42.20000000000002
step: 49, ep_reward: 39.800000000000026
pygame 2.1.0 (SDL 2.0.16, Python 3.8.0)
Hello from the pygame community. https://www.pygame.org/contribute.html
Successfully set seed to 2
MultiAttentionNetwork(
  (features): Sequential(
    (0): Conv2d(4, 32, kernel_size=(8, 8), stride=(4, 4))
    (1): ReLU()
    (2): Conv2d(32, 64, kernel_size=(4, 4), stride=(2, 2))
    (3): ReLU()
    (4): Conv2d(64, 64, kernel_size=(3, 3), stride=(1, 1))
    (5): ReLU()
  )
  (attention): NONLocalBlock2D(
    (g): Conv2d(64, 32, kernel_size=(1, 1), stride=(1, 1))
    (W): Conv2d(32, 64, kernel_size=(1, 1), stride=(1, 1))
    (theta): Conv2d(64, 32, kernel_size=(1, 1), stride=(1, 1))
    (phi): Conv2d(64, 32, kernel_size=(1, 1), stride=(1, 1))
  )
  (advantage): Sequential(
    (0): Linear(in_features=68224, out_features=512, bias=True)
    (1): ReLU()
    (2): Linear(in_features=512, out_features=5, bias=True)
  )
  (value): Sequential(
    (0): Linear(in_features=68224, out_features=512, bias=True)
    (1): ReLU()
    (2): Linear(in_features=512, out_features=1, bias=True)
  )
  (output): None
  (ego_embedding): Sequential(
    (0): Linear(in_features=7, out_features=64, bias=True)
    (1): ReLU()
    (2): Linear(in_features=64, out_features=64, bias=True)
    (3): ReLU()
  )
  (others_embedding): Sequential(
    (0): Linear(in_features=7, out_features=64, bias=True)
    (1): ReLU()
    (2): Linear(in_features=64, out_features=64, bias=True)
    (3): ReLU()
  )
  (attention_layer): EgoAttetion(
    (value_all): Linear(in_features=64, out_features=64, bias=False)
    (key_all): Linear(in_features=64, out_features=64, bias=False)
    (query_ego): Linear(in_features=64, out_features=64, bias=False)
    (attention_combine): Linear(in_features=64, out_features=64, bias=False)
  )
  (decoder): Sequential(
    (0): Linear(in_features=64, out_features=64, bias=True)
    (1): ReLU()
    (2): Linear(in_features=64, out_features=64, bias=True)
    (3): ReLU()
  )
)
====================================
Model has been loaded...
====================================
./agent.py:220: UserWarning: Creating a tensor from a list of numpy.ndarrays is extremely slow. Please consider converting the list to a single numpy.ndarray with numpy.array() before converting to a tensor. (Triggered internally at  /opt/conda/conda-bld/pytorch_1646755903507/work/torch/csrc/utils/tensor_new.cpp:210.)
  return (torch.tensor([state['kinematics']], dtype=torch.float), state_image)
step: 49, ep_reward: 41.40000000000002
step: 49, ep_reward: 40.93333333333335
step: 49, ep_reward: 42.0666666666667
step: 49, ep_reward: 40.90000000000002
step: 49, ep_reward: 41.33333333333336
step: 49, ep_reward: 38.20000000000003
step: 49, ep_reward: 43.066666666666684
step: 49, ep_reward: 44.166666666666686
step: 49, ep_reward: 42.833333333333364
step: 49, ep_reward: 42.53333333333336
