pygame 2.1.0 (SDL 2.0.16, Python 3.8.0)
Hello from the pygame community. https://www.pygame.org/contribute.html
Successfully set seed to 2
MultiAttentionNetwork(
  (features): Sequential(
    (0): Conv2d(4, 32, kernel_size=(8, 8), stride=(4, 4))
    (1): ReLU()
    (2): Conv2d(32, 64, kernel_size=(4, 4), stride=(2, 2))
    (3): ReLU()
    (4): Conv2d(64, 64, kernel_size=(3, 3), stride=(1, 1))
    (5): ReLU()
  )
  (attention): NONLocalBlock2D(
    (g): Conv2d(64, 32, kernel_size=(1, 1), stride=(1, 1))
    (W): Conv2d(32, 64, kernel_size=(1, 1), stride=(1, 1))
    (theta): Conv2d(64, 32, kernel_size=(1, 1), stride=(1, 1))
    (phi): Conv2d(64, 32, kernel_size=(1, 1), stride=(1, 1))
  )
  (advantage): Sequential(
    (0): Linear(in_features=68224, out_features=512, bias=True)
    (1): ReLU()
    (2): Linear(in_features=512, out_features=5, bias=True)
  )
  (value): Sequential(
    (0): Linear(in_features=68224, out_features=512, bias=True)
    (1): ReLU()
    (2): Linear(in_features=512, out_features=1, bias=True)
  )
  (output): None
  (ego_embedding): Sequential(
    (0): Linear(in_features=7, out_features=64, bias=True)
    (1): ReLU()
    (2): Linear(in_features=64, out_features=64, bias=True)
    (3): ReLU()
  )
  (others_embedding): Sequential(
    (0): Linear(in_features=7, out_features=64, bias=True)
    (1): ReLU()
    (2): Linear(in_features=64, out_features=64, bias=True)
    (3): ReLU()
  )
  (attention_layer): EgoAttetion(
    (value_all): Linear(in_features=64, out_features=64, bias=False)
    (key_all): Linear(in_features=64, out_features=64, bias=False)
    (query_ego): Linear(in_features=64, out_features=64, bias=False)
    (attention_combine): Linear(in_features=64, out_features=64, bias=False)
  )
  (decoder): Sequential(
    (0): Linear(in_features=64, out_features=64, bias=True)
    (1): ReLU()
    (2): Linear(in_features=64, out_features=64, bias=True)
    (3): ReLU()
  )
)
./agent.py:220: UserWarning: Creating a tensor from a list of numpy.ndarrays is extremely slow. Please consider converting the list to a single numpy.ndarray with numpy.array() before converting to a tensor. (Triggered internally at  /opt/conda/conda-bld/pytorch_1646755903507/work/torch/csrc/utils/tensor_new.cpp:210.)
  return (torch.tensor([state['kinematics']], dtype=torch.float), state_image)
Ep: 0 | Ep_r: 6.77 | t_so_far: {8} | epsilon: 0.101 max: 6.7666666666666675
Ep: 1 | Ep_r: 13.19 | t_so_far: {58} | epsilon: 0.108 max: 13.186666666666671
Ep: 2 | Ep_r: 14.58 | t_so_far: {84} | epsilon: 0.112 max: 14.582666666666672
Ep: 3 | Ep_r: 14.69 | t_so_far: {101} | epsilon: 0.114 max: 14.692800000000005
Ep: 4 | Ep_r: 16.49 | t_so_far: {128} | epsilon: 0.118 max: 16.494240000000005
Ep: 5 | Ep_r: 19.2 | t_so_far: {164} | epsilon: 0.123 max: 19.195392000000005
Ep: 6 | Ep_r: 16.8 | t_so_far: {173} | epsilon: 0.124 max: 19.195392000000005
Ep: 7 | Ep_r: 13.87 | t_so_far: {176} | epsilon: 0.125 max: 19.195392000000005
Ep: 8 | Ep_r: 19.31 | t_so_far: {226} | epsilon: 0.132 max: 19.30964070400001
Ep: 9 | Ep_r: 17.42 | t_so_far: {238} | epsilon: 0.133 max: 19.30964070400001
Ep: 10 | Ep_r: 19.19 | t_so_far: {270} | epsilon: 0.138 max: 19.30964070400001
Ep: 11 | Ep_r: 15.95 | t_so_far: {274} | epsilon: 0.138 max: 19.30964070400001
Ep: 12 | Ep_r: 13.55 | t_so_far: {279} | epsilon: 0.139 max: 19.30964070400001
Ep: 13 | Ep_r: 11.86 | t_so_far: {286} | epsilon: 0.14 max: 19.30964070400001
Ep: 14 | Ep_r: 11.66 | t_so_far: {299} | epsilon: 0.142 max: 19.30964070400001
Ep: 15 | Ep_r: 13.66 | t_so_far: {326} | epsilon: 0.146 max: 19.30964070400001
Ep: 16 | Ep_r: 12.32 | t_so_far: {335} | epsilon: 0.147 max: 19.30964070400001
Ep: 17 | Ep_r: 19.01 | t_so_far: {385} | epsilon: 0.154 max: 19.30964070400001
Ep: 18 | Ep_r: 16.16 | t_so_far: {391} | epsilon: 0.154 max: 19.30964070400001
Ep: 19 | Ep_r: 17.89 | t_so_far: {418} | epsilon: 0.158 max: 19.30964070400001
Ep: 20 | Ep_r: 14.97 | t_so_far: {422} | epsilon: 0.159 max: 19.30964070400001
Ep: 21 | Ep_r: 13.57 | t_so_far: {431} | epsilon: 0.16 max: 19.30964070400001
Ep: 22 | Ep_r: 15.49 | t_so_far: {458} | epsilon: 0.163 max: 19.30964070400001
Ep: 23 | Ep_r: 20.25 | t_so_far: {508} | epsilon: 0.17 max: 20.24804890587948
Ep: 24 | Ep_r: 18.51 | t_so_far: {522} | epsilon: 0.172 max: 20.24804890587948
Ep: 25 | Ep_r: 15.24 | t_so_far: {525} | epsilon: 0.172 max: 20.24804890587948
Ep: 26 | Ep_r: 12.65 | t_so_far: {528} | epsilon: 0.173 max: 20.24804890587948
Ep: 27 | Ep_r: 13.01 | t_so_far: {546} | epsilon: 0.175 max: 20.24804890587948
Ep: 28 | Ep_r: 13.06 | t_so_far: {561} | epsilon: 0.177 max: 20.24804890587948
Ep: 29 | Ep_r: 11.09 | t_so_far: {565} | epsilon: 0.178 max: 20.24804890587948
Ep: 30 | Ep_r: 10.28 | t_so_far: {573} | epsilon: 0.179 max: 20.24804890587948
Ep: 31 | Ep_r: 16.25 | t_so_far: {623} | epsilon: 0.185 max: 20.24804890587948
Ep: 32 | Ep_r: 14.31 | t_so_far: {631} | epsilon: 0.186 max: 20.24804890587948
Ep: 33 | Ep_r: 13.72 | t_so_far: {645} | epsilon: 0.188 max: 20.24804890587948
Ep: 34 | Ep_r: 12.23 | t_so_far: {653} | epsilon: 0.189 max: 20.24804890587948
Ep: 35 | Ep_r: 17.73 | t_so_far: {700} | epsilon: 0.195 max: 20.24804890587948
Ep: 36 | Ep_r: 16.32 | t_so_far: {713} | epsilon: 0.197 max: 20.24804890587948
Ep: 37 | Ep_r: 17.7 | t_so_far: {740} | epsilon: 0.2 max: 20.24804890587948
Ep: 38 | Ep_r: 17.56 | t_so_far: {760} | epsilon: 0.203 max: 20.24804890587948
Ep: 39 | Ep_r: 14.64 | t_so_far: {764} | epsilon: 0.203 max: 20.24804890587948
Ep: 40 | Ep_r: 12.34 | t_so_far: {768} | epsilon: 0.204 max: 20.24804890587948
Ep: 41 | Ep_r: 13.79 | t_so_far: {791} | epsilon: 0.207 max: 20.24804890587948
Ep: 42 | Ep_r: 13.78 | t_so_far: {807} | epsilon: 0.209 max: 20.24804890587948
Ep: 43 | Ep_r: 17.51 | t_so_far: {845} | epsilon: 0.214 max: 20.24804890587948
Ep: 44 | Ep_r: 22.37 | t_so_far: {895} | epsilon: 0.22 max: 22.36568726145684
Ep: 45 | Ep_r: 22.5 | t_so_far: {920} | epsilon: 0.223 max: 22.499216475832142
Ep: 46 | Ep_r: 18.25 | t_so_far: {922} | epsilon: 0.223 max: 22.499216475832142
Ep: 47 | Ep_r: 18.22 | t_so_far: {944} | epsilon: 0.226 max: 22.499216475832142
Ep: 48 | Ep_r: 15.02 | t_so_far: {947} | epsilon: 0.226 max: 22.499216475832142
Ep: 49 | Ep_r: 15.01 | t_so_far: {964} | epsilon: 0.228 max: 22.499216475832142
Ep: 50 | Ep_r: 12.61 | t_so_far: {968} | epsilon: 0.229 max: 22.499216475832142
Ep: 51 | Ep_r: 11.02 | t_so_far: {974} | epsilon: 0.23 max: 22.499216475832142
Ep: 52 | Ep_r: 11.23 | t_so_far: {987} | epsilon: 0.231 max: 22.499216475832142
Ep: 53 | Ep_r: 10.9 | t_so_far: {998} | epsilon: 0.233 max: 22.499216475832142
Ep: 54 | Ep_r: 12.89 | t_so_far: {1024} | epsilon: 0.236 max: 22.499216475832142
Ep: 55 | Ep_r: 13.78 | t_so_far: {1045} | epsilon: 0.238 max: 22.499216475832142
Ep: 56 | Ep_r: 12.03 | t_so_far: {1051} | epsilon: 0.239 max: 22.499216475832142
Ep: 57 | Ep_r: 15.87 | t_so_far: {1089} | epsilon: 0.244 max: 22.499216475832142
Ep: 58 | Ep_r: 14.42 | t_so_far: {1099} | epsilon: 0.245 max: 22.499216475832142
Ep: 59 | Ep_r: 14.88 | t_so_far: {1118} | epsilon: 0.247 max: 22.499216475832142
Ep: 60 | Ep_r: 14.79 | t_so_far: {1136} | epsilon: 0.249 max: 22.499216475832142
Ep: 61 | Ep_r: 16.93 | t_so_far: {1164} | epsilon: 0.253 max: 22.499216475832142
Ep: 62 | Ep_r: 17.49 | t_so_far: {1187} | epsilon: 0.255 max: 22.499216475832142
Ep: 63 | Ep_r: 15.76 | t_so_far: {1197} | epsilon: 0.257 max: 22.499216475832142
Ep: 64 | Ep_r: 16.28 | t_so_far: {1219} | epsilon: 0.259 max: 22.499216475832142
Ep: 65 | Ep_r: 18.57 | t_so_far: {1253} | epsilon: 0.263 max: 22.499216475832142
Ep: 66 | Ep_r: 21.38 | t_so_far: {1292} | epsilon: 0.268 max: 22.499216475832142
Ep: 67 | Ep_r: 18.33 | t_so_far: {1299} | epsilon: 0.269 max: 22.499216475832142
Ep: 68 | Ep_r: 16.88 | t_so_far: {1312} | epsilon: 0.27 max: 22.499216475832142
Ep: 69 | Ep_r: 14.1 | t_so_far: {1316} | epsilon: 0.271 max: 22.499216475832142
Ep: 70 | Ep_r: 12.39 | t_so_far: {1323} | epsilon: 0.271 max: 22.499216475832142
Ep: 71 | Ep_r: 11.91 | t_so_far: {1334} | epsilon: 0.273 max: 22.499216475832142
Ep: 72 | Ep_r: 11.15 | t_so_far: {1344} | epsilon: 0.274 max: 22.499216475832142
Ep: 73 | Ep_r: 16.92 | t_so_far: {1394} | epsilon: 0.28 max: 22.499216475832142
Ep: 74 | Ep_r: 16.84 | t_so_far: {1413} | epsilon: 0.282 max: 22.499216475832142
Ep: 75 | Ep_r: 16.39 | t_so_far: {1431} | epsilon: 0.284 max: 22.499216475832142
Ep: 76 | Ep_r: 21.37 | t_so_far: {1481} | epsilon: 0.29 max: 22.499216475832142
Ep: 77 | Ep_r: 25.12 | t_so_far: {1531} | epsilon: 0.295 max: 25.123005732065636
Ep: 78 | Ep_r: 27.52 | t_so_far: {1581} | epsilon: 0.301 max: 27.518404585652505
Ep: 79 | Ep_r: 22.79 | t_so_far: {1586} | epsilon: 0.301 max: 27.518404585652505
Ep: 80 | Ep_r: 25.72 | t_so_far: {1636} | epsilon: 0.307 max: 27.518404585652505
Ep: 81 | Ep_r: 29.05 | t_so_far: {1686} | epsilon: 0.312 max: 29.05368981452076
Ep: 82 | Ep_r: 31.6 | t_so_far: {1734} | epsilon: 0.318 max: 31.60295185161661
Ep: 83 | Ep_r: 32.86 | t_so_far: {1784} | epsilon: 0.323 max: 32.86236148129329
Ep: 84 | Ep_r: 35.07 | t_so_far: {1834} | epsilon: 0.329 max: 35.06988918503464
Ep: 85 | Ep_r: 35.73 | t_so_far: {1884} | epsilon: 0.334 max: 35.72924468136105
Ep: 86 | Ep_r: 36.35 | t_so_far: {1934} | epsilon: 0.339 max: 36.350062411755516
Ep: 87 | Ep_r: 37.12 | t_so_far: {1984} | epsilon: 0.344 max: 37.120049929404416
Ep: 88 | Ep_r: 31.96 | t_so_far: {1997} | epsilon: 0.346 max: 37.120049929404416
Ep: 89 | Ep_r: 33.82 | t_so_far: {2047} | epsilon: 0.351 max: 37.120049929404416
Ep: 90 | Ep_r: 29.34 | t_so_far: {2061} | epsilon: 0.352 max: 37.120049929404416
Ep: 91 | Ep_r: 31.31 | t_so_far: {2111} | epsilon: 0.358 max: 37.120049929404416
Ep: 92 | Ep_r: 31.89 | t_so_far: {2152} | epsilon: 0.362 max: 37.120049929404416
Ep: 93 | Ep_r: 31.87 | t_so_far: {2190} | epsilon: 0.366 max: 37.120049929404416
Ep: 94 | Ep_r: 33.69 | t_so_far: {2240} | epsilon: 0.371 max: 37.120049929404416
Ep: 95 | Ep_r: 35.41 | t_so_far: {2290} | epsilon: 0.376 max: 37.120049929404416
Ep: 96 | Ep_r: 30.85 | t_so_far: {2305} | epsilon: 0.377 max: 37.120049929404416
Ep: 97 | Ep_r: 32.45 | t_so_far: {2353} | epsilon: 0.382 max: 37.120049929404416
Ep: 98 | Ep_r: 33.89 | t_so_far: {2399} | epsilon: 0.386 max: 37.120049929404416
Ep: 99 | Ep_r: 32.43 | t_so_far: {2431} | epsilon: 0.39 max: 37.120049929404416
Ep: 100 | Ep_r: 28.94 | t_so_far: {2450} | epsilon: 0.391 max: 37.120049929404416
Ep: 101 | Ep_r: 30.8 | t_so_far: {2496} | epsilon: 0.396 max: 37.120049929404416
Ep: 102 | Ep_r: 28.56 | t_so_far: {2519} | epsilon: 0.398 max: 37.120049929404416
Ep: 103 | Ep_r: 30.5 | t_so_far: {2567} | epsilon: 0.403 max: 37.120049929404416
Ep: 104 | Ep_r: 31.0 | t_so_far: {2605} | epsilon: 0.406 max: 37.120049929404416
Ep: 105 | Ep_r: 25.4 | t_so_far: {2609} | epsilon: 0.407 max: 37.120049929404416
Ep: 106 | Ep_r: 21.21 | t_so_far: {2615} | epsilon: 0.407 max: 37.120049929404416
Ep: 107 | Ep_r: 24.73 | t_so_far: {2665} | epsilon: 0.412 max: 37.120049929404416
Ep: 108 | Ep_r: 28.16 | t_so_far: {2715} | epsilon: 0.417 max: 37.120049929404416
Ep: 109 | Ep_r: 25.2 | t_so_far: {2731} | epsilon: 0.418 max: 37.120049929404416
Ep: 110 | Ep_r: 21.16 | t_so_far: {2737} | epsilon: 0.419 max: 37.120049929404416
Ep: 111 | Ep_r: 17.74 | t_so_far: {2742} | epsilon: 0.419 max: 37.120049929404416
Ep: 112 | Ep_r: 16.47 | t_so_far: {2755} | epsilon: 0.42 max: 37.120049929404416
Ep: 113 | Ep_r: 18.42 | t_so_far: {2785} | epsilon: 0.423 max: 37.120049929404416
Ep: 114 | Ep_r: 23.0 | t_so_far: {2835} | epsilon: 0.428 max: 37.120049929404416
Ep: 115 | Ep_r: 27.13 | t_so_far: {2885} | epsilon: 0.432 max: 37.120049929404416
Ep: 116 | Ep_r: 25.93 | t_so_far: {2911} | epsilon: 0.435 max: 37.120049929404416
Ep: 117 | Ep_r: 25.5 | t_so_far: {2939} | epsilon: 0.437 max: 37.120049929404416
Ep: 118 | Ep_r: 24.47 | t_so_far: {2962} | epsilon: 0.439 max: 37.120049929404416
Ep: 119 | Ep_r: 28.04 | t_so_far: {3012} | epsilon: 0.444 max: 37.120049929404416
Ep: 120 | Ep_r: 29.39 | t_so_far: {3051} | epsilon: 0.447 max: 37.120049929404416
Ep: 121 | Ep_r: 33.09 | t_so_far: {3101} | epsilon: 0.452 max: 37.120049929404416
Ep: 122 | Ep_r: 27.05 | t_so_far: {3105} | epsilon: 0.452 max: 37.120049929404416
Ep: 123 | Ep_r: 29.87 | t_so_far: {3155} | epsilon: 0.456 max: 37.120049929404416
Ep: 124 | Ep_r: 25.56 | t_so_far: {3165} | epsilon: 0.457 max: 37.120049929404416
Ep: 125 | Ep_r: 22.54 | t_so_far: {3178} | epsilon: 0.458 max: 37.120049929404416
Ep: 126 | Ep_r: 18.99 | t_so_far: {3184} | epsilon: 0.459 max: 37.120049929404416
Ep: 127 | Ep_r: 23.33 | t_so_far: {3232} | epsilon: 0.463 max: 37.120049929404416
Ep: 128 | Ep_r: 27.8 | t_so_far: {3282} | epsilon: 0.467 max: 37.120049929404416
Ep: 129 | Ep_r: 29.95 | t_so_far: {3332} | epsilon: 0.471 max: 37.120049929404416
Ep: 130 | Ep_r: 28.68 | t_so_far: {3360} | epsilon: 0.474 max: 37.120049929404416
Ep: 131 | Ep_r: 31.15 | t_so_far: {3410} | epsilon: 0.478 max: 37.120049929404416
Ep: 132 | Ep_r: 26.55 | t_so_far: {3419} | epsilon: 0.479 max: 37.120049929404416
Ep: 133 | Ep_r: 26.44 | t_so_far: {3447} | epsilon: 0.481 max: 37.120049929404416
Ep: 134 | Ep_r: 24.78 | t_so_far: {3467} | epsilon: 0.483 max: 37.120049929404416
Ep: 135 | Ep_r: 27.75 | t_so_far: {3517} | epsilon: 0.487 max: 37.120049929404416
Ep: 136 | Ep_r: 22.63 | t_so_far: {3520} | epsilon: 0.487 max: 37.120049929404416
Ep: 137 | Ep_r: 26.08 | t_so_far: {3570} | epsilon: 0.491 max: 37.120049929404416
Ep: 138 | Ep_r: 29.46 | t_so_far: {3620} | epsilon: 0.495 max: 37.120049929404416
Ep: 139 | Ep_r: 31.31 | t_so_far: {3670} | epsilon: 0.499 max: 37.120049929404416
Ep: 140 | Ep_r: 25.87 | t_so_far: {3675} | epsilon: 0.5 max: 37.120049929404416
Ep: 141 | Ep_r: 28.68 | t_so_far: {3725} | epsilon: 0.504 max: 37.120049929404416
Ep: 142 | Ep_r: 24.7 | t_so_far: {3736} | epsilon: 0.504 max: 37.120049929404416
Ep: 143 | Ep_r: 27.36 | t_so_far: {3781} | epsilon: 0.508 max: 37.120049929404416
Ep: 144 | Ep_r: 24.97 | t_so_far: {3798} | epsilon: 0.509 max: 37.120049929404416
Ep: 145 | Ep_r: 21.96 | t_so_far: {3810} | epsilon: 0.51 max: 37.120049929404416
Ep: 146 | Ep_r: 26.07 | t_so_far: {3860} | epsilon: 0.514 max: 37.120049929404416
Ep: 147 | Ep_r: 25.14 | t_so_far: {3885} | epsilon: 0.516 max: 37.120049929404416
Ep: 148 | Ep_r: 28.85 | t_so_far: {3935} | epsilon: 0.52 max: 37.120049929404416
Ep: 149 | Ep_r: 29.02 | t_so_far: {3970} | epsilon: 0.523 max: 37.120049929404416
Ep: 150 | Ep_r: 27.27 | t_so_far: {3992} | epsilon: 0.524 max: 37.120049929404416
Ep: 151 | Ep_r: 28.24 | t_so_far: {4028} | epsilon: 0.527 max: 37.120049929404416
Ep: 152 | Ep_r: 29.57 | t_so_far: {4071} | epsilon: 0.53 max: 37.120049929404416
Ep: 153 | Ep_r: 31.75 | t_so_far: {4121} | epsilon: 0.534 max: 37.120049929404416
Ep: 154 | Ep_r: 26.82 | t_so_far: {4130} | epsilon: 0.535 max: 37.120049929404416
Ep: 155 | Ep_r: 24.99 | t_so_far: {4152} | epsilon: 0.536 max: 37.120049929404416
Ep: 156 | Ep_r: 20.97 | t_so_far: {4158} | epsilon: 0.537 max: 37.120049929404416
Ep: 157 | Ep_r: 24.59 | t_so_far: {4208} | epsilon: 0.54 max: 37.120049929404416
Ep: 158 | Ep_r: 20.28 | t_so_far: {4212} | epsilon: 0.541 max: 37.120049929404416
Ep: 159 | Ep_r: 23.29 | t_so_far: {4254} | epsilon: 0.544 max: 37.120049929404416
Ep: 160 | Ep_r: 25.69 | t_so_far: {4292} | epsilon: 0.547 max: 37.120049929404416
Ep: 161 | Ep_r: 28.81 | t_so_far: {4342} | epsilon: 0.55 max: 37.120049929404416
Ep: 162 | Ep_r: 28.23 | t_so_far: {4375} | epsilon: 0.552 max: 37.120049929404416
Ep: 163 | Ep_r: 25.97 | t_so_far: {4395} | epsilon: 0.554 max: 37.120049929404416
Ep: 164 | Ep_r: 22.41 | t_so_far: {4405} | epsilon: 0.555 max: 37.120049929404416
Ep: 165 | Ep_r: 26.01 | t_so_far: {4453} | epsilon: 0.558 max: 37.120049929404416
Ep: 166 | Ep_r: 21.27 | t_so_far: {4456} | epsilon: 0.558 max: 37.120049929404416
Ep: 167 | Ep_r: 17.45 | t_so_far: {4459} | epsilon: 0.558 max: 37.120049929404416
Ep: 168 | Ep_r: 21.86 | t_so_far: {4509} | epsilon: 0.562 max: 37.120049929404416
Ep: 169 | Ep_r: 25.45 | t_so_far: {4559} | epsilon: 0.565 max: 37.120049929404416
Ep: 170 | Ep_r: 26.03 | t_so_far: {4591} | epsilon: 0.568 max: 37.120049929404416
Ep: 171 | Ep_r: 21.79 | t_so_far: {4597} | epsilon: 0.568 max: 37.120049929404416
Ep: 172 | Ep_r: 26.28 | t_so_far: {4647} | epsilon: 0.572 max: 37.120049929404416
Ep: 173 | Ep_r: 25.63 | t_so_far: {4675} | epsilon: 0.573 max: 37.120049929404416
Ep: 174 | Ep_r: 26.14 | t_so_far: {4710} | epsilon: 0.576 max: 37.120049929404416
Ep: 175 | Ep_r: 29.22 | t_so_far: {4760} | epsilon: 0.579 max: 37.120049929404416
Ep: 176 | Ep_r: 31.85 | t_so_far: {4810} | epsilon: 0.583 max: 37.120049929404416
Ep: 177 | Ep_r: 34.3 | t_so_far: {4860} | epsilon: 0.586 max: 37.120049929404416
Ep: 178 | Ep_r: 32.05 | t_so_far: {4887} | epsilon: 0.588 max: 37.120049929404416
Ep: 179 | Ep_r: 26.3 | t_so_far: {4891} | epsilon: 0.588 max: 37.120049929404416
Ep: 180 | Ep_r: 29.39 | t_so_far: {4941} | epsilon: 0.591 max: 37.120049929404416
Ep: 181 | Ep_r: 32.2 | t_so_far: {4991} | epsilon: 0.594 max: 37.120049929404416
Ep: 182 | Ep_r: 33.69 | t_so_far: {5041} | epsilon: 0.598 max: 37.120049929404416
Ep: 183 | Ep_r: 35.18 | t_so_far: {5089} | epsilon: 0.601 max: 37.120049929404416
Ep: 184 | Ep_r: 36.73 | t_so_far: {5139} | epsilon: 0.604 max: 37.120049929404416
Ep: 185 | Ep_r: 33.28 | t_so_far: {5161} | epsilon: 0.605 max: 37.120049929404416
Ep: 186 | Ep_r: 29.16 | t_so_far: {5176} | epsilon: 0.606 max: 37.120049929404416
Ep: 187 | Ep_r: 24.2 | t_so_far: {5182} | epsilon: 0.607 max: 37.120049929404416
Ep: 188 | Ep_r: 22.6 | t_so_far: {5200} | epsilon: 0.608 max: 37.120049929404416
Ep: 189 | Ep_r: 26.6 | t_so_far: {5250} | epsilon: 0.611 max: 37.120049929404416
Ep: 190 | Ep_r: 22.87 | t_so_far: {5260} | epsilon: 0.611 max: 37.120049929404416
Ep: 191 | Ep_r: 27.32 | t_so_far: {5310} | epsilon: 0.615 max: 37.120049929404416
Ep: 192 | Ep_r: 22.26 | t_so_far: {5313} | epsilon: 0.615 max: 37.120049929404416
Ep: 193 | Ep_r: 26.14 | t_so_far: {5363} | epsilon: 0.618 max: 37.120049929404416
Ep: 194 | Ep_r: 27.65 | t_so_far: {5402} | epsilon: 0.62 max: 37.120049929404416
Ep: 195 | Ep_r: 22.77 | t_so_far: {5406} | epsilon: 0.62 max: 37.120049929404416
Ep: 196 | Ep_r: 19.37 | t_so_far: {5414} | epsilon: 0.621 max: 37.120049929404416
Ep: 197 | Ep_r: 20.51 | t_so_far: {5443} | epsilon: 0.623 max: 37.120049929404416
Ep: 198 | Ep_r: 21.02 | t_so_far: {5470} | epsilon: 0.624 max: 37.120049929404416
Ep: 199 | Ep_r: 25.79 | t_so_far: {5520} | epsilon: 0.627 max: 37.120049929404416
Ep: 200 | Ep_r: 24.83 | t_so_far: {5545} | epsilon: 0.629 max: 37.120049929404416
Ep: 201 | Ep_r: 21.48 | t_so_far: {5554} | epsilon: 0.629 max: 37.120049929404416
Ep: 202 | Ep_r: 23.45 | t_so_far: {5590} | epsilon: 0.631 max: 37.120049929404416
Ep: 203 | Ep_r: 25.26 | t_so_far: {5625} | epsilon: 0.633 max: 37.120049929404416
Ep: 204 | Ep_r: 27.91 | t_so_far: {5669} | epsilon: 0.636 max: 37.120049929404416
Ep: 205 | Ep_r: 31.24 | t_so_far: {5719} | epsilon: 0.639 max: 37.120049929404416
Ep: 206 | Ep_r: 29.04 | t_so_far: {5744} | epsilon: 0.64 max: 37.120049929404416
Ep: 207 | Ep_r: 25.4 | t_so_far: {5758} | epsilon: 0.641 max: 37.120049929404416
Ep: 208 | Ep_r: 29.19 | t_so_far: {5808} | epsilon: 0.644 max: 37.120049929404416
Ep: 209 | Ep_r: 32.13 | t_so_far: {5858} | epsilon: 0.647 max: 37.120049929404416
Ep: 210 | Ep_r: 27.29 | t_so_far: {5868} | epsilon: 0.647 max: 37.120049929404416
Ep: 211 | Ep_r: 30.73 | t_so_far: {5918} | epsilon: 0.65 max: 37.120049929404416
Ep: 212 | Ep_r: 31.2 | t_so_far: {5954} | epsilon: 0.652 max: 37.120049929404416
Ep: 213 | Ep_r: 27.6 | t_so_far: {5969} | epsilon: 0.653 max: 37.120049929404416
Ep: 214 | Ep_r: 23.02 | t_so_far: {5975} | epsilon: 0.653 max: 37.120049929404416
Ep: 215 | Ep_r: 26.07 | t_so_far: {6018} | epsilon: 0.656 max: 37.120049929404416
Ep: 216 | Ep_r: 22.66 | t_so_far: {6028} | epsilon: 0.656 max: 37.120049929404416
Ep: 217 | Ep_r: 21.57 | t_so_far: {6047} | epsilon: 0.657 max: 37.120049929404416
Ep: 218 | Ep_r: 25.88 | t_so_far: {6097} | epsilon: 0.66 max: 37.120049929404416
Ep: 219 | Ep_r: 27.9 | t_so_far: {6138} | epsilon: 0.662 max: 37.120049929404416
Ep: 220 | Ep_r: 31.12 | t_so_far: {6188} | epsilon: 0.665 max: 37.120049929404416
Ep: 221 | Ep_r: 30.87 | t_so_far: {6221} | epsilon: 0.667 max: 37.120049929404416
Ep: 222 | Ep_r: 28.97 | t_so_far: {6246} | epsilon: 0.668 max: 37.120049929404416
Ep: 223 | Ep_r: 25.24 | t_so_far: {6258} | epsilon: 0.669 max: 37.120049929404416
Ep: 224 | Ep_r: 28.25 | t_so_far: {6308} | epsilon: 0.671 max: 37.120049929404416
Ep: 225 | Ep_r: 31.76 | t_so_far: {6358} | epsilon: 0.674 max: 37.120049929404416
Ep: 226 | Ep_r: 26.96 | t_so_far: {6367} | epsilon: 0.674 max: 37.120049929404416
Ep: 227 | Ep_r: 31.02 | t_so_far: {6417} | epsilon: 0.677 max: 37.120049929404416
Ep: 228 | Ep_r: 27.03 | t_so_far: {6430} | epsilon: 0.678 max: 37.120049929404416
Ep: 229 | Ep_r: 22.27 | t_so_far: {6434} | epsilon: 0.678 max: 37.120049929404416
Ep: 230 | Ep_r: 21.42 | t_so_far: {6455} | epsilon: 0.679 max: 37.120049929404416
Ep: 231 | Ep_r: 26.09 | t_so_far: {6505} | epsilon: 0.681 max: 37.120049929404416
Ep: 232 | Ep_r: 29.9 | t_so_far: {6555} | epsilon: 0.684 max: 37.120049929404416
Ep: 233 | Ep_r: 32.64 | t_so_far: {6605} | epsilon: 0.686 max: 37.120049929404416
Ep: 234 | Ep_r: 34.72 | t_so_far: {6655} | epsilon: 0.689 max: 37.120049929404416
Ep: 235 | Ep_r: 33.47 | t_so_far: {6686} | epsilon: 0.691 max: 37.120049929404416
Ep: 236 | Ep_r: 34.77 | t_so_far: {6732} | epsilon: 0.693 max: 37.120049929404416
Ep: 237 | Ep_r: 34.78 | t_so_far: {6770} | epsilon: 0.695 max: 37.120049929404416
Ep: 238 | Ep_r: 31.01 | t_so_far: {6787} | epsilon: 0.695 max: 37.120049929404416
Ep: 239 | Ep_r: 28.17 | t_so_far: {6806} | epsilon: 0.696 max: 37.120049929404416
Ep: 240 | Ep_r: 27.39 | t_so_far: {6833} | epsilon: 0.698 max: 37.120049929404416
Ep: 241 | Ep_r: 26.57 | t_so_far: {6858} | epsilon: 0.699 max: 37.120049929404416
Ep: 242 | Ep_r: 23.41 | t_so_far: {6870} | epsilon: 0.699 max: 37.120049929404416
Ep: 243 | Ep_r: 23.13 | t_so_far: {6896} | epsilon: 0.701 max: 37.120049929404416
Ep: 244 | Ep_r: 24.64 | t_so_far: {6932} | epsilon: 0.702 max: 37.120049929404416
Ep: 245 | Ep_r: 20.36 | t_so_far: {6936} | epsilon: 0.703 max: 37.120049929404416
Ep: 246 | Ep_r: 16.93 | t_so_far: {6940} | epsilon: 0.703 max: 37.120049929404416
Ep: 247 | Ep_r: 21.85 | t_so_far: {6990} | epsilon: 0.705 max: 37.120049929404416
Ep: 248 | Ep_r: 25.72 | t_so_far: {7040} | epsilon: 0.707 max: 37.120049929404416
Ep: 249 | Ep_r: 23.83 | t_so_far: {7059} | epsilon: 0.708 max: 37.120049929404416
Ep: 250 | Ep_r: 21.13 | t_so_far: {7071} | epsilon: 0.709 max: 37.120049929404416
Ep: 251 | Ep_r: 19.47 | t_so_far: {7085} | epsilon: 0.71 max: 37.120049929404416
Ep: 252 | Ep_r: 22.43 | t_so_far: {7128} | epsilon: 0.712 max: 37.120049929404416
Ep: 253 | Ep_r: 25.64 | t_so_far: {7178} | epsilon: 0.714 max: 37.120049929404416
Ep: 254 | Ep_r: 28.36 | t_so_far: {7228} | epsilon: 0.716 max: 37.120049929404416
Ep: 255 | Ep_r: 31.17 | t_so_far: {7278} | epsilon: 0.718 max: 37.120049929404416
Ep: 256 | Ep_r: 32.82 | t_so_far: {7328} | epsilon: 0.721 max: 37.120049929404416
Ep: 257 | Ep_r: 27.94 | t_so_far: {7339} | epsilon: 0.721 max: 37.120049929404416
Ep: 258 | Ep_r: 29.93 | t_so_far: {7389} | epsilon: 0.723 max: 37.120049929404416
Ep: 259 | Ep_r: 31.43 | t_so_far: {7439} | epsilon: 0.726 max: 37.120049929404416
Ep: 260 | Ep_r: 29.54 | t_so_far: {7467} | epsilon: 0.727 max: 37.120049929404416
Ep: 261 | Ep_r: 32.0 | t_so_far: {7517} | epsilon: 0.729 max: 37.120049929404416
Ep: 262 | Ep_r: 33.68 | t_so_far: {7567} | epsilon: 0.731 max: 37.120049929404416
Ep: 263 | Ep_r: 27.6 | t_so_far: {7571} | epsilon: 0.731 max: 37.120049929404416
Ep: 264 | Ep_r: 30.47 | t_so_far: {7621} | epsilon: 0.733 max: 37.120049929404416
Ep: 265 | Ep_r: 33.16 | t_so_far: {7671} | epsilon: 0.735 max: 37.120049929404416
Ep: 266 | Ep_r: 32.49 | t_so_far: {7706} | epsilon: 0.737 max: 37.120049929404416
Ep: 267 | Ep_r: 26.23 | t_so_far: {7708} | epsilon: 0.737 max: 37.120049929404416
Ep: 268 | Ep_r: 24.28 | t_so_far: {7728} | epsilon: 0.738 max: 37.120049929404416
Ep: 269 | Ep_r: 25.19 | t_so_far: {7760} | epsilon: 0.739 max: 37.120049929404416
Ep: 270 | Ep_r: 29.05 | t_so_far: {7810} | epsilon: 0.741 max: 37.120049929404416
Ep: 271 | Ep_r: 25.9 | t_so_far: {7825} | epsilon: 0.742 max: 37.120049929404416
Ep: 272 | Ep_r: 27.98 | t_so_far: {7867} | epsilon: 0.744 max: 37.120049929404416
Ep: 273 | Ep_r: 25.65 | t_so_far: {7888} | epsilon: 0.744 max: 37.120049929404416
Ep: 274 | Ep_r: 27.26 | t_so_far: {7927} | epsilon: 0.746 max: 37.120049929404416
Ep: 275 | Ep_r: 26.83 | t_so_far: {7957} | epsilon: 0.747 max: 37.120049929404416
Ep: 276 | Ep_r: 30.49 | t_so_far: {8007} | epsilon: 0.749 max: 37.120049929404416
Ep: 277 | Ep_r: 32.42 | t_so_far: {8052} | epsilon: 0.751 max: 37.120049929404416
Ep: 278 | Ep_r: 34.5 | t_so_far: {8102} | epsilon: 0.753 max: 37.120049929404416
Ep: 279 | Ep_r: 36.35 | t_so_far: {8152} | epsilon: 0.755 max: 37.120049929404416
Ep: 280 | Ep_r: 32.94 | t_so_far: {8173} | epsilon: 0.756 max: 37.120049929404416
Ep: 281 | Ep_r: 30.11 | t_so_far: {8195} | epsilon: 0.757 max: 37.120049929404416
Ep: 282 | Ep_r: 25.71 | t_so_far: {8205} | epsilon: 0.757 max: 37.120049929404416
Ep: 283 | Ep_r: 29.15 | t_so_far: {8255} | epsilon: 0.759 max: 37.120049929404416
Ep: 284 | Ep_r: 29.08 | t_so_far: {8288} | epsilon: 0.76 max: 37.120049929404416
Ep: 285 | Ep_r: 26.09 | t_so_far: {8304} | epsilon: 0.761 max: 37.120049929404416
Ep: 286 | Ep_r: 29.74 | t_so_far: {8354} | epsilon: 0.763 max: 37.120049929404416
Ep: 287 | Ep_r: 29.34 | t_so_far: {8386} | epsilon: 0.764 max: 37.120049929404416
Ep: 288 | Ep_r: 25.98 | t_so_far: {8400} | epsilon: 0.765 max: 37.120049929404416
Ep: 289 | Ep_r: 22.48 | t_so_far: {8410} | epsilon: 0.765 max: 37.120049929404416
Ep: 290 | Ep_r: 21.66 | t_so_far: {8432} | epsilon: 0.766 max: 37.120049929404416
Ep: 291 | Ep_r: 26.03 | t_so_far: {8482} | epsilon: 0.768 max: 37.120049929404416
Ep: 292 | Ep_r: 28.16 | t_so_far: {8526} | epsilon: 0.769 max: 37.120049929404416
Ep: 293 | Ep_r: 25.92 | t_so_far: {8545} | epsilon: 0.77 max: 37.120049929404416
Ep: 294 | Ep_r: 21.98 | t_so_far: {8553} | epsilon: 0.77 max: 37.120049929404416
Ep: 295 | Ep_r: 25.57 | t_so_far: {8603} | epsilon: 0.772 max: 37.120049929404416
Ep: 296 | Ep_r: 29.0 | t_so_far: {8653} | epsilon: 0.774 max: 37.120049929404416
Ep: 297 | Ep_r: 27.52 | t_so_far: {8677} | epsilon: 0.775 max: 37.120049929404416
Ep: 298 | Ep_r: 31.66 | t_so_far: {8727} | epsilon: 0.776 max: 37.120049929404416
Ep: 299 | Ep_r: 25.74 | t_so_far: {8730} | epsilon: 0.777 max: 37.120049929404416
Ep: 300 | Ep_r: 26.38 | t_so_far: {8763} | epsilon: 0.778 max: 37.120049929404416
Ep: 301 | Ep_r: 22.37 | t_so_far: {8770} | epsilon: 0.778 max: 37.120049929404416
Ep: 302 | Ep_r: 20.12 | t_so_far: {8782} | epsilon: 0.778 max: 37.120049929404416
Ep: 303 | Ep_r: 17.75 | t_so_far: {8791} | epsilon: 0.779 max: 37.120049929404416
Ep: 304 | Ep_r: 23.07 | t_so_far: {8840} | epsilon: 0.78 max: 37.120049929404416
Ep: 305 | Ep_r: 22.19 | t_so_far: {8860} | epsilon: 0.781 max: 37.120049929404416
Ep: 306 | Ep_r: 26.06 | t_so_far: {8910} | epsilon: 0.783 max: 37.120049929404416
Ep: 307 | Ep_r: 24.24 | t_so_far: {8931} | epsilon: 0.784 max: 37.120049929404416
Ep: 308 | Ep_r: 24.95 | t_so_far: {8964} | epsilon: 0.785 max: 37.120049929404416
Ep: 309 | Ep_r: 28.58 | t_so_far: {9014} | epsilon: 0.786 max: 37.120049929404416
Ep: 310 | Ep_r: 30.97 | t_so_far: {9064} | epsilon: 0.788 max: 37.120049929404416
Ep: 311 | Ep_r: 32.5 | t_so_far: {9114} | epsilon: 0.79 max: 37.120049929404416
Ep: 312 | Ep_r: 29.31 | t_so_far: {9133} | epsilon: 0.79 max: 37.120049929404416
Ep: 313 | Ep_r: 31.44 | t_so_far: {9183} | epsilon: 0.792 max: 37.120049929404416
Ep: 314 | Ep_r: 31.02 | t_so_far: {9217} | epsilon: 0.793 max: 37.120049929404416
Ep: 315 | Ep_r: 33.11 | t_so_far: {9267} | epsilon: 0.795 max: 37.120049929404416
Ep: 316 | Ep_r: 33.72 | t_so_far: {9311} | epsilon: 0.796 max: 37.120049929404416
Ep: 317 | Ep_r: 34.12 | t_so_far: {9354} | epsilon: 0.798 max: 37.120049929404416
Ep: 318 | Ep_r: 36.23 | t_so_far: {9404} | epsilon: 0.799 max: 37.120049929404416
Ep: 319 | Ep_r: 37.06 | t_so_far: {9454} | epsilon: 0.801 max: 37.120049929404416
Ep: 320 | Ep_r: 37.13 | t_so_far: {9504} | epsilon: 0.802 max: 37.12545166648616
Ep: 321 | Ep_r: 35.11 | t_so_far: {9536} | epsilon: 0.803 max: 37.12545166648616
Ep: 322 | Ep_r: 35.86 | t_so_far: {9586} | epsilon: 0.805 max: 37.12545166648616
Ep: 323 | Ep_r: 37.47 | t_so_far: {9636} | epsilon: 0.807 max: 37.47383125324092
Ep: 324 | Ep_r: 38.59 | t_so_far: {9686} | epsilon: 0.808 max: 38.5857316692594
Ep: 325 | Ep_r: 38.91 | t_so_far: {9736} | epsilon: 0.81 max: 38.90858533540752
Ep: 326 | Ep_r: 39.33 | t_so_far: {9786} | epsilon: 0.811 max: 39.333534934992684
Ep: 327 | Ep_r: 40.46 | t_so_far: {9836} | epsilon: 0.813 max: 40.46016128132749
Ep: 328 | Ep_r: 40.97 | t_so_far: {9886} | epsilon: 0.814 max: 40.97479569172866
Ep: 329 | Ep_r: 37.53 | t_so_far: {9914} | epsilon: 0.815 max: 40.97479569172866
Ep: 330 | Ep_r: 37.83 | t_so_far: {9956} | epsilon: 0.816 max: 40.97479569172866
Ep: 331 | Ep_r: 38.67 | t_so_far: {10006} | epsilon: 0.818 max: 40.97479569172866
Ep: 332 | Ep_r: 36.49 | t_so_far: {10037} | epsilon: 0.819 max: 40.97479569172866
Ep: 333 | Ep_r: 37.56 | t_so_far: {10087} | epsilon: 0.82 max: 40.97479569172866
Ep: 334 | Ep_r: 39.07 | t_so_far: {10137} | epsilon: 0.821 max: 40.97479569172866
Ep: 335 | Ep_r: 38.62 | t_so_far: {10180} | epsilon: 0.823 max: 40.97479569172866
Ep: 336 | Ep_r: 36.46 | t_so_far: {10212} | epsilon: 0.824 max: 40.97479569172866
Ep: 337 | Ep_r: 37.48 | t_so_far: {10262} | epsilon: 0.825 max: 40.97479569172866
Ep: 338 | Ep_r: 35.93 | t_so_far: {10297} | epsilon: 0.826 max: 40.97479569172866
Ep: 339 | Ep_r: 37.1 | t_so_far: {10347} | epsilon: 0.827 max: 40.97479569172866
Ep: 340 | Ep_r: 37.66 | t_so_far: {10397} | epsilon: 0.829 max: 40.97479569172866
Ep: 341 | Ep_r: 38.7 | t_so_far: {10447} | epsilon: 0.83 max: 40.97479569172866
Ep: 342 | Ep_r: 35.18 | t_so_far: {10472} | epsilon: 0.831 max: 40.97479569172866
Ep: 343 | Ep_r: 36.86 | t_so_far: {10522} | epsilon: 0.832 max: 40.97479569172866
Ep: 344 | Ep_r: 38.16 | t_so_far: {10572} | epsilon: 0.833 max: 40.97479569172866
Ep: 345 | Ep_r: 39.26 | t_so_far: {10622} | epsilon: 0.835 max: 40.97479569172866
Ep: 346 | Ep_r: 38.71 | t_so_far: {10666} | epsilon: 0.836 max: 40.97479569172866
Ep: 347 | Ep_r: 39.48 | t_so_far: {10716} | epsilon: 0.837 max: 40.97479569172866
Ep: 348 | Ep_r: 39.2 | t_so_far: {10756} | epsilon: 0.838 max: 40.97479569172866
Ep: 349 | Ep_r: 32.01 | t_so_far: {10760} | epsilon: 0.838 max: 40.97479569172866
Ep: 350 | Ep_r: 31.09 | t_so_far: {10791} | epsilon: 0.839 max: 40.97479569172866
Ep: 351 | Ep_r: 34.5 | t_so_far: {10841} | epsilon: 0.84 max: 40.97479569172866
Ep: 352 | Ep_r: 30.16 | t_so_far: {10856} | epsilon: 0.841 max: 40.97479569172866
Ep: 353 | Ep_r: 30.55 | t_so_far: {10896} | epsilon: 0.842 max: 40.97479569172866
Ep: 354 | Ep_r: 25.61 | t_so_far: {10903} | epsilon: 0.842 max: 40.97479569172866
Ep: 355 | Ep_r: 23.84 | t_so_far: {10923} | epsilon: 0.842 max: 40.97479569172866
Ep: 356 | Ep_r: 27.71 | t_so_far: {10973} | epsilon: 0.844 max: 40.97479569172866
Ep: 357 | Ep_r: 29.56 | t_so_far: {11017} | epsilon: 0.845 max: 40.97479569172866
Ep: 358 | Ep_r: 30.45 | t_so_far: {11061} | epsilon: 0.846 max: 40.97479569172866
Ep: 359 | Ep_r: 27.3 | t_so_far: {11078} | epsilon: 0.846 max: 40.97479569172866
Ep: 360 | Ep_r: 30.45 | t_so_far: {11128} | epsilon: 0.847 max: 40.97479569172866
Ep: 361 | Ep_r: 32.83 | t_so_far: {11178} | epsilon: 0.849 max: 40.97479569172866
Ep: 362 | Ep_r: 27.04 | t_so_far: {11183} | epsilon: 0.849 max: 40.97479569172866
Ep: 363 | Ep_r: 23.25 | t_so_far: {11192} | epsilon: 0.849 max: 40.97479569172866
Ep: 364 | Ep_r: 24.4 | t_so_far: {11224} | epsilon: 0.85 max: 40.97479569172866
Ep: 365 | Ep_r: 24.99 | t_so_far: {11257} | epsilon: 0.851 max: 40.97479569172866
Ep: 366 | Ep_r: 28.39 | t_so_far: {11307} | epsilon: 0.852 max: 40.97479569172866
Ep: 367 | Ep_r: 31.13 | t_so_far: {11357} | epsilon: 0.853 max: 40.97479569172866
Ep: 368 | Ep_r: 33.69 | t_so_far: {11407} | epsilon: 0.854 max: 40.97479569172866
Ep: 369 | Ep_r: 35.52 | t_so_far: {11457} | epsilon: 0.855 max: 40.97479569172866
Ep: 370 | Ep_r: 32.43 | t_so_far: {11479} | epsilon: 0.856 max: 40.97479569172866
Ep: 371 | Ep_r: 32.31 | t_so_far: {11516} | epsilon: 0.857 max: 40.97479569172866
Ep: 372 | Ep_r: 30.48 | t_so_far: {11541} | epsilon: 0.857 max: 40.97479569172866
Ep: 373 | Ep_r: 32.98 | t_so_far: {11591} | epsilon: 0.858 max: 40.97479569172866
Ep: 374 | Ep_r: 35.35 | t_so_far: {11641} | epsilon: 0.859 max: 40.97479569172866
Ep: 375 | Ep_r: 36.78 | t_so_far: {11691} | epsilon: 0.86 max: 40.97479569172866
Ep: 376 | Ep_r: 38.28 | t_so_far: {11741} | epsilon: 0.862 max: 40.97479569172866
Ep: 377 | Ep_r: 34.29 | t_so_far: {11763} | epsilon: 0.862 max: 40.97479569172866
Ep: 378 | Ep_r: 31.16 | t_so_far: {11784} | epsilon: 0.863 max: 40.97479569172866
Ep: 379 | Ep_r: 32.51 | t_so_far: {11831} | epsilon: 0.864 max: 40.97479569172866
Ep: 380 | Ep_r: 32.3 | t_so_far: {11866} | epsilon: 0.864 max: 40.97479569172866
Ep: 381 | Ep_r: 33.8 | t_so_far: {11915} | epsilon: 0.865 max: 40.97479569172866
Ep: 382 | Ep_r: 35.17 | t_so_far: {11965} | epsilon: 0.866 max: 40.97479569172866
Ep: 383 | Ep_r: 33.27 | t_so_far: {11996} | epsilon: 0.867 max: 40.97479569172866
Ep: 384 | Ep_r: 35.32 | t_so_far: {12046} | epsilon: 0.868 max: 40.97479569172866
Ep: 385 | Ep_r: 37.19 | t_so_far: {12096} | epsilon: 0.869 max: 40.97479569172866
Ep: 386 | Ep_r: 38.5 | t_so_far: {12146} | epsilon: 0.87 max: 40.97479569172866
Ep: 387 | Ep_r: 36.5 | t_so_far: {12178} | epsilon: 0.871 max: 40.97479569172866
Ep: 388 | Ep_r: 37.35 | t_so_far: {12228} | epsilon: 0.872 max: 40.97479569172866
Ep: 389 | Ep_r: 36.95 | t_so_far: {12270} | epsilon: 0.873 max: 40.97479569172866
Ep: 390 | Ep_r: 38.08 | t_so_far: {12320} | epsilon: 0.874 max: 40.97479569172866
Ep: 391 | Ep_r: 36.66 | t_so_far: {12357} | epsilon: 0.874 max: 40.97479569172866
Ep: 392 | Ep_r: 38.26 | t_so_far: {12407} | epsilon: 0.875 max: 40.97479569172866
Ep: 393 | Ep_r: 38.02 | t_so_far: {12452} | epsilon: 0.876 max: 40.97479569172866
Ep: 394 | Ep_r: 31.3 | t_so_far: {12458} | epsilon: 0.876 max: 40.97479569172866
Ep: 395 | Ep_r: 32.93 | t_so_far: {12508} | epsilon: 0.877 max: 40.97479569172866
Ep: 396 | Ep_r: 34.67 | t_so_far: {12558} | epsilon: 0.878 max: 40.97479569172866
Ep: 397 | Ep_r: 36.36 | t_so_far: {12608} | epsilon: 0.879 max: 40.97479569172866
Ep: 398 | Ep_r: 29.52 | t_so_far: {12611} | epsilon: 0.879 max: 40.97479569172866
Ep: 399 | Ep_r: 26.99 | t_so_far: {12629} | epsilon: 0.88 max: 40.97479569172866
Ep: 400 | Ep_r: 30.35 | t_so_far: {12679} | epsilon: 0.881 max: 40.97479569172866
Ep: 401 | Ep_r: 32.51 | t_so_far: {12729} | epsilon: 0.882 max: 40.97479569172866
Ep: 402 | Ep_r: 26.83 | t_so_far: {12734} | epsilon: 0.882 max: 40.97479569172866
Ep: 403 | Ep_r: 28.4 | t_so_far: {12776} | epsilon: 0.883 max: 40.97479569172866
Ep: 404 | Ep_r: 28.99 | t_so_far: {12812} | epsilon: 0.883 max: 40.97479569172866
Ep: 405 | Ep_r: 31.37 | t_so_far: {12862} | epsilon: 0.884 max: 40.97479569172866
Ep: 406 | Ep_r: 31.37 | t_so_far: {12900} | epsilon: 0.885 max: 40.97479569172866
Ep: 407 | Ep_r: 25.53 | t_so_far: {12903} | epsilon: 0.885 max: 40.97479569172866
Ep: 408 | Ep_r: 28.75 | t_so_far: {12953} | epsilon: 0.886 max: 40.97479569172866
Ep: 409 | Ep_r: 31.59 | t_so_far: {13003} | epsilon: 0.887 max: 40.97479569172866
Ep: 410 | Ep_r: 33.45 | t_so_far: {13053} | epsilon: 0.888 max: 40.97479569172866
Ep: 411 | Ep_r: 30.99 | t_so_far: {13078} | epsilon: 0.888 max: 40.97479569172866
Ep: 412 | Ep_r: 32.97 | t_so_far: {13128} | epsilon: 0.889 max: 40.97479569172866
Ep: 413 | Ep_r: 35.34 | t_so_far: {13178} | epsilon: 0.89 max: 40.97479569172866
Ep: 414 | Ep_r: 35.53 | t_so_far: {13221} | epsilon: 0.891 max: 40.97479569172866
Ep: 415 | Ep_r: 37.21 | t_so_far: {13271} | epsilon: 0.891 max: 40.97479569172866
Ep: 416 | Ep_r: 38.91 | t_so_far: {13321} | epsilon: 0.892 max: 40.97479569172866
Ep: 417 | Ep_r: 39.44 | t_so_far: {13371} | epsilon: 0.893 max: 40.97479569172866
Ep: 418 | Ep_r: 39.95 | t_so_far: {13421} | epsilon: 0.894 max: 40.97479569172866
Ep: 419 | Ep_r: 40.09 | t_so_far: {13471} | epsilon: 0.895 max: 40.97479569172866
Ep: 420 | Ep_r: 40.38 | t_so_far: {13521} | epsilon: 0.896 max: 40.97479569172866
Ep: 421 | Ep_r: 40.76 | t_so_far: {13571} | epsilon: 0.896 max: 40.97479569172866
Ep: 422 | Ep_r: 33.4 | t_so_far: {13576} | epsilon: 0.897 max: 40.97479569172866
Ep: 423 | Ep_r: 35.6 | t_so_far: {13626} | epsilon: 0.897 max: 40.97479569172866
Ep: 424 | Ep_r: 37.57 | t_so_far: {13676} | epsilon: 0.898 max: 40.97479569172866
Ep: 425 | Ep_r: 38.04 | t_so_far: {13726} | epsilon: 0.899 max: 40.97479569172866
Ep: 426 | Ep_r: 38.82 | t_so_far: {13776} | epsilon: 0.9 max: 40.97479569172866
Ep: 427 | Ep_r: 37.5 | t_so_far: {13812} | epsilon: 0.9 max: 40.97479569172866
Ep: 428 | Ep_r: 38.71 | t_so_far: {13862} | epsilon: 0.901 max: 40.97479569172866
Ep: 429 | Ep_r: 39.13 | t_so_far: {13912} | epsilon: 0.902 max: 40.97479569172866
Ep: 430 | Ep_r: 36.92 | t_so_far: {13948} | epsilon: 0.902 max: 40.97479569172866
Ep: 431 | Ep_r: 38.44 | t_so_far: {13998} | epsilon: 0.903 max: 40.97479569172866
Ep: 432 | Ep_r: 35.76 | t_so_far: {14029} | epsilon: 0.904 max: 40.97479569172866
Ep: 433 | Ep_r: 36.95 | t_so_far: {14079} | epsilon: 0.904 max: 40.97479569172866
Ep: 434 | Ep_r: 38.62 | t_so_far: {14129} | epsilon: 0.905 max: 40.97479569172866
Ep: 435 | Ep_r: 34.48 | t_so_far: {14150} | epsilon: 0.906 max: 40.97479569172866
Ep: 436 | Ep_r: 36.77 | t_so_far: {14200} | epsilon: 0.906 max: 40.97479569172866
Ep: 437 | Ep_r: 38.2 | t_so_far: {14250} | epsilon: 0.907 max: 40.97479569172866
Ep: 438 | Ep_r: 38.93 | t_so_far: {14300} | epsilon: 0.908 max: 40.97479569172866
Ep: 439 | Ep_r: 39.73 | t_so_far: {14350} | epsilon: 0.908 max: 40.97479569172866
Ep: 440 | Ep_r: 40.69 | t_so_far: {14400} | epsilon: 0.909 max: 40.97479569172866
Ep: 441 | Ep_r: 40.44 | t_so_far: {14450} | epsilon: 0.91 max: 40.97479569172866
Ep: 442 | Ep_r: 40.58 | t_so_far: {14500} | epsilon: 0.911 max: 40.97479569172866
Ep: 443 | Ep_r: 41.05 | t_so_far: {14550} | epsilon: 0.911 max: 41.05099638932915
Ep: 444 | Ep_r: 40.69 | t_so_far: {14600} | epsilon: 0.912 max: 41.05099638932915
Ep: 445 | Ep_r: 33.99 | t_so_far: {14608} | epsilon: 0.912 max: 41.05099638932915
Ep: 446 | Ep_r: 33.52 | t_so_far: {14643} | epsilon: 0.913 max: 41.05099638932915
Ep: 447 | Ep_r: 31.87 | t_so_far: {14671} | epsilon: 0.913 max: 41.05099638932915
Ep: 448 | Ep_r: 32.91 | t_so_far: {14714} | epsilon: 0.914 max: 41.05099638932915
Ep: 449 | Ep_r: 27.94 | t_so_far: {14724} | epsilon: 0.914 max: 41.05099638932915
Ep: 450 | Ep_r: 31.37 | t_so_far: {14774} | epsilon: 0.914 max: 41.05099638932915
Ep: 451 | Ep_r: 34.22 | t_so_far: {14824} | epsilon: 0.915 max: 41.05099638932915
Ep: 452 | Ep_r: 34.34 | t_so_far: {14866} | epsilon: 0.916 max: 41.05099638932915
Ep: 453 | Ep_r: 29.37 | t_so_far: {14877} | epsilon: 0.916 max: 41.05099638932915
Ep: 454 | Ep_r: 31.37 | t_so_far: {14927} | epsilon: 0.916 max: 41.05099638932915
Ep: 455 | Ep_r: 33.48 | t_so_far: {14977} | epsilon: 0.917 max: 41.05099638932915
Ep: 456 | Ep_r: 35.33 | t_so_far: {15027} | epsilon: 0.918 max: 41.05099638932915
Ep: 457 | Ep_r: 36.41 | t_so_far: {15077} | epsilon: 0.918 max: 41.05099638932915
Ep: 458 | Ep_r: 37.43 | t_so_far: {15127} | epsilon: 0.919 max: 41.05099638932915
Ep: 459 | Ep_r: 35.33 | t_so_far: {15159} | epsilon: 0.919 max: 41.05099638932915
Ep: 460 | Ep_r: 36.83 | t_so_far: {15209} | epsilon: 0.92 max: 41.05099638932915
Ep: 461 | Ep_r: 37.63 | t_so_far: {15259} | epsilon: 0.921 max: 41.05099638932915
Ep: 462 | Ep_r: 38.32 | t_so_far: {15309} | epsilon: 0.921 max: 41.05099638932915
Ep: 463 | Ep_r: 38.92 | t_so_far: {15359} | epsilon: 0.922 max: 41.05099638932915
Ep: 464 | Ep_r: 38.93 | t_so_far: {15409} | epsilon: 0.923 max: 41.05099638932915
Ep: 465 | Ep_r: 39.44 | t_so_far: {15459} | epsilon: 0.923 max: 41.05099638932915
Ep: 466 | Ep_r: 39.64 | t_so_far: {15509} | epsilon: 0.924 max: 41.05099638932915
Ep: 467 | Ep_r: 40.25 | t_so_far: {15559} | epsilon: 0.924 max: 41.05099638932915
Ep: 468 | Ep_r: 40.71 | t_so_far: {15609} | epsilon: 0.925 max: 41.05099638932915
Ep: 469 | Ep_r: 40.55 | t_so_far: {15659} | epsilon: 0.926 max: 41.05099638932915
Ep: 470 | Ep_r: 40.82 | t_so_far: {15709} | epsilon: 0.926 max: 41.05099638932915
Ep: 471 | Ep_r: 41.34 | t_so_far: {15759} | epsilon: 0.927 max: 41.343651385764744
Ep: 472 | Ep_r: 41.49 | t_so_far: {15809} | epsilon: 0.927 max: 41.48825444194514
Ep: 473 | Ep_r: 41.72 | t_so_far: {15859} | epsilon: 0.928 max: 41.72393688688945
Ep: 474 | Ep_r: 42.15 | t_so_far: {15909} | epsilon: 0.928 max: 42.1524828428449
Ep: 475 | Ep_r: 42.8 | t_so_far: {15959} | epsilon: 0.929 max: 42.79531960760926
Ep: 476 | Ep_r: 43.14 | t_so_far: {16009} | epsilon: 0.93 max: 43.13625568608741
Ep: 477 | Ep_r: 42.89 | t_so_far: {16059} | epsilon: 0.93 max: 43.13625568608741
Ep: 478 | Ep_r: 42.36 | t_so_far: {16109} | epsilon: 0.931 max: 43.13625568608741
Ep: 479 | Ep_r: 41.72 | t_so_far: {16159} | epsilon: 0.931 max: 43.13625568608741
Ep: 480 | Ep_r: 41.8 | t_so_far: {16209} | epsilon: 0.932 max: 43.13625568608741
Ep: 481 | Ep_r: 41.69 | t_so_far: {16259} | epsilon: 0.932 max: 43.13625568608741
Ep: 482 | Ep_r: 41.87 | t_so_far: {16309} | epsilon: 0.933 max: 43.13625568608741
Ep: 483 | Ep_r: 41.34 | t_so_far: {16354} | epsilon: 0.933 max: 43.13625568608741
Ep: 484 | Ep_r: 41.9 | t_so_far: {16404} | epsilon: 0.934 max: 43.13625568608741
Ep: 485 | Ep_r: 36.86 | t_so_far: {16423} | epsilon: 0.934 max: 43.13625568608741
Ep: 486 | Ep_r: 36.36 | t_so_far: {16461} | epsilon: 0.934 max: 43.13625568608741
Ep: 487 | Ep_r: 38.34 | t_so_far: {16511} | epsilon: 0.935 max: 43.13625568608741
Ep: 488 | Ep_r: 39.66 | t_so_far: {16561} | epsilon: 0.935 max: 43.13625568608741
Ep: 489 | Ep_r: 34.88 | t_so_far: {16582} | epsilon: 0.936 max: 43.13625568608741
Ep: 490 | Ep_r: 30.88 | t_so_far: {16599} | epsilon: 0.936 max: 43.13625568608741
Ep: 491 | Ep_r: 32.77 | t_so_far: {16649} | epsilon: 0.936 max: 43.13625568608741
Ep: 492 | Ep_r: 34.08 | t_so_far: {16691} | epsilon: 0.937 max: 43.13625568608741
Ep: 493 | Ep_r: 35.32 | t_so_far: {16741} | epsilon: 0.937 max: 43.13625568608741
Ep: 494 | Ep_r: 37.27 | t_so_far: {16791} | epsilon: 0.938 max: 43.13625568608741
Ep: 495 | Ep_r: 38.45 | t_so_far: {16841} | epsilon: 0.938 max: 43.13625568608741
Ep: 496 | Ep_r: 38.97 | t_so_far: {16891} | epsilon: 0.939 max: 43.13625568608741
Ep: 497 | Ep_r: 39.2 | t_so_far: {16941} | epsilon: 0.939 max: 43.13625568608741
Ep: 498 | Ep_r: 39.83 | t_so_far: {16991} | epsilon: 0.94 max: 43.13625568608741
Ep: 499 | Ep_r: 40.6 | t_so_far: {17041} | epsilon: 0.94 max: 43.13625568608741
Ep: 500 | Ep_r: 36.18 | t_so_far: {17062} | epsilon: 0.94 max: 43.13625568608741
Ep: 501 | Ep_r: 37.51 | t_so_far: {17112} | epsilon: 0.941 max: 43.13625568608741
Ep: 502 | Ep_r: 38.0 | t_so_far: {17162} | epsilon: 0.941 max: 43.13625568608741
Ep: 503 | Ep_r: 33.72 | t_so_far: {17180} | epsilon: 0.941 max: 43.13625568608741
Ep: 504 | Ep_r: 34.65 | t_so_far: {17225} | epsilon: 0.942 max: 43.13625568608741
Ep: 505 | Ep_r: 34.09 | t_so_far: {17263} | epsilon: 0.942 max: 43.13625568608741
Ep: 506 | Ep_r: 34.98 | t_so_far: {17313} | epsilon: 0.943 max: 43.13625568608741
Ep: 507 | Ep_r: 36.31 | t_so_far: {17363} | epsilon: 0.943 max: 43.13625568608741
Ep: 508 | Ep_r: 37.77 | t_so_far: {17413} | epsilon: 0.944 max: 43.13625568608741
Ep: 509 | Ep_r: 38.42 | t_so_far: {17463} | epsilon: 0.944 max: 43.13625568608741
Ep: 510 | Ep_r: 37.83 | t_so_far: {17501} | epsilon: 0.944 max: 43.13625568608741
Ep: 511 | Ep_r: 38.91 | t_so_far: {17551} | epsilon: 0.945 max: 43.13625568608741
Ep: 512 | Ep_r: 39.5 | t_so_far: {17601} | epsilon: 0.945 max: 43.13625568608741
Ep: 513 | Ep_r: 40.07 | t_so_far: {17651} | epsilon: 0.946 max: 43.13625568608741
Ep: 514 | Ep_r: 40.8 | t_so_far: {17701} | epsilon: 0.946 max: 43.13625568608741
Ep: 515 | Ep_r: 41.16 | t_so_far: {17751} | epsilon: 0.946 max: 43.13625568608741
Ep: 516 | Ep_r: 40.98 | t_so_far: {17801} | epsilon: 0.947 max: 43.13625568608741
Ep: 517 | Ep_r: 41.98 | t_so_far: {17851} | epsilon: 0.947 max: 43.13625568608741
Ep: 518 | Ep_r: 42.1 | t_so_far: {17901} | epsilon: 0.948 max: 43.13625568608741
Ep: 519 | Ep_r: 42.06 | t_so_far: {17951} | epsilon: 0.948 max: 43.13625568608741
Ep: 520 | Ep_r: 42.5 | t_so_far: {18001} | epsilon: 0.949 max: 43.13625568608741
Ep: 521 | Ep_r: 42.81 | t_so_far: {18051} | epsilon: 0.949 max: 43.13625568608741
Ep: 522 | Ep_r: 43.15 | t_so_far: {18101} | epsilon: 0.949 max: 43.151746443968996
Ep: 523 | Ep_r: 38.56 | t_so_far: {18125} | epsilon: 0.95 max: 43.151746443968996
Ep: 524 | Ep_r: 38.8 | t_so_far: {18175} | epsilon: 0.95 max: 43.151746443968996
Ep: 525 | Ep_r: 39.72 | t_so_far: {18225} | epsilon: 0.95 max: 43.151746443968996
Ep: 526 | Ep_r: 33.79 | t_so_far: {18236} | epsilon: 0.95 max: 43.151746443968996
Ep: 527 | Ep_r: 35.4 | t_so_far: {18286} | epsilon: 0.951 max: 43.151746443968996
Ep: 528 | Ep_r: 36.64 | t_so_far: {18336} | epsilon: 0.951 max: 43.151746443968996
Ep: 529 | Ep_r: 36.89 | t_so_far: {18380} | epsilon: 0.952 max: 43.151746443968996
Ep: 530 | Ep_r: 38.22 | t_so_far: {18430} | epsilon: 0.952 max: 43.151746443968996
Ep: 531 | Ep_r: 31.03 | t_so_far: {18433} | epsilon: 0.952 max: 43.151746443968996
Ep: 532 | Ep_r: 33.51 | t_so_far: {18483} | epsilon: 0.952 max: 43.151746443968996
Ep: 533 | Ep_r: 35.66 | t_so_far: {18533} | epsilon: 0.953 max: 43.151746443968996
Ep: 534 | Ep_r: 37.25 | t_so_far: {18583} | epsilon: 0.953 max: 43.151746443968996
Ep: 535 | Ep_r: 38.81 | t_so_far: {18633} | epsilon: 0.953 max: 43.151746443968996
Ep: 536 | Ep_r: 40.4 | t_so_far: {18683} | epsilon: 0.954 max: 43.151746443968996
Ep: 537 | Ep_r: 36.65 | t_so_far: {18708} | epsilon: 0.954 max: 43.151746443968996
Ep: 538 | Ep_r: 37.57 | t_so_far: {18758} | epsilon: 0.954 max: 43.151746443968996
Ep: 539 | Ep_r: 38.26 | t_so_far: {18808} | epsilon: 0.955 max: 43.151746443968996
Ep: 540 | Ep_r: 31.14 | t_so_far: {18812} | epsilon: 0.955 max: 43.151746443968996
Ep: 541 | Ep_r: 33.74 | t_so_far: {18862} | epsilon: 0.955 max: 43.151746443968996
Ep: 542 | Ep_r: 35.3 | t_so_far: {18912} | epsilon: 0.955 max: 43.151746443968996
Ep: 543 | Ep_r: 37.09 | t_so_far: {18962} | epsilon: 0.956 max: 43.151746443968996
Ep: 544 | Ep_r: 31.09 | t_so_far: {18970} | epsilon: 0.956 max: 43.151746443968996
Ep: 545 | Ep_r: 33.37 | t_so_far: {19020} | epsilon: 0.956 max: 43.151746443968996
Ep: 546 | Ep_r: 34.86 | t_so_far: {19070} | epsilon: 0.956 max: 43.151746443968996
Ep: 547 | Ep_r: 36.17 | t_so_far: {19120} | epsilon: 0.957 max: 43.151746443968996
Ep: 548 | Ep_r: 37.4 | t_so_far: {19170} | epsilon: 0.957 max: 43.151746443968996
Ep: 549 | Ep_r: 38.8 | t_so_far: {19220} | epsilon: 0.957 max: 43.151746443968996
Ep: 550 | Ep_r: 37.52 | t_so_far: {19259} | epsilon: 0.958 max: 43.151746443968996
Ep: 551 | Ep_r: 38.65 | t_so_far: {19309} | epsilon: 0.958 max: 43.151746443968996
Ep: 552 | Ep_r: 39.28 | t_so_far: {19359} | epsilon: 0.958 max: 43.151746443968996
Ep: 553 | Ep_r: 40.36 | t_so_far: {19409} | epsilon: 0.959 max: 43.151746443968996
Ep: 554 | Ep_r: 40.9 | t_so_far: {19459} | epsilon: 0.959 max: 43.151746443968996
Ep: 555 | Ep_r: 40.59 | t_so_far: {19506} | epsilon: 0.959 max: 43.151746443968996
Ep: 556 | Ep_r: 40.84 | t_so_far: {19556} | epsilon: 0.96 max: 43.151746443968996
Ep: 557 | Ep_r: 41.06 | t_so_far: {19606} | epsilon: 0.96 max: 43.151746443968996
Ep: 558 | Ep_r: 34.5 | t_so_far: {19616} | epsilon: 0.96 max: 43.151746443968996
Ep: 559 | Ep_r: 36.16 | t_so_far: {19666} | epsilon: 0.96 max: 43.151746443968996
Ep: 560 | Ep_r: 33.54 | t_so_far: {19692} | epsilon: 0.96 max: 43.151746443968996
Ep: 561 | Ep_r: 35.7 | t_so_far: {19742} | epsilon: 0.961 max: 43.151746443968996
Ep: 562 | Ep_r: 36.65 | t_so_far: {19792} | epsilon: 0.961 max: 43.151746443968996
Ep: 563 | Ep_r: 34.34 | t_so_far: {19823} | epsilon: 0.961 max: 43.151746443968996
Ep: 564 | Ep_r: 36.27 | t_so_far: {19873} | epsilon: 0.962 max: 43.151746443968996
Ep: 565 | Ep_r: 38.12 | t_so_far: {19923} | epsilon: 0.962 max: 43.151746443968996
Ep: 566 | Ep_r: 39.1 | t_so_far: {19973} | epsilon: 0.962 max: 43.151746443968996
Ep: 567 | Ep_r: 39.66 | t_so_far: {20023} | epsilon: 0.962 max: 43.151746443968996
Ep: 568 | Ep_r: 40.46 | t_so_far: {20073} | epsilon: 0.963 max: 43.151746443968996
Ep: 569 | Ep_r: 35.19 | t_so_far: {20090} | epsilon: 0.963 max: 43.151746443968996
Ep: 570 | Ep_r: 36.62 | t_so_far: {20140} | epsilon: 0.963 max: 43.151746443968996
Ep: 571 | Ep_r: 31.08 | t_so_far: {20150} | epsilon: 0.963 max: 43.151746443968996
Ep: 572 | Ep_r: 33.43 | t_so_far: {20200} | epsilon: 0.964 max: 43.151746443968996
Ep: 573 | Ep_r: 32.93 | t_so_far: {20240} | epsilon: 0.964 max: 43.151746443968996
Ep: 574 | Ep_r: 35.62 | t_so_far: {20290} | epsilon: 0.964 max: 43.151746443968996
Ep: 575 | Ep_r: 37.38 | t_so_far: {20340} | epsilon: 0.964 max: 43.151746443968996
Ep: 576 | Ep_r: 32.36 | t_so_far: {20355} | epsilon: 0.964 max: 43.151746443968996
Ep: 577 | Ep_r: 33.37 | t_so_far: {20397} | epsilon: 0.965 max: 43.151746443968996
Ep: 578 | Ep_r: 35.01 | t_so_far: {20447} | epsilon: 0.965 max: 43.151746443968996
Ep: 579 | Ep_r: 37.0 | t_so_far: {20497} | epsilon: 0.965 max: 43.151746443968996
Ep: 580 | Ep_r: 37.22 | t_so_far: {20542} | epsilon: 0.965 max: 43.151746443968996
Ep: 581 | Ep_r: 37.17 | t_so_far: {20587} | epsilon: 0.966 max: 43.151746443968996
Ep: 582 | Ep_r: 36.94 | t_so_far: {20630} | epsilon: 0.966 max: 43.151746443968996
Ep: 583 | Ep_r: 37.1 | t_so_far: {20676} | epsilon: 0.966 max: 43.151746443968996
Ep: 584 | Ep_r: 33.6 | t_so_far: {20698} | epsilon: 0.966 max: 43.151746443968996
Ep: 585 | Ep_r: 35.67 | t_so_far: {20748} | epsilon: 0.966 max: 43.151746443968996
Ep: 586 | Ep_r: 36.04 | t_so_far: {20792} | epsilon: 0.967 max: 43.151746443968996
Ep: 587 | Ep_r: 37.73 | t_so_far: {20842} | epsilon: 0.967 max: 43.151746443968996
Ep: 588 | Ep_r: 38.65 | t_so_far: {20892} | epsilon: 0.967 max: 43.151746443968996
Ep: 589 | Ep_r: 40.0 | t_so_far: {20942} | epsilon: 0.967 max: 43.151746443968996
Ep: 590 | Ep_r: 34.01 | t_so_far: {20953} | epsilon: 0.968 max: 43.151746443968996
Ep: 591 | Ep_r: 35.72 | t_so_far: {21003} | epsilon: 0.968 max: 43.151746443968996
Ep: 592 | Ep_r: 37.56 | t_so_far: {21053} | epsilon: 0.968 max: 43.151746443968996
Ep: 593 | Ep_r: 38.96 | t_so_far: {21102} | epsilon: 0.968 max: 43.151746443968996
Ep: 594 | Ep_r: 39.63 | t_so_far: {21152} | epsilon: 0.969 max: 43.151746443968996
Ep: 595 | Ep_r: 36.88 | t_so_far: {21181} | epsilon: 0.969 max: 43.151746443968996
Ep: 596 | Ep_r: 31.06 | t_so_far: {21190} | epsilon: 0.969 max: 43.151746443968996
Ep: 597 | Ep_r: 29.99 | t_so_far: {21222} | epsilon: 0.969 max: 43.151746443968996
Ep: 598 | Ep_r: 29.31 | t_so_far: {21252} | epsilon: 0.969 max: 43.151746443968996
Ep: 599 | Ep_r: 31.85 | t_so_far: {21302} | epsilon: 0.969 max: 43.151746443968996
Ep: 600 | Ep_r: 33.67 | t_so_far: {21350} | epsilon: 0.969 max: 43.151746443968996
Ep: 601 | Ep_r: 35.46 | t_so_far: {21400} | epsilon: 0.97 max: 43.151746443968996
Ep: 602 | Ep_r: 31.71 | t_so_far: {21418} | epsilon: 0.97 max: 43.151746443968996
Ep: 603 | Ep_r: 34.4 | t_so_far: {21468} | epsilon: 0.97 max: 43.151746443968996
Ep: 604 | Ep_r: 35.44 | t_so_far: {21518} | epsilon: 0.97 max: 43.151746443968996
Ep: 605 | Ep_r: 36.75 | t_so_far: {21568} | epsilon: 0.97 max: 43.151746443968996
Ep: 606 | Ep_r: 35.81 | t_so_far: {21604} | epsilon: 0.971 max: 43.151746443968996
Ep: 607 | Ep_r: 36.91 | t_so_far: {21654} | epsilon: 0.971 max: 43.151746443968996
Ep: 608 | Ep_r: 37.98 | t_so_far: {21704} | epsilon: 0.971 max: 43.151746443968996
Ep: 609 | Ep_r: 39.08 | t_so_far: {21754} | epsilon: 0.971 max: 43.151746443968996
Ep: 610 | Ep_r: 40.35 | t_so_far: {21804} | epsilon: 0.972 max: 43.151746443968996
Ep: 611 | Ep_r: 37.83 | t_so_far: {21836} | epsilon: 0.972 max: 43.151746443968996
Ep: 612 | Ep_r: 38.31 | t_so_far: {21886} | epsilon: 0.972 max: 43.151746443968996
Ep: 613 | Ep_r: 39.22 | t_so_far: {21936} | epsilon: 0.972 max: 43.151746443968996
Ep: 614 | Ep_r: 39.84 | t_so_far: {21984} | epsilon: 0.972 max: 43.151746443968996
Ep: 615 | Ep_r: 40.17 | t_so_far: {22034} | epsilon: 0.973 max: 43.151746443968996
Ep: 616 | Ep_r: 40.77 | t_so_far: {22084} | epsilon: 0.973 max: 43.151746443968996
Ep: 617 | Ep_r: 41.14 | t_so_far: {22134} | epsilon: 0.973 max: 43.151746443968996
Ep: 618 | Ep_r: 40.98 | t_so_far: {22180} | epsilon: 0.973 max: 43.151746443968996
Ep: 619 | Ep_r: 34.96 | t_so_far: {22192} | epsilon: 0.973 max: 43.151746443968996
Ep: 620 | Ep_r: 32.6 | t_so_far: {22219} | epsilon: 0.973 max: 43.151746443968996
Ep: 621 | Ep_r: 34.72 | t_so_far: {22269} | epsilon: 0.974 max: 43.151746443968996
Ep: 622 | Ep_r: 36.03 | t_so_far: {22319} | epsilon: 0.974 max: 43.151746443968996
Ep: 623 | Ep_r: 37.75 | t_so_far: {22369} | epsilon: 0.974 max: 43.151746443968996
Ep: 624 | Ep_r: 38.32 | t_so_far: {22419} | epsilon: 0.974 max: 43.151746443968996
Ep: 625 | Ep_r: 39.57 | t_so_far: {22469} | epsilon: 0.974 max: 43.151746443968996
Ep: 626 | Ep_r: 40.38 | t_so_far: {22519} | epsilon: 0.975 max: 43.151746443968996
Ep: 627 | Ep_r: 41.38 | t_so_far: {22569} | epsilon: 0.975 max: 43.151746443968996
Ep: 628 | Ep_r: 41.93 | t_so_far: {22619} | epsilon: 0.975 max: 43.151746443968996
Ep: 629 | Ep_r: 41.74 | t_so_far: {22669} | epsilon: 0.975 max: 43.151746443968996
Ep: 630 | Ep_r: 41.47 | t_so_far: {22719} | epsilon: 0.975 max: 43.151746443968996
Ep: 631 | Ep_r: 41.99 | t_so_far: {22769} | epsilon: 0.975 max: 43.151746443968996
Ep: 632 | Ep_r: 42.01 | t_so_far: {22819} | epsilon: 0.976 max: 43.151746443968996
Ep: 633 | Ep_r: 42.62 | t_so_far: {22869} | epsilon: 0.976 max: 43.151746443968996
Ep: 634 | Ep_r: 42.59 | t_so_far: {22919} | epsilon: 0.976 max: 43.151746443968996
Ep: 635 | Ep_r: 42.73 | t_so_far: {22969} | epsilon: 0.976 max: 43.151746443968996
Ep: 636 | Ep_r: 42.96 | t_so_far: {23019} | epsilon: 0.976 max: 43.151746443968996
Ep: 637 | Ep_r: 42.81 | t_so_far: {23069} | epsilon: 0.977 max: 43.151746443968996
Ep: 638 | Ep_r: 42.28 | t_so_far: {23114} | epsilon: 0.977 max: 43.151746443968996
Ep: 639 | Ep_r: 42.79 | t_so_far: {23164} | epsilon: 0.977 max: 43.151746443968996
Ep: 640 | Ep_r: 43.11 | t_so_far: {23214} | epsilon: 0.977 max: 43.151746443968996
Ep: 641 | Ep_r: 42.86 | t_so_far: {23264} | epsilon: 0.977 max: 43.151746443968996
Ep: 642 | Ep_r: 43.25 | t_so_far: {23314} | epsilon: 0.977 max: 43.24691735060028
Ep: 643 | Ep_r: 42.92 | t_so_far: {23364} | epsilon: 0.978 max: 43.24691735060028
Ep: 644 | Ep_r: 41.55 | t_so_far: {23407} | epsilon: 0.978 max: 43.24691735060028
Ep: 645 | Ep_r: 41.84 | t_so_far: {23457} | epsilon: 0.978 max: 43.24691735060028
Ep: 646 | Ep_r: 42.31 | t_so_far: {23507} | epsilon: 0.978 max: 43.24691735060028
Ep: 647 | Ep_r: 42.4 | t_so_far: {23557} | epsilon: 0.978 max: 43.24691735060028
Ep: 648 | Ep_r: 42.44 | t_so_far: {23607} | epsilon: 0.978 max: 43.24691735060028
Ep: 649 | Ep_r: 42.7 | t_so_far: {23657} | epsilon: 0.979 max: 43.24691735060028
Ep: 650 | Ep_r: 42.38 | t_so_far: {23707} | epsilon: 0.979 max: 43.24691735060028
Ep: 651 | Ep_r: 39.89 | t_so_far: {23740} | epsilon: 0.979 max: 43.24691735060028
Ep: 652 | Ep_r: 39.8 | t_so_far: {23790} | epsilon: 0.979 max: 43.24691735060028
Ep: 653 | Ep_r: 40.15 | t_so_far: {23840} | epsilon: 0.979 max: 43.24691735060028
Ep: 654 | Ep_r: 40.14 | t_so_far: {23890} | epsilon: 0.979 max: 43.24691735060028
Ep: 655 | Ep_r: 40.14 | t_so_far: {23937} | epsilon: 0.979 max: 43.24691735060028
Ep: 656 | Ep_r: 35.6 | t_so_far: {23959} | epsilon: 0.98 max: 43.24691735060028
Ep: 657 | Ep_r: 36.87 | t_so_far: {24009} | epsilon: 0.98 max: 43.24691735060028
Ep: 658 | Ep_r: 37.66 | t_so_far: {24059} | epsilon: 0.98 max: 43.24691735060028
Ep: 659 | Ep_r: 38.15 | t_so_far: {24109} | epsilon: 0.98 max: 43.24691735060028
Ep: 660 | Ep_r: 38.93 | t_so_far: {24159} | epsilon: 0.98 max: 43.24691735060028
Ep: 661 | Ep_r: 39.79 | t_so_far: {24209} | epsilon: 0.98 max: 43.24691735060028
Ep: 662 | Ep_r: 39.85 | t_so_far: {24259} | epsilon: 0.98 max: 43.24691735060028
Ep: 663 | Ep_r: 34.21 | t_so_far: {24272} | epsilon: 0.98 max: 43.24691735060028
Ep: 664 | Ep_r: 35.98 | t_so_far: {24322} | epsilon: 0.981 max: 43.24691735060028
Ep: 665 | Ep_r: 37.02 | t_so_far: {24372} | epsilon: 0.981 max: 43.24691735060028
Ep: 666 | Ep_r: 38.84 | t_so_far: {24422} | epsilon: 0.981 max: 43.24691735060028
Ep: 667 | Ep_r: 38.51 | t_so_far: {24472} | epsilon: 0.981 max: 43.24691735060028
Ep: 668 | Ep_r: 39.81 | t_so_far: {24522} | epsilon: 0.981 max: 43.24691735060028
Ep: 669 | Ep_r: 38.58 | t_so_far: {24561} | epsilon: 0.981 max: 43.24691735060028
Ep: 670 | Ep_r: 38.98 | t_so_far: {24609} | epsilon: 0.981 max: 43.24691735060028
Ep: 671 | Ep_r: 39.69 | t_so_far: {24659} | epsilon: 0.982 max: 43.24691735060028
Ep: 672 | Ep_r: 40.05 | t_so_far: {24709} | epsilon: 0.982 max: 43.24691735060028
Ep: 673 | Ep_r: 38.67 | t_so_far: {24746} | epsilon: 0.982 max: 43.24691735060028
Ep: 674 | Ep_r: 38.15 | t_so_far: {24786} | epsilon: 0.982 max: 43.24691735060028
Ep: 675 | Ep_r: 39.22 | t_so_far: {24836} | epsilon: 0.982 max: 43.24691735060028
Ep: 676 | Ep_r: 40.2 | t_so_far: {24886} | epsilon: 0.982 max: 43.24691735060028
Ep: 677 | Ep_r: 40.15 | t_so_far: {24934} | epsilon: 0.982 max: 43.24691735060028
Ep: 678 | Ep_r: 40.68 | t_so_far: {24984} | epsilon: 0.982 max: 43.24691735060028
Ep: 679 | Ep_r: 40.86 | t_so_far: {25034} | epsilon: 0.983 max: 43.24691735060028
Ep: 680 | Ep_r: 41.33 | t_so_far: {25084} | epsilon: 0.983 max: 43.24691735060028
Ep: 681 | Ep_r: 41.8 | t_so_far: {25134} | epsilon: 0.983 max: 43.24691735060028
Ep: 682 | Ep_r: 42.19 | t_so_far: {25184} | epsilon: 0.983 max: 43.24691735060028
Ep: 683 | Ep_r: 42.1 | t_so_far: {25234} | epsilon: 0.983 max: 43.24691735060028
Ep: 684 | Ep_r: 39.39 | t_so_far: {25267} | epsilon: 0.983 max: 43.24691735060028
Ep: 685 | Ep_r: 39.98 | t_so_far: {25317} | epsilon: 0.983 max: 43.24691735060028
Ep: 686 | Ep_r: 40.23 | t_so_far: {25367} | epsilon: 0.983 max: 43.24691735060028
Ep: 687 | Ep_r: 40.65 | t_so_far: {25417} | epsilon: 0.984 max: 43.24691735060028
Ep: 688 | Ep_r: 35.04 | t_so_far: {25432} | epsilon: 0.984 max: 43.24691735060028
Ep: 689 | Ep_r: 36.52 | t_so_far: {25482} | epsilon: 0.984 max: 43.24691735060028
Ep: 690 | Ep_r: 37.35 | t_so_far: {25532} | epsilon: 0.984 max: 43.24691735060028
Ep: 691 | Ep_r: 39.18 | t_so_far: {25582} | epsilon: 0.984 max: 43.24691735060028
Ep: 692 | Ep_r: 40.34 | t_so_far: {25632} | epsilon: 0.984 max: 43.24691735060028
Ep: 693 | Ep_r: 35.46 | t_so_far: {25651} | epsilon: 0.984 max: 43.24691735060028
Ep: 694 | Ep_r: 36.55 | t_so_far: {25699} | epsilon: 0.984 max: 43.24691735060028
Ep: 695 | Ep_r: 37.75 | t_so_far: {25749} | epsilon: 0.984 max: 43.24691735060028
Ep: 696 | Ep_r: 38.49 | t_so_far: {25799} | epsilon: 0.985 max: 43.24691735060028
Ep: 697 | Ep_r: 39.65 | t_so_far: {25849} | epsilon: 0.985 max: 43.24691735060028
Ep: 698 | Ep_r: 40.23 | t_so_far: {25899} | epsilon: 0.985 max: 43.24691735060028
Ep: 699 | Ep_r: 40.69 | t_so_far: {25949} | epsilon: 0.985 max: 43.24691735060028
Ep: 700 | Ep_r: 40.94 | t_so_far: {25999} | epsilon: 0.985 max: 43.24691735060028
Ep: 701 | Ep_r: 41.02 | t_so_far: {26049} | epsilon: 0.985 max: 43.24691735060028
Ep: 702 | Ep_r: 40.85 | t_so_far: {26099} | epsilon: 0.985 max: 43.24691735060028
Ep: 703 | Ep_r: 40.96 | t_so_far: {26149} | epsilon: 0.985 max: 43.24691735060028
Ep: 704 | Ep_r: 41.24 | t_so_far: {26199} | epsilon: 0.985 max: 43.24691735060028
Ep: 705 | Ep_r: 41.74 | t_so_far: {26249} | epsilon: 0.986 max: 43.24691735060028
Ep: 706 | Ep_r: 41.57 | t_so_far: {26299} | epsilon: 0.986 max: 43.24691735060028
Ep: 707 | Ep_r: 42.23 | t_so_far: {26349} | epsilon: 0.986 max: 43.24691735060028
Ep: 708 | Ep_r: 40.16 | t_so_far: {26388} | epsilon: 0.986 max: 43.24691735060028
Ep: 709 | Ep_r: 37.94 | t_so_far: {26422} | epsilon: 0.986 max: 43.24691735060028
Ep: 710 | Ep_r: 39.03 | t_so_far: {26472} | epsilon: 0.986 max: 43.24691735060028
Ep: 711 | Ep_r: 38.7 | t_so_far: {26522} | epsilon: 0.986 max: 43.24691735060028
Ep: 712 | Ep_r: 39.73 | t_so_far: {26572} | epsilon: 0.986 max: 43.24691735060028
Ep: 713 | Ep_r: 40.39 | t_so_far: {26622} | epsilon: 0.986 max: 43.24691735060028
Ep: 714 | Ep_r: 35.32 | t_so_far: {26642} | epsilon: 0.986 max: 43.24691735060028
Ep: 715 | Ep_r: 33.66 | t_so_far: {26677} | epsilon: 0.986 max: 43.24691735060028
Ep: 716 | Ep_r: 31.61 | t_so_far: {26707} | epsilon: 0.986 max: 43.24691735060028
Ep: 717 | Ep_r: 33.61 | t_so_far: {26757} | epsilon: 0.987 max: 43.24691735060028
Ep: 718 | Ep_r: 35.9 | t_so_far: {26807} | epsilon: 0.987 max: 43.24691735060028
Ep: 719 | Ep_r: 37.46 | t_so_far: {26857} | epsilon: 0.987 max: 43.24691735060028
Ep: 720 | Ep_r: 38.26 | t_so_far: {26907} | epsilon: 0.987 max: 43.24691735060028
Ep: 721 | Ep_r: 38.87 | t_so_far: {26957} | epsilon: 0.987 max: 43.24691735060028
Ep: 722 | Ep_r: 39.57 | t_so_far: {27007} | epsilon: 0.987 max: 43.24691735060028
Ep: 723 | Ep_r: 40.38 | t_so_far: {27057} | epsilon: 0.987 max: 43.24691735060028
Ep: 724 | Ep_r: 40.48 | t_so_far: {27107} | epsilon: 0.987 max: 43.24691735060028
Ep: 725 | Ep_r: 40.79 | t_so_far: {27157} | epsilon: 0.987 max: 43.24691735060028
Ep: 726 | Ep_r: 40.79 | t_so_far: {27207} | epsilon: 0.987 max: 43.24691735060028
Ep: 727 | Ep_r: 39.74 | t_so_far: {27250} | epsilon: 0.988 max: 43.24691735060028
Ep: 728 | Ep_r: 40.4 | t_so_far: {27300} | epsilon: 0.988 max: 43.24691735060028
Ep: 729 | Ep_r: 41.16 | t_so_far: {27350} | epsilon: 0.988 max: 43.24691735060028
Ep: 730 | Ep_r: 41.5 | t_so_far: {27400} | epsilon: 0.988 max: 43.24691735060028
Ep: 731 | Ep_r: 41.55 | t_so_far: {27450} | epsilon: 0.988 max: 43.24691735060028
Ep: 732 | Ep_r: 39.81 | t_so_far: {27489} | epsilon: 0.988 max: 43.24691735060028
Ep: 733 | Ep_r: 40.16 | t_so_far: {27539} | epsilon: 0.988 max: 43.24691735060028
Ep: 734 | Ep_r: 40.44 | t_so_far: {27589} | epsilon: 0.988 max: 43.24691735060028
Ep: 735 | Ep_r: 41.38 | t_so_far: {27638} | epsilon: 0.988 max: 43.24691735060028
Ep: 736 | Ep_r: 39.67 | t_so_far: {27678} | epsilon: 0.988 max: 43.24691735060028
Ep: 737 | Ep_r: 40.31 | t_so_far: {27728} | epsilon: 0.988 max: 43.24691735060028
Ep: 738 | Ep_r: 40.28 | t_so_far: {27778} | epsilon: 0.988 max: 43.24691735060028
Ep: 739 | Ep_r: 41.21 | t_so_far: {27828} | epsilon: 0.989 max: 43.24691735060028
Ep: 740 | Ep_r: 40.63 | t_so_far: {27878} | epsilon: 0.989 max: 43.24691735060028
Ep: 741 | Ep_r: 41.09 | t_so_far: {27928} | epsilon: 0.989 max: 43.24691735060028
Ep: 742 | Ep_r: 41.62 | t_so_far: {27978} | epsilon: 0.989 max: 43.24691735060028
Ep: 743 | Ep_r: 41.21 | t_so_far: {28024} | epsilon: 0.989 max: 43.24691735060028
Ep: 744 | Ep_r: 40.95 | t_so_far: {28074} | epsilon: 0.989 max: 43.24691735060028
Ep: 745 | Ep_r: 41.19 | t_so_far: {28124} | epsilon: 0.989 max: 43.24691735060028
Ep: 746 | Ep_r: 40.33 | t_so_far: {28174} | epsilon: 0.989 max: 43.24691735060028
Ep: 747 | Ep_r: 40.94 | t_so_far: {28224} | epsilon: 0.989 max: 43.24691735060028
Ep: 748 | Ep_r: 40.13 | t_so_far: {28265} | epsilon: 0.989 max: 43.24691735060028
Ep: 749 | Ep_r: 40.24 | t_so_far: {28315} | epsilon: 0.989 max: 43.24691735060028
Ep: 750 | Ep_r: 40.96 | t_so_far: {28365} | epsilon: 0.989 max: 43.24691735060028
Ep: 751 | Ep_r: 40.59 | t_so_far: {28415} | epsilon: 0.989 max: 43.24691735060028
Ep: 752 | Ep_r: 40.96 | t_so_far: {28465} | epsilon: 0.99 max: 43.24691735060028
Ep: 753 | Ep_r: 40.82 | t_so_far: {28515} | epsilon: 0.99 max: 43.24691735060028
Ep: 754 | Ep_r: 41.48 | t_so_far: {28565} | epsilon: 0.99 max: 43.24691735060028
Ep: 755 | Ep_r: 41.6 | t_so_far: {28615} | epsilon: 0.99 max: 43.24691735060028
Ep: 756 | Ep_r: 38.7 | t_so_far: {28649} | epsilon: 0.99 max: 43.24691735060028
Ep: 757 | Ep_r: 39.17 | t_so_far: {28699} | epsilon: 0.99 max: 43.24691735060028
Ep: 758 | Ep_r: 40.12 | t_so_far: {28749} | epsilon: 0.99 max: 43.24691735060028
Ep: 759 | Ep_r: 41.23 | t_so_far: {28799} | epsilon: 0.99 max: 43.24691735060028
Ep: 760 | Ep_r: 41.7 | t_so_far: {28849} | epsilon: 0.99 max: 43.24691735060028
Ep: 761 | Ep_r: 37.29 | t_so_far: {28871} | epsilon: 0.99 max: 43.24691735060028
Ep: 762 | Ep_r: 38.46 | t_so_far: {28921} | epsilon: 0.99 max: 43.24691735060028
Ep: 763 | Ep_r: 39.69 | t_so_far: {28971} | epsilon: 0.99 max: 43.24691735060028
Ep: 764 | Ep_r: 40.39 | t_so_far: {29021} | epsilon: 0.99 max: 43.24691735060028
Ep: 765 | Ep_r: 37.35 | t_so_far: {29050} | epsilon: 0.99 max: 43.24691735060028
Ep: 766 | Ep_r: 38.58 | t_so_far: {29100} | epsilon: 0.99 max: 43.24691735060028
Ep: 767 | Ep_r: 38.39 | t_so_far: {29150} | epsilon: 0.991 max: 43.24691735060028
Ep: 768 | Ep_r: 39.6 | t_so_far: {29200} | epsilon: 0.991 max: 43.24691735060028
Ep: 769 | Ep_r: 39.22 | t_so_far: {29250} | epsilon: 0.991 max: 43.24691735060028
Ep: 770 | Ep_r: 39.53 | t_so_far: {29300} | epsilon: 0.991 max: 43.24691735060028
Ep: 771 | Ep_r: 40.41 | t_so_far: {29350} | epsilon: 0.991 max: 43.24691735060028
Ep: 772 | Ep_r: 40.69 | t_so_far: {29400} | epsilon: 0.991 max: 43.24691735060028
Ep: 773 | Ep_r: 33.31 | t_so_far: {29405} | epsilon: 0.991 max: 43.24691735060028
Ep: 774 | Ep_r: 35.33 | t_so_far: {29455} | epsilon: 0.991 max: 43.24691735060028
Ep: 775 | Ep_r: 37.57 | t_so_far: {29505} | epsilon: 0.991 max: 43.24691735060028
Ep: 776 | Ep_r: 38.43 | t_so_far: {29555} | epsilon: 0.991 max: 43.24691735060028
Ep: 777 | Ep_r: 39.83 | t_so_far: {29605} | epsilon: 0.991 max: 43.24691735060028
Ep: 778 | Ep_r: 40.28 | t_so_far: {29655} | epsilon: 0.991 max: 43.24691735060028
Ep: 779 | Ep_r: 41.02 | t_so_far: {29705} | epsilon: 0.991 max: 43.24691735060028
Ep: 780 | Ep_r: 38.75 | t_so_far: {29739} | epsilon: 0.991 max: 43.24691735060028
Ep: 781 | Ep_r: 38.82 | t_so_far: {29789} | epsilon: 0.991 max: 43.24691735060028
Ep: 782 | Ep_r: 39.5 | t_so_far: {29839} | epsilon: 0.991 max: 43.24691735060028
Ep: 783 | Ep_r: 39.93 | t_so_far: {29889} | epsilon: 0.991 max: 43.24691735060028
Ep: 784 | Ep_r: 40.01 | t_so_far: {29939} | epsilon: 0.992 max: 43.24691735060028
Ep: 785 | Ep_r: 40.38 | t_so_far: {29989} | epsilon: 0.992 max: 43.24691735060028
Ep: 786 | Ep_r: 40.89 | t_so_far: {30039} | epsilon: 0.992 max: 43.24691735060028
Ep: 787 | Ep_r: 41.14 | t_so_far: {30089} | epsilon: 0.992 max: 43.24691735060028
Ep: 788 | Ep_r: 40.25 | t_so_far: {30139} | epsilon: 0.992 max: 43.24691735060028
Ep: 789 | Ep_r: 40.82 | t_so_far: {30189} | epsilon: 0.992 max: 43.24691735060028
Ep: 790 | Ep_r: 40.05 | t_so_far: {30239} | epsilon: 0.992 max: 43.24691735060028
Ep: 791 | Ep_r: 40.28 | t_so_far: {30289} | epsilon: 0.992 max: 43.24691735060028
Ep: 792 | Ep_r: 40.83 | t_so_far: {30339} | epsilon: 0.992 max: 43.24691735060028
Ep: 793 | Ep_r: 40.48 | t_so_far: {30389} | epsilon: 0.992 max: 43.24691735060028
Ep: 794 | Ep_r: 40.82 | t_so_far: {30439} | epsilon: 0.992 max: 43.24691735060028
Ep: 795 | Ep_r: 41.18 | t_so_far: {30489} | epsilon: 0.992 max: 43.24691735060028
Ep: 796 | Ep_r: 41.66 | t_so_far: {30539} | epsilon: 0.992 max: 43.24691735060028
Ep: 797 | Ep_r: 41.68 | t_so_far: {30589} | epsilon: 0.992 max: 43.24691735060028
Ep: 798 | Ep_r: 41.49 | t_so_far: {30639} | epsilon: 0.992 max: 43.24691735060028
Ep: 799 | Ep_r: 41.88 | t_so_far: {30689} | epsilon: 0.992 max: 43.24691735060028
Ep: 800 | Ep_r: 41.87 | t_so_far: {30739} | epsilon: 0.992 max: 43.24691735060028
Ep: 801 | Ep_r: 42.37 | t_so_far: {30789} | epsilon: 0.992 max: 43.24691735060028
Ep: 802 | Ep_r: 42.64 | t_so_far: {30839} | epsilon: 0.993 max: 43.24691735060028
Ep: 803 | Ep_r: 42.7 | t_so_far: {30889} | epsilon: 0.993 max: 43.24691735060028
Ep: 804 | Ep_r: 42.84 | t_so_far: {30939} | epsilon: 0.993 max: 43.24691735060028
Ep: 805 | Ep_r: 42.43 | t_so_far: {30989} | epsilon: 0.993 max: 43.24691735060028
Ep: 806 | Ep_r: 37.61 | t_so_far: {31010} | epsilon: 0.993 max: 43.24691735060028
Ep: 807 | Ep_r: 38.38 | t_so_far: {31060} | epsilon: 0.993 max: 43.24691735060028
Ep: 808 | Ep_r: 39.0 | t_so_far: {31110} | epsilon: 0.993 max: 43.24691735060028
Ep: 809 | Ep_r: 40.31 | t_so_far: {31160} | epsilon: 0.993 max: 43.24691735060028
Ep: 810 | Ep_r: 41.02 | t_so_far: {31210} | epsilon: 0.993 max: 43.24691735060028
Ep: 811 | Ep_r: 41.16 | t_so_far: {31260} | epsilon: 0.993 max: 43.24691735060028
Ep: 812 | Ep_r: 41.31 | t_so_far: {31310} | epsilon: 0.993 max: 43.24691735060028
Ep: 813 | Ep_r: 41.39 | t_so_far: {31360} | epsilon: 0.993 max: 43.24691735060028
Ep: 814 | Ep_r: 41.33 | t_so_far: {31410} | epsilon: 0.993 max: 43.24691735060028
Ep: 815 | Ep_r: 41.44 | t_so_far: {31460} | epsilon: 0.993 max: 43.24691735060028
Ep: 816 | Ep_r: 41.2 | t_so_far: {31510} | epsilon: 0.993 max: 43.24691735060028
Ep: 817 | Ep_r: 38.69 | t_so_far: {31542} | epsilon: 0.993 max: 43.24691735060028
Ep: 818 | Ep_r: 37.78 | t_so_far: {31583} | epsilon: 0.993 max: 43.24691735060028
Ep: 819 | Ep_r: 39.01 | t_so_far: {31633} | epsilon: 0.993 max: 43.24691735060028
Ep: 820 | Ep_r: 39.41 | t_so_far: {31683} | epsilon: 0.993 max: 43.24691735060028
Ep: 821 | Ep_r: 39.88 | t_so_far: {31733} | epsilon: 0.993 max: 43.24691735060028
Ep: 822 | Ep_r: 40.47 | t_so_far: {31783} | epsilon: 0.993 max: 43.24691735060028
Ep: 823 | Ep_r: 40.73 | t_so_far: {31833} | epsilon: 0.993 max: 43.24691735060028
Ep: 824 | Ep_r: 38.88 | t_so_far: {31868} | epsilon: 0.994 max: 43.24691735060028
Ep: 825 | Ep_r: 39.27 | t_so_far: {31918} | epsilon: 0.994 max: 43.24691735060028
Ep: 826 | Ep_r: 39.77 | t_so_far: {31968} | epsilon: 0.994 max: 43.24691735060028
Ep: 827 | Ep_r: 39.47 | t_so_far: {32018} | epsilon: 0.994 max: 43.24691735060028
Ep: 828 | Ep_r: 39.89 | t_so_far: {32068} | epsilon: 0.994 max: 43.24691735060028
Ep: 829 | Ep_r: 40.04 | t_so_far: {32118} | epsilon: 0.994 max: 43.24691735060028
Ep: 830 | Ep_r: 40.25 | t_so_far: {32168} | epsilon: 0.994 max: 43.24691735060028
Ep: 831 | Ep_r: 40.32 | t_so_far: {32218} | epsilon: 0.994 max: 43.24691735060028
Ep: 832 | Ep_r: 40.55 | t_so_far: {32268} | epsilon: 0.994 max: 43.24691735060028
Ep: 833 | Ep_r: 40.55 | t_so_far: {32318} | epsilon: 0.994 max: 43.24691735060028
Ep: 834 | Ep_r: 40.44 | t_so_far: {32368} | epsilon: 0.994 max: 43.24691735060028
Ep: 835 | Ep_r: 40.84 | t_so_far: {32418} | epsilon: 0.994 max: 43.24691735060028
Ep: 836 | Ep_r: 40.67 | t_so_far: {32468} | epsilon: 0.994 max: 43.24691735060028
Ep: 837 | Ep_r: 40.88 | t_so_far: {32518} | epsilon: 0.994 max: 43.24691735060028
Ep: 838 | Ep_r: 38.11 | t_so_far: {32551} | epsilon: 0.994 max: 43.24691735060028
Ep: 839 | Ep_r: 39.15 | t_so_far: {32601} | epsilon: 0.994 max: 43.24691735060028
Ep: 840 | Ep_r: 39.7 | t_so_far: {32651} | epsilon: 0.994 max: 43.24691735060028
Ep: 841 | Ep_r: 38.83 | t_so_far: {32693} | epsilon: 0.994 max: 43.24691735060028
Ep: 842 | Ep_r: 37.65 | t_so_far: {32732} | epsilon: 0.994 max: 43.24691735060028
Ep: 843 | Ep_r: 38.06 | t_so_far: {32782} | epsilon: 0.994 max: 43.24691735060028
Ep: 844 | Ep_r: 38.48 | t_so_far: {32832} | epsilon: 0.994 max: 43.24691735060028
Ep: 845 | Ep_r: 39.42 | t_so_far: {32882} | epsilon: 0.994 max: 43.24691735060028
Ep: 846 | Ep_r: 38.85 | t_so_far: {32925} | epsilon: 0.994 max: 43.24691735060028
Ep: 847 | Ep_r: 39.46 | t_so_far: {32975} | epsilon: 0.994 max: 43.24691735060028
Ep: 848 | Ep_r: 40.42 | t_so_far: {33025} | epsilon: 0.994 max: 43.24691735060028
Ep: 849 | Ep_r: 40.67 | t_so_far: {33075} | epsilon: 0.994 max: 43.24691735060028
Ep: 850 | Ep_r: 37.17 | t_so_far: {33104} | epsilon: 0.994 max: 43.24691735060028
Ep: 851 | Ep_r: 38.01 | t_so_far: {33154} | epsilon: 0.995 max: 43.24691735060028
Ep: 852 | Ep_r: 35.56 | t_so_far: {33185} | epsilon: 0.995 max: 43.24691735060028
Ep: 853 | Ep_r: 36.8 | t_so_far: {33235} | epsilon: 0.995 max: 43.24691735060028
Ep: 854 | Ep_r: 37.28 | t_so_far: {33285} | epsilon: 0.995 max: 43.24691735060028
Ep: 855 | Ep_r: 34.36 | t_so_far: {33312} | epsilon: 0.995 max: 43.24691735060028
Ep: 856 | Ep_r: 36.11 | t_so_far: {33362} | epsilon: 0.995 max: 43.24691735060028
Ep: 857 | Ep_r: 36.98 | t_so_far: {33412} | epsilon: 0.995 max: 43.24691735060028
Ep: 858 | Ep_r: 37.73 | t_so_far: {33462} | epsilon: 0.995 max: 43.24691735060028
Ep: 859 | Ep_r: 38.88 | t_so_far: {33512} | epsilon: 0.995 max: 43.24691735060028
Ep: 860 | Ep_r: 39.75 | t_so_far: {33562} | epsilon: 0.995 max: 43.24691735060028
Ep: 861 | Ep_r: 35.21 | t_so_far: {33582} | epsilon: 0.995 max: 43.24691735060028
Ep: 862 | Ep_r: 36.17 | t_so_far: {33632} | epsilon: 0.995 max: 43.24691735060028
Ep: 863 | Ep_r: 37.03 | t_so_far: {33682} | epsilon: 0.995 max: 43.24691735060028
Ep: 864 | Ep_r: 37.63 | t_so_far: {33732} | epsilon: 0.995 max: 43.24691735060028
Ep: 865 | Ep_r: 38.59 | t_so_far: {33782} | epsilon: 0.995 max: 43.24691735060028
Ep: 866 | Ep_r: 39.47 | t_so_far: {33832} | epsilon: 0.995 max: 43.24691735060028
Ep: 867 | Ep_r: 39.27 | t_so_far: {33882} | epsilon: 0.995 max: 43.24691735060028
Ep: 868 | Ep_r: 39.75 | t_so_far: {33932} | epsilon: 0.995 max: 43.24691735060028
Ep: 869 | Ep_r: 39.98 | t_so_far: {33982} | epsilon: 0.995 max: 43.24691735060028
Ep: 870 | Ep_r: 40.73 | t_so_far: {34032} | epsilon: 0.995 max: 43.24691735060028
Ep: 871 | Ep_r: 40.55 | t_so_far: {34082} | epsilon: 0.995 max: 43.24691735060028
Ep: 872 | Ep_r: 40.85 | t_so_far: {34132} | epsilon: 0.995 max: 43.24691735060028
Ep: 873 | Ep_r: 40.79 | t_so_far: {34182} | epsilon: 0.995 max: 43.24691735060028
Ep: 874 | Ep_r: 34.0 | t_so_far: {34191} | epsilon: 0.995 max: 43.24691735060028
Ep: 875 | Ep_r: 34.9 | t_so_far: {34241} | epsilon: 0.995 max: 43.24691735060028
Ep: 876 | Ep_r: 36.18 | t_so_far: {34291} | epsilon: 0.995 max: 43.24691735060028
Ep: 877 | Ep_r: 37.03 | t_so_far: {34341} | epsilon: 0.995 max: 43.24691735060028
Ep: 878 | Ep_r: 38.09 | t_so_far: {34391} | epsilon: 0.995 max: 43.24691735060028
Ep: 879 | Ep_r: 38.72 | t_so_far: {34441} | epsilon: 0.995 max: 43.24691735060028
Ep: 880 | Ep_r: 38.87 | t_so_far: {34491} | epsilon: 0.995 max: 43.24691735060028
Ep: 881 | Ep_r: 39.28 | t_so_far: {34541} | epsilon: 0.995 max: 43.24691735060028
Ep: 882 | Ep_r: 39.71 | t_so_far: {34591} | epsilon: 0.995 max: 43.24691735060028
Ep: 883 | Ep_r: 40.21 | t_so_far: {34641} | epsilon: 0.995 max: 43.24691735060028
Ep: 884 | Ep_r: 40.52 | t_so_far: {34691} | epsilon: 0.996 max: 43.24691735060028
Ep: 885 | Ep_r: 40.97 | t_so_far: {34741} | epsilon: 0.996 max: 43.24691735060028
Ep: 886 | Ep_r: 41.33 | t_so_far: {34791} | epsilon: 0.996 max: 43.24691735060028
Ep: 887 | Ep_r: 41.24 | t_so_far: {34841} | epsilon: 0.996 max: 43.24691735060028
Ep: 888 | Ep_r: 41.36 | t_so_far: {34891} | epsilon: 0.996 max: 43.24691735060028
Ep: 889 | Ep_r: 41.84 | t_so_far: {34941} | epsilon: 0.996 max: 43.24691735060028
Ep: 890 | Ep_r: 41.58 | t_so_far: {34991} | epsilon: 0.996 max: 43.24691735060028
Ep: 891 | Ep_r: 41.59 | t_so_far: {35041} | epsilon: 0.996 max: 43.24691735060028
Ep: 892 | Ep_r: 41.57 | t_so_far: {35091} | epsilon: 0.996 max: 43.24691735060028
Ep: 893 | Ep_r: 38.97 | t_so_far: {35125} | epsilon: 0.996 max: 43.24691735060028
Ep: 894 | Ep_r: 39.37 | t_so_far: {35175} | epsilon: 0.996 max: 43.24691735060028
Ep: 895 | Ep_r: 39.57 | t_so_far: {35225} | epsilon: 0.996 max: 43.24691735060028
Ep: 896 | Ep_r: 40.37 | t_so_far: {35275} | epsilon: 0.996 max: 43.24691735060028
Ep: 897 | Ep_r: 40.72 | t_so_far: {35325} | epsilon: 0.996 max: 43.24691735060028
Ep: 898 | Ep_r: 40.9 | t_so_far: {35375} | epsilon: 0.996 max: 43.24691735060028
Ep: 899 | Ep_r: 41.0 | t_so_far: {35425} | epsilon: 0.996 max: 43.24691735060028
Ep: 900 | Ep_r: 41.12 | t_so_far: {35475} | epsilon: 0.996 max: 43.24691735060028
Ep: 901 | Ep_r: 41.47 | t_so_far: {35525} | epsilon: 0.996 max: 43.24691735060028
Ep: 902 | Ep_r: 41.5 | t_so_far: {35575} | epsilon: 0.996 max: 43.24691735060028
Ep: 903 | Ep_r: 41.65 | t_so_far: {35625} | epsilon: 0.996 max: 43.24691735060028
Ep: 904 | Ep_r: 42.35 | t_so_far: {35675} | epsilon: 0.996 max: 43.24691735060028
Ep: 905 | Ep_r: 41.92 | t_so_far: {35725} | epsilon: 0.996 max: 43.24691735060028
Ep: 906 | Ep_r: 41.84 | t_so_far: {35775} | epsilon: 0.996 max: 43.24691735060028
Ep: 907 | Ep_r: 41.53 | t_so_far: {35825} | epsilon: 0.996 max: 43.24691735060028
Ep: 908 | Ep_r: 42.24 | t_so_far: {35875} | epsilon: 0.996 max: 43.24691735060028
Ep: 909 | Ep_r: 42.13 | t_so_far: {35925} | epsilon: 0.996 max: 43.24691735060028
Ep: 910 | Ep_r: 41.95 | t_so_far: {35975} | epsilon: 0.996 max: 43.24691735060028
Ep: 911 | Ep_r: 41.65 | t_so_far: {36025} | epsilon: 0.996 max: 43.24691735060028
Ep: 912 | Ep_r: 41.6 | t_so_far: {36075} | epsilon: 0.996 max: 43.24691735060028
Ep: 913 | Ep_r: 41.79 | t_so_far: {36125} | epsilon: 0.996 max: 43.24691735060028
Ep: 914 | Ep_r: 41.64 | t_so_far: {36175} | epsilon: 0.996 max: 43.24691735060028
Ep: 915 | Ep_r: 41.69 | t_so_far: {36225} | epsilon: 0.996 max: 43.24691735060028
Ep: 916 | Ep_r: 42.08 | t_so_far: {36275} | epsilon: 0.996 max: 43.24691735060028
Ep: 917 | Ep_r: 41.98 | t_so_far: {36325} | epsilon: 0.996 max: 43.24691735060028
Ep: 918 | Ep_r: 41.88 | t_so_far: {36375} | epsilon: 0.996 max: 43.24691735060028
Ep: 919 | Ep_r: 41.7 | t_so_far: {36425} | epsilon: 0.996 max: 43.24691735060028
Ep: 920 | Ep_r: 41.63 | t_so_far: {36475} | epsilon: 0.996 max: 43.24691735060028
Ep: 921 | Ep_r: 41.81 | t_so_far: {36525} | epsilon: 0.996 max: 43.24691735060028
Ep: 922 | Ep_r: 41.61 | t_so_far: {36575} | epsilon: 0.996 max: 43.24691735060028
Ep: 923 | Ep_r: 41.43 | t_so_far: {36625} | epsilon: 0.996 max: 43.24691735060028
Ep: 924 | Ep_r: 41.49 | t_so_far: {36675} | epsilon: 0.996 max: 43.24691735060028
Ep: 925 | Ep_r: 41.61 | t_so_far: {36725} | epsilon: 0.996 max: 43.24691735060028
Ep: 926 | Ep_r: 41.77 | t_so_far: {36775} | epsilon: 0.996 max: 43.24691735060028
Ep: 927 | Ep_r: 41.55 | t_so_far: {36825} | epsilon: 0.997 max: 43.24691735060028
Ep: 928 | Ep_r: 41.66 | t_so_far: {36875} | epsilon: 0.997 max: 43.24691735060028
Ep: 929 | Ep_r: 41.62 | t_so_far: {36925} | epsilon: 0.997 max: 43.24691735060028
Ep: 930 | Ep_r: 41.99 | t_so_far: {36975} | epsilon: 0.997 max: 43.24691735060028
Ep: 931 | Ep_r: 42.36 | t_so_far: {37025} | epsilon: 0.997 max: 43.24691735060028
Ep: 932 | Ep_r: 38.1 | t_so_far: {37051} | epsilon: 0.997 max: 43.24691735060028
Ep: 933 | Ep_r: 38.41 | t_so_far: {37101} | epsilon: 0.997 max: 43.24691735060028
Ep: 934 | Ep_r: 38.89 | t_so_far: {37151} | epsilon: 0.997 max: 43.24691735060028
Ep: 935 | Ep_r: 39.09 | t_so_far: {37201} | epsilon: 0.997 max: 43.24691735060028
Ep: 936 | Ep_r: 39.96 | t_so_far: {37251} | epsilon: 0.997 max: 43.24691735060028
Ep: 937 | Ep_r: 38.02 | t_so_far: {37287} | epsilon: 0.997 max: 43.24691735060028
Ep: 938 | Ep_r: 38.51 | t_so_far: {37337} | epsilon: 0.997 max: 43.24691735060028
Ep: 939 | Ep_r: 39.41 | t_so_far: {37387} | epsilon: 0.997 max: 43.24691735060028
Ep: 940 | Ep_r: 39.57 | t_so_far: {37437} | epsilon: 0.997 max: 43.24691735060028
Ep: 941 | Ep_r: 38.69 | t_so_far: {37478} | epsilon: 0.997 max: 43.24691735060028
Ep: 942 | Ep_r: 37.82 | t_so_far: {37517} | epsilon: 0.997 max: 43.24691735060028
Ep: 943 | Ep_r: 39.17 | t_so_far: {37567} | epsilon: 0.997 max: 43.24691735060028
Ep: 944 | Ep_r: 39.68 | t_so_far: {37617} | epsilon: 0.997 max: 43.24691735060028
Ep: 945 | Ep_r: 39.68 | t_so_far: {37665} | epsilon: 0.997 max: 43.24691735060028
Ep: 946 | Ep_r: 40.46 | t_so_far: {37715} | epsilon: 0.997 max: 43.24691735060028
Ep: 947 | Ep_r: 40.45 | t_so_far: {37765} | epsilon: 0.997 max: 43.24691735060028
Ep: 948 | Ep_r: 38.5 | t_so_far: {37804} | epsilon: 0.997 max: 43.24691735060028
Ep: 949 | Ep_r: 39.1 | t_so_far: {37854} | epsilon: 0.997 max: 43.24691735060028
Ep: 950 | Ep_r: 38.34 | t_so_far: {37894} | epsilon: 0.997 max: 43.24691735060028
Ep: 951 | Ep_r: 38.82 | t_so_far: {37944} | epsilon: 0.997 max: 43.24691735060028
Ep: 952 | Ep_r: 40.06 | t_so_far: {37994} | epsilon: 0.997 max: 43.24691735060028
Ep: 953 | Ep_r: 40.21 | t_so_far: {38044} | epsilon: 0.997 max: 43.24691735060028
Ep: 954 | Ep_r: 40.81 | t_so_far: {38094} | epsilon: 0.997 max: 43.24691735060028
Ep: 955 | Ep_r: 39.48 | t_so_far: {38134} | epsilon: 0.997 max: 43.24691735060028
Ep: 956 | Ep_r: 40.33 | t_so_far: {38184} | epsilon: 0.997 max: 43.24691735060028
Ep: 957 | Ep_r: 39.82 | t_so_far: {38234} | epsilon: 0.997 max: 43.24691735060028
Ep: 958 | Ep_r: 40.2 | t_so_far: {38284} | epsilon: 0.997 max: 43.24691735060028
Ep: 959 | Ep_r: 40.27 | t_so_far: {38334} | epsilon: 0.997 max: 43.24691735060028
Ep: 960 | Ep_r: 40.57 | t_so_far: {38384} | epsilon: 0.997 max: 43.24691735060028
Ep: 961 | Ep_r: 40.67 | t_so_far: {38434} | epsilon: 0.997 max: 43.24691735060028
Ep: 962 | Ep_r: 41.16 | t_so_far: {38484} | epsilon: 0.997 max: 43.24691735060028
Ep: 963 | Ep_r: 35.7 | t_so_far: {38500} | epsilon: 0.997 max: 43.24691735060028
Ep: 964 | Ep_r: 36.86 | t_so_far: {38550} | epsilon: 0.997 max: 43.24691735060028
Ep: 965 | Ep_r: 37.48 | t_so_far: {38600} | epsilon: 0.997 max: 43.24691735060028
Ep: 966 | Ep_r: 34.27 | t_so_far: {38627} | epsilon: 0.997 max: 43.24691735060028
Ep: 967 | Ep_r: 35.39 | t_so_far: {38676} | epsilon: 0.997 max: 43.24691735060028
Ep: 968 | Ep_r: 36.12 | t_so_far: {38724} | epsilon: 0.997 max: 43.24691735060028
Ep: 969 | Ep_r: 36.68 | t_so_far: {38772} | epsilon: 0.997 max: 43.24691735060028
Ep: 970 | Ep_r: 37.27 | t_so_far: {38822} | epsilon: 0.997 max: 43.24691735060028
Ep: 971 | Ep_r: 38.01 | t_so_far: {38872} | epsilon: 0.997 max: 43.24691735060028
Ep: 972 | Ep_r: 35.38 | t_so_far: {38905} | epsilon: 0.997 max: 43.24691735060028
Ep: 973 | Ep_r: 36.17 | t_so_far: {38955} | epsilon: 0.997 max: 43.24691735060028
Ep: 974 | Ep_r: 37.06 | t_so_far: {39005} | epsilon: 0.997 max: 43.24691735060028
Ep: 975 | Ep_r: 37.46 | t_so_far: {39055} | epsilon: 0.997 max: 43.24691735060028
Ep: 976 | Ep_r: 38.02 | t_so_far: {39105} | epsilon: 0.997 max: 43.24691735060028
Ep: 977 | Ep_r: 38.89 | t_so_far: {39155} | epsilon: 0.997 max: 43.24691735060028
Ep: 978 | Ep_r: 39.45 | t_so_far: {39205} | epsilon: 0.997 max: 43.24691735060028
Ep: 979 | Ep_r: 39.9 | t_so_far: {39255} | epsilon: 0.997 max: 43.24691735060028
Ep: 980 | Ep_r: 39.96 | t_so_far: {39305} | epsilon: 0.997 max: 43.24691735060028
Ep: 981 | Ep_r: 40.1 | t_so_far: {39355} | epsilon: 0.997 max: 43.24691735060028
Ep: 982 | Ep_r: 40.09 | t_so_far: {39405} | epsilon: 0.997 max: 43.24691735060028
Ep: 983 | Ep_r: 40.47 | t_so_far: {39455} | epsilon: 0.997 max: 43.24691735060028
Ep: 984 | Ep_r: 40.46 | t_so_far: {39505} | epsilon: 0.997 max: 43.24691735060028
Ep: 985 | Ep_r: 39.76 | t_so_far: {39555} | epsilon: 0.997 max: 43.24691735060028
Ep: 986 | Ep_r: 40.27 | t_so_far: {39605} | epsilon: 0.997 max: 43.24691735060028
Ep: 987 | Ep_r: 40.53 | t_so_far: {39655} | epsilon: 0.997 max: 43.24691735060028
Ep: 988 | Ep_r: 40.95 | t_so_far: {39705} | epsilon: 0.997 max: 43.24691735060028
Ep: 989 | Ep_r: 40.94 | t_so_far: {39755} | epsilon: 0.997 max: 43.24691735060028
Ep: 990 | Ep_r: 41.14 | t_so_far: {39805} | epsilon: 0.997 max: 43.24691735060028
Ep: 991 | Ep_r: 41.33 | t_so_far: {39855} | epsilon: 0.997 max: 43.24691735060028
Ep: 992 | Ep_r: 40.97 | t_so_far: {39905} | epsilon: 0.997 max: 43.24691735060028
Ep: 993 | Ep_r: 40.91 | t_so_far: {39955} | epsilon: 0.997 max: 43.24691735060028
Ep: 994 | Ep_r: 40.87 | t_so_far: {40005} | epsilon: 0.998 max: 43.24691735060028
Ep: 995 | Ep_r: 41.1 | t_so_far: {40055} | epsilon: 0.998 max: 43.24691735060028
Ep: 996 | Ep_r: 41.03 | t_so_far: {40105} | epsilon: 0.998 max: 43.24691735060028
Ep: 997 | Ep_r: 41.1 | t_so_far: {40155} | epsilon: 0.998 max: 43.24691735060028
Ep: 998 | Ep_r: 41.05 | t_so_far: {40205} | epsilon: 0.998 max: 43.24691735060028
Ep: 999 | Ep_r: 41.24 | t_so_far: {40255} | epsilon: 0.998 max: 43.24691735060028
Ep: 1000 | Ep_r: 40.91 | t_so_far: {40305} | epsilon: 0.998 max: 43.24691735060028
pygame 2.1.0 (SDL 2.0.16, Python 3.8.0)
Hello from the pygame community. https://www.pygame.org/contribute.html
Successfully set seed to 2
MultiAttentionNetwork(
  (features): Sequential(
    (0): Conv2d(4, 32, kernel_size=(8, 8), stride=(4, 4))
    (1): ReLU()
    (2): Conv2d(32, 64, kernel_size=(4, 4), stride=(2, 2))
    (3): ReLU()
    (4): Conv2d(64, 64, kernel_size=(3, 3), stride=(1, 1))
    (5): ReLU()
  )
  (attention): NONLocalBlock2D(
    (g): Conv2d(64, 32, kernel_size=(1, 1), stride=(1, 1))
    (W): Conv2d(32, 64, kernel_size=(1, 1), stride=(1, 1))
    (theta): Conv2d(64, 32, kernel_size=(1, 1), stride=(1, 1))
    (phi): Conv2d(64, 32, kernel_size=(1, 1), stride=(1, 1))
  )
  (advantage): Sequential(
    (0): Linear(in_features=68224, out_features=512, bias=True)
    (1): ReLU()
    (2): Linear(in_features=512, out_features=5, bias=True)
  )
  (value): Sequential(
    (0): Linear(in_features=68224, out_features=512, bias=True)
    (1): ReLU()
    (2): Linear(in_features=512, out_features=1, bias=True)
  )
  (output): None
  (ego_embedding): Sequential(
    (0): Linear(in_features=7, out_features=64, bias=True)
    (1): ReLU()
    (2): Linear(in_features=64, out_features=64, bias=True)
    (3): ReLU()
  )
  (others_embedding): Sequential(
    (0): Linear(in_features=7, out_features=64, bias=True)
    (1): ReLU()
    (2): Linear(in_features=64, out_features=64, bias=True)
    (3): ReLU()
  )
  (attention_layer): EgoAttetion(
    (value_all): Linear(in_features=64, out_features=64, bias=False)
    (key_all): Linear(in_features=64, out_features=64, bias=False)
    (query_ego): Linear(in_features=64, out_features=64, bias=False)
    (attention_combine): Linear(in_features=64, out_features=64, bias=False)
  )
  (decoder): Sequential(
    (0): Linear(in_features=64, out_features=64, bias=True)
    (1): ReLU()
    (2): Linear(in_features=64, out_features=64, bias=True)
    (3): ReLU()
  )
)
====================================
Model has been loaded...
====================================
./agent.py:220: UserWarning: Creating a tensor from a list of numpy.ndarrays is extremely slow. Please consider converting the list to a single numpy.ndarray with numpy.array() before converting to a tensor. (Triggered internally at  /opt/conda/conda-bld/pytorch_1646755903507/work/torch/csrc/utils/tensor_new.cpp:210.)
  return (torch.tensor([state['kinematics']], dtype=torch.float), state_image)
step: 49, ep_reward: 43.43333333333335
step: 49, ep_reward: 40.70000000000003
step: 49, ep_reward: 41.633333333333354
step: 49, ep_reward: 41.000000000000014
step: 49, ep_reward: 42.53333333333335
step: 49, ep_reward: 41.100000000000016
step: 49, ep_reward: 41.43333333333335
step: 49, ep_reward: 37.53333333333337
step: 49, ep_reward: 41.10000000000002
step: 49, ep_reward: 42.40000000000002
pygame 2.1.0 (SDL 2.0.16, Python 3.8.0)
Hello from the pygame community. https://www.pygame.org/contribute.html
Successfully set seed to 2
MultiAttentionNetwork(
  (features): Sequential(
    (0): Conv2d(4, 32, kernel_size=(8, 8), stride=(4, 4))
    (1): ReLU()
    (2): Conv2d(32, 64, kernel_size=(4, 4), stride=(2, 2))
    (3): ReLU()
    (4): Conv2d(64, 64, kernel_size=(3, 3), stride=(1, 1))
    (5): ReLU()
  )
  (attention): NONLocalBlock2D(
    (g): Conv2d(64, 32, kernel_size=(1, 1), stride=(1, 1))
    (W): Conv2d(32, 64, kernel_size=(1, 1), stride=(1, 1))
    (theta): Conv2d(64, 32, kernel_size=(1, 1), stride=(1, 1))
    (phi): Conv2d(64, 32, kernel_size=(1, 1), stride=(1, 1))
  )
  (advantage): Sequential(
    (0): Linear(in_features=68224, out_features=512, bias=True)
    (1): ReLU()
    (2): Linear(in_features=512, out_features=5, bias=True)
  )
  (value): Sequential(
    (0): Linear(in_features=68224, out_features=512, bias=True)
    (1): ReLU()
    (2): Linear(in_features=512, out_features=1, bias=True)
  )
  (output): None
  (ego_embedding): Sequential(
    (0): Linear(in_features=7, out_features=64, bias=True)
    (1): ReLU()
    (2): Linear(in_features=64, out_features=64, bias=True)
    (3): ReLU()
  )
  (others_embedding): Sequential(
    (0): Linear(in_features=7, out_features=64, bias=True)
    (1): ReLU()
    (2): Linear(in_features=64, out_features=64, bias=True)
    (3): ReLU()
  )
  (attention_layer): EgoAttetion(
    (value_all): Linear(in_features=64, out_features=64, bias=False)
    (key_all): Linear(in_features=64, out_features=64, bias=False)
    (query_ego): Linear(in_features=64, out_features=64, bias=False)
    (attention_combine): Linear(in_features=64, out_features=64, bias=False)
  )
  (decoder): Sequential(
    (0): Linear(in_features=64, out_features=64, bias=True)
    (1): ReLU()
    (2): Linear(in_features=64, out_features=64, bias=True)
    (3): ReLU()
  )
)
====================================
Model has been loaded...
====================================
./agent.py:220: UserWarning: Creating a tensor from a list of numpy.ndarrays is extremely slow. Please consider converting the list to a single numpy.ndarray with numpy.array() before converting to a tensor. (Triggered internally at  /opt/conda/conda-bld/pytorch_1646755903507/work/torch/csrc/utils/tensor_new.cpp:210.)
  return (torch.tensor([state['kinematics']], dtype=torch.float), state_image)
step: 49, ep_reward: 44.53333333333334
step: 49, ep_reward: 39.53333333333336
step: 49, ep_reward: 45.40000000000001
step: 49, ep_reward: 40.800000000000026
step: 49, ep_reward: 41.06666666666669
step: 16, ep_reward: 13.766666666666667
step: 49, ep_reward: 40.700000000000024
step: 9, ep_reward: 7.833333333333335
step: 49, ep_reward: 44.30000000000001
step: 49, ep_reward: 41.16666666666668
pygame 2.1.0 (SDL 2.0.16, Python 3.8.0)
Hello from the pygame community. https://www.pygame.org/contribute.html
Successfully set seed to 2
MultiAttentionNetwork(
  (features): Sequential(
    (0): Conv2d(4, 32, kernel_size=(8, 8), stride=(4, 4))
    (1): ReLU()
    (2): Conv2d(32, 64, kernel_size=(4, 4), stride=(2, 2))
    (3): ReLU()
    (4): Conv2d(64, 64, kernel_size=(3, 3), stride=(1, 1))
    (5): ReLU()
  )
  (attention): NONLocalBlock2D(
    (g): Conv2d(64, 32, kernel_size=(1, 1), stride=(1, 1))
    (W): Conv2d(32, 64, kernel_size=(1, 1), stride=(1, 1))
    (theta): Conv2d(64, 32, kernel_size=(1, 1), stride=(1, 1))
    (phi): Conv2d(64, 32, kernel_size=(1, 1), stride=(1, 1))
  )
  (advantage): Sequential(
    (0): Linear(in_features=68224, out_features=512, bias=True)
    (1): ReLU()
    (2): Linear(in_features=512, out_features=5, bias=True)
  )
  (value): Sequential(
    (0): Linear(in_features=68224, out_features=512, bias=True)
    (1): ReLU()
    (2): Linear(in_features=512, out_features=1, bias=True)
  )
  (output): None
  (ego_embedding): Sequential(
    (0): Linear(in_features=7, out_features=64, bias=True)
    (1): ReLU()
    (2): Linear(in_features=64, out_features=64, bias=True)
    (3): ReLU()
  )
  (others_embedding): Sequential(
    (0): Linear(in_features=7, out_features=64, bias=True)
    (1): ReLU()
    (2): Linear(in_features=64, out_features=64, bias=True)
    (3): ReLU()
  )
  (attention_layer): EgoAttetion(
    (value_all): Linear(in_features=64, out_features=64, bias=False)
    (key_all): Linear(in_features=64, out_features=64, bias=False)
    (query_ego): Linear(in_features=64, out_features=64, bias=False)
    (attention_combine): Linear(in_features=64, out_features=64, bias=False)
  )
  (decoder): Sequential(
    (0): Linear(in_features=64, out_features=64, bias=True)
    (1): ReLU()
    (2): Linear(in_features=64, out_features=64, bias=True)
    (3): ReLU()
  )
)
====================================
Model has been loaded...
====================================
./agent.py:220: UserWarning: Creating a tensor from a list of numpy.ndarrays is extremely slow. Please consider converting the list to a single numpy.ndarray with numpy.array() before converting to a tensor. (Triggered internally at  /opt/conda/conda-bld/pytorch_1646755903507/work/torch/csrc/utils/tensor_new.cpp:210.)
  return (torch.tensor([state['kinematics']], dtype=torch.float), state_image)
step: 49, ep_reward: 43.26666666666668
step: 49, ep_reward: 43.066666666666684
step: 49, ep_reward: 40.866666666666696
step: 49, ep_reward: 40.46666666666668
step: 49, ep_reward: 44.23333333333335
step: 49, ep_reward: 44.000000000000014
step: 20, ep_reward: 18.000000000000004
step: 30, ep_reward: 26.60000000000001
step: 49, ep_reward: 43.033333333333346
step: 7, ep_reward: 6.166666666666666
